<?xml version="1.0" encoding="UTF-8"?>
<testsuite xmlns:xsi="http://www.w3.org/2001/XMLSchema-instance" xsi:noNamespaceSchemaLocation="https://maven.apache.org/surefire/maven-surefire-plugin/xsd/surefire-test-report-3.0.xsd" version="3.0" name="flink.test.testQuery7" time="13.642" tests="7" errors="0" skipped="0" failures="0">
  <properties>
    <property name="gopherProxySet" value="false"/>
    <property name="awt.toolkit" value="sun.lwawt.macosx.LWCToolkit"/>
    <property name="java.specification.version" value="11"/>
    <property name="sun.cpu.isalist" value=""/>
    <property name="sun.jnu.encoding" value="UTF-8"/>
    <property name="java.class.path" value="/Users/arkashjain/Desktop/Spring2024/CS551/project/cloud-provider-benchmarks/nexmark-kafka/target/test-classes:/Users/arkashjain/Desktop/Spring2024/CS551/project/cloud-provider-benchmarks/nexmark-kafka/target/classes:/Users/arkashjain/.m2/repository/org/apache/flink/flink-streaming-java/1.18.1/flink-streaming-java-1.18.1.jar:/Users/arkashjain/.m2/repository/org/apache/flink/flink-file-sink-common/1.18.1/flink-file-sink-common-1.18.1.jar:/Users/arkashjain/.m2/repository/org/apache/flink/flink-runtime/1.18.1/flink-runtime-1.18.1.jar:/Users/arkashjain/.m2/repository/org/apache/flink/flink-rpc-core/1.18.1/flink-rpc-core-1.18.1.jar:/Users/arkashjain/.m2/repository/org/apache/flink/flink-rpc-akka-loader/1.18.1/flink-rpc-akka-loader-1.18.1.jar:/Users/arkashjain/.m2/repository/org/apache/flink/flink-queryable-state-client-java/1.18.1/flink-queryable-state-client-java-1.18.1.jar:/Users/arkashjain/.m2/repository/org/apache/flink/flink-hadoop-fs/1.18.1/flink-hadoop-fs-1.18.1.jar:/Users/arkashjain/.m2/repository/org/apache/flink/flink-shaded-zookeeper-3/3.7.1-17.0/flink-shaded-zookeeper-3-3.7.1-17.0.jar:/Users/arkashjain/.m2/repository/org/javassist/javassist/3.24.0-GA/javassist-3.24.0-GA.jar:/Users/arkashjain/.m2/repository/org/lz4/lz4-java/1.8.0/lz4-java-1.8.0.jar:/Users/arkashjain/.m2/repository/org/apache/flink/flink-java/1.18.1/flink-java-1.18.1.jar:/Users/arkashjain/.m2/repository/com/twitter/chill-java/0.7.6/chill-java-0.7.6.jar:/Users/arkashjain/.m2/repository/org/apache/flink/flink-shaded-guava/31.1-jre-17.0/flink-shaded-guava-31.1-jre-17.0.jar:/Users/arkashjain/.m2/repository/org/apache/commons/commons-math3/3.6.1/commons-math3-3.6.1.jar:/Users/arkashjain/.m2/repository/org/slf4j/slf4j-api/1.7.36/slf4j-api-1.7.36.jar:/Users/arkashjain/.m2/repository/com/google/code/findbugs/jsr305/1.3.9/jsr305-1.3.9.jar:/Users/arkashjain/.m2/repository/org/apache/beam/beam-sdks-java-nexmark/2.3.0/beam-sdks-java-nexmark-2.3.0.jar:/Users/arkashjain/.m2/repository/org/apache/beam/beam-sdks-java-core/2.3.0/beam-sdks-java-core-2.3.0.jar:/Users/arkashjain/.m2/repository/com/github/stephenc/findbugs/findbugs-annotations/1.3.9-1/findbugs-annotations-1.3.9-1.jar:/Users/arkashjain/.m2/repository/org/apache/beam/beam-sdks-java-io-google-cloud-platform/2.3.0/beam-sdks-java-io-google-cloud-platform-2.3.0.jar:/Users/arkashjain/.m2/repository/org/apache/beam/beam-sdks-java-extensions-protobuf/2.3.0/beam-sdks-java-extensions-protobuf-2.3.0.jar:/Users/arkashjain/.m2/repository/io/grpc/grpc-core/1.2.0/grpc-core-1.2.0.jar:/Users/arkashjain/.m2/repository/com/google/errorprone/error_prone_annotations/2.0.11/error_prone_annotations-2.0.11.jar:/Users/arkashjain/.m2/repository/io/grpc/grpc-context/1.2.0/grpc-context-1.2.0.jar:/Users/arkashjain/.m2/repository/com/google/instrumentation/instrumentation-api/0.3.0/instrumentation-api-0.3.0.jar:/Users/arkashjain/.m2/repository/com/google/api/gax-grpc/0.20.0/gax-grpc-0.20.0.jar:/Users/arkashjain/.m2/repository/io/grpc/grpc-protobuf/1.2.0/grpc-protobuf-1.2.0.jar:/Users/arkashjain/.m2/repository/com/google/api/api-common/1.1.0/api-common-1.1.0.jar:/Users/arkashjain/.m2/repository/com/google/auto/value/auto-value/1.2/auto-value-1.2.jar:/Users/arkashjain/.m2/repository/com/google/api/gax/1.3.1/gax-1.3.1.jar:/Users/arkashjain/.m2/repository/org/threeten/threetenbp/1.3.3/threetenbp-1.3.3.jar:/Users/arkashjain/.m2/repository/com/google/cloud/google-cloud-core-grpc/1.2.0/google-cloud-core-grpc-1.2.0.jar:/Users/arkashjain/.m2/repository/com/google/protobuf/protobuf-java-util/3.2.0/protobuf-java-util-3.2.0.jar:/Users/arkashjain/.m2/repository/com/google/apis/google-api-services-pubsub/v1-rev10-1.22.0/google-api-services-pubsub-v1-rev10-1.22.0.jar:/Users/arkashjain/.m2/repository/com/google/api/grpc/grpc-google-cloud-pubsub-v1/0.1.18/grpc-google-cloud-pubsub-v1-0.1.18.jar:/Users/arkashjain/.m2/repository/com/google/api/grpc/proto-google-cloud-pubsub-v1/0.1.18/proto-google-cloud-pubsub-v1-0.1.18.jar:/Users/arkashjain/.m2/repository/com/google/api/grpc/proto-google-iam-v1/0.1.18/proto-google-iam-v1-0.1.18.jar:/Users/arkashjain/.m2/repository/com/google/cloud/bigdataoss/util/1.4.5/util-1.4.5.jar:/Users/arkashjain/.m2/repository/com/google/api-client/google-api-client-java6/1.20.0/google-api-client-java6-1.20.0.jar:/Users/arkashjain/.m2/repository/com/google/api-client/google-api-client-jackson2/1.20.0/google-api-client-jackson2-1.20.0.jar:/Users/arkashjain/.m2/repository/com/google/oauth-client/google-oauth-client/1.20.0/google-oauth-client-1.20.0.jar:/Users/arkashjain/.m2/repository/com/google/oauth-client/google-oauth-client-java6/1.20.0/google-oauth-client-java6-1.20.0.jar:/Users/arkashjain/.m2/repository/com/google/cloud/datastore/datastore-v1-proto-client/1.4.0/datastore-v1-proto-client-1.4.0.jar:/Users/arkashjain/.m2/repository/com/google/http-client/google-http-client-protobuf/1.20.0/google-http-client-protobuf-1.20.0.jar:/Users/arkashjain/.m2/repository/com/google/http-client/google-http-client-jackson/1.20.0/google-http-client-jackson-1.20.0.jar:/Users/arkashjain/.m2/repository/com/google/cloud/datastore/datastore-v1-protos/1.3.0/datastore-v1-protos-1.3.0.jar:/Users/arkashjain/.m2/repository/com/google/api/grpc/grpc-google-common-protos/0.1.0/grpc-google-common-protos-0.1.0.jar:/Users/arkashjain/.m2/repository/io/grpc/grpc-auth/1.2.0/grpc-auth-1.2.0.jar:/Users/arkashjain/.m2/repository/io/grpc/grpc-netty/1.2.0/grpc-netty-1.2.0.jar:/Users/arkashjain/.m2/repository/io/netty/netty-codec-http2/4.1.8.Final/netty-codec-http2-4.1.8.Final.jar:/Users/arkashjain/.m2/repository/io/netty/netty-codec-http/4.1.8.Final/netty-codec-http-4.1.8.Final.jar:/Users/arkashjain/.m2/repository/io/netty/netty-handler-proxy/4.1.8.Final/netty-handler-proxy-4.1.8.Final.jar:/Users/arkashjain/.m2/repository/io/netty/netty-codec-socks/4.1.8.Final/netty-codec-socks-4.1.8.Final.jar:/Users/arkashjain/.m2/repository/io/netty/netty-handler/4.1.8.Final/netty-handler-4.1.8.Final.jar:/Users/arkashjain/.m2/repository/io/netty/netty-buffer/4.1.8.Final/netty-buffer-4.1.8.Final.jar:/Users/arkashjain/.m2/repository/io/netty/netty-transport/4.1.8.Final/netty-transport-4.1.8.Final.jar:/Users/arkashjain/.m2/repository/io/netty/netty-resolver/4.1.8.Final/netty-resolver-4.1.8.Final.jar:/Users/arkashjain/.m2/repository/io/netty/netty-codec/4.1.8.Final/netty-codec-4.1.8.Final.jar:/Users/arkashjain/.m2/repository/io/grpc/grpc-stub/1.2.0/grpc-stub-1.2.0.jar:/Users/arkashjain/.m2/repository/io/grpc/grpc-all/1.2.0/grpc-all-1.2.0.jar:/Users/arkashjain/.m2/repository/io/grpc/grpc-okhttp/1.2.0/grpc-okhttp-1.2.0.jar:/Users/arkashjain/.m2/repository/com/squareup/okhttp/okhttp/2.5.0/okhttp-2.5.0.jar:/Users/arkashjain/.m2/repository/io/grpc/grpc-protobuf-lite/1.2.0/grpc-protobuf-lite-1.2.0.jar:/Users/arkashjain/.m2/repository/io/grpc/grpc-protobuf-nano/1.2.0/grpc-protobuf-nano-1.2.0.jar:/Users/arkashjain/.m2/repository/com/google/protobuf/nano/protobuf-javanano/3.0.0-alpha-5/protobuf-javanano-3.0.0-alpha-5.jar:/Users/arkashjain/.m2/repository/com/google/cloud/google-cloud-core/1.0.2/google-cloud-core-1.0.2.jar:/Users/arkashjain/.m2/repository/org/json/json/20160810/json-20160810.jar:/Users/arkashjain/.m2/repository/com/google/cloud/google-cloud-spanner/0.20.0-beta/google-cloud-spanner-0.20.0-beta.jar:/Users/arkashjain/.m2/repository/com/google/api/grpc/proto-google-cloud-spanner-v1/0.1.11/proto-google-cloud-spanner-v1-0.1.11.jar:/Users/arkashjain/.m2/repository/com/google/api/grpc/proto-google-cloud-spanner-admin-instance-v1/0.1.11/proto-google-cloud-spanner-admin-instance-v1-0.1.11.jar:/Users/arkashjain/.m2/repository/com/google/api/grpc/grpc-google-cloud-spanner-v1/0.1.11/grpc-google-cloud-spanner-v1-0.1.11.jar:/Users/arkashjain/.m2/repository/com/google/api/grpc/grpc-google-cloud-spanner-admin-database-v1/0.1.11/grpc-google-cloud-spanner-admin-database-v1-0.1.11.jar:/Users/arkashjain/.m2/repository/com/google/api/grpc/grpc-google-cloud-spanner-admin-instance-v1/0.1.11/grpc-google-cloud-spanner-admin-instance-v1-0.1.11.jar:/Users/arkashjain/.m2/repository/com/google/api/grpc/grpc-google-longrunning-v1/0.1.11/grpc-google-longrunning-v1-0.1.11.jar:/Users/arkashjain/.m2/repository/com/google/api/grpc/proto-google-longrunning-v1/0.1.11/proto-google-longrunning-v1-0.1.11.jar:/Users/arkashjain/.m2/repository/com/google/cloud/bigtable/bigtable-protos/1.0.0-pre3/bigtable-protos-1.0.0-pre3.jar:/Users/arkashjain/.m2/repository/com/google/cloud/bigtable/bigtable-client-core/1.0.0/bigtable-client-core-1.0.0.jar:/Users/arkashjain/.m2/repository/com/google/auth/google-auth-library-appengine/0.7.0/google-auth-library-appengine-0.7.0.jar:/Users/arkashjain/.m2/repository/io/opencensus/opencensus-contrib-grpc-util/0.7.0/opencensus-contrib-grpc-util-0.7.0.jar:/Users/arkashjain/.m2/repository/io/opencensus/opencensus-api/0.7.0/opencensus-api-0.7.0.jar:/Users/arkashjain/.m2/repository/com/google/api-client/google-api-client/1.22.0/google-api-client-1.22.0.jar:/Users/arkashjain/.m2/repository/com/google/http-client/google-http-client/1.22.0/google-http-client-1.22.0.jar:/Users/arkashjain/.m2/repository/com/google/http-client/google-http-client-jackson2/1.22.0/google-http-client-jackson2-1.22.0.jar:/Users/arkashjain/.m2/repository/com/google/auth/google-auth-library-credentials/0.7.1/google-auth-library-credentials-0.7.1.jar:/Users/arkashjain/.m2/repository/com/google/auth/google-auth-library-oauth2-http/0.7.1/google-auth-library-oauth2-http-0.7.1.jar:/Users/arkashjain/.m2/repository/io/netty/netty-tcnative-boringssl-static/1.1.33.Fork26/netty-tcnative-boringssl-static-1.1.33.Fork26.jar:/Users/arkashjain/.m2/repository/com/google/api/grpc/proto-google-cloud-spanner-admin-database-v1/0.1.9/proto-google-cloud-spanner-admin-database-v1-0.1.9.jar:/Users/arkashjain/.m2/repository/com/google/api/grpc/proto-google-common-protos/0.1.9/proto-google-common-protos-0.1.9.jar:/Users/arkashjain/.m2/repository/org/apache/beam/beam-sdks-java-extensions-google-cloud-platform-core/2.3.0/beam-sdks-java-extensions-google-cloud-platform-core-2.3.0.jar:/Users/arkashjain/.m2/repository/com/google/cloud/bigdataoss/gcsio/1.4.5/gcsio-1.4.5.jar:/Users/arkashjain/.m2/repository/com/google/apis/google-api-services-cloudresourcemanager/v1-rev6-1.22.0/google-api-services-cloudresourcemanager-v1-rev6-1.22.0.jar:/Users/arkashjain/.m2/repository/com/google/apis/google-api-services-storage/v1-rev71-1.22.0/google-api-services-storage-v1-rev71-1.22.0.jar:/Users/arkashjain/.m2/repository/com/google/apis/google-api-services-bigquery/v2-rev355-1.22.0/google-api-services-bigquery-v2-rev355-1.22.0.jar:/Users/arkashjain/.m2/repository/com/fasterxml/jackson/core/jackson-core/2.8.9/jackson-core-2.8.9.jar:/Users/arkashjain/.m2/repository/com/fasterxml/jackson/core/jackson-annotations/2.8.9/jackson-annotations-2.8.9.jar:/Users/arkashjain/.m2/repository/com/fasterxml/jackson/core/jackson-databind/2.8.9/jackson-databind-2.8.9.jar:/Users/arkashjain/.m2/repository/org/apache/avro/avro/1.8.2/avro-1.8.2.jar:/Users/arkashjain/.m2/repository/org/codehaus/jackson/jackson-core-asl/1.9.13/jackson-core-asl-1.9.13.jar:/Users/arkashjain/.m2/repository/org/codehaus/jackson/jackson-mapper-asl/1.9.13/jackson-mapper-asl-1.9.13.jar:/Users/arkashjain/.m2/repository/com/thoughtworks/paranamer/paranamer/2.7/paranamer-2.7.jar:/Users/arkashjain/.m2/repository/org/tukaani/xz/1.5/xz-1.5.jar:/Users/arkashjain/.m2/repository/joda-time/joda-time/2.4/joda-time-2.4.jar:/Users/arkashjain/.m2/repository/org/slf4j/slf4j-jdk14/1.7.25/slf4j-jdk14-1.7.25.jar:/Users/arkashjain/.m2/repository/org/hamcrest/hamcrest-core/1.3/hamcrest-core-1.3.jar:/Users/arkashjain/.m2/repository/org/apache/beam/beam-runners-direct-java/2.3.0/beam-runners-direct-java-2.3.0.jar:/Users/arkashjain/.m2/repository/org/apache/beam/beam-runners-local-java-core/2.3.0/beam-runners-local-java-core-2.3.0.jar:/Users/arkashjain/.m2/repository/org/apache/beam/beam-sdks-java-extensions-sql/2.3.0/beam-sdks-java-extensions-sql-2.3.0.jar:/Users/arkashjain/.m2/repository/org/apache/commons/commons-csv/1.4/commons-csv-1.4.jar:/Users/arkashjain/.m2/repository/org/apache/beam/beam-sdks-java-extensions-join-library/2.3.0/beam-sdks-java-extensions-join-library-2.3.0.jar:/Users/arkashjain/.m2/repository/com/alibaba/fastjson/1.2.12/fastjson-1.2.12.jar:/Users/arkashjain/.m2/repository/org/apache/commons/commons-lang3/3.6/commons-lang3-3.6.jar:/Users/arkashjain/.m2/repository/org/apache/flink/flink-connector-kafka/3.0.1-1.18/flink-connector-kafka-3.0.1-1.18.jar:/Users/arkashjain/.m2/repository/org/apache/flink/flink-connector-base/1.17.0/flink-connector-base-1.17.0.jar:/Users/arkashjain/.m2/repository/org/apache/kafka/kafka-clients/3.2.3/kafka-clients-3.2.3.jar:/Users/arkashjain/.m2/repository/com/github/luben/zstd-jni/1.5.2-1/zstd-jni-1.5.2-1.jar:/Users/arkashjain/.m2/repository/com/fasterxml/jackson/datatype/jackson-datatype-jsr310/2.15.2/jackson-datatype-jsr310-2.15.2.jar:/Users/arkashjain/.m2/repository/com/fasterxml/jackson/datatype/jackson-datatype-jdk8/2.15.2/jackson-datatype-jdk8-2.15.2.jar:/Users/arkashjain/.m2/repository/org/apache/flink/flink-runtime-web/1.18.1/flink-runtime-web-1.18.1.jar:/Users/arkashjain/.m2/repository/org/apache/flink/flink-clients/1.18.1/flink-clients-1.18.1.jar:/Users/arkashjain/.m2/repository/org/apache/flink/flink-optimizer/1.18.1/flink-optimizer-1.18.1.jar:/Users/arkashjain/.m2/repository/org/apache/flink/flink-shaded-netty/4.1.91.Final-17.0/flink-shaded-netty-4.1.91.Final-17.0.jar:/Users/arkashjain/.m2/repository/org/apache/flink/flink-shaded-jackson/2.14.2-17.0/flink-shaded-jackson-2.14.2-17.0.jar:/Users/arkashjain/.m2/repository/junit/junit/4.13.2/junit-4.13.2.jar:/Users/arkashjain/.m2/repository/org/apache/flink/flink-core/1.18.0/flink-core-1.18.0.jar:/Users/arkashjain/.m2/repository/org/apache/flink/flink-annotations/1.18.0/flink-annotations-1.18.0.jar:/Users/arkashjain/.m2/repository/org/apache/flink/flink-metrics-core/1.18.0/flink-metrics-core-1.18.0.jar:/Users/arkashjain/.m2/repository/org/apache/flink/flink-shaded-asm-9/9.5-17.0/flink-shaded-asm-9-9.5-17.0.jar:/Users/arkashjain/.m2/repository/org/apache/commons/commons-text/1.10.0/commons-text-1.10.0.jar:/Users/arkashjain/.m2/repository/com/esotericsoftware/kryo/kryo/2.24.0/kryo-2.24.0.jar:/Users/arkashjain/.m2/repository/com/esotericsoftware/minlog/minlog/1.2/minlog-1.2.jar:/Users/arkashjain/.m2/repository/org/objenesis/objenesis/2.1/objenesis-2.1.jar:/Users/arkashjain/.m2/repository/commons-collections/commons-collections/3.2.2/commons-collections-3.2.2.jar:/Users/arkashjain/.m2/repository/org/apache/commons/commons-compress/1.21/commons-compress-1.21.jar:/Users/arkashjain/.m2/repository/org/apache/hadoop/hadoop-common/3.3.6/hadoop-common-3.3.6.jar:/Users/arkashjain/.m2/repository/org/apache/hadoop/thirdparty/hadoop-shaded-protobuf_3_7/1.1.1/hadoop-shaded-protobuf_3_7-1.1.1.jar:/Users/arkashjain/.m2/repository/org/apache/hadoop/hadoop-annotations/3.3.6/hadoop-annotations-3.3.6.jar:/Users/arkashjain/.m2/repository/org/apache/hadoop/thirdparty/hadoop-shaded-guava/1.1.1/hadoop-shaded-guava-1.1.1.jar:/Users/arkashjain/.m2/repository/com/google/guava/guava/27.0-jre/guava-27.0-jre.jar:/Users/arkashjain/.m2/repository/com/google/guava/failureaccess/1.0/failureaccess-1.0.jar:/Users/arkashjain/.m2/repository/com/google/guava/listenablefuture/9999.0-empty-to-avoid-conflict-with-guava/listenablefuture-9999.0-empty-to-avoid-conflict-with-guava.jar:/Users/arkashjain/.m2/repository/org/checkerframework/checker-qual/2.5.2/checker-qual-2.5.2.jar:/Users/arkashjain/.m2/repository/com/google/j2objc/j2objc-annotations/1.1/j2objc-annotations-1.1.jar:/Users/arkashjain/.m2/repository/org/codehaus/mojo/animal-sniffer-annotations/1.17/animal-sniffer-annotations-1.17.jar:/Users/arkashjain/.m2/repository/commons-cli/commons-cli/1.2/commons-cli-1.2.jar:/Users/arkashjain/.m2/repository/org/apache/httpcomponents/httpclient/4.5.13/httpclient-4.5.13.jar:/Users/arkashjain/.m2/repository/org/apache/httpcomponents/httpcore/4.4.13/httpcore-4.4.13.jar:/Users/arkashjain/.m2/repository/commons-codec/commons-codec/1.15/commons-codec-1.15.jar:/Users/arkashjain/.m2/repository/commons-io/commons-io/2.8.0/commons-io-2.8.0.jar:/Users/arkashjain/.m2/repository/commons-net/commons-net/3.9.0/commons-net-3.9.0.jar:/Users/arkashjain/.m2/repository/javax/servlet/javax.servlet-api/3.1.0/javax.servlet-api-3.1.0.jar:/Users/arkashjain/.m2/repository/jakarta/activation/jakarta.activation-api/1.2.1/jakarta.activation-api-1.2.1.jar:/Users/arkashjain/.m2/repository/org/eclipse/jetty/jetty-server/9.4.51.v20230217/jetty-server-9.4.51.v20230217.jar:/Users/arkashjain/.m2/repository/org/eclipse/jetty/jetty-http/9.4.51.v20230217/jetty-http-9.4.51.v20230217.jar:/Users/arkashjain/.m2/repository/org/eclipse/jetty/jetty-io/9.4.51.v20230217/jetty-io-9.4.51.v20230217.jar:/Users/arkashjain/.m2/repository/org/eclipse/jetty/jetty-util/9.4.51.v20230217/jetty-util-9.4.51.v20230217.jar:/Users/arkashjain/.m2/repository/org/eclipse/jetty/jetty-servlet/9.4.51.v20230217/jetty-servlet-9.4.51.v20230217.jar:/Users/arkashjain/.m2/repository/org/eclipse/jetty/jetty-security/9.4.51.v20230217/jetty-security-9.4.51.v20230217.jar:/Users/arkashjain/.m2/repository/org/eclipse/jetty/jetty-util-ajax/9.4.51.v20230217/jetty-util-ajax-9.4.51.v20230217.jar:/Users/arkashjain/.m2/repository/org/eclipse/jetty/jetty-webapp/9.4.51.v20230217/jetty-webapp-9.4.51.v20230217.jar:/Users/arkashjain/.m2/repository/org/eclipse/jetty/jetty-xml/9.4.51.v20230217/jetty-xml-9.4.51.v20230217.jar:/Users/arkashjain/.m2/repository/javax/servlet/jsp/jsp-api/2.1/jsp-api-2.1.jar:/Users/arkashjain/.m2/repository/com/sun/jersey/jersey-core/1.19.4/jersey-core-1.19.4.jar:/Users/arkashjain/.m2/repository/javax/ws/rs/jsr311-api/1.1.1/jsr311-api-1.1.1.jar:/Users/arkashjain/.m2/repository/com/sun/jersey/jersey-servlet/1.19.4/jersey-servlet-1.19.4.jar:/Users/arkashjain/.m2/repository/com/github/pjfanning/jersey-json/1.20/jersey-json-1.20.jar:/Users/arkashjain/.m2/repository/org/codehaus/jettison/jettison/1.1/jettison-1.1.jar:/Users/arkashjain/.m2/repository/com/sun/xml/bind/jaxb-impl/2.2.3-1/jaxb-impl-2.2.3-1.jar:/Users/arkashjain/.m2/repository/javax/xml/bind/jaxb-api/2.2.2/jaxb-api-2.2.2.jar:/Users/arkashjain/.m2/repository/javax/xml/stream/stax-api/1.0-2/stax-api-1.0-2.jar:/Users/arkashjain/.m2/repository/javax/activation/activation/1.1/activation-1.1.jar:/Users/arkashjain/.m2/repository/com/sun/jersey/jersey-server/1.19.4/jersey-server-1.19.4.jar:/Users/arkashjain/.m2/repository/commons-logging/commons-logging/1.1.3/commons-logging-1.1.3.jar:/Users/arkashjain/.m2/repository/ch/qos/reload4j/reload4j/1.2.22/reload4j-1.2.22.jar:/Users/arkashjain/.m2/repository/commons-beanutils/commons-beanutils/1.9.4/commons-beanutils-1.9.4.jar:/Users/arkashjain/.m2/repository/org/apache/commons/commons-configuration2/2.8.0/commons-configuration2-2.8.0.jar:/Users/arkashjain/.m2/repository/org/slf4j/slf4j-reload4j/1.7.36/slf4j-reload4j-1.7.36.jar:/Users/arkashjain/.m2/repository/com/google/re2j/re2j/1.1/re2j-1.1.jar:/Users/arkashjain/.m2/repository/com/google/protobuf/protobuf-java/2.5.0/protobuf-java-2.5.0.jar:/Users/arkashjain/.m2/repository/com/google/code/gson/gson/2.9.0/gson-2.9.0.jar:/Users/arkashjain/.m2/repository/org/apache/hadoop/hadoop-auth/3.3.6/hadoop-auth-3.3.6.jar:/Users/arkashjain/.m2/repository/com/nimbusds/nimbus-jose-jwt/9.8.1/nimbus-jose-jwt-9.8.1.jar:/Users/arkashjain/.m2/repository/com/github/stephenc/jcip/jcip-annotations/1.0-1/jcip-annotations-1.0-1.jar:/Users/arkashjain/.m2/repository/org/apache/curator/curator-framework/5.2.0/curator-framework-5.2.0.jar:/Users/arkashjain/.m2/repository/org/apache/kerby/kerb-simplekdc/1.0.1/kerb-simplekdc-1.0.1.jar:/Users/arkashjain/.m2/repository/org/apache/kerby/kerb-client/1.0.1/kerb-client-1.0.1.jar:/Users/arkashjain/.m2/repository/org/apache/kerby/kerby-config/1.0.1/kerby-config-1.0.1.jar:/Users/arkashjain/.m2/repository/org/apache/kerby/kerb-common/1.0.1/kerb-common-1.0.1.jar:/Users/arkashjain/.m2/repository/org/apache/kerby/kerb-crypto/1.0.1/kerb-crypto-1.0.1.jar:/Users/arkashjain/.m2/repository/org/apache/kerby/kerb-util/1.0.1/kerb-util-1.0.1.jar:/Users/arkashjain/.m2/repository/org/apache/kerby/token-provider/1.0.1/token-provider-1.0.1.jar:/Users/arkashjain/.m2/repository/org/apache/kerby/kerb-admin/1.0.1/kerb-admin-1.0.1.jar:/Users/arkashjain/.m2/repository/org/apache/kerby/kerb-server/1.0.1/kerb-server-1.0.1.jar:/Users/arkashjain/.m2/repository/org/apache/kerby/kerb-identity/1.0.1/kerb-identity-1.0.1.jar:/Users/arkashjain/.m2/repository/org/apache/kerby/kerby-xdr/1.0.1/kerby-xdr-1.0.1.jar:/Users/arkashjain/.m2/repository/com/jcraft/jsch/0.1.55/jsch-0.1.55.jar:/Users/arkashjain/.m2/repository/org/apache/curator/curator-client/5.2.0/curator-client-5.2.0.jar:/Users/arkashjain/.m2/repository/org/apache/curator/curator-recipes/5.2.0/curator-recipes-5.2.0.jar:/Users/arkashjain/.m2/repository/org/apache/zookeeper/zookeeper/3.6.3/zookeeper-3.6.3.jar:/Users/arkashjain/.m2/repository/org/apache/zookeeper/zookeeper-jute/3.6.3/zookeeper-jute-3.6.3.jar:/Users/arkashjain/.m2/repository/org/apache/yetus/audience-annotations/0.5.0/audience-annotations-0.5.0.jar:/Users/arkashjain/.m2/repository/io/netty/netty-transport-native-epoll/4.1.63.Final/netty-transport-native-epoll-4.1.63.Final.jar:/Users/arkashjain/.m2/repository/io/netty/netty-common/4.1.63.Final/netty-common-4.1.63.Final.jar:/Users/arkashjain/.m2/repository/io/netty/netty-transport-native-unix-common/4.1.63.Final/netty-transport-native-unix-common-4.1.63.Final.jar:/Users/arkashjain/.m2/repository/org/slf4j/slf4j-log4j12/1.7.25/slf4j-log4j12-1.7.25.jar:/Users/arkashjain/.m2/repository/log4j/log4j/1.2.17/log4j-1.2.17.jar:/Users/arkashjain/.m2/repository/io/dropwizard/metrics/metrics-core/3.2.4/metrics-core-3.2.4.jar:/Users/arkashjain/.m2/repository/org/apache/kerby/kerb-core/1.0.1/kerb-core-1.0.1.jar:/Users/arkashjain/.m2/repository/org/apache/kerby/kerby-pkix/1.0.1/kerby-pkix-1.0.1.jar:/Users/arkashjain/.m2/repository/org/apache/kerby/kerby-asn1/1.0.1/kerby-asn1-1.0.1.jar:/Users/arkashjain/.m2/repository/org/apache/kerby/kerby-util/1.0.1/kerby-util-1.0.1.jar:/Users/arkashjain/.m2/repository/org/codehaus/woodstox/stax2-api/4.2.1/stax2-api-4.2.1.jar:/Users/arkashjain/.m2/repository/com/fasterxml/woodstox/woodstox-core/5.4.0/woodstox-core-5.4.0.jar:/Users/arkashjain/.m2/repository/dnsjava/dnsjava/2.1.7/dnsjava-2.1.7.jar:/Users/arkashjain/.m2/repository/org/xerial/snappy/snappy-java/1.1.8.2/snappy-java-1.1.8.2.jar:/Users/arkashjain/.m2/repository/org/apache/hadoop/hadoop-hdfs-client/3.3.6/hadoop-hdfs-client-3.3.6.jar:/Users/arkashjain/.m2/repository/com/squareup/okhttp3/okhttp/4.9.3/okhttp-4.9.3.jar:/Users/arkashjain/.m2/repository/com/squareup/okio/okio/2.8.0/okio-2.8.0.jar:/Users/arkashjain/.m2/repository/org/jetbrains/kotlin/kotlin-stdlib/1.4.10/kotlin-stdlib-1.4.10.jar:/Users/arkashjain/.m2/repository/org/jetbrains/kotlin/kotlin-stdlib-common/1.4.10/kotlin-stdlib-common-1.4.10.jar:"/>
    <property name="java.vm.vendor" value="Oracle Corporation"/>
    <property name="sun.arch.data.model" value="64"/>
    <property name="java.vendor.url" value="https://openjdk.java.net/"/>
    <property name="user.timezone" value="America/New_York"/>
    <property name="java.vm.specification.version" value="11"/>
    <property name="os.name" value="Mac OS X"/>
    <property name="jdk.lang.Process.launchMechanism" value="POSIX_SPAWN"/>
    <property name="sun.java.launcher" value="SUN_STANDARD"/>
    <property name="user.country" value="US"/>
    <property name="sun.boot.library.path" value="/Library/Java/JavaVirtualMachines/jdk-11.jdk/Contents/Home/lib"/>
    <property name="sun.java.command" value="/Users/arkashjain/Desktop/Spring2024/CS551/project/cloud-provider-benchmarks/nexmark-kafka/target/surefire/surefirebooter2617612872327747442.jar /Users/arkashjain/Desktop/Spring2024/CS551/project/cloud-provider-benchmarks/nexmark-kafka/target/surefire 2024-04-29T09-25-33_035-jvmRun1 surefire2948822110970661801tmp surefire_05138328194495956370tmp"/>
    <property name="http.nonProxyHosts" value="local|*.local|169.254/16|*.169.254/16"/>
    <property name="jdk.debug" value="release"/>
    <property name="surefire.test.class.path" value="/Users/arkashjain/Desktop/Spring2024/CS551/project/cloud-provider-benchmarks/nexmark-kafka/target/test-classes:/Users/arkashjain/Desktop/Spring2024/CS551/project/cloud-provider-benchmarks/nexmark-kafka/target/classes:/Users/arkashjain/.m2/repository/org/apache/flink/flink-streaming-java/1.18.1/flink-streaming-java-1.18.1.jar:/Users/arkashjain/.m2/repository/org/apache/flink/flink-file-sink-common/1.18.1/flink-file-sink-common-1.18.1.jar:/Users/arkashjain/.m2/repository/org/apache/flink/flink-runtime/1.18.1/flink-runtime-1.18.1.jar:/Users/arkashjain/.m2/repository/org/apache/flink/flink-rpc-core/1.18.1/flink-rpc-core-1.18.1.jar:/Users/arkashjain/.m2/repository/org/apache/flink/flink-rpc-akka-loader/1.18.1/flink-rpc-akka-loader-1.18.1.jar:/Users/arkashjain/.m2/repository/org/apache/flink/flink-queryable-state-client-java/1.18.1/flink-queryable-state-client-java-1.18.1.jar:/Users/arkashjain/.m2/repository/org/apache/flink/flink-hadoop-fs/1.18.1/flink-hadoop-fs-1.18.1.jar:/Users/arkashjain/.m2/repository/org/apache/flink/flink-shaded-zookeeper-3/3.7.1-17.0/flink-shaded-zookeeper-3-3.7.1-17.0.jar:/Users/arkashjain/.m2/repository/org/javassist/javassist/3.24.0-GA/javassist-3.24.0-GA.jar:/Users/arkashjain/.m2/repository/org/lz4/lz4-java/1.8.0/lz4-java-1.8.0.jar:/Users/arkashjain/.m2/repository/org/apache/flink/flink-java/1.18.1/flink-java-1.18.1.jar:/Users/arkashjain/.m2/repository/com/twitter/chill-java/0.7.6/chill-java-0.7.6.jar:/Users/arkashjain/.m2/repository/org/apache/flink/flink-shaded-guava/31.1-jre-17.0/flink-shaded-guava-31.1-jre-17.0.jar:/Users/arkashjain/.m2/repository/org/apache/commons/commons-math3/3.6.1/commons-math3-3.6.1.jar:/Users/arkashjain/.m2/repository/org/slf4j/slf4j-api/1.7.36/slf4j-api-1.7.36.jar:/Users/arkashjain/.m2/repository/com/google/code/findbugs/jsr305/1.3.9/jsr305-1.3.9.jar:/Users/arkashjain/.m2/repository/org/apache/beam/beam-sdks-java-nexmark/2.3.0/beam-sdks-java-nexmark-2.3.0.jar:/Users/arkashjain/.m2/repository/org/apache/beam/beam-sdks-java-core/2.3.0/beam-sdks-java-core-2.3.0.jar:/Users/arkashjain/.m2/repository/com/github/stephenc/findbugs/findbugs-annotations/1.3.9-1/findbugs-annotations-1.3.9-1.jar:/Users/arkashjain/.m2/repository/org/apache/beam/beam-sdks-java-io-google-cloud-platform/2.3.0/beam-sdks-java-io-google-cloud-platform-2.3.0.jar:/Users/arkashjain/.m2/repository/org/apache/beam/beam-sdks-java-extensions-protobuf/2.3.0/beam-sdks-java-extensions-protobuf-2.3.0.jar:/Users/arkashjain/.m2/repository/io/grpc/grpc-core/1.2.0/grpc-core-1.2.0.jar:/Users/arkashjain/.m2/repository/com/google/errorprone/error_prone_annotations/2.0.11/error_prone_annotations-2.0.11.jar:/Users/arkashjain/.m2/repository/io/grpc/grpc-context/1.2.0/grpc-context-1.2.0.jar:/Users/arkashjain/.m2/repository/com/google/instrumentation/instrumentation-api/0.3.0/instrumentation-api-0.3.0.jar:/Users/arkashjain/.m2/repository/com/google/api/gax-grpc/0.20.0/gax-grpc-0.20.0.jar:/Users/arkashjain/.m2/repository/io/grpc/grpc-protobuf/1.2.0/grpc-protobuf-1.2.0.jar:/Users/arkashjain/.m2/repository/com/google/api/api-common/1.1.0/api-common-1.1.0.jar:/Users/arkashjain/.m2/repository/com/google/auto/value/auto-value/1.2/auto-value-1.2.jar:/Users/arkashjain/.m2/repository/com/google/api/gax/1.3.1/gax-1.3.1.jar:/Users/arkashjain/.m2/repository/org/threeten/threetenbp/1.3.3/threetenbp-1.3.3.jar:/Users/arkashjain/.m2/repository/com/google/cloud/google-cloud-core-grpc/1.2.0/google-cloud-core-grpc-1.2.0.jar:/Users/arkashjain/.m2/repository/com/google/protobuf/protobuf-java-util/3.2.0/protobuf-java-util-3.2.0.jar:/Users/arkashjain/.m2/repository/com/google/apis/google-api-services-pubsub/v1-rev10-1.22.0/google-api-services-pubsub-v1-rev10-1.22.0.jar:/Users/arkashjain/.m2/repository/com/google/api/grpc/grpc-google-cloud-pubsub-v1/0.1.18/grpc-google-cloud-pubsub-v1-0.1.18.jar:/Users/arkashjain/.m2/repository/com/google/api/grpc/proto-google-cloud-pubsub-v1/0.1.18/proto-google-cloud-pubsub-v1-0.1.18.jar:/Users/arkashjain/.m2/repository/com/google/api/grpc/proto-google-iam-v1/0.1.18/proto-google-iam-v1-0.1.18.jar:/Users/arkashjain/.m2/repository/com/google/cloud/bigdataoss/util/1.4.5/util-1.4.5.jar:/Users/arkashjain/.m2/repository/com/google/api-client/google-api-client-java6/1.20.0/google-api-client-java6-1.20.0.jar:/Users/arkashjain/.m2/repository/com/google/api-client/google-api-client-jackson2/1.20.0/google-api-client-jackson2-1.20.0.jar:/Users/arkashjain/.m2/repository/com/google/oauth-client/google-oauth-client/1.20.0/google-oauth-client-1.20.0.jar:/Users/arkashjain/.m2/repository/com/google/oauth-client/google-oauth-client-java6/1.20.0/google-oauth-client-java6-1.20.0.jar:/Users/arkashjain/.m2/repository/com/google/cloud/datastore/datastore-v1-proto-client/1.4.0/datastore-v1-proto-client-1.4.0.jar:/Users/arkashjain/.m2/repository/com/google/http-client/google-http-client-protobuf/1.20.0/google-http-client-protobuf-1.20.0.jar:/Users/arkashjain/.m2/repository/com/google/http-client/google-http-client-jackson/1.20.0/google-http-client-jackson-1.20.0.jar:/Users/arkashjain/.m2/repository/com/google/cloud/datastore/datastore-v1-protos/1.3.0/datastore-v1-protos-1.3.0.jar:/Users/arkashjain/.m2/repository/com/google/api/grpc/grpc-google-common-protos/0.1.0/grpc-google-common-protos-0.1.0.jar:/Users/arkashjain/.m2/repository/io/grpc/grpc-auth/1.2.0/grpc-auth-1.2.0.jar:/Users/arkashjain/.m2/repository/io/grpc/grpc-netty/1.2.0/grpc-netty-1.2.0.jar:/Users/arkashjain/.m2/repository/io/netty/netty-codec-http2/4.1.8.Final/netty-codec-http2-4.1.8.Final.jar:/Users/arkashjain/.m2/repository/io/netty/netty-codec-http/4.1.8.Final/netty-codec-http-4.1.8.Final.jar:/Users/arkashjain/.m2/repository/io/netty/netty-handler-proxy/4.1.8.Final/netty-handler-proxy-4.1.8.Final.jar:/Users/arkashjain/.m2/repository/io/netty/netty-codec-socks/4.1.8.Final/netty-codec-socks-4.1.8.Final.jar:/Users/arkashjain/.m2/repository/io/netty/netty-handler/4.1.8.Final/netty-handler-4.1.8.Final.jar:/Users/arkashjain/.m2/repository/io/netty/netty-buffer/4.1.8.Final/netty-buffer-4.1.8.Final.jar:/Users/arkashjain/.m2/repository/io/netty/netty-transport/4.1.8.Final/netty-transport-4.1.8.Final.jar:/Users/arkashjain/.m2/repository/io/netty/netty-resolver/4.1.8.Final/netty-resolver-4.1.8.Final.jar:/Users/arkashjain/.m2/repository/io/netty/netty-codec/4.1.8.Final/netty-codec-4.1.8.Final.jar:/Users/arkashjain/.m2/repository/io/grpc/grpc-stub/1.2.0/grpc-stub-1.2.0.jar:/Users/arkashjain/.m2/repository/io/grpc/grpc-all/1.2.0/grpc-all-1.2.0.jar:/Users/arkashjain/.m2/repository/io/grpc/grpc-okhttp/1.2.0/grpc-okhttp-1.2.0.jar:/Users/arkashjain/.m2/repository/com/squareup/okhttp/okhttp/2.5.0/okhttp-2.5.0.jar:/Users/arkashjain/.m2/repository/io/grpc/grpc-protobuf-lite/1.2.0/grpc-protobuf-lite-1.2.0.jar:/Users/arkashjain/.m2/repository/io/grpc/grpc-protobuf-nano/1.2.0/grpc-protobuf-nano-1.2.0.jar:/Users/arkashjain/.m2/repository/com/google/protobuf/nano/protobuf-javanano/3.0.0-alpha-5/protobuf-javanano-3.0.0-alpha-5.jar:/Users/arkashjain/.m2/repository/com/google/cloud/google-cloud-core/1.0.2/google-cloud-core-1.0.2.jar:/Users/arkashjain/.m2/repository/org/json/json/20160810/json-20160810.jar:/Users/arkashjain/.m2/repository/com/google/cloud/google-cloud-spanner/0.20.0-beta/google-cloud-spanner-0.20.0-beta.jar:/Users/arkashjain/.m2/repository/com/google/api/grpc/proto-google-cloud-spanner-v1/0.1.11/proto-google-cloud-spanner-v1-0.1.11.jar:/Users/arkashjain/.m2/repository/com/google/api/grpc/proto-google-cloud-spanner-admin-instance-v1/0.1.11/proto-google-cloud-spanner-admin-instance-v1-0.1.11.jar:/Users/arkashjain/.m2/repository/com/google/api/grpc/grpc-google-cloud-spanner-v1/0.1.11/grpc-google-cloud-spanner-v1-0.1.11.jar:/Users/arkashjain/.m2/repository/com/google/api/grpc/grpc-google-cloud-spanner-admin-database-v1/0.1.11/grpc-google-cloud-spanner-admin-database-v1-0.1.11.jar:/Users/arkashjain/.m2/repository/com/google/api/grpc/grpc-google-cloud-spanner-admin-instance-v1/0.1.11/grpc-google-cloud-spanner-admin-instance-v1-0.1.11.jar:/Users/arkashjain/.m2/repository/com/google/api/grpc/grpc-google-longrunning-v1/0.1.11/grpc-google-longrunning-v1-0.1.11.jar:/Users/arkashjain/.m2/repository/com/google/api/grpc/proto-google-longrunning-v1/0.1.11/proto-google-longrunning-v1-0.1.11.jar:/Users/arkashjain/.m2/repository/com/google/cloud/bigtable/bigtable-protos/1.0.0-pre3/bigtable-protos-1.0.0-pre3.jar:/Users/arkashjain/.m2/repository/com/google/cloud/bigtable/bigtable-client-core/1.0.0/bigtable-client-core-1.0.0.jar:/Users/arkashjain/.m2/repository/com/google/auth/google-auth-library-appengine/0.7.0/google-auth-library-appengine-0.7.0.jar:/Users/arkashjain/.m2/repository/io/opencensus/opencensus-contrib-grpc-util/0.7.0/opencensus-contrib-grpc-util-0.7.0.jar:/Users/arkashjain/.m2/repository/io/opencensus/opencensus-api/0.7.0/opencensus-api-0.7.0.jar:/Users/arkashjain/.m2/repository/com/google/api-client/google-api-client/1.22.0/google-api-client-1.22.0.jar:/Users/arkashjain/.m2/repository/com/google/http-client/google-http-client/1.22.0/google-http-client-1.22.0.jar:/Users/arkashjain/.m2/repository/com/google/http-client/google-http-client-jackson2/1.22.0/google-http-client-jackson2-1.22.0.jar:/Users/arkashjain/.m2/repository/com/google/auth/google-auth-library-credentials/0.7.1/google-auth-library-credentials-0.7.1.jar:/Users/arkashjain/.m2/repository/com/google/auth/google-auth-library-oauth2-http/0.7.1/google-auth-library-oauth2-http-0.7.1.jar:/Users/arkashjain/.m2/repository/io/netty/netty-tcnative-boringssl-static/1.1.33.Fork26/netty-tcnative-boringssl-static-1.1.33.Fork26.jar:/Users/arkashjain/.m2/repository/com/google/api/grpc/proto-google-cloud-spanner-admin-database-v1/0.1.9/proto-google-cloud-spanner-admin-database-v1-0.1.9.jar:/Users/arkashjain/.m2/repository/com/google/api/grpc/proto-google-common-protos/0.1.9/proto-google-common-protos-0.1.9.jar:/Users/arkashjain/.m2/repository/org/apache/beam/beam-sdks-java-extensions-google-cloud-platform-core/2.3.0/beam-sdks-java-extensions-google-cloud-platform-core-2.3.0.jar:/Users/arkashjain/.m2/repository/com/google/cloud/bigdataoss/gcsio/1.4.5/gcsio-1.4.5.jar:/Users/arkashjain/.m2/repository/com/google/apis/google-api-services-cloudresourcemanager/v1-rev6-1.22.0/google-api-services-cloudresourcemanager-v1-rev6-1.22.0.jar:/Users/arkashjain/.m2/repository/com/google/apis/google-api-services-storage/v1-rev71-1.22.0/google-api-services-storage-v1-rev71-1.22.0.jar:/Users/arkashjain/.m2/repository/com/google/apis/google-api-services-bigquery/v2-rev355-1.22.0/google-api-services-bigquery-v2-rev355-1.22.0.jar:/Users/arkashjain/.m2/repository/com/fasterxml/jackson/core/jackson-core/2.8.9/jackson-core-2.8.9.jar:/Users/arkashjain/.m2/repository/com/fasterxml/jackson/core/jackson-annotations/2.8.9/jackson-annotations-2.8.9.jar:/Users/arkashjain/.m2/repository/com/fasterxml/jackson/core/jackson-databind/2.8.9/jackson-databind-2.8.9.jar:/Users/arkashjain/.m2/repository/org/apache/avro/avro/1.8.2/avro-1.8.2.jar:/Users/arkashjain/.m2/repository/org/codehaus/jackson/jackson-core-asl/1.9.13/jackson-core-asl-1.9.13.jar:/Users/arkashjain/.m2/repository/org/codehaus/jackson/jackson-mapper-asl/1.9.13/jackson-mapper-asl-1.9.13.jar:/Users/arkashjain/.m2/repository/com/thoughtworks/paranamer/paranamer/2.7/paranamer-2.7.jar:/Users/arkashjain/.m2/repository/org/tukaani/xz/1.5/xz-1.5.jar:/Users/arkashjain/.m2/repository/joda-time/joda-time/2.4/joda-time-2.4.jar:/Users/arkashjain/.m2/repository/org/slf4j/slf4j-jdk14/1.7.25/slf4j-jdk14-1.7.25.jar:/Users/arkashjain/.m2/repository/org/hamcrest/hamcrest-core/1.3/hamcrest-core-1.3.jar:/Users/arkashjain/.m2/repository/org/apache/beam/beam-runners-direct-java/2.3.0/beam-runners-direct-java-2.3.0.jar:/Users/arkashjain/.m2/repository/org/apache/beam/beam-runners-local-java-core/2.3.0/beam-runners-local-java-core-2.3.0.jar:/Users/arkashjain/.m2/repository/org/apache/beam/beam-sdks-java-extensions-sql/2.3.0/beam-sdks-java-extensions-sql-2.3.0.jar:/Users/arkashjain/.m2/repository/org/apache/commons/commons-csv/1.4/commons-csv-1.4.jar:/Users/arkashjain/.m2/repository/org/apache/beam/beam-sdks-java-extensions-join-library/2.3.0/beam-sdks-java-extensions-join-library-2.3.0.jar:/Users/arkashjain/.m2/repository/com/alibaba/fastjson/1.2.12/fastjson-1.2.12.jar:/Users/arkashjain/.m2/repository/org/apache/commons/commons-lang3/3.6/commons-lang3-3.6.jar:/Users/arkashjain/.m2/repository/org/apache/flink/flink-connector-kafka/3.0.1-1.18/flink-connector-kafka-3.0.1-1.18.jar:/Users/arkashjain/.m2/repository/org/apache/flink/flink-connector-base/1.17.0/flink-connector-base-1.17.0.jar:/Users/arkashjain/.m2/repository/org/apache/kafka/kafka-clients/3.2.3/kafka-clients-3.2.3.jar:/Users/arkashjain/.m2/repository/com/github/luben/zstd-jni/1.5.2-1/zstd-jni-1.5.2-1.jar:/Users/arkashjain/.m2/repository/com/fasterxml/jackson/datatype/jackson-datatype-jsr310/2.15.2/jackson-datatype-jsr310-2.15.2.jar:/Users/arkashjain/.m2/repository/com/fasterxml/jackson/datatype/jackson-datatype-jdk8/2.15.2/jackson-datatype-jdk8-2.15.2.jar:/Users/arkashjain/.m2/repository/org/apache/flink/flink-runtime-web/1.18.1/flink-runtime-web-1.18.1.jar:/Users/arkashjain/.m2/repository/org/apache/flink/flink-clients/1.18.1/flink-clients-1.18.1.jar:/Users/arkashjain/.m2/repository/org/apache/flink/flink-optimizer/1.18.1/flink-optimizer-1.18.1.jar:/Users/arkashjain/.m2/repository/org/apache/flink/flink-shaded-netty/4.1.91.Final-17.0/flink-shaded-netty-4.1.91.Final-17.0.jar:/Users/arkashjain/.m2/repository/org/apache/flink/flink-shaded-jackson/2.14.2-17.0/flink-shaded-jackson-2.14.2-17.0.jar:/Users/arkashjain/.m2/repository/junit/junit/4.13.2/junit-4.13.2.jar:/Users/arkashjain/.m2/repository/org/apache/flink/flink-core/1.18.0/flink-core-1.18.0.jar:/Users/arkashjain/.m2/repository/org/apache/flink/flink-annotations/1.18.0/flink-annotations-1.18.0.jar:/Users/arkashjain/.m2/repository/org/apache/flink/flink-metrics-core/1.18.0/flink-metrics-core-1.18.0.jar:/Users/arkashjain/.m2/repository/org/apache/flink/flink-shaded-asm-9/9.5-17.0/flink-shaded-asm-9-9.5-17.0.jar:/Users/arkashjain/.m2/repository/org/apache/commons/commons-text/1.10.0/commons-text-1.10.0.jar:/Users/arkashjain/.m2/repository/com/esotericsoftware/kryo/kryo/2.24.0/kryo-2.24.0.jar:/Users/arkashjain/.m2/repository/com/esotericsoftware/minlog/minlog/1.2/minlog-1.2.jar:/Users/arkashjain/.m2/repository/org/objenesis/objenesis/2.1/objenesis-2.1.jar:/Users/arkashjain/.m2/repository/commons-collections/commons-collections/3.2.2/commons-collections-3.2.2.jar:/Users/arkashjain/.m2/repository/org/apache/commons/commons-compress/1.21/commons-compress-1.21.jar:/Users/arkashjain/.m2/repository/org/apache/hadoop/hadoop-common/3.3.6/hadoop-common-3.3.6.jar:/Users/arkashjain/.m2/repository/org/apache/hadoop/thirdparty/hadoop-shaded-protobuf_3_7/1.1.1/hadoop-shaded-protobuf_3_7-1.1.1.jar:/Users/arkashjain/.m2/repository/org/apache/hadoop/hadoop-annotations/3.3.6/hadoop-annotations-3.3.6.jar:/Users/arkashjain/.m2/repository/org/apache/hadoop/thirdparty/hadoop-shaded-guava/1.1.1/hadoop-shaded-guava-1.1.1.jar:/Users/arkashjain/.m2/repository/com/google/guava/guava/27.0-jre/guava-27.0-jre.jar:/Users/arkashjain/.m2/repository/com/google/guava/failureaccess/1.0/failureaccess-1.0.jar:/Users/arkashjain/.m2/repository/com/google/guava/listenablefuture/9999.0-empty-to-avoid-conflict-with-guava/listenablefuture-9999.0-empty-to-avoid-conflict-with-guava.jar:/Users/arkashjain/.m2/repository/org/checkerframework/checker-qual/2.5.2/checker-qual-2.5.2.jar:/Users/arkashjain/.m2/repository/com/google/j2objc/j2objc-annotations/1.1/j2objc-annotations-1.1.jar:/Users/arkashjain/.m2/repository/org/codehaus/mojo/animal-sniffer-annotations/1.17/animal-sniffer-annotations-1.17.jar:/Users/arkashjain/.m2/repository/commons-cli/commons-cli/1.2/commons-cli-1.2.jar:/Users/arkashjain/.m2/repository/org/apache/httpcomponents/httpclient/4.5.13/httpclient-4.5.13.jar:/Users/arkashjain/.m2/repository/org/apache/httpcomponents/httpcore/4.4.13/httpcore-4.4.13.jar:/Users/arkashjain/.m2/repository/commons-codec/commons-codec/1.15/commons-codec-1.15.jar:/Users/arkashjain/.m2/repository/commons-io/commons-io/2.8.0/commons-io-2.8.0.jar:/Users/arkashjain/.m2/repository/commons-net/commons-net/3.9.0/commons-net-3.9.0.jar:/Users/arkashjain/.m2/repository/javax/servlet/javax.servlet-api/3.1.0/javax.servlet-api-3.1.0.jar:/Users/arkashjain/.m2/repository/jakarta/activation/jakarta.activation-api/1.2.1/jakarta.activation-api-1.2.1.jar:/Users/arkashjain/.m2/repository/org/eclipse/jetty/jetty-server/9.4.51.v20230217/jetty-server-9.4.51.v20230217.jar:/Users/arkashjain/.m2/repository/org/eclipse/jetty/jetty-http/9.4.51.v20230217/jetty-http-9.4.51.v20230217.jar:/Users/arkashjain/.m2/repository/org/eclipse/jetty/jetty-io/9.4.51.v20230217/jetty-io-9.4.51.v20230217.jar:/Users/arkashjain/.m2/repository/org/eclipse/jetty/jetty-util/9.4.51.v20230217/jetty-util-9.4.51.v20230217.jar:/Users/arkashjain/.m2/repository/org/eclipse/jetty/jetty-servlet/9.4.51.v20230217/jetty-servlet-9.4.51.v20230217.jar:/Users/arkashjain/.m2/repository/org/eclipse/jetty/jetty-security/9.4.51.v20230217/jetty-security-9.4.51.v20230217.jar:/Users/arkashjain/.m2/repository/org/eclipse/jetty/jetty-util-ajax/9.4.51.v20230217/jetty-util-ajax-9.4.51.v20230217.jar:/Users/arkashjain/.m2/repository/org/eclipse/jetty/jetty-webapp/9.4.51.v20230217/jetty-webapp-9.4.51.v20230217.jar:/Users/arkashjain/.m2/repository/org/eclipse/jetty/jetty-xml/9.4.51.v20230217/jetty-xml-9.4.51.v20230217.jar:/Users/arkashjain/.m2/repository/javax/servlet/jsp/jsp-api/2.1/jsp-api-2.1.jar:/Users/arkashjain/.m2/repository/com/sun/jersey/jersey-core/1.19.4/jersey-core-1.19.4.jar:/Users/arkashjain/.m2/repository/javax/ws/rs/jsr311-api/1.1.1/jsr311-api-1.1.1.jar:/Users/arkashjain/.m2/repository/com/sun/jersey/jersey-servlet/1.19.4/jersey-servlet-1.19.4.jar:/Users/arkashjain/.m2/repository/com/github/pjfanning/jersey-json/1.20/jersey-json-1.20.jar:/Users/arkashjain/.m2/repository/org/codehaus/jettison/jettison/1.1/jettison-1.1.jar:/Users/arkashjain/.m2/repository/com/sun/xml/bind/jaxb-impl/2.2.3-1/jaxb-impl-2.2.3-1.jar:/Users/arkashjain/.m2/repository/javax/xml/bind/jaxb-api/2.2.2/jaxb-api-2.2.2.jar:/Users/arkashjain/.m2/repository/javax/xml/stream/stax-api/1.0-2/stax-api-1.0-2.jar:/Users/arkashjain/.m2/repository/javax/activation/activation/1.1/activation-1.1.jar:/Users/arkashjain/.m2/repository/com/sun/jersey/jersey-server/1.19.4/jersey-server-1.19.4.jar:/Users/arkashjain/.m2/repository/commons-logging/commons-logging/1.1.3/commons-logging-1.1.3.jar:/Users/arkashjain/.m2/repository/ch/qos/reload4j/reload4j/1.2.22/reload4j-1.2.22.jar:/Users/arkashjain/.m2/repository/commons-beanutils/commons-beanutils/1.9.4/commons-beanutils-1.9.4.jar:/Users/arkashjain/.m2/repository/org/apache/commons/commons-configuration2/2.8.0/commons-configuration2-2.8.0.jar:/Users/arkashjain/.m2/repository/org/slf4j/slf4j-reload4j/1.7.36/slf4j-reload4j-1.7.36.jar:/Users/arkashjain/.m2/repository/com/google/re2j/re2j/1.1/re2j-1.1.jar:/Users/arkashjain/.m2/repository/com/google/protobuf/protobuf-java/2.5.0/protobuf-java-2.5.0.jar:/Users/arkashjain/.m2/repository/com/google/code/gson/gson/2.9.0/gson-2.9.0.jar:/Users/arkashjain/.m2/repository/org/apache/hadoop/hadoop-auth/3.3.6/hadoop-auth-3.3.6.jar:/Users/arkashjain/.m2/repository/com/nimbusds/nimbus-jose-jwt/9.8.1/nimbus-jose-jwt-9.8.1.jar:/Users/arkashjain/.m2/repository/com/github/stephenc/jcip/jcip-annotations/1.0-1/jcip-annotations-1.0-1.jar:/Users/arkashjain/.m2/repository/org/apache/curator/curator-framework/5.2.0/curator-framework-5.2.0.jar:/Users/arkashjain/.m2/repository/org/apache/kerby/kerb-simplekdc/1.0.1/kerb-simplekdc-1.0.1.jar:/Users/arkashjain/.m2/repository/org/apache/kerby/kerb-client/1.0.1/kerb-client-1.0.1.jar:/Users/arkashjain/.m2/repository/org/apache/kerby/kerby-config/1.0.1/kerby-config-1.0.1.jar:/Users/arkashjain/.m2/repository/org/apache/kerby/kerb-common/1.0.1/kerb-common-1.0.1.jar:/Users/arkashjain/.m2/repository/org/apache/kerby/kerb-crypto/1.0.1/kerb-crypto-1.0.1.jar:/Users/arkashjain/.m2/repository/org/apache/kerby/kerb-util/1.0.1/kerb-util-1.0.1.jar:/Users/arkashjain/.m2/repository/org/apache/kerby/token-provider/1.0.1/token-provider-1.0.1.jar:/Users/arkashjain/.m2/repository/org/apache/kerby/kerb-admin/1.0.1/kerb-admin-1.0.1.jar:/Users/arkashjain/.m2/repository/org/apache/kerby/kerb-server/1.0.1/kerb-server-1.0.1.jar:/Users/arkashjain/.m2/repository/org/apache/kerby/kerb-identity/1.0.1/kerb-identity-1.0.1.jar:/Users/arkashjain/.m2/repository/org/apache/kerby/kerby-xdr/1.0.1/kerby-xdr-1.0.1.jar:/Users/arkashjain/.m2/repository/com/jcraft/jsch/0.1.55/jsch-0.1.55.jar:/Users/arkashjain/.m2/repository/org/apache/curator/curator-client/5.2.0/curator-client-5.2.0.jar:/Users/arkashjain/.m2/repository/org/apache/curator/curator-recipes/5.2.0/curator-recipes-5.2.0.jar:/Users/arkashjain/.m2/repository/org/apache/zookeeper/zookeeper/3.6.3/zookeeper-3.6.3.jar:/Users/arkashjain/.m2/repository/org/apache/zookeeper/zookeeper-jute/3.6.3/zookeeper-jute-3.6.3.jar:/Users/arkashjain/.m2/repository/org/apache/yetus/audience-annotations/0.5.0/audience-annotations-0.5.0.jar:/Users/arkashjain/.m2/repository/io/netty/netty-transport-native-epoll/4.1.63.Final/netty-transport-native-epoll-4.1.63.Final.jar:/Users/arkashjain/.m2/repository/io/netty/netty-common/4.1.63.Final/netty-common-4.1.63.Final.jar:/Users/arkashjain/.m2/repository/io/netty/netty-transport-native-unix-common/4.1.63.Final/netty-transport-native-unix-common-4.1.63.Final.jar:/Users/arkashjain/.m2/repository/org/slf4j/slf4j-log4j12/1.7.25/slf4j-log4j12-1.7.25.jar:/Users/arkashjain/.m2/repository/log4j/log4j/1.2.17/log4j-1.2.17.jar:/Users/arkashjain/.m2/repository/io/dropwizard/metrics/metrics-core/3.2.4/metrics-core-3.2.4.jar:/Users/arkashjain/.m2/repository/org/apache/kerby/kerb-core/1.0.1/kerb-core-1.0.1.jar:/Users/arkashjain/.m2/repository/org/apache/kerby/kerby-pkix/1.0.1/kerby-pkix-1.0.1.jar:/Users/arkashjain/.m2/repository/org/apache/kerby/kerby-asn1/1.0.1/kerby-asn1-1.0.1.jar:/Users/arkashjain/.m2/repository/org/apache/kerby/kerby-util/1.0.1/kerby-util-1.0.1.jar:/Users/arkashjain/.m2/repository/org/codehaus/woodstox/stax2-api/4.2.1/stax2-api-4.2.1.jar:/Users/arkashjain/.m2/repository/com/fasterxml/woodstox/woodstox-core/5.4.0/woodstox-core-5.4.0.jar:/Users/arkashjain/.m2/repository/dnsjava/dnsjava/2.1.7/dnsjava-2.1.7.jar:/Users/arkashjain/.m2/repository/org/xerial/snappy/snappy-java/1.1.8.2/snappy-java-1.1.8.2.jar:/Users/arkashjain/.m2/repository/org/apache/hadoop/hadoop-hdfs-client/3.3.6/hadoop-hdfs-client-3.3.6.jar:/Users/arkashjain/.m2/repository/com/squareup/okhttp3/okhttp/4.9.3/okhttp-4.9.3.jar:/Users/arkashjain/.m2/repository/com/squareup/okio/okio/2.8.0/okio-2.8.0.jar:/Users/arkashjain/.m2/repository/org/jetbrains/kotlin/kotlin-stdlib/1.4.10/kotlin-stdlib-1.4.10.jar:/Users/arkashjain/.m2/repository/org/jetbrains/kotlin/kotlin-stdlib-common/1.4.10/kotlin-stdlib-common-1.4.10.jar:"/>
    <property name="sun.cpu.endian" value="little"/>
    <property name="user.home" value="/Users/arkashjain"/>
    <property name="user.language" value="en"/>
    <property name="java.specification.vendor" value="Oracle Corporation"/>
    <property name="java.version.date" value="2023-10-17"/>
    <property name="java.home" value="/Library/Java/JavaVirtualMachines/jdk-11.jdk/Contents/Home"/>
    <property name="file.separator" value="/"/>
    <property name="basedir" value="/Users/arkashjain/Desktop/Spring2024/CS551/project/cloud-provider-benchmarks/nexmark-kafka"/>
    <property name="java.vm.compressedOopsMode" value="Zero based"/>
    <property name="line.separator" value="&#10;"/>
    <property name="java.specification.name" value="Java Platform API Specification"/>
    <property name="java.vm.specification.vendor" value="Oracle Corporation"/>
    <property name="java.awt.graphicsenv" value="sun.awt.CGraphicsEnvironment"/>
    <property name="surefire.real.class.path" value="/Users/arkashjain/Desktop/Spring2024/CS551/project/cloud-provider-benchmarks/nexmark-kafka/target/surefire/surefirebooter2617612872327747442.jar"/>
    <property name="sun.management.compiler" value="HotSpot 64-Bit Tiered Compilers"/>
    <property name="ftp.nonProxyHosts" value="local|*.local|169.254/16|*.169.254/16"/>
    <property name="java.runtime.version" value="11.0.21+9-LTS-193"/>
    <property name="user.name" value="arkashjain"/>
    <property name="path.separator" value=":"/>
    <property name="os.version" value="14.4.1"/>
    <property name="java.runtime.name" value="Java(TM) SE Runtime Environment"/>
    <property name="file.encoding" value="UTF-8"/>
    <property name="java.vm.name" value="Java HotSpot(TM) 64-Bit Server VM"/>
    <property name="java.vendor.version" value="18.9"/>
    <property name="localRepository" value="/Users/arkashjain/.m2/repository"/>
    <property name="java.vendor.url.bug" value="https://bugreport.java.com/bugreport/"/>
    <property name="java.io.tmpdir" value="/var/folders/9y/mg706rlj3cx1fsv47rlmtqq40000gn/T/"/>
    <property name="java.version" value="11.0.21"/>
    <property name="user.dir" value="/Users/arkashjain/Desktop/Spring2024/CS551/project/cloud-provider-benchmarks/nexmark-kafka"/>
    <property name="os.arch" value="aarch64"/>
    <property name="java.vm.specification.name" value="Java Virtual Machine Specification"/>
    <property name="java.awt.printerjob" value="sun.lwawt.macosx.CPrinterJob"/>
    <property name="sun.os.patch.level" value="unknown"/>
    <property name="java.library.path" value="/Users/arkashjain/Library/Java/Extensions:/Library/Java/Extensions:/Network/Library/Java/Extensions:/System/Library/Java/Extensions:/usr/lib/java:."/>
    <property name="java.vendor" value="Oracle Corporation"/>
    <property name="java.vm.info" value="mixed mode"/>
    <property name="java.vm.version" value="11.0.21+9-LTS-193"/>
    <property name="java.specification.maintenance.version" value="2"/>
    <property name="sun.io.unicode.encoding" value="UnicodeBig"/>
    <property name="java.class.version" value="55.0"/>
    <property name="socksNonProxyHosts" value="local|*.local|169.254/16|*.169.254/16"/>
  </properties>
  <testcase name="generate1000bidsWithLateDataAndEdgeCase" classname="flink.test.testQuery7" time="2.014">
    <system-err><![CDATA[Apr 29, 2024 9:25:38 AM org.apache.flink.runtime.jobmaster.slotpool.DefaultDeclarativeSlotPool releaseSlots
INFO: Releasing slot [fa6433324e89f4eeab722a9bf89b1e8a].
Apr 29, 2024 9:25:38 AM org.apache.flink.runtime.jobmaster.slotpool.DefaultDeclarativeSlotPool releaseSlots
INFO: Releasing slot [de88321de88afdd58e2ad967e9d37f4e].
Apr 29, 2024 9:25:38 AM org.apache.flink.runtime.jobmaster.slotpool.DefaultDeclarativeSlotPool releaseSlots
INFO: Releasing slot [69f92df98e78269b3035a7e2693c67e4].
Apr 29, 2024 9:25:38 AM org.apache.flink.runtime.jobmaster.JobMaster dissolveResourceManagerConnection
INFO: Close ResourceManager connection faff00ea144db6634da3fa340de4815c: Stopping JobMaster for job 'Flink Streaming Job' (d3e1d679b8500765ef8603fd9c7a8be7).
Apr 29, 2024 9:25:38 AM org.apache.flink.api.java.typeutils.TypeExtractor analyzePojo
INFO: The default constructor of class org.apache.beam.sdk.nexmark.model.Bid is not Public so it cannot be used as a POJO type and must be processed as GenericType. Please read the Flink documentation on "Data Types & Serialization" for details of the effect on performance and schema evolution.
Apr 29, 2024 9:25:38 AM org.apache.flink.runtime.resourcemanager.slotmanager.DefaultSlotStatusSyncer freeSlot
INFO: Freeing slot b861acd2ab70d937480dd76812b743c7.
Apr 29, 2024 9:25:38 AM org.apache.flink.runtime.taskexecutor.slot.TaskSlotTableImpl freeSlotInternal
INFO: Free slot TaskSlot(index:9, state:ALLOCATED, resource profile: ResourceProfile{taskHeapMemory=128.000gb (137438953472 bytes), taskOffHeapMemory=128.000gb (137438953472 bytes), managedMemory=16.000mb (16777216 bytes), networkMemory=8.000mb (8388608 bytes)}, allocationId: d46aca34674d285dd35e3e5dcfe4c94b, jobId: d3e1d679b8500765ef8603fd9c7a8be7).
Apr 29, 2024 9:25:38 AM org.apache.flink.runtime.resourcemanager.slotmanager.DefaultSlotStatusSyncer freeSlot
INFO: Freeing slot d46aca34674d285dd35e3e5dcfe4c94b.
Apr 29, 2024 9:25:38 AM org.apache.flink.runtime.resourcemanager.slotmanager.DefaultSlotStatusSyncer freeSlot
INFO: Freeing slot f744c0bab1efabbcc4d6824c1bd74165.
Apr 29, 2024 9:25:38 AM org.apache.flink.runtime.taskexecutor.slot.TaskSlotTableImpl freeSlotInternal
INFO: Free slot TaskSlot(index:8, state:ALLOCATED, resource profile: ResourceProfile{taskHeapMemory=128.000gb (137438953472 bytes), taskOffHeapMemory=128.000gb (137438953472 bytes), managedMemory=16.000mb (16777216 bytes), networkMemory=8.000mb (8388608 bytes)}, allocationId: f744c0bab1efabbcc4d6824c1bd74165, jobId: d3e1d679b8500765ef8603fd9c7a8be7).
Apr 29, 2024 9:25:38 AM org.apache.flink.runtime.resourcemanager.slotmanager.DefaultSlotStatusSyncer freeSlot
INFO: Freeing slot ee9b8d92749e66e778ebc9072196411c.
Apr 29, 2024 9:25:38 AM org.apache.flink.runtime.resourcemanager.slotmanager.DefaultSlotStatusSyncer freeSlot
INFO: Freeing slot 3e559435fa3d57e3d1f5a428020e3a8b.
Apr 29, 2024 9:25:38 AM org.apache.flink.runtime.resourcemanager.slotmanager.DefaultSlotStatusSyncer freeSlot
INFO: Freeing slot fa6433324e89f4eeab722a9bf89b1e8a.
Apr 29, 2024 9:25:38 AM org.apache.flink.runtime.resourcemanager.slotmanager.DefaultSlotStatusSyncer freeSlot
INFO: Freeing slot de88321de88afdd58e2ad967e9d37f4e.
Apr 29, 2024 9:25:38 AM org.apache.flink.runtime.resourcemanager.slotmanager.DefaultSlotStatusSyncer freeSlot
INFO: Freeing slot 69f92df98e78269b3035a7e2693c67e4.
Apr 29, 2024 9:25:38 AM org.apache.flink.runtime.taskexecutor.slot.TaskSlotTableImpl freeSlotInternal
INFO: Free slot TaskSlot(index:12, state:ALLOCATED, resource profile: ResourceProfile{taskHeapMemory=128.000gb (137438953472 bytes), taskOffHeapMemory=128.000gb (137438953472 bytes), managedMemory=16.000mb (16777216 bytes), networkMemory=8.000mb (8388608 bytes)}, allocationId: ee9b8d92749e66e778ebc9072196411c, jobId: d3e1d679b8500765ef8603fd9c7a8be7).
Apr 29, 2024 9:25:38 AM org.apache.flink.runtime.webmonitor.WebMonitorEndpoint lambda$shutDownInternal$7
INFO: Removing cache directory /var/folders/9y/mg706rlj3cx1fsv47rlmtqq40000gn/T/flink-web-ui
Apr 29, 2024 9:25:38 AM org.apache.flink.runtime.resourcemanager.ResourceManager closeJobManagerConnection
INFO: Disconnect job manager af6fb7f66cf9558587594c35147d4bf5@pekko://flink/user/rpc/jobmanager_11 for job d3e1d679b8500765ef8603fd9c7a8be7 from the resource manager.
Apr 29, 2024 9:25:38 AM org.apache.flink.runtime.taskexecutor.slot.TaskSlotTableImpl freeSlotInternal
INFO: Free slot TaskSlot(index:14, state:ALLOCATED, resource profile: ResourceProfile{taskHeapMemory=128.000gb (137438953472 bytes), taskOffHeapMemory=128.000gb (137438953472 bytes), managedMemory=16.000mb (16777216 bytes), networkMemory=8.000mb (8388608 bytes)}, allocationId: 3e559435fa3d57e3d1f5a428020e3a8b, jobId: d3e1d679b8500765ef8603fd9c7a8be7).
Apr 29, 2024 9:25:38 AM org.apache.flink.runtime.taskexecutor.slot.TaskSlotTableImpl freeSlotInternal
INFO: Free slot TaskSlot(index:11, state:ALLOCATED, resource profile: ResourceProfile{taskHeapMemory=128.000gb (137438953472 bytes), taskOffHeapMemory=128.000gb (137438953472 bytes), managedMemory=16.000mb (16777216 bytes), networkMemory=8.000mb (8388608 bytes)}, allocationId: fa6433324e89f4eeab722a9bf89b1e8a, jobId: d3e1d679b8500765ef8603fd9c7a8be7).
Apr 29, 2024 9:25:38 AM org.apache.flink.runtime.taskexecutor.slot.TaskSlotTableImpl freeSlotInternal
INFO: Free slot TaskSlot(index:10, state:ALLOCATED, resource profile: ResourceProfile{taskHeapMemory=128.000gb (137438953472 bytes), taskOffHeapMemory=128.000gb (137438953472 bytes), managedMemory=16.000mb (16777216 bytes), networkMemory=8.000mb (8388608 bytes)}, allocationId: de88321de88afdd58e2ad967e9d37f4e, jobId: d3e1d679b8500765ef8603fd9c7a8be7).
Apr 29, 2024 9:25:38 AM org.apache.flink.runtime.taskexecutor.slot.TaskSlotTableImpl freeSlotInternal
INFO: Free slot TaskSlot(index:13, state:ALLOCATED, resource profile: ResourceProfile{taskHeapMemory=128.000gb (137438953472 bytes), taskOffHeapMemory=128.000gb (137438953472 bytes), managedMemory=16.000mb (16777216 bytes), networkMemory=8.000mb (8388608 bytes)}, allocationId: 69f92df98e78269b3035a7e2693c67e4, jobId: d3e1d679b8500765ef8603fd9c7a8be7).
Apr 29, 2024 9:25:38 AM org.apache.flink.runtime.webmonitor.WebMonitorEndpoint revokeLeadership
INFO: http://localhost:50039 lost leadership
Apr 29, 2024 9:25:38 AM org.apache.flink.runtime.rest.RestServerEndpoint lambda$closeAsync$1
INFO: Shut down complete.
Apr 29, 2024 9:25:38 AM org.apache.flink.runtime.taskexecutor.DefaultJobLeaderService stop
INFO: Stop job leader service.
Apr 29, 2024 9:25:38 AM org.apache.flink.runtime.state.TaskExecutorLocalStateStoresManager shutdown
INFO: Shutting down TaskExecutorLocalStateStoresManager.
Apr 29, 2024 9:25:38 AM org.apache.flink.runtime.resourcemanager.ResourceManager deregisterApplication
INFO: Shut down cluster because application is in CANCELED, diagnostics DispatcherResourceManagerComponent has been closed..
Apr 29, 2024 9:25:38 AM org.apache.flink.runtime.entrypoint.component.DispatcherResourceManagerComponent closeAsyncInternal
INFO: Closing components.
Apr 29, 2024 9:25:38 AM org.apache.flink.runtime.dispatcher.runner.AbstractDispatcherLeaderProcess closeInternal
INFO: Stopping SessionDispatcherLeaderProcess.
Apr 29, 2024 9:25:38 AM org.apache.flink.runtime.resourcemanager.ResourceManagerServiceImpl closeAsync
INFO: Stopping resource manager service.
Apr 29, 2024 9:25:38 AM org.apache.flink.runtime.dispatcher.Dispatcher onStop
INFO: Stopping dispatcher pekko://flink/user/rpc/dispatcher_10.
Apr 29, 2024 9:25:38 AM org.apache.flink.runtime.dispatcher.Dispatcher terminateRunningJobs
INFO: Stopping all currently running jobs of dispatcher pekko://flink/user/rpc/dispatcher_10.
Apr 29, 2024 9:25:38 AM org.apache.flink.runtime.security.token.DefaultDelegationTokenManager stop
INFO: Stopping credential renewal
Apr 29, 2024 9:25:38 AM org.apache.flink.runtime.security.token.DefaultDelegationTokenManager stop
INFO: Stopped credential renewal
Apr 29, 2024 9:25:38 AM org.apache.flink.runtime.resourcemanager.slotmanager.FineGrainedSlotManager close
INFO: Closing the slot manager.
Apr 29, 2024 9:25:38 AM org.apache.flink.runtime.resourcemanager.slotmanager.FineGrainedSlotManager suspend
INFO: Suspending the slot manager.
Apr 29, 2024 9:25:38 AM org.apache.flink.runtime.io.disk.FileChannelManagerImpl lambda$getFileCloser$0
INFO: FileChannelManager removed spill file directory /var/folders/9y/mg706rlj3cx1fsv47rlmtqq40000gn/T/flink-io-6e9cbf49-b0d2-4131-9240-4e33b9595533
Apr 29, 2024 9:25:38 AM org.apache.flink.runtime.io.network.NettyShuffleEnvironment close
INFO: Shutting down the network environment and its components.
Apr 29, 2024 9:25:38 AM org.apache.flink.api.java.typeutils.runtime.kryo.KryoSerializer getKryoInstance
INFO: Kryo serializer scala extensions are not available.
Apr 29, 2024 9:25:38 AM org.apache.flink.runtime.dispatcher.Dispatcher lambda$onStop$2
INFO: Stopped dispatcher pekko://flink/user/rpc/dispatcher_10.
Apr 29, 2024 9:25:38 AM org.apache.flink.runtime.io.disk.FileChannelManagerImpl lambda$getFileCloser$0
INFO: FileChannelManager removed spill file directory /var/folders/9y/mg706rlj3cx1fsv47rlmtqq40000gn/T/flink-netty-shuffle-8c362c34-275d-46cc-9ff5-85c4ecdbbf67
Apr 29, 2024 9:25:38 AM org.apache.flink.runtime.taskexecutor.KvStateService shutdown
INFO: Shutting down the kvState service and its components.
Apr 29, 2024 9:25:38 AM org.apache.flink.runtime.taskexecutor.DefaultJobLeaderService stop
INFO: Stop job leader service.
Apr 29, 2024 9:25:38 AM org.apache.flink.runtime.filecache.FileCache shutdown
INFO: removed file cache directory /var/folders/9y/mg706rlj3cx1fsv47rlmtqq40000gn/T/flink-dist-cache-1ace73c1-6ec8-4977-a143-3ae83649771b
Apr 29, 2024 9:25:38 AM org.apache.flink.runtime.taskexecutor.TaskExecutor handleOnStopException
INFO: Stopped TaskExecutor pekko://flink/user/rpc/taskmanager_8.
Apr 29, 2024 9:25:38 AM org.apache.flink.runtime.rpc.pekko.PekkoRpcService closeAsync
INFO: Stopping Pekko RPC service.
Apr 29, 2024 9:25:38 AM org.apache.flink.runtime.taskexecutor.TaskExecutorResourceUtils setConfigOptionToDefaultIfNotSet
INFO: The configuration option taskmanager.cpu.cores required for local execution is not set, setting it to the maximal possible value.
Apr 29, 2024 9:25:38 AM org.apache.flink.runtime.taskexecutor.TaskExecutorResourceUtils setConfigOptionToDefaultIfNotSet
INFO: The configuration option taskmanager.memory.task.heap.size required for local execution is not set, setting it to the maximal possible value.
Apr 29, 2024 9:25:38 AM org.apache.flink.runtime.taskexecutor.TaskExecutorResourceUtils setConfigOptionToDefaultIfNotSet
INFO: The configuration option taskmanager.memory.task.off-heap.size required for local execution is not set, setting it to the maximal possible value.
Apr 29, 2024 9:25:38 AM org.apache.flink.runtime.taskexecutor.TaskExecutorResourceUtils setConfigOptionToDefaultIfNotSet
INFO: The configuration option taskmanager.memory.network.min required for local execution is not set, setting it to its default value 64 mb.
Apr 29, 2024 9:25:38 AM org.apache.flink.runtime.taskexecutor.TaskExecutorResourceUtils setConfigOptionToDefaultIfNotSet
INFO: The configuration option taskmanager.memory.network.max required for local execution is not set, setting it to its default value 64 mb.
Apr 29, 2024 9:25:38 AM org.apache.flink.runtime.taskexecutor.TaskExecutorResourceUtils setConfigOptionToDefaultIfNotSet
INFO: The configuration option taskmanager.memory.managed.size required for local execution is not set, setting it to its default value 128 mb.
Apr 29, 2024 9:25:38 AM org.apache.flink.runtime.minicluster.MiniCluster start
INFO: Starting Flink Mini Cluster
Apr 29, 2024 9:25:38 AM org.apache.pekko.event.slf4j.Slf4jLogger$$anonfun$receive$1 $anonfun$applyOrElse$3
INFO: Running CoordinatedShutdown with reason [ActorSystemTerminateReason]
Apr 29, 2024 9:25:38 AM org.apache.flink.runtime.rpc.pekko.PekkoRpcService closeAsync
INFO: Stopping Pekko RPC service.
Apr 29, 2024 9:25:38 AM org.apache.flink.runtime.rpc.pekko.PekkoRpcService lambda$closeAsync$7
INFO: Stopped Pekko RPC service.
Apr 29, 2024 9:25:38 AM org.apache.pekko.event.slf4j.Slf4jLogger$$anonfun$receive$1 $anonfun$applyOrElse$3
INFO: Running CoordinatedShutdown with reason [ActorSystemTerminateReason]
Apr 29, 2024 9:25:38 AM org.apache.flink.runtime.blob.AbstractBlobCache close
INFO: Shutting down BLOB cache
Apr 29, 2024 9:25:38 AM org.apache.flink.runtime.blob.AbstractBlobCache close
INFO: Shutting down BLOB cache
Apr 29, 2024 9:25:38 AM org.apache.flink.runtime.blob.BlobServer close
INFO: Stopped BLOB server at 0.0.0.0:50038
Apr 29, 2024 9:25:38 AM org.apache.flink.runtime.rpc.pekko.PekkoRpcService lambda$closeAsync$7
INFO: Stopped Pekko RPC service.
Apr 29, 2024 9:25:38 AM org.apache.flink.runtime.minicluster.MiniCluster start
INFO: Starting Metrics Registry
Apr 29, 2024 9:25:38 AM org.apache.flink.runtime.metrics.MetricRegistryImpl <init>
INFO: No metrics reporter configured, no metrics will be exposed/reported.
Apr 29, 2024 9:25:38 AM org.apache.flink.runtime.minicluster.MiniCluster start
INFO: Starting RPC Service(s)
Apr 29, 2024 9:25:38 AM org.apache.flink.runtime.rpc.pekko.ActorSystemBootstrapTools startLocalActorSystem
INFO: Trying to start local actor system
Apr 29, 2024 9:25:39 AM org.apache.pekko.event.slf4j.Slf4jLogger$$anonfun$receive$1 applyOrElse
INFO: Slf4jLogger started
Apr 29, 2024 9:25:39 AM org.apache.flink.runtime.rpc.pekko.ActorSystemBootstrapTools startActorSystem
INFO: Actor system started at pekko://flink
Apr 29, 2024 9:25:39 AM org.apache.flink.runtime.rpc.pekko.ActorSystemBootstrapTools startLocalActorSystem
INFO: Trying to start local actor system
Apr 29, 2024 9:25:39 AM org.apache.pekko.event.slf4j.Slf4jLogger$$anonfun$receive$1 applyOrElse
INFO: Slf4jLogger started
Apr 29, 2024 9:25:39 AM org.apache.flink.runtime.rpc.pekko.ActorSystemBootstrapTools startActorSystem
INFO: Actor system started at pekko://flink-metrics
Apr 29, 2024 9:25:39 AM org.apache.flink.runtime.rpc.pekko.PekkoRpcService startServer
INFO: Starting RPC endpoint for org.apache.flink.runtime.metrics.dump.MetricQueryService at pekko://flink-metrics/user/rpc/MetricQueryService .
Apr 29, 2024 9:25:39 AM org.apache.flink.runtime.security.token.DefaultDelegationTokenManager loadProviders
INFO: Loading delegation token providers
Apr 29, 2024 9:25:39 AM org.apache.flink.runtime.util.HadoopUtils getHadoopConfiguration
WARNING: Could not find Hadoop configuration via any of the supported methods (Flink configuration, environment variables).
Apr 29, 2024 9:25:39 AM org.apache.flink.runtime.security.token.DefaultDelegationTokenManager lambda$loadProviders$0
INFO: Delegation token provider hadoopfs loaded and initialized
Apr 29, 2024 9:25:39 AM org.apache.flink.runtime.util.HadoopUtils getHadoopConfiguration
WARNING: Could not find Hadoop configuration via any of the supported methods (Flink configuration, environment variables).
Apr 29, 2024 9:25:39 AM org.apache.flink.runtime.security.token.DefaultDelegationTokenManager lambda$loadProviders$0
INFO: Delegation token provider hbase loaded and initialized
Apr 29, 2024 9:25:39 AM org.apache.flink.runtime.security.token.DefaultDelegationTokenManager loadProviders
INFO: Delegation token providers loaded successfully
Apr 29, 2024 9:25:39 AM org.apache.flink.runtime.security.token.DelegationTokenReceiverRepository loadReceivers
INFO: Loading delegation token receivers
Apr 29, 2024 9:25:39 AM org.apache.flink.runtime.security.token.DelegationTokenReceiverRepository lambda$loadReceivers$0
INFO: Delegation token receiver hadoopfs loaded and initialized
Apr 29, 2024 9:25:39 AM org.apache.flink.runtime.security.token.DelegationTokenReceiverRepository lambda$loadReceivers$0
INFO: Delegation token receiver hbase loaded and initialized
Apr 29, 2024 9:25:39 AM org.apache.flink.runtime.security.token.DelegationTokenReceiverRepository loadReceivers
INFO: Delegation token receivers loaded successfully
Apr 29, 2024 9:25:39 AM org.apache.flink.runtime.security.token.DefaultDelegationTokenManager checkProviderAndReceiverConsistency
INFO: Checking provider and receiver instances consistency
Apr 29, 2024 9:25:39 AM org.apache.flink.runtime.security.token.DefaultDelegationTokenManager checkProviderAndReceiverConsistency
INFO: Provider and receiver instances are consistent
Apr 29, 2024 9:25:39 AM org.apache.flink.runtime.security.token.DefaultDelegationTokenManager obtainDelegationTokens
INFO: Obtaining delegation tokens
Apr 29, 2024 9:25:39 AM org.apache.flink.runtime.security.token.DefaultDelegationTokenManager obtainDelegationTokens
INFO: Delegation tokens obtained successfully
Apr 29, 2024 9:25:39 AM org.apache.flink.runtime.security.token.DefaultDelegationTokenManager obtainDelegationTokens
WARNING: No tokens obtained so skipping notifications
Apr 29, 2024 9:25:39 AM org.apache.flink.runtime.security.token.DelegationTokenReceiverRepository loadReceivers
INFO: Loading delegation token receivers
Apr 29, 2024 9:25:39 AM org.apache.flink.runtime.security.token.DelegationTokenReceiverRepository lambda$loadReceivers$0
INFO: Delegation token receiver hadoopfs loaded and initialized
Apr 29, 2024 9:25:39 AM org.apache.flink.runtime.security.token.DelegationTokenReceiverRepository lambda$loadReceivers$0
INFO: Delegation token receiver hbase loaded and initialized
Apr 29, 2024 9:25:39 AM org.apache.flink.runtime.security.token.DelegationTokenReceiverRepository loadReceivers
INFO: Delegation token receivers loaded successfully
Apr 29, 2024 9:25:39 AM org.apache.flink.runtime.blob.BlobServer <init>
INFO: Created BLOB server storage directory /var/folders/9y/mg706rlj3cx1fsv47rlmtqq40000gn/T/minicluster_609671563d981db7385f89345ab27f3b/blobStorage
Apr 29, 2024 9:25:39 AM org.apache.flink.runtime.blob.BlobServer <init>
INFO: Started BLOB server at 0.0.0.0:50040 - max concurrent requests: 50 - max backlog: 1000
Apr 29, 2024 9:25:39 AM org.apache.flink.runtime.blob.AbstractBlobCache <init>
INFO: Created BLOB cache storage directory /var/folders/9y/mg706rlj3cx1fsv47rlmtqq40000gn/T/minicluster_609671563d981db7385f89345ab27f3b/blobStorage
Apr 29, 2024 9:25:39 AM org.apache.flink.runtime.blob.AbstractBlobCache <init>
INFO: Created BLOB cache storage directory /var/folders/9y/mg706rlj3cx1fsv47rlmtqq40000gn/T/minicluster_609671563d981db7385f89345ab27f3b/blobStorage
Apr 29, 2024 9:25:39 AM org.apache.flink.runtime.minicluster.MiniCluster startTaskManagers
INFO: Starting 1 TaskManager(s)
Apr 29, 2024 9:25:39 AM org.apache.flink.runtime.taskexecutor.TaskManagerRunner startTaskManager
INFO: Starting TaskManager with ResourceID: 327f18b3-267c-4ff4-a664-db9beff33145
Apr 29, 2024 9:25:39 AM org.apache.flink.runtime.taskexecutor.TaskManagerServices checkTempDirs
INFO: Temporary file directory '/var/folders/9y/mg706rlj3cx1fsv47rlmtqq40000gn/T': total 460 GB, usable 240 GB (52.17% usable)
Apr 29, 2024 9:25:39 AM org.apache.flink.runtime.io.disk.iomanager.IOManager <init>
INFO: Created a new FileChannelManager for spilling of task related data to disk (joins, sorting, ...). Used directories:
	/var/folders/9y/mg706rlj3cx1fsv47rlmtqq40000gn/T/flink-io-7e195989-191a-4e13-b354-b79a5e459c1d
Apr 29, 2024 9:25:39 AM org.apache.flink.runtime.io.network.NettyShuffleServiceFactory createNettyShuffleEnvironment
INFO: Created a new FileChannelManager for storing result partitions of BLOCKING shuffles. Used directories:
	/var/folders/9y/mg706rlj3cx1fsv47rlmtqq40000gn/T/flink-netty-shuffle-dd85fa58-7c5f-43b9-9f29-c3412f2a0e44
Apr 29, 2024 9:25:39 AM org.apache.flink.runtime.io.network.buffer.NetworkBufferPool <init>
INFO: Allocated 64 MB for network buffer pool (number of memory segments: 2048, bytes per segment: 32768).
Apr 29, 2024 9:25:39 AM org.apache.flink.runtime.io.network.NettyShuffleEnvironment start
INFO: Starting the network environment and its components.
Apr 29, 2024 9:25:39 AM org.apache.flink.runtime.taskexecutor.KvStateService start
INFO: Starting the kvState service and its components.
Apr 29, 2024 9:25:39 AM org.apache.flink.configuration.Configuration loggingFallback
INFO: Config uses fallback configuration key 'pekko.ask.timeout' instead of key 'taskmanager.slot.timeout'
Apr 29, 2024 9:25:39 AM org.apache.flink.runtime.rpc.pekko.PekkoRpcService startServer
INFO: Starting RPC endpoint for org.apache.flink.runtime.taskexecutor.TaskExecutor at pekko://flink/user/rpc/taskmanager_12 .
Apr 29, 2024 9:25:39 AM org.apache.flink.runtime.taskexecutor.DefaultJobLeaderService start
INFO: Start job leader service.
Apr 29, 2024 9:25:39 AM org.apache.flink.runtime.filecache.FileCache <init>
INFO: User file cache uses directory /var/folders/9y/mg706rlj3cx1fsv47rlmtqq40000gn/T/flink-dist-cache-b94f5b3f-dd79-4059-ad32-efc14d09e34b
Apr 29, 2024 9:25:39 AM org.apache.flink.runtime.rest.RestServerEndpoint start
INFO: Starting rest endpoint.
Apr 29, 2024 9:25:39 AM org.apache.flink.runtime.webmonitor.WebMonitorUtils$LogFileLocation find
WARNING: Log file environment variable 'log.file' is not set.
Apr 29, 2024 9:25:39 AM org.apache.flink.runtime.webmonitor.WebMonitorUtils$LogFileLocation find
WARNING: JobManager log files are unavailable in the web dashboard. Log file location not found in environment variable 'log.file' or configuration key 'web.log.path'.
Apr 29, 2024 9:25:39 AM org.apache.flink.runtime.rest.RestServerEndpoint start
INFO: Rest endpoint listening at localhost:50041
Apr 29, 2024 9:25:39 AM org.apache.flink.runtime.highavailability.nonha.embedded.EmbeddedLeaderService updateLeader
INFO: Proposing leadership to the contender that is registered under component ID 'rest_server'.
Apr 29, 2024 9:25:39 AM org.apache.flink.runtime.webmonitor.WebMonitorEndpoint startInternal
INFO: Web frontend listening at http://localhost:50041.
Apr 29, 2024 9:25:39 AM org.apache.flink.runtime.webmonitor.WebMonitorEndpoint grantLeadership
INFO: http://localhost:50041 was granted leadership with leaderSessionID=55d2742d-2a97-476f-8728-42f72f77913f
Apr 29, 2024 9:25:39 AM org.apache.flink.runtime.highavailability.nonha.embedded.EmbeddedLeaderService confirmLeader
INFO: Received confirmation of leadership for leader http://localhost:50041 , session=55d2742d-2a97-476f-8728-42f72f77913f
Apr 29, 2024 9:25:39 AM org.apache.flink.runtime.highavailability.nonha.embedded.EmbeddedLeaderService updateLeader
INFO: Proposing leadership to the contender that is registered under component ID 'dispatcher'.
Apr 29, 2024 9:25:39 AM org.apache.flink.runtime.resourcemanager.ResourceManagerServiceImpl start
INFO: Starting resource manager service.
Apr 29, 2024 9:25:39 AM org.apache.flink.runtime.dispatcher.runner.DefaultDispatcherRunner lambda$grantLeadership$0
INFO: DefaultDispatcherRunner was granted leadership with leader id 8143f564-8eb2-4dbf-9f84-64186f1408b5. Creating new DispatcherLeaderProcess.
Apr 29, 2024 9:25:39 AM org.apache.flink.runtime.highavailability.nonha.embedded.EmbeddedLeaderService updateLeader
INFO: Proposing leadership to the contender that is registered under component ID 'resource_manager'.
Apr 29, 2024 9:25:39 AM org.apache.flink.runtime.dispatcher.runner.AbstractDispatcherLeaderProcess startInternal
INFO: Start SessionDispatcherLeaderProcess.
Apr 29, 2024 9:25:39 AM org.apache.flink.runtime.minicluster.MiniCluster start
INFO: Flink Mini Cluster started successfully
Apr 29, 2024 9:25:39 AM org.apache.flink.runtime.dispatcher.runner.SessionDispatcherLeaderProcess recoverJobs
INFO: Recover all persisted job graphs that are not finished, yet.
Apr 29, 2024 9:25:39 AM org.apache.flink.runtime.dispatcher.runner.SessionDispatcherLeaderProcess recoverJobs
INFO: Successfully recovered 0 persisted job graphs.
Apr 29, 2024 9:25:39 AM org.apache.flink.runtime.resourcemanager.ResourceManagerServiceImpl lambda$grantLeadership$2
INFO: Resource manager service is granted leadership with session id cb2f5a40-a29f-49e2-b9f1-3d04c7fcb517.
Apr 29, 2024 9:25:39 AM org.apache.flink.runtime.rpc.pekko.PekkoRpcService startServer
INFO: Starting RPC endpoint for org.apache.flink.runtime.dispatcher.StandaloneDispatcher at pekko://flink/user/rpc/dispatcher_13 .
Apr 29, 2024 9:25:39 AM org.apache.flink.runtime.rpc.pekko.PekkoRpcService startServer
INFO: Starting RPC endpoint for org.apache.flink.runtime.resourcemanager.StandaloneResourceManager at pekko://flink/user/rpc/resourcemanager_14 .
Apr 29, 2024 9:25:39 AM org.apache.flink.runtime.highavailability.nonha.embedded.EmbeddedLeaderService confirmLeader
INFO: Received confirmation of leadership for leader pekko://flink/user/rpc/dispatcher_13 , session=8143f564-8eb2-4dbf-9f84-64186f1408b5
Apr 29, 2024 9:25:39 AM org.apache.flink.runtime.resourcemanager.ResourceManager onStart
INFO: Starting the resource manager.
Apr 29, 2024 9:25:39 AM org.apache.flink.runtime.resourcemanager.slotmanager.FineGrainedSlotManager start
INFO: Starting the slot manager.
Apr 29, 2024 9:25:39 AM org.apache.flink.runtime.security.token.DefaultDelegationTokenManager startTokensUpdate
INFO: Starting tokens update task
Apr 29, 2024 9:25:39 AM org.apache.flink.runtime.security.token.DefaultDelegationTokenManager startTokensUpdate
WARNING: No tokens obtained so skipping notifications
Apr 29, 2024 9:25:39 AM org.apache.flink.runtime.security.token.DefaultDelegationTokenManager startTokensUpdate
WARNING: Tokens update task not started because either no tokens obtained or none of the tokens specified its renewal date
Apr 29, 2024 9:25:39 AM org.apache.flink.runtime.highavailability.nonha.embedded.EmbeddedLeaderService confirmLeader
INFO: Received confirmation of leadership for leader pekko://flink/user/rpc/resourcemanager_14 , session=cb2f5a40-a29f-49e2-b9f1-3d04c7fcb517
Apr 29, 2024 9:25:39 AM org.apache.flink.runtime.taskexecutor.TaskExecutor connectToResourceManager
INFO: Connecting to ResourceManager pekko://flink/user/rpc/resourcemanager_14(b9f13d04c7fcb517cb2f5a40a29f49e2).
Apr 29, 2024 9:25:39 AM org.apache.flink.runtime.registration.RetryingRegistration lambda$startRegistration$0
INFO: Resolved ResourceManager address, beginning registration
Apr 29, 2024 9:25:39 AM org.apache.flink.runtime.dispatcher.Dispatcher submitJob
INFO: Received JobGraph submission 'Flink Streaming Job' (d1d9121929a3239bde42c3db5ad8addd).
Apr 29, 2024 9:25:39 AM org.apache.flink.runtime.dispatcher.Dispatcher internalSubmitJob
INFO: Submitting job 'Flink Streaming Job' (d1d9121929a3239bde42c3db5ad8addd).
Apr 29, 2024 9:25:39 AM org.apache.flink.runtime.highavailability.nonha.embedded.EmbeddedLeaderService updateLeader
INFO: Proposing leadership to the contender that is registered under component ID 'job-d1d9121929a3239bde42c3db5ad8addd'.
Apr 29, 2024 9:25:39 AM org.apache.flink.runtime.jobmaster.JobMasterServiceLeadershipRunner createNewJobMasterServiceProcess
INFO: JobMasterServiceLeadershipRunner for job d1d9121929a3239bde42c3db5ad8addd was granted leadership with leader id 8118c617-e131-469d-9da0-32cc1acff72d. Creating new JobMasterServiceProcess.
Apr 29, 2024 9:25:39 AM org.apache.flink.runtime.resourcemanager.ResourceManager registerTaskExecutorInternal
INFO: Registering TaskManager with ResourceID 327f18b3-267c-4ff4-a664-db9beff33145 (pekko://flink/user/rpc/taskmanager_12) at ResourceManager
Apr 29, 2024 9:25:39 AM org.apache.flink.runtime.taskexecutor.TaskExecutorToResourceManagerConnection onRegistrationSuccess
INFO: Successful registration at resource manager pekko://flink/user/rpc/resourcemanager_14 under registration id 1e111491437c05f3fa7d188dd70abb7e.
Apr 29, 2024 9:25:39 AM org.apache.flink.runtime.resourcemanager.slotmanager.FineGrainedSlotManager registerTaskManager
INFO: Registering task executor 327f18b3-267c-4ff4-a664-db9beff33145 under 1e111491437c05f3fa7d188dd70abb7e at the slot manager.
Apr 29, 2024 9:25:39 AM org.apache.flink.runtime.rpc.pekko.PekkoRpcService startServer
INFO: Starting RPC endpoint for org.apache.flink.runtime.jobmaster.JobMaster at pekko://flink/user/rpc/jobmanager_15 .
Apr 29, 2024 9:25:39 AM org.apache.flink.runtime.jobmaster.JobMaster <init>
INFO: Initializing job 'Flink Streaming Job' (d1d9121929a3239bde42c3db5ad8addd).
Apr 29, 2024 9:25:39 AM org.apache.flink.runtime.scheduler.DefaultSchedulerFactory createInstance
INFO: Using restart back off time strategy NoRestartBackoffTimeStrategy for Flink Streaming Job (d1d9121929a3239bde42c3db5ad8addd).
Apr 29, 2024 9:25:39 AM org.apache.flink.runtime.executiongraph.DefaultExecutionGraph <init>
INFO: Created execution graph 51138bfe9bfd8cce79b5914dc0ec9caf for job d1d9121929a3239bde42c3db5ad8addd.
Apr 29, 2024 9:25:39 AM org.apache.flink.runtime.executiongraph.DefaultExecutionGraphBuilder buildGraph
INFO: Running initialization on master for job Flink Streaming Job (d1d9121929a3239bde42c3db5ad8addd).
Apr 29, 2024 9:25:39 AM org.apache.flink.runtime.executiongraph.DefaultExecutionGraphBuilder buildGraph
INFO: Successfully ran initialization on master in 0 ms.
Apr 29, 2024 9:25:39 AM org.apache.flink.runtime.scheduler.adapter.DefaultExecutionTopology generateNewPipelinedRegions
INFO: Built 1 new pipelined regions in 0 ms, total 1 pipelined regions currently.
Apr 29, 2024 9:25:39 AM org.apache.flink.runtime.state.StateBackendLoader loadFromApplicationOrConfigOrDefaultInternal
INFO: No state backend has been configured, using default (HashMap) org.apache.flink.runtime.state.hashmap.HashMapStateBackend@34af385f
Apr 29, 2024 9:25:39 AM org.apache.flink.runtime.state.StateBackendLoader fromApplicationOrConfigOrDefault
INFO: State backend loader loads the state backend as HashMapStateBackend
Apr 29, 2024 9:25:39 AM org.apache.flink.runtime.state.CheckpointStorageLoader createJobManagerCheckpointStorage
INFO: Checkpoint storage is set to 'jobmanager'
Apr 29, 2024 9:25:39 AM org.apache.flink.runtime.checkpoint.CheckpointCoordinator restoreLatestCheckpointedStateInternal
INFO: No checkpoint found during restore.
Apr 29, 2024 9:25:39 AM org.apache.flink.runtime.scheduler.DefaultScheduler <init>
INFO: Using failover strategy org.apache.flink.runtime.executiongraph.failover.flip1.RestartPipelinedRegionFailoverStrategy@7a7459eb for Flink Streaming Job (d1d9121929a3239bde42c3db5ad8addd).
Apr 29, 2024 9:25:39 AM org.apache.flink.runtime.highavailability.nonha.embedded.EmbeddedLeaderService confirmLeader
INFO: Received confirmation of leadership for leader pekko://flink/user/rpc/jobmanager_15 , session=8118c617-e131-469d-9da0-32cc1acff72d
Apr 29, 2024 9:25:39 AM org.apache.flink.runtime.jobmaster.JobMaster startJobExecution
INFO: Starting execution of job 'Flink Streaming Job' (d1d9121929a3239bde42c3db5ad8addd) under job master id 9da032cc1acff72d8118c617e131469d.
Apr 29, 2024 9:25:39 AM org.apache.flink.runtime.scheduler.DefaultScheduler startSchedulingInternal
INFO: Starting scheduling with scheduling strategy [org.apache.flink.runtime.scheduler.strategy.PipelinedRegionSchedulingStrategy]
Apr 29, 2024 9:25:39 AM org.apache.flink.runtime.executiongraph.DefaultExecutionGraph transitionState
INFO: Job Flink Streaming Job (d1d9121929a3239bde42c3db5ad8addd) switched from state CREATED to RUNNING.
Apr 29, 2024 9:25:39 AM org.apache.flink.runtime.executiongraph.Execution transitionState
INFO: Source: Collection Source -> Timestamps/Watermarks (1/1) (51138bfe9bfd8cce79b5914dc0ec9caf_cbc357ccb763df2852fee8c4fc7d55f2_0_0) switched from CREATED to SCHEDULED.
Apr 29, 2024 9:25:39 AM org.apache.flink.runtime.executiongraph.Execution transitionState
INFO: TumblingEventTimeWindows (1/1) (51138bfe9bfd8cce79b5914dc0ec9caf_9dd63673dd41ea021b896d5203f3ba7c_0_0) switched from CREATED to SCHEDULED.
Apr 29, 2024 9:25:39 AM org.apache.flink.runtime.jobmaster.JobMaster connectToResourceManager
INFO: Connecting to ResourceManager pekko://flink/user/rpc/resourcemanager_14(b9f13d04c7fcb517cb2f5a40a29f49e2)
Apr 29, 2024 9:25:39 AM org.apache.flink.runtime.registration.RetryingRegistration lambda$startRegistration$0
INFO: Resolved ResourceManager address, beginning registration
Apr 29, 2024 9:25:39 AM org.apache.flink.runtime.resourcemanager.ResourceManager registerJobMaster
INFO: Registering job manager 9da032cc1acff72d8118c617e131469d@pekko://flink/user/rpc/jobmanager_15 for job d1d9121929a3239bde42c3db5ad8addd.
Apr 29, 2024 9:25:39 AM org.apache.flink.runtime.resourcemanager.ResourceManager registerJobMasterInternal
INFO: Registered job manager 9da032cc1acff72d8118c617e131469d@pekko://flink/user/rpc/jobmanager_15 for job d1d9121929a3239bde42c3db5ad8addd.
Apr 29, 2024 9:25:39 AM org.apache.flink.runtime.jobmaster.JobMaster establishResourceManagerConnection
INFO: JobManager successfully registered at ResourceManager, leader id: b9f13d04c7fcb517cb2f5a40a29f49e2.
Apr 29, 2024 9:25:39 AM org.apache.flink.runtime.resourcemanager.slotmanager.FineGrainedSlotManager processResourceRequirements
INFO: Received resource requirements from job d1d9121929a3239bde42c3db5ad8addd: [ResourceRequirement{resourceProfile=ResourceProfile{UNKNOWN}, numberOfRequiredSlots=1}]
Apr 29, 2024 9:25:39 AM org.apache.flink.runtime.resourcemanager.slotmanager.FineGrainedSlotManager logMissingAndAvailableResource
INFO: Matching resource requirements against available resources.
Missing resources:
	 Job d1d9121929a3239bde42c3db5ad8addd
		ResourceRequirement{resourceProfile=ResourceProfile{UNKNOWN}, numberOfRequiredSlots=1}
Current resources:
	TaskManager 327f18b3-267c-4ff4-a664-db9beff33145
		Available: ResourceProfile{taskHeapMemory=1024.000gb (1099511627776 bytes), taskOffHeapMemory=1024.000gb (1099511627776 bytes), managedMemory=128.000mb (134217728 bytes), networkMemory=64.000mb (67108864 bytes)}
		Total:     ResourceProfile{taskHeapMemory=1024.000gb (1099511627776 bytes), taskOffHeapMemory=1024.000gb (1099511627776 bytes), managedMemory=128.000mb (134217728 bytes), networkMemory=64.000mb (67108864 bytes)}
Apr 29, 2024 9:25:39 AM org.apache.flink.runtime.resourcemanager.slotmanager.DefaultSlotStatusSyncer allocateSlot
INFO: Starting allocation of slot 898763542c9a4b1eb0792e42c463ec2c from 327f18b3-267c-4ff4-a664-db9beff33145 for job d1d9121929a3239bde42c3db5ad8addd with resource profile ResourceProfile{taskHeapMemory=1024.000gb (1099511627776 bytes), taskOffHeapMemory=1024.000gb (1099511627776 bytes), managedMemory=128.000mb (134217728 bytes), networkMemory=64.000mb (67108864 bytes)}.
Apr 29, 2024 9:25:39 AM org.apache.flink.runtime.taskexecutor.TaskExecutor requestSlot
INFO: Receive slot request 898763542c9a4b1eb0792e42c463ec2c for job d1d9121929a3239bde42c3db5ad8addd from resource manager with leader id b9f13d04c7fcb517cb2f5a40a29f49e2.
Apr 29, 2024 9:25:39 AM org.apache.flink.runtime.taskexecutor.slot.TaskSlotTableImpl allocateSlot
INFO: Allocated slot for 898763542c9a4b1eb0792e42c463ec2c with resources ResourceProfile{taskHeapMemory=1024.000gb (1099511627776 bytes), taskOffHeapMemory=1024.000gb (1099511627776 bytes), managedMemory=128.000mb (134217728 bytes), networkMemory=64.000mb (67108864 bytes)}.
Apr 29, 2024 9:25:39 AM org.apache.flink.runtime.taskexecutor.DefaultJobLeaderService addJob
INFO: Add job d1d9121929a3239bde42c3db5ad8addd for job leader monitoring.
Apr 29, 2024 9:25:39 AM org.apache.flink.runtime.taskexecutor.DefaultJobLeaderService$JobManagerLeaderListener openRpcConnectionTo
INFO: Try to register at job manager pekko://flink/user/rpc/jobmanager_15 with leader id 8118c617-e131-469d-9da0-32cc1acff72d.
Apr 29, 2024 9:25:39 AM org.apache.flink.runtime.registration.RetryingRegistration lambda$startRegistration$0
INFO: Resolved JobManager address, beginning registration
Apr 29, 2024 9:25:39 AM org.apache.flink.runtime.taskexecutor.DefaultJobLeaderService$JobManagerLeaderListener$JobManagerRegisteredRpcConnection lambda$onRegistrationSuccess$0
INFO: Successful registration at job manager pekko://flink/user/rpc/jobmanager_15 for job d1d9121929a3239bde42c3db5ad8addd.
Apr 29, 2024 9:25:39 AM org.apache.flink.runtime.taskexecutor.TaskExecutor establishJobManagerConnection
INFO: Establish JobManager connection for job d1d9121929a3239bde42c3db5ad8addd.
Apr 29, 2024 9:25:39 AM org.apache.flink.runtime.taskexecutor.TaskExecutor internalOfferSlotsToJobManager
INFO: Offer reserved slots to the leader of job d1d9121929a3239bde42c3db5ad8addd.
Apr 29, 2024 9:25:39 AM org.apache.flink.runtime.executiongraph.Execution transitionState
INFO: Source: Collection Source -> Timestamps/Watermarks (1/1) (51138bfe9bfd8cce79b5914dc0ec9caf_cbc357ccb763df2852fee8c4fc7d55f2_0_0) switched from SCHEDULED to DEPLOYING.
Apr 29, 2024 9:25:39 AM org.apache.flink.runtime.executiongraph.Execution deploy
INFO: Deploying Source: Collection Source -> Timestamps/Watermarks (1/1) (attempt #0) with attempt id 51138bfe9bfd8cce79b5914dc0ec9caf_cbc357ccb763df2852fee8c4fc7d55f2_0_0 and vertex id cbc357ccb763df2852fee8c4fc7d55f2_0 to 327f18b3-267c-4ff4-a664-db9beff33145 @ localhost (dataPort=-1) with allocation id 898763542c9a4b1eb0792e42c463ec2c
Apr 29, 2024 9:25:39 AM org.apache.flink.runtime.executiongraph.Execution transitionState
INFO: TumblingEventTimeWindows (1/1) (51138bfe9bfd8cce79b5914dc0ec9caf_9dd63673dd41ea021b896d5203f3ba7c_0_0) switched from SCHEDULED to DEPLOYING.
Apr 29, 2024 9:25:39 AM org.apache.flink.runtime.taskexecutor.slot.TaskSlotTableImpl markExistingSlotActive
INFO: Activate slot 898763542c9a4b1eb0792e42c463ec2c.
Apr 29, 2024 9:25:39 AM org.apache.flink.runtime.executiongraph.Execution deploy
INFO: Deploying TumblingEventTimeWindows (1/1) (attempt #0) with attempt id 51138bfe9bfd8cce79b5914dc0ec9caf_9dd63673dd41ea021b896d5203f3ba7c_0_0 and vertex id 9dd63673dd41ea021b896d5203f3ba7c_0 to 327f18b3-267c-4ff4-a664-db9beff33145 @ localhost (dataPort=-1) with allocation id 898763542c9a4b1eb0792e42c463ec2c
Apr 29, 2024 9:25:39 AM org.apache.flink.runtime.state.changelog.StateChangelogStorageLoader load
INFO: Creating a changelog storage with name 'memory'.
Apr 29, 2024 9:25:39 AM org.apache.flink.runtime.state.TaskExecutorChannelStateExecutorFactoryManager getOrCreateExecutorFactory
INFO: Creating the channel state executor factory for job id d1d9121929a3239bde42c3db5ad8addd
Apr 29, 2024 9:25:39 AM org.apache.flink.runtime.taskexecutor.TaskExecutor submitTask
INFO: Received task Source: Collection Source -> Timestamps/Watermarks (1/1)#0 (51138bfe9bfd8cce79b5914dc0ec9caf_cbc357ccb763df2852fee8c4fc7d55f2_0_0), deploy into slot with allocation id 898763542c9a4b1eb0792e42c463ec2c.
Apr 29, 2024 9:25:39 AM org.apache.flink.runtime.taskexecutor.slot.TaskSlotTableImpl markExistingSlotActive
INFO: Activate slot 898763542c9a4b1eb0792e42c463ec2c.
Apr 29, 2024 9:25:39 AM org.apache.flink.runtime.taskmanager.Task transitionState
INFO: Source: Collection Source -> Timestamps/Watermarks (1/1)#0 (51138bfe9bfd8cce79b5914dc0ec9caf_cbc357ccb763df2852fee8c4fc7d55f2_0_0) switched from CREATED to DEPLOYING.
Apr 29, 2024 9:25:39 AM org.apache.flink.runtime.taskmanager.Task doRun
INFO: Loading JAR files for task Source: Collection Source -> Timestamps/Watermarks (1/1)#0 (51138bfe9bfd8cce79b5914dc0ec9caf_cbc357ccb763df2852fee8c4fc7d55f2_0_0) [DEPLOYING].
Apr 29, 2024 9:25:39 AM org.apache.flink.runtime.taskexecutor.TaskExecutor submitTask
INFO: Received task TumblingEventTimeWindows (1/1)#0 (51138bfe9bfd8cce79b5914dc0ec9caf_9dd63673dd41ea021b896d5203f3ba7c_0_0), deploy into slot with allocation id 898763542c9a4b1eb0792e42c463ec2c.
Apr 29, 2024 9:25:39 AM org.apache.flink.runtime.taskmanager.Task transitionState
INFO: TumblingEventTimeWindows (1/1)#0 (51138bfe9bfd8cce79b5914dc0ec9caf_9dd63673dd41ea021b896d5203f3ba7c_0_0) switched from CREATED to DEPLOYING.
Apr 29, 2024 9:25:39 AM org.apache.flink.runtime.taskexecutor.slot.TaskSlotTableImpl markExistingSlotActive
INFO: Activate slot 898763542c9a4b1eb0792e42c463ec2c.
Apr 29, 2024 9:25:39 AM org.apache.flink.runtime.taskmanager.Task doRun
INFO: Loading JAR files for task TumblingEventTimeWindows (1/1)#0 (51138bfe9bfd8cce79b5914dc0ec9caf_9dd63673dd41ea021b896d5203f3ba7c_0_0) [DEPLOYING].
Apr 29, 2024 9:25:39 AM org.apache.flink.runtime.state.StateBackendLoader loadFromApplicationOrConfigOrDefaultInternal
INFO: No state backend has been configured, using default (HashMap) org.apache.flink.runtime.state.hashmap.HashMapStateBackend@439e7ebd
Apr 29, 2024 9:25:39 AM org.apache.flink.runtime.state.StateBackendLoader fromApplicationOrConfigOrDefault
INFO: State backend loader loads the state backend as HashMapStateBackend
Apr 29, 2024 9:25:39 AM org.apache.flink.runtime.state.CheckpointStorageLoader createJobManagerCheckpointStorage
INFO: Checkpoint storage is set to 'jobmanager'
Apr 29, 2024 9:25:39 AM org.apache.flink.runtime.taskmanager.Task transitionState
INFO: TumblingEventTimeWindows (1/1)#0 (51138bfe9bfd8cce79b5914dc0ec9caf_9dd63673dd41ea021b896d5203f3ba7c_0_0) switched from DEPLOYING to INITIALIZING.
Apr 29, 2024 9:25:39 AM org.apache.flink.runtime.executiongraph.Execution transitionState
INFO: TumblingEventTimeWindows (1/1) (51138bfe9bfd8cce79b5914dc0ec9caf_9dd63673dd41ea021b896d5203f3ba7c_0_0) switched from DEPLOYING to INITIALIZING.
Apr 29, 2024 9:25:39 AM org.apache.flink.runtime.state.StateBackendLoader loadFromApplicationOrConfigOrDefaultInternal
INFO: No state backend has been configured, using default (HashMap) org.apache.flink.runtime.state.hashmap.HashMapStateBackend@42b51ce0
Apr 29, 2024 9:25:39 AM org.apache.flink.runtime.state.StateBackendLoader fromApplicationOrConfigOrDefault
INFO: State backend loader loads the state backend as HashMapStateBackend
Apr 29, 2024 9:25:39 AM org.apache.flink.runtime.state.CheckpointStorageLoader createJobManagerCheckpointStorage
INFO: Checkpoint storage is set to 'jobmanager'
Apr 29, 2024 9:25:39 AM org.apache.flink.runtime.taskmanager.Task transitionState
INFO: Source: Collection Source -> Timestamps/Watermarks (1/1)#0 (51138bfe9bfd8cce79b5914dc0ec9caf_cbc357ccb763df2852fee8c4fc7d55f2_0_0) switched from DEPLOYING to INITIALIZING.
Apr 29, 2024 9:25:39 AM org.apache.flink.runtime.executiongraph.Execution transitionState
INFO: Source: Collection Source -> Timestamps/Watermarks (1/1) (51138bfe9bfd8cce79b5914dc0ec9caf_cbc357ccb763df2852fee8c4fc7d55f2_0_0) switched from DEPLOYING to INITIALIZING.
Apr 29, 2024 9:25:39 AM org.apache.flink.runtime.state.heap.HeapKeyedStateBackendBuilder restoreState
INFO: Finished to build heap keyed state-backend.
Apr 29, 2024 9:25:39 AM org.apache.flink.runtime.state.heap.HeapKeyedStateBackend <init>
INFO: Initializing heap keyed state backend with stream factory.
Apr 29, 2024 9:25:39 AM org.apache.flink.runtime.taskmanager.Task transitionState
INFO: Source: Collection Source -> Timestamps/Watermarks (1/1)#0 (51138bfe9bfd8cce79b5914dc0ec9caf_cbc357ccb763df2852fee8c4fc7d55f2_0_0) switched from INITIALIZING to RUNNING.
Apr 29, 2024 9:25:39 AM org.apache.flink.runtime.executiongraph.Execution transitionState
INFO: Source: Collection Source -> Timestamps/Watermarks (1/1) (51138bfe9bfd8cce79b5914dc0ec9caf_cbc357ccb763df2852fee8c4fc7d55f2_0_0) switched from INITIALIZING to RUNNING.
Apr 29, 2024 9:25:39 AM org.apache.flink.runtime.taskmanager.Task transitionState
INFO: TumblingEventTimeWindows (1/1)#0 (51138bfe9bfd8cce79b5914dc0ec9caf_9dd63673dd41ea021b896d5203f3ba7c_0_0) switched from INITIALIZING to RUNNING.
Apr 29, 2024 9:25:39 AM org.apache.flink.runtime.executiongraph.Execution transitionState
INFO: TumblingEventTimeWindows (1/1) (51138bfe9bfd8cce79b5914dc0ec9caf_9dd63673dd41ea021b896d5203f3ba7c_0_0) switched from INITIALIZING to RUNNING.
Apr 29, 2024 9:25:39 AM org.apache.flink.api.java.typeutils.runtime.kryo.KryoSerializer getKryoInstance
INFO: Kryo serializer scala extensions are not available.
Apr 29, 2024 9:25:39 AM org.apache.flink.api.java.typeutils.runtime.kryo.KryoSerializer getKryoInstance
INFO: Kryo serializer scala extensions are not available.
Apr 29, 2024 9:25:39 AM org.apache.flink.api.java.typeutils.runtime.kryo.KryoSerializer getKryoInstance
INFO: Kryo serializer scala extensions are not available.
Apr 29, 2024 9:25:39 AM org.apache.flink.api.java.typeutils.runtime.kryo.KryoSerializer getKryoInstance
INFO: Kryo serializer scala extensions are not available.
Apr 29, 2024 9:25:39 AM org.apache.flink.runtime.taskmanager.Task transitionState
INFO: Source: Collection Source -> Timestamps/Watermarks (1/1)#0 (51138bfe9bfd8cce79b5914dc0ec9caf_cbc357ccb763df2852fee8c4fc7d55f2_0_0) switched from RUNNING to FINISHED.
Apr 29, 2024 9:25:39 AM org.apache.flink.runtime.taskmanager.Task doRun
INFO: Freeing task resources for Source: Collection Source -> Timestamps/Watermarks (1/1)#0 (51138bfe9bfd8cce79b5914dc0ec9caf_cbc357ccb763df2852fee8c4fc7d55f2_0_0).
Apr 29, 2024 9:25:39 AM org.apache.flink.runtime.taskexecutor.TaskExecutor unregisterTaskAndNotifyFinalState
INFO: Un-registering task and sending final execution state FINISHED to JobManager for task Source: Collection Source -> Timestamps/Watermarks (1/1)#0 51138bfe9bfd8cce79b5914dc0ec9caf_cbc357ccb763df2852fee8c4fc7d55f2_0_0.
Apr 29, 2024 9:25:39 AM org.apache.flink.runtime.executiongraph.Execution transitionState
INFO: Source: Collection Source -> Timestamps/Watermarks (1/1) (51138bfe9bfd8cce79b5914dc0ec9caf_cbc357ccb763df2852fee8c4fc7d55f2_0_0) switched from RUNNING to FINISHED.
Apr 29, 2024 9:25:39 AM org.apache.flink.runtime.taskmanager.Task transitionState
INFO: TumblingEventTimeWindows (1/1)#0 (51138bfe9bfd8cce79b5914dc0ec9caf_9dd63673dd41ea021b896d5203f3ba7c_0_0) switched from RUNNING to FINISHED.
Apr 29, 2024 9:25:39 AM org.apache.flink.runtime.taskmanager.Task doRun
INFO: Freeing task resources for TumblingEventTimeWindows (1/1)#0 (51138bfe9bfd8cce79b5914dc0ec9caf_9dd63673dd41ea021b896d5203f3ba7c_0_0).
Apr 29, 2024 9:25:39 AM org.apache.flink.runtime.taskexecutor.TaskExecutor unregisterTaskAndNotifyFinalState
INFO: Un-registering task and sending final execution state FINISHED to JobManager for task TumblingEventTimeWindows (1/1)#0 51138bfe9bfd8cce79b5914dc0ec9caf_9dd63673dd41ea021b896d5203f3ba7c_0_0.
Apr 29, 2024 9:25:39 AM org.apache.flink.runtime.executiongraph.Execution transitionState
INFO: TumblingEventTimeWindows (1/1) (51138bfe9bfd8cce79b5914dc0ec9caf_9dd63673dd41ea021b896d5203f3ba7c_0_0) switched from RUNNING to FINISHED.
Apr 29, 2024 9:25:39 AM org.apache.flink.runtime.executiongraph.DefaultExecutionGraph transitionState
INFO: Job Flink Streaming Job (d1d9121929a3239bde42c3db5ad8addd) switched from state RUNNING to FINISHED.
Apr 29, 2024 9:25:39 AM org.apache.flink.runtime.resourcemanager.slotmanager.FineGrainedSlotManager processResourceRequirements
INFO: Clearing resource requirements of job d1d9121929a3239bde42c3db5ad8addd
Apr 29, 2024 9:25:39 AM org.apache.flink.runtime.checkpoint.CheckpointCoordinator shutdown
INFO: Stopping checkpoint coordinator for job d1d9121929a3239bde42c3db5ad8addd.
Apr 29, 2024 9:25:39 AM org.apache.flink.runtime.dispatcher.Dispatcher jobReachedTerminalState
INFO: Job d1d9121929a3239bde42c3db5ad8addd reached terminal state FINISHED.
Apr 29, 2024 9:25:39 AM org.apache.flink.runtime.minicluster.MiniCluster closeInternal
INFO: Shutting down Flink Mini Cluster
Apr 29, 2024 9:25:39 AM org.apache.flink.runtime.rest.RestServerEndpoint closeAsync
INFO: Shutting down rest endpoint.
Apr 29, 2024 9:25:39 AM org.apache.flink.runtime.dispatcher.Dispatcher lambda$registerGloballyTerminatedJobInJobResultStore$42
INFO: Job d1d9121929a3239bde42c3db5ad8addd has been registered for cleanup in the JobResultStore after reaching a terminal state.
Apr 29, 2024 9:25:39 AM org.apache.flink.runtime.taskexecutor.TaskExecutor onStop
INFO: Stopping TaskExecutor pekko://flink/user/rpc/taskmanager_12.
Apr 29, 2024 9:25:39 AM org.apache.flink.runtime.taskexecutor.TaskExecutor closeResourceManagerConnection
INFO: Close ResourceManager connection ef3829a3e977a3075b70baa6797aaec1.
Apr 29, 2024 9:25:39 AM org.apache.flink.runtime.jobmaster.JobMaster onStop
INFO: Stopping the JobMaster for job 'Flink Streaming Job' (d1d9121929a3239bde42c3db5ad8addd).
Apr 29, 2024 9:25:39 AM org.apache.flink.runtime.taskexecutor.TaskExecutor disconnectJobManagerConnection
INFO: Close JobManager connection for job d1d9121929a3239bde42c3db5ad8addd.
Apr 29, 2024 9:25:39 AM org.apache.flink.runtime.resourcemanager.ResourceManager closeTaskManagerConnection
INFO: Closing TaskExecutor connection 327f18b3-267c-4ff4-a664-db9beff33145 because: The TaskExecutor is shutting down.
Apr 29, 2024 9:25:39 AM org.apache.flink.runtime.resourcemanager.slotmanager.FineGrainedSlotManager unregisterTaskManager
INFO: Unregistering task executor 1e111491437c05f3fa7d188dd70abb7e from the slot manager.
Apr 29, 2024 9:25:39 AM org.apache.flink.runtime.resourcemanager.slotmanager.DefaultSlotStatusSyncer freeSlot
INFO: Freeing slot 898763542c9a4b1eb0792e42c463ec2c.
Apr 29, 2024 9:25:39 AM org.apache.flink.runtime.state.TaskExecutorStateChangelogStoragesManager shutdown
INFO: Shutting down TaskExecutorStateChangelogStoragesManager.
Apr 29, 2024 9:25:39 AM org.apache.flink.runtime.state.TaskExecutorChannelStateExecutorFactoryManager shutdown
INFO: Shutting down TaskExecutorChannelStateExecutorFactoryManager.
Apr 29, 2024 9:25:39 AM org.apache.flink.runtime.taskexecutor.slot.TaskSlotTableImpl freeSlotInternal
INFO: Free slot TaskSlot(index:1, state:ALLOCATED, resource profile: ResourceProfile{taskHeapMemory=1024.000gb (1099511627776 bytes), taskOffHeapMemory=1024.000gb (1099511627776 bytes), managedMemory=128.000mb (134217728 bytes), networkMemory=64.000mb (67108864 bytes)}, allocationId: 898763542c9a4b1eb0792e42c463ec2c, jobId: d1d9121929a3239bde42c3db5ad8addd).
Apr 29, 2024 9:25:39 AM org.apache.flink.runtime.checkpoint.StandaloneCompletedCheckpointStore shutdown
INFO: Shutting down
Apr 29, 2024 9:25:39 AM org.apache.flink.runtime.jobmaster.JobMaster disconnectTaskManager
INFO: Disconnect TaskExecutor 327f18b3-267c-4ff4-a664-db9beff33145 because: Stopping JobMaster for job 'Flink Streaming Job' (d1d9121929a3239bde42c3db5ad8addd).
Apr 29, 2024 9:25:39 AM org.apache.flink.runtime.jobmaster.slotpool.DefaultDeclarativeSlotPool releaseSlots
INFO: Releasing slot [898763542c9a4b1eb0792e42c463ec2c].
Apr 29, 2024 9:25:39 AM org.apache.flink.runtime.jobmaster.JobMaster dissolveResourceManagerConnection
INFO: Close ResourceManager connection ef3829a3e977a3075b70baa6797aaec1: Stopping JobMaster for job 'Flink Streaming Job' (d1d9121929a3239bde42c3db5ad8addd).
Apr 29, 2024 9:25:39 AM org.apache.flink.runtime.resourcemanager.ResourceManager closeJobManagerConnection
INFO: Disconnect job manager 9da032cc1acff72d8118c617e131469d@pekko://flink/user/rpc/jobmanager_15 for job d1d9121929a3239bde42c3db5ad8addd from the resource manager.
Apr 29, 2024 9:25:39 AM org.apache.flink.runtime.webmonitor.WebMonitorEndpoint lambda$shutDownInternal$7
INFO: Removing cache directory /var/folders/9y/mg706rlj3cx1fsv47rlmtqq40000gn/T/flink-web-ui
Apr 29, 2024 9:25:39 AM org.apache.flink.runtime.taskexecutor.DefaultJobLeaderService stop
INFO: Stop job leader service.
Apr 29, 2024 9:25:39 AM org.apache.flink.runtime.state.TaskExecutorLocalStateStoresManager shutdown
INFO: Shutting down TaskExecutorLocalStateStoresManager.
Apr 29, 2024 9:25:39 AM org.apache.flink.runtime.webmonitor.WebMonitorEndpoint revokeLeadership
INFO: http://localhost:50041 lost leadership
Apr 29, 2024 9:25:39 AM org.apache.flink.runtime.rest.RestServerEndpoint lambda$closeAsync$1
INFO: Shut down complete.
Apr 29, 2024 9:25:39 AM org.apache.flink.runtime.taskexecutor.TaskExecutorResourceUtils setConfigOptionToDefaultIfNotSet
INFO: The configuration option taskmanager.cpu.cores required for local execution is not set, setting it to the maximal possible value.
Apr 29, 2024 9:25:39 AM org.apache.flink.runtime.taskexecutor.TaskExecutorResourceUtils setConfigOptionToDefaultIfNotSet
INFO: The configuration option taskmanager.memory.task.heap.size required for local execution is not set, setting it to the maximal possible value.
Apr 29, 2024 9:25:39 AM org.apache.flink.runtime.taskexecutor.TaskExecutorResourceUtils setConfigOptionToDefaultIfNotSet
INFO: The configuration option taskmanager.memory.task.off-heap.size required for local execution is not set, setting it to the maximal possible value.
Apr 29, 2024 9:25:39 AM org.apache.flink.runtime.taskexecutor.TaskExecutorResourceUtils setConfigOptionToDefaultIfNotSet
INFO: The configuration option taskmanager.memory.network.min required for local execution is not set, setting it to its default value 64 mb.
Apr 29, 2024 9:25:39 AM org.apache.flink.runtime.resourcemanager.ResourceManager deregisterApplication
INFO: Shut down cluster because application is in CANCELED, diagnostics DispatcherResourceManagerComponent has been closed..
Apr 29, 2024 9:25:39 AM org.apache.flink.runtime.taskexecutor.TaskExecutorResourceUtils setConfigOptionToDefaultIfNotSet
INFO: The configuration option taskmanager.memory.network.max required for local execution is not set, setting it to its default value 64 mb.
Apr 29, 2024 9:25:39 AM org.apache.flink.runtime.taskexecutor.TaskExecutorResourceUtils setConfigOptionToDefaultIfNotSet
INFO: The configuration option taskmanager.memory.managed.size required for local execution is not set, setting it to its default value 128 mb.
Apr 29, 2024 9:25:39 AM org.apache.flink.runtime.minicluster.MiniCluster start
INFO: Starting Flink Mini Cluster
Apr 29, 2024 9:25:39 AM org.apache.flink.runtime.entrypoint.component.DispatcherResourceManagerComponent closeAsyncInternal
INFO: Closing components.
Apr 29, 2024 9:25:39 AM org.apache.flink.runtime.dispatcher.runner.AbstractDispatcherLeaderProcess closeInternal
INFO: Stopping SessionDispatcherLeaderProcess.
Apr 29, 2024 9:25:39 AM org.apache.flink.runtime.resourcemanager.ResourceManagerServiceImpl closeAsync
INFO: Stopping resource manager service.
Apr 29, 2024 9:25:39 AM org.apache.flink.runtime.dispatcher.Dispatcher onStop
INFO: Stopping dispatcher pekko://flink/user/rpc/dispatcher_13.
Apr 29, 2024 9:25:39 AM org.apache.flink.runtime.resourcemanager.ResourceManagerServiceImpl lambda$revokeLeadership$3
INFO: Resource manager service is not running. Ignore revoking leadership.
Apr 29, 2024 9:25:39 AM org.apache.flink.runtime.dispatcher.Dispatcher terminateRunningJobs
INFO: Stopping all currently running jobs of dispatcher pekko://flink/user/rpc/dispatcher_13.
Apr 29, 2024 9:25:39 AM org.apache.flink.runtime.security.token.DefaultDelegationTokenManager stop
INFO: Stopping credential renewal
Apr 29, 2024 9:25:39 AM org.apache.flink.runtime.security.token.DefaultDelegationTokenManager stop
INFO: Stopped credential renewal
Apr 29, 2024 9:25:39 AM org.apache.flink.runtime.resourcemanager.slotmanager.FineGrainedSlotManager close
INFO: Closing the slot manager.
Apr 29, 2024 9:25:39 AM org.apache.flink.runtime.resourcemanager.slotmanager.FineGrainedSlotManager suspend
INFO: Suspending the slot manager.
Apr 29, 2024 9:25:39 AM org.apache.flink.runtime.io.disk.FileChannelManagerImpl lambda$getFileCloser$0
INFO: FileChannelManager removed spill file directory /var/folders/9y/mg706rlj3cx1fsv47rlmtqq40000gn/T/flink-io-7e195989-191a-4e13-b354-b79a5e459c1d
Apr 29, 2024 9:25:39 AM org.apache.flink.runtime.io.network.NettyShuffleEnvironment close
INFO: Shutting down the network environment and its components.
Apr 29, 2024 9:25:39 AM org.apache.flink.runtime.io.disk.FileChannelManagerImpl lambda$getFileCloser$0
INFO: FileChannelManager removed spill file directory /var/folders/9y/mg706rlj3cx1fsv47rlmtqq40000gn/T/flink-netty-shuffle-dd85fa58-7c5f-43b9-9f29-c3412f2a0e44
Apr 29, 2024 9:25:39 AM org.apache.flink.runtime.taskexecutor.KvStateService shutdown
INFO: Shutting down the kvState service and its components.
Apr 29, 2024 9:25:39 AM org.apache.flink.runtime.taskexecutor.DefaultJobLeaderService stop
INFO: Stop job leader service.
Apr 29, 2024 9:25:39 AM org.apache.flink.runtime.dispatcher.Dispatcher lambda$onStop$2
INFO: Stopped dispatcher pekko://flink/user/rpc/dispatcher_13.
Apr 29, 2024 9:25:39 AM org.apache.flink.runtime.filecache.FileCache shutdown
INFO: removed file cache directory /var/folders/9y/mg706rlj3cx1fsv47rlmtqq40000gn/T/flink-dist-cache-b94f5b3f-dd79-4059-ad32-efc14d09e34b
Apr 29, 2024 9:25:39 AM org.apache.flink.runtime.taskexecutor.TaskExecutor handleOnStopException
INFO: Stopped TaskExecutor pekko://flink/user/rpc/taskmanager_12.
Apr 29, 2024 9:25:39 AM org.apache.flink.runtime.rpc.pekko.PekkoRpcService closeAsync
INFO: Stopping Pekko RPC service.
Apr 29, 2024 9:25:39 AM org.apache.pekko.event.slf4j.Slf4jLogger$$anonfun$receive$1 $anonfun$applyOrElse$3
INFO: Running CoordinatedShutdown with reason [ActorSystemTerminateReason]
Apr 29, 2024 9:25:39 AM org.apache.flink.runtime.rpc.pekko.PekkoRpcService closeAsync
INFO: Stopping Pekko RPC service.
Apr 29, 2024 9:25:39 AM org.apache.flink.runtime.rpc.pekko.PekkoRpcService lambda$closeAsync$7
INFO: Stopped Pekko RPC service.
Apr 29, 2024 9:25:39 AM org.apache.pekko.event.slf4j.Slf4jLogger$$anonfun$receive$1 $anonfun$applyOrElse$3
INFO: Running CoordinatedShutdown with reason [ActorSystemTerminateReason]
Apr 29, 2024 9:25:39 AM org.apache.flink.runtime.blob.AbstractBlobCache close
INFO: Shutting down BLOB cache
Apr 29, 2024 9:25:39 AM org.apache.flink.runtime.blob.AbstractBlobCache close
INFO: Shutting down BLOB cache
Apr 29, 2024 9:25:39 AM org.apache.flink.runtime.blob.BlobServer close
INFO: Stopped BLOB server at 0.0.0.0:50040
Apr 29, 2024 9:25:39 AM org.apache.flink.runtime.rpc.pekko.PekkoRpcService lambda$closeAsync$7
INFO: Stopped Pekko RPC service.
Apr 29, 2024 9:25:39 AM org.apache.flink.runtime.minicluster.MiniCluster start
INFO: Starting Metrics Registry
Apr 29, 2024 9:25:39 AM org.apache.flink.runtime.metrics.MetricRegistryImpl <init>
INFO: No metrics reporter configured, no metrics will be exposed/reported.
Apr 29, 2024 9:25:39 AM org.apache.flink.runtime.minicluster.MiniCluster start
INFO: Starting RPC Service(s)
Apr 29, 2024 9:25:39 AM org.apache.flink.runtime.rpc.pekko.ActorSystemBootstrapTools startLocalActorSystem
INFO: Trying to start local actor system
Apr 29, 2024 9:25:40 AM org.apache.pekko.event.slf4j.Slf4jLogger$$anonfun$receive$1 applyOrElse
INFO: Slf4jLogger started
Apr 29, 2024 9:25:40 AM org.apache.flink.runtime.rpc.pekko.ActorSystemBootstrapTools startActorSystem
INFO: Actor system started at pekko://flink
Apr 29, 2024 9:25:40 AM org.apache.flink.runtime.rpc.pekko.ActorSystemBootstrapTools startLocalActorSystem
INFO: Trying to start local actor system
Apr 29, 2024 9:25:40 AM org.apache.pekko.event.slf4j.Slf4jLogger$$anonfun$receive$1 applyOrElse
INFO: Slf4jLogger started
Apr 29, 2024 9:25:40 AM org.apache.flink.runtime.rpc.pekko.ActorSystemBootstrapTools startActorSystem
INFO: Actor system started at pekko://flink-metrics
Apr 29, 2024 9:25:40 AM org.apache.flink.runtime.rpc.pekko.PekkoRpcService startServer
INFO: Starting RPC endpoint for org.apache.flink.runtime.metrics.dump.MetricQueryService at pekko://flink-metrics/user/rpc/MetricQueryService .
Apr 29, 2024 9:25:40 AM org.apache.flink.runtime.security.token.DefaultDelegationTokenManager loadProviders
INFO: Loading delegation token providers
Apr 29, 2024 9:25:40 AM org.apache.flink.runtime.util.HadoopUtils getHadoopConfiguration
WARNING: Could not find Hadoop configuration via any of the supported methods (Flink configuration, environment variables).
Apr 29, 2024 9:25:40 AM org.apache.flink.runtime.security.token.DefaultDelegationTokenManager lambda$loadProviders$0
INFO: Delegation token provider hadoopfs loaded and initialized
Apr 29, 2024 9:25:40 AM org.apache.flink.runtime.util.HadoopUtils getHadoopConfiguration
WARNING: Could not find Hadoop configuration via any of the supported methods (Flink configuration, environment variables).
Apr 29, 2024 9:25:40 AM org.apache.flink.runtime.security.token.DefaultDelegationTokenManager lambda$loadProviders$0
INFO: Delegation token provider hbase loaded and initialized
Apr 29, 2024 9:25:40 AM org.apache.flink.runtime.security.token.DefaultDelegationTokenManager loadProviders
INFO: Delegation token providers loaded successfully
Apr 29, 2024 9:25:40 AM org.apache.flink.runtime.security.token.DelegationTokenReceiverRepository loadReceivers
INFO: Loading delegation token receivers
Apr 29, 2024 9:25:40 AM org.apache.flink.runtime.security.token.DelegationTokenReceiverRepository lambda$loadReceivers$0
INFO: Delegation token receiver hadoopfs loaded and initialized
Apr 29, 2024 9:25:40 AM org.apache.flink.runtime.security.token.DelegationTokenReceiverRepository lambda$loadReceivers$0
INFO: Delegation token receiver hbase loaded and initialized
Apr 29, 2024 9:25:40 AM org.apache.flink.runtime.security.token.DelegationTokenReceiverRepository loadReceivers
INFO: Delegation token receivers loaded successfully
Apr 29, 2024 9:25:40 AM org.apache.flink.runtime.security.token.DefaultDelegationTokenManager checkProviderAndReceiverConsistency
INFO: Checking provider and receiver instances consistency
Apr 29, 2024 9:25:40 AM org.apache.flink.runtime.security.token.DefaultDelegationTokenManager checkProviderAndReceiverConsistency
INFO: Provider and receiver instances are consistent
Apr 29, 2024 9:25:40 AM org.apache.flink.runtime.security.token.DefaultDelegationTokenManager obtainDelegationTokens
INFO: Obtaining delegation tokens
Apr 29, 2024 9:25:40 AM org.apache.flink.runtime.security.token.DefaultDelegationTokenManager obtainDelegationTokens
INFO: Delegation tokens obtained successfully
Apr 29, 2024 9:25:40 AM org.apache.flink.runtime.security.token.DefaultDelegationTokenManager obtainDelegationTokens
WARNING: No tokens obtained so skipping notifications
Apr 29, 2024 9:25:40 AM org.apache.flink.runtime.security.token.DelegationTokenReceiverRepository loadReceivers
INFO: Loading delegation token receivers
Apr 29, 2024 9:25:40 AM org.apache.flink.runtime.security.token.DelegationTokenReceiverRepository lambda$loadReceivers$0
INFO: Delegation token receiver hadoopfs loaded and initialized
Apr 29, 2024 9:25:40 AM org.apache.flink.runtime.security.token.DelegationTokenReceiverRepository lambda$loadReceivers$0
INFO: Delegation token receiver hbase loaded and initialized
Apr 29, 2024 9:25:40 AM org.apache.flink.runtime.security.token.DelegationTokenReceiverRepository loadReceivers
INFO: Delegation token receivers loaded successfully
Apr 29, 2024 9:25:40 AM org.apache.flink.runtime.blob.BlobServer <init>
INFO: Created BLOB server storage directory /var/folders/9y/mg706rlj3cx1fsv47rlmtqq40000gn/T/minicluster_a64b0918beede787a5c45bdf445ed1fb/blobStorage
Apr 29, 2024 9:25:40 AM org.apache.flink.runtime.blob.BlobServer <init>
INFO: Started BLOB server at 0.0.0.0:50042 - max concurrent requests: 50 - max backlog: 1000
Apr 29, 2024 9:25:40 AM org.apache.flink.runtime.blob.AbstractBlobCache <init>
INFO: Created BLOB cache storage directory /var/folders/9y/mg706rlj3cx1fsv47rlmtqq40000gn/T/minicluster_a64b0918beede787a5c45bdf445ed1fb/blobStorage
Apr 29, 2024 9:25:40 AM org.apache.flink.runtime.blob.AbstractBlobCache <init>
INFO: Created BLOB cache storage directory /var/folders/9y/mg706rlj3cx1fsv47rlmtqq40000gn/T/minicluster_a64b0918beede787a5c45bdf445ed1fb/blobStorage
Apr 29, 2024 9:25:40 AM org.apache.flink.runtime.minicluster.MiniCluster startTaskManagers
INFO: Starting 1 TaskManager(s)
Apr 29, 2024 9:25:40 AM org.apache.flink.runtime.taskexecutor.TaskManagerRunner startTaskManager
INFO: Starting TaskManager with ResourceID: 90543952-2445-4fe3-bd5c-8b655cac6080
Apr 29, 2024 9:25:40 AM org.apache.flink.runtime.taskexecutor.TaskManagerServices checkTempDirs
INFO: Temporary file directory '/var/folders/9y/mg706rlj3cx1fsv47rlmtqq40000gn/T': total 460 GB, usable 240 GB (52.17% usable)
Apr 29, 2024 9:25:40 AM org.apache.flink.runtime.io.disk.iomanager.IOManager <init>
INFO: Created a new FileChannelManager for spilling of task related data to disk (joins, sorting, ...). Used directories:
	/var/folders/9y/mg706rlj3cx1fsv47rlmtqq40000gn/T/flink-io-64c66ce9-ac0a-41df-b08b-0b33805d77c9
Apr 29, 2024 9:25:40 AM org.apache.flink.runtime.io.network.NettyShuffleServiceFactory createNettyShuffleEnvironment
INFO: Created a new FileChannelManager for storing result partitions of BLOCKING shuffles. Used directories:
	/var/folders/9y/mg706rlj3cx1fsv47rlmtqq40000gn/T/flink-netty-shuffle-25296878-5d95-44ed-8e64-038b6bd2f262
Apr 29, 2024 9:25:40 AM org.apache.flink.runtime.io.network.buffer.NetworkBufferPool <init>
INFO: Allocated 64 MB for network buffer pool (number of memory segments: 2048, bytes per segment: 32768).
Apr 29, 2024 9:25:40 AM org.apache.flink.runtime.io.network.NettyShuffleEnvironment start
INFO: Starting the network environment and its components.
Apr 29, 2024 9:25:40 AM org.apache.flink.runtime.taskexecutor.KvStateService start
INFO: Starting the kvState service and its components.
Apr 29, 2024 9:25:40 AM org.apache.flink.configuration.Configuration loggingFallback
INFO: Config uses fallback configuration key 'pekko.ask.timeout' instead of key 'taskmanager.slot.timeout'
Apr 29, 2024 9:25:40 AM org.apache.flink.runtime.rpc.pekko.PekkoRpcService startServer
INFO: Starting RPC endpoint for org.apache.flink.runtime.taskexecutor.TaskExecutor at pekko://flink/user/rpc/taskmanager_16 .
Apr 29, 2024 9:25:40 AM org.apache.flink.runtime.taskexecutor.DefaultJobLeaderService start
INFO: Start job leader service.
Apr 29, 2024 9:25:40 AM org.apache.flink.runtime.filecache.FileCache <init>
INFO: User file cache uses directory /var/folders/9y/mg706rlj3cx1fsv47rlmtqq40000gn/T/flink-dist-cache-8562b72f-0d1c-45ea-97d4-c59d6156fd51
Apr 29, 2024 9:25:40 AM org.apache.flink.runtime.rest.RestServerEndpoint start
INFO: Starting rest endpoint.
Apr 29, 2024 9:25:40 AM org.apache.flink.runtime.webmonitor.WebMonitorUtils$LogFileLocation find
WARNING: Log file environment variable 'log.file' is not set.
Apr 29, 2024 9:25:40 AM org.apache.flink.runtime.webmonitor.WebMonitorUtils$LogFileLocation find
WARNING: JobManager log files are unavailable in the web dashboard. Log file location not found in environment variable 'log.file' or configuration key 'web.log.path'.
Apr 29, 2024 9:25:40 AM org.apache.flink.runtime.rest.RestServerEndpoint start
INFO: Rest endpoint listening at localhost:50043
Apr 29, 2024 9:25:40 AM org.apache.flink.runtime.highavailability.nonha.embedded.EmbeddedLeaderService updateLeader
INFO: Proposing leadership to the contender that is registered under component ID 'rest_server'.
Apr 29, 2024 9:25:40 AM org.apache.flink.runtime.webmonitor.WebMonitorEndpoint startInternal
INFO: Web frontend listening at http://localhost:50043.
Apr 29, 2024 9:25:40 AM org.apache.flink.runtime.webmonitor.WebMonitorEndpoint grantLeadership
INFO: http://localhost:50043 was granted leadership with leaderSessionID=772b8dde-59bc-43da-a1cf-1d8d37aa1437
Apr 29, 2024 9:25:40 AM org.apache.flink.runtime.highavailability.nonha.embedded.EmbeddedLeaderService confirmLeader
INFO: Received confirmation of leadership for leader http://localhost:50043 , session=772b8dde-59bc-43da-a1cf-1d8d37aa1437
Apr 29, 2024 9:25:40 AM org.apache.flink.runtime.highavailability.nonha.embedded.EmbeddedLeaderService updateLeader
INFO: Proposing leadership to the contender that is registered under component ID 'dispatcher'.
Apr 29, 2024 9:25:40 AM org.apache.flink.runtime.resourcemanager.ResourceManagerServiceImpl start
INFO: Starting resource manager service.
Apr 29, 2024 9:25:40 AM org.apache.flink.runtime.dispatcher.runner.DefaultDispatcherRunner lambda$grantLeadership$0
INFO: DefaultDispatcherRunner was granted leadership with leader id 7ca1fa7e-95c8-4088-8f82-6d2cc7a279e9. Creating new DispatcherLeaderProcess.
Apr 29, 2024 9:25:40 AM org.apache.flink.runtime.highavailability.nonha.embedded.EmbeddedLeaderService updateLeader
INFO: Proposing leadership to the contender that is registered under component ID 'resource_manager'.
Apr 29, 2024 9:25:40 AM org.apache.flink.runtime.dispatcher.runner.AbstractDispatcherLeaderProcess startInternal
INFO: Start SessionDispatcherLeaderProcess.
Apr 29, 2024 9:25:40 AM org.apache.flink.runtime.dispatcher.runner.SessionDispatcherLeaderProcess recoverJobs
INFO: Recover all persisted job graphs that are not finished, yet.
Apr 29, 2024 9:25:40 AM org.apache.flink.runtime.dispatcher.runner.SessionDispatcherLeaderProcess recoverJobs
INFO: Successfully recovered 0 persisted job graphs.
Apr 29, 2024 9:25:40 AM org.apache.flink.runtime.minicluster.MiniCluster start
INFO: Flink Mini Cluster started successfully
Apr 29, 2024 9:25:40 AM org.apache.flink.runtime.resourcemanager.ResourceManagerServiceImpl lambda$grantLeadership$2
INFO: Resource manager service is granted leadership with session id 1554a034-a3aa-4877-a08a-18819f1e014b.
Apr 29, 2024 9:25:40 AM org.apache.flink.runtime.rpc.pekko.PekkoRpcService startServer
INFO: Starting RPC endpoint for org.apache.flink.runtime.dispatcher.StandaloneDispatcher at pekko://flink/user/rpc/dispatcher_17 .
Apr 29, 2024 9:25:40 AM org.apache.flink.runtime.rpc.pekko.PekkoRpcService startServer
INFO: Starting RPC endpoint for org.apache.flink.runtime.resourcemanager.StandaloneResourceManager at pekko://flink/user/rpc/resourcemanager_18 .
Apr 29, 2024 9:25:40 AM org.apache.flink.runtime.resourcemanager.ResourceManager onStart
INFO: Starting the resource manager.
Apr 29, 2024 9:25:40 AM org.apache.flink.runtime.highavailability.nonha.embedded.EmbeddedLeaderService confirmLeader
INFO: Received confirmation of leadership for leader pekko://flink/user/rpc/dispatcher_17 , session=7ca1fa7e-95c8-4088-8f82-6d2cc7a279e9
Apr 29, 2024 9:25:40 AM org.apache.flink.runtime.resourcemanager.slotmanager.FineGrainedSlotManager start
INFO: Starting the slot manager.
Apr 29, 2024 9:25:40 AM org.apache.flink.runtime.security.token.DefaultDelegationTokenManager startTokensUpdate
INFO: Starting tokens update task
Apr 29, 2024 9:25:40 AM org.apache.flink.runtime.security.token.DefaultDelegationTokenManager startTokensUpdate
WARNING: No tokens obtained so skipping notifications
Apr 29, 2024 9:25:40 AM org.apache.flink.runtime.security.token.DefaultDelegationTokenManager startTokensUpdate
WARNING: Tokens update task not started because either no tokens obtained or none of the tokens specified its renewal date
Apr 29, 2024 9:25:40 AM org.apache.flink.runtime.highavailability.nonha.embedded.EmbeddedLeaderService confirmLeader
INFO: Received confirmation of leadership for leader pekko://flink/user/rpc/resourcemanager_18 , session=1554a034-a3aa-4877-a08a-18819f1e014b
Apr 29, 2024 9:25:40 AM org.apache.flink.runtime.taskexecutor.TaskExecutor connectToResourceManager
INFO: Connecting to ResourceManager pekko://flink/user/rpc/resourcemanager_18(a08a18819f1e014b1554a034a3aa4877).
Apr 29, 2024 9:25:40 AM org.apache.flink.runtime.registration.RetryingRegistration lambda$startRegistration$0
INFO: Resolved ResourceManager address, beginning registration
Apr 29, 2024 9:25:40 AM org.apache.flink.runtime.dispatcher.Dispatcher submitJob
INFO: Received JobGraph submission 'Collect highest bids' (bc5c4b5d2440660dd59201cf0f987298).
Apr 29, 2024 9:25:40 AM org.apache.flink.runtime.resourcemanager.ResourceManager registerTaskExecutorInternal
INFO: Registering TaskManager with ResourceID 90543952-2445-4fe3-bd5c-8b655cac6080 (pekko://flink/user/rpc/taskmanager_16) at ResourceManager
Apr 29, 2024 9:25:40 AM org.apache.flink.runtime.dispatcher.Dispatcher internalSubmitJob
INFO: Submitting job 'Collect highest bids' (bc5c4b5d2440660dd59201cf0f987298).
Apr 29, 2024 9:25:40 AM org.apache.flink.runtime.taskexecutor.TaskExecutorToResourceManagerConnection onRegistrationSuccess
INFO: Successful registration at resource manager pekko://flink/user/rpc/resourcemanager_18 under registration id ea5a3b75b365eea84e4d3c8c3ec8f391.
Apr 29, 2024 9:25:40 AM org.apache.flink.runtime.highavailability.nonha.embedded.EmbeddedLeaderService updateLeader
INFO: Proposing leadership to the contender that is registered under component ID 'job-bc5c4b5d2440660dd59201cf0f987298'.
Apr 29, 2024 9:25:40 AM org.apache.flink.runtime.jobmaster.JobMasterServiceLeadershipRunner createNewJobMasterServiceProcess
INFO: JobMasterServiceLeadershipRunner for job bc5c4b5d2440660dd59201cf0f987298 was granted leadership with leader id 977c9391-4336-4b91-b004-6d47238fdc41. Creating new JobMasterServiceProcess.
Apr 29, 2024 9:25:40 AM org.apache.flink.runtime.resourcemanager.slotmanager.FineGrainedSlotManager registerTaskManager
INFO: Registering task executor 90543952-2445-4fe3-bd5c-8b655cac6080 under ea5a3b75b365eea84e4d3c8c3ec8f391 at the slot manager.
Apr 29, 2024 9:25:40 AM org.apache.flink.runtime.rpc.pekko.PekkoRpcService startServer
INFO: Starting RPC endpoint for org.apache.flink.runtime.jobmaster.JobMaster at pekko://flink/user/rpc/jobmanager_19 .
Apr 29, 2024 9:25:40 AM org.apache.flink.runtime.jobmaster.JobMaster <init>
INFO: Initializing job 'Collect highest bids' (bc5c4b5d2440660dd59201cf0f987298).
Apr 29, 2024 9:25:40 AM org.apache.flink.runtime.scheduler.DefaultSchedulerFactory createInstance
INFO: Using restart back off time strategy NoRestartBackoffTimeStrategy for Collect highest bids (bc5c4b5d2440660dd59201cf0f987298).
Apr 29, 2024 9:25:40 AM org.apache.flink.runtime.executiongraph.DefaultExecutionGraph <init>
INFO: Created execution graph f9638a531f6d6b2a960ba3304f9956a4 for job bc5c4b5d2440660dd59201cf0f987298.
Apr 29, 2024 9:25:40 AM org.apache.flink.runtime.executiongraph.DefaultExecutionGraphBuilder buildGraph
INFO: Running initialization on master for job Collect highest bids (bc5c4b5d2440660dd59201cf0f987298).
Apr 29, 2024 9:25:40 AM org.apache.flink.runtime.executiongraph.DefaultExecutionGraphBuilder buildGraph
INFO: Successfully ran initialization on master in 0 ms.
Apr 29, 2024 9:25:40 AM org.apache.flink.runtime.scheduler.adapter.DefaultExecutionTopology generateNewPipelinedRegions
INFO: Built 1 new pipelined regions in 0 ms, total 1 pipelined regions currently.
Apr 29, 2024 9:25:40 AM org.apache.flink.runtime.state.StateBackendLoader loadFromApplicationOrConfigOrDefaultInternal
INFO: No state backend has been configured, using default (HashMap) org.apache.flink.runtime.state.hashmap.HashMapStateBackend@6bd3e6af
Apr 29, 2024 9:25:40 AM org.apache.flink.runtime.state.StateBackendLoader fromApplicationOrConfigOrDefault
INFO: State backend loader loads the state backend as HashMapStateBackend
Apr 29, 2024 9:25:40 AM org.apache.flink.runtime.state.CheckpointStorageLoader createJobManagerCheckpointStorage
INFO: Checkpoint storage is set to 'jobmanager'
Apr 29, 2024 9:25:40 AM org.apache.flink.runtime.checkpoint.CheckpointCoordinator restoreLatestCheckpointedStateInternal
INFO: No checkpoint found during restore.
Apr 29, 2024 9:25:40 AM org.apache.flink.runtime.scheduler.DefaultScheduler <init>
INFO: Using failover strategy org.apache.flink.runtime.executiongraph.failover.flip1.RestartPipelinedRegionFailoverStrategy@52ec0a40 for Collect highest bids (bc5c4b5d2440660dd59201cf0f987298).
Apr 29, 2024 9:25:40 AM org.apache.flink.runtime.highavailability.nonha.embedded.EmbeddedLeaderService confirmLeader
INFO: Received confirmation of leadership for leader pekko://flink/user/rpc/jobmanager_19 , session=977c9391-4336-4b91-b004-6d47238fdc41
Apr 29, 2024 9:25:40 AM org.apache.flink.runtime.jobmaster.JobMaster startJobExecution
INFO: Starting execution of job 'Collect highest bids' (bc5c4b5d2440660dd59201cf0f987298) under job master id b0046d47238fdc41977c939143364b91.
Apr 29, 2024 9:25:40 AM org.apache.flink.runtime.scheduler.DefaultScheduler startSchedulingInternal
INFO: Starting scheduling with scheduling strategy [org.apache.flink.runtime.scheduler.strategy.PipelinedRegionSchedulingStrategy]
Apr 29, 2024 9:25:40 AM org.apache.flink.runtime.executiongraph.DefaultExecutionGraph transitionState
INFO: Job Collect highest bids (bc5c4b5d2440660dd59201cf0f987298) switched from state CREATED to RUNNING.
Apr 29, 2024 9:25:40 AM org.apache.flink.runtime.executiongraph.Execution transitionState
INFO: Source: Collection Source -> Timestamps/Watermarks (1/1) (f9638a531f6d6b2a960ba3304f9956a4_cbc357ccb763df2852fee8c4fc7d55f2_0_0) switched from CREATED to SCHEDULED.
Apr 29, 2024 9:25:40 AM org.apache.flink.runtime.executiongraph.Execution transitionState
INFO: TumblingEventTimeWindows -> Sink: Data stream collect sink (1/1) (f9638a531f6d6b2a960ba3304f9956a4_90bea66de1c231edf33913ecd54406c1_0_0) switched from CREATED to SCHEDULED.
Apr 29, 2024 9:25:40 AM org.apache.flink.runtime.jobmaster.JobMaster connectToResourceManager
INFO: Connecting to ResourceManager pekko://flink/user/rpc/resourcemanager_18(a08a18819f1e014b1554a034a3aa4877)
Apr 29, 2024 9:25:40 AM org.apache.flink.runtime.registration.RetryingRegistration lambda$startRegistration$0
INFO: Resolved ResourceManager address, beginning registration
Apr 29, 2024 9:25:40 AM org.apache.flink.runtime.resourcemanager.ResourceManager registerJobMaster
INFO: Registering job manager b0046d47238fdc41977c939143364b91@pekko://flink/user/rpc/jobmanager_19 for job bc5c4b5d2440660dd59201cf0f987298.
Apr 29, 2024 9:25:40 AM org.apache.flink.runtime.resourcemanager.ResourceManager registerJobMasterInternal
INFO: Registered job manager b0046d47238fdc41977c939143364b91@pekko://flink/user/rpc/jobmanager_19 for job bc5c4b5d2440660dd59201cf0f987298.
Apr 29, 2024 9:25:40 AM org.apache.flink.runtime.jobmaster.JobMaster establishResourceManagerConnection
INFO: JobManager successfully registered at ResourceManager, leader id: a08a18819f1e014b1554a034a3aa4877.
Apr 29, 2024 9:25:40 AM org.apache.flink.runtime.resourcemanager.slotmanager.FineGrainedSlotManager processResourceRequirements
INFO: Received resource requirements from job bc5c4b5d2440660dd59201cf0f987298: [ResourceRequirement{resourceProfile=ResourceProfile{UNKNOWN}, numberOfRequiredSlots=1}]
Apr 29, 2024 9:25:40 AM org.apache.flink.runtime.resourcemanager.slotmanager.FineGrainedSlotManager logMissingAndAvailableResource
INFO: Matching resource requirements against available resources.
Missing resources:
	 Job bc5c4b5d2440660dd59201cf0f987298
		ResourceRequirement{resourceProfile=ResourceProfile{UNKNOWN}, numberOfRequiredSlots=1}
Current resources:
	TaskManager 90543952-2445-4fe3-bd5c-8b655cac6080
		Available: ResourceProfile{taskHeapMemory=1024.000gb (1099511627776 bytes), taskOffHeapMemory=1024.000gb (1099511627776 bytes), managedMemory=128.000mb (134217728 bytes), networkMemory=64.000mb (67108864 bytes)}
		Total:     ResourceProfile{taskHeapMemory=1024.000gb (1099511627776 bytes), taskOffHeapMemory=1024.000gb (1099511627776 bytes), managedMemory=128.000mb (134217728 bytes), networkMemory=64.000mb (67108864 bytes)}
Apr 29, 2024 9:25:40 AM org.apache.flink.runtime.resourcemanager.slotmanager.DefaultSlotStatusSyncer allocateSlot
INFO: Starting allocation of slot 26773f47a4d66968bddbea8259f6b6f2 from 90543952-2445-4fe3-bd5c-8b655cac6080 for job bc5c4b5d2440660dd59201cf0f987298 with resource profile ResourceProfile{taskHeapMemory=1024.000gb (1099511627776 bytes), taskOffHeapMemory=1024.000gb (1099511627776 bytes), managedMemory=128.000mb (134217728 bytes), networkMemory=64.000mb (67108864 bytes)}.
Apr 29, 2024 9:25:40 AM org.apache.flink.runtime.taskexecutor.TaskExecutor requestSlot
INFO: Receive slot request 26773f47a4d66968bddbea8259f6b6f2 for job bc5c4b5d2440660dd59201cf0f987298 from resource manager with leader id a08a18819f1e014b1554a034a3aa4877.
Apr 29, 2024 9:25:40 AM org.apache.flink.runtime.taskexecutor.slot.TaskSlotTableImpl allocateSlot
INFO: Allocated slot for 26773f47a4d66968bddbea8259f6b6f2 with resources ResourceProfile{taskHeapMemory=1024.000gb (1099511627776 bytes), taskOffHeapMemory=1024.000gb (1099511627776 bytes), managedMemory=128.000mb (134217728 bytes), networkMemory=64.000mb (67108864 bytes)}.
Apr 29, 2024 9:25:40 AM org.apache.flink.runtime.taskexecutor.DefaultJobLeaderService addJob
INFO: Add job bc5c4b5d2440660dd59201cf0f987298 for job leader monitoring.
Apr 29, 2024 9:25:40 AM org.apache.flink.runtime.taskexecutor.DefaultJobLeaderService$JobManagerLeaderListener openRpcConnectionTo
INFO: Try to register at job manager pekko://flink/user/rpc/jobmanager_19 with leader id 977c9391-4336-4b91-b004-6d47238fdc41.
Apr 29, 2024 9:25:40 AM org.apache.flink.runtime.registration.RetryingRegistration lambda$startRegistration$0
INFO: Resolved JobManager address, beginning registration
Apr 29, 2024 9:25:40 AM org.apache.flink.runtime.taskexecutor.DefaultJobLeaderService$JobManagerLeaderListener$JobManagerRegisteredRpcConnection lambda$onRegistrationSuccess$0
INFO: Successful registration at job manager pekko://flink/user/rpc/jobmanager_19 for job bc5c4b5d2440660dd59201cf0f987298.
Apr 29, 2024 9:25:40 AM org.apache.flink.runtime.taskexecutor.TaskExecutor establishJobManagerConnection
INFO: Establish JobManager connection for job bc5c4b5d2440660dd59201cf0f987298.
Apr 29, 2024 9:25:40 AM org.apache.flink.runtime.taskexecutor.TaskExecutor internalOfferSlotsToJobManager
INFO: Offer reserved slots to the leader of job bc5c4b5d2440660dd59201cf0f987298.
Apr 29, 2024 9:25:40 AM org.apache.flink.runtime.executiongraph.Execution transitionState
INFO: Source: Collection Source -> Timestamps/Watermarks (1/1) (f9638a531f6d6b2a960ba3304f9956a4_cbc357ccb763df2852fee8c4fc7d55f2_0_0) switched from SCHEDULED to DEPLOYING.
Apr 29, 2024 9:25:40 AM org.apache.flink.runtime.executiongraph.Execution deploy
INFO: Deploying Source: Collection Source -> Timestamps/Watermarks (1/1) (attempt #0) with attempt id f9638a531f6d6b2a960ba3304f9956a4_cbc357ccb763df2852fee8c4fc7d55f2_0_0 and vertex id cbc357ccb763df2852fee8c4fc7d55f2_0 to 90543952-2445-4fe3-bd5c-8b655cac6080 @ localhost (dataPort=-1) with allocation id 26773f47a4d66968bddbea8259f6b6f2
Apr 29, 2024 9:25:40 AM org.apache.flink.runtime.executiongraph.Execution transitionState
INFO: TumblingEventTimeWindows -> Sink: Data stream collect sink (1/1) (f9638a531f6d6b2a960ba3304f9956a4_90bea66de1c231edf33913ecd54406c1_0_0) switched from SCHEDULED to DEPLOYING.
Apr 29, 2024 9:25:40 AM org.apache.flink.runtime.taskexecutor.slot.TaskSlotTableImpl markExistingSlotActive
INFO: Activate slot 26773f47a4d66968bddbea8259f6b6f2.
Apr 29, 2024 9:25:40 AM org.apache.flink.runtime.executiongraph.Execution deploy
INFO: Deploying TumblingEventTimeWindows -> Sink: Data stream collect sink (1/1) (attempt #0) with attempt id f9638a531f6d6b2a960ba3304f9956a4_90bea66de1c231edf33913ecd54406c1_0_0 and vertex id 90bea66de1c231edf33913ecd54406c1_0 to 90543952-2445-4fe3-bd5c-8b655cac6080 @ localhost (dataPort=-1) with allocation id 26773f47a4d66968bddbea8259f6b6f2
Apr 29, 2024 9:25:40 AM org.apache.flink.runtime.state.changelog.StateChangelogStorageLoader load
INFO: Creating a changelog storage with name 'memory'.
Apr 29, 2024 9:25:40 AM org.apache.flink.runtime.state.TaskExecutorChannelStateExecutorFactoryManager getOrCreateExecutorFactory
INFO: Creating the channel state executor factory for job id bc5c4b5d2440660dd59201cf0f987298
Apr 29, 2024 9:25:40 AM org.apache.flink.runtime.taskexecutor.TaskExecutor submitTask
INFO: Received task Source: Collection Source -> Timestamps/Watermarks (1/1)#0 (f9638a531f6d6b2a960ba3304f9956a4_cbc357ccb763df2852fee8c4fc7d55f2_0_0), deploy into slot with allocation id 26773f47a4d66968bddbea8259f6b6f2.
Apr 29, 2024 9:25:40 AM org.apache.flink.runtime.taskmanager.Task transitionState
INFO: Source: Collection Source -> Timestamps/Watermarks (1/1)#0 (f9638a531f6d6b2a960ba3304f9956a4_cbc357ccb763df2852fee8c4fc7d55f2_0_0) switched from CREATED to DEPLOYING.
Apr 29, 2024 9:25:40 AM org.apache.flink.runtime.taskexecutor.slot.TaskSlotTableImpl markExistingSlotActive
INFO: Activate slot 26773f47a4d66968bddbea8259f6b6f2.
Apr 29, 2024 9:25:40 AM org.apache.flink.runtime.taskmanager.Task doRun
INFO: Loading JAR files for task Source: Collection Source -> Timestamps/Watermarks (1/1)#0 (f9638a531f6d6b2a960ba3304f9956a4_cbc357ccb763df2852fee8c4fc7d55f2_0_0) [DEPLOYING].
Apr 29, 2024 9:25:40 AM org.apache.flink.runtime.state.StateBackendLoader loadFromApplicationOrConfigOrDefaultInternal
INFO: No state backend has been configured, using default (HashMap) org.apache.flink.runtime.state.hashmap.HashMapStateBackend@b111842
Apr 29, 2024 9:25:40 AM org.apache.flink.runtime.state.StateBackendLoader fromApplicationOrConfigOrDefault
INFO: State backend loader loads the state backend as HashMapStateBackend
Apr 29, 2024 9:25:40 AM org.apache.flink.runtime.state.CheckpointStorageLoader createJobManagerCheckpointStorage
INFO: Checkpoint storage is set to 'jobmanager'
Apr 29, 2024 9:25:40 AM org.apache.flink.runtime.taskmanager.Task transitionState
INFO: Source: Collection Source -> Timestamps/Watermarks (1/1)#0 (f9638a531f6d6b2a960ba3304f9956a4_cbc357ccb763df2852fee8c4fc7d55f2_0_0) switched from DEPLOYING to INITIALIZING.
Apr 29, 2024 9:25:40 AM org.apache.flink.runtime.taskexecutor.TaskExecutor submitTask
INFO: Received task TumblingEventTimeWindows -> Sink: Data stream collect sink (1/1)#0 (f9638a531f6d6b2a960ba3304f9956a4_90bea66de1c231edf33913ecd54406c1_0_0), deploy into slot with allocation id 26773f47a4d66968bddbea8259f6b6f2.
Apr 29, 2024 9:25:40 AM org.apache.flink.runtime.executiongraph.Execution transitionState
INFO: Source: Collection Source -> Timestamps/Watermarks (1/1) (f9638a531f6d6b2a960ba3304f9956a4_cbc357ccb763df2852fee8c4fc7d55f2_0_0) switched from DEPLOYING to INITIALIZING.
Apr 29, 2024 9:25:40 AM org.apache.flink.runtime.taskmanager.Task transitionState
INFO: TumblingEventTimeWindows -> Sink: Data stream collect sink (1/1)#0 (f9638a531f6d6b2a960ba3304f9956a4_90bea66de1c231edf33913ecd54406c1_0_0) switched from CREATED to DEPLOYING.
Apr 29, 2024 9:25:40 AM org.apache.flink.runtime.taskexecutor.slot.TaskSlotTableImpl markExistingSlotActive
INFO: Activate slot 26773f47a4d66968bddbea8259f6b6f2.
Apr 29, 2024 9:25:40 AM org.apache.flink.runtime.taskmanager.Task doRun
INFO: Loading JAR files for task TumblingEventTimeWindows -> Sink: Data stream collect sink (1/1)#0 (f9638a531f6d6b2a960ba3304f9956a4_90bea66de1c231edf33913ecd54406c1_0_0) [DEPLOYING].
Apr 29, 2024 9:25:40 AM org.apache.flink.runtime.state.StateBackendLoader loadFromApplicationOrConfigOrDefaultInternal
INFO: No state backend has been configured, using default (HashMap) org.apache.flink.runtime.state.hashmap.HashMapStateBackend@55ba92c2
Apr 29, 2024 9:25:40 AM org.apache.flink.runtime.state.StateBackendLoader fromApplicationOrConfigOrDefault
INFO: State backend loader loads the state backend as HashMapStateBackend
Apr 29, 2024 9:25:40 AM org.apache.flink.runtime.state.CheckpointStorageLoader createJobManagerCheckpointStorage
INFO: Checkpoint storage is set to 'jobmanager'
Apr 29, 2024 9:25:40 AM org.apache.flink.runtime.taskmanager.Task transitionState
INFO: TumblingEventTimeWindows -> Sink: Data stream collect sink (1/1)#0 (f9638a531f6d6b2a960ba3304f9956a4_90bea66de1c231edf33913ecd54406c1_0_0) switched from DEPLOYING to INITIALIZING.
Apr 29, 2024 9:25:40 AM org.apache.flink.runtime.executiongraph.Execution transitionState
INFO: TumblingEventTimeWindows -> Sink: Data stream collect sink (1/1) (f9638a531f6d6b2a960ba3304f9956a4_90bea66de1c231edf33913ecd54406c1_0_0) switched from DEPLOYING to INITIALIZING.
Apr 29, 2024 9:25:40 AM org.apache.flink.runtime.taskmanager.Task transitionState
INFO: Source: Collection Source -> Timestamps/Watermarks (1/1)#0 (f9638a531f6d6b2a960ba3304f9956a4_cbc357ccb763df2852fee8c4fc7d55f2_0_0) switched from INITIALIZING to RUNNING.
Apr 29, 2024 9:25:40 AM org.apache.flink.runtime.executiongraph.Execution transitionState
INFO: Source: Collection Source -> Timestamps/Watermarks (1/1) (f9638a531f6d6b2a960ba3304f9956a4_cbc357ccb763df2852fee8c4fc7d55f2_0_0) switched from INITIALIZING to RUNNING.
Apr 29, 2024 9:25:40 AM org.apache.flink.api.java.typeutils.runtime.kryo.KryoSerializer getKryoInstance
INFO: Kryo serializer scala extensions are not available.
Apr 29, 2024 9:25:40 AM org.apache.flink.streaming.api.operators.collect.CollectSinkFunction initializeState
INFO: Initializing collect sink state with offset = 0, buffered results bytes = 0
Apr 29, 2024 9:25:40 AM org.apache.flink.streaming.api.operators.collect.CollectSinkFunction open
INFO: Collect sink server established, address = localhost/127.0.0.1:50044
Apr 29, 2024 9:25:40 AM org.apache.flink.api.java.typeutils.runtime.kryo.KryoSerializer getKryoInstance
INFO: Kryo serializer scala extensions are not available.
Apr 29, 2024 9:25:40 AM org.apache.flink.runtime.state.heap.HeapKeyedStateBackendBuilder restoreState
INFO: Finished to build heap keyed state-backend.
Apr 29, 2024 9:25:40 AM org.apache.flink.runtime.state.heap.HeapKeyedStateBackend <init>
INFO: Initializing heap keyed state backend with stream factory.
Apr 29, 2024 9:25:40 AM org.apache.flink.streaming.api.operators.collect.CollectSinkOperatorCoordinator handleEventFromOperator
INFO: Received sink socket server address: localhost/127.0.0.1:50044
Apr 29, 2024 9:25:40 AM org.apache.flink.api.java.typeutils.runtime.kryo.KryoSerializer getKryoInstance
INFO: Kryo serializer scala extensions are not available.
Apr 29, 2024 9:25:40 AM org.apache.flink.runtime.taskmanager.Task transitionState
INFO: TumblingEventTimeWindows -> Sink: Data stream collect sink (1/1)#0 (f9638a531f6d6b2a960ba3304f9956a4_90bea66de1c231edf33913ecd54406c1_0_0) switched from INITIALIZING to RUNNING.
Apr 29, 2024 9:25:40 AM org.apache.flink.runtime.executiongraph.Execution transitionState
INFO: TumblingEventTimeWindows -> Sink: Data stream collect sink (1/1) (f9638a531f6d6b2a960ba3304f9956a4_90bea66de1c231edf33913ecd54406c1_0_0) switched from INITIALIZING to RUNNING.
Apr 29, 2024 9:25:40 AM org.apache.flink.api.java.typeutils.runtime.kryo.KryoSerializer getKryoInstance
INFO: Kryo serializer scala extensions are not available.
Apr 29, 2024 9:25:40 AM org.apache.flink.runtime.taskmanager.Task transitionState
INFO: Source: Collection Source -> Timestamps/Watermarks (1/1)#0 (f9638a531f6d6b2a960ba3304f9956a4_cbc357ccb763df2852fee8c4fc7d55f2_0_0) switched from RUNNING to FINISHED.
Apr 29, 2024 9:25:40 AM org.apache.flink.runtime.taskmanager.Task doRun
INFO: Freeing task resources for Source: Collection Source -> Timestamps/Watermarks (1/1)#0 (f9638a531f6d6b2a960ba3304f9956a4_cbc357ccb763df2852fee8c4fc7d55f2_0_0).
Apr 29, 2024 9:25:40 AM org.apache.flink.runtime.taskexecutor.TaskExecutor unregisterTaskAndNotifyFinalState
INFO: Un-registering task and sending final execution state FINISHED to JobManager for task Source: Collection Source -> Timestamps/Watermarks (1/1)#0 f9638a531f6d6b2a960ba3304f9956a4_cbc357ccb763df2852fee8c4fc7d55f2_0_0.
Apr 29, 2024 9:25:40 AM org.apache.flink.runtime.executiongraph.Execution transitionState
INFO: Source: Collection Source -> Timestamps/Watermarks (1/1) (f9638a531f6d6b2a960ba3304f9956a4_cbc357ccb763df2852fee8c4fc7d55f2_0_0) switched from RUNNING to FINISHED.
Apr 29, 2024 9:25:40 AM org.apache.flink.runtime.taskmanager.Task transitionState
INFO: TumblingEventTimeWindows -> Sink: Data stream collect sink (1/1)#0 (f9638a531f6d6b2a960ba3304f9956a4_90bea66de1c231edf33913ecd54406c1_0_0) switched from RUNNING to FINISHED.
Apr 29, 2024 9:25:40 AM org.apache.flink.runtime.taskmanager.Task doRun
INFO: Freeing task resources for TumblingEventTimeWindows -> Sink: Data stream collect sink (1/1)#0 (f9638a531f6d6b2a960ba3304f9956a4_90bea66de1c231edf33913ecd54406c1_0_0).
Apr 29, 2024 9:25:40 AM org.apache.flink.runtime.taskexecutor.TaskExecutor unregisterTaskAndNotifyFinalState
INFO: Un-registering task and sending final execution state FINISHED to JobManager for task TumblingEventTimeWindows -> Sink: Data stream collect sink (1/1)#0 f9638a531f6d6b2a960ba3304f9956a4_90bea66de1c231edf33913ecd54406c1_0_0.
Apr 29, 2024 9:25:40 AM org.apache.flink.runtime.executiongraph.Execution transitionState
INFO: TumblingEventTimeWindows -> Sink: Data stream collect sink (1/1) (f9638a531f6d6b2a960ba3304f9956a4_90bea66de1c231edf33913ecd54406c1_0_0) switched from RUNNING to FINISHED.
Apr 29, 2024 9:25:40 AM org.apache.flink.runtime.executiongraph.DefaultExecutionGraph transitionState
INFO: Job Collect highest bids (bc5c4b5d2440660dd59201cf0f987298) switched from state RUNNING to FINISHED.
Apr 29, 2024 9:25:40 AM org.apache.flink.runtime.checkpoint.CheckpointCoordinator shutdown
INFO: Stopping checkpoint coordinator for job bc5c4b5d2440660dd59201cf0f987298.
Apr 29, 2024 9:25:40 AM org.apache.flink.runtime.resourcemanager.slotmanager.FineGrainedSlotManager processResourceRequirements
INFO: Clearing resource requirements of job bc5c4b5d2440660dd59201cf0f987298
Apr 29, 2024 9:25:40 AM org.apache.flink.runtime.minicluster.MiniCluster closeInternal
INFO: Shutting down Flink Mini Cluster
Apr 29, 2024 9:25:40 AM org.apache.flink.runtime.rest.RestServerEndpoint closeAsync
INFO: Shutting down rest endpoint.
Apr 29, 2024 9:25:40 AM org.apache.flink.runtime.taskexecutor.TaskExecutor onStop
INFO: Stopping TaskExecutor pekko://flink/user/rpc/taskmanager_16.
Apr 29, 2024 9:25:40 AM org.apache.flink.runtime.dispatcher.Dispatcher jobReachedTerminalState
INFO: Job bc5c4b5d2440660dd59201cf0f987298 reached terminal state FINISHED.
Apr 29, 2024 9:25:40 AM org.apache.flink.runtime.taskexecutor.TaskExecutor closeResourceManagerConnection
INFO: Close ResourceManager connection a0fbc8743f2dd348a85b982964a69cfd.
Apr 29, 2024 9:25:40 AM org.apache.flink.runtime.taskexecutor.TaskExecutor disconnectJobManagerConnection
INFO: Close JobManager connection for job bc5c4b5d2440660dd59201cf0f987298.
Apr 29, 2024 9:25:40 AM org.apache.flink.runtime.state.TaskExecutorStateChangelogStoragesManager shutdown
INFO: Shutting down TaskExecutorStateChangelogStoragesManager.
Apr 29, 2024 9:25:40 AM org.apache.flink.runtime.state.TaskExecutorChannelStateExecutorFactoryManager shutdown
INFO: Shutting down TaskExecutorChannelStateExecutorFactoryManager.
Apr 29, 2024 9:25:40 AM org.apache.flink.runtime.dispatcher.Dispatcher lambda$registerGloballyTerminatedJobInJobResultStore$42
INFO: Job bc5c4b5d2440660dd59201cf0f987298 has been registered for cleanup in the JobResultStore after reaching a terminal state.
Apr 29, 2024 9:25:40 AM org.apache.flink.runtime.jobmaster.JobMaster disconnectTaskManager
INFO: Disconnect TaskExecutor 90543952-2445-4fe3-bd5c-8b655cac6080 because: The TaskExecutor is shutting down.
Apr 29, 2024 9:25:40 AM org.apache.flink.runtime.resourcemanager.ResourceManager closeTaskManagerConnection
INFO: Closing TaskExecutor connection 90543952-2445-4fe3-bd5c-8b655cac6080 because: The TaskExecutor is shutting down.
Apr 29, 2024 9:25:40 AM org.apache.flink.runtime.resourcemanager.slotmanager.FineGrainedSlotManager unregisterTaskManager
INFO: Unregistering task executor ea5a3b75b365eea84e4d3c8c3ec8f391 from the slot manager.
Apr 29, 2024 9:25:40 AM org.apache.flink.runtime.taskexecutor.slot.TaskSlotTableImpl freeSlotInternal
INFO: Free slot TaskSlot(index:1, state:ALLOCATED, resource profile: ResourceProfile{taskHeapMemory=1024.000gb (1099511627776 bytes), taskOffHeapMemory=1024.000gb (1099511627776 bytes), managedMemory=128.000mb (134217728 bytes), networkMemory=64.000mb (67108864 bytes)}, allocationId: 26773f47a4d66968bddbea8259f6b6f2, jobId: bc5c4b5d2440660dd59201cf0f987298).
Apr 29, 2024 9:25:40 AM org.apache.flink.runtime.resourcemanager.slotmanager.DefaultSlotStatusSyncer freeSlot
INFO: Freeing slot 26773f47a4d66968bddbea8259f6b6f2.
Apr 29, 2024 9:25:40 AM org.apache.flink.runtime.jobmaster.slotpool.DefaultDeclarativeSlotPool releaseSlots
INFO: Releasing slot [26773f47a4d66968bddbea8259f6b6f2].
Apr 29, 2024 9:25:40 AM org.apache.flink.runtime.jobmaster.JobMaster onStop
INFO: Stopping the JobMaster for job 'Collect highest bids' (bc5c4b5d2440660dd59201cf0f987298).
Apr 29, 2024 9:25:40 AM org.apache.flink.streaming.api.operators.collect.CollectSinkOperatorCoordinator close
INFO: Closing the CollectSinkOperatorCoordinator.
Apr 29, 2024 9:25:40 AM org.apache.flink.runtime.checkpoint.StandaloneCompletedCheckpointStore shutdown
INFO: Shutting down
Apr 29, 2024 9:25:40 AM org.apache.flink.runtime.jobmaster.JobMaster dissolveResourceManagerConnection
INFO: Close ResourceManager connection a0fbc8743f2dd348a85b982964a69cfd: Stopping JobMaster for job 'Collect highest bids' (bc5c4b5d2440660dd59201cf0f987298).
Apr 29, 2024 9:25:40 AM org.apache.flink.runtime.resourcemanager.ResourceManager closeJobManagerConnection
INFO: Disconnect job manager b0046d47238fdc41977c939143364b91@pekko://flink/user/rpc/jobmanager_19 for job bc5c4b5d2440660dd59201cf0f987298 from the resource manager.
Apr 29, 2024 9:25:40 AM org.apache.flink.runtime.taskexecutor.DefaultJobLeaderService stop
INFO: Stop job leader service.
Apr 29, 2024 9:25:40 AM org.apache.flink.runtime.state.TaskExecutorLocalStateStoresManager shutdown
INFO: Shutting down TaskExecutorLocalStateStoresManager.
Apr 29, 2024 9:25:40 AM org.apache.flink.runtime.webmonitor.WebMonitorEndpoint lambda$shutDownInternal$7
INFO: Removing cache directory /var/folders/9y/mg706rlj3cx1fsv47rlmtqq40000gn/T/flink-web-ui
Apr 29, 2024 9:25:40 AM org.apache.flink.runtime.webmonitor.WebMonitorEndpoint revokeLeadership
INFO: http://localhost:50043 lost leadership
Apr 29, 2024 9:25:40 AM org.apache.flink.runtime.rest.RestServerEndpoint lambda$closeAsync$1
INFO: Shut down complete.
Apr 29, 2024 9:25:40 AM org.apache.flink.runtime.resourcemanager.ResourceManager deregisterApplication
INFO: Shut down cluster because application is in CANCELED, diagnostics DispatcherResourceManagerComponent has been closed..
Apr 29, 2024 9:25:40 AM org.apache.flink.runtime.entrypoint.component.DispatcherResourceManagerComponent closeAsyncInternal
INFO: Closing components.
Apr 29, 2024 9:25:40 AM org.apache.flink.runtime.dispatcher.runner.AbstractDispatcherLeaderProcess closeInternal
INFO: Stopping SessionDispatcherLeaderProcess.
Apr 29, 2024 9:25:40 AM org.apache.flink.runtime.resourcemanager.ResourceManagerServiceImpl closeAsync
INFO: Stopping resource manager service.
Apr 29, 2024 9:25:40 AM org.apache.flink.runtime.dispatcher.Dispatcher onStop
INFO: Stopping dispatcher pekko://flink/user/rpc/dispatcher_17.
Apr 29, 2024 9:25:40 AM org.apache.flink.runtime.resourcemanager.ResourceManagerServiceImpl lambda$revokeLeadership$3
INFO: Resource manager service is not running. Ignore revoking leadership.
Apr 29, 2024 9:25:40 AM org.apache.flink.runtime.dispatcher.Dispatcher terminateRunningJobs
INFO: Stopping all currently running jobs of dispatcher pekko://flink/user/rpc/dispatcher_17.
Apr 29, 2024 9:25:40 AM org.apache.flink.runtime.security.token.DefaultDelegationTokenManager stop
INFO: Stopping credential renewal
Apr 29, 2024 9:25:40 AM org.apache.flink.runtime.security.token.DefaultDelegationTokenManager stop
INFO: Stopped credential renewal
Apr 29, 2024 9:25:40 AM org.apache.flink.runtime.resourcemanager.slotmanager.FineGrainedSlotManager close
INFO: Closing the slot manager.
Apr 29, 2024 9:25:40 AM org.apache.flink.runtime.resourcemanager.slotmanager.FineGrainedSlotManager suspend
INFO: Suspending the slot manager.
Apr 29, 2024 9:25:40 AM org.apache.flink.runtime.io.disk.FileChannelManagerImpl lambda$getFileCloser$0
INFO: FileChannelManager removed spill file directory /var/folders/9y/mg706rlj3cx1fsv47rlmtqq40000gn/T/flink-io-64c66ce9-ac0a-41df-b08b-0b33805d77c9
Apr 29, 2024 9:25:40 AM org.apache.flink.runtime.io.network.NettyShuffleEnvironment close
INFO: Shutting down the network environment and its components.
Apr 29, 2024 9:25:40 AM org.apache.flink.runtime.dispatcher.Dispatcher lambda$onStop$2
INFO: Stopped dispatcher pekko://flink/user/rpc/dispatcher_17.
Apr 29, 2024 9:25:40 AM org.apache.flink.runtime.io.disk.FileChannelManagerImpl lambda$getFileCloser$0
INFO: FileChannelManager removed spill file directory /var/folders/9y/mg706rlj3cx1fsv47rlmtqq40000gn/T/flink-netty-shuffle-25296878-5d95-44ed-8e64-038b6bd2f262
Apr 29, 2024 9:25:40 AM org.apache.flink.runtime.taskexecutor.KvStateService shutdown
INFO: Shutting down the kvState service and its components.
Apr 29, 2024 9:25:40 AM org.apache.flink.runtime.taskexecutor.DefaultJobLeaderService stop
INFO: Stop job leader service.
Apr 29, 2024 9:25:40 AM org.apache.flink.runtime.filecache.FileCache shutdown
INFO: removed file cache directory /var/folders/9y/mg706rlj3cx1fsv47rlmtqq40000gn/T/flink-dist-cache-8562b72f-0d1c-45ea-97d4-c59d6156fd51
Apr 29, 2024 9:25:40 AM org.apache.flink.runtime.taskexecutor.TaskExecutor handleOnStopException
INFO: Stopped TaskExecutor pekko://flink/user/rpc/taskmanager_16.
Apr 29, 2024 9:25:40 AM org.apache.flink.runtime.rpc.pekko.PekkoRpcService closeAsync
INFO: Stopping Pekko RPC service.
Apr 29, 2024 9:25:40 AM org.apache.pekko.event.slf4j.Slf4jLogger$$anonfun$receive$1 $anonfun$applyOrElse$3
INFO: Running CoordinatedShutdown with reason [ActorSystemTerminateReason]
Apr 29, 2024 9:25:40 AM org.apache.flink.runtime.rpc.pekko.PekkoRpcService closeAsync
INFO: Stopping Pekko RPC service.
Apr 29, 2024 9:25:40 AM org.apache.flink.runtime.rpc.pekko.PekkoRpcService lambda$closeAsync$7
INFO: Stopped Pekko RPC service.
Apr 29, 2024 9:25:40 AM org.apache.pekko.event.slf4j.Slf4jLogger$$anonfun$receive$1 $anonfun$applyOrElse$3
INFO: Running CoordinatedShutdown with reason [ActorSystemTerminateReason]
Apr 29, 2024 9:25:40 AM org.apache.flink.runtime.blob.AbstractBlobCache close
INFO: Shutting down BLOB cache
Apr 29, 2024 9:25:40 AM org.apache.flink.runtime.blob.AbstractBlobCache close
INFO: Shutting down BLOB cache
Apr 29, 2024 9:25:40 AM org.apache.flink.runtime.blob.BlobServer close
INFO: Stopped BLOB server at 0.0.0.0:50042
Apr 29, 2024 9:25:40 AM org.apache.flink.runtime.rpc.pekko.PekkoRpcService lambda$closeAsync$7
INFO: Stopped Pekko RPC service.
Apr 29, 2024 9:25:40 AM org.apache.flink.streaming.api.operators.collect.CollectResultFetcher isJobTerminated
WARNING: Failed to get job status so we assume that the job has terminated. Some data might be lost.
java.lang.IllegalStateException: MiniCluster is not yet running or has already been shut down.
	at org.apache.flink.util.Preconditions.checkState(Preconditions.java:193)
	at org.apache.flink.runtime.minicluster.MiniCluster.getDispatcherGatewayFuture(MiniCluster.java:1069)
	at org.apache.flink.runtime.minicluster.MiniCluster.runDispatcherCommand(MiniCluster.java:942)
	at org.apache.flink.runtime.minicluster.MiniCluster.getJobStatus(MiniCluster.java:866)
	at org.apache.flink.runtime.minicluster.MiniClusterJobClient.getJobStatus(MiniClusterJobClient.java:91)
	at org.apache.flink.streaming.api.operators.collect.CollectResultFetcher.isJobTerminated(CollectResultFetcher.java:211)
	at org.apache.flink.streaming.api.operators.collect.CollectResultFetcher.next(CollectResultFetcher.java:118)
	at org.apache.flink.streaming.api.operators.collect.CollectResultIterator.nextResultFromFetcher(CollectResultIterator.java:106)
	at org.apache.flink.streaming.api.operators.collect.CollectResultIterator.hasNext(CollectResultIterator.java:80)
	at org.apache.flink.streaming.api.datastream.DataStream.executeAndCollect(DataStream.java:1365)
	at flink.test.testQuery7.generate1000bidsWithLateDataAndEdgeCase(testQuery7.java:286)
	at java.base/jdk.internal.reflect.NativeMethodAccessorImpl.invoke0(Native Method)
	at java.base/jdk.internal.reflect.NativeMethodAccessorImpl.invoke(NativeMethodAccessorImpl.java:62)
	at java.base/jdk.internal.reflect.DelegatingMethodAccessorImpl.invoke(DelegatingMethodAccessorImpl.java:43)
	at java.base/java.lang.reflect.Method.invoke(Method.java:566)
	at org.junit.runners.model.FrameworkMethod$1.runReflectiveCall(FrameworkMethod.java:59)
	at org.junit.internal.runners.model.ReflectiveCallable.run(ReflectiveCallable.java:12)
	at org.junit.runners.model.FrameworkMethod.invokeExplosively(FrameworkMethod.java:56)
	at org.junit.internal.runners.statements.InvokeMethod.evaluate(InvokeMethod.java:17)
	at org.junit.runners.ParentRunner$3.evaluate(ParentRunner.java:306)
	at org.junit.runners.BlockJUnit4ClassRunner$1.evaluate(BlockJUnit4ClassRunner.java:100)
	at org.junit.runners.ParentRunner.runLeaf(ParentRunner.java:366)
	at org.junit.runners.BlockJUnit4ClassRunner.runChild(BlockJUnit4ClassRunner.java:103)
	at org.junit.runners.BlockJUnit4ClassRunner.runChild(BlockJUnit4ClassRunner.java:63)
	at org.junit.runners.ParentRunner$4.run(ParentRunner.java:331)
	at org.junit.runners.ParentRunner$1.schedule(ParentRunner.java:79)
	at org.junit.runners.ParentRunner.runChildren(ParentRunner.java:329)
	at org.junit.runners.ParentRunner.access$100(ParentRunner.java:66)
	at org.junit.runners.ParentRunner$2.evaluate(ParentRunner.java:293)
	at org.junit.runners.ParentRunner$3.evaluate(ParentRunner.java:306)
	at org.junit.runners.ParentRunner.run(ParentRunner.java:413)
	at org.apache.maven.surefire.junit4.JUnit4Provider.execute(JUnit4Provider.java:364)
	at org.apache.maven.surefire.junit4.JUnit4Provider.executeWithRerun(JUnit4Provider.java:272)
	at org.apache.maven.surefire.junit4.JUnit4Provider.executeTestSet(JUnit4Provider.java:237)
	at org.apache.maven.surefire.junit4.JUnit4Provider.invoke(JUnit4Provider.java:158)
	at org.apache.maven.surefire.booter.ForkedBooter.runSuitesInProcess(ForkedBooter.java:428)
	at org.apache.maven.surefire.booter.ForkedBooter.execute(ForkedBooter.java:162)
	at org.apache.maven.surefire.booter.ForkedBooter.run(ForkedBooter.java:562)
	at org.apache.maven.surefire.booter.ForkedBooter.main(ForkedBooter.java:548)

Apr 29, 2024 9:25:40 AM org.apache.flink.streaming.api.operators.collect.CollectResultFetcher isJobTerminated
WARNING: Failed to get job status so we assume that the job has terminated. Some data might be lost.
java.lang.IllegalStateException: MiniCluster is not yet running or has already been shut down.
	at org.apache.flink.util.Preconditions.checkState(Preconditions.java:193)
	at org.apache.flink.runtime.minicluster.MiniCluster.getDispatcherGatewayFuture(MiniCluster.java:1069)
	at org.apache.flink.runtime.minicluster.MiniCluster.runDispatcherCommand(MiniCluster.java:942)
	at org.apache.flink.runtime.minicluster.MiniCluster.getJobStatus(MiniCluster.java:866)
	at org.apache.flink.runtime.minicluster.MiniClusterJobClient.getJobStatus(MiniClusterJobClient.java:91)
	at org.apache.flink.streaming.api.operators.collect.CollectResultFetcher.isJobTerminated(CollectResultFetcher.java:211)
	at org.apache.flink.streaming.api.operators.collect.CollectResultFetcher.cancelJob(CollectResultFetcher.java:233)
	at org.apache.flink.streaming.api.operators.collect.CollectResultFetcher.close(CollectResultFetcher.java:158)
	at org.apache.flink.streaming.api.operators.collect.CollectResultIterator.close(CollectResultIterator.java:97)
	at org.apache.flink.streaming.api.operators.collect.ClientAndIterator.close(ClientAndIterator.java:45)
	at org.apache.flink.streaming.api.datastream.DataStream.executeAndCollect(DataStream.java:1371)
	at flink.test.testQuery7.generate1000bidsWithLateDataAndEdgeCase(testQuery7.java:286)
	at java.base/jdk.internal.reflect.NativeMethodAccessorImpl.invoke0(Native Method)
	at java.base/jdk.internal.reflect.NativeMethodAccessorImpl.invoke(NativeMethodAccessorImpl.java:62)
	at java.base/jdk.internal.reflect.DelegatingMethodAccessorImpl.invoke(DelegatingMethodAccessorImpl.java:43)
	at java.base/java.lang.reflect.Method.invoke(Method.java:566)
	at org.junit.runners.model.FrameworkMethod$1.runReflectiveCall(FrameworkMethod.java:59)
	at org.junit.internal.runners.model.ReflectiveCallable.run(ReflectiveCallable.java:12)
	at org.junit.runners.model.FrameworkMethod.invokeExplosively(FrameworkMethod.java:56)
	at org.junit.internal.runners.statements.InvokeMethod.evaluate(InvokeMethod.java:17)
	at org.junit.runners.ParentRunner$3.evaluate(ParentRunner.java:306)
	at org.junit.runners.BlockJUnit4ClassRunner$1.evaluate(BlockJUnit4ClassRunner.java:100)
	at org.junit.runners.ParentRunner.runLeaf(ParentRunner.java:366)
	at org.junit.runners.BlockJUnit4ClassRunner.runChild(BlockJUnit4ClassRunner.java:103)
	at org.junit.runners.BlockJUnit4ClassRunner.runChild(BlockJUnit4ClassRunner.java:63)
	at org.junit.runners.ParentRunner$4.run(ParentRunner.java:331)
	at org.junit.runners.ParentRunner$1.schedule(ParentRunner.java:79)
	at org.junit.runners.ParentRunner.runChildren(ParentRunner.java:329)
	at org.junit.runners.ParentRunner.access$100(ParentRunner.java:66)
	at org.junit.runners.ParentRunner$2.evaluate(ParentRunner.java:293)
	at org.junit.runners.ParentRunner$3.evaluate(ParentRunner.java:306)
	at org.junit.runners.ParentRunner.run(ParentRunner.java:413)
	at org.apache.maven.surefire.junit4.JUnit4Provider.execute(JUnit4Provider.java:364)
	at org.apache.maven.surefire.junit4.JUnit4Provider.executeWithRerun(JUnit4Provider.java:272)
	at org.apache.maven.surefire.junit4.JUnit4Provider.executeTestSet(JUnit4Provider.java:237)
	at org.apache.maven.surefire.junit4.JUnit4Provider.invoke(JUnit4Provider.java:158)
	at org.apache.maven.surefire.booter.ForkedBooter.runSuitesInProcess(ForkedBooter.java:428)
	at org.apache.maven.surefire.booter.ForkedBooter.execute(ForkedBooter.java:162)
	at org.apache.maven.surefire.booter.ForkedBooter.run(ForkedBooter.java:562)
	at org.apache.maven.surefire.booter.ForkedBooter.main(ForkedBooter.java:548)

]]></system-err>
  </testcase>
  <testcase name="testMultipleAuctionIds" classname="flink.test.testQuery7" time="1.934">
    <system-err><![CDATA[Apr 29, 2024 9:25:40 AM org.apache.flink.api.java.typeutils.TypeExtractor analyzePojo
INFO: The default constructor of class org.apache.beam.sdk.nexmark.model.Bid is not Public so it cannot be used as a POJO type and must be processed as GenericType. Please read the Flink documentation on "Data Types & Serialization" for details of the effect on performance and schema evolution.
Apr 29, 2024 9:25:40 AM org.apache.flink.api.java.typeutils.runtime.kryo.KryoSerializer getKryoInstance
INFO: Kryo serializer scala extensions are not available.
Apr 29, 2024 9:25:40 AM org.apache.flink.runtime.taskexecutor.TaskExecutorResourceUtils setConfigOptionToDefaultIfNotSet
INFO: The configuration option taskmanager.cpu.cores required for local execution is not set, setting it to the maximal possible value.
Apr 29, 2024 9:25:40 AM org.apache.flink.runtime.taskexecutor.TaskExecutorResourceUtils setConfigOptionToDefaultIfNotSet
INFO: The configuration option taskmanager.memory.task.heap.size required for local execution is not set, setting it to the maximal possible value.
Apr 29, 2024 9:25:40 AM org.apache.flink.runtime.taskexecutor.TaskExecutorResourceUtils setConfigOptionToDefaultIfNotSet
INFO: The configuration option taskmanager.memory.task.off-heap.size required for local execution is not set, setting it to the maximal possible value.
Apr 29, 2024 9:25:40 AM org.apache.flink.runtime.taskexecutor.TaskExecutorResourceUtils setConfigOptionToDefaultIfNotSet
INFO: The configuration option taskmanager.memory.network.min required for local execution is not set, setting it to its default value 64 mb.
Apr 29, 2024 9:25:40 AM org.apache.flink.runtime.taskexecutor.TaskExecutorResourceUtils setConfigOptionToDefaultIfNotSet
INFO: The configuration option taskmanager.memory.network.max required for local execution is not set, setting it to its default value 64 mb.
Apr 29, 2024 9:25:40 AM org.apache.flink.runtime.taskexecutor.TaskExecutorResourceUtils setConfigOptionToDefaultIfNotSet
INFO: The configuration option taskmanager.memory.managed.size required for local execution is not set, setting it to its default value 128 mb.
Apr 29, 2024 9:25:40 AM org.apache.flink.runtime.minicluster.MiniCluster start
INFO: Starting Flink Mini Cluster
Apr 29, 2024 9:25:40 AM org.apache.flink.runtime.minicluster.MiniCluster start
INFO: Starting Metrics Registry
Apr 29, 2024 9:25:40 AM org.apache.flink.runtime.metrics.MetricRegistryImpl <init>
INFO: No metrics reporter configured, no metrics will be exposed/reported.
Apr 29, 2024 9:25:40 AM org.apache.flink.runtime.minicluster.MiniCluster start
INFO: Starting RPC Service(s)
Apr 29, 2024 9:25:40 AM org.apache.flink.runtime.rpc.pekko.ActorSystemBootstrapTools startLocalActorSystem
INFO: Trying to start local actor system
Apr 29, 2024 9:25:41 AM org.apache.pekko.event.slf4j.Slf4jLogger$$anonfun$receive$1 applyOrElse
INFO: Slf4jLogger started
Apr 29, 2024 9:25:41 AM org.apache.flink.runtime.rpc.pekko.ActorSystemBootstrapTools startActorSystem
INFO: Actor system started at pekko://flink
Apr 29, 2024 9:25:41 AM org.apache.flink.runtime.rpc.pekko.ActorSystemBootstrapTools startLocalActorSystem
INFO: Trying to start local actor system
Apr 29, 2024 9:25:41 AM org.apache.pekko.event.slf4j.Slf4jLogger$$anonfun$receive$1 applyOrElse
INFO: Slf4jLogger started
Apr 29, 2024 9:25:41 AM org.apache.flink.runtime.rpc.pekko.ActorSystemBootstrapTools startActorSystem
INFO: Actor system started at pekko://flink-metrics
Apr 29, 2024 9:25:41 AM org.apache.flink.runtime.rpc.pekko.PekkoRpcService startServer
INFO: Starting RPC endpoint for org.apache.flink.runtime.metrics.dump.MetricQueryService at pekko://flink-metrics/user/rpc/MetricQueryService .
Apr 29, 2024 9:25:41 AM org.apache.flink.runtime.security.token.DefaultDelegationTokenManager loadProviders
INFO: Loading delegation token providers
Apr 29, 2024 9:25:41 AM org.apache.flink.runtime.util.HadoopUtils getHadoopConfiguration
WARNING: Could not find Hadoop configuration via any of the supported methods (Flink configuration, environment variables).
Apr 29, 2024 9:25:41 AM org.apache.flink.runtime.security.token.DefaultDelegationTokenManager lambda$loadProviders$0
INFO: Delegation token provider hadoopfs loaded and initialized
Apr 29, 2024 9:25:41 AM org.apache.flink.runtime.util.HadoopUtils getHadoopConfiguration
WARNING: Could not find Hadoop configuration via any of the supported methods (Flink configuration, environment variables).
Apr 29, 2024 9:25:41 AM org.apache.flink.runtime.security.token.DefaultDelegationTokenManager lambda$loadProviders$0
INFO: Delegation token provider hbase loaded and initialized
Apr 29, 2024 9:25:41 AM org.apache.flink.runtime.security.token.DefaultDelegationTokenManager loadProviders
INFO: Delegation token providers loaded successfully
Apr 29, 2024 9:25:41 AM org.apache.flink.runtime.security.token.DelegationTokenReceiverRepository loadReceivers
INFO: Loading delegation token receivers
Apr 29, 2024 9:25:41 AM org.apache.flink.runtime.security.token.DelegationTokenReceiverRepository lambda$loadReceivers$0
INFO: Delegation token receiver hadoopfs loaded and initialized
Apr 29, 2024 9:25:41 AM org.apache.flink.runtime.security.token.DelegationTokenReceiverRepository lambda$loadReceivers$0
INFO: Delegation token receiver hbase loaded and initialized
Apr 29, 2024 9:25:41 AM org.apache.flink.runtime.security.token.DelegationTokenReceiverRepository loadReceivers
INFO: Delegation token receivers loaded successfully
Apr 29, 2024 9:25:41 AM org.apache.flink.runtime.security.token.DefaultDelegationTokenManager checkProviderAndReceiverConsistency
INFO: Checking provider and receiver instances consistency
Apr 29, 2024 9:25:41 AM org.apache.flink.runtime.security.token.DefaultDelegationTokenManager checkProviderAndReceiverConsistency
INFO: Provider and receiver instances are consistent
Apr 29, 2024 9:25:41 AM org.apache.flink.runtime.security.token.DefaultDelegationTokenManager obtainDelegationTokens
INFO: Obtaining delegation tokens
Apr 29, 2024 9:25:41 AM org.apache.flink.runtime.security.token.DefaultDelegationTokenManager obtainDelegationTokens
INFO: Delegation tokens obtained successfully
Apr 29, 2024 9:25:41 AM org.apache.flink.runtime.security.token.DefaultDelegationTokenManager obtainDelegationTokens
WARNING: No tokens obtained so skipping notifications
Apr 29, 2024 9:25:41 AM org.apache.flink.runtime.security.token.DelegationTokenReceiverRepository loadReceivers
INFO: Loading delegation token receivers
Apr 29, 2024 9:25:41 AM org.apache.flink.runtime.security.token.DelegationTokenReceiverRepository lambda$loadReceivers$0
INFO: Delegation token receiver hadoopfs loaded and initialized
Apr 29, 2024 9:25:41 AM org.apache.flink.runtime.security.token.DelegationTokenReceiverRepository lambda$loadReceivers$0
INFO: Delegation token receiver hbase loaded and initialized
Apr 29, 2024 9:25:41 AM org.apache.flink.runtime.security.token.DelegationTokenReceiverRepository loadReceivers
INFO: Delegation token receivers loaded successfully
Apr 29, 2024 9:25:41 AM org.apache.flink.runtime.blob.BlobServer <init>
INFO: Created BLOB server storage directory /var/folders/9y/mg706rlj3cx1fsv47rlmtqq40000gn/T/minicluster_e6b71b7bf8660fe3d1ac456281b6f3ed/blobStorage
Apr 29, 2024 9:25:41 AM org.apache.flink.runtime.blob.BlobServer <init>
INFO: Started BLOB server at 0.0.0.0:50045 - max concurrent requests: 50 - max backlog: 1000
Apr 29, 2024 9:25:41 AM org.apache.flink.runtime.blob.AbstractBlobCache <init>
INFO: Created BLOB cache storage directory /var/folders/9y/mg706rlj3cx1fsv47rlmtqq40000gn/T/minicluster_e6b71b7bf8660fe3d1ac456281b6f3ed/blobStorage
Apr 29, 2024 9:25:41 AM org.apache.flink.runtime.blob.AbstractBlobCache <init>
INFO: Created BLOB cache storage directory /var/folders/9y/mg706rlj3cx1fsv47rlmtqq40000gn/T/minicluster_e6b71b7bf8660fe3d1ac456281b6f3ed/blobStorage
Apr 29, 2024 9:25:41 AM org.apache.flink.runtime.minicluster.MiniCluster startTaskManagers
INFO: Starting 1 TaskManager(s)
Apr 29, 2024 9:25:41 AM org.apache.flink.runtime.taskexecutor.TaskManagerRunner startTaskManager
INFO: Starting TaskManager with ResourceID: a45cd573-095d-47a5-ab67-c35a47427249
Apr 29, 2024 9:25:41 AM org.apache.flink.runtime.taskexecutor.TaskManagerServices checkTempDirs
INFO: Temporary file directory '/var/folders/9y/mg706rlj3cx1fsv47rlmtqq40000gn/T': total 460 GB, usable 240 GB (52.17% usable)
Apr 29, 2024 9:25:41 AM org.apache.flink.runtime.io.disk.iomanager.IOManager <init>
INFO: Created a new FileChannelManager for spilling of task related data to disk (joins, sorting, ...). Used directories:
	/var/folders/9y/mg706rlj3cx1fsv47rlmtqq40000gn/T/flink-io-f3228124-3b09-4626-aa84-fb9331261480
Apr 29, 2024 9:25:41 AM org.apache.flink.runtime.io.network.NettyShuffleServiceFactory createNettyShuffleEnvironment
INFO: Created a new FileChannelManager for storing result partitions of BLOCKING shuffles. Used directories:
	/var/folders/9y/mg706rlj3cx1fsv47rlmtqq40000gn/T/flink-netty-shuffle-eddcafb1-86eb-4fe0-a5eb-ddbbc67ccef3
Apr 29, 2024 9:25:41 AM org.apache.flink.runtime.io.network.buffer.NetworkBufferPool <init>
INFO: Allocated 64 MB for network buffer pool (number of memory segments: 2048, bytes per segment: 32768).
Apr 29, 2024 9:25:41 AM org.apache.flink.runtime.io.network.NettyShuffleEnvironment start
INFO: Starting the network environment and its components.
Apr 29, 2024 9:25:41 AM org.apache.flink.runtime.taskexecutor.KvStateService start
INFO: Starting the kvState service and its components.
Apr 29, 2024 9:25:41 AM org.apache.flink.configuration.Configuration loggingFallback
INFO: Config uses fallback configuration key 'pekko.ask.timeout' instead of key 'taskmanager.slot.timeout'
Apr 29, 2024 9:25:41 AM org.apache.flink.runtime.rpc.pekko.PekkoRpcService startServer
INFO: Starting RPC endpoint for org.apache.flink.runtime.taskexecutor.TaskExecutor at pekko://flink/user/rpc/taskmanager_20 .
Apr 29, 2024 9:25:41 AM org.apache.flink.runtime.taskexecutor.DefaultJobLeaderService start
INFO: Start job leader service.
Apr 29, 2024 9:25:41 AM org.apache.flink.runtime.filecache.FileCache <init>
INFO: User file cache uses directory /var/folders/9y/mg706rlj3cx1fsv47rlmtqq40000gn/T/flink-dist-cache-4fc78810-1bb7-4f8d-bebe-17f3fb15ad8e
Apr 29, 2024 9:25:41 AM org.apache.flink.runtime.rest.RestServerEndpoint start
INFO: Starting rest endpoint.
Apr 29, 2024 9:25:41 AM org.apache.flink.runtime.webmonitor.WebMonitorUtils$LogFileLocation find
WARNING: Log file environment variable 'log.file' is not set.
Apr 29, 2024 9:25:41 AM org.apache.flink.runtime.webmonitor.WebMonitorUtils$LogFileLocation find
WARNING: JobManager log files are unavailable in the web dashboard. Log file location not found in environment variable 'log.file' or configuration key 'web.log.path'.
Apr 29, 2024 9:25:41 AM org.apache.flink.runtime.rest.RestServerEndpoint start
INFO: Rest endpoint listening at localhost:50046
Apr 29, 2024 9:25:41 AM org.apache.flink.runtime.highavailability.nonha.embedded.EmbeddedLeaderService updateLeader
INFO: Proposing leadership to the contender that is registered under component ID 'rest_server'.
Apr 29, 2024 9:25:41 AM org.apache.flink.runtime.webmonitor.WebMonitorEndpoint startInternal
INFO: Web frontend listening at http://localhost:50046.
Apr 29, 2024 9:25:41 AM org.apache.flink.runtime.webmonitor.WebMonitorEndpoint grantLeadership
INFO: http://localhost:50046 was granted leadership with leaderSessionID=07a5e818-b847-42dd-a449-35504c87f8ad
Apr 29, 2024 9:25:41 AM org.apache.flink.runtime.highavailability.nonha.embedded.EmbeddedLeaderService confirmLeader
INFO: Received confirmation of leadership for leader http://localhost:50046 , session=07a5e818-b847-42dd-a449-35504c87f8ad
Apr 29, 2024 9:25:41 AM org.apache.flink.runtime.highavailability.nonha.embedded.EmbeddedLeaderService updateLeader
INFO: Proposing leadership to the contender that is registered under component ID 'dispatcher'.
Apr 29, 2024 9:25:41 AM org.apache.flink.runtime.resourcemanager.ResourceManagerServiceImpl start
INFO: Starting resource manager service.
Apr 29, 2024 9:25:41 AM org.apache.flink.runtime.highavailability.nonha.embedded.EmbeddedLeaderService updateLeader
INFO: Proposing leadership to the contender that is registered under component ID 'resource_manager'.
Apr 29, 2024 9:25:41 AM org.apache.flink.runtime.dispatcher.runner.DefaultDispatcherRunner lambda$grantLeadership$0
INFO: DefaultDispatcherRunner was granted leadership with leader id c5a0db3f-9919-412b-8752-70ce595dc3ad. Creating new DispatcherLeaderProcess.
Apr 29, 2024 9:25:41 AM org.apache.flink.runtime.dispatcher.runner.AbstractDispatcherLeaderProcess startInternal
INFO: Start SessionDispatcherLeaderProcess.
Apr 29, 2024 9:25:41 AM org.apache.flink.runtime.minicluster.MiniCluster start
INFO: Flink Mini Cluster started successfully
Apr 29, 2024 9:25:41 AM org.apache.flink.runtime.resourcemanager.ResourceManagerServiceImpl lambda$grantLeadership$2
INFO: Resource manager service is granted leadership with session id c67fad04-22ba-48e5-983a-a92fec27e9b1.
Apr 29, 2024 9:25:41 AM org.apache.flink.runtime.dispatcher.runner.SessionDispatcherLeaderProcess recoverJobs
INFO: Recover all persisted job graphs that are not finished, yet.
Apr 29, 2024 9:25:41 AM org.apache.flink.runtime.dispatcher.runner.SessionDispatcherLeaderProcess recoverJobs
INFO: Successfully recovered 0 persisted job graphs.
Apr 29, 2024 9:25:41 AM org.apache.flink.runtime.rpc.pekko.PekkoRpcService startServer
INFO: Starting RPC endpoint for org.apache.flink.runtime.resourcemanager.StandaloneResourceManager at pekko://flink/user/rpc/resourcemanager_21 .
Apr 29, 2024 9:25:41 AM org.apache.flink.runtime.rpc.pekko.PekkoRpcService startServer
INFO: Starting RPC endpoint for org.apache.flink.runtime.dispatcher.StandaloneDispatcher at pekko://flink/user/rpc/dispatcher_22 .
Apr 29, 2024 9:25:41 AM org.apache.flink.runtime.resourcemanager.ResourceManager onStart
INFO: Starting the resource manager.
Apr 29, 2024 9:25:41 AM org.apache.flink.runtime.resourcemanager.slotmanager.FineGrainedSlotManager start
INFO: Starting the slot manager.
Apr 29, 2024 9:25:41 AM org.apache.flink.runtime.highavailability.nonha.embedded.EmbeddedLeaderService confirmLeader
INFO: Received confirmation of leadership for leader pekko://flink/user/rpc/dispatcher_22 , session=c5a0db3f-9919-412b-8752-70ce595dc3ad
Apr 29, 2024 9:25:41 AM org.apache.flink.runtime.security.token.DefaultDelegationTokenManager startTokensUpdate
INFO: Starting tokens update task
Apr 29, 2024 9:25:41 AM org.apache.flink.runtime.security.token.DefaultDelegationTokenManager startTokensUpdate
WARNING: No tokens obtained so skipping notifications
Apr 29, 2024 9:25:41 AM org.apache.flink.runtime.security.token.DefaultDelegationTokenManager startTokensUpdate
WARNING: Tokens update task not started because either no tokens obtained or none of the tokens specified its renewal date
Apr 29, 2024 9:25:41 AM org.apache.flink.runtime.highavailability.nonha.embedded.EmbeddedLeaderService confirmLeader
INFO: Received confirmation of leadership for leader pekko://flink/user/rpc/resourcemanager_21 , session=c67fad04-22ba-48e5-983a-a92fec27e9b1
Apr 29, 2024 9:25:41 AM org.apache.flink.runtime.taskexecutor.TaskExecutor connectToResourceManager
INFO: Connecting to ResourceManager pekko://flink/user/rpc/resourcemanager_21(983aa92fec27e9b1c67fad0422ba48e5).
Apr 29, 2024 9:25:41 AM org.apache.flink.runtime.registration.RetryingRegistration lambda$startRegistration$0
INFO: Resolved ResourceManager address, beginning registration
Apr 29, 2024 9:25:41 AM org.apache.flink.runtime.dispatcher.Dispatcher submitJob
INFO: Received JobGraph submission 'Flink Streaming Job' (f47184c1fbb718274d541ab6e0fd1b34).
Apr 29, 2024 9:25:41 AM org.apache.flink.runtime.dispatcher.Dispatcher internalSubmitJob
INFO: Submitting job 'Flink Streaming Job' (f47184c1fbb718274d541ab6e0fd1b34).
Apr 29, 2024 9:25:41 AM org.apache.flink.runtime.highavailability.nonha.embedded.EmbeddedLeaderService updateLeader
INFO: Proposing leadership to the contender that is registered under component ID 'job-f47184c1fbb718274d541ab6e0fd1b34'.
Apr 29, 2024 9:25:41 AM org.apache.flink.runtime.jobmaster.JobMasterServiceLeadershipRunner createNewJobMasterServiceProcess
INFO: JobMasterServiceLeadershipRunner for job f47184c1fbb718274d541ab6e0fd1b34 was granted leadership with leader id ad0d9833-96e5-4f41-846f-d72100a2c8fe. Creating new JobMasterServiceProcess.
Apr 29, 2024 9:25:41 AM org.apache.flink.runtime.resourcemanager.ResourceManager registerTaskExecutorInternal
INFO: Registering TaskManager with ResourceID a45cd573-095d-47a5-ab67-c35a47427249 (pekko://flink/user/rpc/taskmanager_20) at ResourceManager
Apr 29, 2024 9:25:41 AM org.apache.flink.runtime.taskexecutor.TaskExecutorToResourceManagerConnection onRegistrationSuccess
INFO: Successful registration at resource manager pekko://flink/user/rpc/resourcemanager_21 under registration id 6228208ae7e8009770e4bdd4fb1dd898.
Apr 29, 2024 9:25:41 AM org.apache.flink.runtime.resourcemanager.slotmanager.FineGrainedSlotManager registerTaskManager
INFO: Registering task executor a45cd573-095d-47a5-ab67-c35a47427249 under 6228208ae7e8009770e4bdd4fb1dd898 at the slot manager.
Apr 29, 2024 9:25:41 AM org.apache.flink.runtime.rpc.pekko.PekkoRpcService startServer
INFO: Starting RPC endpoint for org.apache.flink.runtime.jobmaster.JobMaster at pekko://flink/user/rpc/jobmanager_23 .
Apr 29, 2024 9:25:41 AM org.apache.flink.runtime.jobmaster.JobMaster <init>
INFO: Initializing job 'Flink Streaming Job' (f47184c1fbb718274d541ab6e0fd1b34).
Apr 29, 2024 9:25:41 AM org.apache.flink.runtime.scheduler.DefaultSchedulerFactory createInstance
INFO: Using restart back off time strategy NoRestartBackoffTimeStrategy for Flink Streaming Job (f47184c1fbb718274d541ab6e0fd1b34).
Apr 29, 2024 9:25:41 AM org.apache.flink.runtime.executiongraph.DefaultExecutionGraph <init>
INFO: Created execution graph d9bbfdb499f4367c4dc3c49fcd3062de for job f47184c1fbb718274d541ab6e0fd1b34.
Apr 29, 2024 9:25:41 AM org.apache.flink.runtime.executiongraph.DefaultExecutionGraphBuilder buildGraph
INFO: Running initialization on master for job Flink Streaming Job (f47184c1fbb718274d541ab6e0fd1b34).
Apr 29, 2024 9:25:41 AM org.apache.flink.runtime.executiongraph.DefaultExecutionGraphBuilder buildGraph
INFO: Successfully ran initialization on master in 0 ms.
Apr 29, 2024 9:25:41 AM org.apache.flink.runtime.scheduler.adapter.DefaultExecutionTopology generateNewPipelinedRegions
INFO: Built 1 new pipelined regions in 0 ms, total 1 pipelined regions currently.
Apr 29, 2024 9:25:41 AM org.apache.flink.runtime.state.StateBackendLoader loadFromApplicationOrConfigOrDefaultInternal
INFO: No state backend has been configured, using default (HashMap) org.apache.flink.runtime.state.hashmap.HashMapStateBackend@6975067f
Apr 29, 2024 9:25:41 AM org.apache.flink.runtime.state.StateBackendLoader fromApplicationOrConfigOrDefault
INFO: State backend loader loads the state backend as HashMapStateBackend
Apr 29, 2024 9:25:41 AM org.apache.flink.runtime.state.CheckpointStorageLoader createJobManagerCheckpointStorage
INFO: Checkpoint storage is set to 'jobmanager'
Apr 29, 2024 9:25:41 AM org.apache.flink.runtime.checkpoint.CheckpointCoordinator restoreLatestCheckpointedStateInternal
INFO: No checkpoint found during restore.
Apr 29, 2024 9:25:41 AM org.apache.flink.runtime.scheduler.DefaultScheduler <init>
INFO: Using failover strategy org.apache.flink.runtime.executiongraph.failover.flip1.RestartPipelinedRegionFailoverStrategy@11e0c64c for Flink Streaming Job (f47184c1fbb718274d541ab6e0fd1b34).
Apr 29, 2024 9:25:41 AM org.apache.flink.runtime.highavailability.nonha.embedded.EmbeddedLeaderService confirmLeader
INFO: Received confirmation of leadership for leader pekko://flink/user/rpc/jobmanager_23 , session=ad0d9833-96e5-4f41-846f-d72100a2c8fe
Apr 29, 2024 9:25:41 AM org.apache.flink.runtime.jobmaster.JobMaster startJobExecution
INFO: Starting execution of job 'Flink Streaming Job' (f47184c1fbb718274d541ab6e0fd1b34) under job master id 846fd72100a2c8fead0d983396e54f41.
Apr 29, 2024 9:25:41 AM org.apache.flink.runtime.scheduler.DefaultScheduler startSchedulingInternal
INFO: Starting scheduling with scheduling strategy [org.apache.flink.runtime.scheduler.strategy.PipelinedRegionSchedulingStrategy]
Apr 29, 2024 9:25:41 AM org.apache.flink.runtime.executiongraph.DefaultExecutionGraph transitionState
INFO: Job Flink Streaming Job (f47184c1fbb718274d541ab6e0fd1b34) switched from state CREATED to RUNNING.
Apr 29, 2024 9:25:41 AM org.apache.flink.runtime.executiongraph.Execution transitionState
INFO: Source: Collection Source -> Timestamps/Watermarks (1/1) (d9bbfdb499f4367c4dc3c49fcd3062de_cbc357ccb763df2852fee8c4fc7d55f2_0_0) switched from CREATED to SCHEDULED.
Apr 29, 2024 9:25:41 AM org.apache.flink.runtime.executiongraph.Execution transitionState
INFO: TumblingEventTimeWindows (1/1) (d9bbfdb499f4367c4dc3c49fcd3062de_9dd63673dd41ea021b896d5203f3ba7c_0_0) switched from CREATED to SCHEDULED.
Apr 29, 2024 9:25:41 AM org.apache.flink.runtime.jobmaster.JobMaster connectToResourceManager
INFO: Connecting to ResourceManager pekko://flink/user/rpc/resourcemanager_21(983aa92fec27e9b1c67fad0422ba48e5)
Apr 29, 2024 9:25:41 AM org.apache.flink.runtime.registration.RetryingRegistration lambda$startRegistration$0
INFO: Resolved ResourceManager address, beginning registration
Apr 29, 2024 9:25:41 AM org.apache.flink.runtime.resourcemanager.ResourceManager registerJobMaster
INFO: Registering job manager 846fd72100a2c8fead0d983396e54f41@pekko://flink/user/rpc/jobmanager_23 for job f47184c1fbb718274d541ab6e0fd1b34.
Apr 29, 2024 9:25:41 AM org.apache.flink.runtime.resourcemanager.ResourceManager registerJobMasterInternal
INFO: Registered job manager 846fd72100a2c8fead0d983396e54f41@pekko://flink/user/rpc/jobmanager_23 for job f47184c1fbb718274d541ab6e0fd1b34.
Apr 29, 2024 9:25:41 AM org.apache.flink.runtime.jobmaster.JobMaster establishResourceManagerConnection
INFO: JobManager successfully registered at ResourceManager, leader id: 983aa92fec27e9b1c67fad0422ba48e5.
Apr 29, 2024 9:25:41 AM org.apache.flink.runtime.resourcemanager.slotmanager.FineGrainedSlotManager processResourceRequirements
INFO: Received resource requirements from job f47184c1fbb718274d541ab6e0fd1b34: [ResourceRequirement{resourceProfile=ResourceProfile{UNKNOWN}, numberOfRequiredSlots=1}]
Apr 29, 2024 9:25:41 AM org.apache.flink.runtime.resourcemanager.slotmanager.FineGrainedSlotManager logMissingAndAvailableResource
INFO: Matching resource requirements against available resources.
Missing resources:
	 Job f47184c1fbb718274d541ab6e0fd1b34
		ResourceRequirement{resourceProfile=ResourceProfile{UNKNOWN}, numberOfRequiredSlots=1}
Current resources:
	TaskManager a45cd573-095d-47a5-ab67-c35a47427249
		Available: ResourceProfile{taskHeapMemory=1024.000gb (1099511627776 bytes), taskOffHeapMemory=1024.000gb (1099511627776 bytes), managedMemory=128.000mb (134217728 bytes), networkMemory=64.000mb (67108864 bytes)}
		Total:     ResourceProfile{taskHeapMemory=1024.000gb (1099511627776 bytes), taskOffHeapMemory=1024.000gb (1099511627776 bytes), managedMemory=128.000mb (134217728 bytes), networkMemory=64.000mb (67108864 bytes)}
Apr 29, 2024 9:25:41 AM org.apache.flink.runtime.resourcemanager.slotmanager.DefaultSlotStatusSyncer allocateSlot
INFO: Starting allocation of slot 8857fff6e0f26f53cb3346448a0d3d4e from a45cd573-095d-47a5-ab67-c35a47427249 for job f47184c1fbb718274d541ab6e0fd1b34 with resource profile ResourceProfile{taskHeapMemory=1024.000gb (1099511627776 bytes), taskOffHeapMemory=1024.000gb (1099511627776 bytes), managedMemory=128.000mb (134217728 bytes), networkMemory=64.000mb (67108864 bytes)}.
Apr 29, 2024 9:25:41 AM org.apache.flink.runtime.taskexecutor.TaskExecutor requestSlot
INFO: Receive slot request 8857fff6e0f26f53cb3346448a0d3d4e for job f47184c1fbb718274d541ab6e0fd1b34 from resource manager with leader id 983aa92fec27e9b1c67fad0422ba48e5.
Apr 29, 2024 9:25:41 AM org.apache.flink.runtime.taskexecutor.slot.TaskSlotTableImpl allocateSlot
INFO: Allocated slot for 8857fff6e0f26f53cb3346448a0d3d4e with resources ResourceProfile{taskHeapMemory=1024.000gb (1099511627776 bytes), taskOffHeapMemory=1024.000gb (1099511627776 bytes), managedMemory=128.000mb (134217728 bytes), networkMemory=64.000mb (67108864 bytes)}.
Apr 29, 2024 9:25:41 AM org.apache.flink.runtime.taskexecutor.DefaultJobLeaderService addJob
INFO: Add job f47184c1fbb718274d541ab6e0fd1b34 for job leader monitoring.
Apr 29, 2024 9:25:41 AM org.apache.flink.runtime.taskexecutor.DefaultJobLeaderService$JobManagerLeaderListener openRpcConnectionTo
INFO: Try to register at job manager pekko://flink/user/rpc/jobmanager_23 with leader id ad0d9833-96e5-4f41-846f-d72100a2c8fe.
Apr 29, 2024 9:25:41 AM org.apache.flink.runtime.registration.RetryingRegistration lambda$startRegistration$0
INFO: Resolved JobManager address, beginning registration
Apr 29, 2024 9:25:41 AM org.apache.flink.runtime.taskexecutor.DefaultJobLeaderService$JobManagerLeaderListener$JobManagerRegisteredRpcConnection lambda$onRegistrationSuccess$0
INFO: Successful registration at job manager pekko://flink/user/rpc/jobmanager_23 for job f47184c1fbb718274d541ab6e0fd1b34.
Apr 29, 2024 9:25:41 AM org.apache.flink.runtime.taskexecutor.TaskExecutor establishJobManagerConnection
INFO: Establish JobManager connection for job f47184c1fbb718274d541ab6e0fd1b34.
Apr 29, 2024 9:25:41 AM org.apache.flink.runtime.taskexecutor.TaskExecutor internalOfferSlotsToJobManager
INFO: Offer reserved slots to the leader of job f47184c1fbb718274d541ab6e0fd1b34.
Apr 29, 2024 9:25:41 AM org.apache.flink.runtime.executiongraph.Execution transitionState
INFO: Source: Collection Source -> Timestamps/Watermarks (1/1) (d9bbfdb499f4367c4dc3c49fcd3062de_cbc357ccb763df2852fee8c4fc7d55f2_0_0) switched from SCHEDULED to DEPLOYING.
Apr 29, 2024 9:25:41 AM org.apache.flink.runtime.executiongraph.Execution deploy
INFO: Deploying Source: Collection Source -> Timestamps/Watermarks (1/1) (attempt #0) with attempt id d9bbfdb499f4367c4dc3c49fcd3062de_cbc357ccb763df2852fee8c4fc7d55f2_0_0 and vertex id cbc357ccb763df2852fee8c4fc7d55f2_0 to a45cd573-095d-47a5-ab67-c35a47427249 @ localhost (dataPort=-1) with allocation id 8857fff6e0f26f53cb3346448a0d3d4e
Apr 29, 2024 9:25:41 AM org.apache.flink.runtime.executiongraph.Execution transitionState
INFO: TumblingEventTimeWindows (1/1) (d9bbfdb499f4367c4dc3c49fcd3062de_9dd63673dd41ea021b896d5203f3ba7c_0_0) switched from SCHEDULED to DEPLOYING.
Apr 29, 2024 9:25:41 AM org.apache.flink.runtime.executiongraph.Execution deploy
INFO: Deploying TumblingEventTimeWindows (1/1) (attempt #0) with attempt id d9bbfdb499f4367c4dc3c49fcd3062de_9dd63673dd41ea021b896d5203f3ba7c_0_0 and vertex id 9dd63673dd41ea021b896d5203f3ba7c_0 to a45cd573-095d-47a5-ab67-c35a47427249 @ localhost (dataPort=-1) with allocation id 8857fff6e0f26f53cb3346448a0d3d4e
Apr 29, 2024 9:25:41 AM org.apache.flink.runtime.taskexecutor.slot.TaskSlotTableImpl markExistingSlotActive
INFO: Activate slot 8857fff6e0f26f53cb3346448a0d3d4e.
Apr 29, 2024 9:25:41 AM org.apache.flink.runtime.state.changelog.StateChangelogStorageLoader load
INFO: Creating a changelog storage with name 'memory'.
Apr 29, 2024 9:25:41 AM org.apache.flink.runtime.state.TaskExecutorChannelStateExecutorFactoryManager getOrCreateExecutorFactory
INFO: Creating the channel state executor factory for job id f47184c1fbb718274d541ab6e0fd1b34
Apr 29, 2024 9:25:41 AM org.apache.flink.runtime.taskexecutor.TaskExecutor submitTask
INFO: Received task Source: Collection Source -> Timestamps/Watermarks (1/1)#0 (d9bbfdb499f4367c4dc3c49fcd3062de_cbc357ccb763df2852fee8c4fc7d55f2_0_0), deploy into slot with allocation id 8857fff6e0f26f53cb3346448a0d3d4e.
Apr 29, 2024 9:25:41 AM org.apache.flink.runtime.taskmanager.Task transitionState
INFO: Source: Collection Source -> Timestamps/Watermarks (1/1)#0 (d9bbfdb499f4367c4dc3c49fcd3062de_cbc357ccb763df2852fee8c4fc7d55f2_0_0) switched from CREATED to DEPLOYING.
Apr 29, 2024 9:25:41 AM org.apache.flink.runtime.taskexecutor.slot.TaskSlotTableImpl markExistingSlotActive
INFO: Activate slot 8857fff6e0f26f53cb3346448a0d3d4e.
Apr 29, 2024 9:25:41 AM org.apache.flink.runtime.taskmanager.Task doRun
INFO: Loading JAR files for task Source: Collection Source -> Timestamps/Watermarks (1/1)#0 (d9bbfdb499f4367c4dc3c49fcd3062de_cbc357ccb763df2852fee8c4fc7d55f2_0_0) [DEPLOYING].
Apr 29, 2024 9:25:41 AM org.apache.flink.runtime.state.StateBackendLoader loadFromApplicationOrConfigOrDefaultInternal
INFO: No state backend has been configured, using default (HashMap) org.apache.flink.runtime.state.hashmap.HashMapStateBackend@1aac1ce6
Apr 29, 2024 9:25:41 AM org.apache.flink.runtime.state.StateBackendLoader fromApplicationOrConfigOrDefault
INFO: State backend loader loads the state backend as HashMapStateBackend
Apr 29, 2024 9:25:41 AM org.apache.flink.runtime.state.CheckpointStorageLoader createJobManagerCheckpointStorage
INFO: Checkpoint storage is set to 'jobmanager'
Apr 29, 2024 9:25:41 AM org.apache.flink.runtime.taskmanager.Task transitionState
INFO: Source: Collection Source -> Timestamps/Watermarks (1/1)#0 (d9bbfdb499f4367c4dc3c49fcd3062de_cbc357ccb763df2852fee8c4fc7d55f2_0_0) switched from DEPLOYING to INITIALIZING.
Apr 29, 2024 9:25:41 AM org.apache.flink.runtime.taskexecutor.TaskExecutor submitTask
INFO: Received task TumblingEventTimeWindows (1/1)#0 (d9bbfdb499f4367c4dc3c49fcd3062de_9dd63673dd41ea021b896d5203f3ba7c_0_0), deploy into slot with allocation id 8857fff6e0f26f53cb3346448a0d3d4e.
Apr 29, 2024 9:25:41 AM org.apache.flink.runtime.executiongraph.Execution transitionState
INFO: Source: Collection Source -> Timestamps/Watermarks (1/1) (d9bbfdb499f4367c4dc3c49fcd3062de_cbc357ccb763df2852fee8c4fc7d55f2_0_0) switched from DEPLOYING to INITIALIZING.
Apr 29, 2024 9:25:41 AM org.apache.flink.runtime.taskmanager.Task transitionState
INFO: TumblingEventTimeWindows (1/1)#0 (d9bbfdb499f4367c4dc3c49fcd3062de_9dd63673dd41ea021b896d5203f3ba7c_0_0) switched from CREATED to DEPLOYING.
Apr 29, 2024 9:25:41 AM org.apache.flink.runtime.taskmanager.Task doRun
INFO: Loading JAR files for task TumblingEventTimeWindows (1/1)#0 (d9bbfdb499f4367c4dc3c49fcd3062de_9dd63673dd41ea021b896d5203f3ba7c_0_0) [DEPLOYING].
Apr 29, 2024 9:25:41 AM org.apache.flink.runtime.taskexecutor.slot.TaskSlotTableImpl markExistingSlotActive
INFO: Activate slot 8857fff6e0f26f53cb3346448a0d3d4e.
Apr 29, 2024 9:25:41 AM org.apache.flink.runtime.state.StateBackendLoader loadFromApplicationOrConfigOrDefaultInternal
INFO: No state backend has been configured, using default (HashMap) org.apache.flink.runtime.state.hashmap.HashMapStateBackend@25d5d62
Apr 29, 2024 9:25:41 AM org.apache.flink.runtime.state.StateBackendLoader fromApplicationOrConfigOrDefault
INFO: State backend loader loads the state backend as HashMapStateBackend
Apr 29, 2024 9:25:41 AM org.apache.flink.runtime.state.CheckpointStorageLoader createJobManagerCheckpointStorage
INFO: Checkpoint storage is set to 'jobmanager'
Apr 29, 2024 9:25:41 AM org.apache.flink.runtime.taskmanager.Task transitionState
INFO: TumblingEventTimeWindows (1/1)#0 (d9bbfdb499f4367c4dc3c49fcd3062de_9dd63673dd41ea021b896d5203f3ba7c_0_0) switched from DEPLOYING to INITIALIZING.
Apr 29, 2024 9:25:41 AM org.apache.flink.runtime.executiongraph.Execution transitionState
INFO: TumblingEventTimeWindows (1/1) (d9bbfdb499f4367c4dc3c49fcd3062de_9dd63673dd41ea021b896d5203f3ba7c_0_0) switched from DEPLOYING to INITIALIZING.
Apr 29, 2024 9:25:41 AM org.apache.flink.runtime.state.heap.HeapKeyedStateBackendBuilder restoreState
INFO: Finished to build heap keyed state-backend.
Apr 29, 2024 9:25:41 AM org.apache.flink.runtime.state.heap.HeapKeyedStateBackend <init>
INFO: Initializing heap keyed state backend with stream factory.
Apr 29, 2024 9:25:41 AM org.apache.flink.runtime.taskmanager.Task transitionState
INFO: Source: Collection Source -> Timestamps/Watermarks (1/1)#0 (d9bbfdb499f4367c4dc3c49fcd3062de_cbc357ccb763df2852fee8c4fc7d55f2_0_0) switched from INITIALIZING to RUNNING.
Apr 29, 2024 9:25:41 AM org.apache.flink.runtime.executiongraph.Execution transitionState
INFO: Source: Collection Source -> Timestamps/Watermarks (1/1) (d9bbfdb499f4367c4dc3c49fcd3062de_cbc357ccb763df2852fee8c4fc7d55f2_0_0) switched from INITIALIZING to RUNNING.
Apr 29, 2024 9:25:41 AM org.apache.flink.runtime.taskmanager.Task transitionState
INFO: TumblingEventTimeWindows (1/1)#0 (d9bbfdb499f4367c4dc3c49fcd3062de_9dd63673dd41ea021b896d5203f3ba7c_0_0) switched from INITIALIZING to RUNNING.
Apr 29, 2024 9:25:41 AM org.apache.flink.api.java.typeutils.runtime.kryo.KryoSerializer getKryoInstance
INFO: Kryo serializer scala extensions are not available.
Apr 29, 2024 9:25:41 AM org.apache.flink.runtime.executiongraph.Execution transitionState
INFO: TumblingEventTimeWindows (1/1) (d9bbfdb499f4367c4dc3c49fcd3062de_9dd63673dd41ea021b896d5203f3ba7c_0_0) switched from INITIALIZING to RUNNING.
Apr 29, 2024 9:25:41 AM org.apache.flink.api.java.typeutils.runtime.kryo.KryoSerializer getKryoInstance
INFO: Kryo serializer scala extensions are not available.
Apr 29, 2024 9:25:41 AM org.apache.flink.api.java.typeutils.runtime.kryo.KryoSerializer getKryoInstance
INFO: Kryo serializer scala extensions are not available.
Apr 29, 2024 9:25:41 AM org.apache.flink.api.java.typeutils.runtime.kryo.KryoSerializer getKryoInstance
INFO: Kryo serializer scala extensions are not available.
Apr 29, 2024 9:25:41 AM org.apache.flink.runtime.taskmanager.Task transitionState
INFO: Source: Collection Source -> Timestamps/Watermarks (1/1)#0 (d9bbfdb499f4367c4dc3c49fcd3062de_cbc357ccb763df2852fee8c4fc7d55f2_0_0) switched from RUNNING to FINISHED.
Apr 29, 2024 9:25:41 AM org.apache.flink.runtime.taskmanager.Task doRun
INFO: Freeing task resources for Source: Collection Source -> Timestamps/Watermarks (1/1)#0 (d9bbfdb499f4367c4dc3c49fcd3062de_cbc357ccb763df2852fee8c4fc7d55f2_0_0).
Apr 29, 2024 9:25:41 AM org.apache.flink.runtime.taskexecutor.TaskExecutor unregisterTaskAndNotifyFinalState
INFO: Un-registering task and sending final execution state FINISHED to JobManager for task Source: Collection Source -> Timestamps/Watermarks (1/1)#0 d9bbfdb499f4367c4dc3c49fcd3062de_cbc357ccb763df2852fee8c4fc7d55f2_0_0.
Apr 29, 2024 9:25:41 AM org.apache.flink.runtime.executiongraph.Execution transitionState
INFO: Source: Collection Source -> Timestamps/Watermarks (1/1) (d9bbfdb499f4367c4dc3c49fcd3062de_cbc357ccb763df2852fee8c4fc7d55f2_0_0) switched from RUNNING to FINISHED.
Apr 29, 2024 9:25:41 AM org.apache.flink.runtime.taskmanager.Task transitionState
INFO: TumblingEventTimeWindows (1/1)#0 (d9bbfdb499f4367c4dc3c49fcd3062de_9dd63673dd41ea021b896d5203f3ba7c_0_0) switched from RUNNING to FINISHED.
Apr 29, 2024 9:25:41 AM org.apache.flink.runtime.taskmanager.Task doRun
INFO: Freeing task resources for TumblingEventTimeWindows (1/1)#0 (d9bbfdb499f4367c4dc3c49fcd3062de_9dd63673dd41ea021b896d5203f3ba7c_0_0).
Apr 29, 2024 9:25:41 AM org.apache.flink.runtime.taskexecutor.TaskExecutor unregisterTaskAndNotifyFinalState
INFO: Un-registering task and sending final execution state FINISHED to JobManager for task TumblingEventTimeWindows (1/1)#0 d9bbfdb499f4367c4dc3c49fcd3062de_9dd63673dd41ea021b896d5203f3ba7c_0_0.
Apr 29, 2024 9:25:41 AM org.apache.flink.runtime.executiongraph.Execution transitionState
INFO: TumblingEventTimeWindows (1/1) (d9bbfdb499f4367c4dc3c49fcd3062de_9dd63673dd41ea021b896d5203f3ba7c_0_0) switched from RUNNING to FINISHED.
Apr 29, 2024 9:25:41 AM org.apache.flink.runtime.executiongraph.DefaultExecutionGraph transitionState
INFO: Job Flink Streaming Job (f47184c1fbb718274d541ab6e0fd1b34) switched from state RUNNING to FINISHED.
Apr 29, 2024 9:25:41 AM org.apache.flink.runtime.resourcemanager.slotmanager.FineGrainedSlotManager processResourceRequirements
INFO: Clearing resource requirements of job f47184c1fbb718274d541ab6e0fd1b34
Apr 29, 2024 9:25:41 AM org.apache.flink.runtime.checkpoint.CheckpointCoordinator shutdown
INFO: Stopping checkpoint coordinator for job f47184c1fbb718274d541ab6e0fd1b34.
Apr 29, 2024 9:25:41 AM org.apache.flink.runtime.minicluster.MiniCluster closeInternal
INFO: Shutting down Flink Mini Cluster
Apr 29, 2024 9:25:41 AM org.apache.flink.runtime.dispatcher.Dispatcher jobReachedTerminalState
INFO: Job f47184c1fbb718274d541ab6e0fd1b34 reached terminal state FINISHED.
Apr 29, 2024 9:25:41 AM org.apache.flink.runtime.dispatcher.Dispatcher lambda$registerGloballyTerminatedJobInJobResultStore$42
INFO: Job f47184c1fbb718274d541ab6e0fd1b34 has been registered for cleanup in the JobResultStore after reaching a terminal state.
Apr 29, 2024 9:25:41 AM org.apache.flink.runtime.rest.RestServerEndpoint closeAsync
INFO: Shutting down rest endpoint.
Apr 29, 2024 9:25:41 AM org.apache.flink.runtime.taskexecutor.TaskExecutor onStop
INFO: Stopping TaskExecutor pekko://flink/user/rpc/taskmanager_20.
Apr 29, 2024 9:25:41 AM org.apache.flink.runtime.jobmaster.JobMaster onStop
INFO: Stopping the JobMaster for job 'Flink Streaming Job' (f47184c1fbb718274d541ab6e0fd1b34).
Apr 29, 2024 9:25:41 AM org.apache.flink.runtime.taskexecutor.TaskExecutor closeResourceManagerConnection
INFO: Close ResourceManager connection 5f6bc262c4f17eece1f684650ea577f9.
Apr 29, 2024 9:25:41 AM org.apache.flink.runtime.taskexecutor.TaskExecutor disconnectJobManagerConnection
INFO: Close JobManager connection for job f47184c1fbb718274d541ab6e0fd1b34.
Apr 29, 2024 9:25:41 AM org.apache.flink.runtime.resourcemanager.ResourceManager closeTaskManagerConnection
INFO: Closing TaskExecutor connection a45cd573-095d-47a5-ab67-c35a47427249 because: The TaskExecutor is shutting down.
Apr 29, 2024 9:25:41 AM org.apache.flink.runtime.resourcemanager.slotmanager.FineGrainedSlotManager unregisterTaskManager
INFO: Unregistering task executor 6228208ae7e8009770e4bdd4fb1dd898 from the slot manager.
Apr 29, 2024 9:25:41 AM org.apache.flink.runtime.resourcemanager.slotmanager.DefaultSlotStatusSyncer freeSlot
INFO: Freeing slot 8857fff6e0f26f53cb3346448a0d3d4e.
Apr 29, 2024 9:25:41 AM org.apache.flink.runtime.state.TaskExecutorStateChangelogStoragesManager shutdown
INFO: Shutting down TaskExecutorStateChangelogStoragesManager.
Apr 29, 2024 9:25:41 AM org.apache.flink.runtime.state.TaskExecutorChannelStateExecutorFactoryManager shutdown
INFO: Shutting down TaskExecutorChannelStateExecutorFactoryManager.
Apr 29, 2024 9:25:41 AM org.apache.flink.runtime.taskexecutor.slot.TaskSlotTableImpl freeSlotInternal
INFO: Free slot TaskSlot(index:1, state:ALLOCATED, resource profile: ResourceProfile{taskHeapMemory=1024.000gb (1099511627776 bytes), taskOffHeapMemory=1024.000gb (1099511627776 bytes), managedMemory=128.000mb (134217728 bytes), networkMemory=64.000mb (67108864 bytes)}, allocationId: 8857fff6e0f26f53cb3346448a0d3d4e, jobId: f47184c1fbb718274d541ab6e0fd1b34).
Apr 29, 2024 9:25:41 AM org.apache.flink.runtime.checkpoint.StandaloneCompletedCheckpointStore shutdown
INFO: Shutting down
Apr 29, 2024 9:25:41 AM org.apache.flink.runtime.jobmaster.JobMaster disconnectTaskManager
INFO: Disconnect TaskExecutor a45cd573-095d-47a5-ab67-c35a47427249 because: Stopping JobMaster for job 'Flink Streaming Job' (f47184c1fbb718274d541ab6e0fd1b34).
Apr 29, 2024 9:25:41 AM org.apache.flink.runtime.jobmaster.slotpool.DefaultDeclarativeSlotPool releaseSlots
INFO: Releasing slot [8857fff6e0f26f53cb3346448a0d3d4e].
Apr 29, 2024 9:25:41 AM org.apache.flink.runtime.jobmaster.JobMaster dissolveResourceManagerConnection
INFO: Close ResourceManager connection 5f6bc262c4f17eece1f684650ea577f9: Stopping JobMaster for job 'Flink Streaming Job' (f47184c1fbb718274d541ab6e0fd1b34).
Apr 29, 2024 9:25:41 AM org.apache.flink.runtime.resourcemanager.ResourceManager closeJobManagerConnection
INFO: Disconnect job manager 846fd72100a2c8fead0d983396e54f41@pekko://flink/user/rpc/jobmanager_23 for job f47184c1fbb718274d541ab6e0fd1b34 from the resource manager.
Apr 29, 2024 9:25:41 AM org.apache.flink.runtime.taskexecutor.DefaultJobLeaderService stop
INFO: Stop job leader service.
Apr 29, 2024 9:25:41 AM org.apache.flink.runtime.state.TaskExecutorLocalStateStoresManager shutdown
INFO: Shutting down TaskExecutorLocalStateStoresManager.
Apr 29, 2024 9:25:41 AM org.apache.flink.runtime.webmonitor.WebMonitorEndpoint lambda$shutDownInternal$7
INFO: Removing cache directory /var/folders/9y/mg706rlj3cx1fsv47rlmtqq40000gn/T/flink-web-ui
Apr 29, 2024 9:25:41 AM org.apache.flink.runtime.io.disk.FileChannelManagerImpl lambda$getFileCloser$0
INFO: FileChannelManager removed spill file directory /var/folders/9y/mg706rlj3cx1fsv47rlmtqq40000gn/T/flink-io-f3228124-3b09-4626-aa84-fb9331261480
Apr 29, 2024 9:25:41 AM org.apache.flink.runtime.io.network.NettyShuffleEnvironment close
INFO: Shutting down the network environment and its components.
Apr 29, 2024 9:25:41 AM org.apache.flink.runtime.webmonitor.WebMonitorEndpoint revokeLeadership
INFO: http://localhost:50046 lost leadership
Apr 29, 2024 9:25:41 AM org.apache.flink.runtime.rest.RestServerEndpoint lambda$closeAsync$1
INFO: Shut down complete.
Apr 29, 2024 9:25:41 AM org.apache.flink.runtime.taskexecutor.TaskExecutorResourceUtils setConfigOptionToDefaultIfNotSet
INFO: The configuration option taskmanager.cpu.cores required for local execution is not set, setting it to the maximal possible value.
Apr 29, 2024 9:25:41 AM org.apache.flink.runtime.resourcemanager.ResourceManager deregisterApplication
INFO: Shut down cluster because application is in CANCELED, diagnostics DispatcherResourceManagerComponent has been closed..
Apr 29, 2024 9:25:41 AM org.apache.flink.runtime.taskexecutor.TaskExecutorResourceUtils setConfigOptionToDefaultIfNotSet
INFO: The configuration option taskmanager.memory.task.heap.size required for local execution is not set, setting it to the maximal possible value.
Apr 29, 2024 9:25:41 AM org.apache.flink.runtime.taskexecutor.TaskExecutorResourceUtils setConfigOptionToDefaultIfNotSet
INFO: The configuration option taskmanager.memory.task.off-heap.size required for local execution is not set, setting it to the maximal possible value.
Apr 29, 2024 9:25:41 AM org.apache.flink.runtime.entrypoint.component.DispatcherResourceManagerComponent closeAsyncInternal
INFO: Closing components.
Apr 29, 2024 9:25:41 AM org.apache.flink.runtime.taskexecutor.TaskExecutorResourceUtils setConfigOptionToDefaultIfNotSet
INFO: The configuration option taskmanager.memory.network.min required for local execution is not set, setting it to its default value 64 mb.
Apr 29, 2024 9:25:41 AM org.apache.flink.runtime.dispatcher.runner.AbstractDispatcherLeaderProcess closeInternal
INFO: Stopping SessionDispatcherLeaderProcess.
Apr 29, 2024 9:25:41 AM org.apache.flink.runtime.taskexecutor.TaskExecutorResourceUtils setConfigOptionToDefaultIfNotSet
INFO: The configuration option taskmanager.memory.network.max required for local execution is not set, setting it to its default value 64 mb.
Apr 29, 2024 9:25:41 AM org.apache.flink.runtime.resourcemanager.ResourceManagerServiceImpl closeAsync
INFO: Stopping resource manager service.
Apr 29, 2024 9:25:41 AM org.apache.flink.runtime.taskexecutor.TaskExecutorResourceUtils setConfigOptionToDefaultIfNotSet
INFO: The configuration option taskmanager.memory.managed.size required for local execution is not set, setting it to its default value 128 mb.
Apr 29, 2024 9:25:41 AM org.apache.flink.runtime.dispatcher.Dispatcher onStop
INFO: Stopping dispatcher pekko://flink/user/rpc/dispatcher_22.
Apr 29, 2024 9:25:41 AM org.apache.flink.runtime.resourcemanager.ResourceManagerServiceImpl lambda$revokeLeadership$3
INFO: Resource manager service is not running. Ignore revoking leadership.
Apr 29, 2024 9:25:41 AM org.apache.flink.runtime.dispatcher.Dispatcher terminateRunningJobs
INFO: Stopping all currently running jobs of dispatcher pekko://flink/user/rpc/dispatcher_22.
Apr 29, 2024 9:25:41 AM org.apache.flink.runtime.security.token.DefaultDelegationTokenManager stop
INFO: Stopping credential renewal
Apr 29, 2024 9:25:41 AM org.apache.flink.runtime.minicluster.MiniCluster start
INFO: Starting Flink Mini Cluster
Apr 29, 2024 9:25:41 AM org.apache.flink.runtime.security.token.DefaultDelegationTokenManager stop
INFO: Stopped credential renewal
Apr 29, 2024 9:25:41 AM org.apache.flink.runtime.resourcemanager.slotmanager.FineGrainedSlotManager close
INFO: Closing the slot manager.
Apr 29, 2024 9:25:41 AM org.apache.flink.runtime.resourcemanager.slotmanager.FineGrainedSlotManager suspend
INFO: Suspending the slot manager.
Apr 29, 2024 9:25:41 AM org.apache.flink.runtime.io.disk.FileChannelManagerImpl lambda$getFileCloser$0
INFO: FileChannelManager removed spill file directory /var/folders/9y/mg706rlj3cx1fsv47rlmtqq40000gn/T/flink-netty-shuffle-eddcafb1-86eb-4fe0-a5eb-ddbbc67ccef3
Apr 29, 2024 9:25:41 AM org.apache.flink.runtime.taskexecutor.KvStateService shutdown
INFO: Shutting down the kvState service and its components.
Apr 29, 2024 9:25:41 AM org.apache.flink.runtime.taskexecutor.DefaultJobLeaderService stop
INFO: Stop job leader service.
Apr 29, 2024 9:25:41 AM org.apache.flink.runtime.filecache.FileCache shutdown
INFO: removed file cache directory /var/folders/9y/mg706rlj3cx1fsv47rlmtqq40000gn/T/flink-dist-cache-4fc78810-1bb7-4f8d-bebe-17f3fb15ad8e
Apr 29, 2024 9:25:41 AM org.apache.flink.runtime.taskexecutor.TaskExecutor handleOnStopException
INFO: Stopped TaskExecutor pekko://flink/user/rpc/taskmanager_20.
Apr 29, 2024 9:25:41 AM org.apache.flink.runtime.dispatcher.Dispatcher lambda$onStop$2
INFO: Stopped dispatcher pekko://flink/user/rpc/dispatcher_22.
Apr 29, 2024 9:25:41 AM org.apache.flink.runtime.rpc.pekko.PekkoRpcService closeAsync
INFO: Stopping Pekko RPC service.
Apr 29, 2024 9:25:41 AM org.apache.pekko.event.slf4j.Slf4jLogger$$anonfun$receive$1 $anonfun$applyOrElse$3
INFO: Running CoordinatedShutdown with reason [ActorSystemTerminateReason]
Apr 29, 2024 9:25:41 AM org.apache.flink.runtime.rpc.pekko.PekkoRpcService closeAsync
INFO: Stopping Pekko RPC service.
Apr 29, 2024 9:25:41 AM org.apache.flink.runtime.rpc.pekko.PekkoRpcService lambda$closeAsync$7
INFO: Stopped Pekko RPC service.
Apr 29, 2024 9:25:41 AM org.apache.pekko.event.slf4j.Slf4jLogger$$anonfun$receive$1 $anonfun$applyOrElse$3
INFO: Running CoordinatedShutdown with reason [ActorSystemTerminateReason]
Apr 29, 2024 9:25:41 AM org.apache.flink.runtime.blob.AbstractBlobCache close
INFO: Shutting down BLOB cache
Apr 29, 2024 9:25:41 AM org.apache.flink.runtime.blob.AbstractBlobCache close
INFO: Shutting down BLOB cache
Apr 29, 2024 9:25:41 AM org.apache.flink.runtime.blob.BlobServer close
INFO: Stopped BLOB server at 0.0.0.0:50045
Apr 29, 2024 9:25:41 AM org.apache.flink.runtime.rpc.pekko.PekkoRpcService lambda$closeAsync$7
INFO: Stopped Pekko RPC service.
Apr 29, 2024 9:25:41 AM org.apache.flink.runtime.minicluster.MiniCluster start
INFO: Starting Metrics Registry
Apr 29, 2024 9:25:41 AM org.apache.flink.runtime.metrics.MetricRegistryImpl <init>
INFO: No metrics reporter configured, no metrics will be exposed/reported.
Apr 29, 2024 9:25:41 AM org.apache.flink.runtime.minicluster.MiniCluster start
INFO: Starting RPC Service(s)
Apr 29, 2024 9:25:41 AM org.apache.flink.runtime.rpc.pekko.ActorSystemBootstrapTools startLocalActorSystem
INFO: Trying to start local actor system
Apr 29, 2024 9:25:42 AM org.apache.pekko.event.slf4j.Slf4jLogger$$anonfun$receive$1 applyOrElse
INFO: Slf4jLogger started
Apr 29, 2024 9:25:42 AM org.apache.flink.runtime.rpc.pekko.ActorSystemBootstrapTools startActorSystem
INFO: Actor system started at pekko://flink
Apr 29, 2024 9:25:42 AM org.apache.flink.runtime.rpc.pekko.ActorSystemBootstrapTools startLocalActorSystem
INFO: Trying to start local actor system
Apr 29, 2024 9:25:42 AM org.apache.pekko.event.slf4j.Slf4jLogger$$anonfun$receive$1 applyOrElse
INFO: Slf4jLogger started
Apr 29, 2024 9:25:42 AM org.apache.flink.runtime.rpc.pekko.ActorSystemBootstrapTools startActorSystem
INFO: Actor system started at pekko://flink-metrics
Apr 29, 2024 9:25:42 AM org.apache.flink.runtime.rpc.pekko.PekkoRpcService startServer
INFO: Starting RPC endpoint for org.apache.flink.runtime.metrics.dump.MetricQueryService at pekko://flink-metrics/user/rpc/MetricQueryService .
Apr 29, 2024 9:25:42 AM org.apache.flink.runtime.security.token.DefaultDelegationTokenManager loadProviders
INFO: Loading delegation token providers
Apr 29, 2024 9:25:42 AM org.apache.flink.runtime.util.HadoopUtils getHadoopConfiguration
WARNING: Could not find Hadoop configuration via any of the supported methods (Flink configuration, environment variables).
Apr 29, 2024 9:25:42 AM org.apache.flink.runtime.security.token.DefaultDelegationTokenManager lambda$loadProviders$0
INFO: Delegation token provider hadoopfs loaded and initialized
Apr 29, 2024 9:25:42 AM org.apache.flink.runtime.util.HadoopUtils getHadoopConfiguration
WARNING: Could not find Hadoop configuration via any of the supported methods (Flink configuration, environment variables).
Apr 29, 2024 9:25:42 AM org.apache.flink.runtime.security.token.DefaultDelegationTokenManager lambda$loadProviders$0
INFO: Delegation token provider hbase loaded and initialized
Apr 29, 2024 9:25:42 AM org.apache.flink.runtime.security.token.DefaultDelegationTokenManager loadProviders
INFO: Delegation token providers loaded successfully
Apr 29, 2024 9:25:42 AM org.apache.flink.runtime.security.token.DelegationTokenReceiverRepository loadReceivers
INFO: Loading delegation token receivers
Apr 29, 2024 9:25:42 AM org.apache.flink.runtime.security.token.DelegationTokenReceiverRepository lambda$loadReceivers$0
INFO: Delegation token receiver hadoopfs loaded and initialized
Apr 29, 2024 9:25:42 AM org.apache.flink.runtime.security.token.DelegationTokenReceiverRepository lambda$loadReceivers$0
INFO: Delegation token receiver hbase loaded and initialized
Apr 29, 2024 9:25:42 AM org.apache.flink.runtime.security.token.DelegationTokenReceiverRepository loadReceivers
INFO: Delegation token receivers loaded successfully
Apr 29, 2024 9:25:42 AM org.apache.flink.runtime.security.token.DefaultDelegationTokenManager checkProviderAndReceiverConsistency
INFO: Checking provider and receiver instances consistency
Apr 29, 2024 9:25:42 AM org.apache.flink.runtime.security.token.DefaultDelegationTokenManager checkProviderAndReceiverConsistency
INFO: Provider and receiver instances are consistent
Apr 29, 2024 9:25:42 AM org.apache.flink.runtime.security.token.DefaultDelegationTokenManager obtainDelegationTokens
INFO: Obtaining delegation tokens
Apr 29, 2024 9:25:42 AM org.apache.flink.runtime.security.token.DefaultDelegationTokenManager obtainDelegationTokens
INFO: Delegation tokens obtained successfully
Apr 29, 2024 9:25:42 AM org.apache.flink.runtime.security.token.DefaultDelegationTokenManager obtainDelegationTokens
WARNING: No tokens obtained so skipping notifications
Apr 29, 2024 9:25:42 AM org.apache.flink.runtime.security.token.DelegationTokenReceiverRepository loadReceivers
INFO: Loading delegation token receivers
Apr 29, 2024 9:25:42 AM org.apache.flink.runtime.security.token.DelegationTokenReceiverRepository lambda$loadReceivers$0
INFO: Delegation token receiver hadoopfs loaded and initialized
Apr 29, 2024 9:25:42 AM org.apache.flink.runtime.security.token.DelegationTokenReceiverRepository lambda$loadReceivers$0
INFO: Delegation token receiver hbase loaded and initialized
Apr 29, 2024 9:25:42 AM org.apache.flink.runtime.security.token.DelegationTokenReceiverRepository loadReceivers
INFO: Delegation token receivers loaded successfully
Apr 29, 2024 9:25:42 AM org.apache.flink.runtime.blob.BlobServer <init>
INFO: Created BLOB server storage directory /var/folders/9y/mg706rlj3cx1fsv47rlmtqq40000gn/T/minicluster_fe5bc7887b4f16c9c6e345a0370d3106/blobStorage
Apr 29, 2024 9:25:42 AM org.apache.flink.runtime.blob.BlobServer <init>
INFO: Started BLOB server at 0.0.0.0:50047 - max concurrent requests: 50 - max backlog: 1000
Apr 29, 2024 9:25:42 AM org.apache.flink.runtime.blob.AbstractBlobCache <init>
INFO: Created BLOB cache storage directory /var/folders/9y/mg706rlj3cx1fsv47rlmtqq40000gn/T/minicluster_fe5bc7887b4f16c9c6e345a0370d3106/blobStorage
Apr 29, 2024 9:25:42 AM org.apache.flink.runtime.blob.AbstractBlobCache <init>
INFO: Created BLOB cache storage directory /var/folders/9y/mg706rlj3cx1fsv47rlmtqq40000gn/T/minicluster_fe5bc7887b4f16c9c6e345a0370d3106/blobStorage
Apr 29, 2024 9:25:42 AM org.apache.flink.runtime.minicluster.MiniCluster startTaskManagers
INFO: Starting 1 TaskManager(s)
Apr 29, 2024 9:25:42 AM org.apache.flink.runtime.taskexecutor.TaskManagerRunner startTaskManager
INFO: Starting TaskManager with ResourceID: 8cc21df3-8cb6-4ff9-9195-4a79f1591853
Apr 29, 2024 9:25:42 AM org.apache.flink.runtime.taskexecutor.TaskManagerServices checkTempDirs
INFO: Temporary file directory '/var/folders/9y/mg706rlj3cx1fsv47rlmtqq40000gn/T': total 460 GB, usable 240 GB (52.17% usable)
Apr 29, 2024 9:25:42 AM org.apache.flink.runtime.io.disk.iomanager.IOManager <init>
INFO: Created a new FileChannelManager for spilling of task related data to disk (joins, sorting, ...). Used directories:
	/var/folders/9y/mg706rlj3cx1fsv47rlmtqq40000gn/T/flink-io-e50dab75-59ab-475a-8a26-9c71bb4f2ed7
Apr 29, 2024 9:25:42 AM org.apache.flink.runtime.io.network.NettyShuffleServiceFactory createNettyShuffleEnvironment
INFO: Created a new FileChannelManager for storing result partitions of BLOCKING shuffles. Used directories:
	/var/folders/9y/mg706rlj3cx1fsv47rlmtqq40000gn/T/flink-netty-shuffle-5d36e752-dad9-42df-b096-f0648aba851e
Apr 29, 2024 9:25:42 AM org.apache.flink.runtime.io.network.buffer.NetworkBufferPool <init>
INFO: Allocated 64 MB for network buffer pool (number of memory segments: 2048, bytes per segment: 32768).
Apr 29, 2024 9:25:42 AM org.apache.flink.runtime.io.network.NettyShuffleEnvironment start
INFO: Starting the network environment and its components.
Apr 29, 2024 9:25:42 AM org.apache.flink.runtime.taskexecutor.KvStateService start
INFO: Starting the kvState service and its components.
Apr 29, 2024 9:25:42 AM org.apache.flink.configuration.Configuration loggingFallback
INFO: Config uses fallback configuration key 'pekko.ask.timeout' instead of key 'taskmanager.slot.timeout'
Apr 29, 2024 9:25:42 AM org.apache.flink.runtime.rpc.pekko.PekkoRpcService startServer
INFO: Starting RPC endpoint for org.apache.flink.runtime.taskexecutor.TaskExecutor at pekko://flink/user/rpc/taskmanager_24 .
Apr 29, 2024 9:25:42 AM org.apache.flink.runtime.taskexecutor.DefaultJobLeaderService start
INFO: Start job leader service.
Apr 29, 2024 9:25:42 AM org.apache.flink.runtime.filecache.FileCache <init>
INFO: User file cache uses directory /var/folders/9y/mg706rlj3cx1fsv47rlmtqq40000gn/T/flink-dist-cache-28699ca5-7276-4545-8ae3-c4f8b6edfe91
Apr 29, 2024 9:25:42 AM org.apache.flink.runtime.rest.RestServerEndpoint start
INFO: Starting rest endpoint.
Apr 29, 2024 9:25:42 AM org.apache.flink.runtime.webmonitor.WebMonitorUtils$LogFileLocation find
WARNING: Log file environment variable 'log.file' is not set.
Apr 29, 2024 9:25:42 AM org.apache.flink.runtime.webmonitor.WebMonitorUtils$LogFileLocation find
WARNING: JobManager log files are unavailable in the web dashboard. Log file location not found in environment variable 'log.file' or configuration key 'web.log.path'.
Apr 29, 2024 9:25:42 AM org.apache.flink.runtime.rest.RestServerEndpoint start
INFO: Rest endpoint listening at localhost:50048
Apr 29, 2024 9:25:42 AM org.apache.flink.runtime.highavailability.nonha.embedded.EmbeddedLeaderService updateLeader
INFO: Proposing leadership to the contender that is registered under component ID 'rest_server'.
Apr 29, 2024 9:25:42 AM org.apache.flink.runtime.webmonitor.WebMonitorEndpoint startInternal
INFO: Web frontend listening at http://localhost:50048.
Apr 29, 2024 9:25:42 AM org.apache.flink.runtime.webmonitor.WebMonitorEndpoint grantLeadership
INFO: http://localhost:50048 was granted leadership with leaderSessionID=750ad77d-ae1f-4251-99d4-6e2de96c08af
Apr 29, 2024 9:25:42 AM org.apache.flink.runtime.highavailability.nonha.embedded.EmbeddedLeaderService confirmLeader
INFO: Received confirmation of leadership for leader http://localhost:50048 , session=750ad77d-ae1f-4251-99d4-6e2de96c08af
Apr 29, 2024 9:25:42 AM org.apache.flink.runtime.highavailability.nonha.embedded.EmbeddedLeaderService updateLeader
INFO: Proposing leadership to the contender that is registered under component ID 'dispatcher'.
Apr 29, 2024 9:25:42 AM org.apache.flink.runtime.resourcemanager.ResourceManagerServiceImpl start
INFO: Starting resource manager service.
Apr 29, 2024 9:25:42 AM org.apache.flink.runtime.dispatcher.runner.DefaultDispatcherRunner lambda$grantLeadership$0
INFO: DefaultDispatcherRunner was granted leadership with leader id 23df4943-fcbe-45dc-8c3f-09633b531e31. Creating new DispatcherLeaderProcess.
Apr 29, 2024 9:25:42 AM org.apache.flink.runtime.highavailability.nonha.embedded.EmbeddedLeaderService updateLeader
INFO: Proposing leadership to the contender that is registered under component ID 'resource_manager'.
Apr 29, 2024 9:25:42 AM org.apache.flink.runtime.dispatcher.runner.AbstractDispatcherLeaderProcess startInternal
INFO: Start SessionDispatcherLeaderProcess.
Apr 29, 2024 9:25:42 AM org.apache.flink.runtime.minicluster.MiniCluster start
INFO: Flink Mini Cluster started successfully
Apr 29, 2024 9:25:42 AM org.apache.flink.runtime.resourcemanager.ResourceManagerServiceImpl lambda$grantLeadership$2
INFO: Resource manager service is granted leadership with session id 1459a3f3-0279-49f5-a302-fce444b5f9c6.
Apr 29, 2024 9:25:42 AM org.apache.flink.runtime.dispatcher.runner.SessionDispatcherLeaderProcess recoverJobs
INFO: Recover all persisted job graphs that are not finished, yet.
Apr 29, 2024 9:25:42 AM org.apache.flink.runtime.dispatcher.runner.SessionDispatcherLeaderProcess recoverJobs
INFO: Successfully recovered 0 persisted job graphs.
Apr 29, 2024 9:25:42 AM org.apache.flink.runtime.rpc.pekko.PekkoRpcService startServer
INFO: Starting RPC endpoint for org.apache.flink.runtime.resourcemanager.StandaloneResourceManager at pekko://flink/user/rpc/resourcemanager_25 .
Apr 29, 2024 9:25:42 AM org.apache.flink.runtime.rpc.pekko.PekkoRpcService startServer
INFO: Starting RPC endpoint for org.apache.flink.runtime.dispatcher.StandaloneDispatcher at pekko://flink/user/rpc/dispatcher_26 .
Apr 29, 2024 9:25:42 AM org.apache.flink.runtime.resourcemanager.ResourceManager onStart
INFO: Starting the resource manager.
Apr 29, 2024 9:25:42 AM org.apache.flink.runtime.resourcemanager.slotmanager.FineGrainedSlotManager start
INFO: Starting the slot manager.
Apr 29, 2024 9:25:42 AM org.apache.flink.runtime.security.token.DefaultDelegationTokenManager startTokensUpdate
INFO: Starting tokens update task
Apr 29, 2024 9:25:42 AM org.apache.flink.runtime.security.token.DefaultDelegationTokenManager startTokensUpdate
WARNING: No tokens obtained so skipping notifications
Apr 29, 2024 9:25:42 AM org.apache.flink.runtime.security.token.DefaultDelegationTokenManager startTokensUpdate
WARNING: Tokens update task not started because either no tokens obtained or none of the tokens specified its renewal date
Apr 29, 2024 9:25:42 AM org.apache.flink.runtime.highavailability.nonha.embedded.EmbeddedLeaderService confirmLeader
INFO: Received confirmation of leadership for leader pekko://flink/user/rpc/resourcemanager_25 , session=1459a3f3-0279-49f5-a302-fce444b5f9c6
Apr 29, 2024 9:25:42 AM org.apache.flink.runtime.taskexecutor.TaskExecutor connectToResourceManager
INFO: Connecting to ResourceManager pekko://flink/user/rpc/resourcemanager_25(a302fce444b5f9c61459a3f3027949f5).
Apr 29, 2024 9:25:42 AM org.apache.flink.runtime.highavailability.nonha.embedded.EmbeddedLeaderService confirmLeader
INFO: Received confirmation of leadership for leader pekko://flink/user/rpc/dispatcher_26 , session=23df4943-fcbe-45dc-8c3f-09633b531e31
Apr 29, 2024 9:25:42 AM org.apache.flink.runtime.registration.RetryingRegistration lambda$startRegistration$0
INFO: Resolved ResourceManager address, beginning registration
Apr 29, 2024 9:25:42 AM org.apache.flink.runtime.dispatcher.Dispatcher submitJob
INFO: Received JobGraph submission 'DataStream Collect' (47dacb000dc70dd5af3f6ba1751bc113).
Apr 29, 2024 9:25:42 AM org.apache.flink.runtime.dispatcher.Dispatcher internalSubmitJob
INFO: Submitting job 'DataStream Collect' (47dacb000dc70dd5af3f6ba1751bc113).
Apr 29, 2024 9:25:42 AM org.apache.flink.runtime.highavailability.nonha.embedded.EmbeddedLeaderService updateLeader
INFO: Proposing leadership to the contender that is registered under component ID 'job-47dacb000dc70dd5af3f6ba1751bc113'.
Apr 29, 2024 9:25:42 AM org.apache.flink.runtime.jobmaster.JobMasterServiceLeadershipRunner createNewJobMasterServiceProcess
INFO: JobMasterServiceLeadershipRunner for job 47dacb000dc70dd5af3f6ba1751bc113 was granted leadership with leader id e701b8f0-3a75-42ce-aa39-1886d15a3dfb. Creating new JobMasterServiceProcess.
Apr 29, 2024 9:25:42 AM org.apache.flink.runtime.resourcemanager.ResourceManager registerTaskExecutorInternal
INFO: Registering TaskManager with ResourceID 8cc21df3-8cb6-4ff9-9195-4a79f1591853 (pekko://flink/user/rpc/taskmanager_24) at ResourceManager
Apr 29, 2024 9:25:42 AM org.apache.flink.runtime.taskexecutor.TaskExecutorToResourceManagerConnection onRegistrationSuccess
INFO: Successful registration at resource manager pekko://flink/user/rpc/resourcemanager_25 under registration id f9681cb6c1e4a01cf6b61928bef021e6.
Apr 29, 2024 9:25:42 AM org.apache.flink.runtime.resourcemanager.slotmanager.FineGrainedSlotManager registerTaskManager
INFO: Registering task executor 8cc21df3-8cb6-4ff9-9195-4a79f1591853 under f9681cb6c1e4a01cf6b61928bef021e6 at the slot manager.
Apr 29, 2024 9:25:42 AM org.apache.flink.runtime.rpc.pekko.PekkoRpcService startServer
INFO: Starting RPC endpoint for org.apache.flink.runtime.jobmaster.JobMaster at pekko://flink/user/rpc/jobmanager_27 .
Apr 29, 2024 9:25:42 AM org.apache.flink.runtime.jobmaster.JobMaster <init>
INFO: Initializing job 'DataStream Collect' (47dacb000dc70dd5af3f6ba1751bc113).
Apr 29, 2024 9:25:42 AM org.apache.flink.runtime.scheduler.DefaultSchedulerFactory createInstance
INFO: Using restart back off time strategy NoRestartBackoffTimeStrategy for DataStream Collect (47dacb000dc70dd5af3f6ba1751bc113).
Apr 29, 2024 9:25:42 AM org.apache.flink.runtime.executiongraph.DefaultExecutionGraph <init>
INFO: Created execution graph a04fd4ebab3c638087b5ab3ca14af010 for job 47dacb000dc70dd5af3f6ba1751bc113.
Apr 29, 2024 9:25:42 AM org.apache.flink.runtime.executiongraph.DefaultExecutionGraphBuilder buildGraph
INFO: Running initialization on master for job DataStream Collect (47dacb000dc70dd5af3f6ba1751bc113).
Apr 29, 2024 9:25:42 AM org.apache.flink.runtime.executiongraph.DefaultExecutionGraphBuilder buildGraph
INFO: Successfully ran initialization on master in 0 ms.
Apr 29, 2024 9:25:42 AM org.apache.flink.runtime.scheduler.adapter.DefaultExecutionTopology generateNewPipelinedRegions
INFO: Built 1 new pipelined regions in 0 ms, total 1 pipelined regions currently.
Apr 29, 2024 9:25:42 AM org.apache.flink.runtime.state.StateBackendLoader loadFromApplicationOrConfigOrDefaultInternal
INFO: No state backend has been configured, using default (HashMap) org.apache.flink.runtime.state.hashmap.HashMapStateBackend@8a23059
Apr 29, 2024 9:25:42 AM org.apache.flink.runtime.state.StateBackendLoader fromApplicationOrConfigOrDefault
INFO: State backend loader loads the state backend as HashMapStateBackend
Apr 29, 2024 9:25:42 AM org.apache.flink.runtime.state.CheckpointStorageLoader createJobManagerCheckpointStorage
INFO: Checkpoint storage is set to 'jobmanager'
Apr 29, 2024 9:25:42 AM org.apache.flink.runtime.checkpoint.CheckpointCoordinator restoreLatestCheckpointedStateInternal
INFO: No checkpoint found during restore.
Apr 29, 2024 9:25:42 AM org.apache.flink.runtime.scheduler.DefaultScheduler <init>
INFO: Using failover strategy org.apache.flink.runtime.executiongraph.failover.flip1.RestartPipelinedRegionFailoverStrategy@2abdec9 for DataStream Collect (47dacb000dc70dd5af3f6ba1751bc113).
Apr 29, 2024 9:25:42 AM org.apache.flink.runtime.highavailability.nonha.embedded.EmbeddedLeaderService confirmLeader
INFO: Received confirmation of leadership for leader pekko://flink/user/rpc/jobmanager_27 , session=e701b8f0-3a75-42ce-aa39-1886d15a3dfb
Apr 29, 2024 9:25:42 AM org.apache.flink.runtime.jobmaster.JobMaster startJobExecution
INFO: Starting execution of job 'DataStream Collect' (47dacb000dc70dd5af3f6ba1751bc113) under job master id aa391886d15a3dfbe701b8f03a7542ce.
Apr 29, 2024 9:25:42 AM org.apache.flink.runtime.scheduler.DefaultScheduler startSchedulingInternal
INFO: Starting scheduling with scheduling strategy [org.apache.flink.runtime.scheduler.strategy.PipelinedRegionSchedulingStrategy]
Apr 29, 2024 9:25:42 AM org.apache.flink.runtime.executiongraph.DefaultExecutionGraph transitionState
INFO: Job DataStream Collect (47dacb000dc70dd5af3f6ba1751bc113) switched from state CREATED to RUNNING.
Apr 29, 2024 9:25:42 AM org.apache.flink.runtime.executiongraph.Execution transitionState
INFO: Source: Collection Source -> Timestamps/Watermarks (1/1) (a04fd4ebab3c638087b5ab3ca14af010_cbc357ccb763df2852fee8c4fc7d55f2_0_0) switched from CREATED to SCHEDULED.
Apr 29, 2024 9:25:42 AM org.apache.flink.runtime.executiongraph.Execution transitionState
INFO: TumblingEventTimeWindows -> Sink: Data stream collect sink (1/1) (a04fd4ebab3c638087b5ab3ca14af010_90bea66de1c231edf33913ecd54406c1_0_0) switched from CREATED to SCHEDULED.
Apr 29, 2024 9:25:42 AM org.apache.flink.runtime.jobmaster.JobMaster connectToResourceManager
INFO: Connecting to ResourceManager pekko://flink/user/rpc/resourcemanager_25(a302fce444b5f9c61459a3f3027949f5)
Apr 29, 2024 9:25:42 AM org.apache.flink.runtime.registration.RetryingRegistration lambda$startRegistration$0
INFO: Resolved ResourceManager address, beginning registration
Apr 29, 2024 9:25:42 AM org.apache.flink.runtime.resourcemanager.ResourceManager registerJobMaster
INFO: Registering job manager aa391886d15a3dfbe701b8f03a7542ce@pekko://flink/user/rpc/jobmanager_27 for job 47dacb000dc70dd5af3f6ba1751bc113.
Apr 29, 2024 9:25:42 AM org.apache.flink.runtime.resourcemanager.ResourceManager registerJobMasterInternal
INFO: Registered job manager aa391886d15a3dfbe701b8f03a7542ce@pekko://flink/user/rpc/jobmanager_27 for job 47dacb000dc70dd5af3f6ba1751bc113.
Apr 29, 2024 9:25:42 AM org.apache.flink.runtime.jobmaster.JobMaster establishResourceManagerConnection
INFO: JobManager successfully registered at ResourceManager, leader id: a302fce444b5f9c61459a3f3027949f5.
Apr 29, 2024 9:25:42 AM org.apache.flink.runtime.resourcemanager.slotmanager.FineGrainedSlotManager processResourceRequirements
INFO: Received resource requirements from job 47dacb000dc70dd5af3f6ba1751bc113: [ResourceRequirement{resourceProfile=ResourceProfile{UNKNOWN}, numberOfRequiredSlots=1}]
Apr 29, 2024 9:25:42 AM org.apache.flink.runtime.resourcemanager.slotmanager.FineGrainedSlotManager logMissingAndAvailableResource
INFO: Matching resource requirements against available resources.
Missing resources:
	 Job 47dacb000dc70dd5af3f6ba1751bc113
		ResourceRequirement{resourceProfile=ResourceProfile{UNKNOWN}, numberOfRequiredSlots=1}
Current resources:
	TaskManager 8cc21df3-8cb6-4ff9-9195-4a79f1591853
		Available: ResourceProfile{taskHeapMemory=1024.000gb (1099511627776 bytes), taskOffHeapMemory=1024.000gb (1099511627776 bytes), managedMemory=128.000mb (134217728 bytes), networkMemory=64.000mb (67108864 bytes)}
		Total:     ResourceProfile{taskHeapMemory=1024.000gb (1099511627776 bytes), taskOffHeapMemory=1024.000gb (1099511627776 bytes), managedMemory=128.000mb (134217728 bytes), networkMemory=64.000mb (67108864 bytes)}
Apr 29, 2024 9:25:42 AM org.apache.flink.runtime.resourcemanager.slotmanager.DefaultSlotStatusSyncer allocateSlot
INFO: Starting allocation of slot 2221d3e8c4db765810bb9cea1e05c0b3 from 8cc21df3-8cb6-4ff9-9195-4a79f1591853 for job 47dacb000dc70dd5af3f6ba1751bc113 with resource profile ResourceProfile{taskHeapMemory=1024.000gb (1099511627776 bytes), taskOffHeapMemory=1024.000gb (1099511627776 bytes), managedMemory=128.000mb (134217728 bytes), networkMemory=64.000mb (67108864 bytes)}.
Apr 29, 2024 9:25:42 AM org.apache.flink.runtime.taskexecutor.TaskExecutor requestSlot
INFO: Receive slot request 2221d3e8c4db765810bb9cea1e05c0b3 for job 47dacb000dc70dd5af3f6ba1751bc113 from resource manager with leader id a302fce444b5f9c61459a3f3027949f5.
Apr 29, 2024 9:25:42 AM org.apache.flink.runtime.taskexecutor.slot.TaskSlotTableImpl allocateSlot
INFO: Allocated slot for 2221d3e8c4db765810bb9cea1e05c0b3 with resources ResourceProfile{taskHeapMemory=1024.000gb (1099511627776 bytes), taskOffHeapMemory=1024.000gb (1099511627776 bytes), managedMemory=128.000mb (134217728 bytes), networkMemory=64.000mb (67108864 bytes)}.
Apr 29, 2024 9:25:42 AM org.apache.flink.runtime.taskexecutor.DefaultJobLeaderService addJob
INFO: Add job 47dacb000dc70dd5af3f6ba1751bc113 for job leader monitoring.
Apr 29, 2024 9:25:42 AM org.apache.flink.runtime.taskexecutor.DefaultJobLeaderService$JobManagerLeaderListener openRpcConnectionTo
INFO: Try to register at job manager pekko://flink/user/rpc/jobmanager_27 with leader id e701b8f0-3a75-42ce-aa39-1886d15a3dfb.
Apr 29, 2024 9:25:42 AM org.apache.flink.runtime.registration.RetryingRegistration lambda$startRegistration$0
INFO: Resolved JobManager address, beginning registration
Apr 29, 2024 9:25:42 AM org.apache.flink.runtime.taskexecutor.DefaultJobLeaderService$JobManagerLeaderListener$JobManagerRegisteredRpcConnection lambda$onRegistrationSuccess$0
INFO: Successful registration at job manager pekko://flink/user/rpc/jobmanager_27 for job 47dacb000dc70dd5af3f6ba1751bc113.
Apr 29, 2024 9:25:42 AM org.apache.flink.runtime.taskexecutor.TaskExecutor establishJobManagerConnection
INFO: Establish JobManager connection for job 47dacb000dc70dd5af3f6ba1751bc113.
Apr 29, 2024 9:25:42 AM org.apache.flink.runtime.taskexecutor.TaskExecutor internalOfferSlotsToJobManager
INFO: Offer reserved slots to the leader of job 47dacb000dc70dd5af3f6ba1751bc113.
Apr 29, 2024 9:25:42 AM org.apache.flink.runtime.executiongraph.Execution transitionState
INFO: Source: Collection Source -> Timestamps/Watermarks (1/1) (a04fd4ebab3c638087b5ab3ca14af010_cbc357ccb763df2852fee8c4fc7d55f2_0_0) switched from SCHEDULED to DEPLOYING.
Apr 29, 2024 9:25:42 AM org.apache.flink.runtime.executiongraph.Execution deploy
INFO: Deploying Source: Collection Source -> Timestamps/Watermarks (1/1) (attempt #0) with attempt id a04fd4ebab3c638087b5ab3ca14af010_cbc357ccb763df2852fee8c4fc7d55f2_0_0 and vertex id cbc357ccb763df2852fee8c4fc7d55f2_0 to 8cc21df3-8cb6-4ff9-9195-4a79f1591853 @ localhost (dataPort=-1) with allocation id 2221d3e8c4db765810bb9cea1e05c0b3
Apr 29, 2024 9:25:42 AM org.apache.flink.runtime.executiongraph.Execution transitionState
INFO: TumblingEventTimeWindows -> Sink: Data stream collect sink (1/1) (a04fd4ebab3c638087b5ab3ca14af010_90bea66de1c231edf33913ecd54406c1_0_0) switched from SCHEDULED to DEPLOYING.
Apr 29, 2024 9:25:42 AM org.apache.flink.runtime.executiongraph.Execution deploy
INFO: Deploying TumblingEventTimeWindows -> Sink: Data stream collect sink (1/1) (attempt #0) with attempt id a04fd4ebab3c638087b5ab3ca14af010_90bea66de1c231edf33913ecd54406c1_0_0 and vertex id 90bea66de1c231edf33913ecd54406c1_0 to 8cc21df3-8cb6-4ff9-9195-4a79f1591853 @ localhost (dataPort=-1) with allocation id 2221d3e8c4db765810bb9cea1e05c0b3
Apr 29, 2024 9:25:42 AM org.apache.flink.runtime.taskexecutor.slot.TaskSlotTableImpl markExistingSlotActive
INFO: Activate slot 2221d3e8c4db765810bb9cea1e05c0b3.
Apr 29, 2024 9:25:42 AM org.apache.flink.runtime.state.changelog.StateChangelogStorageLoader load
INFO: Creating a changelog storage with name 'memory'.
Apr 29, 2024 9:25:42 AM org.apache.flink.runtime.state.TaskExecutorChannelStateExecutorFactoryManager getOrCreateExecutorFactory
INFO: Creating the channel state executor factory for job id 47dacb000dc70dd5af3f6ba1751bc113
Apr 29, 2024 9:25:42 AM org.apache.flink.runtime.taskexecutor.TaskExecutor submitTask
INFO: Received task Source: Collection Source -> Timestamps/Watermarks (1/1)#0 (a04fd4ebab3c638087b5ab3ca14af010_cbc357ccb763df2852fee8c4fc7d55f2_0_0), deploy into slot with allocation id 2221d3e8c4db765810bb9cea1e05c0b3.
Apr 29, 2024 9:25:42 AM org.apache.flink.runtime.taskmanager.Task transitionState
INFO: Source: Collection Source -> Timestamps/Watermarks (1/1)#0 (a04fd4ebab3c638087b5ab3ca14af010_cbc357ccb763df2852fee8c4fc7d55f2_0_0) switched from CREATED to DEPLOYING.
Apr 29, 2024 9:25:42 AM org.apache.flink.runtime.taskmanager.Task doRun
INFO: Loading JAR files for task Source: Collection Source -> Timestamps/Watermarks (1/1)#0 (a04fd4ebab3c638087b5ab3ca14af010_cbc357ccb763df2852fee8c4fc7d55f2_0_0) [DEPLOYING].
Apr 29, 2024 9:25:42 AM org.apache.flink.runtime.taskexecutor.slot.TaskSlotTableImpl markExistingSlotActive
INFO: Activate slot 2221d3e8c4db765810bb9cea1e05c0b3.
Apr 29, 2024 9:25:42 AM org.apache.flink.runtime.taskexecutor.slot.TaskSlotTableImpl markExistingSlotActive
INFO: Activate slot 2221d3e8c4db765810bb9cea1e05c0b3.
Apr 29, 2024 9:25:42 AM org.apache.flink.runtime.state.StateBackendLoader loadFromApplicationOrConfigOrDefaultInternal
INFO: No state backend has been configured, using default (HashMap) org.apache.flink.runtime.state.hashmap.HashMapStateBackend@34276304
Apr 29, 2024 9:25:42 AM org.apache.flink.runtime.state.StateBackendLoader fromApplicationOrConfigOrDefault
INFO: State backend loader loads the state backend as HashMapStateBackend
Apr 29, 2024 9:25:42 AM org.apache.flink.runtime.state.CheckpointStorageLoader createJobManagerCheckpointStorage
INFO: Checkpoint storage is set to 'jobmanager'
Apr 29, 2024 9:25:42 AM org.apache.flink.runtime.taskmanager.Task transitionState
INFO: Source: Collection Source -> Timestamps/Watermarks (1/1)#0 (a04fd4ebab3c638087b5ab3ca14af010_cbc357ccb763df2852fee8c4fc7d55f2_0_0) switched from DEPLOYING to INITIALIZING.
Apr 29, 2024 9:25:42 AM org.apache.flink.runtime.taskexecutor.TaskExecutor submitTask
INFO: Received task TumblingEventTimeWindows -> Sink: Data stream collect sink (1/1)#0 (a04fd4ebab3c638087b5ab3ca14af010_90bea66de1c231edf33913ecd54406c1_0_0), deploy into slot with allocation id 2221d3e8c4db765810bb9cea1e05c0b3.
Apr 29, 2024 9:25:42 AM org.apache.flink.runtime.executiongraph.Execution transitionState
INFO: Source: Collection Source -> Timestamps/Watermarks (1/1) (a04fd4ebab3c638087b5ab3ca14af010_cbc357ccb763df2852fee8c4fc7d55f2_0_0) switched from DEPLOYING to INITIALIZING.
Apr 29, 2024 9:25:42 AM org.apache.flink.runtime.taskmanager.Task transitionState
INFO: TumblingEventTimeWindows -> Sink: Data stream collect sink (1/1)#0 (a04fd4ebab3c638087b5ab3ca14af010_90bea66de1c231edf33913ecd54406c1_0_0) switched from CREATED to DEPLOYING.
Apr 29, 2024 9:25:42 AM org.apache.flink.runtime.taskmanager.Task doRun
INFO: Loading JAR files for task TumblingEventTimeWindows -> Sink: Data stream collect sink (1/1)#0 (a04fd4ebab3c638087b5ab3ca14af010_90bea66de1c231edf33913ecd54406c1_0_0) [DEPLOYING].
Apr 29, 2024 9:25:42 AM org.apache.flink.runtime.state.StateBackendLoader loadFromApplicationOrConfigOrDefaultInternal
INFO: No state backend has been configured, using default (HashMap) org.apache.flink.runtime.state.hashmap.HashMapStateBackend@278abf0
Apr 29, 2024 9:25:42 AM org.apache.flink.runtime.state.StateBackendLoader fromApplicationOrConfigOrDefault
INFO: State backend loader loads the state backend as HashMapStateBackend
Apr 29, 2024 9:25:42 AM org.apache.flink.runtime.state.CheckpointStorageLoader createJobManagerCheckpointStorage
INFO: Checkpoint storage is set to 'jobmanager'
Apr 29, 2024 9:25:42 AM org.apache.flink.runtime.taskmanager.Task transitionState
INFO: TumblingEventTimeWindows -> Sink: Data stream collect sink (1/1)#0 (a04fd4ebab3c638087b5ab3ca14af010_90bea66de1c231edf33913ecd54406c1_0_0) switched from DEPLOYING to INITIALIZING.
Apr 29, 2024 9:25:42 AM org.apache.flink.runtime.executiongraph.Execution transitionState
INFO: TumblingEventTimeWindows -> Sink: Data stream collect sink (1/1) (a04fd4ebab3c638087b5ab3ca14af010_90bea66de1c231edf33913ecd54406c1_0_0) switched from DEPLOYING to INITIALIZING.
Apr 29, 2024 9:25:42 AM org.apache.flink.runtime.taskmanager.Task transitionState
INFO: Source: Collection Source -> Timestamps/Watermarks (1/1)#0 (a04fd4ebab3c638087b5ab3ca14af010_cbc357ccb763df2852fee8c4fc7d55f2_0_0) switched from INITIALIZING to RUNNING.
Apr 29, 2024 9:25:42 AM org.apache.flink.runtime.executiongraph.Execution transitionState
INFO: Source: Collection Source -> Timestamps/Watermarks (1/1) (a04fd4ebab3c638087b5ab3ca14af010_cbc357ccb763df2852fee8c4fc7d55f2_0_0) switched from INITIALIZING to RUNNING.
Apr 29, 2024 9:25:42 AM org.apache.flink.streaming.api.operators.collect.CollectSinkFunction initializeState
INFO: Initializing collect sink state with offset = 0, buffered results bytes = 0
Apr 29, 2024 9:25:42 AM org.apache.flink.api.java.typeutils.runtime.kryo.KryoSerializer getKryoInstance
INFO: Kryo serializer scala extensions are not available.
Apr 29, 2024 9:25:42 AM org.apache.flink.streaming.api.operators.collect.CollectSinkFunction open
INFO: Collect sink server established, address = localhost/127.0.0.1:50049
Apr 29, 2024 9:25:42 AM org.apache.flink.runtime.state.heap.HeapKeyedStateBackendBuilder restoreState
INFO: Finished to build heap keyed state-backend.
Apr 29, 2024 9:25:42 AM org.apache.flink.runtime.state.heap.HeapKeyedStateBackend <init>
INFO: Initializing heap keyed state backend with stream factory.
Apr 29, 2024 9:25:42 AM org.apache.flink.streaming.api.operators.collect.CollectSinkOperatorCoordinator handleEventFromOperator
INFO: Received sink socket server address: localhost/127.0.0.1:50049
Apr 29, 2024 9:25:42 AM org.apache.flink.api.java.typeutils.runtime.kryo.KryoSerializer getKryoInstance
INFO: Kryo serializer scala extensions are not available.
Apr 29, 2024 9:25:42 AM org.apache.flink.runtime.taskmanager.Task transitionState
INFO: TumblingEventTimeWindows -> Sink: Data stream collect sink (1/1)#0 (a04fd4ebab3c638087b5ab3ca14af010_90bea66de1c231edf33913ecd54406c1_0_0) switched from INITIALIZING to RUNNING.
Apr 29, 2024 9:25:42 AM org.apache.flink.api.java.typeutils.runtime.kryo.KryoSerializer getKryoInstance
INFO: Kryo serializer scala extensions are not available.
Apr 29, 2024 9:25:42 AM org.apache.flink.runtime.executiongraph.Execution transitionState
INFO: TumblingEventTimeWindows -> Sink: Data stream collect sink (1/1) (a04fd4ebab3c638087b5ab3ca14af010_90bea66de1c231edf33913ecd54406c1_0_0) switched from INITIALIZING to RUNNING.
Apr 29, 2024 9:25:42 AM org.apache.flink.api.java.typeutils.runtime.kryo.KryoSerializer getKryoInstance
INFO: Kryo serializer scala extensions are not available.
Apr 29, 2024 9:25:42 AM org.apache.flink.runtime.taskmanager.Task transitionState
INFO: Source: Collection Source -> Timestamps/Watermarks (1/1)#0 (a04fd4ebab3c638087b5ab3ca14af010_cbc357ccb763df2852fee8c4fc7d55f2_0_0) switched from RUNNING to FINISHED.
Apr 29, 2024 9:25:42 AM org.apache.flink.runtime.taskmanager.Task doRun
INFO: Freeing task resources for Source: Collection Source -> Timestamps/Watermarks (1/1)#0 (a04fd4ebab3c638087b5ab3ca14af010_cbc357ccb763df2852fee8c4fc7d55f2_0_0).
Apr 29, 2024 9:25:42 AM org.apache.flink.runtime.taskexecutor.TaskExecutor unregisterTaskAndNotifyFinalState
INFO: Un-registering task and sending final execution state FINISHED to JobManager for task Source: Collection Source -> Timestamps/Watermarks (1/1)#0 a04fd4ebab3c638087b5ab3ca14af010_cbc357ccb763df2852fee8c4fc7d55f2_0_0.
Apr 29, 2024 9:25:42 AM org.apache.flink.runtime.executiongraph.Execution transitionState
INFO: Source: Collection Source -> Timestamps/Watermarks (1/1) (a04fd4ebab3c638087b5ab3ca14af010_cbc357ccb763df2852fee8c4fc7d55f2_0_0) switched from RUNNING to FINISHED.
Apr 29, 2024 9:25:42 AM org.apache.flink.runtime.taskmanager.Task transitionState
INFO: TumblingEventTimeWindows -> Sink: Data stream collect sink (1/1)#0 (a04fd4ebab3c638087b5ab3ca14af010_90bea66de1c231edf33913ecd54406c1_0_0) switched from RUNNING to FINISHED.
Apr 29, 2024 9:25:42 AM org.apache.flink.runtime.taskmanager.Task doRun
INFO: Freeing task resources for TumblingEventTimeWindows -> Sink: Data stream collect sink (1/1)#0 (a04fd4ebab3c638087b5ab3ca14af010_90bea66de1c231edf33913ecd54406c1_0_0).
Apr 29, 2024 9:25:42 AM org.apache.flink.runtime.taskexecutor.TaskExecutor unregisterTaskAndNotifyFinalState
INFO: Un-registering task and sending final execution state FINISHED to JobManager for task TumblingEventTimeWindows -> Sink: Data stream collect sink (1/1)#0 a04fd4ebab3c638087b5ab3ca14af010_90bea66de1c231edf33913ecd54406c1_0_0.
Apr 29, 2024 9:25:42 AM org.apache.flink.runtime.executiongraph.Execution transitionState
INFO: TumblingEventTimeWindows -> Sink: Data stream collect sink (1/1) (a04fd4ebab3c638087b5ab3ca14af010_90bea66de1c231edf33913ecd54406c1_0_0) switched from RUNNING to FINISHED.
Apr 29, 2024 9:25:42 AM org.apache.flink.runtime.executiongraph.DefaultExecutionGraph transitionState
INFO: Job DataStream Collect (47dacb000dc70dd5af3f6ba1751bc113) switched from state RUNNING to FINISHED.
Apr 29, 2024 9:25:42 AM org.apache.flink.runtime.resourcemanager.slotmanager.FineGrainedSlotManager processResourceRequirements
INFO: Clearing resource requirements of job 47dacb000dc70dd5af3f6ba1751bc113
Apr 29, 2024 9:25:42 AM org.apache.flink.runtime.checkpoint.CheckpointCoordinator shutdown
INFO: Stopping checkpoint coordinator for job 47dacb000dc70dd5af3f6ba1751bc113.
Apr 29, 2024 9:25:42 AM org.apache.flink.runtime.minicluster.MiniCluster closeInternal
INFO: Shutting down Flink Mini Cluster
Apr 29, 2024 9:25:42 AM org.apache.flink.runtime.dispatcher.Dispatcher jobReachedTerminalState
INFO: Job 47dacb000dc70dd5af3f6ba1751bc113 reached terminal state FINISHED.
Apr 29, 2024 9:25:42 AM org.apache.flink.runtime.dispatcher.Dispatcher lambda$registerGloballyTerminatedJobInJobResultStore$42
INFO: Job 47dacb000dc70dd5af3f6ba1751bc113 has been registered for cleanup in the JobResultStore after reaching a terminal state.
Apr 29, 2024 9:25:42 AM org.apache.flink.runtime.rest.RestServerEndpoint closeAsync
INFO: Shutting down rest endpoint.
Apr 29, 2024 9:25:42 AM org.apache.flink.runtime.taskexecutor.TaskExecutor onStop
INFO: Stopping TaskExecutor pekko://flink/user/rpc/taskmanager_24.
Apr 29, 2024 9:25:42 AM org.apache.flink.runtime.taskexecutor.TaskExecutor closeResourceManagerConnection
INFO: Close ResourceManager connection 4fd2bfe5ee9b4a9c17153e286de177da.
Apr 29, 2024 9:25:42 AM org.apache.flink.runtime.jobmaster.JobMaster onStop
INFO: Stopping the JobMaster for job 'DataStream Collect' (47dacb000dc70dd5af3f6ba1751bc113).
Apr 29, 2024 9:25:42 AM org.apache.flink.runtime.taskexecutor.TaskExecutor disconnectJobManagerConnection
INFO: Close JobManager connection for job 47dacb000dc70dd5af3f6ba1751bc113.
Apr 29, 2024 9:25:42 AM org.apache.flink.runtime.resourcemanager.ResourceManager closeTaskManagerConnection
INFO: Closing TaskExecutor connection 8cc21df3-8cb6-4ff9-9195-4a79f1591853 because: The TaskExecutor is shutting down.
Apr 29, 2024 9:25:42 AM org.apache.flink.runtime.state.TaskExecutorStateChangelogStoragesManager shutdown
INFO: Shutting down TaskExecutorStateChangelogStoragesManager.
Apr 29, 2024 9:25:42 AM org.apache.flink.runtime.state.TaskExecutorChannelStateExecutorFactoryManager shutdown
INFO: Shutting down TaskExecutorChannelStateExecutorFactoryManager.
Apr 29, 2024 9:25:42 AM org.apache.flink.runtime.resourcemanager.slotmanager.FineGrainedSlotManager unregisterTaskManager
INFO: Unregistering task executor f9681cb6c1e4a01cf6b61928bef021e6 from the slot manager.
Apr 29, 2024 9:25:42 AM org.apache.flink.streaming.api.operators.collect.CollectSinkOperatorCoordinator close
INFO: Closing the CollectSinkOperatorCoordinator.
Apr 29, 2024 9:25:42 AM org.apache.flink.runtime.taskexecutor.slot.TaskSlotTableImpl freeSlotInternal
INFO: Free slot TaskSlot(index:1, state:ALLOCATED, resource profile: ResourceProfile{taskHeapMemory=1024.000gb (1099511627776 bytes), taskOffHeapMemory=1024.000gb (1099511627776 bytes), managedMemory=128.000mb (134217728 bytes), networkMemory=64.000mb (67108864 bytes)}, allocationId: 2221d3e8c4db765810bb9cea1e05c0b3, jobId: 47dacb000dc70dd5af3f6ba1751bc113).
Apr 29, 2024 9:25:42 AM org.apache.flink.runtime.resourcemanager.slotmanager.DefaultSlotStatusSyncer freeSlot
INFO: Freeing slot 2221d3e8c4db765810bb9cea1e05c0b3.
Apr 29, 2024 9:25:42 AM org.apache.flink.runtime.jobmaster.JobMaster disconnectTaskManager
INFO: Disconnect TaskExecutor 8cc21df3-8cb6-4ff9-9195-4a79f1591853 because: The TaskExecutor is shutting down.
Apr 29, 2024 9:25:42 AM org.apache.flink.runtime.jobmaster.slotpool.DefaultDeclarativeSlotPool releaseSlots
INFO: Releasing slot [2221d3e8c4db765810bb9cea1e05c0b3].
Apr 29, 2024 9:25:42 AM org.apache.flink.runtime.checkpoint.StandaloneCompletedCheckpointStore shutdown
INFO: Shutting down
Apr 29, 2024 9:25:42 AM org.apache.flink.runtime.jobmaster.JobMaster dissolveResourceManagerConnection
INFO: Close ResourceManager connection 4fd2bfe5ee9b4a9c17153e286de177da: Stopping JobMaster for job 'DataStream Collect' (47dacb000dc70dd5af3f6ba1751bc113).
Apr 29, 2024 9:25:42 AM org.apache.flink.runtime.resourcemanager.ResourceManager closeJobManagerConnection
INFO: Disconnect job manager aa391886d15a3dfbe701b8f03a7542ce@pekko://flink/user/rpc/jobmanager_27 for job 47dacb000dc70dd5af3f6ba1751bc113 from the resource manager.
Apr 29, 2024 9:25:42 AM org.apache.flink.runtime.taskexecutor.DefaultJobLeaderService stop
INFO: Stop job leader service.
Apr 29, 2024 9:25:42 AM org.apache.flink.runtime.state.TaskExecutorLocalStateStoresManager shutdown
INFO: Shutting down TaskExecutorLocalStateStoresManager.
Apr 29, 2024 9:25:42 AM org.apache.flink.runtime.webmonitor.WebMonitorEndpoint lambda$shutDownInternal$7
INFO: Removing cache directory /var/folders/9y/mg706rlj3cx1fsv47rlmtqq40000gn/T/flink-web-ui
Apr 29, 2024 9:25:42 AM org.apache.flink.runtime.io.disk.FileChannelManagerImpl lambda$getFileCloser$0
INFO: FileChannelManager removed spill file directory /var/folders/9y/mg706rlj3cx1fsv47rlmtqq40000gn/T/flink-io-e50dab75-59ab-475a-8a26-9c71bb4f2ed7
Apr 29, 2024 9:25:42 AM org.apache.flink.runtime.io.network.NettyShuffleEnvironment close
INFO: Shutting down the network environment and its components.
Apr 29, 2024 9:25:42 AM org.apache.flink.runtime.webmonitor.WebMonitorEndpoint revokeLeadership
INFO: http://localhost:50048 lost leadership
Apr 29, 2024 9:25:42 AM org.apache.flink.runtime.rest.RestServerEndpoint lambda$closeAsync$1
INFO: Shut down complete.
Apr 29, 2024 9:25:42 AM org.apache.flink.runtime.resourcemanager.ResourceManager deregisterApplication
INFO: Shut down cluster because application is in CANCELED, diagnostics DispatcherResourceManagerComponent has been closed..
Apr 29, 2024 9:25:42 AM org.apache.flink.runtime.entrypoint.component.DispatcherResourceManagerComponent closeAsyncInternal
INFO: Closing components.
Apr 29, 2024 9:25:42 AM org.apache.flink.runtime.dispatcher.runner.AbstractDispatcherLeaderProcess closeInternal
INFO: Stopping SessionDispatcherLeaderProcess.
Apr 29, 2024 9:25:42 AM org.apache.flink.runtime.resourcemanager.ResourceManagerServiceImpl closeAsync
INFO: Stopping resource manager service.
Apr 29, 2024 9:25:42 AM org.apache.flink.runtime.dispatcher.Dispatcher onStop
INFO: Stopping dispatcher pekko://flink/user/rpc/dispatcher_26.
Apr 29, 2024 9:25:42 AM org.apache.flink.runtime.dispatcher.Dispatcher terminateRunningJobs
INFO: Stopping all currently running jobs of dispatcher pekko://flink/user/rpc/dispatcher_26.
Apr 29, 2024 9:25:42 AM org.apache.flink.runtime.resourcemanager.ResourceManagerServiceImpl lambda$revokeLeadership$3
INFO: Resource manager service is not running. Ignore revoking leadership.
Apr 29, 2024 9:25:42 AM org.apache.flink.runtime.security.token.DefaultDelegationTokenManager stop
INFO: Stopping credential renewal
Apr 29, 2024 9:25:42 AM org.apache.flink.runtime.security.token.DefaultDelegationTokenManager stop
INFO: Stopped credential renewal
Apr 29, 2024 9:25:42 AM org.apache.flink.runtime.resourcemanager.slotmanager.FineGrainedSlotManager close
INFO: Closing the slot manager.
Apr 29, 2024 9:25:42 AM org.apache.flink.runtime.resourcemanager.slotmanager.FineGrainedSlotManager suspend
INFO: Suspending the slot manager.
Apr 29, 2024 9:25:42 AM org.apache.flink.runtime.io.disk.FileChannelManagerImpl lambda$getFileCloser$0
INFO: FileChannelManager removed spill file directory /var/folders/9y/mg706rlj3cx1fsv47rlmtqq40000gn/T/flink-netty-shuffle-5d36e752-dad9-42df-b096-f0648aba851e
Apr 29, 2024 9:25:42 AM org.apache.flink.runtime.taskexecutor.KvStateService shutdown
INFO: Shutting down the kvState service and its components.
Apr 29, 2024 9:25:42 AM org.apache.flink.runtime.taskexecutor.DefaultJobLeaderService stop
INFO: Stop job leader service.
Apr 29, 2024 9:25:42 AM org.apache.flink.runtime.dispatcher.Dispatcher lambda$onStop$2
INFO: Stopped dispatcher pekko://flink/user/rpc/dispatcher_26.
Apr 29, 2024 9:25:42 AM org.apache.flink.runtime.filecache.FileCache shutdown
INFO: removed file cache directory /var/folders/9y/mg706rlj3cx1fsv47rlmtqq40000gn/T/flink-dist-cache-28699ca5-7276-4545-8ae3-c4f8b6edfe91
Apr 29, 2024 9:25:42 AM org.apache.flink.runtime.taskexecutor.TaskExecutor handleOnStopException
INFO: Stopped TaskExecutor pekko://flink/user/rpc/taskmanager_24.
Apr 29, 2024 9:25:42 AM org.apache.flink.runtime.rpc.pekko.PekkoRpcService closeAsync
INFO: Stopping Pekko RPC service.
Apr 29, 2024 9:25:42 AM org.apache.pekko.event.slf4j.Slf4jLogger$$anonfun$receive$1 $anonfun$applyOrElse$3
INFO: Running CoordinatedShutdown with reason [ActorSystemTerminateReason]
Apr 29, 2024 9:25:42 AM org.apache.flink.runtime.rpc.pekko.PekkoRpcService closeAsync
INFO: Stopping Pekko RPC service.
Apr 29, 2024 9:25:42 AM org.apache.flink.runtime.rpc.pekko.PekkoRpcService lambda$closeAsync$7
INFO: Stopped Pekko RPC service.
Apr 29, 2024 9:25:42 AM org.apache.pekko.event.slf4j.Slf4jLogger$$anonfun$receive$1 $anonfun$applyOrElse$3
INFO: Running CoordinatedShutdown with reason [ActorSystemTerminateReason]
Apr 29, 2024 9:25:42 AM org.apache.flink.runtime.blob.AbstractBlobCache close
INFO: Shutting down BLOB cache
Apr 29, 2024 9:25:42 AM org.apache.flink.runtime.blob.AbstractBlobCache close
INFO: Shutting down BLOB cache
Apr 29, 2024 9:25:42 AM org.apache.flink.runtime.blob.BlobServer close
INFO: Stopped BLOB server at 0.0.0.0:50047
Apr 29, 2024 9:25:42 AM org.apache.flink.runtime.rpc.pekko.PekkoRpcService lambda$closeAsync$7
INFO: Stopped Pekko RPC service.
Apr 29, 2024 9:25:42 AM org.apache.flink.streaming.api.operators.collect.CollectResultFetcher isJobTerminated
WARNING: Failed to get job status so we assume that the job has terminated. Some data might be lost.
java.lang.IllegalStateException: MiniCluster is not yet running or has already been shut down.
	at org.apache.flink.util.Preconditions.checkState(Preconditions.java:193)
	at org.apache.flink.runtime.minicluster.MiniCluster.getDispatcherGatewayFuture(MiniCluster.java:1069)
	at org.apache.flink.runtime.minicluster.MiniCluster.runDispatcherCommand(MiniCluster.java:942)
	at org.apache.flink.runtime.minicluster.MiniCluster.getJobStatus(MiniCluster.java:866)
	at org.apache.flink.runtime.minicluster.MiniClusterJobClient.getJobStatus(MiniClusterJobClient.java:91)
	at org.apache.flink.streaming.api.operators.collect.CollectResultFetcher.isJobTerminated(CollectResultFetcher.java:211)
	at org.apache.flink.streaming.api.operators.collect.CollectResultFetcher.next(CollectResultFetcher.java:118)
	at org.apache.flink.streaming.api.operators.collect.CollectResultIterator.nextResultFromFetcher(CollectResultIterator.java:106)
	at org.apache.flink.streaming.api.operators.collect.CollectResultIterator.hasNext(CollectResultIterator.java:80)
	at org.apache.flink.streaming.api.datastream.DataStream.executeAndCollect(DataStream.java:1365)
	at org.apache.flink.streaming.api.datastream.DataStream.executeAndCollect(DataStream.java:1348)
	at flink.test.testQuery7.testMultipleAuctionIds(testQuery7.java:336)
	at java.base/jdk.internal.reflect.NativeMethodAccessorImpl.invoke0(Native Method)
	at java.base/jdk.internal.reflect.NativeMethodAccessorImpl.invoke(NativeMethodAccessorImpl.java:62)
	at java.base/jdk.internal.reflect.DelegatingMethodAccessorImpl.invoke(DelegatingMethodAccessorImpl.java:43)
	at java.base/java.lang.reflect.Method.invoke(Method.java:566)
	at org.junit.runners.model.FrameworkMethod$1.runReflectiveCall(FrameworkMethod.java:59)
	at org.junit.internal.runners.model.ReflectiveCallable.run(ReflectiveCallable.java:12)
	at org.junit.runners.model.FrameworkMethod.invokeExplosively(FrameworkMethod.java:56)
	at org.junit.internal.runners.statements.InvokeMethod.evaluate(InvokeMethod.java:17)
	at org.junit.runners.ParentRunner$3.evaluate(ParentRunner.java:306)
	at org.junit.runners.BlockJUnit4ClassRunner$1.evaluate(BlockJUnit4ClassRunner.java:100)
	at org.junit.runners.ParentRunner.runLeaf(ParentRunner.java:366)
	at org.junit.runners.BlockJUnit4ClassRunner.runChild(BlockJUnit4ClassRunner.java:103)
	at org.junit.runners.BlockJUnit4ClassRunner.runChild(BlockJUnit4ClassRunner.java:63)
	at org.junit.runners.ParentRunner$4.run(ParentRunner.java:331)
	at org.junit.runners.ParentRunner$1.schedule(ParentRunner.java:79)
	at org.junit.runners.ParentRunner.runChildren(ParentRunner.java:329)
	at org.junit.runners.ParentRunner.access$100(ParentRunner.java:66)
	at org.junit.runners.ParentRunner$2.evaluate(ParentRunner.java:293)
	at org.junit.runners.ParentRunner$3.evaluate(ParentRunner.java:306)
	at org.junit.runners.ParentRunner.run(ParentRunner.java:413)
	at org.apache.maven.surefire.junit4.JUnit4Provider.execute(JUnit4Provider.java:364)
	at org.apache.maven.surefire.junit4.JUnit4Provider.executeWithRerun(JUnit4Provider.java:272)
	at org.apache.maven.surefire.junit4.JUnit4Provider.executeTestSet(JUnit4Provider.java:237)
	at org.apache.maven.surefire.junit4.JUnit4Provider.invoke(JUnit4Provider.java:158)
	at org.apache.maven.surefire.booter.ForkedBooter.runSuitesInProcess(ForkedBooter.java:428)
	at org.apache.maven.surefire.booter.ForkedBooter.execute(ForkedBooter.java:162)
	at org.apache.maven.surefire.booter.ForkedBooter.run(ForkedBooter.java:562)
	at org.apache.maven.surefire.booter.ForkedBooter.main(ForkedBooter.java:548)

Apr 29, 2024 9:25:42 AM org.apache.flink.streaming.api.operators.collect.CollectResultFetcher isJobTerminated
WARNING: Failed to get job status so we assume that the job has terminated. Some data might be lost.
java.lang.IllegalStateException: MiniCluster is not yet running or has already been shut down.
	at org.apache.flink.util.Preconditions.checkState(Preconditions.java:193)
	at org.apache.flink.runtime.minicluster.MiniCluster.getDispatcherGatewayFuture(MiniCluster.java:1069)
	at org.apache.flink.runtime.minicluster.MiniCluster.runDispatcherCommand(MiniCluster.java:942)
	at org.apache.flink.runtime.minicluster.MiniCluster.getJobStatus(MiniCluster.java:866)
	at org.apache.flink.runtime.minicluster.MiniClusterJobClient.getJobStatus(MiniClusterJobClient.java:91)
	at org.apache.flink.streaming.api.operators.collect.CollectResultFetcher.isJobTerminated(CollectResultFetcher.java:211)
	at org.apache.flink.streaming.api.operators.collect.CollectResultFetcher.cancelJob(CollectResultFetcher.java:233)
	at org.apache.flink.streaming.api.operators.collect.CollectResultFetcher.close(CollectResultFetcher.java:158)
	at org.apache.flink.streaming.api.operators.collect.CollectResultIterator.close(CollectResultIterator.java:97)
	at org.apache.flink.streaming.api.operators.collect.ClientAndIterator.close(ClientAndIterator.java:45)
	at org.apache.flink.streaming.api.datastream.DataStream.executeAndCollect(DataStream.java:1371)
	at org.apache.flink.streaming.api.datastream.DataStream.executeAndCollect(DataStream.java:1348)
	at flink.test.testQuery7.testMultipleAuctionIds(testQuery7.java:336)
	at java.base/jdk.internal.reflect.NativeMethodAccessorImpl.invoke0(Native Method)
	at java.base/jdk.internal.reflect.NativeMethodAccessorImpl.invoke(NativeMethodAccessorImpl.java:62)
	at java.base/jdk.internal.reflect.DelegatingMethodAccessorImpl.invoke(DelegatingMethodAccessorImpl.java:43)
	at java.base/java.lang.reflect.Method.invoke(Method.java:566)
	at org.junit.runners.model.FrameworkMethod$1.runReflectiveCall(FrameworkMethod.java:59)
	at org.junit.internal.runners.model.ReflectiveCallable.run(ReflectiveCallable.java:12)
	at org.junit.runners.model.FrameworkMethod.invokeExplosively(FrameworkMethod.java:56)
	at org.junit.internal.runners.statements.InvokeMethod.evaluate(InvokeMethod.java:17)
	at org.junit.runners.ParentRunner$3.evaluate(ParentRunner.java:306)
	at org.junit.runners.BlockJUnit4ClassRunner$1.evaluate(BlockJUnit4ClassRunner.java:100)
	at org.junit.runners.ParentRunner.runLeaf(ParentRunner.java:366)
	at org.junit.runners.BlockJUnit4ClassRunner.runChild(BlockJUnit4ClassRunner.java:103)
	at org.junit.runners.BlockJUnit4ClassRunner.runChild(BlockJUnit4ClassRunner.java:63)
	at org.junit.runners.ParentRunner$4.run(ParentRunner.java:331)
	at org.junit.runners.ParentRunner$1.schedule(ParentRunner.java:79)
	at org.junit.runners.ParentRunner.runChildren(ParentRunner.java:329)
	at org.junit.runners.ParentRunner.access$100(ParentRunner.java:66)
	at org.junit.runners.ParentRunner$2.evaluate(ParentRunner.java:293)
	at org.junit.runners.ParentRunner$3.evaluate(ParentRunner.java:306)
	at org.junit.runners.ParentRunner.run(ParentRunner.java:413)
	at org.apache.maven.surefire.junit4.JUnit4Provider.execute(JUnit4Provider.java:364)
	at org.apache.maven.surefire.junit4.JUnit4Provider.executeWithRerun(JUnit4Provider.java:272)
	at org.apache.maven.surefire.junit4.JUnit4Provider.executeTestSet(JUnit4Provider.java:237)
	at org.apache.maven.surefire.junit4.JUnit4Provider.invoke(JUnit4Provider.java:158)
	at org.apache.maven.surefire.booter.ForkedBooter.runSuitesInProcess(ForkedBooter.java:428)
	at org.apache.maven.surefire.booter.ForkedBooter.execute(ForkedBooter.java:162)
	at org.apache.maven.surefire.booter.ForkedBooter.run(ForkedBooter.java:562)
	at org.apache.maven.surefire.booter.ForkedBooter.main(ForkedBooter.java:548)

]]></system-err>
  </testcase>
  <testcase name="generate300bids" classname="flink.test.testQuery7" time="1.965">
    <system-err><![CDATA[Apr 29, 2024 9:25:42 AM org.apache.flink.api.java.typeutils.TypeExtractor analyzePojo
INFO: The default constructor of class org.apache.beam.sdk.nexmark.model.Bid is not Public so it cannot be used as a POJO type and must be processed as GenericType. Please read the Flink documentation on "Data Types & Serialization" for details of the effect on performance and schema evolution.
Apr 29, 2024 9:25:42 AM org.apache.flink.api.java.typeutils.runtime.kryo.KryoSerializer getKryoInstance
INFO: Kryo serializer scala extensions are not available.
Apr 29, 2024 9:25:42 AM org.apache.flink.runtime.taskexecutor.TaskExecutorResourceUtils setConfigOptionToDefaultIfNotSet
INFO: The configuration option taskmanager.cpu.cores required for local execution is not set, setting it to the maximal possible value.
Apr 29, 2024 9:25:42 AM org.apache.flink.runtime.taskexecutor.TaskExecutorResourceUtils setConfigOptionToDefaultIfNotSet
INFO: The configuration option taskmanager.memory.task.heap.size required for local execution is not set, setting it to the maximal possible value.
Apr 29, 2024 9:25:42 AM org.apache.flink.runtime.taskexecutor.TaskExecutorResourceUtils setConfigOptionToDefaultIfNotSet
INFO: The configuration option taskmanager.memory.task.off-heap.size required for local execution is not set, setting it to the maximal possible value.
Apr 29, 2024 9:25:42 AM org.apache.flink.runtime.taskexecutor.TaskExecutorResourceUtils setConfigOptionToDefaultIfNotSet
INFO: The configuration option taskmanager.memory.network.min required for local execution is not set, setting it to its default value 64 mb.
Apr 29, 2024 9:25:42 AM org.apache.flink.runtime.taskexecutor.TaskExecutorResourceUtils setConfigOptionToDefaultIfNotSet
INFO: The configuration option taskmanager.memory.network.max required for local execution is not set, setting it to its default value 64 mb.
Apr 29, 2024 9:25:42 AM org.apache.flink.runtime.taskexecutor.TaskExecutorResourceUtils setConfigOptionToDefaultIfNotSet
INFO: The configuration option taskmanager.memory.managed.size required for local execution is not set, setting it to its default value 128 mb.
Apr 29, 2024 9:25:42 AM org.apache.flink.runtime.minicluster.MiniCluster start
INFO: Starting Flink Mini Cluster
Apr 29, 2024 9:25:42 AM org.apache.flink.runtime.minicluster.MiniCluster start
INFO: Starting Metrics Registry
Apr 29, 2024 9:25:42 AM org.apache.flink.runtime.metrics.MetricRegistryImpl <init>
INFO: No metrics reporter configured, no metrics will be exposed/reported.
Apr 29, 2024 9:25:42 AM org.apache.flink.runtime.minicluster.MiniCluster start
INFO: Starting RPC Service(s)
Apr 29, 2024 9:25:42 AM org.apache.flink.runtime.rpc.pekko.ActorSystemBootstrapTools startLocalActorSystem
INFO: Trying to start local actor system
Apr 29, 2024 9:25:43 AM org.apache.pekko.event.slf4j.Slf4jLogger$$anonfun$receive$1 applyOrElse
INFO: Slf4jLogger started
Apr 29, 2024 9:25:43 AM org.apache.flink.runtime.rpc.pekko.ActorSystemBootstrapTools startActorSystem
INFO: Actor system started at pekko://flink
Apr 29, 2024 9:25:43 AM org.apache.flink.runtime.rpc.pekko.ActorSystemBootstrapTools startLocalActorSystem
INFO: Trying to start local actor system
Apr 29, 2024 9:25:43 AM org.apache.pekko.event.slf4j.Slf4jLogger$$anonfun$receive$1 applyOrElse
INFO: Slf4jLogger started
Apr 29, 2024 9:25:43 AM org.apache.flink.runtime.rpc.pekko.ActorSystemBootstrapTools startActorSystem
INFO: Actor system started at pekko://flink-metrics
Apr 29, 2024 9:25:43 AM org.apache.flink.runtime.rpc.pekko.PekkoRpcService startServer
INFO: Starting RPC endpoint for org.apache.flink.runtime.metrics.dump.MetricQueryService at pekko://flink-metrics/user/rpc/MetricQueryService .
Apr 29, 2024 9:25:43 AM org.apache.flink.runtime.security.token.DefaultDelegationTokenManager loadProviders
INFO: Loading delegation token providers
Apr 29, 2024 9:25:43 AM org.apache.flink.runtime.util.HadoopUtils getHadoopConfiguration
WARNING: Could not find Hadoop configuration via any of the supported methods (Flink configuration, environment variables).
Apr 29, 2024 9:25:43 AM org.apache.flink.runtime.security.token.DefaultDelegationTokenManager lambda$loadProviders$0
INFO: Delegation token provider hadoopfs loaded and initialized
Apr 29, 2024 9:25:43 AM org.apache.flink.runtime.util.HadoopUtils getHadoopConfiguration
WARNING: Could not find Hadoop configuration via any of the supported methods (Flink configuration, environment variables).
Apr 29, 2024 9:25:43 AM org.apache.flink.runtime.security.token.DefaultDelegationTokenManager lambda$loadProviders$0
INFO: Delegation token provider hbase loaded and initialized
Apr 29, 2024 9:25:43 AM org.apache.flink.runtime.security.token.DefaultDelegationTokenManager loadProviders
INFO: Delegation token providers loaded successfully
Apr 29, 2024 9:25:43 AM org.apache.flink.runtime.security.token.DelegationTokenReceiverRepository loadReceivers
INFO: Loading delegation token receivers
Apr 29, 2024 9:25:43 AM org.apache.flink.runtime.security.token.DelegationTokenReceiverRepository lambda$loadReceivers$0
INFO: Delegation token receiver hadoopfs loaded and initialized
Apr 29, 2024 9:25:43 AM org.apache.flink.runtime.security.token.DelegationTokenReceiverRepository lambda$loadReceivers$0
INFO: Delegation token receiver hbase loaded and initialized
Apr 29, 2024 9:25:43 AM org.apache.flink.runtime.security.token.DelegationTokenReceiverRepository loadReceivers
INFO: Delegation token receivers loaded successfully
Apr 29, 2024 9:25:43 AM org.apache.flink.runtime.security.token.DefaultDelegationTokenManager checkProviderAndReceiverConsistency
INFO: Checking provider and receiver instances consistency
Apr 29, 2024 9:25:43 AM org.apache.flink.runtime.security.token.DefaultDelegationTokenManager checkProviderAndReceiverConsistency
INFO: Provider and receiver instances are consistent
Apr 29, 2024 9:25:43 AM org.apache.flink.runtime.security.token.DefaultDelegationTokenManager obtainDelegationTokens
INFO: Obtaining delegation tokens
Apr 29, 2024 9:25:43 AM org.apache.flink.runtime.security.token.DefaultDelegationTokenManager obtainDelegationTokens
INFO: Delegation tokens obtained successfully
Apr 29, 2024 9:25:43 AM org.apache.flink.runtime.security.token.DefaultDelegationTokenManager obtainDelegationTokens
WARNING: No tokens obtained so skipping notifications
Apr 29, 2024 9:25:43 AM org.apache.flink.runtime.security.token.DelegationTokenReceiverRepository loadReceivers
INFO: Loading delegation token receivers
Apr 29, 2024 9:25:43 AM org.apache.flink.runtime.security.token.DelegationTokenReceiverRepository lambda$loadReceivers$0
INFO: Delegation token receiver hadoopfs loaded and initialized
Apr 29, 2024 9:25:43 AM org.apache.flink.runtime.security.token.DelegationTokenReceiverRepository lambda$loadReceivers$0
INFO: Delegation token receiver hbase loaded and initialized
Apr 29, 2024 9:25:43 AM org.apache.flink.runtime.security.token.DelegationTokenReceiverRepository loadReceivers
INFO: Delegation token receivers loaded successfully
Apr 29, 2024 9:25:43 AM org.apache.flink.runtime.blob.BlobServer <init>
INFO: Created BLOB server storage directory /var/folders/9y/mg706rlj3cx1fsv47rlmtqq40000gn/T/minicluster_c3c5eb82accb6a724c7f4db309ef0d79/blobStorage
Apr 29, 2024 9:25:43 AM org.apache.flink.runtime.blob.BlobServer <init>
INFO: Started BLOB server at 0.0.0.0:50050 - max concurrent requests: 50 - max backlog: 1000
Apr 29, 2024 9:25:43 AM org.apache.flink.runtime.blob.AbstractBlobCache <init>
INFO: Created BLOB cache storage directory /var/folders/9y/mg706rlj3cx1fsv47rlmtqq40000gn/T/minicluster_c3c5eb82accb6a724c7f4db309ef0d79/blobStorage
Apr 29, 2024 9:25:43 AM org.apache.flink.runtime.blob.AbstractBlobCache <init>
INFO: Created BLOB cache storage directory /var/folders/9y/mg706rlj3cx1fsv47rlmtqq40000gn/T/minicluster_c3c5eb82accb6a724c7f4db309ef0d79/blobStorage
Apr 29, 2024 9:25:43 AM org.apache.flink.runtime.minicluster.MiniCluster startTaskManagers
INFO: Starting 1 TaskManager(s)
Apr 29, 2024 9:25:43 AM org.apache.flink.runtime.taskexecutor.TaskManagerRunner startTaskManager
INFO: Starting TaskManager with ResourceID: 24dbff70-ad3a-48c3-a4e9-a1764d00e82a
Apr 29, 2024 9:25:43 AM org.apache.flink.runtime.taskexecutor.TaskManagerServices checkTempDirs
INFO: Temporary file directory '/var/folders/9y/mg706rlj3cx1fsv47rlmtqq40000gn/T': total 460 GB, usable 240 GB (52.17% usable)
Apr 29, 2024 9:25:43 AM org.apache.flink.runtime.io.disk.iomanager.IOManager <init>
INFO: Created a new FileChannelManager for spilling of task related data to disk (joins, sorting, ...). Used directories:
	/var/folders/9y/mg706rlj3cx1fsv47rlmtqq40000gn/T/flink-io-f081db7f-3a86-4376-ac40-3014f7cb6097
Apr 29, 2024 9:25:43 AM org.apache.flink.runtime.io.network.NettyShuffleServiceFactory createNettyShuffleEnvironment
INFO: Created a new FileChannelManager for storing result partitions of BLOCKING shuffles. Used directories:
	/var/folders/9y/mg706rlj3cx1fsv47rlmtqq40000gn/T/flink-netty-shuffle-5b3ab7a5-7375-429c-ae77-25b8461f76ca
Apr 29, 2024 9:25:43 AM org.apache.flink.runtime.io.network.buffer.NetworkBufferPool <init>
INFO: Allocated 64 MB for network buffer pool (number of memory segments: 2048, bytes per segment: 32768).
Apr 29, 2024 9:25:43 AM org.apache.flink.runtime.io.network.NettyShuffleEnvironment start
INFO: Starting the network environment and its components.
Apr 29, 2024 9:25:43 AM org.apache.flink.runtime.taskexecutor.KvStateService start
INFO: Starting the kvState service and its components.
Apr 29, 2024 9:25:43 AM org.apache.flink.configuration.Configuration loggingFallback
INFO: Config uses fallback configuration key 'pekko.ask.timeout' instead of key 'taskmanager.slot.timeout'
Apr 29, 2024 9:25:43 AM org.apache.flink.runtime.rpc.pekko.PekkoRpcService startServer
INFO: Starting RPC endpoint for org.apache.flink.runtime.taskexecutor.TaskExecutor at pekko://flink/user/rpc/taskmanager_28 .
Apr 29, 2024 9:25:43 AM org.apache.flink.runtime.taskexecutor.DefaultJobLeaderService start
INFO: Start job leader service.
Apr 29, 2024 9:25:43 AM org.apache.flink.runtime.filecache.FileCache <init>
INFO: User file cache uses directory /var/folders/9y/mg706rlj3cx1fsv47rlmtqq40000gn/T/flink-dist-cache-80aea054-9325-4e3a-9deb-5efd458c7f3b
Apr 29, 2024 9:25:43 AM org.apache.flink.runtime.rest.RestServerEndpoint start
INFO: Starting rest endpoint.
Apr 29, 2024 9:25:43 AM org.apache.flink.runtime.webmonitor.WebMonitorUtils$LogFileLocation find
WARNING: Log file environment variable 'log.file' is not set.
Apr 29, 2024 9:25:43 AM org.apache.flink.runtime.webmonitor.WebMonitorUtils$LogFileLocation find
WARNING: JobManager log files are unavailable in the web dashboard. Log file location not found in environment variable 'log.file' or configuration key 'web.log.path'.
Apr 29, 2024 9:25:43 AM org.apache.flink.runtime.rest.RestServerEndpoint start
INFO: Rest endpoint listening at localhost:50051
Apr 29, 2024 9:25:43 AM org.apache.flink.runtime.highavailability.nonha.embedded.EmbeddedLeaderService updateLeader
INFO: Proposing leadership to the contender that is registered under component ID 'rest_server'.
Apr 29, 2024 9:25:43 AM org.apache.flink.runtime.webmonitor.WebMonitorEndpoint startInternal
INFO: Web frontend listening at http://localhost:50051.
Apr 29, 2024 9:25:43 AM org.apache.flink.runtime.webmonitor.WebMonitorEndpoint grantLeadership
INFO: http://localhost:50051 was granted leadership with leaderSessionID=1e63798b-9fab-47aa-8a9f-c668a2c4e14c
Apr 29, 2024 9:25:43 AM org.apache.flink.runtime.highavailability.nonha.embedded.EmbeddedLeaderService confirmLeader
INFO: Received confirmation of leadership for leader http://localhost:50051 , session=1e63798b-9fab-47aa-8a9f-c668a2c4e14c
Apr 29, 2024 9:25:43 AM org.apache.flink.runtime.highavailability.nonha.embedded.EmbeddedLeaderService updateLeader
INFO: Proposing leadership to the contender that is registered under component ID 'dispatcher'.
Apr 29, 2024 9:25:43 AM org.apache.flink.runtime.resourcemanager.ResourceManagerServiceImpl start
INFO: Starting resource manager service.
Apr 29, 2024 9:25:43 AM org.apache.flink.runtime.dispatcher.runner.DefaultDispatcherRunner lambda$grantLeadership$0
INFO: DefaultDispatcherRunner was granted leadership with leader id 9376a114-214c-4b01-8111-2ca13af85a91. Creating new DispatcherLeaderProcess.
Apr 29, 2024 9:25:43 AM org.apache.flink.runtime.highavailability.nonha.embedded.EmbeddedLeaderService updateLeader
INFO: Proposing leadership to the contender that is registered under component ID 'resource_manager'.
Apr 29, 2024 9:25:43 AM org.apache.flink.runtime.dispatcher.runner.AbstractDispatcherLeaderProcess startInternal
INFO: Start SessionDispatcherLeaderProcess.
Apr 29, 2024 9:25:43 AM org.apache.flink.runtime.minicluster.MiniCluster start
INFO: Flink Mini Cluster started successfully
Apr 29, 2024 9:25:43 AM org.apache.flink.runtime.dispatcher.runner.SessionDispatcherLeaderProcess recoverJobs
INFO: Recover all persisted job graphs that are not finished, yet.
Apr 29, 2024 9:25:43 AM org.apache.flink.runtime.resourcemanager.ResourceManagerServiceImpl lambda$grantLeadership$2
INFO: Resource manager service is granted leadership with session id da8a1b1f-6a83-46d7-bbee-16d4c2cb7cbb.
Apr 29, 2024 9:25:43 AM org.apache.flink.runtime.dispatcher.runner.SessionDispatcherLeaderProcess recoverJobs
INFO: Successfully recovered 0 persisted job graphs.
Apr 29, 2024 9:25:43 AM org.apache.flink.runtime.rpc.pekko.PekkoRpcService startServer
INFO: Starting RPC endpoint for org.apache.flink.runtime.dispatcher.StandaloneDispatcher at pekko://flink/user/rpc/dispatcher_29 .
Apr 29, 2024 9:25:43 AM org.apache.flink.runtime.rpc.pekko.PekkoRpcService startServer
INFO: Starting RPC endpoint for org.apache.flink.runtime.resourcemanager.StandaloneResourceManager at pekko://flink/user/rpc/resourcemanager_30 .
Apr 29, 2024 9:25:43 AM org.apache.flink.runtime.resourcemanager.ResourceManager onStart
INFO: Starting the resource manager.
Apr 29, 2024 9:25:43 AM org.apache.flink.runtime.resourcemanager.slotmanager.FineGrainedSlotManager start
INFO: Starting the slot manager.
Apr 29, 2024 9:25:43 AM org.apache.flink.runtime.security.token.DefaultDelegationTokenManager startTokensUpdate
INFO: Starting tokens update task
Apr 29, 2024 9:25:43 AM org.apache.flink.runtime.security.token.DefaultDelegationTokenManager startTokensUpdate
WARNING: No tokens obtained so skipping notifications
Apr 29, 2024 9:25:43 AM org.apache.flink.runtime.security.token.DefaultDelegationTokenManager startTokensUpdate
WARNING: Tokens update task not started because either no tokens obtained or none of the tokens specified its renewal date
Apr 29, 2024 9:25:43 AM org.apache.flink.runtime.highavailability.nonha.embedded.EmbeddedLeaderService confirmLeader
INFO: Received confirmation of leadership for leader pekko://flink/user/rpc/resourcemanager_30 , session=da8a1b1f-6a83-46d7-bbee-16d4c2cb7cbb
Apr 29, 2024 9:25:43 AM org.apache.flink.runtime.highavailability.nonha.embedded.EmbeddedLeaderService confirmLeader
INFO: Received confirmation of leadership for leader pekko://flink/user/rpc/dispatcher_29 , session=9376a114-214c-4b01-8111-2ca13af85a91
Apr 29, 2024 9:25:43 AM org.apache.flink.runtime.taskexecutor.TaskExecutor connectToResourceManager
INFO: Connecting to ResourceManager pekko://flink/user/rpc/resourcemanager_30(bbee16d4c2cb7cbbda8a1b1f6a8346d7).
Apr 29, 2024 9:25:43 AM org.apache.flink.runtime.registration.RetryingRegistration lambda$startRegistration$0
INFO: Resolved ResourceManager address, beginning registration
Apr 29, 2024 9:25:43 AM org.apache.flink.runtime.dispatcher.Dispatcher submitJob
INFO: Received JobGraph submission 'Flink Streaming Job' (328b4e0d07c79d43fa9246dbda4469d9).
Apr 29, 2024 9:25:43 AM org.apache.flink.runtime.dispatcher.Dispatcher internalSubmitJob
INFO: Submitting job 'Flink Streaming Job' (328b4e0d07c79d43fa9246dbda4469d9).
Apr 29, 2024 9:25:43 AM org.apache.flink.runtime.highavailability.nonha.embedded.EmbeddedLeaderService updateLeader
INFO: Proposing leadership to the contender that is registered under component ID 'job-328b4e0d07c79d43fa9246dbda4469d9'.
Apr 29, 2024 9:25:43 AM org.apache.flink.runtime.resourcemanager.ResourceManager registerTaskExecutorInternal
INFO: Registering TaskManager with ResourceID 24dbff70-ad3a-48c3-a4e9-a1764d00e82a (pekko://flink/user/rpc/taskmanager_28) at ResourceManager
Apr 29, 2024 9:25:43 AM org.apache.flink.runtime.jobmaster.JobMasterServiceLeadershipRunner createNewJobMasterServiceProcess
INFO: JobMasterServiceLeadershipRunner for job 328b4e0d07c79d43fa9246dbda4469d9 was granted leadership with leader id 72ac1270-8013-48d2-b71e-5fd32911bc8e. Creating new JobMasterServiceProcess.
Apr 29, 2024 9:25:43 AM org.apache.flink.runtime.taskexecutor.TaskExecutorToResourceManagerConnection onRegistrationSuccess
INFO: Successful registration at resource manager pekko://flink/user/rpc/resourcemanager_30 under registration id 0f93f02040c9a7d044d2a4858ef8870d.
Apr 29, 2024 9:25:43 AM org.apache.flink.runtime.resourcemanager.slotmanager.FineGrainedSlotManager registerTaskManager
INFO: Registering task executor 24dbff70-ad3a-48c3-a4e9-a1764d00e82a under 0f93f02040c9a7d044d2a4858ef8870d at the slot manager.
Apr 29, 2024 9:25:43 AM org.apache.flink.runtime.rpc.pekko.PekkoRpcService startServer
INFO: Starting RPC endpoint for org.apache.flink.runtime.jobmaster.JobMaster at pekko://flink/user/rpc/jobmanager_31 .
Apr 29, 2024 9:25:43 AM org.apache.flink.runtime.jobmaster.JobMaster <init>
INFO: Initializing job 'Flink Streaming Job' (328b4e0d07c79d43fa9246dbda4469d9).
Apr 29, 2024 9:25:43 AM org.apache.flink.runtime.scheduler.DefaultSchedulerFactory createInstance
INFO: Using restart back off time strategy NoRestartBackoffTimeStrategy for Flink Streaming Job (328b4e0d07c79d43fa9246dbda4469d9).
Apr 29, 2024 9:25:43 AM org.apache.flink.runtime.executiongraph.DefaultExecutionGraph <init>
INFO: Created execution graph 38cc0dff589c6530de61cde5f6fbf52b for job 328b4e0d07c79d43fa9246dbda4469d9.
Apr 29, 2024 9:25:43 AM org.apache.flink.runtime.executiongraph.DefaultExecutionGraphBuilder buildGraph
INFO: Running initialization on master for job Flink Streaming Job (328b4e0d07c79d43fa9246dbda4469d9).
Apr 29, 2024 9:25:43 AM org.apache.flink.runtime.executiongraph.DefaultExecutionGraphBuilder buildGraph
INFO: Successfully ran initialization on master in 0 ms.
Apr 29, 2024 9:25:43 AM org.apache.flink.runtime.scheduler.adapter.DefaultExecutionTopology generateNewPipelinedRegions
INFO: Built 1 new pipelined regions in 0 ms, total 1 pipelined regions currently.
Apr 29, 2024 9:25:43 AM org.apache.flink.runtime.state.StateBackendLoader loadFromApplicationOrConfigOrDefaultInternal
INFO: No state backend has been configured, using default (HashMap) org.apache.flink.runtime.state.hashmap.HashMapStateBackend@5ae0a63d
Apr 29, 2024 9:25:43 AM org.apache.flink.runtime.state.StateBackendLoader fromApplicationOrConfigOrDefault
INFO: State backend loader loads the state backend as HashMapStateBackend
Apr 29, 2024 9:25:43 AM org.apache.flink.runtime.state.CheckpointStorageLoader createJobManagerCheckpointStorage
INFO: Checkpoint storage is set to 'jobmanager'
Apr 29, 2024 9:25:43 AM org.apache.flink.runtime.checkpoint.CheckpointCoordinator restoreLatestCheckpointedStateInternal
INFO: No checkpoint found during restore.
Apr 29, 2024 9:25:43 AM org.apache.flink.runtime.scheduler.DefaultScheduler <init>
INFO: Using failover strategy org.apache.flink.runtime.executiongraph.failover.flip1.RestartPipelinedRegionFailoverStrategy@698eb4b5 for Flink Streaming Job (328b4e0d07c79d43fa9246dbda4469d9).
Apr 29, 2024 9:25:43 AM org.apache.flink.runtime.highavailability.nonha.embedded.EmbeddedLeaderService confirmLeader
INFO: Received confirmation of leadership for leader pekko://flink/user/rpc/jobmanager_31 , session=72ac1270-8013-48d2-b71e-5fd32911bc8e
Apr 29, 2024 9:25:43 AM org.apache.flink.runtime.jobmaster.JobMaster startJobExecution
INFO: Starting execution of job 'Flink Streaming Job' (328b4e0d07c79d43fa9246dbda4469d9) under job master id b71e5fd32911bc8e72ac1270801348d2.
Apr 29, 2024 9:25:43 AM org.apache.flink.runtime.scheduler.DefaultScheduler startSchedulingInternal
INFO: Starting scheduling with scheduling strategy [org.apache.flink.runtime.scheduler.strategy.PipelinedRegionSchedulingStrategy]
Apr 29, 2024 9:25:43 AM org.apache.flink.runtime.executiongraph.DefaultExecutionGraph transitionState
INFO: Job Flink Streaming Job (328b4e0d07c79d43fa9246dbda4469d9) switched from state CREATED to RUNNING.
Apr 29, 2024 9:25:43 AM org.apache.flink.runtime.executiongraph.Execution transitionState
INFO: Source: Collection Source -> Timestamps/Watermarks (1/1) (38cc0dff589c6530de61cde5f6fbf52b_cbc357ccb763df2852fee8c4fc7d55f2_0_0) switched from CREATED to SCHEDULED.
Apr 29, 2024 9:25:43 AM org.apache.flink.runtime.executiongraph.Execution transitionState
INFO: TumblingEventTimeWindows (1/1) (38cc0dff589c6530de61cde5f6fbf52b_9dd63673dd41ea021b896d5203f3ba7c_0_0) switched from CREATED to SCHEDULED.
Apr 29, 2024 9:25:43 AM org.apache.flink.runtime.jobmaster.JobMaster connectToResourceManager
INFO: Connecting to ResourceManager pekko://flink/user/rpc/resourcemanager_30(bbee16d4c2cb7cbbda8a1b1f6a8346d7)
Apr 29, 2024 9:25:43 AM org.apache.flink.runtime.registration.RetryingRegistration lambda$startRegistration$0
INFO: Resolved ResourceManager address, beginning registration
Apr 29, 2024 9:25:43 AM org.apache.flink.runtime.resourcemanager.ResourceManager registerJobMaster
INFO: Registering job manager b71e5fd32911bc8e72ac1270801348d2@pekko://flink/user/rpc/jobmanager_31 for job 328b4e0d07c79d43fa9246dbda4469d9.
Apr 29, 2024 9:25:43 AM org.apache.flink.runtime.resourcemanager.ResourceManager registerJobMasterInternal
INFO: Registered job manager b71e5fd32911bc8e72ac1270801348d2@pekko://flink/user/rpc/jobmanager_31 for job 328b4e0d07c79d43fa9246dbda4469d9.
Apr 29, 2024 9:25:43 AM org.apache.flink.runtime.jobmaster.JobMaster establishResourceManagerConnection
INFO: JobManager successfully registered at ResourceManager, leader id: bbee16d4c2cb7cbbda8a1b1f6a8346d7.
Apr 29, 2024 9:25:43 AM org.apache.flink.runtime.resourcemanager.slotmanager.FineGrainedSlotManager processResourceRequirements
INFO: Received resource requirements from job 328b4e0d07c79d43fa9246dbda4469d9: [ResourceRequirement{resourceProfile=ResourceProfile{UNKNOWN}, numberOfRequiredSlots=1}]
Apr 29, 2024 9:25:43 AM org.apache.flink.runtime.resourcemanager.slotmanager.FineGrainedSlotManager logMissingAndAvailableResource
INFO: Matching resource requirements against available resources.
Missing resources:
	 Job 328b4e0d07c79d43fa9246dbda4469d9
		ResourceRequirement{resourceProfile=ResourceProfile{UNKNOWN}, numberOfRequiredSlots=1}
Current resources:
	TaskManager 24dbff70-ad3a-48c3-a4e9-a1764d00e82a
		Available: ResourceProfile{taskHeapMemory=1024.000gb (1099511627776 bytes), taskOffHeapMemory=1024.000gb (1099511627776 bytes), managedMemory=128.000mb (134217728 bytes), networkMemory=64.000mb (67108864 bytes)}
		Total:     ResourceProfile{taskHeapMemory=1024.000gb (1099511627776 bytes), taskOffHeapMemory=1024.000gb (1099511627776 bytes), managedMemory=128.000mb (134217728 bytes), networkMemory=64.000mb (67108864 bytes)}
Apr 29, 2024 9:25:43 AM org.apache.flink.runtime.resourcemanager.slotmanager.DefaultSlotStatusSyncer allocateSlot
INFO: Starting allocation of slot dfe948e29226a632470cdb1031badad2 from 24dbff70-ad3a-48c3-a4e9-a1764d00e82a for job 328b4e0d07c79d43fa9246dbda4469d9 with resource profile ResourceProfile{taskHeapMemory=1024.000gb (1099511627776 bytes), taskOffHeapMemory=1024.000gb (1099511627776 bytes), managedMemory=128.000mb (134217728 bytes), networkMemory=64.000mb (67108864 bytes)}.
Apr 29, 2024 9:25:43 AM org.apache.flink.runtime.taskexecutor.TaskExecutor requestSlot
INFO: Receive slot request dfe948e29226a632470cdb1031badad2 for job 328b4e0d07c79d43fa9246dbda4469d9 from resource manager with leader id bbee16d4c2cb7cbbda8a1b1f6a8346d7.
Apr 29, 2024 9:25:43 AM org.apache.flink.runtime.taskexecutor.slot.TaskSlotTableImpl allocateSlot
INFO: Allocated slot for dfe948e29226a632470cdb1031badad2 with resources ResourceProfile{taskHeapMemory=1024.000gb (1099511627776 bytes), taskOffHeapMemory=1024.000gb (1099511627776 bytes), managedMemory=128.000mb (134217728 bytes), networkMemory=64.000mb (67108864 bytes)}.
Apr 29, 2024 9:25:43 AM org.apache.flink.runtime.taskexecutor.DefaultJobLeaderService addJob
INFO: Add job 328b4e0d07c79d43fa9246dbda4469d9 for job leader monitoring.
Apr 29, 2024 9:25:43 AM org.apache.flink.runtime.taskexecutor.DefaultJobLeaderService$JobManagerLeaderListener openRpcConnectionTo
INFO: Try to register at job manager pekko://flink/user/rpc/jobmanager_31 with leader id 72ac1270-8013-48d2-b71e-5fd32911bc8e.
Apr 29, 2024 9:25:43 AM org.apache.flink.runtime.registration.RetryingRegistration lambda$startRegistration$0
INFO: Resolved JobManager address, beginning registration
Apr 29, 2024 9:25:43 AM org.apache.flink.runtime.taskexecutor.DefaultJobLeaderService$JobManagerLeaderListener$JobManagerRegisteredRpcConnection lambda$onRegistrationSuccess$0
INFO: Successful registration at job manager pekko://flink/user/rpc/jobmanager_31 for job 328b4e0d07c79d43fa9246dbda4469d9.
Apr 29, 2024 9:25:43 AM org.apache.flink.runtime.taskexecutor.TaskExecutor establishJobManagerConnection
INFO: Establish JobManager connection for job 328b4e0d07c79d43fa9246dbda4469d9.
Apr 29, 2024 9:25:43 AM org.apache.flink.runtime.taskexecutor.TaskExecutor internalOfferSlotsToJobManager
INFO: Offer reserved slots to the leader of job 328b4e0d07c79d43fa9246dbda4469d9.
Apr 29, 2024 9:25:43 AM org.apache.flink.runtime.executiongraph.Execution transitionState
INFO: Source: Collection Source -> Timestamps/Watermarks (1/1) (38cc0dff589c6530de61cde5f6fbf52b_cbc357ccb763df2852fee8c4fc7d55f2_0_0) switched from SCHEDULED to DEPLOYING.
Apr 29, 2024 9:25:43 AM org.apache.flink.runtime.executiongraph.Execution deploy
INFO: Deploying Source: Collection Source -> Timestamps/Watermarks (1/1) (attempt #0) with attempt id 38cc0dff589c6530de61cde5f6fbf52b_cbc357ccb763df2852fee8c4fc7d55f2_0_0 and vertex id cbc357ccb763df2852fee8c4fc7d55f2_0 to 24dbff70-ad3a-48c3-a4e9-a1764d00e82a @ localhost (dataPort=-1) with allocation id dfe948e29226a632470cdb1031badad2
Apr 29, 2024 9:25:43 AM org.apache.flink.runtime.executiongraph.Execution transitionState
INFO: TumblingEventTimeWindows (1/1) (38cc0dff589c6530de61cde5f6fbf52b_9dd63673dd41ea021b896d5203f3ba7c_0_0) switched from SCHEDULED to DEPLOYING.
Apr 29, 2024 9:25:43 AM org.apache.flink.runtime.taskexecutor.slot.TaskSlotTableImpl markExistingSlotActive
INFO: Activate slot dfe948e29226a632470cdb1031badad2.
Apr 29, 2024 9:25:43 AM org.apache.flink.runtime.executiongraph.Execution deploy
INFO: Deploying TumblingEventTimeWindows (1/1) (attempt #0) with attempt id 38cc0dff589c6530de61cde5f6fbf52b_9dd63673dd41ea021b896d5203f3ba7c_0_0 and vertex id 9dd63673dd41ea021b896d5203f3ba7c_0 to 24dbff70-ad3a-48c3-a4e9-a1764d00e82a @ localhost (dataPort=-1) with allocation id dfe948e29226a632470cdb1031badad2
Apr 29, 2024 9:25:43 AM org.apache.flink.runtime.state.changelog.StateChangelogStorageLoader load
INFO: Creating a changelog storage with name 'memory'.
Apr 29, 2024 9:25:43 AM org.apache.flink.runtime.state.TaskExecutorChannelStateExecutorFactoryManager getOrCreateExecutorFactory
INFO: Creating the channel state executor factory for job id 328b4e0d07c79d43fa9246dbda4469d9
Apr 29, 2024 9:25:43 AM org.apache.flink.runtime.taskexecutor.TaskExecutor submitTask
INFO: Received task Source: Collection Source -> Timestamps/Watermarks (1/1)#0 (38cc0dff589c6530de61cde5f6fbf52b_cbc357ccb763df2852fee8c4fc7d55f2_0_0), deploy into slot with allocation id dfe948e29226a632470cdb1031badad2.
Apr 29, 2024 9:25:43 AM org.apache.flink.runtime.taskmanager.Task transitionState
INFO: Source: Collection Source -> Timestamps/Watermarks (1/1)#0 (38cc0dff589c6530de61cde5f6fbf52b_cbc357ccb763df2852fee8c4fc7d55f2_0_0) switched from CREATED to DEPLOYING.
Apr 29, 2024 9:25:43 AM org.apache.flink.runtime.taskexecutor.slot.TaskSlotTableImpl markExistingSlotActive
INFO: Activate slot dfe948e29226a632470cdb1031badad2.
Apr 29, 2024 9:25:43 AM org.apache.flink.runtime.taskexecutor.slot.TaskSlotTableImpl markExistingSlotActive
INFO: Activate slot dfe948e29226a632470cdb1031badad2.
Apr 29, 2024 9:25:43 AM org.apache.flink.runtime.taskmanager.Task doRun
INFO: Loading JAR files for task Source: Collection Source -> Timestamps/Watermarks (1/1)#0 (38cc0dff589c6530de61cde5f6fbf52b_cbc357ccb763df2852fee8c4fc7d55f2_0_0) [DEPLOYING].
Apr 29, 2024 9:25:43 AM org.apache.flink.runtime.state.StateBackendLoader loadFromApplicationOrConfigOrDefaultInternal
INFO: No state backend has been configured, using default (HashMap) org.apache.flink.runtime.state.hashmap.HashMapStateBackend@6eef8d03
Apr 29, 2024 9:25:43 AM org.apache.flink.runtime.state.StateBackendLoader fromApplicationOrConfigOrDefault
INFO: State backend loader loads the state backend as HashMapStateBackend
Apr 29, 2024 9:25:43 AM org.apache.flink.runtime.state.CheckpointStorageLoader createJobManagerCheckpointStorage
INFO: Checkpoint storage is set to 'jobmanager'
Apr 29, 2024 9:25:43 AM org.apache.flink.runtime.taskmanager.Task transitionState
INFO: Source: Collection Source -> Timestamps/Watermarks (1/1)#0 (38cc0dff589c6530de61cde5f6fbf52b_cbc357ccb763df2852fee8c4fc7d55f2_0_0) switched from DEPLOYING to INITIALIZING.
Apr 29, 2024 9:25:43 AM org.apache.flink.runtime.taskexecutor.TaskExecutor submitTask
INFO: Received task TumblingEventTimeWindows (1/1)#0 (38cc0dff589c6530de61cde5f6fbf52b_9dd63673dd41ea021b896d5203f3ba7c_0_0), deploy into slot with allocation id dfe948e29226a632470cdb1031badad2.
Apr 29, 2024 9:25:43 AM org.apache.flink.runtime.taskmanager.Task transitionState
INFO: TumblingEventTimeWindows (1/1)#0 (38cc0dff589c6530de61cde5f6fbf52b_9dd63673dd41ea021b896d5203f3ba7c_0_0) switched from CREATED to DEPLOYING.
Apr 29, 2024 9:25:43 AM org.apache.flink.runtime.executiongraph.Execution transitionState
INFO: Source: Collection Source -> Timestamps/Watermarks (1/1) (38cc0dff589c6530de61cde5f6fbf52b_cbc357ccb763df2852fee8c4fc7d55f2_0_0) switched from DEPLOYING to INITIALIZING.
Apr 29, 2024 9:25:43 AM org.apache.flink.runtime.taskmanager.Task doRun
INFO: Loading JAR files for task TumblingEventTimeWindows (1/1)#0 (38cc0dff589c6530de61cde5f6fbf52b_9dd63673dd41ea021b896d5203f3ba7c_0_0) [DEPLOYING].
Apr 29, 2024 9:25:43 AM org.apache.flink.runtime.state.StateBackendLoader loadFromApplicationOrConfigOrDefaultInternal
INFO: No state backend has been configured, using default (HashMap) org.apache.flink.runtime.state.hashmap.HashMapStateBackend@5867de11
Apr 29, 2024 9:25:43 AM org.apache.flink.runtime.state.StateBackendLoader fromApplicationOrConfigOrDefault
INFO: State backend loader loads the state backend as HashMapStateBackend
Apr 29, 2024 9:25:43 AM org.apache.flink.runtime.state.CheckpointStorageLoader createJobManagerCheckpointStorage
INFO: Checkpoint storage is set to 'jobmanager'
Apr 29, 2024 9:25:43 AM org.apache.flink.runtime.taskmanager.Task transitionState
INFO: TumblingEventTimeWindows (1/1)#0 (38cc0dff589c6530de61cde5f6fbf52b_9dd63673dd41ea021b896d5203f3ba7c_0_0) switched from DEPLOYING to INITIALIZING.
Apr 29, 2024 9:25:43 AM org.apache.flink.runtime.executiongraph.Execution transitionState
INFO: TumblingEventTimeWindows (1/1) (38cc0dff589c6530de61cde5f6fbf52b_9dd63673dd41ea021b896d5203f3ba7c_0_0) switched from DEPLOYING to INITIALIZING.
Apr 29, 2024 9:25:43 AM org.apache.flink.runtime.state.heap.HeapKeyedStateBackendBuilder restoreState
INFO: Finished to build heap keyed state-backend.
Apr 29, 2024 9:25:43 AM org.apache.flink.runtime.state.heap.HeapKeyedStateBackend <init>
INFO: Initializing heap keyed state backend with stream factory.
Apr 29, 2024 9:25:43 AM org.apache.flink.runtime.taskmanager.Task transitionState
INFO: Source: Collection Source -> Timestamps/Watermarks (1/1)#0 (38cc0dff589c6530de61cde5f6fbf52b_cbc357ccb763df2852fee8c4fc7d55f2_0_0) switched from INITIALIZING to RUNNING.
Apr 29, 2024 9:25:43 AM org.apache.flink.runtime.executiongraph.Execution transitionState
INFO: Source: Collection Source -> Timestamps/Watermarks (1/1) (38cc0dff589c6530de61cde5f6fbf52b_cbc357ccb763df2852fee8c4fc7d55f2_0_0) switched from INITIALIZING to RUNNING.
Apr 29, 2024 9:25:43 AM org.apache.flink.api.java.typeutils.runtime.kryo.KryoSerializer getKryoInstance
INFO: Kryo serializer scala extensions are not available.
Apr 29, 2024 9:25:43 AM org.apache.flink.runtime.taskmanager.Task transitionState
INFO: TumblingEventTimeWindows (1/1)#0 (38cc0dff589c6530de61cde5f6fbf52b_9dd63673dd41ea021b896d5203f3ba7c_0_0) switched from INITIALIZING to RUNNING.
Apr 29, 2024 9:25:43 AM org.apache.flink.runtime.executiongraph.Execution transitionState
INFO: TumblingEventTimeWindows (1/1) (38cc0dff589c6530de61cde5f6fbf52b_9dd63673dd41ea021b896d5203f3ba7c_0_0) switched from INITIALIZING to RUNNING.
Apr 29, 2024 9:25:43 AM org.apache.flink.api.java.typeutils.runtime.kryo.KryoSerializer getKryoInstance
INFO: Kryo serializer scala extensions are not available.
Apr 29, 2024 9:25:43 AM org.apache.flink.api.java.typeutils.runtime.kryo.KryoSerializer getKryoInstance
INFO: Kryo serializer scala extensions are not available.
Apr 29, 2024 9:25:43 AM org.apache.flink.api.java.typeutils.runtime.kryo.KryoSerializer getKryoInstance
INFO: Kryo serializer scala extensions are not available.
Apr 29, 2024 9:25:43 AM org.apache.flink.runtime.taskmanager.Task transitionState
INFO: Source: Collection Source -> Timestamps/Watermarks (1/1)#0 (38cc0dff589c6530de61cde5f6fbf52b_cbc357ccb763df2852fee8c4fc7d55f2_0_0) switched from RUNNING to FINISHED.
Apr 29, 2024 9:25:43 AM org.apache.flink.runtime.taskmanager.Task doRun
INFO: Freeing task resources for Source: Collection Source -> Timestamps/Watermarks (1/1)#0 (38cc0dff589c6530de61cde5f6fbf52b_cbc357ccb763df2852fee8c4fc7d55f2_0_0).
Apr 29, 2024 9:25:43 AM org.apache.flink.runtime.taskexecutor.TaskExecutor unregisterTaskAndNotifyFinalState
INFO: Un-registering task and sending final execution state FINISHED to JobManager for task Source: Collection Source -> Timestamps/Watermarks (1/1)#0 38cc0dff589c6530de61cde5f6fbf52b_cbc357ccb763df2852fee8c4fc7d55f2_0_0.
Apr 29, 2024 9:25:43 AM org.apache.flink.runtime.executiongraph.Execution transitionState
INFO: Source: Collection Source -> Timestamps/Watermarks (1/1) (38cc0dff589c6530de61cde5f6fbf52b_cbc357ccb763df2852fee8c4fc7d55f2_0_0) switched from RUNNING to FINISHED.
Apr 29, 2024 9:25:43 AM org.apache.flink.runtime.taskmanager.Task transitionState
INFO: TumblingEventTimeWindows (1/1)#0 (38cc0dff589c6530de61cde5f6fbf52b_9dd63673dd41ea021b896d5203f3ba7c_0_0) switched from RUNNING to FINISHED.
Apr 29, 2024 9:25:43 AM org.apache.flink.runtime.taskmanager.Task doRun
INFO: Freeing task resources for TumblingEventTimeWindows (1/1)#0 (38cc0dff589c6530de61cde5f6fbf52b_9dd63673dd41ea021b896d5203f3ba7c_0_0).
Apr 29, 2024 9:25:43 AM org.apache.flink.runtime.taskexecutor.TaskExecutor unregisterTaskAndNotifyFinalState
INFO: Un-registering task and sending final execution state FINISHED to JobManager for task TumblingEventTimeWindows (1/1)#0 38cc0dff589c6530de61cde5f6fbf52b_9dd63673dd41ea021b896d5203f3ba7c_0_0.
Apr 29, 2024 9:25:43 AM org.apache.flink.runtime.executiongraph.Execution transitionState
INFO: TumblingEventTimeWindows (1/1) (38cc0dff589c6530de61cde5f6fbf52b_9dd63673dd41ea021b896d5203f3ba7c_0_0) switched from RUNNING to FINISHED.
Apr 29, 2024 9:25:43 AM org.apache.flink.runtime.executiongraph.DefaultExecutionGraph transitionState
INFO: Job Flink Streaming Job (328b4e0d07c79d43fa9246dbda4469d9) switched from state RUNNING to FINISHED.
Apr 29, 2024 9:25:43 AM org.apache.flink.runtime.resourcemanager.slotmanager.FineGrainedSlotManager processResourceRequirements
INFO: Clearing resource requirements of job 328b4e0d07c79d43fa9246dbda4469d9
Apr 29, 2024 9:25:43 AM org.apache.flink.runtime.checkpoint.CheckpointCoordinator shutdown
INFO: Stopping checkpoint coordinator for job 328b4e0d07c79d43fa9246dbda4469d9.
Apr 29, 2024 9:25:43 AM org.apache.flink.runtime.minicluster.MiniCluster closeInternal
INFO: Shutting down Flink Mini Cluster
Apr 29, 2024 9:25:43 AM org.apache.flink.runtime.dispatcher.Dispatcher jobReachedTerminalState
INFO: Job 328b4e0d07c79d43fa9246dbda4469d9 reached terminal state FINISHED.
Apr 29, 2024 9:25:43 AM org.apache.flink.runtime.rest.RestServerEndpoint closeAsync
INFO: Shutting down rest endpoint.
Apr 29, 2024 9:25:43 AM org.apache.flink.runtime.dispatcher.Dispatcher lambda$registerGloballyTerminatedJobInJobResultStore$42
INFO: Job 328b4e0d07c79d43fa9246dbda4469d9 has been registered for cleanup in the JobResultStore after reaching a terminal state.
Apr 29, 2024 9:25:43 AM org.apache.flink.runtime.taskexecutor.TaskExecutor onStop
INFO: Stopping TaskExecutor pekko://flink/user/rpc/taskmanager_28.
Apr 29, 2024 9:25:43 AM org.apache.flink.runtime.taskexecutor.TaskExecutor closeResourceManagerConnection
INFO: Close ResourceManager connection 2d3bdcb599806d447efb498272935103.
Apr 29, 2024 9:25:43 AM org.apache.flink.runtime.jobmaster.JobMaster onStop
INFO: Stopping the JobMaster for job 'Flink Streaming Job' (328b4e0d07c79d43fa9246dbda4469d9).
Apr 29, 2024 9:25:43 AM org.apache.flink.runtime.taskexecutor.TaskExecutor disconnectJobManagerConnection
INFO: Close JobManager connection for job 328b4e0d07c79d43fa9246dbda4469d9.
Apr 29, 2024 9:25:43 AM org.apache.flink.runtime.resourcemanager.ResourceManager closeTaskManagerConnection
INFO: Closing TaskExecutor connection 24dbff70-ad3a-48c3-a4e9-a1764d00e82a because: The TaskExecutor is shutting down.
Apr 29, 2024 9:25:43 AM org.apache.flink.runtime.resourcemanager.slotmanager.FineGrainedSlotManager unregisterTaskManager
INFO: Unregistering task executor 0f93f02040c9a7d044d2a4858ef8870d from the slot manager.
Apr 29, 2024 9:25:43 AM org.apache.flink.runtime.resourcemanager.slotmanager.DefaultSlotStatusSyncer freeSlot
INFO: Freeing slot dfe948e29226a632470cdb1031badad2.
Apr 29, 2024 9:25:43 AM org.apache.flink.runtime.checkpoint.StandaloneCompletedCheckpointStore shutdown
INFO: Shutting down
Apr 29, 2024 9:25:43 AM org.apache.flink.runtime.state.TaskExecutorStateChangelogStoragesManager shutdown
INFO: Shutting down TaskExecutorStateChangelogStoragesManager.
Apr 29, 2024 9:25:43 AM org.apache.flink.runtime.jobmaster.JobMaster disconnectTaskManager
INFO: Disconnect TaskExecutor 24dbff70-ad3a-48c3-a4e9-a1764d00e82a because: Stopping JobMaster for job 'Flink Streaming Job' (328b4e0d07c79d43fa9246dbda4469d9).
Apr 29, 2024 9:25:43 AM org.apache.flink.runtime.state.TaskExecutorChannelStateExecutorFactoryManager shutdown
INFO: Shutting down TaskExecutorChannelStateExecutorFactoryManager.
Apr 29, 2024 9:25:43 AM org.apache.flink.runtime.jobmaster.slotpool.DefaultDeclarativeSlotPool releaseSlots
INFO: Releasing slot [dfe948e29226a632470cdb1031badad2].
Apr 29, 2024 9:25:43 AM org.apache.flink.runtime.taskexecutor.slot.TaskSlotTableImpl freeSlotInternal
INFO: Free slot TaskSlot(index:1, state:ALLOCATED, resource profile: ResourceProfile{taskHeapMemory=1024.000gb (1099511627776 bytes), taskOffHeapMemory=1024.000gb (1099511627776 bytes), managedMemory=128.000mb (134217728 bytes), networkMemory=64.000mb (67108864 bytes)}, allocationId: dfe948e29226a632470cdb1031badad2, jobId: 328b4e0d07c79d43fa9246dbda4469d9).
Apr 29, 2024 9:25:43 AM org.apache.flink.runtime.jobmaster.JobMaster dissolveResourceManagerConnection
INFO: Close ResourceManager connection 2d3bdcb599806d447efb498272935103: Stopping JobMaster for job 'Flink Streaming Job' (328b4e0d07c79d43fa9246dbda4469d9).
Apr 29, 2024 9:25:43 AM org.apache.flink.runtime.resourcemanager.ResourceManager closeJobManagerConnection
INFO: Disconnect job manager b71e5fd32911bc8e72ac1270801348d2@pekko://flink/user/rpc/jobmanager_31 for job 328b4e0d07c79d43fa9246dbda4469d9 from the resource manager.
Apr 29, 2024 9:25:43 AM org.apache.flink.runtime.taskexecutor.DefaultJobLeaderService stop
INFO: Stop job leader service.
Apr 29, 2024 9:25:43 AM org.apache.flink.runtime.state.TaskExecutorLocalStateStoresManager shutdown
INFO: Shutting down TaskExecutorLocalStateStoresManager.
Apr 29, 2024 9:25:43 AM org.apache.flink.runtime.webmonitor.WebMonitorEndpoint lambda$shutDownInternal$7
INFO: Removing cache directory /var/folders/9y/mg706rlj3cx1fsv47rlmtqq40000gn/T/flink-web-ui
Apr 29, 2024 9:25:43 AM org.apache.flink.runtime.taskexecutor.TaskExecutorResourceUtils setConfigOptionToDefaultIfNotSet
INFO: The configuration option taskmanager.cpu.cores required for local execution is not set, setting it to the maximal possible value.
Apr 29, 2024 9:25:43 AM org.apache.flink.runtime.taskexecutor.TaskExecutorResourceUtils setConfigOptionToDefaultIfNotSet
INFO: The configuration option taskmanager.memory.task.heap.size required for local execution is not set, setting it to the maximal possible value.
Apr 29, 2024 9:25:43 AM org.apache.flink.runtime.taskexecutor.TaskExecutorResourceUtils setConfigOptionToDefaultIfNotSet
INFO: The configuration option taskmanager.memory.task.off-heap.size required for local execution is not set, setting it to the maximal possible value.
Apr 29, 2024 9:25:43 AM org.apache.flink.runtime.taskexecutor.TaskExecutorResourceUtils setConfigOptionToDefaultIfNotSet
INFO: The configuration option taskmanager.memory.network.min required for local execution is not set, setting it to its default value 64 mb.
Apr 29, 2024 9:25:43 AM org.apache.flink.runtime.taskexecutor.TaskExecutorResourceUtils setConfigOptionToDefaultIfNotSet
INFO: The configuration option taskmanager.memory.network.max required for local execution is not set, setting it to its default value 64 mb.
Apr 29, 2024 9:25:43 AM org.apache.flink.runtime.taskexecutor.TaskExecutorResourceUtils setConfigOptionToDefaultIfNotSet
INFO: The configuration option taskmanager.memory.managed.size required for local execution is not set, setting it to its default value 128 mb.
Apr 29, 2024 9:25:43 AM org.apache.flink.runtime.minicluster.MiniCluster start
INFO: Starting Flink Mini Cluster
Apr 29, 2024 9:25:43 AM org.apache.flink.runtime.io.disk.FileChannelManagerImpl lambda$getFileCloser$0
INFO: FileChannelManager removed spill file directory /var/folders/9y/mg706rlj3cx1fsv47rlmtqq40000gn/T/flink-io-f081db7f-3a86-4376-ac40-3014f7cb6097
Apr 29, 2024 9:25:43 AM org.apache.flink.runtime.io.network.NettyShuffleEnvironment close
INFO: Shutting down the network environment and its components.
Apr 29, 2024 9:25:43 AM org.apache.flink.runtime.webmonitor.WebMonitorEndpoint revokeLeadership
INFO: http://localhost:50051 lost leadership
Apr 29, 2024 9:25:43 AM org.apache.flink.runtime.rest.RestServerEndpoint lambda$closeAsync$1
INFO: Shut down complete.
Apr 29, 2024 9:25:43 AM org.apache.flink.runtime.resourcemanager.ResourceManager deregisterApplication
INFO: Shut down cluster because application is in CANCELED, diagnostics DispatcherResourceManagerComponent has been closed..
Apr 29, 2024 9:25:43 AM org.apache.flink.runtime.entrypoint.component.DispatcherResourceManagerComponent closeAsyncInternal
INFO: Closing components.
Apr 29, 2024 9:25:43 AM org.apache.flink.runtime.dispatcher.runner.AbstractDispatcherLeaderProcess closeInternal
INFO: Stopping SessionDispatcherLeaderProcess.
Apr 29, 2024 9:25:43 AM org.apache.flink.runtime.resourcemanager.ResourceManagerServiceImpl closeAsync
INFO: Stopping resource manager service.
Apr 29, 2024 9:25:43 AM org.apache.flink.runtime.resourcemanager.ResourceManagerServiceImpl lambda$revokeLeadership$3
INFO: Resource manager service is not running. Ignore revoking leadership.
Apr 29, 2024 9:25:43 AM org.apache.flink.runtime.dispatcher.Dispatcher onStop
INFO: Stopping dispatcher pekko://flink/user/rpc/dispatcher_29.
Apr 29, 2024 9:25:43 AM org.apache.flink.runtime.security.token.DefaultDelegationTokenManager stop
INFO: Stopping credential renewal
Apr 29, 2024 9:25:43 AM org.apache.flink.runtime.security.token.DefaultDelegationTokenManager stop
INFO: Stopped credential renewal
Apr 29, 2024 9:25:43 AM org.apache.flink.runtime.resourcemanager.slotmanager.FineGrainedSlotManager close
INFO: Closing the slot manager.
Apr 29, 2024 9:25:43 AM org.apache.flink.runtime.resourcemanager.slotmanager.FineGrainedSlotManager suspend
INFO: Suspending the slot manager.
Apr 29, 2024 9:25:43 AM org.apache.flink.runtime.dispatcher.Dispatcher terminateRunningJobs
INFO: Stopping all currently running jobs of dispatcher pekko://flink/user/rpc/dispatcher_29.
Apr 29, 2024 9:25:43 AM org.apache.flink.runtime.io.disk.FileChannelManagerImpl lambda$getFileCloser$0
INFO: FileChannelManager removed spill file directory /var/folders/9y/mg706rlj3cx1fsv47rlmtqq40000gn/T/flink-netty-shuffle-5b3ab7a5-7375-429c-ae77-25b8461f76ca
Apr 29, 2024 9:25:43 AM org.apache.flink.runtime.taskexecutor.KvStateService shutdown
INFO: Shutting down the kvState service and its components.
Apr 29, 2024 9:25:43 AM org.apache.flink.runtime.taskexecutor.DefaultJobLeaderService stop
INFO: Stop job leader service.
Apr 29, 2024 9:25:43 AM org.apache.flink.runtime.filecache.FileCache shutdown
INFO: removed file cache directory /var/folders/9y/mg706rlj3cx1fsv47rlmtqq40000gn/T/flink-dist-cache-80aea054-9325-4e3a-9deb-5efd458c7f3b
Apr 29, 2024 9:25:43 AM org.apache.flink.runtime.taskexecutor.TaskExecutor handleOnStopException
INFO: Stopped TaskExecutor pekko://flink/user/rpc/taskmanager_28.
Apr 29, 2024 9:25:43 AM org.apache.flink.runtime.dispatcher.Dispatcher lambda$onStop$2
INFO: Stopped dispatcher pekko://flink/user/rpc/dispatcher_29.
Apr 29, 2024 9:25:43 AM org.apache.flink.runtime.rpc.pekko.PekkoRpcService closeAsync
INFO: Stopping Pekko RPC service.
Apr 29, 2024 9:25:43 AM org.apache.pekko.event.slf4j.Slf4jLogger$$anonfun$receive$1 $anonfun$applyOrElse$3
INFO: Running CoordinatedShutdown with reason [ActorSystemTerminateReason]
Apr 29, 2024 9:25:43 AM org.apache.flink.runtime.rpc.pekko.PekkoRpcService closeAsync
INFO: Stopping Pekko RPC service.
Apr 29, 2024 9:25:43 AM org.apache.flink.runtime.rpc.pekko.PekkoRpcService lambda$closeAsync$7
INFO: Stopped Pekko RPC service.
Apr 29, 2024 9:25:43 AM org.apache.pekko.event.slf4j.Slf4jLogger$$anonfun$receive$1 $anonfun$applyOrElse$3
INFO: Running CoordinatedShutdown with reason [ActorSystemTerminateReason]
Apr 29, 2024 9:25:43 AM org.apache.flink.runtime.blob.AbstractBlobCache close
INFO: Shutting down BLOB cache
Apr 29, 2024 9:25:43 AM org.apache.flink.runtime.blob.AbstractBlobCache close
INFO: Shutting down BLOB cache
Apr 29, 2024 9:25:43 AM org.apache.flink.runtime.blob.BlobServer close
INFO: Stopped BLOB server at 0.0.0.0:50050
Apr 29, 2024 9:25:43 AM org.apache.flink.runtime.rpc.pekko.PekkoRpcService lambda$closeAsync$7
INFO: Stopped Pekko RPC service.
Apr 29, 2024 9:25:43 AM org.apache.flink.runtime.minicluster.MiniCluster start
INFO: Starting Metrics Registry
Apr 29, 2024 9:25:43 AM org.apache.flink.runtime.metrics.MetricRegistryImpl <init>
INFO: No metrics reporter configured, no metrics will be exposed/reported.
Apr 29, 2024 9:25:43 AM org.apache.flink.runtime.minicluster.MiniCluster start
INFO: Starting RPC Service(s)
Apr 29, 2024 9:25:43 AM org.apache.flink.runtime.rpc.pekko.ActorSystemBootstrapTools startLocalActorSystem
INFO: Trying to start local actor system
Apr 29, 2024 9:25:44 AM org.apache.pekko.event.slf4j.Slf4jLogger$$anonfun$receive$1 applyOrElse
INFO: Slf4jLogger started
Apr 29, 2024 9:25:44 AM org.apache.flink.runtime.rpc.pekko.ActorSystemBootstrapTools startActorSystem
INFO: Actor system started at pekko://flink
Apr 29, 2024 9:25:44 AM org.apache.flink.runtime.rpc.pekko.ActorSystemBootstrapTools startLocalActorSystem
INFO: Trying to start local actor system
Apr 29, 2024 9:25:44 AM org.apache.pekko.event.slf4j.Slf4jLogger$$anonfun$receive$1 applyOrElse
INFO: Slf4jLogger started
Apr 29, 2024 9:25:44 AM org.apache.flink.runtime.rpc.pekko.ActorSystemBootstrapTools startActorSystem
INFO: Actor system started at pekko://flink-metrics
Apr 29, 2024 9:25:44 AM org.apache.flink.runtime.rpc.pekko.PekkoRpcService startServer
INFO: Starting RPC endpoint for org.apache.flink.runtime.metrics.dump.MetricQueryService at pekko://flink-metrics/user/rpc/MetricQueryService .
Apr 29, 2024 9:25:44 AM org.apache.flink.runtime.security.token.DefaultDelegationTokenManager loadProviders
INFO: Loading delegation token providers
Apr 29, 2024 9:25:44 AM org.apache.flink.runtime.util.HadoopUtils getHadoopConfiguration
WARNING: Could not find Hadoop configuration via any of the supported methods (Flink configuration, environment variables).
Apr 29, 2024 9:25:44 AM org.apache.flink.runtime.security.token.DefaultDelegationTokenManager lambda$loadProviders$0
INFO: Delegation token provider hadoopfs loaded and initialized
Apr 29, 2024 9:25:44 AM org.apache.flink.runtime.util.HadoopUtils getHadoopConfiguration
WARNING: Could not find Hadoop configuration via any of the supported methods (Flink configuration, environment variables).
Apr 29, 2024 9:25:44 AM org.apache.flink.runtime.security.token.DefaultDelegationTokenManager lambda$loadProviders$0
INFO: Delegation token provider hbase loaded and initialized
Apr 29, 2024 9:25:44 AM org.apache.flink.runtime.security.token.DefaultDelegationTokenManager loadProviders
INFO: Delegation token providers loaded successfully
Apr 29, 2024 9:25:44 AM org.apache.flink.runtime.security.token.DelegationTokenReceiverRepository loadReceivers
INFO: Loading delegation token receivers
Apr 29, 2024 9:25:44 AM org.apache.flink.runtime.security.token.DelegationTokenReceiverRepository lambda$loadReceivers$0
INFO: Delegation token receiver hadoopfs loaded and initialized
Apr 29, 2024 9:25:44 AM org.apache.flink.runtime.security.token.DelegationTokenReceiverRepository lambda$loadReceivers$0
INFO: Delegation token receiver hbase loaded and initialized
Apr 29, 2024 9:25:44 AM org.apache.flink.runtime.security.token.DelegationTokenReceiverRepository loadReceivers
INFO: Delegation token receivers loaded successfully
Apr 29, 2024 9:25:44 AM org.apache.flink.runtime.security.token.DefaultDelegationTokenManager checkProviderAndReceiverConsistency
INFO: Checking provider and receiver instances consistency
Apr 29, 2024 9:25:44 AM org.apache.flink.runtime.security.token.DefaultDelegationTokenManager checkProviderAndReceiverConsistency
INFO: Provider and receiver instances are consistent
Apr 29, 2024 9:25:44 AM org.apache.flink.runtime.security.token.DefaultDelegationTokenManager obtainDelegationTokens
INFO: Obtaining delegation tokens
Apr 29, 2024 9:25:44 AM org.apache.flink.runtime.security.token.DefaultDelegationTokenManager obtainDelegationTokens
INFO: Delegation tokens obtained successfully
Apr 29, 2024 9:25:44 AM org.apache.flink.runtime.security.token.DefaultDelegationTokenManager obtainDelegationTokens
WARNING: No tokens obtained so skipping notifications
Apr 29, 2024 9:25:44 AM org.apache.flink.runtime.security.token.DelegationTokenReceiverRepository loadReceivers
INFO: Loading delegation token receivers
Apr 29, 2024 9:25:44 AM org.apache.flink.runtime.security.token.DelegationTokenReceiverRepository lambda$loadReceivers$0
INFO: Delegation token receiver hadoopfs loaded and initialized
Apr 29, 2024 9:25:44 AM org.apache.flink.runtime.security.token.DelegationTokenReceiverRepository lambda$loadReceivers$0
INFO: Delegation token receiver hbase loaded and initialized
Apr 29, 2024 9:25:44 AM org.apache.flink.runtime.security.token.DelegationTokenReceiverRepository loadReceivers
INFO: Delegation token receivers loaded successfully
Apr 29, 2024 9:25:44 AM org.apache.flink.runtime.blob.BlobServer <init>
INFO: Created BLOB server storage directory /var/folders/9y/mg706rlj3cx1fsv47rlmtqq40000gn/T/minicluster_2f7514f47ec5975a48f8affc872cf5b7/blobStorage
Apr 29, 2024 9:25:44 AM org.apache.flink.runtime.blob.BlobServer <init>
INFO: Started BLOB server at 0.0.0.0:50052 - max concurrent requests: 50 - max backlog: 1000
Apr 29, 2024 9:25:44 AM org.apache.flink.runtime.blob.AbstractBlobCache <init>
INFO: Created BLOB cache storage directory /var/folders/9y/mg706rlj3cx1fsv47rlmtqq40000gn/T/minicluster_2f7514f47ec5975a48f8affc872cf5b7/blobStorage
Apr 29, 2024 9:25:44 AM org.apache.flink.runtime.blob.AbstractBlobCache <init>
INFO: Created BLOB cache storage directory /var/folders/9y/mg706rlj3cx1fsv47rlmtqq40000gn/T/minicluster_2f7514f47ec5975a48f8affc872cf5b7/blobStorage
Apr 29, 2024 9:25:44 AM org.apache.flink.runtime.minicluster.MiniCluster startTaskManagers
INFO: Starting 1 TaskManager(s)
Apr 29, 2024 9:25:44 AM org.apache.flink.runtime.taskexecutor.TaskManagerRunner startTaskManager
INFO: Starting TaskManager with ResourceID: 0a259507-058f-4720-9af6-dc101ba0e204
Apr 29, 2024 9:25:44 AM org.apache.flink.runtime.taskexecutor.TaskManagerServices checkTempDirs
INFO: Temporary file directory '/var/folders/9y/mg706rlj3cx1fsv47rlmtqq40000gn/T': total 460 GB, usable 240 GB (52.17% usable)
Apr 29, 2024 9:25:44 AM org.apache.flink.runtime.io.disk.iomanager.IOManager <init>
INFO: Created a new FileChannelManager for spilling of task related data to disk (joins, sorting, ...). Used directories:
	/var/folders/9y/mg706rlj3cx1fsv47rlmtqq40000gn/T/flink-io-f945a11d-2b9a-4b80-9c16-3040f8baaaf0
Apr 29, 2024 9:25:44 AM org.apache.flink.runtime.io.network.NettyShuffleServiceFactory createNettyShuffleEnvironment
INFO: Created a new FileChannelManager for storing result partitions of BLOCKING shuffles. Used directories:
	/var/folders/9y/mg706rlj3cx1fsv47rlmtqq40000gn/T/flink-netty-shuffle-e3225ef5-0872-41b6-acb5-afdc187238bd
Apr 29, 2024 9:25:44 AM org.apache.flink.runtime.io.network.buffer.NetworkBufferPool <init>
INFO: Allocated 64 MB for network buffer pool (number of memory segments: 2048, bytes per segment: 32768).
Apr 29, 2024 9:25:44 AM org.apache.flink.runtime.io.network.NettyShuffleEnvironment start
INFO: Starting the network environment and its components.
Apr 29, 2024 9:25:44 AM org.apache.flink.runtime.taskexecutor.KvStateService start
INFO: Starting the kvState service and its components.
Apr 29, 2024 9:25:44 AM org.apache.flink.configuration.Configuration loggingFallback
INFO: Config uses fallback configuration key 'pekko.ask.timeout' instead of key 'taskmanager.slot.timeout'
Apr 29, 2024 9:25:44 AM org.apache.flink.runtime.rpc.pekko.PekkoRpcService startServer
INFO: Starting RPC endpoint for org.apache.flink.runtime.taskexecutor.TaskExecutor at pekko://flink/user/rpc/taskmanager_32 .
Apr 29, 2024 9:25:44 AM org.apache.flink.runtime.taskexecutor.DefaultJobLeaderService start
INFO: Start job leader service.
Apr 29, 2024 9:25:44 AM org.apache.flink.runtime.filecache.FileCache <init>
INFO: User file cache uses directory /var/folders/9y/mg706rlj3cx1fsv47rlmtqq40000gn/T/flink-dist-cache-6384af57-9bea-4076-b58c-a0bc9f621d15
Apr 29, 2024 9:25:44 AM org.apache.flink.runtime.rest.RestServerEndpoint start
INFO: Starting rest endpoint.
Apr 29, 2024 9:25:44 AM org.apache.flink.runtime.webmonitor.WebMonitorUtils$LogFileLocation find
WARNING: Log file environment variable 'log.file' is not set.
Apr 29, 2024 9:25:44 AM org.apache.flink.runtime.webmonitor.WebMonitorUtils$LogFileLocation find
WARNING: JobManager log files are unavailable in the web dashboard. Log file location not found in environment variable 'log.file' or configuration key 'web.log.path'.
Apr 29, 2024 9:25:44 AM org.apache.flink.runtime.rest.RestServerEndpoint start
INFO: Rest endpoint listening at localhost:50053
Apr 29, 2024 9:25:44 AM org.apache.flink.runtime.highavailability.nonha.embedded.EmbeddedLeaderService updateLeader
INFO: Proposing leadership to the contender that is registered under component ID 'rest_server'.
Apr 29, 2024 9:25:44 AM org.apache.flink.runtime.webmonitor.WebMonitorEndpoint startInternal
INFO: Web frontend listening at http://localhost:50053.
Apr 29, 2024 9:25:44 AM org.apache.flink.runtime.webmonitor.WebMonitorEndpoint grantLeadership
INFO: http://localhost:50053 was granted leadership with leaderSessionID=eaf3bf40-3bbd-439e-b6c6-9c38434d1146
Apr 29, 2024 9:25:44 AM org.apache.flink.runtime.highavailability.nonha.embedded.EmbeddedLeaderService confirmLeader
INFO: Received confirmation of leadership for leader http://localhost:50053 , session=eaf3bf40-3bbd-439e-b6c6-9c38434d1146
Apr 29, 2024 9:25:44 AM org.apache.flink.runtime.highavailability.nonha.embedded.EmbeddedLeaderService updateLeader
INFO: Proposing leadership to the contender that is registered under component ID 'dispatcher'.
Apr 29, 2024 9:25:44 AM org.apache.flink.runtime.resourcemanager.ResourceManagerServiceImpl start
INFO: Starting resource manager service.
Apr 29, 2024 9:25:44 AM org.apache.flink.runtime.dispatcher.runner.DefaultDispatcherRunner lambda$grantLeadership$0
INFO: DefaultDispatcherRunner was granted leadership with leader id 05789355-4312-4f8f-a039-dcff2a3742dc. Creating new DispatcherLeaderProcess.
Apr 29, 2024 9:25:44 AM org.apache.flink.runtime.highavailability.nonha.embedded.EmbeddedLeaderService updateLeader
INFO: Proposing leadership to the contender that is registered under component ID 'resource_manager'.
Apr 29, 2024 9:25:44 AM org.apache.flink.runtime.dispatcher.runner.AbstractDispatcherLeaderProcess startInternal
INFO: Start SessionDispatcherLeaderProcess.
Apr 29, 2024 9:25:44 AM org.apache.flink.runtime.minicluster.MiniCluster start
INFO: Flink Mini Cluster started successfully
Apr 29, 2024 9:25:44 AM org.apache.flink.runtime.dispatcher.runner.SessionDispatcherLeaderProcess recoverJobs
INFO: Recover all persisted job graphs that are not finished, yet.
Apr 29, 2024 9:25:44 AM org.apache.flink.runtime.dispatcher.runner.SessionDispatcherLeaderProcess recoverJobs
INFO: Successfully recovered 0 persisted job graphs.
Apr 29, 2024 9:25:44 AM org.apache.flink.runtime.resourcemanager.ResourceManagerServiceImpl lambda$grantLeadership$2
INFO: Resource manager service is granted leadership with session id fc98faa1-867d-47cd-83a5-d0206fc03a8e.
Apr 29, 2024 9:25:44 AM org.apache.flink.runtime.rpc.pekko.PekkoRpcService startServer
INFO: Starting RPC endpoint for org.apache.flink.runtime.dispatcher.StandaloneDispatcher at pekko://flink/user/rpc/dispatcher_33 .
Apr 29, 2024 9:25:44 AM org.apache.flink.runtime.rpc.pekko.PekkoRpcService startServer
INFO: Starting RPC endpoint for org.apache.flink.runtime.resourcemanager.StandaloneResourceManager at pekko://flink/user/rpc/resourcemanager_34 .
Apr 29, 2024 9:25:44 AM org.apache.flink.runtime.resourcemanager.ResourceManager onStart
INFO: Starting the resource manager.
Apr 29, 2024 9:25:44 AM org.apache.flink.runtime.resourcemanager.slotmanager.FineGrainedSlotManager start
INFO: Starting the slot manager.
Apr 29, 2024 9:25:44 AM org.apache.flink.runtime.security.token.DefaultDelegationTokenManager startTokensUpdate
INFO: Starting tokens update task
Apr 29, 2024 9:25:44 AM org.apache.flink.runtime.security.token.DefaultDelegationTokenManager startTokensUpdate
WARNING: No tokens obtained so skipping notifications
Apr 29, 2024 9:25:44 AM org.apache.flink.runtime.security.token.DefaultDelegationTokenManager startTokensUpdate
WARNING: Tokens update task not started because either no tokens obtained or none of the tokens specified its renewal date
Apr 29, 2024 9:25:44 AM org.apache.flink.runtime.highavailability.nonha.embedded.EmbeddedLeaderService confirmLeader
INFO: Received confirmation of leadership for leader pekko://flink/user/rpc/resourcemanager_34 , session=fc98faa1-867d-47cd-83a5-d0206fc03a8e
Apr 29, 2024 9:25:44 AM org.apache.flink.runtime.highavailability.nonha.embedded.EmbeddedLeaderService confirmLeader
INFO: Received confirmation of leadership for leader pekko://flink/user/rpc/dispatcher_33 , session=05789355-4312-4f8f-a039-dcff2a3742dc
Apr 29, 2024 9:25:44 AM org.apache.flink.runtime.taskexecutor.TaskExecutor connectToResourceManager
INFO: Connecting to ResourceManager pekko://flink/user/rpc/resourcemanager_34(83a5d0206fc03a8efc98faa1867d47cd).
Apr 29, 2024 9:25:44 AM org.apache.flink.runtime.registration.RetryingRegistration lambda$startRegistration$0
INFO: Resolved ResourceManager address, beginning registration
Apr 29, 2024 9:25:44 AM org.apache.flink.runtime.dispatcher.Dispatcher submitJob
INFO: Received JobGraph submission 'DataStream Collect' (e1b151205f82ced9668663f7a8c8b768).
Apr 29, 2024 9:25:44 AM org.apache.flink.runtime.dispatcher.Dispatcher internalSubmitJob
INFO: Submitting job 'DataStream Collect' (e1b151205f82ced9668663f7a8c8b768).
Apr 29, 2024 9:25:44 AM org.apache.flink.runtime.highavailability.nonha.embedded.EmbeddedLeaderService updateLeader
INFO: Proposing leadership to the contender that is registered under component ID 'job-e1b151205f82ced9668663f7a8c8b768'.
Apr 29, 2024 9:25:44 AM org.apache.flink.runtime.jobmaster.JobMasterServiceLeadershipRunner createNewJobMasterServiceProcess
INFO: JobMasterServiceLeadershipRunner for job e1b151205f82ced9668663f7a8c8b768 was granted leadership with leader id b930f29e-e29c-4b7a-9bb3-448609820926. Creating new JobMasterServiceProcess.
Apr 29, 2024 9:25:44 AM org.apache.flink.runtime.resourcemanager.ResourceManager registerTaskExecutorInternal
INFO: Registering TaskManager with ResourceID 0a259507-058f-4720-9af6-dc101ba0e204 (pekko://flink/user/rpc/taskmanager_32) at ResourceManager
Apr 29, 2024 9:25:44 AM org.apache.flink.runtime.taskexecutor.TaskExecutorToResourceManagerConnection onRegistrationSuccess
INFO: Successful registration at resource manager pekko://flink/user/rpc/resourcemanager_34 under registration id 3386b22df3da988fb4a0ff2c1f0f6fe1.
Apr 29, 2024 9:25:44 AM org.apache.flink.runtime.resourcemanager.slotmanager.FineGrainedSlotManager registerTaskManager
INFO: Registering task executor 0a259507-058f-4720-9af6-dc101ba0e204 under 3386b22df3da988fb4a0ff2c1f0f6fe1 at the slot manager.
Apr 29, 2024 9:25:44 AM org.apache.flink.runtime.rpc.pekko.PekkoRpcService startServer
INFO: Starting RPC endpoint for org.apache.flink.runtime.jobmaster.JobMaster at pekko://flink/user/rpc/jobmanager_35 .
Apr 29, 2024 9:25:44 AM org.apache.flink.runtime.jobmaster.JobMaster <init>
INFO: Initializing job 'DataStream Collect' (e1b151205f82ced9668663f7a8c8b768).
Apr 29, 2024 9:25:44 AM org.apache.flink.runtime.scheduler.DefaultSchedulerFactory createInstance
INFO: Using restart back off time strategy NoRestartBackoffTimeStrategy for DataStream Collect (e1b151205f82ced9668663f7a8c8b768).
Apr 29, 2024 9:25:44 AM org.apache.flink.runtime.executiongraph.DefaultExecutionGraph <init>
INFO: Created execution graph 7bdaa635ab76dcc7ba05d4ba7423e163 for job e1b151205f82ced9668663f7a8c8b768.
Apr 29, 2024 9:25:44 AM org.apache.flink.runtime.executiongraph.DefaultExecutionGraphBuilder buildGraph
INFO: Running initialization on master for job DataStream Collect (e1b151205f82ced9668663f7a8c8b768).
Apr 29, 2024 9:25:44 AM org.apache.flink.runtime.executiongraph.DefaultExecutionGraphBuilder buildGraph
INFO: Successfully ran initialization on master in 0 ms.
Apr 29, 2024 9:25:44 AM org.apache.flink.runtime.scheduler.adapter.DefaultExecutionTopology generateNewPipelinedRegions
INFO: Built 1 new pipelined regions in 0 ms, total 1 pipelined regions currently.
Apr 29, 2024 9:25:44 AM org.apache.flink.runtime.state.StateBackendLoader loadFromApplicationOrConfigOrDefaultInternal
INFO: No state backend has been configured, using default (HashMap) org.apache.flink.runtime.state.hashmap.HashMapStateBackend@6c6e5734
Apr 29, 2024 9:25:44 AM org.apache.flink.runtime.state.StateBackendLoader fromApplicationOrConfigOrDefault
INFO: State backend loader loads the state backend as HashMapStateBackend
Apr 29, 2024 9:25:44 AM org.apache.flink.runtime.state.CheckpointStorageLoader createJobManagerCheckpointStorage
INFO: Checkpoint storage is set to 'jobmanager'
Apr 29, 2024 9:25:44 AM org.apache.flink.runtime.checkpoint.CheckpointCoordinator restoreLatestCheckpointedStateInternal
INFO: No checkpoint found during restore.
Apr 29, 2024 9:25:44 AM org.apache.flink.runtime.scheduler.DefaultScheduler <init>
INFO: Using failover strategy org.apache.flink.runtime.executiongraph.failover.flip1.RestartPipelinedRegionFailoverStrategy@648a5f04 for DataStream Collect (e1b151205f82ced9668663f7a8c8b768).
Apr 29, 2024 9:25:44 AM org.apache.flink.runtime.highavailability.nonha.embedded.EmbeddedLeaderService confirmLeader
INFO: Received confirmation of leadership for leader pekko://flink/user/rpc/jobmanager_35 , session=b930f29e-e29c-4b7a-9bb3-448609820926
Apr 29, 2024 9:25:44 AM org.apache.flink.runtime.jobmaster.JobMaster startJobExecution
INFO: Starting execution of job 'DataStream Collect' (e1b151205f82ced9668663f7a8c8b768) under job master id 9bb3448609820926b930f29ee29c4b7a.
Apr 29, 2024 9:25:44 AM org.apache.flink.runtime.scheduler.DefaultScheduler startSchedulingInternal
INFO: Starting scheduling with scheduling strategy [org.apache.flink.runtime.scheduler.strategy.PipelinedRegionSchedulingStrategy]
Apr 29, 2024 9:25:44 AM org.apache.flink.runtime.executiongraph.DefaultExecutionGraph transitionState
INFO: Job DataStream Collect (e1b151205f82ced9668663f7a8c8b768) switched from state CREATED to RUNNING.
Apr 29, 2024 9:25:44 AM org.apache.flink.runtime.executiongraph.Execution transitionState
INFO: Source: Collection Source -> Timestamps/Watermarks (1/1) (7bdaa635ab76dcc7ba05d4ba7423e163_cbc357ccb763df2852fee8c4fc7d55f2_0_0) switched from CREATED to SCHEDULED.
Apr 29, 2024 9:25:44 AM org.apache.flink.runtime.executiongraph.Execution transitionState
INFO: TumblingEventTimeWindows -> Sink: Data stream collect sink (1/1) (7bdaa635ab76dcc7ba05d4ba7423e163_90bea66de1c231edf33913ecd54406c1_0_0) switched from CREATED to SCHEDULED.
Apr 29, 2024 9:25:44 AM org.apache.flink.runtime.jobmaster.JobMaster connectToResourceManager
INFO: Connecting to ResourceManager pekko://flink/user/rpc/resourcemanager_34(83a5d0206fc03a8efc98faa1867d47cd)
Apr 29, 2024 9:25:44 AM org.apache.flink.runtime.registration.RetryingRegistration lambda$startRegistration$0
INFO: Resolved ResourceManager address, beginning registration
Apr 29, 2024 9:25:44 AM org.apache.flink.runtime.resourcemanager.ResourceManager registerJobMaster
INFO: Registering job manager 9bb3448609820926b930f29ee29c4b7a@pekko://flink/user/rpc/jobmanager_35 for job e1b151205f82ced9668663f7a8c8b768.
Apr 29, 2024 9:25:44 AM org.apache.flink.runtime.resourcemanager.ResourceManager registerJobMasterInternal
INFO: Registered job manager 9bb3448609820926b930f29ee29c4b7a@pekko://flink/user/rpc/jobmanager_35 for job e1b151205f82ced9668663f7a8c8b768.
Apr 29, 2024 9:25:44 AM org.apache.flink.runtime.jobmaster.JobMaster establishResourceManagerConnection
INFO: JobManager successfully registered at ResourceManager, leader id: 83a5d0206fc03a8efc98faa1867d47cd.
Apr 29, 2024 9:25:44 AM org.apache.flink.runtime.resourcemanager.slotmanager.FineGrainedSlotManager processResourceRequirements
INFO: Received resource requirements from job e1b151205f82ced9668663f7a8c8b768: [ResourceRequirement{resourceProfile=ResourceProfile{UNKNOWN}, numberOfRequiredSlots=1}]
Apr 29, 2024 9:25:44 AM org.apache.flink.runtime.resourcemanager.slotmanager.FineGrainedSlotManager logMissingAndAvailableResource
INFO: Matching resource requirements against available resources.
Missing resources:
	 Job e1b151205f82ced9668663f7a8c8b768
		ResourceRequirement{resourceProfile=ResourceProfile{UNKNOWN}, numberOfRequiredSlots=1}
Current resources:
	TaskManager 0a259507-058f-4720-9af6-dc101ba0e204
		Available: ResourceProfile{taskHeapMemory=1024.000gb (1099511627776 bytes), taskOffHeapMemory=1024.000gb (1099511627776 bytes), managedMemory=128.000mb (134217728 bytes), networkMemory=64.000mb (67108864 bytes)}
		Total:     ResourceProfile{taskHeapMemory=1024.000gb (1099511627776 bytes), taskOffHeapMemory=1024.000gb (1099511627776 bytes), managedMemory=128.000mb (134217728 bytes), networkMemory=64.000mb (67108864 bytes)}
Apr 29, 2024 9:25:44 AM org.apache.flink.runtime.resourcemanager.slotmanager.DefaultSlotStatusSyncer allocateSlot
INFO: Starting allocation of slot 7cfe3bed9edd64dd2f2aee9627232d9f from 0a259507-058f-4720-9af6-dc101ba0e204 for job e1b151205f82ced9668663f7a8c8b768 with resource profile ResourceProfile{taskHeapMemory=1024.000gb (1099511627776 bytes), taskOffHeapMemory=1024.000gb (1099511627776 bytes), managedMemory=128.000mb (134217728 bytes), networkMemory=64.000mb (67108864 bytes)}.
Apr 29, 2024 9:25:44 AM org.apache.flink.runtime.taskexecutor.TaskExecutor requestSlot
INFO: Receive slot request 7cfe3bed9edd64dd2f2aee9627232d9f for job e1b151205f82ced9668663f7a8c8b768 from resource manager with leader id 83a5d0206fc03a8efc98faa1867d47cd.
Apr 29, 2024 9:25:44 AM org.apache.flink.runtime.taskexecutor.slot.TaskSlotTableImpl allocateSlot
INFO: Allocated slot for 7cfe3bed9edd64dd2f2aee9627232d9f with resources ResourceProfile{taskHeapMemory=1024.000gb (1099511627776 bytes), taskOffHeapMemory=1024.000gb (1099511627776 bytes), managedMemory=128.000mb (134217728 bytes), networkMemory=64.000mb (67108864 bytes)}.
Apr 29, 2024 9:25:44 AM org.apache.flink.runtime.taskexecutor.DefaultJobLeaderService addJob
INFO: Add job e1b151205f82ced9668663f7a8c8b768 for job leader monitoring.
Apr 29, 2024 9:25:44 AM org.apache.flink.runtime.taskexecutor.DefaultJobLeaderService$JobManagerLeaderListener openRpcConnectionTo
INFO: Try to register at job manager pekko://flink/user/rpc/jobmanager_35 with leader id b930f29e-e29c-4b7a-9bb3-448609820926.
Apr 29, 2024 9:25:44 AM org.apache.flink.runtime.registration.RetryingRegistration lambda$startRegistration$0
INFO: Resolved JobManager address, beginning registration
Apr 29, 2024 9:25:44 AM org.apache.flink.runtime.taskexecutor.DefaultJobLeaderService$JobManagerLeaderListener$JobManagerRegisteredRpcConnection lambda$onRegistrationSuccess$0
INFO: Successful registration at job manager pekko://flink/user/rpc/jobmanager_35 for job e1b151205f82ced9668663f7a8c8b768.
Apr 29, 2024 9:25:44 AM org.apache.flink.runtime.taskexecutor.TaskExecutor establishJobManagerConnection
INFO: Establish JobManager connection for job e1b151205f82ced9668663f7a8c8b768.
Apr 29, 2024 9:25:44 AM org.apache.flink.runtime.taskexecutor.TaskExecutor internalOfferSlotsToJobManager
INFO: Offer reserved slots to the leader of job e1b151205f82ced9668663f7a8c8b768.
Apr 29, 2024 9:25:44 AM org.apache.flink.runtime.executiongraph.Execution transitionState
INFO: Source: Collection Source -> Timestamps/Watermarks (1/1) (7bdaa635ab76dcc7ba05d4ba7423e163_cbc357ccb763df2852fee8c4fc7d55f2_0_0) switched from SCHEDULED to DEPLOYING.
Apr 29, 2024 9:25:44 AM org.apache.flink.runtime.executiongraph.Execution deploy
INFO: Deploying Source: Collection Source -> Timestamps/Watermarks (1/1) (attempt #0) with attempt id 7bdaa635ab76dcc7ba05d4ba7423e163_cbc357ccb763df2852fee8c4fc7d55f2_0_0 and vertex id cbc357ccb763df2852fee8c4fc7d55f2_0 to 0a259507-058f-4720-9af6-dc101ba0e204 @ localhost (dataPort=-1) with allocation id 7cfe3bed9edd64dd2f2aee9627232d9f
Apr 29, 2024 9:25:44 AM org.apache.flink.runtime.executiongraph.Execution transitionState
INFO: TumblingEventTimeWindows -> Sink: Data stream collect sink (1/1) (7bdaa635ab76dcc7ba05d4ba7423e163_90bea66de1c231edf33913ecd54406c1_0_0) switched from SCHEDULED to DEPLOYING.
Apr 29, 2024 9:25:44 AM org.apache.flink.runtime.executiongraph.Execution deploy
INFO: Deploying TumblingEventTimeWindows -> Sink: Data stream collect sink (1/1) (attempt #0) with attempt id 7bdaa635ab76dcc7ba05d4ba7423e163_90bea66de1c231edf33913ecd54406c1_0_0 and vertex id 90bea66de1c231edf33913ecd54406c1_0 to 0a259507-058f-4720-9af6-dc101ba0e204 @ localhost (dataPort=-1) with allocation id 7cfe3bed9edd64dd2f2aee9627232d9f
Apr 29, 2024 9:25:44 AM org.apache.flink.runtime.taskexecutor.slot.TaskSlotTableImpl markExistingSlotActive
INFO: Activate slot 7cfe3bed9edd64dd2f2aee9627232d9f.
Apr 29, 2024 9:25:44 AM org.apache.flink.runtime.state.changelog.StateChangelogStorageLoader load
INFO: Creating a changelog storage with name 'memory'.
Apr 29, 2024 9:25:44 AM org.apache.flink.runtime.state.TaskExecutorChannelStateExecutorFactoryManager getOrCreateExecutorFactory
INFO: Creating the channel state executor factory for job id e1b151205f82ced9668663f7a8c8b768
Apr 29, 2024 9:25:44 AM org.apache.flink.runtime.taskexecutor.TaskExecutor submitTask
INFO: Received task Source: Collection Source -> Timestamps/Watermarks (1/1)#0 (7bdaa635ab76dcc7ba05d4ba7423e163_cbc357ccb763df2852fee8c4fc7d55f2_0_0), deploy into slot with allocation id 7cfe3bed9edd64dd2f2aee9627232d9f.
Apr 29, 2024 9:25:44 AM org.apache.flink.runtime.taskmanager.Task transitionState
INFO: Source: Collection Source -> Timestamps/Watermarks (1/1)#0 (7bdaa635ab76dcc7ba05d4ba7423e163_cbc357ccb763df2852fee8c4fc7d55f2_0_0) switched from CREATED to DEPLOYING.
Apr 29, 2024 9:25:44 AM org.apache.flink.runtime.taskexecutor.slot.TaskSlotTableImpl markExistingSlotActive
INFO: Activate slot 7cfe3bed9edd64dd2f2aee9627232d9f.
Apr 29, 2024 9:25:44 AM org.apache.flink.runtime.taskmanager.Task doRun
INFO: Loading JAR files for task Source: Collection Source -> Timestamps/Watermarks (1/1)#0 (7bdaa635ab76dcc7ba05d4ba7423e163_cbc357ccb763df2852fee8c4fc7d55f2_0_0) [DEPLOYING].
Apr 29, 2024 9:25:44 AM org.apache.flink.runtime.taskexecutor.TaskExecutor submitTask
INFO: Received task TumblingEventTimeWindows -> Sink: Data stream collect sink (1/1)#0 (7bdaa635ab76dcc7ba05d4ba7423e163_90bea66de1c231edf33913ecd54406c1_0_0), deploy into slot with allocation id 7cfe3bed9edd64dd2f2aee9627232d9f.
Apr 29, 2024 9:25:44 AM org.apache.flink.runtime.state.StateBackendLoader loadFromApplicationOrConfigOrDefaultInternal
INFO: No state backend has been configured, using default (HashMap) org.apache.flink.runtime.state.hashmap.HashMapStateBackend@3d6f2b0e
Apr 29, 2024 9:25:44 AM org.apache.flink.runtime.state.StateBackendLoader fromApplicationOrConfigOrDefault
INFO: State backend loader loads the state backend as HashMapStateBackend
Apr 29, 2024 9:25:44 AM org.apache.flink.runtime.state.CheckpointStorageLoader createJobManagerCheckpointStorage
INFO: Checkpoint storage is set to 'jobmanager'
Apr 29, 2024 9:25:44 AM org.apache.flink.runtime.taskexecutor.slot.TaskSlotTableImpl markExistingSlotActive
INFO: Activate slot 7cfe3bed9edd64dd2f2aee9627232d9f.
Apr 29, 2024 9:25:44 AM org.apache.flink.runtime.taskmanager.Task transitionState
INFO: Source: Collection Source -> Timestamps/Watermarks (1/1)#0 (7bdaa635ab76dcc7ba05d4ba7423e163_cbc357ccb763df2852fee8c4fc7d55f2_0_0) switched from DEPLOYING to INITIALIZING.
Apr 29, 2024 9:25:44 AM org.apache.flink.runtime.taskmanager.Task transitionState
INFO: TumblingEventTimeWindows -> Sink: Data stream collect sink (1/1)#0 (7bdaa635ab76dcc7ba05d4ba7423e163_90bea66de1c231edf33913ecd54406c1_0_0) switched from CREATED to DEPLOYING.
Apr 29, 2024 9:25:44 AM org.apache.flink.runtime.taskmanager.Task doRun
INFO: Loading JAR files for task TumblingEventTimeWindows -> Sink: Data stream collect sink (1/1)#0 (7bdaa635ab76dcc7ba05d4ba7423e163_90bea66de1c231edf33913ecd54406c1_0_0) [DEPLOYING].
Apr 29, 2024 9:25:44 AM org.apache.flink.runtime.executiongraph.Execution transitionState
INFO: Source: Collection Source -> Timestamps/Watermarks (1/1) (7bdaa635ab76dcc7ba05d4ba7423e163_cbc357ccb763df2852fee8c4fc7d55f2_0_0) switched from DEPLOYING to INITIALIZING.
Apr 29, 2024 9:25:44 AM org.apache.flink.runtime.state.StateBackendLoader loadFromApplicationOrConfigOrDefaultInternal
INFO: No state backend has been configured, using default (HashMap) org.apache.flink.runtime.state.hashmap.HashMapStateBackend@68c91d94
Apr 29, 2024 9:25:44 AM org.apache.flink.runtime.state.StateBackendLoader fromApplicationOrConfigOrDefault
INFO: State backend loader loads the state backend as HashMapStateBackend
Apr 29, 2024 9:25:44 AM org.apache.flink.runtime.state.CheckpointStorageLoader createJobManagerCheckpointStorage
INFO: Checkpoint storage is set to 'jobmanager'
Apr 29, 2024 9:25:44 AM org.apache.flink.runtime.taskmanager.Task transitionState
INFO: TumblingEventTimeWindows -> Sink: Data stream collect sink (1/1)#0 (7bdaa635ab76dcc7ba05d4ba7423e163_90bea66de1c231edf33913ecd54406c1_0_0) switched from DEPLOYING to INITIALIZING.
Apr 29, 2024 9:25:44 AM org.apache.flink.runtime.executiongraph.Execution transitionState
INFO: TumblingEventTimeWindows -> Sink: Data stream collect sink (1/1) (7bdaa635ab76dcc7ba05d4ba7423e163_90bea66de1c231edf33913ecd54406c1_0_0) switched from DEPLOYING to INITIALIZING.
Apr 29, 2024 9:25:44 AM org.apache.flink.runtime.taskmanager.Task transitionState
INFO: Source: Collection Source -> Timestamps/Watermarks (1/1)#0 (7bdaa635ab76dcc7ba05d4ba7423e163_cbc357ccb763df2852fee8c4fc7d55f2_0_0) switched from INITIALIZING to RUNNING.
Apr 29, 2024 9:25:44 AM org.apache.flink.runtime.executiongraph.Execution transitionState
INFO: Source: Collection Source -> Timestamps/Watermarks (1/1) (7bdaa635ab76dcc7ba05d4ba7423e163_cbc357ccb763df2852fee8c4fc7d55f2_0_0) switched from INITIALIZING to RUNNING.
Apr 29, 2024 9:25:44 AM org.apache.flink.api.java.typeutils.runtime.kryo.KryoSerializer getKryoInstance
INFO: Kryo serializer scala extensions are not available.
Apr 29, 2024 9:25:44 AM org.apache.flink.streaming.api.operators.collect.CollectSinkFunction initializeState
INFO: Initializing collect sink state with offset = 0, buffered results bytes = 0
Apr 29, 2024 9:25:44 AM org.apache.flink.api.java.typeutils.runtime.kryo.KryoSerializer getKryoInstance
INFO: Kryo serializer scala extensions are not available.
Apr 29, 2024 9:25:44 AM org.apache.flink.streaming.api.operators.collect.CollectSinkFunction open
INFO: Collect sink server established, address = localhost/127.0.0.1:50054
Apr 29, 2024 9:25:44 AM org.apache.flink.api.java.typeutils.runtime.kryo.KryoSerializer getKryoInstance
INFO: Kryo serializer scala extensions are not available.
Apr 29, 2024 9:25:44 AM org.apache.flink.runtime.state.heap.HeapKeyedStateBackendBuilder restoreState
INFO: Finished to build heap keyed state-backend.
Apr 29, 2024 9:25:44 AM org.apache.flink.streaming.api.operators.collect.CollectSinkOperatorCoordinator handleEventFromOperator
INFO: Received sink socket server address: localhost/127.0.0.1:50054
Apr 29, 2024 9:25:44 AM org.apache.flink.runtime.state.heap.HeapKeyedStateBackend <init>
INFO: Initializing heap keyed state backend with stream factory.
Apr 29, 2024 9:25:44 AM org.apache.flink.runtime.taskmanager.Task transitionState
INFO: TumblingEventTimeWindows -> Sink: Data stream collect sink (1/1)#0 (7bdaa635ab76dcc7ba05d4ba7423e163_90bea66de1c231edf33913ecd54406c1_0_0) switched from INITIALIZING to RUNNING.
Apr 29, 2024 9:25:44 AM org.apache.flink.runtime.executiongraph.Execution transitionState
INFO: TumblingEventTimeWindows -> Sink: Data stream collect sink (1/1) (7bdaa635ab76dcc7ba05d4ba7423e163_90bea66de1c231edf33913ecd54406c1_0_0) switched from INITIALIZING to RUNNING.
Apr 29, 2024 9:25:44 AM org.apache.flink.api.java.typeutils.runtime.kryo.KryoSerializer getKryoInstance
INFO: Kryo serializer scala extensions are not available.
Apr 29, 2024 9:25:44 AM org.apache.flink.runtime.taskmanager.Task transitionState
INFO: Source: Collection Source -> Timestamps/Watermarks (1/1)#0 (7bdaa635ab76dcc7ba05d4ba7423e163_cbc357ccb763df2852fee8c4fc7d55f2_0_0) switched from RUNNING to FINISHED.
Apr 29, 2024 9:25:44 AM org.apache.flink.runtime.taskmanager.Task doRun
INFO: Freeing task resources for Source: Collection Source -> Timestamps/Watermarks (1/1)#0 (7bdaa635ab76dcc7ba05d4ba7423e163_cbc357ccb763df2852fee8c4fc7d55f2_0_0).
Apr 29, 2024 9:25:44 AM org.apache.flink.runtime.taskexecutor.TaskExecutor unregisterTaskAndNotifyFinalState
INFO: Un-registering task and sending final execution state FINISHED to JobManager for task Source: Collection Source -> Timestamps/Watermarks (1/1)#0 7bdaa635ab76dcc7ba05d4ba7423e163_cbc357ccb763df2852fee8c4fc7d55f2_0_0.
Apr 29, 2024 9:25:44 AM org.apache.flink.runtime.executiongraph.Execution transitionState
INFO: Source: Collection Source -> Timestamps/Watermarks (1/1) (7bdaa635ab76dcc7ba05d4ba7423e163_cbc357ccb763df2852fee8c4fc7d55f2_0_0) switched from RUNNING to FINISHED.
Apr 29, 2024 9:25:44 AM org.apache.flink.runtime.taskmanager.Task transitionState
INFO: TumblingEventTimeWindows -> Sink: Data stream collect sink (1/1)#0 (7bdaa635ab76dcc7ba05d4ba7423e163_90bea66de1c231edf33913ecd54406c1_0_0) switched from RUNNING to FINISHED.
Apr 29, 2024 9:25:44 AM org.apache.flink.runtime.taskmanager.Task doRun
INFO: Freeing task resources for TumblingEventTimeWindows -> Sink: Data stream collect sink (1/1)#0 (7bdaa635ab76dcc7ba05d4ba7423e163_90bea66de1c231edf33913ecd54406c1_0_0).
Apr 29, 2024 9:25:44 AM org.apache.flink.runtime.taskexecutor.TaskExecutor unregisterTaskAndNotifyFinalState
INFO: Un-registering task and sending final execution state FINISHED to JobManager for task TumblingEventTimeWindows -> Sink: Data stream collect sink (1/1)#0 7bdaa635ab76dcc7ba05d4ba7423e163_90bea66de1c231edf33913ecd54406c1_0_0.
Apr 29, 2024 9:25:44 AM org.apache.flink.runtime.executiongraph.Execution transitionState
INFO: TumblingEventTimeWindows -> Sink: Data stream collect sink (1/1) (7bdaa635ab76dcc7ba05d4ba7423e163_90bea66de1c231edf33913ecd54406c1_0_0) switched from RUNNING to FINISHED.
Apr 29, 2024 9:25:44 AM org.apache.flink.runtime.resourcemanager.slotmanager.FineGrainedSlotManager processResourceRequirements
INFO: Clearing resource requirements of job e1b151205f82ced9668663f7a8c8b768
Apr 29, 2024 9:25:44 AM org.apache.flink.runtime.executiongraph.DefaultExecutionGraph transitionState
INFO: Job DataStream Collect (e1b151205f82ced9668663f7a8c8b768) switched from state RUNNING to FINISHED.
Apr 29, 2024 9:25:44 AM org.apache.flink.runtime.checkpoint.CheckpointCoordinator shutdown
INFO: Stopping checkpoint coordinator for job e1b151205f82ced9668663f7a8c8b768.
Apr 29, 2024 9:25:44 AM org.apache.flink.runtime.minicluster.MiniCluster closeInternal
INFO: Shutting down Flink Mini Cluster
Apr 29, 2024 9:25:44 AM org.apache.flink.runtime.dispatcher.Dispatcher jobReachedTerminalState
INFO: Job e1b151205f82ced9668663f7a8c8b768 reached terminal state FINISHED.
Apr 29, 2024 9:25:44 AM org.apache.flink.runtime.rest.RestServerEndpoint closeAsync
INFO: Shutting down rest endpoint.
Apr 29, 2024 9:25:44 AM org.apache.flink.runtime.dispatcher.Dispatcher lambda$registerGloballyTerminatedJobInJobResultStore$42
INFO: Job e1b151205f82ced9668663f7a8c8b768 has been registered for cleanup in the JobResultStore after reaching a terminal state.
Apr 29, 2024 9:25:44 AM org.apache.flink.runtime.taskexecutor.TaskExecutor onStop
INFO: Stopping TaskExecutor pekko://flink/user/rpc/taskmanager_32.
Apr 29, 2024 9:25:44 AM org.apache.flink.runtime.taskexecutor.TaskExecutor closeResourceManagerConnection
INFO: Close ResourceManager connection e1d897ca3279e00f5f8b5fc0e794e416.
Apr 29, 2024 9:25:44 AM org.apache.flink.runtime.jobmaster.JobMaster onStop
INFO: Stopping the JobMaster for job 'DataStream Collect' (e1b151205f82ced9668663f7a8c8b768).
Apr 29, 2024 9:25:44 AM org.apache.flink.runtime.taskexecutor.TaskExecutor disconnectJobManagerConnection
INFO: Close JobManager connection for job e1b151205f82ced9668663f7a8c8b768.
Apr 29, 2024 9:25:44 AM org.apache.flink.runtime.resourcemanager.ResourceManager closeTaskManagerConnection
INFO: Closing TaskExecutor connection 0a259507-058f-4720-9af6-dc101ba0e204 because: The TaskExecutor is shutting down.
Apr 29, 2024 9:25:44 AM org.apache.flink.runtime.resourcemanager.slotmanager.FineGrainedSlotManager unregisterTaskManager
INFO: Unregistering task executor 3386b22df3da988fb4a0ff2c1f0f6fe1 from the slot manager.
Apr 29, 2024 9:25:44 AM org.apache.flink.runtime.resourcemanager.slotmanager.DefaultSlotStatusSyncer freeSlot
INFO: Freeing slot 7cfe3bed9edd64dd2f2aee9627232d9f.
Apr 29, 2024 9:25:44 AM org.apache.flink.streaming.api.operators.collect.CollectSinkOperatorCoordinator close
INFO: Closing the CollectSinkOperatorCoordinator.
Apr 29, 2024 9:25:44 AM org.apache.flink.runtime.state.TaskExecutorStateChangelogStoragesManager shutdown
INFO: Shutting down TaskExecutorStateChangelogStoragesManager.
Apr 29, 2024 9:25:44 AM org.apache.flink.runtime.state.TaskExecutorChannelStateExecutorFactoryManager shutdown
INFO: Shutting down TaskExecutorChannelStateExecutorFactoryManager.
Apr 29, 2024 9:25:44 AM org.apache.flink.runtime.taskexecutor.slot.TaskSlotTableImpl freeSlotInternal
INFO: Free slot TaskSlot(index:1, state:ALLOCATED, resource profile: ResourceProfile{taskHeapMemory=1024.000gb (1099511627776 bytes), taskOffHeapMemory=1024.000gb (1099511627776 bytes), managedMemory=128.000mb (134217728 bytes), networkMemory=64.000mb (67108864 bytes)}, allocationId: 7cfe3bed9edd64dd2f2aee9627232d9f, jobId: e1b151205f82ced9668663f7a8c8b768).
Apr 29, 2024 9:25:44 AM org.apache.flink.runtime.checkpoint.StandaloneCompletedCheckpointStore shutdown
INFO: Shutting down
Apr 29, 2024 9:25:44 AM org.apache.flink.runtime.jobmaster.JobMaster disconnectTaskManager
INFO: Disconnect TaskExecutor 0a259507-058f-4720-9af6-dc101ba0e204 because: Stopping JobMaster for job 'DataStream Collect' (e1b151205f82ced9668663f7a8c8b768).
Apr 29, 2024 9:25:44 AM org.apache.flink.runtime.jobmaster.slotpool.DefaultDeclarativeSlotPool releaseSlots
INFO: Releasing slot [7cfe3bed9edd64dd2f2aee9627232d9f].
Apr 29, 2024 9:25:44 AM org.apache.flink.runtime.jobmaster.JobMaster dissolveResourceManagerConnection
INFO: Close ResourceManager connection e1d897ca3279e00f5f8b5fc0e794e416: Stopping JobMaster for job 'DataStream Collect' (e1b151205f82ced9668663f7a8c8b768).
Apr 29, 2024 9:25:44 AM org.apache.flink.runtime.taskexecutor.DefaultJobLeaderService stop
INFO: Stop job leader service.
Apr 29, 2024 9:25:44 AM org.apache.flink.runtime.state.TaskExecutorLocalStateStoresManager shutdown
INFO: Shutting down TaskExecutorLocalStateStoresManager.
Apr 29, 2024 9:25:44 AM org.apache.flink.runtime.resourcemanager.ResourceManager closeJobManagerConnection
INFO: Disconnect job manager 9bb3448609820926b930f29ee29c4b7a@pekko://flink/user/rpc/jobmanager_35 for job e1b151205f82ced9668663f7a8c8b768 from the resource manager.
Apr 29, 2024 9:25:44 AM org.apache.flink.runtime.webmonitor.WebMonitorEndpoint lambda$shutDownInternal$7
INFO: Removing cache directory /var/folders/9y/mg706rlj3cx1fsv47rlmtqq40000gn/T/flink-web-ui
Apr 29, 2024 9:25:44 AM org.apache.flink.runtime.io.disk.FileChannelManagerImpl lambda$getFileCloser$0
INFO: FileChannelManager removed spill file directory /var/folders/9y/mg706rlj3cx1fsv47rlmtqq40000gn/T/flink-io-f945a11d-2b9a-4b80-9c16-3040f8baaaf0
Apr 29, 2024 9:25:44 AM org.apache.flink.runtime.io.network.NettyShuffleEnvironment close
INFO: Shutting down the network environment and its components.
Apr 29, 2024 9:25:44 AM org.apache.flink.runtime.webmonitor.WebMonitorEndpoint revokeLeadership
INFO: http://localhost:50053 lost leadership
Apr 29, 2024 9:25:44 AM org.apache.flink.runtime.rest.RestServerEndpoint lambda$closeAsync$1
INFO: Shut down complete.
Apr 29, 2024 9:25:44 AM org.apache.flink.runtime.resourcemanager.ResourceManager deregisterApplication
INFO: Shut down cluster because application is in CANCELED, diagnostics DispatcherResourceManagerComponent has been closed..
Apr 29, 2024 9:25:44 AM org.apache.flink.runtime.entrypoint.component.DispatcherResourceManagerComponent closeAsyncInternal
INFO: Closing components.
Apr 29, 2024 9:25:44 AM org.apache.flink.runtime.dispatcher.runner.AbstractDispatcherLeaderProcess closeInternal
INFO: Stopping SessionDispatcherLeaderProcess.
Apr 29, 2024 9:25:44 AM org.apache.flink.runtime.resourcemanager.ResourceManagerServiceImpl closeAsync
INFO: Stopping resource manager service.
Apr 29, 2024 9:25:44 AM org.apache.flink.runtime.resourcemanager.ResourceManagerServiceImpl lambda$revokeLeadership$3
INFO: Resource manager service is not running. Ignore revoking leadership.
Apr 29, 2024 9:25:44 AM org.apache.flink.runtime.dispatcher.Dispatcher onStop
INFO: Stopping dispatcher pekko://flink/user/rpc/dispatcher_33.
Apr 29, 2024 9:25:44 AM org.apache.flink.runtime.security.token.DefaultDelegationTokenManager stop
INFO: Stopping credential renewal
Apr 29, 2024 9:25:44 AM org.apache.flink.runtime.security.token.DefaultDelegationTokenManager stop
INFO: Stopped credential renewal
Apr 29, 2024 9:25:44 AM org.apache.flink.runtime.dispatcher.Dispatcher terminateRunningJobs
INFO: Stopping all currently running jobs of dispatcher pekko://flink/user/rpc/dispatcher_33.
Apr 29, 2024 9:25:44 AM org.apache.flink.runtime.resourcemanager.slotmanager.FineGrainedSlotManager close
INFO: Closing the slot manager.
Apr 29, 2024 9:25:44 AM org.apache.flink.runtime.resourcemanager.slotmanager.FineGrainedSlotManager suspend
INFO: Suspending the slot manager.
Apr 29, 2024 9:25:44 AM org.apache.flink.runtime.io.disk.FileChannelManagerImpl lambda$getFileCloser$0
INFO: FileChannelManager removed spill file directory /var/folders/9y/mg706rlj3cx1fsv47rlmtqq40000gn/T/flink-netty-shuffle-e3225ef5-0872-41b6-acb5-afdc187238bd
Apr 29, 2024 9:25:44 AM org.apache.flink.runtime.taskexecutor.KvStateService shutdown
INFO: Shutting down the kvState service and its components.
Apr 29, 2024 9:25:44 AM org.apache.flink.runtime.taskexecutor.DefaultJobLeaderService stop
INFO: Stop job leader service.
Apr 29, 2024 9:25:44 AM org.apache.flink.runtime.dispatcher.Dispatcher lambda$onStop$2
INFO: Stopped dispatcher pekko://flink/user/rpc/dispatcher_33.
Apr 29, 2024 9:25:44 AM org.apache.flink.runtime.filecache.FileCache shutdown
INFO: removed file cache directory /var/folders/9y/mg706rlj3cx1fsv47rlmtqq40000gn/T/flink-dist-cache-6384af57-9bea-4076-b58c-a0bc9f621d15
Apr 29, 2024 9:25:44 AM org.apache.flink.runtime.taskexecutor.TaskExecutor handleOnStopException
INFO: Stopped TaskExecutor pekko://flink/user/rpc/taskmanager_32.
Apr 29, 2024 9:25:44 AM org.apache.flink.runtime.rpc.pekko.PekkoRpcService closeAsync
INFO: Stopping Pekko RPC service.
Apr 29, 2024 9:25:44 AM org.apache.pekko.event.slf4j.Slf4jLogger$$anonfun$receive$1 $anonfun$applyOrElse$3
INFO: Running CoordinatedShutdown with reason [ActorSystemTerminateReason]
Apr 29, 2024 9:25:44 AM org.apache.flink.runtime.rpc.pekko.PekkoRpcService closeAsync
INFO: Stopping Pekko RPC service.
Apr 29, 2024 9:25:44 AM org.apache.flink.runtime.rpc.pekko.PekkoRpcService lambda$closeAsync$7
INFO: Stopped Pekko RPC service.
Apr 29, 2024 9:25:44 AM org.apache.pekko.event.slf4j.Slf4jLogger$$anonfun$receive$1 $anonfun$applyOrElse$3
INFO: Running CoordinatedShutdown with reason [ActorSystemTerminateReason]
Apr 29, 2024 9:25:44 AM org.apache.flink.runtime.blob.AbstractBlobCache close
INFO: Shutting down BLOB cache
Apr 29, 2024 9:25:44 AM org.apache.flink.runtime.blob.AbstractBlobCache close
INFO: Shutting down BLOB cache
Apr 29, 2024 9:25:44 AM org.apache.flink.runtime.blob.BlobServer close
INFO: Stopped BLOB server at 0.0.0.0:50052
Apr 29, 2024 9:25:44 AM org.apache.flink.runtime.rpc.pekko.PekkoRpcService lambda$closeAsync$7
INFO: Stopped Pekko RPC service.
Apr 29, 2024 9:25:44 AM org.apache.flink.streaming.api.operators.collect.CollectResultFetcher isJobTerminated
WARNING: Failed to get job status so we assume that the job has terminated. Some data might be lost.
java.lang.IllegalStateException: MiniCluster is not yet running or has already been shut down.
	at org.apache.flink.util.Preconditions.checkState(Preconditions.java:193)
	at org.apache.flink.runtime.minicluster.MiniCluster.getDispatcherGatewayFuture(MiniCluster.java:1069)
	at org.apache.flink.runtime.minicluster.MiniCluster.runDispatcherCommand(MiniCluster.java:942)
	at org.apache.flink.runtime.minicluster.MiniCluster.getJobStatus(MiniCluster.java:866)
	at org.apache.flink.runtime.minicluster.MiniClusterJobClient.getJobStatus(MiniClusterJobClient.java:91)
	at org.apache.flink.streaming.api.operators.collect.CollectResultFetcher.isJobTerminated(CollectResultFetcher.java:211)
	at org.apache.flink.streaming.api.operators.collect.CollectResultFetcher.next(CollectResultFetcher.java:118)
	at org.apache.flink.streaming.api.operators.collect.CollectResultIterator.nextResultFromFetcher(CollectResultIterator.java:106)
	at org.apache.flink.streaming.api.operators.collect.CollectResultIterator.hasNext(CollectResultIterator.java:80)
	at org.apache.flink.streaming.api.datastream.DataStream.executeAndCollect(DataStream.java:1365)
	at org.apache.flink.streaming.api.datastream.DataStream.executeAndCollect(DataStream.java:1348)
	at flink.test.testQuery7.generate300bids(testQuery7.java:187)
	at java.base/jdk.internal.reflect.NativeMethodAccessorImpl.invoke0(Native Method)
	at java.base/jdk.internal.reflect.NativeMethodAccessorImpl.invoke(NativeMethodAccessorImpl.java:62)
	at java.base/jdk.internal.reflect.DelegatingMethodAccessorImpl.invoke(DelegatingMethodAccessorImpl.java:43)
	at java.base/java.lang.reflect.Method.invoke(Method.java:566)
	at org.junit.runners.model.FrameworkMethod$1.runReflectiveCall(FrameworkMethod.java:59)
	at org.junit.internal.runners.model.ReflectiveCallable.run(ReflectiveCallable.java:12)
	at org.junit.runners.model.FrameworkMethod.invokeExplosively(FrameworkMethod.java:56)
	at org.junit.internal.runners.statements.InvokeMethod.evaluate(InvokeMethod.java:17)
	at org.junit.runners.ParentRunner$3.evaluate(ParentRunner.java:306)
	at org.junit.runners.BlockJUnit4ClassRunner$1.evaluate(BlockJUnit4ClassRunner.java:100)
	at org.junit.runners.ParentRunner.runLeaf(ParentRunner.java:366)
	at org.junit.runners.BlockJUnit4ClassRunner.runChild(BlockJUnit4ClassRunner.java:103)
	at org.junit.runners.BlockJUnit4ClassRunner.runChild(BlockJUnit4ClassRunner.java:63)
	at org.junit.runners.ParentRunner$4.run(ParentRunner.java:331)
	at org.junit.runners.ParentRunner$1.schedule(ParentRunner.java:79)
	at org.junit.runners.ParentRunner.runChildren(ParentRunner.java:329)
	at org.junit.runners.ParentRunner.access$100(ParentRunner.java:66)
	at org.junit.runners.ParentRunner$2.evaluate(ParentRunner.java:293)
	at org.junit.runners.ParentRunner$3.evaluate(ParentRunner.java:306)
	at org.junit.runners.ParentRunner.run(ParentRunner.java:413)
	at org.apache.maven.surefire.junit4.JUnit4Provider.execute(JUnit4Provider.java:364)
	at org.apache.maven.surefire.junit4.JUnit4Provider.executeWithRerun(JUnit4Provider.java:272)
	at org.apache.maven.surefire.junit4.JUnit4Provider.executeTestSet(JUnit4Provider.java:237)
	at org.apache.maven.surefire.junit4.JUnit4Provider.invoke(JUnit4Provider.java:158)
	at org.apache.maven.surefire.booter.ForkedBooter.runSuitesInProcess(ForkedBooter.java:428)
	at org.apache.maven.surefire.booter.ForkedBooter.execute(ForkedBooter.java:162)
	at org.apache.maven.surefire.booter.ForkedBooter.run(ForkedBooter.java:562)
	at org.apache.maven.surefire.booter.ForkedBooter.main(ForkedBooter.java:548)

Apr 29, 2024 9:25:44 AM org.apache.flink.streaming.api.operators.collect.CollectResultFetcher isJobTerminated
WARNING: Failed to get job status so we assume that the job has terminated. Some data might be lost.
java.lang.IllegalStateException: MiniCluster is not yet running or has already been shut down.
	at org.apache.flink.util.Preconditions.checkState(Preconditions.java:193)
	at org.apache.flink.runtime.minicluster.MiniCluster.getDispatcherGatewayFuture(MiniCluster.java:1069)
	at org.apache.flink.runtime.minicluster.MiniCluster.runDispatcherCommand(MiniCluster.java:942)
	at org.apache.flink.runtime.minicluster.MiniCluster.getJobStatus(MiniCluster.java:866)
	at org.apache.flink.runtime.minicluster.MiniClusterJobClient.getJobStatus(MiniClusterJobClient.java:91)
	at org.apache.flink.streaming.api.operators.collect.CollectResultFetcher.isJobTerminated(CollectResultFetcher.java:211)
	at org.apache.flink.streaming.api.operators.collect.CollectResultFetcher.cancelJob(CollectResultFetcher.java:233)
	at org.apache.flink.streaming.api.operators.collect.CollectResultFetcher.close(CollectResultFetcher.java:158)
	at org.apache.flink.streaming.api.operators.collect.CollectResultIterator.close(CollectResultIterator.java:97)
	at org.apache.flink.streaming.api.operators.collect.ClientAndIterator.close(ClientAndIterator.java:45)
	at org.apache.flink.streaming.api.datastream.DataStream.executeAndCollect(DataStream.java:1371)
	at org.apache.flink.streaming.api.datastream.DataStream.executeAndCollect(DataStream.java:1348)
	at flink.test.testQuery7.generate300bids(testQuery7.java:187)
	at java.base/jdk.internal.reflect.NativeMethodAccessorImpl.invoke0(Native Method)
	at java.base/jdk.internal.reflect.NativeMethodAccessorImpl.invoke(NativeMethodAccessorImpl.java:62)
	at java.base/jdk.internal.reflect.DelegatingMethodAccessorImpl.invoke(DelegatingMethodAccessorImpl.java:43)
	at java.base/java.lang.reflect.Method.invoke(Method.java:566)
	at org.junit.runners.model.FrameworkMethod$1.runReflectiveCall(FrameworkMethod.java:59)
	at org.junit.internal.runners.model.ReflectiveCallable.run(ReflectiveCallable.java:12)
	at org.junit.runners.model.FrameworkMethod.invokeExplosively(FrameworkMethod.java:56)
	at org.junit.internal.runners.statements.InvokeMethod.evaluate(InvokeMethod.java:17)
	at org.junit.runners.ParentRunner$3.evaluate(ParentRunner.java:306)
	at org.junit.runners.BlockJUnit4ClassRunner$1.evaluate(BlockJUnit4ClassRunner.java:100)
	at org.junit.runners.ParentRunner.runLeaf(ParentRunner.java:366)
	at org.junit.runners.BlockJUnit4ClassRunner.runChild(BlockJUnit4ClassRunner.java:103)
	at org.junit.runners.BlockJUnit4ClassRunner.runChild(BlockJUnit4ClassRunner.java:63)
	at org.junit.runners.ParentRunner$4.run(ParentRunner.java:331)
	at org.junit.runners.ParentRunner$1.schedule(ParentRunner.java:79)
	at org.junit.runners.ParentRunner.runChildren(ParentRunner.java:329)
	at org.junit.runners.ParentRunner.access$100(ParentRunner.java:66)
	at org.junit.runners.ParentRunner$2.evaluate(ParentRunner.java:293)
	at org.junit.runners.ParentRunner$3.evaluate(ParentRunner.java:306)
	at org.junit.runners.ParentRunner.run(ParentRunner.java:413)
	at org.apache.maven.surefire.junit4.JUnit4Provider.execute(JUnit4Provider.java:364)
	at org.apache.maven.surefire.junit4.JUnit4Provider.executeWithRerun(JUnit4Provider.java:272)
	at org.apache.maven.surefire.junit4.JUnit4Provider.executeTestSet(JUnit4Provider.java:237)
	at org.apache.maven.surefire.junit4.JUnit4Provider.invoke(JUnit4Provider.java:158)
	at org.apache.maven.surefire.booter.ForkedBooter.runSuitesInProcess(ForkedBooter.java:428)
	at org.apache.maven.surefire.booter.ForkedBooter.execute(ForkedBooter.java:162)
	at org.apache.maven.surefire.booter.ForkedBooter.run(ForkedBooter.java:562)
	at org.apache.maven.surefire.booter.ForkedBooter.main(ForkedBooter.java:548)

]]></system-err>
  </testcase>
  <testcase name="testHighestBidCalculation" classname="flink.test.testQuery7" time="1.982">
    <system-out><![CDATA[(1,60,6)
(2,40,4)
]]></system-out>
    <system-err><![CDATA[Apr 29, 2024 9:25:44 AM org.apache.flink.api.java.typeutils.TypeExtractor analyzePojo
INFO: The default constructor of class org.apache.beam.sdk.nexmark.model.Bid is not Public so it cannot be used as a POJO type and must be processed as GenericType. Please read the Flink documentation on "Data Types & Serialization" for details of the effect on performance and schema evolution.
Apr 29, 2024 9:25:44 AM org.apache.flink.api.java.typeutils.runtime.kryo.KryoSerializer getKryoInstance
INFO: Kryo serializer scala extensions are not available.
Apr 29, 2024 9:25:44 AM org.apache.flink.runtime.taskexecutor.TaskExecutorResourceUtils setConfigOptionToDefaultIfNotSet
INFO: The configuration option taskmanager.cpu.cores required for local execution is not set, setting it to the maximal possible value.
Apr 29, 2024 9:25:44 AM org.apache.flink.runtime.taskexecutor.TaskExecutorResourceUtils setConfigOptionToDefaultIfNotSet
INFO: The configuration option taskmanager.memory.task.heap.size required for local execution is not set, setting it to the maximal possible value.
Apr 29, 2024 9:25:44 AM org.apache.flink.runtime.taskexecutor.TaskExecutorResourceUtils setConfigOptionToDefaultIfNotSet
INFO: The configuration option taskmanager.memory.task.off-heap.size required for local execution is not set, setting it to the maximal possible value.
Apr 29, 2024 9:25:44 AM org.apache.flink.runtime.taskexecutor.TaskExecutorResourceUtils setConfigOptionToDefaultIfNotSet
INFO: The configuration option taskmanager.memory.network.min required for local execution is not set, setting it to its default value 64 mb.
Apr 29, 2024 9:25:44 AM org.apache.flink.runtime.taskexecutor.TaskExecutorResourceUtils setConfigOptionToDefaultIfNotSet
INFO: The configuration option taskmanager.memory.network.max required for local execution is not set, setting it to its default value 64 mb.
Apr 29, 2024 9:25:44 AM org.apache.flink.runtime.taskexecutor.TaskExecutorResourceUtils setConfigOptionToDefaultIfNotSet
INFO: The configuration option taskmanager.memory.managed.size required for local execution is not set, setting it to its default value 128 mb.
Apr 29, 2024 9:25:44 AM org.apache.flink.runtime.minicluster.MiniCluster start
INFO: Starting Flink Mini Cluster
Apr 29, 2024 9:25:44 AM org.apache.flink.runtime.minicluster.MiniCluster start
INFO: Starting Metrics Registry
Apr 29, 2024 9:25:44 AM org.apache.flink.runtime.metrics.MetricRegistryImpl <init>
INFO: No metrics reporter configured, no metrics will be exposed/reported.
Apr 29, 2024 9:25:44 AM org.apache.flink.runtime.minicluster.MiniCluster start
INFO: Starting RPC Service(s)
Apr 29, 2024 9:25:44 AM org.apache.flink.runtime.rpc.pekko.ActorSystemBootstrapTools startLocalActorSystem
INFO: Trying to start local actor system
Apr 29, 2024 9:25:45 AM org.apache.pekko.event.slf4j.Slf4jLogger$$anonfun$receive$1 applyOrElse
INFO: Slf4jLogger started
Apr 29, 2024 9:25:45 AM org.apache.flink.runtime.rpc.pekko.ActorSystemBootstrapTools startActorSystem
INFO: Actor system started at pekko://flink
Apr 29, 2024 9:25:45 AM org.apache.flink.runtime.rpc.pekko.ActorSystemBootstrapTools startLocalActorSystem
INFO: Trying to start local actor system
Apr 29, 2024 9:25:45 AM org.apache.pekko.event.slf4j.Slf4jLogger$$anonfun$receive$1 applyOrElse
INFO: Slf4jLogger started
Apr 29, 2024 9:25:45 AM org.apache.flink.runtime.rpc.pekko.ActorSystemBootstrapTools startActorSystem
INFO: Actor system started at pekko://flink-metrics
Apr 29, 2024 9:25:45 AM org.apache.flink.runtime.rpc.pekko.PekkoRpcService startServer
INFO: Starting RPC endpoint for org.apache.flink.runtime.metrics.dump.MetricQueryService at pekko://flink-metrics/user/rpc/MetricQueryService .
Apr 29, 2024 9:25:45 AM org.apache.flink.runtime.security.token.DefaultDelegationTokenManager loadProviders
INFO: Loading delegation token providers
Apr 29, 2024 9:25:45 AM org.apache.flink.runtime.util.HadoopUtils getHadoopConfiguration
WARNING: Could not find Hadoop configuration via any of the supported methods (Flink configuration, environment variables).
Apr 29, 2024 9:25:45 AM org.apache.flink.runtime.security.token.DefaultDelegationTokenManager lambda$loadProviders$0
INFO: Delegation token provider hadoopfs loaded and initialized
Apr 29, 2024 9:25:45 AM org.apache.flink.runtime.util.HadoopUtils getHadoopConfiguration
WARNING: Could not find Hadoop configuration via any of the supported methods (Flink configuration, environment variables).
Apr 29, 2024 9:25:45 AM org.apache.flink.runtime.security.token.DefaultDelegationTokenManager lambda$loadProviders$0
INFO: Delegation token provider hbase loaded and initialized
Apr 29, 2024 9:25:45 AM org.apache.flink.runtime.security.token.DefaultDelegationTokenManager loadProviders
INFO: Delegation token providers loaded successfully
Apr 29, 2024 9:25:45 AM org.apache.flink.runtime.security.token.DelegationTokenReceiverRepository loadReceivers
INFO: Loading delegation token receivers
Apr 29, 2024 9:25:45 AM org.apache.flink.runtime.security.token.DelegationTokenReceiverRepository lambda$loadReceivers$0
INFO: Delegation token receiver hadoopfs loaded and initialized
Apr 29, 2024 9:25:45 AM org.apache.flink.runtime.security.token.DelegationTokenReceiverRepository lambda$loadReceivers$0
INFO: Delegation token receiver hbase loaded and initialized
Apr 29, 2024 9:25:45 AM org.apache.flink.runtime.security.token.DelegationTokenReceiverRepository loadReceivers
INFO: Delegation token receivers loaded successfully
Apr 29, 2024 9:25:45 AM org.apache.flink.runtime.security.token.DefaultDelegationTokenManager checkProviderAndReceiverConsistency
INFO: Checking provider and receiver instances consistency
Apr 29, 2024 9:25:45 AM org.apache.flink.runtime.security.token.DefaultDelegationTokenManager checkProviderAndReceiverConsistency
INFO: Provider and receiver instances are consistent
Apr 29, 2024 9:25:45 AM org.apache.flink.runtime.security.token.DefaultDelegationTokenManager obtainDelegationTokens
INFO: Obtaining delegation tokens
Apr 29, 2024 9:25:45 AM org.apache.flink.runtime.security.token.DefaultDelegationTokenManager obtainDelegationTokens
INFO: Delegation tokens obtained successfully
Apr 29, 2024 9:25:45 AM org.apache.flink.runtime.security.token.DefaultDelegationTokenManager obtainDelegationTokens
WARNING: No tokens obtained so skipping notifications
Apr 29, 2024 9:25:45 AM org.apache.flink.runtime.security.token.DelegationTokenReceiverRepository loadReceivers
INFO: Loading delegation token receivers
Apr 29, 2024 9:25:45 AM org.apache.flink.runtime.security.token.DelegationTokenReceiverRepository lambda$loadReceivers$0
INFO: Delegation token receiver hadoopfs loaded and initialized
Apr 29, 2024 9:25:45 AM org.apache.flink.runtime.security.token.DelegationTokenReceiverRepository lambda$loadReceivers$0
INFO: Delegation token receiver hbase loaded and initialized
Apr 29, 2024 9:25:45 AM org.apache.flink.runtime.security.token.DelegationTokenReceiverRepository loadReceivers
INFO: Delegation token receivers loaded successfully
Apr 29, 2024 9:25:45 AM org.apache.flink.runtime.blob.BlobServer <init>
INFO: Created BLOB server storage directory /var/folders/9y/mg706rlj3cx1fsv47rlmtqq40000gn/T/minicluster_379670a23228783b2f36901bfdc5ee74/blobStorage
Apr 29, 2024 9:25:45 AM org.apache.flink.runtime.blob.BlobServer <init>
INFO: Started BLOB server at 0.0.0.0:50057 - max concurrent requests: 50 - max backlog: 1000
Apr 29, 2024 9:25:45 AM org.apache.flink.runtime.blob.AbstractBlobCache <init>
INFO: Created BLOB cache storage directory /var/folders/9y/mg706rlj3cx1fsv47rlmtqq40000gn/T/minicluster_379670a23228783b2f36901bfdc5ee74/blobStorage
Apr 29, 2024 9:25:45 AM org.apache.flink.runtime.blob.AbstractBlobCache <init>
INFO: Created BLOB cache storage directory /var/folders/9y/mg706rlj3cx1fsv47rlmtqq40000gn/T/minicluster_379670a23228783b2f36901bfdc5ee74/blobStorage
Apr 29, 2024 9:25:45 AM org.apache.flink.runtime.minicluster.MiniCluster startTaskManagers
INFO: Starting 1 TaskManager(s)
Apr 29, 2024 9:25:45 AM org.apache.flink.runtime.taskexecutor.TaskManagerRunner startTaskManager
INFO: Starting TaskManager with ResourceID: e73068ec-1fb2-45cd-b069-9df1ad8c5ea6
Apr 29, 2024 9:25:45 AM org.apache.flink.runtime.taskexecutor.TaskManagerServices checkTempDirs
INFO: Temporary file directory '/var/folders/9y/mg706rlj3cx1fsv47rlmtqq40000gn/T': total 460 GB, usable 240 GB (52.17% usable)
Apr 29, 2024 9:25:45 AM org.apache.flink.runtime.io.disk.iomanager.IOManager <init>
INFO: Created a new FileChannelManager for spilling of task related data to disk (joins, sorting, ...). Used directories:
	/var/folders/9y/mg706rlj3cx1fsv47rlmtqq40000gn/T/flink-io-3fb2e5d8-5951-43df-950a-bc149fe79f63
Apr 29, 2024 9:25:45 AM org.apache.flink.runtime.io.network.NettyShuffleServiceFactory createNettyShuffleEnvironment
INFO: Created a new FileChannelManager for storing result partitions of BLOCKING shuffles. Used directories:
	/var/folders/9y/mg706rlj3cx1fsv47rlmtqq40000gn/T/flink-netty-shuffle-9de7f162-aa07-430b-aa19-f961d8b83052
Apr 29, 2024 9:25:45 AM org.apache.flink.runtime.io.network.buffer.NetworkBufferPool <init>
INFO: Allocated 64 MB for network buffer pool (number of memory segments: 2048, bytes per segment: 32768).
Apr 29, 2024 9:25:45 AM org.apache.flink.runtime.io.network.NettyShuffleEnvironment start
INFO: Starting the network environment and its components.
Apr 29, 2024 9:25:45 AM org.apache.flink.runtime.taskexecutor.KvStateService start
INFO: Starting the kvState service and its components.
Apr 29, 2024 9:25:45 AM org.apache.flink.configuration.Configuration loggingFallback
INFO: Config uses fallback configuration key 'pekko.ask.timeout' instead of key 'taskmanager.slot.timeout'
Apr 29, 2024 9:25:45 AM org.apache.flink.runtime.rpc.pekko.PekkoRpcService startServer
INFO: Starting RPC endpoint for org.apache.flink.runtime.taskexecutor.TaskExecutor at pekko://flink/user/rpc/taskmanager_36 .
Apr 29, 2024 9:25:45 AM org.apache.flink.runtime.taskexecutor.DefaultJobLeaderService start
INFO: Start job leader service.
Apr 29, 2024 9:25:45 AM org.apache.flink.runtime.filecache.FileCache <init>
INFO: User file cache uses directory /var/folders/9y/mg706rlj3cx1fsv47rlmtqq40000gn/T/flink-dist-cache-ef96ad7b-7fa5-413b-8d37-f3c584fe93bc
Apr 29, 2024 9:25:45 AM org.apache.flink.runtime.rest.RestServerEndpoint start
INFO: Starting rest endpoint.
Apr 29, 2024 9:25:45 AM org.apache.flink.runtime.webmonitor.WebMonitorUtils$LogFileLocation find
WARNING: Log file environment variable 'log.file' is not set.
Apr 29, 2024 9:25:45 AM org.apache.flink.runtime.webmonitor.WebMonitorUtils$LogFileLocation find
WARNING: JobManager log files are unavailable in the web dashboard. Log file location not found in environment variable 'log.file' or configuration key 'web.log.path'.
Apr 29, 2024 9:25:45 AM org.apache.flink.runtime.rest.RestServerEndpoint start
INFO: Rest endpoint listening at localhost:50058
Apr 29, 2024 9:25:45 AM org.apache.flink.runtime.highavailability.nonha.embedded.EmbeddedLeaderService updateLeader
INFO: Proposing leadership to the contender that is registered under component ID 'rest_server'.
Apr 29, 2024 9:25:45 AM org.apache.flink.runtime.webmonitor.WebMonitorEndpoint startInternal
INFO: Web frontend listening at http://localhost:50058.
Apr 29, 2024 9:25:45 AM org.apache.flink.runtime.webmonitor.WebMonitorEndpoint grantLeadership
INFO: http://localhost:50058 was granted leadership with leaderSessionID=410451e7-6012-49fb-b057-8a07a9ba1165
Apr 29, 2024 9:25:45 AM org.apache.flink.runtime.highavailability.nonha.embedded.EmbeddedLeaderService confirmLeader
INFO: Received confirmation of leadership for leader http://localhost:50058 , session=410451e7-6012-49fb-b057-8a07a9ba1165
Apr 29, 2024 9:25:45 AM org.apache.flink.runtime.highavailability.nonha.embedded.EmbeddedLeaderService updateLeader
INFO: Proposing leadership to the contender that is registered under component ID 'dispatcher'.
Apr 29, 2024 9:25:45 AM org.apache.flink.runtime.resourcemanager.ResourceManagerServiceImpl start
INFO: Starting resource manager service.
Apr 29, 2024 9:25:45 AM org.apache.flink.runtime.dispatcher.runner.DefaultDispatcherRunner lambda$grantLeadership$0
INFO: DefaultDispatcherRunner was granted leadership with leader id a485a7e9-4408-4a08-8ad9-1c829d8449c8. Creating new DispatcherLeaderProcess.
Apr 29, 2024 9:25:45 AM org.apache.flink.runtime.highavailability.nonha.embedded.EmbeddedLeaderService updateLeader
INFO: Proposing leadership to the contender that is registered under component ID 'resource_manager'.
Apr 29, 2024 9:25:45 AM org.apache.flink.runtime.dispatcher.runner.AbstractDispatcherLeaderProcess startInternal
INFO: Start SessionDispatcherLeaderProcess.
Apr 29, 2024 9:25:45 AM org.apache.flink.runtime.minicluster.MiniCluster start
INFO: Flink Mini Cluster started successfully
Apr 29, 2024 9:25:45 AM org.apache.flink.runtime.resourcemanager.ResourceManagerServiceImpl lambda$grantLeadership$2
INFO: Resource manager service is granted leadership with session id ed5ed91f-d0b5-4c94-b7c2-6458338c880d.
Apr 29, 2024 9:25:45 AM org.apache.flink.runtime.dispatcher.runner.SessionDispatcherLeaderProcess recoverJobs
INFO: Recover all persisted job graphs that are not finished, yet.
Apr 29, 2024 9:25:45 AM org.apache.flink.runtime.dispatcher.runner.SessionDispatcherLeaderProcess recoverJobs
INFO: Successfully recovered 0 persisted job graphs.
Apr 29, 2024 9:25:45 AM org.apache.flink.runtime.rpc.pekko.PekkoRpcService startServer
INFO: Starting RPC endpoint for org.apache.flink.runtime.resourcemanager.StandaloneResourceManager at pekko://flink/user/rpc/resourcemanager_37 .
Apr 29, 2024 9:25:45 AM org.apache.flink.runtime.rpc.pekko.PekkoRpcService startServer
INFO: Starting RPC endpoint for org.apache.flink.runtime.dispatcher.StandaloneDispatcher at pekko://flink/user/rpc/dispatcher_38 .
Apr 29, 2024 9:25:45 AM org.apache.flink.runtime.resourcemanager.ResourceManager onStart
INFO: Starting the resource manager.
Apr 29, 2024 9:25:45 AM org.apache.flink.runtime.resourcemanager.slotmanager.FineGrainedSlotManager start
INFO: Starting the slot manager.
Apr 29, 2024 9:25:45 AM org.apache.flink.runtime.security.token.DefaultDelegationTokenManager startTokensUpdate
INFO: Starting tokens update task
Apr 29, 2024 9:25:45 AM org.apache.flink.runtime.security.token.DefaultDelegationTokenManager startTokensUpdate
WARNING: No tokens obtained so skipping notifications
Apr 29, 2024 9:25:45 AM org.apache.flink.runtime.highavailability.nonha.embedded.EmbeddedLeaderService confirmLeader
INFO: Received confirmation of leadership for leader pekko://flink/user/rpc/dispatcher_38 , session=a485a7e9-4408-4a08-8ad9-1c829d8449c8
Apr 29, 2024 9:25:45 AM org.apache.flink.runtime.security.token.DefaultDelegationTokenManager startTokensUpdate
WARNING: Tokens update task not started because either no tokens obtained or none of the tokens specified its renewal date
Apr 29, 2024 9:25:45 AM org.apache.flink.runtime.highavailability.nonha.embedded.EmbeddedLeaderService confirmLeader
INFO: Received confirmation of leadership for leader pekko://flink/user/rpc/resourcemanager_37 , session=ed5ed91f-d0b5-4c94-b7c2-6458338c880d
Apr 29, 2024 9:25:45 AM org.apache.flink.runtime.taskexecutor.TaskExecutor connectToResourceManager
INFO: Connecting to ResourceManager pekko://flink/user/rpc/resourcemanager_37(b7c26458338c880ded5ed91fd0b54c94).
Apr 29, 2024 9:25:45 AM org.apache.flink.runtime.registration.RetryingRegistration lambda$startRegistration$0
INFO: Resolved ResourceManager address, beginning registration
Apr 29, 2024 9:25:45 AM org.apache.flink.runtime.resourcemanager.ResourceManager registerTaskExecutorInternal
INFO: Registering TaskManager with ResourceID e73068ec-1fb2-45cd-b069-9df1ad8c5ea6 (pekko://flink/user/rpc/taskmanager_36) at ResourceManager
Apr 29, 2024 9:25:45 AM org.apache.flink.runtime.taskexecutor.TaskExecutorToResourceManagerConnection onRegistrationSuccess
INFO: Successful registration at resource manager pekko://flink/user/rpc/resourcemanager_37 under registration id 41a5c186d93ec9748c078199dcdea475.
Apr 29, 2024 9:25:45 AM org.apache.flink.runtime.dispatcher.Dispatcher submitJob
INFO: Received JobGraph submission 'Flink Streaming Job' (a6d41ab07c948d45c4f84fc2b2e697e3).
Apr 29, 2024 9:25:45 AM org.apache.flink.runtime.dispatcher.Dispatcher internalSubmitJob
INFO: Submitting job 'Flink Streaming Job' (a6d41ab07c948d45c4f84fc2b2e697e3).
Apr 29, 2024 9:25:45 AM org.apache.flink.runtime.resourcemanager.slotmanager.FineGrainedSlotManager registerTaskManager
INFO: Registering task executor e73068ec-1fb2-45cd-b069-9df1ad8c5ea6 under 41a5c186d93ec9748c078199dcdea475 at the slot manager.
Apr 29, 2024 9:25:45 AM org.apache.flink.runtime.highavailability.nonha.embedded.EmbeddedLeaderService updateLeader
INFO: Proposing leadership to the contender that is registered under component ID 'job-a6d41ab07c948d45c4f84fc2b2e697e3'.
Apr 29, 2024 9:25:45 AM org.apache.flink.runtime.jobmaster.JobMasterServiceLeadershipRunner createNewJobMasterServiceProcess
INFO: JobMasterServiceLeadershipRunner for job a6d41ab07c948d45c4f84fc2b2e697e3 was granted leadership with leader id f3025c64-9483-4081-ac3b-53ffa86cbdbb. Creating new JobMasterServiceProcess.
Apr 29, 2024 9:25:45 AM org.apache.flink.runtime.rpc.pekko.PekkoRpcService startServer
INFO: Starting RPC endpoint for org.apache.flink.runtime.jobmaster.JobMaster at pekko://flink/user/rpc/jobmanager_39 .
Apr 29, 2024 9:25:45 AM org.apache.flink.runtime.jobmaster.JobMaster <init>
INFO: Initializing job 'Flink Streaming Job' (a6d41ab07c948d45c4f84fc2b2e697e3).
Apr 29, 2024 9:25:45 AM org.apache.flink.runtime.scheduler.DefaultSchedulerFactory createInstance
INFO: Using restart back off time strategy FixedDelayRestartBackoffTimeStrategy(maxNumberRestartAttempts=2147483647, backoffTimeMS=1000) for Flink Streaming Job (a6d41ab07c948d45c4f84fc2b2e697e3).
Apr 29, 2024 9:25:45 AM org.apache.flink.runtime.executiongraph.DefaultExecutionGraph <init>
INFO: Created execution graph 2f798a1631dec9c2d9a5091966a84c2c for job a6d41ab07c948d45c4f84fc2b2e697e3.
Apr 29, 2024 9:25:45 AM org.apache.flink.runtime.executiongraph.DefaultExecutionGraphBuilder buildGraph
INFO: Running initialization on master for job Flink Streaming Job (a6d41ab07c948d45c4f84fc2b2e697e3).
Apr 29, 2024 9:25:45 AM org.apache.flink.runtime.executiongraph.DefaultExecutionGraphBuilder buildGraph
INFO: Successfully ran initialization on master in 0 ms.
Apr 29, 2024 9:25:45 AM org.apache.flink.runtime.scheduler.adapter.DefaultExecutionTopology generateNewPipelinedRegions
INFO: Built 1 new pipelined regions in 0 ms, total 1 pipelined regions currently.
Apr 29, 2024 9:25:45 AM org.apache.flink.runtime.state.StateBackendLoader loadFromApplicationOrConfigOrDefaultInternal
INFO: No state backend has been configured, using default (HashMap) org.apache.flink.runtime.state.hashmap.HashMapStateBackend@4c593b24
Apr 29, 2024 9:25:45 AM org.apache.flink.runtime.state.StateBackendLoader fromApplicationOrConfigOrDefault
INFO: State backend loader loads the state backend as HashMapStateBackend
Apr 29, 2024 9:25:45 AM org.apache.flink.runtime.state.CheckpointStorageLoader createJobManagerCheckpointStorage
INFO: Checkpoint storage is set to 'jobmanager'
Apr 29, 2024 9:25:45 AM org.apache.flink.runtime.checkpoint.CheckpointCoordinator restoreLatestCheckpointedStateInternal
INFO: No checkpoint found during restore.
Apr 29, 2024 9:25:45 AM org.apache.flink.runtime.scheduler.DefaultScheduler <init>
INFO: Using failover strategy org.apache.flink.runtime.executiongraph.failover.flip1.RestartPipelinedRegionFailoverStrategy@3cc25e6a for Flink Streaming Job (a6d41ab07c948d45c4f84fc2b2e697e3).
Apr 29, 2024 9:25:45 AM org.apache.flink.runtime.highavailability.nonha.embedded.EmbeddedLeaderService confirmLeader
INFO: Received confirmation of leadership for leader pekko://flink/user/rpc/jobmanager_39 , session=f3025c64-9483-4081-ac3b-53ffa86cbdbb
Apr 29, 2024 9:25:45 AM org.apache.flink.runtime.jobmaster.JobMaster startJobExecution
INFO: Starting execution of job 'Flink Streaming Job' (a6d41ab07c948d45c4f84fc2b2e697e3) under job master id ac3b53ffa86cbdbbf3025c6494834081.
Apr 29, 2024 9:25:45 AM org.apache.flink.runtime.scheduler.DefaultScheduler startSchedulingInternal
INFO: Starting scheduling with scheduling strategy [org.apache.flink.runtime.scheduler.strategy.PipelinedRegionSchedulingStrategy]
Apr 29, 2024 9:25:45 AM org.apache.flink.runtime.executiongraph.DefaultExecutionGraph transitionState
INFO: Job Flink Streaming Job (a6d41ab07c948d45c4f84fc2b2e697e3) switched from state CREATED to RUNNING.
Apr 29, 2024 9:25:45 AM org.apache.flink.runtime.executiongraph.Execution transitionState
INFO: Source: Collection Source -> Timestamps/Watermarks (1/1) (2f798a1631dec9c2d9a5091966a84c2c_cbc357ccb763df2852fee8c4fc7d55f2_0_0) switched from CREATED to SCHEDULED.
Apr 29, 2024 9:25:45 AM org.apache.flink.runtime.executiongraph.Execution transitionState
INFO: TumblingEventTimeWindows (1/1) (2f798a1631dec9c2d9a5091966a84c2c_9dd63673dd41ea021b896d5203f3ba7c_0_0) switched from CREATED to SCHEDULED.
Apr 29, 2024 9:25:45 AM org.apache.flink.runtime.jobmaster.JobMaster connectToResourceManager
INFO: Connecting to ResourceManager pekko://flink/user/rpc/resourcemanager_37(b7c26458338c880ded5ed91fd0b54c94)
Apr 29, 2024 9:25:45 AM org.apache.flink.runtime.registration.RetryingRegistration lambda$startRegistration$0
INFO: Resolved ResourceManager address, beginning registration
Apr 29, 2024 9:25:45 AM org.apache.flink.runtime.resourcemanager.ResourceManager registerJobMaster
INFO: Registering job manager ac3b53ffa86cbdbbf3025c6494834081@pekko://flink/user/rpc/jobmanager_39 for job a6d41ab07c948d45c4f84fc2b2e697e3.
Apr 29, 2024 9:25:45 AM org.apache.flink.runtime.resourcemanager.ResourceManager registerJobMasterInternal
INFO: Registered job manager ac3b53ffa86cbdbbf3025c6494834081@pekko://flink/user/rpc/jobmanager_39 for job a6d41ab07c948d45c4f84fc2b2e697e3.
Apr 29, 2024 9:25:45 AM org.apache.flink.runtime.jobmaster.JobMaster establishResourceManagerConnection
INFO: JobManager successfully registered at ResourceManager, leader id: b7c26458338c880ded5ed91fd0b54c94.
Apr 29, 2024 9:25:45 AM org.apache.flink.runtime.resourcemanager.slotmanager.FineGrainedSlotManager processResourceRequirements
INFO: Received resource requirements from job a6d41ab07c948d45c4f84fc2b2e697e3: [ResourceRequirement{resourceProfile=ResourceProfile{UNKNOWN}, numberOfRequiredSlots=1}]
Apr 29, 2024 9:25:45 AM org.apache.flink.runtime.checkpoint.CheckpointFailureManager handleCheckpointException
INFO: Failed to trigger checkpoint for job a6d41ab07c948d45c4f84fc2b2e697e3 since Checkpoint triggering task Source: Collection Source -> Timestamps/Watermarks (1/1) of job a6d41ab07c948d45c4f84fc2b2e697e3 is not being executed at the moment. Aborting checkpoint. Failure reason: Not all required tasks are currently running..
Apr 29, 2024 9:25:45 AM org.apache.flink.runtime.resourcemanager.slotmanager.FineGrainedSlotManager logMissingAndAvailableResource
INFO: Matching resource requirements against available resources.
Missing resources:
	 Job a6d41ab07c948d45c4f84fc2b2e697e3
		ResourceRequirement{resourceProfile=ResourceProfile{UNKNOWN}, numberOfRequiredSlots=1}
Current resources:
	TaskManager e73068ec-1fb2-45cd-b069-9df1ad8c5ea6
		Available: ResourceProfile{taskHeapMemory=1024.000gb (1099511627776 bytes), taskOffHeapMemory=1024.000gb (1099511627776 bytes), managedMemory=128.000mb (134217728 bytes), networkMemory=64.000mb (67108864 bytes)}
		Total:     ResourceProfile{taskHeapMemory=1024.000gb (1099511627776 bytes), taskOffHeapMemory=1024.000gb (1099511627776 bytes), managedMemory=128.000mb (134217728 bytes), networkMemory=64.000mb (67108864 bytes)}
Apr 29, 2024 9:25:45 AM org.apache.flink.runtime.resourcemanager.slotmanager.DefaultSlotStatusSyncer allocateSlot
INFO: Starting allocation of slot 07dec950078d86932e8a369b50d5134e from e73068ec-1fb2-45cd-b069-9df1ad8c5ea6 for job a6d41ab07c948d45c4f84fc2b2e697e3 with resource profile ResourceProfile{taskHeapMemory=1024.000gb (1099511627776 bytes), taskOffHeapMemory=1024.000gb (1099511627776 bytes), managedMemory=128.000mb (134217728 bytes), networkMemory=64.000mb (67108864 bytes)}.
Apr 29, 2024 9:25:45 AM org.apache.flink.runtime.taskexecutor.TaskExecutor requestSlot
INFO: Receive slot request 07dec950078d86932e8a369b50d5134e for job a6d41ab07c948d45c4f84fc2b2e697e3 from resource manager with leader id b7c26458338c880ded5ed91fd0b54c94.
Apr 29, 2024 9:25:45 AM org.apache.flink.runtime.taskexecutor.slot.TaskSlotTableImpl allocateSlot
INFO: Allocated slot for 07dec950078d86932e8a369b50d5134e with resources ResourceProfile{taskHeapMemory=1024.000gb (1099511627776 bytes), taskOffHeapMemory=1024.000gb (1099511627776 bytes), managedMemory=128.000mb (134217728 bytes), networkMemory=64.000mb (67108864 bytes)}.
Apr 29, 2024 9:25:45 AM org.apache.flink.runtime.taskexecutor.DefaultJobLeaderService addJob
INFO: Add job a6d41ab07c948d45c4f84fc2b2e697e3 for job leader monitoring.
Apr 29, 2024 9:25:45 AM org.apache.flink.runtime.taskexecutor.DefaultJobLeaderService$JobManagerLeaderListener openRpcConnectionTo
INFO: Try to register at job manager pekko://flink/user/rpc/jobmanager_39 with leader id f3025c64-9483-4081-ac3b-53ffa86cbdbb.
Apr 29, 2024 9:25:45 AM org.apache.flink.runtime.registration.RetryingRegistration lambda$startRegistration$0
INFO: Resolved JobManager address, beginning registration
Apr 29, 2024 9:25:45 AM org.apache.flink.runtime.taskexecutor.DefaultJobLeaderService$JobManagerLeaderListener$JobManagerRegisteredRpcConnection lambda$onRegistrationSuccess$0
INFO: Successful registration at job manager pekko://flink/user/rpc/jobmanager_39 for job a6d41ab07c948d45c4f84fc2b2e697e3.
Apr 29, 2024 9:25:45 AM org.apache.flink.runtime.taskexecutor.TaskExecutor establishJobManagerConnection
INFO: Establish JobManager connection for job a6d41ab07c948d45c4f84fc2b2e697e3.
Apr 29, 2024 9:25:45 AM org.apache.flink.runtime.taskexecutor.TaskExecutor internalOfferSlotsToJobManager
INFO: Offer reserved slots to the leader of job a6d41ab07c948d45c4f84fc2b2e697e3.
Apr 29, 2024 9:25:45 AM org.apache.flink.runtime.executiongraph.Execution transitionState
INFO: Source: Collection Source -> Timestamps/Watermarks (1/1) (2f798a1631dec9c2d9a5091966a84c2c_cbc357ccb763df2852fee8c4fc7d55f2_0_0) switched from SCHEDULED to DEPLOYING.
Apr 29, 2024 9:25:45 AM org.apache.flink.runtime.executiongraph.Execution deploy
INFO: Deploying Source: Collection Source -> Timestamps/Watermarks (1/1) (attempt #0) with attempt id 2f798a1631dec9c2d9a5091966a84c2c_cbc357ccb763df2852fee8c4fc7d55f2_0_0 and vertex id cbc357ccb763df2852fee8c4fc7d55f2_0 to e73068ec-1fb2-45cd-b069-9df1ad8c5ea6 @ localhost (dataPort=-1) with allocation id 07dec950078d86932e8a369b50d5134e
Apr 29, 2024 9:25:45 AM org.apache.flink.runtime.taskexecutor.slot.TaskSlotTableImpl markExistingSlotActive
INFO: Activate slot 07dec950078d86932e8a369b50d5134e.
Apr 29, 2024 9:25:45 AM org.apache.flink.runtime.executiongraph.Execution transitionState
INFO: TumblingEventTimeWindows (1/1) (2f798a1631dec9c2d9a5091966a84c2c_9dd63673dd41ea021b896d5203f3ba7c_0_0) switched from SCHEDULED to DEPLOYING.
Apr 29, 2024 9:25:45 AM org.apache.flink.runtime.executiongraph.Execution deploy
INFO: Deploying TumblingEventTimeWindows (1/1) (attempt #0) with attempt id 2f798a1631dec9c2d9a5091966a84c2c_9dd63673dd41ea021b896d5203f3ba7c_0_0 and vertex id 9dd63673dd41ea021b896d5203f3ba7c_0 to e73068ec-1fb2-45cd-b069-9df1ad8c5ea6 @ localhost (dataPort=-1) with allocation id 07dec950078d86932e8a369b50d5134e
Apr 29, 2024 9:25:45 AM org.apache.flink.runtime.state.changelog.StateChangelogStorageLoader load
INFO: Creating a changelog storage with name 'memory'.
Apr 29, 2024 9:25:45 AM org.apache.flink.runtime.state.TaskExecutorChannelStateExecutorFactoryManager getOrCreateExecutorFactory
INFO: Creating the channel state executor factory for job id a6d41ab07c948d45c4f84fc2b2e697e3
Apr 29, 2024 9:25:45 AM org.apache.flink.runtime.taskexecutor.TaskExecutor submitTask
INFO: Received task Source: Collection Source -> Timestamps/Watermarks (1/1)#0 (2f798a1631dec9c2d9a5091966a84c2c_cbc357ccb763df2852fee8c4fc7d55f2_0_0), deploy into slot with allocation id 07dec950078d86932e8a369b50d5134e.
Apr 29, 2024 9:25:45 AM org.apache.flink.runtime.taskmanager.Task transitionState
INFO: Source: Collection Source -> Timestamps/Watermarks (1/1)#0 (2f798a1631dec9c2d9a5091966a84c2c_cbc357ccb763df2852fee8c4fc7d55f2_0_0) switched from CREATED to DEPLOYING.
Apr 29, 2024 9:25:45 AM org.apache.flink.runtime.taskexecutor.slot.TaskSlotTableImpl markExistingSlotActive
INFO: Activate slot 07dec950078d86932e8a369b50d5134e.
Apr 29, 2024 9:25:45 AM org.apache.flink.runtime.taskmanager.Task doRun
INFO: Loading JAR files for task Source: Collection Source -> Timestamps/Watermarks (1/1)#0 (2f798a1631dec9c2d9a5091966a84c2c_cbc357ccb763df2852fee8c4fc7d55f2_0_0) [DEPLOYING].
Apr 29, 2024 9:25:45 AM org.apache.flink.runtime.taskexecutor.slot.TaskSlotTableImpl markExistingSlotActive
INFO: Activate slot 07dec950078d86932e8a369b50d5134e.
Apr 29, 2024 9:25:45 AM org.apache.flink.runtime.state.StateBackendLoader loadFromApplicationOrConfigOrDefaultInternal
INFO: No state backend has been configured, using default (HashMap) org.apache.flink.runtime.state.hashmap.HashMapStateBackend@3fc0ee64
Apr 29, 2024 9:25:45 AM org.apache.flink.runtime.state.StateBackendLoader fromApplicationOrConfigOrDefault
INFO: State backend loader loads the state backend as HashMapStateBackend
Apr 29, 2024 9:25:45 AM org.apache.flink.runtime.state.CheckpointStorageLoader createJobManagerCheckpointStorage
INFO: Checkpoint storage is set to 'jobmanager'
Apr 29, 2024 9:25:45 AM org.apache.flink.runtime.taskmanager.Task transitionState
INFO: Source: Collection Source -> Timestamps/Watermarks (1/1)#0 (2f798a1631dec9c2d9a5091966a84c2c_cbc357ccb763df2852fee8c4fc7d55f2_0_0) switched from DEPLOYING to INITIALIZING.
Apr 29, 2024 9:25:45 AM org.apache.flink.runtime.taskexecutor.TaskExecutor submitTask
INFO: Received task TumblingEventTimeWindows (1/1)#0 (2f798a1631dec9c2d9a5091966a84c2c_9dd63673dd41ea021b896d5203f3ba7c_0_0), deploy into slot with allocation id 07dec950078d86932e8a369b50d5134e.
Apr 29, 2024 9:25:45 AM org.apache.flink.runtime.executiongraph.Execution transitionState
INFO: Source: Collection Source -> Timestamps/Watermarks (1/1) (2f798a1631dec9c2d9a5091966a84c2c_cbc357ccb763df2852fee8c4fc7d55f2_0_0) switched from DEPLOYING to INITIALIZING.
Apr 29, 2024 9:25:45 AM org.apache.flink.runtime.taskmanager.Task transitionState
INFO: TumblingEventTimeWindows (1/1)#0 (2f798a1631dec9c2d9a5091966a84c2c_9dd63673dd41ea021b896d5203f3ba7c_0_0) switched from CREATED to DEPLOYING.
Apr 29, 2024 9:25:45 AM org.apache.flink.runtime.taskmanager.Task doRun
INFO: Loading JAR files for task TumblingEventTimeWindows (1/1)#0 (2f798a1631dec9c2d9a5091966a84c2c_9dd63673dd41ea021b896d5203f3ba7c_0_0) [DEPLOYING].
Apr 29, 2024 9:25:45 AM org.apache.flink.runtime.state.StateBackendLoader loadFromApplicationOrConfigOrDefaultInternal
INFO: No state backend has been configured, using default (HashMap) org.apache.flink.runtime.state.hashmap.HashMapStateBackend@bfe242a
Apr 29, 2024 9:25:45 AM org.apache.flink.runtime.state.StateBackendLoader fromApplicationOrConfigOrDefault
INFO: State backend loader loads the state backend as HashMapStateBackend
Apr 29, 2024 9:25:45 AM org.apache.flink.runtime.state.CheckpointStorageLoader createJobManagerCheckpointStorage
INFO: Checkpoint storage is set to 'jobmanager'
Apr 29, 2024 9:25:45 AM org.apache.flink.runtime.taskmanager.Task transitionState
INFO: TumblingEventTimeWindows (1/1)#0 (2f798a1631dec9c2d9a5091966a84c2c_9dd63673dd41ea021b896d5203f3ba7c_0_0) switched from DEPLOYING to INITIALIZING.
Apr 29, 2024 9:25:45 AM org.apache.flink.runtime.executiongraph.Execution transitionState
INFO: TumblingEventTimeWindows (1/1) (2f798a1631dec9c2d9a5091966a84c2c_9dd63673dd41ea021b896d5203f3ba7c_0_0) switched from DEPLOYING to INITIALIZING.
Apr 29, 2024 9:25:45 AM org.apache.flink.runtime.taskmanager.Task transitionState
INFO: Source: Collection Source -> Timestamps/Watermarks (1/1)#0 (2f798a1631dec9c2d9a5091966a84c2c_cbc357ccb763df2852fee8c4fc7d55f2_0_0) switched from INITIALIZING to RUNNING.
Apr 29, 2024 9:25:45 AM org.apache.flink.runtime.executiongraph.Execution transitionState
INFO: Source: Collection Source -> Timestamps/Watermarks (1/1) (2f798a1631dec9c2d9a5091966a84c2c_cbc357ccb763df2852fee8c4fc7d55f2_0_0) switched from INITIALIZING to RUNNING.
Apr 29, 2024 9:25:45 AM org.apache.flink.api.java.typeutils.runtime.kryo.KryoSerializer getKryoInstance
INFO: Kryo serializer scala extensions are not available.
Apr 29, 2024 9:25:45 AM org.apache.flink.api.java.typeutils.runtime.kryo.KryoSerializer getKryoInstance
INFO: Kryo serializer scala extensions are not available.
Apr 29, 2024 9:25:45 AM org.apache.flink.api.java.typeutils.runtime.kryo.KryoSerializer getKryoInstance
INFO: Kryo serializer scala extensions are not available.
Apr 29, 2024 9:25:45 AM org.apache.flink.runtime.state.heap.HeapKeyedStateBackendBuilder restoreState
INFO: Finished to build heap keyed state-backend.
Apr 29, 2024 9:25:45 AM org.apache.flink.runtime.state.heap.HeapKeyedStateBackend <init>
INFO: Initializing heap keyed state backend with stream factory.
Apr 29, 2024 9:25:45 AM org.apache.flink.runtime.taskmanager.Task transitionState
INFO: TumblingEventTimeWindows (1/1)#0 (2f798a1631dec9c2d9a5091966a84c2c_9dd63673dd41ea021b896d5203f3ba7c_0_0) switched from INITIALIZING to RUNNING.
Apr 29, 2024 9:25:45 AM org.apache.flink.runtime.executiongraph.Execution transitionState
INFO: TumblingEventTimeWindows (1/1) (2f798a1631dec9c2d9a5091966a84c2c_9dd63673dd41ea021b896d5203f3ba7c_0_0) switched from INITIALIZING to RUNNING.
Apr 29, 2024 9:25:45 AM org.apache.flink.api.java.typeutils.runtime.kryo.KryoSerializer getKryoInstance
INFO: Kryo serializer scala extensions are not available.
Apr 29, 2024 9:25:45 AM org.apache.flink.runtime.scheduler.SchedulerBase triggerCheckpoint
INFO: Triggering a manual checkpoint for job a6d41ab07c948d45c4f84fc2b2e697e3.
Apr 29, 2024 9:25:45 AM org.apache.flink.runtime.checkpoint.CheckpointCoordinator createPendingCheckpoint
INFO: Triggering checkpoint 1 (type=CheckpointType{name='Checkpoint', sharingFilesStrategy=FORWARD_BACKWARD}) @ 1714397145460 for job a6d41ab07c948d45c4f84fc2b2e697e3.
Apr 29, 2024 9:25:45 AM org.apache.flink.runtime.checkpoint.CheckpointCoordinator logCheckpointInfo
INFO: Completed checkpoint 1 for job a6d41ab07c948d45c4f84fc2b2e697e3 (4591 bytes, checkpointDuration=34 ms, finalizationTime=2 ms).
Apr 29, 2024 9:25:45 AM org.apache.flink.runtime.taskmanager.Task transitionState
INFO: Source: Collection Source -> Timestamps/Watermarks (1/1)#0 (2f798a1631dec9c2d9a5091966a84c2c_cbc357ccb763df2852fee8c4fc7d55f2_0_0) switched from RUNNING to FINISHED.
Apr 29, 2024 9:25:45 AM org.apache.flink.runtime.taskmanager.Task doRun
INFO: Freeing task resources for Source: Collection Source -> Timestamps/Watermarks (1/1)#0 (2f798a1631dec9c2d9a5091966a84c2c_cbc357ccb763df2852fee8c4fc7d55f2_0_0).
Apr 29, 2024 9:25:45 AM org.apache.flink.runtime.taskexecutor.TaskExecutor unregisterTaskAndNotifyFinalState
INFO: Un-registering task and sending final execution state FINISHED to JobManager for task Source: Collection Source -> Timestamps/Watermarks (1/1)#0 2f798a1631dec9c2d9a5091966a84c2c_cbc357ccb763df2852fee8c4fc7d55f2_0_0.
Apr 29, 2024 9:25:45 AM org.apache.flink.runtime.taskmanager.Task transitionState
INFO: TumblingEventTimeWindows (1/1)#0 (2f798a1631dec9c2d9a5091966a84c2c_9dd63673dd41ea021b896d5203f3ba7c_0_0) switched from RUNNING to FINISHED.
Apr 29, 2024 9:25:45 AM org.apache.flink.runtime.taskmanager.Task doRun
INFO: Freeing task resources for TumblingEventTimeWindows (1/1)#0 (2f798a1631dec9c2d9a5091966a84c2c_9dd63673dd41ea021b896d5203f3ba7c_0_0).
Apr 29, 2024 9:25:45 AM org.apache.flink.runtime.executiongraph.Execution transitionState
INFO: Source: Collection Source -> Timestamps/Watermarks (1/1) (2f798a1631dec9c2d9a5091966a84c2c_cbc357ccb763df2852fee8c4fc7d55f2_0_0) switched from RUNNING to FINISHED.
Apr 29, 2024 9:25:45 AM org.apache.flink.runtime.taskexecutor.TaskExecutor unregisterTaskAndNotifyFinalState
INFO: Un-registering task and sending final execution state FINISHED to JobManager for task TumblingEventTimeWindows (1/1)#0 2f798a1631dec9c2d9a5091966a84c2c_9dd63673dd41ea021b896d5203f3ba7c_0_0.
Apr 29, 2024 9:25:45 AM org.apache.flink.runtime.executiongraph.Execution transitionState
INFO: TumblingEventTimeWindows (1/1) (2f798a1631dec9c2d9a5091966a84c2c_9dd63673dd41ea021b896d5203f3ba7c_0_0) switched from RUNNING to FINISHED.
Apr 29, 2024 9:25:45 AM org.apache.flink.runtime.executiongraph.DefaultExecutionGraph transitionState
INFO: Job Flink Streaming Job (a6d41ab07c948d45c4f84fc2b2e697e3) switched from state RUNNING to FINISHED.
Apr 29, 2024 9:25:45 AM org.apache.flink.runtime.resourcemanager.slotmanager.FineGrainedSlotManager processResourceRequirements
INFO: Clearing resource requirements of job a6d41ab07c948d45c4f84fc2b2e697e3
Apr 29, 2024 9:25:45 AM org.apache.flink.runtime.checkpoint.CheckpointCoordinator shutdown
INFO: Stopping checkpoint coordinator for job a6d41ab07c948d45c4f84fc2b2e697e3.
Apr 29, 2024 9:25:45 AM org.apache.flink.runtime.dispatcher.Dispatcher jobReachedTerminalState
INFO: Job a6d41ab07c948d45c4f84fc2b2e697e3 reached terminal state FINISHED.
Apr 29, 2024 9:25:45 AM org.apache.flink.runtime.minicluster.MiniCluster closeInternal
INFO: Shutting down Flink Mini Cluster
Apr 29, 2024 9:25:45 AM org.apache.flink.runtime.rest.RestServerEndpoint closeAsync
INFO: Shutting down rest endpoint.
Apr 29, 2024 9:25:45 AM org.apache.flink.runtime.dispatcher.Dispatcher lambda$registerGloballyTerminatedJobInJobResultStore$42
INFO: Job a6d41ab07c948d45c4f84fc2b2e697e3 has been registered for cleanup in the JobResultStore after reaching a terminal state.
Apr 29, 2024 9:25:45 AM org.apache.flink.runtime.taskexecutor.TaskExecutor onStop
INFO: Stopping TaskExecutor pekko://flink/user/rpc/taskmanager_36.
Apr 29, 2024 9:25:45 AM org.apache.flink.runtime.taskexecutor.TaskExecutor closeResourceManagerConnection
INFO: Close ResourceManager connection bd7ac356b56f8e6828aadf74b257edf6.
Apr 29, 2024 9:25:45 AM org.apache.flink.runtime.jobmaster.JobMaster onStop
INFO: Stopping the JobMaster for job 'Flink Streaming Job' (a6d41ab07c948d45c4f84fc2b2e697e3).
Apr 29, 2024 9:25:45 AM org.apache.flink.runtime.taskexecutor.TaskExecutor disconnectJobManagerConnection
INFO: Close JobManager connection for job a6d41ab07c948d45c4f84fc2b2e697e3.
Apr 29, 2024 9:25:45 AM org.apache.flink.runtime.resourcemanager.ResourceManager closeTaskManagerConnection
INFO: Closing TaskExecutor connection e73068ec-1fb2-45cd-b069-9df1ad8c5ea6 because: The TaskExecutor is shutting down.
Apr 29, 2024 9:25:45 AM org.apache.flink.runtime.resourcemanager.slotmanager.FineGrainedSlotManager unregisterTaskManager
INFO: Unregistering task executor 41a5c186d93ec9748c078199dcdea475 from the slot manager.
Apr 29, 2024 9:25:45 AM org.apache.flink.runtime.resourcemanager.slotmanager.DefaultSlotStatusSyncer freeSlot
INFO: Freeing slot 07dec950078d86932e8a369b50d5134e.
Apr 29, 2024 9:25:45 AM org.apache.flink.runtime.state.TaskExecutorStateChangelogStoragesManager shutdown
INFO: Shutting down TaskExecutorStateChangelogStoragesManager.
Apr 29, 2024 9:25:45 AM org.apache.flink.runtime.state.TaskExecutorChannelStateExecutorFactoryManager shutdown
INFO: Shutting down TaskExecutorChannelStateExecutorFactoryManager.
Apr 29, 2024 9:25:45 AM org.apache.flink.runtime.taskexecutor.slot.TaskSlotTableImpl freeSlotInternal
INFO: Free slot TaskSlot(index:1, state:ALLOCATED, resource profile: ResourceProfile{taskHeapMemory=1024.000gb (1099511627776 bytes), taskOffHeapMemory=1024.000gb (1099511627776 bytes), managedMemory=128.000mb (134217728 bytes), networkMemory=64.000mb (67108864 bytes)}, allocationId: 07dec950078d86932e8a369b50d5134e, jobId: a6d41ab07c948d45c4f84fc2b2e697e3).
Apr 29, 2024 9:25:45 AM org.apache.flink.runtime.checkpoint.StandaloneCompletedCheckpointStore shutdown
INFO: Shutting down
Apr 29, 2024 9:25:45 AM org.apache.flink.runtime.taskexecutor.DefaultJobLeaderService stop
INFO: Stop job leader service.
Apr 29, 2024 9:25:45 AM org.apache.flink.runtime.state.TaskExecutorLocalStateStoresManager shutdown
INFO: Shutting down TaskExecutorLocalStateStoresManager.
Apr 29, 2024 9:25:45 AM org.apache.flink.runtime.jobmaster.JobMaster disconnectTaskManager
INFO: Disconnect TaskExecutor e73068ec-1fb2-45cd-b069-9df1ad8c5ea6 because: Stopping JobMaster for job 'Flink Streaming Job' (a6d41ab07c948d45c4f84fc2b2e697e3).
Apr 29, 2024 9:25:45 AM org.apache.flink.runtime.jobmaster.slotpool.DefaultDeclarativeSlotPool releaseSlots
INFO: Releasing slot [07dec950078d86932e8a369b50d5134e].
Apr 29, 2024 9:25:45 AM org.apache.flink.runtime.jobmaster.JobMaster dissolveResourceManagerConnection
INFO: Close ResourceManager connection bd7ac356b56f8e6828aadf74b257edf6: Stopping JobMaster for job 'Flink Streaming Job' (a6d41ab07c948d45c4f84fc2b2e697e3).
Apr 29, 2024 9:25:45 AM org.apache.flink.runtime.webmonitor.WebMonitorEndpoint lambda$shutDownInternal$7
INFO: Removing cache directory /var/folders/9y/mg706rlj3cx1fsv47rlmtqq40000gn/T/flink-web-ui
Apr 29, 2024 9:25:45 AM org.apache.flink.runtime.resourcemanager.ResourceManager closeJobManagerConnection
INFO: Disconnect job manager ac3b53ffa86cbdbbf3025c6494834081@pekko://flink/user/rpc/jobmanager_39 for job a6d41ab07c948d45c4f84fc2b2e697e3 from the resource manager.
Apr 29, 2024 9:25:45 AM org.apache.flink.runtime.io.disk.FileChannelManagerImpl lambda$getFileCloser$0
INFO: FileChannelManager removed spill file directory /var/folders/9y/mg706rlj3cx1fsv47rlmtqq40000gn/T/flink-io-3fb2e5d8-5951-43df-950a-bc149fe79f63
Apr 29, 2024 9:25:45 AM org.apache.flink.runtime.io.network.NettyShuffleEnvironment close
INFO: Shutting down the network environment and its components.
Apr 29, 2024 9:25:45 AM org.apache.flink.runtime.webmonitor.WebMonitorEndpoint revokeLeadership
INFO: http://localhost:50058 lost leadership
Apr 29, 2024 9:25:45 AM org.apache.flink.runtime.rest.RestServerEndpoint lambda$closeAsync$1
INFO: Shut down complete.
Apr 29, 2024 9:25:45 AM org.apache.flink.runtime.resourcemanager.ResourceManager deregisterApplication
INFO: Shut down cluster because application is in CANCELED, diagnostics DispatcherResourceManagerComponent has been closed..
Apr 29, 2024 9:25:45 AM org.apache.flink.runtime.taskexecutor.TaskExecutorResourceUtils setConfigOptionToDefaultIfNotSet
INFO: The configuration option taskmanager.cpu.cores required for local execution is not set, setting it to the maximal possible value.
Apr 29, 2024 9:25:45 AM org.apache.flink.runtime.taskexecutor.TaskExecutorResourceUtils setConfigOptionToDefaultIfNotSet
INFO: The configuration option taskmanager.memory.task.heap.size required for local execution is not set, setting it to the maximal possible value.
Apr 29, 2024 9:25:45 AM org.apache.flink.runtime.taskexecutor.TaskExecutorResourceUtils setConfigOptionToDefaultIfNotSet
INFO: The configuration option taskmanager.memory.task.off-heap.size required for local execution is not set, setting it to the maximal possible value.
Apr 29, 2024 9:25:45 AM org.apache.flink.runtime.taskexecutor.TaskExecutorResourceUtils setConfigOptionToDefaultIfNotSet
INFO: The configuration option taskmanager.memory.network.min required for local execution is not set, setting it to its default value 64 mb.
Apr 29, 2024 9:25:45 AM org.apache.flink.runtime.taskexecutor.TaskExecutorResourceUtils setConfigOptionToDefaultIfNotSet
INFO: The configuration option taskmanager.memory.network.max required for local execution is not set, setting it to its default value 64 mb.
Apr 29, 2024 9:25:45 AM org.apache.flink.runtime.taskexecutor.TaskExecutorResourceUtils setConfigOptionToDefaultIfNotSet
INFO: The configuration option taskmanager.memory.managed.size required for local execution is not set, setting it to its default value 128 mb.
Apr 29, 2024 9:25:45 AM org.apache.flink.runtime.minicluster.MiniCluster start
INFO: Starting Flink Mini Cluster
Apr 29, 2024 9:25:45 AM org.apache.flink.runtime.entrypoint.component.DispatcherResourceManagerComponent closeAsyncInternal
INFO: Closing components.
Apr 29, 2024 9:25:45 AM org.apache.flink.runtime.dispatcher.runner.AbstractDispatcherLeaderProcess closeInternal
INFO: Stopping SessionDispatcherLeaderProcess.
Apr 29, 2024 9:25:45 AM org.apache.flink.runtime.resourcemanager.ResourceManagerServiceImpl closeAsync
INFO: Stopping resource manager service.
Apr 29, 2024 9:25:45 AM org.apache.flink.runtime.resourcemanager.ResourceManagerServiceImpl lambda$revokeLeadership$3
INFO: Resource manager service is not running. Ignore revoking leadership.
Apr 29, 2024 9:25:45 AM org.apache.flink.runtime.security.token.DefaultDelegationTokenManager stop
INFO: Stopping credential renewal
Apr 29, 2024 9:25:45 AM org.apache.flink.runtime.dispatcher.Dispatcher onStop
INFO: Stopping dispatcher pekko://flink/user/rpc/dispatcher_38.
Apr 29, 2024 9:25:45 AM org.apache.flink.runtime.io.disk.FileChannelManagerImpl lambda$getFileCloser$0
INFO: FileChannelManager removed spill file directory /var/folders/9y/mg706rlj3cx1fsv47rlmtqq40000gn/T/flink-netty-shuffle-9de7f162-aa07-430b-aa19-f961d8b83052
Apr 29, 2024 9:25:45 AM org.apache.flink.runtime.security.token.DefaultDelegationTokenManager stop
INFO: Stopped credential renewal
Apr 29, 2024 9:25:45 AM org.apache.flink.runtime.dispatcher.Dispatcher terminateRunningJobs
INFO: Stopping all currently running jobs of dispatcher pekko://flink/user/rpc/dispatcher_38.
Apr 29, 2024 9:25:45 AM org.apache.flink.runtime.resourcemanager.slotmanager.FineGrainedSlotManager close
INFO: Closing the slot manager.
Apr 29, 2024 9:25:45 AM org.apache.flink.runtime.resourcemanager.slotmanager.FineGrainedSlotManager suspend
INFO: Suspending the slot manager.
Apr 29, 2024 9:25:45 AM org.apache.flink.runtime.taskexecutor.KvStateService shutdown
INFO: Shutting down the kvState service and its components.
Apr 29, 2024 9:25:45 AM org.apache.flink.runtime.taskexecutor.DefaultJobLeaderService stop
INFO: Stop job leader service.
Apr 29, 2024 9:25:45 AM org.apache.flink.runtime.dispatcher.Dispatcher lambda$onStop$2
INFO: Stopped dispatcher pekko://flink/user/rpc/dispatcher_38.
Apr 29, 2024 9:25:45 AM org.apache.flink.runtime.filecache.FileCache shutdown
INFO: removed file cache directory /var/folders/9y/mg706rlj3cx1fsv47rlmtqq40000gn/T/flink-dist-cache-ef96ad7b-7fa5-413b-8d37-f3c584fe93bc
Apr 29, 2024 9:25:45 AM org.apache.flink.runtime.taskexecutor.TaskExecutor handleOnStopException
INFO: Stopped TaskExecutor pekko://flink/user/rpc/taskmanager_36.
Apr 29, 2024 9:25:45 AM org.apache.flink.runtime.rpc.pekko.PekkoRpcService closeAsync
INFO: Stopping Pekko RPC service.
Apr 29, 2024 9:25:45 AM org.apache.pekko.event.slf4j.Slf4jLogger$$anonfun$receive$1 $anonfun$applyOrElse$3
INFO: Running CoordinatedShutdown with reason [ActorSystemTerminateReason]
Apr 29, 2024 9:25:45 AM org.apache.flink.runtime.rpc.pekko.PekkoRpcService closeAsync
INFO: Stopping Pekko RPC service.
Apr 29, 2024 9:25:45 AM org.apache.flink.runtime.rpc.pekko.PekkoRpcService lambda$closeAsync$7
INFO: Stopped Pekko RPC service.
Apr 29, 2024 9:25:45 AM org.apache.pekko.event.slf4j.Slf4jLogger$$anonfun$receive$1 $anonfun$applyOrElse$3
INFO: Running CoordinatedShutdown with reason [ActorSystemTerminateReason]
Apr 29, 2024 9:25:45 AM org.apache.flink.runtime.blob.AbstractBlobCache close
INFO: Shutting down BLOB cache
Apr 29, 2024 9:25:45 AM org.apache.flink.runtime.blob.AbstractBlobCache close
INFO: Shutting down BLOB cache
Apr 29, 2024 9:25:45 AM org.apache.flink.runtime.blob.BlobServer close
INFO: Stopped BLOB server at 0.0.0.0:50057
Apr 29, 2024 9:25:45 AM org.apache.flink.runtime.rpc.pekko.PekkoRpcService lambda$closeAsync$7
INFO: Stopped Pekko RPC service.
Apr 29, 2024 9:25:45 AM org.apache.flink.runtime.minicluster.MiniCluster start
INFO: Starting Metrics Registry
Apr 29, 2024 9:25:45 AM org.apache.flink.runtime.metrics.MetricRegistryImpl <init>
INFO: No metrics reporter configured, no metrics will be exposed/reported.
Apr 29, 2024 9:25:45 AM org.apache.flink.runtime.minicluster.MiniCluster start
INFO: Starting RPC Service(s)
Apr 29, 2024 9:25:45 AM org.apache.flink.runtime.rpc.pekko.ActorSystemBootstrapTools startLocalActorSystem
INFO: Trying to start local actor system
Apr 29, 2024 9:25:46 AM org.apache.pekko.event.slf4j.Slf4jLogger$$anonfun$receive$1 applyOrElse
INFO: Slf4jLogger started
Apr 29, 2024 9:25:46 AM org.apache.flink.runtime.rpc.pekko.ActorSystemBootstrapTools startActorSystem
INFO: Actor system started at pekko://flink
Apr 29, 2024 9:25:46 AM org.apache.flink.runtime.rpc.pekko.ActorSystemBootstrapTools startLocalActorSystem
INFO: Trying to start local actor system
Apr 29, 2024 9:25:46 AM org.apache.pekko.event.slf4j.Slf4jLogger$$anonfun$receive$1 applyOrElse
INFO: Slf4jLogger started
Apr 29, 2024 9:25:46 AM org.apache.flink.runtime.rpc.pekko.ActorSystemBootstrapTools startActorSystem
INFO: Actor system started at pekko://flink-metrics
Apr 29, 2024 9:25:46 AM org.apache.flink.runtime.rpc.pekko.PekkoRpcService startServer
INFO: Starting RPC endpoint for org.apache.flink.runtime.metrics.dump.MetricQueryService at pekko://flink-metrics/user/rpc/MetricQueryService .
Apr 29, 2024 9:25:46 AM org.apache.flink.runtime.security.token.DefaultDelegationTokenManager loadProviders
INFO: Loading delegation token providers
Apr 29, 2024 9:25:46 AM org.apache.flink.runtime.util.HadoopUtils getHadoopConfiguration
WARNING: Could not find Hadoop configuration via any of the supported methods (Flink configuration, environment variables).
Apr 29, 2024 9:25:46 AM org.apache.flink.runtime.security.token.DefaultDelegationTokenManager lambda$loadProviders$0
INFO: Delegation token provider hadoopfs loaded and initialized
Apr 29, 2024 9:25:46 AM org.apache.flink.runtime.util.HadoopUtils getHadoopConfiguration
WARNING: Could not find Hadoop configuration via any of the supported methods (Flink configuration, environment variables).
Apr 29, 2024 9:25:46 AM org.apache.flink.runtime.security.token.DefaultDelegationTokenManager lambda$loadProviders$0
INFO: Delegation token provider hbase loaded and initialized
Apr 29, 2024 9:25:46 AM org.apache.flink.runtime.security.token.DefaultDelegationTokenManager loadProviders
INFO: Delegation token providers loaded successfully
Apr 29, 2024 9:25:46 AM org.apache.flink.runtime.security.token.DelegationTokenReceiverRepository loadReceivers
INFO: Loading delegation token receivers
Apr 29, 2024 9:25:46 AM org.apache.flink.runtime.security.token.DelegationTokenReceiverRepository lambda$loadReceivers$0
INFO: Delegation token receiver hadoopfs loaded and initialized
Apr 29, 2024 9:25:46 AM org.apache.flink.runtime.security.token.DelegationTokenReceiverRepository lambda$loadReceivers$0
INFO: Delegation token receiver hbase loaded and initialized
Apr 29, 2024 9:25:46 AM org.apache.flink.runtime.security.token.DelegationTokenReceiverRepository loadReceivers
INFO: Delegation token receivers loaded successfully
Apr 29, 2024 9:25:46 AM org.apache.flink.runtime.security.token.DefaultDelegationTokenManager checkProviderAndReceiverConsistency
INFO: Checking provider and receiver instances consistency
Apr 29, 2024 9:25:46 AM org.apache.flink.runtime.security.token.DefaultDelegationTokenManager checkProviderAndReceiverConsistency
INFO: Provider and receiver instances are consistent
Apr 29, 2024 9:25:46 AM org.apache.flink.runtime.security.token.DefaultDelegationTokenManager obtainDelegationTokens
INFO: Obtaining delegation tokens
Apr 29, 2024 9:25:46 AM org.apache.flink.runtime.security.token.DefaultDelegationTokenManager obtainDelegationTokens
INFO: Delegation tokens obtained successfully
Apr 29, 2024 9:25:46 AM org.apache.flink.runtime.security.token.DefaultDelegationTokenManager obtainDelegationTokens
WARNING: No tokens obtained so skipping notifications
Apr 29, 2024 9:25:46 AM org.apache.flink.runtime.security.token.DelegationTokenReceiverRepository loadReceivers
INFO: Loading delegation token receivers
Apr 29, 2024 9:25:46 AM org.apache.flink.runtime.security.token.DelegationTokenReceiverRepository lambda$loadReceivers$0
INFO: Delegation token receiver hadoopfs loaded and initialized
Apr 29, 2024 9:25:46 AM org.apache.flink.runtime.security.token.DelegationTokenReceiverRepository lambda$loadReceivers$0
INFO: Delegation token receiver hbase loaded and initialized
Apr 29, 2024 9:25:46 AM org.apache.flink.runtime.security.token.DelegationTokenReceiverRepository loadReceivers
INFO: Delegation token receivers loaded successfully
Apr 29, 2024 9:25:46 AM org.apache.flink.runtime.blob.BlobServer <init>
INFO: Created BLOB server storage directory /var/folders/9y/mg706rlj3cx1fsv47rlmtqq40000gn/T/minicluster_f693ba946d5b6610648f52ee91b744a4/blobStorage
Apr 29, 2024 9:25:46 AM org.apache.flink.runtime.blob.BlobServer <init>
INFO: Started BLOB server at 0.0.0.0:50059 - max concurrent requests: 50 - max backlog: 1000
Apr 29, 2024 9:25:46 AM org.apache.flink.runtime.blob.AbstractBlobCache <init>
INFO: Created BLOB cache storage directory /var/folders/9y/mg706rlj3cx1fsv47rlmtqq40000gn/T/minicluster_f693ba946d5b6610648f52ee91b744a4/blobStorage
Apr 29, 2024 9:25:46 AM org.apache.flink.runtime.blob.AbstractBlobCache <init>
INFO: Created BLOB cache storage directory /var/folders/9y/mg706rlj3cx1fsv47rlmtqq40000gn/T/minicluster_f693ba946d5b6610648f52ee91b744a4/blobStorage
Apr 29, 2024 9:25:46 AM org.apache.flink.runtime.minicluster.MiniCluster startTaskManagers
INFO: Starting 1 TaskManager(s)
Apr 29, 2024 9:25:46 AM org.apache.flink.runtime.taskexecutor.TaskManagerRunner startTaskManager
INFO: Starting TaskManager with ResourceID: f560872d-24dd-4370-8c76-80fceada39fa
Apr 29, 2024 9:25:46 AM org.apache.flink.runtime.taskexecutor.TaskManagerServices checkTempDirs
INFO: Temporary file directory '/var/folders/9y/mg706rlj3cx1fsv47rlmtqq40000gn/T': total 460 GB, usable 240 GB (52.17% usable)
Apr 29, 2024 9:25:46 AM org.apache.flink.runtime.io.disk.iomanager.IOManager <init>
INFO: Created a new FileChannelManager for spilling of task related data to disk (joins, sorting, ...). Used directories:
	/var/folders/9y/mg706rlj3cx1fsv47rlmtqq40000gn/T/flink-io-519309dc-a9a6-417d-b6c0-b1d133e2ff8b
Apr 29, 2024 9:25:46 AM org.apache.flink.runtime.io.network.NettyShuffleServiceFactory createNettyShuffleEnvironment
INFO: Created a new FileChannelManager for storing result partitions of BLOCKING shuffles. Used directories:
	/var/folders/9y/mg706rlj3cx1fsv47rlmtqq40000gn/T/flink-netty-shuffle-4defab8b-92bc-459a-8cbd-0c2d678d302e
Apr 29, 2024 9:25:46 AM org.apache.flink.runtime.io.network.buffer.NetworkBufferPool <init>
INFO: Allocated 64 MB for network buffer pool (number of memory segments: 2048, bytes per segment: 32768).
Apr 29, 2024 9:25:46 AM org.apache.flink.runtime.io.network.NettyShuffleEnvironment start
INFO: Starting the network environment and its components.
Apr 29, 2024 9:25:46 AM org.apache.flink.runtime.taskexecutor.KvStateService start
INFO: Starting the kvState service and its components.
Apr 29, 2024 9:25:46 AM org.apache.flink.configuration.Configuration loggingFallback
INFO: Config uses fallback configuration key 'pekko.ask.timeout' instead of key 'taskmanager.slot.timeout'
Apr 29, 2024 9:25:46 AM org.apache.flink.runtime.rpc.pekko.PekkoRpcService startServer
INFO: Starting RPC endpoint for org.apache.flink.runtime.taskexecutor.TaskExecutor at pekko://flink/user/rpc/taskmanager_40 .
Apr 29, 2024 9:25:46 AM org.apache.flink.runtime.taskexecutor.DefaultJobLeaderService start
INFO: Start job leader service.
Apr 29, 2024 9:25:46 AM org.apache.flink.runtime.filecache.FileCache <init>
INFO: User file cache uses directory /var/folders/9y/mg706rlj3cx1fsv47rlmtqq40000gn/T/flink-dist-cache-27821d6b-12c5-494c-8a69-e64a38b4a273
Apr 29, 2024 9:25:46 AM org.apache.flink.runtime.rest.RestServerEndpoint start
INFO: Starting rest endpoint.
Apr 29, 2024 9:25:46 AM org.apache.flink.runtime.webmonitor.WebMonitorUtils$LogFileLocation find
WARNING: Log file environment variable 'log.file' is not set.
Apr 29, 2024 9:25:46 AM org.apache.flink.runtime.webmonitor.WebMonitorUtils$LogFileLocation find
WARNING: JobManager log files are unavailable in the web dashboard. Log file location not found in environment variable 'log.file' or configuration key 'web.log.path'.
Apr 29, 2024 9:25:46 AM org.apache.flink.runtime.rest.RestServerEndpoint start
INFO: Rest endpoint listening at localhost:50060
Apr 29, 2024 9:25:46 AM org.apache.flink.runtime.highavailability.nonha.embedded.EmbeddedLeaderService updateLeader
INFO: Proposing leadership to the contender that is registered under component ID 'rest_server'.
Apr 29, 2024 9:25:46 AM org.apache.flink.runtime.webmonitor.WebMonitorEndpoint startInternal
INFO: Web frontend listening at http://localhost:50060.
Apr 29, 2024 9:25:46 AM org.apache.flink.runtime.webmonitor.WebMonitorEndpoint grantLeadership
INFO: http://localhost:50060 was granted leadership with leaderSessionID=391aa5ad-bf3e-46c8-b6da-592a21db16df
Apr 29, 2024 9:25:46 AM org.apache.flink.runtime.highavailability.nonha.embedded.EmbeddedLeaderService confirmLeader
INFO: Received confirmation of leadership for leader http://localhost:50060 , session=391aa5ad-bf3e-46c8-b6da-592a21db16df
Apr 29, 2024 9:25:46 AM org.apache.flink.runtime.highavailability.nonha.embedded.EmbeddedLeaderService updateLeader
INFO: Proposing leadership to the contender that is registered under component ID 'dispatcher'.
Apr 29, 2024 9:25:46 AM org.apache.flink.runtime.resourcemanager.ResourceManagerServiceImpl start
INFO: Starting resource manager service.
Apr 29, 2024 9:25:46 AM org.apache.flink.runtime.dispatcher.runner.DefaultDispatcherRunner lambda$grantLeadership$0
INFO: DefaultDispatcherRunner was granted leadership with leader id 1e286ef3-fc47-4cbf-9faf-ebb94ca9258b. Creating new DispatcherLeaderProcess.
Apr 29, 2024 9:25:46 AM org.apache.flink.runtime.highavailability.nonha.embedded.EmbeddedLeaderService updateLeader
INFO: Proposing leadership to the contender that is registered under component ID 'resource_manager'.
Apr 29, 2024 9:25:46 AM org.apache.flink.runtime.dispatcher.runner.AbstractDispatcherLeaderProcess startInternal
INFO: Start SessionDispatcherLeaderProcess.
Apr 29, 2024 9:25:46 AM org.apache.flink.runtime.minicluster.MiniCluster start
INFO: Flink Mini Cluster started successfully
Apr 29, 2024 9:25:46 AM org.apache.flink.runtime.dispatcher.runner.SessionDispatcherLeaderProcess recoverJobs
INFO: Recover all persisted job graphs that are not finished, yet.
Apr 29, 2024 9:25:46 AM org.apache.flink.runtime.dispatcher.runner.SessionDispatcherLeaderProcess recoverJobs
INFO: Successfully recovered 0 persisted job graphs.
Apr 29, 2024 9:25:46 AM org.apache.flink.runtime.resourcemanager.ResourceManagerServiceImpl lambda$grantLeadership$2
INFO: Resource manager service is granted leadership with session id 58892cbf-44aa-4b10-b201-79efe7a005ee.
Apr 29, 2024 9:25:46 AM org.apache.flink.runtime.rpc.pekko.PekkoRpcService startServer
INFO: Starting RPC endpoint for org.apache.flink.runtime.dispatcher.StandaloneDispatcher at pekko://flink/user/rpc/dispatcher_41 .
Apr 29, 2024 9:25:46 AM org.apache.flink.runtime.rpc.pekko.PekkoRpcService startServer
INFO: Starting RPC endpoint for org.apache.flink.runtime.resourcemanager.StandaloneResourceManager at pekko://flink/user/rpc/resourcemanager_42 .
Apr 29, 2024 9:25:46 AM org.apache.flink.runtime.resourcemanager.ResourceManager onStart
INFO: Starting the resource manager.
Apr 29, 2024 9:25:46 AM org.apache.flink.runtime.resourcemanager.slotmanager.FineGrainedSlotManager start
INFO: Starting the slot manager.
Apr 29, 2024 9:25:46 AM org.apache.flink.runtime.security.token.DefaultDelegationTokenManager startTokensUpdate
INFO: Starting tokens update task
Apr 29, 2024 9:25:46 AM org.apache.flink.runtime.highavailability.nonha.embedded.EmbeddedLeaderService confirmLeader
INFO: Received confirmation of leadership for leader pekko://flink/user/rpc/dispatcher_41 , session=1e286ef3-fc47-4cbf-9faf-ebb94ca9258b
Apr 29, 2024 9:25:46 AM org.apache.flink.runtime.security.token.DefaultDelegationTokenManager startTokensUpdate
WARNING: No tokens obtained so skipping notifications
Apr 29, 2024 9:25:46 AM org.apache.flink.runtime.security.token.DefaultDelegationTokenManager startTokensUpdate
WARNING: Tokens update task not started because either no tokens obtained or none of the tokens specified its renewal date
Apr 29, 2024 9:25:46 AM org.apache.flink.runtime.highavailability.nonha.embedded.EmbeddedLeaderService confirmLeader
INFO: Received confirmation of leadership for leader pekko://flink/user/rpc/resourcemanager_42 , session=58892cbf-44aa-4b10-b201-79efe7a005ee
Apr 29, 2024 9:25:46 AM org.apache.flink.runtime.taskexecutor.TaskExecutor connectToResourceManager
INFO: Connecting to ResourceManager pekko://flink/user/rpc/resourcemanager_42(b20179efe7a005ee58892cbf44aa4b10).
Apr 29, 2024 9:25:46 AM org.apache.flink.runtime.registration.RetryingRegistration lambda$startRegistration$0
INFO: Resolved ResourceManager address, beginning registration
Apr 29, 2024 9:25:46 AM org.apache.flink.runtime.dispatcher.Dispatcher submitJob
INFO: Received JobGraph submission 'DataStream Collect' (2205e474cd4dd570c442dc4c75d6f5ae).
Apr 29, 2024 9:25:46 AM org.apache.flink.runtime.dispatcher.Dispatcher internalSubmitJob
INFO: Submitting job 'DataStream Collect' (2205e474cd4dd570c442dc4c75d6f5ae).
Apr 29, 2024 9:25:46 AM org.apache.flink.runtime.highavailability.nonha.embedded.EmbeddedLeaderService updateLeader
INFO: Proposing leadership to the contender that is registered under component ID 'job-2205e474cd4dd570c442dc4c75d6f5ae'.
Apr 29, 2024 9:25:46 AM org.apache.flink.runtime.jobmaster.JobMasterServiceLeadershipRunner createNewJobMasterServiceProcess
INFO: JobMasterServiceLeadershipRunner for job 2205e474cd4dd570c442dc4c75d6f5ae was granted leadership with leader id f13843eb-6822-448b-826a-98a081244001. Creating new JobMasterServiceProcess.
Apr 29, 2024 9:25:46 AM org.apache.flink.runtime.resourcemanager.ResourceManager registerTaskExecutorInternal
INFO: Registering TaskManager with ResourceID f560872d-24dd-4370-8c76-80fceada39fa (pekko://flink/user/rpc/taskmanager_40) at ResourceManager
Apr 29, 2024 9:25:46 AM org.apache.flink.runtime.taskexecutor.TaskExecutorToResourceManagerConnection onRegistrationSuccess
INFO: Successful registration at resource manager pekko://flink/user/rpc/resourcemanager_42 under registration id d35db41355d397db990aad8ecaf6fd1b.
Apr 29, 2024 9:25:46 AM org.apache.flink.runtime.resourcemanager.slotmanager.FineGrainedSlotManager registerTaskManager
INFO: Registering task executor f560872d-24dd-4370-8c76-80fceada39fa under d35db41355d397db990aad8ecaf6fd1b at the slot manager.
Apr 29, 2024 9:25:46 AM org.apache.flink.runtime.rpc.pekko.PekkoRpcService startServer
INFO: Starting RPC endpoint for org.apache.flink.runtime.jobmaster.JobMaster at pekko://flink/user/rpc/jobmanager_43 .
Apr 29, 2024 9:25:46 AM org.apache.flink.runtime.jobmaster.JobMaster <init>
INFO: Initializing job 'DataStream Collect' (2205e474cd4dd570c442dc4c75d6f5ae).
Apr 29, 2024 9:25:46 AM org.apache.flink.runtime.scheduler.DefaultSchedulerFactory createInstance
INFO: Using restart back off time strategy FixedDelayRestartBackoffTimeStrategy(maxNumberRestartAttempts=2147483647, backoffTimeMS=1000) for DataStream Collect (2205e474cd4dd570c442dc4c75d6f5ae).
Apr 29, 2024 9:25:46 AM org.apache.flink.runtime.executiongraph.DefaultExecutionGraph <init>
INFO: Created execution graph af2585676c7fb9d9fa04c5a0ea8fa537 for job 2205e474cd4dd570c442dc4c75d6f5ae.
Apr 29, 2024 9:25:46 AM org.apache.flink.runtime.executiongraph.DefaultExecutionGraphBuilder buildGraph
INFO: Running initialization on master for job DataStream Collect (2205e474cd4dd570c442dc4c75d6f5ae).
Apr 29, 2024 9:25:46 AM org.apache.flink.runtime.executiongraph.DefaultExecutionGraphBuilder buildGraph
INFO: Successfully ran initialization on master in 0 ms.
Apr 29, 2024 9:25:46 AM org.apache.flink.runtime.scheduler.adapter.DefaultExecutionTopology generateNewPipelinedRegions
INFO: Built 1 new pipelined regions in 0 ms, total 1 pipelined regions currently.
Apr 29, 2024 9:25:46 AM org.apache.flink.runtime.state.StateBackendLoader loadFromApplicationOrConfigOrDefaultInternal
INFO: No state backend has been configured, using default (HashMap) org.apache.flink.runtime.state.hashmap.HashMapStateBackend@672b1e5b
Apr 29, 2024 9:25:46 AM org.apache.flink.runtime.state.StateBackendLoader fromApplicationOrConfigOrDefault
INFO: State backend loader loads the state backend as HashMapStateBackend
Apr 29, 2024 9:25:46 AM org.apache.flink.runtime.state.CheckpointStorageLoader createJobManagerCheckpointStorage
INFO: Checkpoint storage is set to 'jobmanager'
Apr 29, 2024 9:25:46 AM org.apache.flink.runtime.checkpoint.CheckpointCoordinator restoreLatestCheckpointedStateInternal
INFO: No checkpoint found during restore.
Apr 29, 2024 9:25:46 AM org.apache.flink.runtime.scheduler.DefaultScheduler <init>
INFO: Using failover strategy org.apache.flink.runtime.executiongraph.failover.flip1.RestartPipelinedRegionFailoverStrategy@4ba7966 for DataStream Collect (2205e474cd4dd570c442dc4c75d6f5ae).
Apr 29, 2024 9:25:46 AM org.apache.flink.runtime.highavailability.nonha.embedded.EmbeddedLeaderService confirmLeader
INFO: Received confirmation of leadership for leader pekko://flink/user/rpc/jobmanager_43 , session=f13843eb-6822-448b-826a-98a081244001
Apr 29, 2024 9:25:46 AM org.apache.flink.runtime.jobmaster.JobMaster startJobExecution
INFO: Starting execution of job 'DataStream Collect' (2205e474cd4dd570c442dc4c75d6f5ae) under job master id 826a98a081244001f13843eb6822448b.
Apr 29, 2024 9:25:46 AM org.apache.flink.runtime.scheduler.DefaultScheduler startSchedulingInternal
INFO: Starting scheduling with scheduling strategy [org.apache.flink.runtime.scheduler.strategy.PipelinedRegionSchedulingStrategy]
Apr 29, 2024 9:25:46 AM org.apache.flink.runtime.executiongraph.DefaultExecutionGraph transitionState
INFO: Job DataStream Collect (2205e474cd4dd570c442dc4c75d6f5ae) switched from state CREATED to RUNNING.
Apr 29, 2024 9:25:46 AM org.apache.flink.runtime.executiongraph.Execution transitionState
INFO: Source: Collection Source -> Timestamps/Watermarks (1/1) (af2585676c7fb9d9fa04c5a0ea8fa537_cbc357ccb763df2852fee8c4fc7d55f2_0_0) switched from CREATED to SCHEDULED.
Apr 29, 2024 9:25:46 AM org.apache.flink.runtime.executiongraph.Execution transitionState
INFO: TumblingEventTimeWindows -> (Sink: Unnamed, Sink: Data stream collect sink) (1/1) (af2585676c7fb9d9fa04c5a0ea8fa537_e9b82703c83ea7e9b9e5df8d59eb3c36_0_0) switched from CREATED to SCHEDULED.
Apr 29, 2024 9:25:46 AM org.apache.flink.runtime.jobmaster.JobMaster connectToResourceManager
INFO: Connecting to ResourceManager pekko://flink/user/rpc/resourcemanager_42(b20179efe7a005ee58892cbf44aa4b10)
Apr 29, 2024 9:25:46 AM org.apache.flink.runtime.registration.RetryingRegistration lambda$startRegistration$0
INFO: Resolved ResourceManager address, beginning registration
Apr 29, 2024 9:25:46 AM org.apache.flink.runtime.resourcemanager.ResourceManager registerJobMaster
INFO: Registering job manager 826a98a081244001f13843eb6822448b@pekko://flink/user/rpc/jobmanager_43 for job 2205e474cd4dd570c442dc4c75d6f5ae.
Apr 29, 2024 9:25:46 AM org.apache.flink.runtime.resourcemanager.ResourceManager registerJobMasterInternal
INFO: Registered job manager 826a98a081244001f13843eb6822448b@pekko://flink/user/rpc/jobmanager_43 for job 2205e474cd4dd570c442dc4c75d6f5ae.
Apr 29, 2024 9:25:46 AM org.apache.flink.runtime.jobmaster.JobMaster establishResourceManagerConnection
INFO: JobManager successfully registered at ResourceManager, leader id: b20179efe7a005ee58892cbf44aa4b10.
Apr 29, 2024 9:25:46 AM org.apache.flink.runtime.resourcemanager.slotmanager.FineGrainedSlotManager processResourceRequirements
INFO: Received resource requirements from job 2205e474cd4dd570c442dc4c75d6f5ae: [ResourceRequirement{resourceProfile=ResourceProfile{UNKNOWN}, numberOfRequiredSlots=1}]
Apr 29, 2024 9:25:46 AM org.apache.flink.runtime.resourcemanager.slotmanager.FineGrainedSlotManager logMissingAndAvailableResource
INFO: Matching resource requirements against available resources.
Missing resources:
	 Job 2205e474cd4dd570c442dc4c75d6f5ae
		ResourceRequirement{resourceProfile=ResourceProfile{UNKNOWN}, numberOfRequiredSlots=1}
Current resources:
	TaskManager f560872d-24dd-4370-8c76-80fceada39fa
		Available: ResourceProfile{taskHeapMemory=1024.000gb (1099511627776 bytes), taskOffHeapMemory=1024.000gb (1099511627776 bytes), managedMemory=128.000mb (134217728 bytes), networkMemory=64.000mb (67108864 bytes)}
		Total:     ResourceProfile{taskHeapMemory=1024.000gb (1099511627776 bytes), taskOffHeapMemory=1024.000gb (1099511627776 bytes), managedMemory=128.000mb (134217728 bytes), networkMemory=64.000mb (67108864 bytes)}
Apr 29, 2024 9:25:46 AM org.apache.flink.runtime.resourcemanager.slotmanager.DefaultSlotStatusSyncer allocateSlot
INFO: Starting allocation of slot aafe3c8f279d7dd06e07f37e966e4e51 from f560872d-24dd-4370-8c76-80fceada39fa for job 2205e474cd4dd570c442dc4c75d6f5ae with resource profile ResourceProfile{taskHeapMemory=1024.000gb (1099511627776 bytes), taskOffHeapMemory=1024.000gb (1099511627776 bytes), managedMemory=128.000mb (134217728 bytes), networkMemory=64.000mb (67108864 bytes)}.
Apr 29, 2024 9:25:46 AM org.apache.flink.runtime.taskexecutor.TaskExecutor requestSlot
INFO: Receive slot request aafe3c8f279d7dd06e07f37e966e4e51 for job 2205e474cd4dd570c442dc4c75d6f5ae from resource manager with leader id b20179efe7a005ee58892cbf44aa4b10.
Apr 29, 2024 9:25:46 AM org.apache.flink.runtime.taskexecutor.slot.TaskSlotTableImpl allocateSlot
INFO: Allocated slot for aafe3c8f279d7dd06e07f37e966e4e51 with resources ResourceProfile{taskHeapMemory=1024.000gb (1099511627776 bytes), taskOffHeapMemory=1024.000gb (1099511627776 bytes), managedMemory=128.000mb (134217728 bytes), networkMemory=64.000mb (67108864 bytes)}.
Apr 29, 2024 9:25:46 AM org.apache.flink.runtime.taskexecutor.DefaultJobLeaderService addJob
INFO: Add job 2205e474cd4dd570c442dc4c75d6f5ae for job leader monitoring.
Apr 29, 2024 9:25:46 AM org.apache.flink.runtime.taskexecutor.DefaultJobLeaderService$JobManagerLeaderListener openRpcConnectionTo
INFO: Try to register at job manager pekko://flink/user/rpc/jobmanager_43 with leader id f13843eb-6822-448b-826a-98a081244001.
Apr 29, 2024 9:25:46 AM org.apache.flink.runtime.registration.RetryingRegistration lambda$startRegistration$0
INFO: Resolved JobManager address, beginning registration
Apr 29, 2024 9:25:46 AM org.apache.flink.runtime.taskexecutor.DefaultJobLeaderService$JobManagerLeaderListener$JobManagerRegisteredRpcConnection lambda$onRegistrationSuccess$0
INFO: Successful registration at job manager pekko://flink/user/rpc/jobmanager_43 for job 2205e474cd4dd570c442dc4c75d6f5ae.
Apr 29, 2024 9:25:46 AM org.apache.flink.runtime.taskexecutor.TaskExecutor establishJobManagerConnection
INFO: Establish JobManager connection for job 2205e474cd4dd570c442dc4c75d6f5ae.
Apr 29, 2024 9:25:46 AM org.apache.flink.runtime.taskexecutor.TaskExecutor internalOfferSlotsToJobManager
INFO: Offer reserved slots to the leader of job 2205e474cd4dd570c442dc4c75d6f5ae.
Apr 29, 2024 9:25:46 AM org.apache.flink.runtime.executiongraph.Execution transitionState
INFO: Source: Collection Source -> Timestamps/Watermarks (1/1) (af2585676c7fb9d9fa04c5a0ea8fa537_cbc357ccb763df2852fee8c4fc7d55f2_0_0) switched from SCHEDULED to DEPLOYING.
Apr 29, 2024 9:25:46 AM org.apache.flink.runtime.executiongraph.Execution deploy
INFO: Deploying Source: Collection Source -> Timestamps/Watermarks (1/1) (attempt #0) with attempt id af2585676c7fb9d9fa04c5a0ea8fa537_cbc357ccb763df2852fee8c4fc7d55f2_0_0 and vertex id cbc357ccb763df2852fee8c4fc7d55f2_0 to f560872d-24dd-4370-8c76-80fceada39fa @ localhost (dataPort=-1) with allocation id aafe3c8f279d7dd06e07f37e966e4e51
Apr 29, 2024 9:25:46 AM org.apache.flink.runtime.executiongraph.Execution transitionState
INFO: TumblingEventTimeWindows -> (Sink: Unnamed, Sink: Data stream collect sink) (1/1) (af2585676c7fb9d9fa04c5a0ea8fa537_e9b82703c83ea7e9b9e5df8d59eb3c36_0_0) switched from SCHEDULED to DEPLOYING.
Apr 29, 2024 9:25:46 AM org.apache.flink.runtime.taskexecutor.slot.TaskSlotTableImpl markExistingSlotActive
INFO: Activate slot aafe3c8f279d7dd06e07f37e966e4e51.
Apr 29, 2024 9:25:46 AM org.apache.flink.runtime.executiongraph.Execution deploy
INFO: Deploying TumblingEventTimeWindows -> (Sink: Unnamed, Sink: Data stream collect sink) (1/1) (attempt #0) with attempt id af2585676c7fb9d9fa04c5a0ea8fa537_e9b82703c83ea7e9b9e5df8d59eb3c36_0_0 and vertex id e9b82703c83ea7e9b9e5df8d59eb3c36_0 to f560872d-24dd-4370-8c76-80fceada39fa @ localhost (dataPort=-1) with allocation id aafe3c8f279d7dd06e07f37e966e4e51
Apr 29, 2024 9:25:46 AM org.apache.flink.runtime.state.changelog.StateChangelogStorageLoader load
INFO: Creating a changelog storage with name 'memory'.
Apr 29, 2024 9:25:46 AM org.apache.flink.runtime.state.TaskExecutorChannelStateExecutorFactoryManager getOrCreateExecutorFactory
INFO: Creating the channel state executor factory for job id 2205e474cd4dd570c442dc4c75d6f5ae
Apr 29, 2024 9:25:46 AM org.apache.flink.runtime.taskexecutor.TaskExecutor submitTask
INFO: Received task Source: Collection Source -> Timestamps/Watermarks (1/1)#0 (af2585676c7fb9d9fa04c5a0ea8fa537_cbc357ccb763df2852fee8c4fc7d55f2_0_0), deploy into slot with allocation id aafe3c8f279d7dd06e07f37e966e4e51.
Apr 29, 2024 9:25:46 AM org.apache.flink.runtime.taskmanager.Task transitionState
INFO: Source: Collection Source -> Timestamps/Watermarks (1/1)#0 (af2585676c7fb9d9fa04c5a0ea8fa537_cbc357ccb763df2852fee8c4fc7d55f2_0_0) switched from CREATED to DEPLOYING.
Apr 29, 2024 9:25:46 AM org.apache.flink.runtime.taskexecutor.slot.TaskSlotTableImpl markExistingSlotActive
INFO: Activate slot aafe3c8f279d7dd06e07f37e966e4e51.
Apr 29, 2024 9:25:46 AM org.apache.flink.runtime.taskmanager.Task doRun
INFO: Loading JAR files for task Source: Collection Source -> Timestamps/Watermarks (1/1)#0 (af2585676c7fb9d9fa04c5a0ea8fa537_cbc357ccb763df2852fee8c4fc7d55f2_0_0) [DEPLOYING].
Apr 29, 2024 9:25:46 AM org.apache.flink.runtime.state.StateBackendLoader loadFromApplicationOrConfigOrDefaultInternal
INFO: No state backend has been configured, using default (HashMap) org.apache.flink.runtime.state.hashmap.HashMapStateBackend@1062ba9c
Apr 29, 2024 9:25:46 AM org.apache.flink.runtime.state.StateBackendLoader fromApplicationOrConfigOrDefault
INFO: State backend loader loads the state backend as HashMapStateBackend
Apr 29, 2024 9:25:46 AM org.apache.flink.runtime.state.CheckpointStorageLoader createJobManagerCheckpointStorage
INFO: Checkpoint storage is set to 'jobmanager'
Apr 29, 2024 9:25:46 AM org.apache.flink.runtime.taskmanager.Task transitionState
INFO: Source: Collection Source -> Timestamps/Watermarks (1/1)#0 (af2585676c7fb9d9fa04c5a0ea8fa537_cbc357ccb763df2852fee8c4fc7d55f2_0_0) switched from DEPLOYING to INITIALIZING.
Apr 29, 2024 9:25:46 AM org.apache.flink.runtime.taskexecutor.TaskExecutor submitTask
INFO: Received task TumblingEventTimeWindows -> (Sink: Unnamed, Sink: Data stream collect sink) (1/1)#0 (af2585676c7fb9d9fa04c5a0ea8fa537_e9b82703c83ea7e9b9e5df8d59eb3c36_0_0), deploy into slot with allocation id aafe3c8f279d7dd06e07f37e966e4e51.
Apr 29, 2024 9:25:46 AM org.apache.flink.runtime.taskmanager.Task transitionState
INFO: TumblingEventTimeWindows -> (Sink: Unnamed, Sink: Data stream collect sink) (1/1)#0 (af2585676c7fb9d9fa04c5a0ea8fa537_e9b82703c83ea7e9b9e5df8d59eb3c36_0_0) switched from CREATED to DEPLOYING.
Apr 29, 2024 9:25:46 AM org.apache.flink.runtime.taskexecutor.slot.TaskSlotTableImpl markExistingSlotActive
INFO: Activate slot aafe3c8f279d7dd06e07f37e966e4e51.
Apr 29, 2024 9:25:46 AM org.apache.flink.runtime.taskmanager.Task doRun
INFO: Loading JAR files for task TumblingEventTimeWindows -> (Sink: Unnamed, Sink: Data stream collect sink) (1/1)#0 (af2585676c7fb9d9fa04c5a0ea8fa537_e9b82703c83ea7e9b9e5df8d59eb3c36_0_0) [DEPLOYING].
Apr 29, 2024 9:25:46 AM org.apache.flink.runtime.executiongraph.Execution transitionState
INFO: Source: Collection Source -> Timestamps/Watermarks (1/1) (af2585676c7fb9d9fa04c5a0ea8fa537_cbc357ccb763df2852fee8c4fc7d55f2_0_0) switched from DEPLOYING to INITIALIZING.
Apr 29, 2024 9:25:46 AM org.apache.flink.runtime.state.StateBackendLoader loadFromApplicationOrConfigOrDefaultInternal
INFO: No state backend has been configured, using default (HashMap) org.apache.flink.runtime.state.hashmap.HashMapStateBackend@301a2080
Apr 29, 2024 9:25:46 AM org.apache.flink.runtime.state.StateBackendLoader fromApplicationOrConfigOrDefault
INFO: State backend loader loads the state backend as HashMapStateBackend
Apr 29, 2024 9:25:46 AM org.apache.flink.runtime.state.CheckpointStorageLoader createJobManagerCheckpointStorage
INFO: Checkpoint storage is set to 'jobmanager'
Apr 29, 2024 9:25:46 AM org.apache.flink.runtime.taskmanager.Task transitionState
INFO: TumblingEventTimeWindows -> (Sink: Unnamed, Sink: Data stream collect sink) (1/1)#0 (af2585676c7fb9d9fa04c5a0ea8fa537_e9b82703c83ea7e9b9e5df8d59eb3c36_0_0) switched from DEPLOYING to INITIALIZING.
Apr 29, 2024 9:25:46 AM org.apache.flink.runtime.executiongraph.Execution transitionState
INFO: TumblingEventTimeWindows -> (Sink: Unnamed, Sink: Data stream collect sink) (1/1) (af2585676c7fb9d9fa04c5a0ea8fa537_e9b82703c83ea7e9b9e5df8d59eb3c36_0_0) switched from DEPLOYING to INITIALIZING.
Apr 29, 2024 9:25:46 AM org.apache.flink.runtime.taskmanager.Task transitionState
INFO: Source: Collection Source -> Timestamps/Watermarks (1/1)#0 (af2585676c7fb9d9fa04c5a0ea8fa537_cbc357ccb763df2852fee8c4fc7d55f2_0_0) switched from INITIALIZING to RUNNING.
Apr 29, 2024 9:25:46 AM org.apache.flink.runtime.executiongraph.Execution transitionState
INFO: Source: Collection Source -> Timestamps/Watermarks (1/1) (af2585676c7fb9d9fa04c5a0ea8fa537_cbc357ccb763df2852fee8c4fc7d55f2_0_0) switched from INITIALIZING to RUNNING.
Apr 29, 2024 9:25:46 AM org.apache.flink.api.java.typeutils.runtime.kryo.KryoSerializer getKryoInstance
INFO: Kryo serializer scala extensions are not available.
Apr 29, 2024 9:25:46 AM org.apache.flink.streaming.api.operators.collect.CollectSinkFunction initializeState
INFO: Initializing collect sink state with offset = 0, buffered results bytes = 0
Apr 29, 2024 9:25:46 AM org.apache.flink.api.java.typeutils.runtime.kryo.KryoSerializer getKryoInstance
INFO: Kryo serializer scala extensions are not available.
Apr 29, 2024 9:25:46 AM org.apache.flink.streaming.api.operators.collect.CollectSinkFunction open
INFO: Collect sink server established, address = localhost/127.0.0.1:50061
Apr 29, 2024 9:25:46 AM org.apache.flink.api.java.typeutils.runtime.kryo.KryoSerializer getKryoInstance
INFO: Kryo serializer scala extensions are not available.
Apr 29, 2024 9:25:46 AM org.apache.flink.runtime.state.heap.HeapKeyedStateBackendBuilder restoreState
INFO: Finished to build heap keyed state-backend.
Apr 29, 2024 9:25:46 AM org.apache.flink.runtime.state.heap.HeapKeyedStateBackend <init>
INFO: Initializing heap keyed state backend with stream factory.
Apr 29, 2024 9:25:46 AM org.apache.flink.streaming.api.operators.collect.CollectSinkOperatorCoordinator handleEventFromOperator
INFO: Received sink socket server address: localhost/127.0.0.1:50061
Apr 29, 2024 9:25:46 AM org.apache.flink.runtime.taskmanager.Task transitionState
INFO: TumblingEventTimeWindows -> (Sink: Unnamed, Sink: Data stream collect sink) (1/1)#0 (af2585676c7fb9d9fa04c5a0ea8fa537_e9b82703c83ea7e9b9e5df8d59eb3c36_0_0) switched from INITIALIZING to RUNNING.
Apr 29, 2024 9:25:46 AM org.apache.flink.runtime.executiongraph.Execution transitionState
INFO: TumblingEventTimeWindows -> (Sink: Unnamed, Sink: Data stream collect sink) (1/1) (af2585676c7fb9d9fa04c5a0ea8fa537_e9b82703c83ea7e9b9e5df8d59eb3c36_0_0) switched from INITIALIZING to RUNNING.
Apr 29, 2024 9:25:46 AM org.apache.flink.api.java.typeutils.runtime.kryo.KryoSerializer getKryoInstance
INFO: Kryo serializer scala extensions are not available.
Apr 29, 2024 9:25:46 AM org.apache.flink.runtime.scheduler.SchedulerBase triggerCheckpoint
INFO: Triggering a manual checkpoint for job 2205e474cd4dd570c442dc4c75d6f5ae.
Apr 29, 2024 9:25:46 AM org.apache.flink.runtime.checkpoint.CheckpointCoordinator createPendingCheckpoint
INFO: Triggering checkpoint 1 (type=CheckpointType{name='Checkpoint', sharingFilesStrategy=FORWARD_BACKWARD}) @ 1714397146442 for job 2205e474cd4dd570c442dc4c75d6f5ae.
Apr 29, 2024 9:25:46 AM org.apache.flink.runtime.checkpoint.CheckpointCoordinator logCheckpointInfo
INFO: Completed checkpoint 1 for job 2205e474cd4dd570c442dc4c75d6f5ae (5322 bytes, checkpointDuration=9 ms, finalizationTime=0 ms).
Apr 29, 2024 9:25:46 AM org.apache.flink.runtime.taskmanager.Task transitionState
INFO: Source: Collection Source -> Timestamps/Watermarks (1/1)#0 (af2585676c7fb9d9fa04c5a0ea8fa537_cbc357ccb763df2852fee8c4fc7d55f2_0_0) switched from RUNNING to FINISHED.
Apr 29, 2024 9:25:46 AM org.apache.flink.runtime.taskmanager.Task doRun
INFO: Freeing task resources for Source: Collection Source -> Timestamps/Watermarks (1/1)#0 (af2585676c7fb9d9fa04c5a0ea8fa537_cbc357ccb763df2852fee8c4fc7d55f2_0_0).
Apr 29, 2024 9:25:46 AM org.apache.flink.runtime.taskexecutor.TaskExecutor unregisterTaskAndNotifyFinalState
INFO: Un-registering task and sending final execution state FINISHED to JobManager for task Source: Collection Source -> Timestamps/Watermarks (1/1)#0 af2585676c7fb9d9fa04c5a0ea8fa537_cbc357ccb763df2852fee8c4fc7d55f2_0_0.
Apr 29, 2024 9:25:46 AM org.apache.flink.runtime.executiongraph.Execution transitionState
INFO: Source: Collection Source -> Timestamps/Watermarks (1/1) (af2585676c7fb9d9fa04c5a0ea8fa537_cbc357ccb763df2852fee8c4fc7d55f2_0_0) switched from RUNNING to FINISHED.
Apr 29, 2024 9:25:46 AM org.apache.flink.runtime.taskmanager.Task transitionState
INFO: TumblingEventTimeWindows -> (Sink: Unnamed, Sink: Data stream collect sink) (1/1)#0 (af2585676c7fb9d9fa04c5a0ea8fa537_e9b82703c83ea7e9b9e5df8d59eb3c36_0_0) switched from RUNNING to FINISHED.
Apr 29, 2024 9:25:46 AM org.apache.flink.runtime.taskmanager.Task doRun
INFO: Freeing task resources for TumblingEventTimeWindows -> (Sink: Unnamed, Sink: Data stream collect sink) (1/1)#0 (af2585676c7fb9d9fa04c5a0ea8fa537_e9b82703c83ea7e9b9e5df8d59eb3c36_0_0).
Apr 29, 2024 9:25:46 AM org.apache.flink.runtime.taskexecutor.TaskExecutor unregisterTaskAndNotifyFinalState
INFO: Un-registering task and sending final execution state FINISHED to JobManager for task TumblingEventTimeWindows -> (Sink: Unnamed, Sink: Data stream collect sink) (1/1)#0 af2585676c7fb9d9fa04c5a0ea8fa537_e9b82703c83ea7e9b9e5df8d59eb3c36_0_0.
Apr 29, 2024 9:25:46 AM org.apache.flink.runtime.executiongraph.Execution transitionState
INFO: TumblingEventTimeWindows -> (Sink: Unnamed, Sink: Data stream collect sink) (1/1) (af2585676c7fb9d9fa04c5a0ea8fa537_e9b82703c83ea7e9b9e5df8d59eb3c36_0_0) switched from RUNNING to FINISHED.
Apr 29, 2024 9:25:46 AM org.apache.flink.runtime.executiongraph.DefaultExecutionGraph transitionState
INFO: Job DataStream Collect (2205e474cd4dd570c442dc4c75d6f5ae) switched from state RUNNING to FINISHED.
Apr 29, 2024 9:25:46 AM org.apache.flink.runtime.resourcemanager.slotmanager.FineGrainedSlotManager processResourceRequirements
INFO: Clearing resource requirements of job 2205e474cd4dd570c442dc4c75d6f5ae
Apr 29, 2024 9:25:46 AM org.apache.flink.runtime.checkpoint.CheckpointCoordinator shutdown
INFO: Stopping checkpoint coordinator for job 2205e474cd4dd570c442dc4c75d6f5ae.
Apr 29, 2024 9:25:46 AM org.apache.flink.runtime.minicluster.MiniCluster closeInternal
INFO: Shutting down Flink Mini Cluster
Apr 29, 2024 9:25:46 AM org.apache.flink.runtime.dispatcher.Dispatcher jobReachedTerminalState
INFO: Job 2205e474cd4dd570c442dc4c75d6f5ae reached terminal state FINISHED.
Apr 29, 2024 9:25:46 AM org.apache.flink.runtime.rest.RestServerEndpoint closeAsync
INFO: Shutting down rest endpoint.
Apr 29, 2024 9:25:46 AM org.apache.flink.runtime.taskexecutor.TaskExecutor onStop
INFO: Stopping TaskExecutor pekko://flink/user/rpc/taskmanager_40.
Apr 29, 2024 9:25:46 AM org.apache.flink.runtime.taskexecutor.TaskExecutor closeResourceManagerConnection
INFO: Close ResourceManager connection 502274d5816785f9a3d93c6c6500b7c6.
Apr 29, 2024 9:25:46 AM org.apache.flink.runtime.dispatcher.Dispatcher lambda$registerGloballyTerminatedJobInJobResultStore$42
INFO: Job 2205e474cd4dd570c442dc4c75d6f5ae has been registered for cleanup in the JobResultStore after reaching a terminal state.
Apr 29, 2024 9:25:46 AM org.apache.flink.runtime.taskexecutor.TaskExecutor disconnectJobManagerConnection
INFO: Close JobManager connection for job 2205e474cd4dd570c442dc4c75d6f5ae.
Apr 29, 2024 9:25:46 AM org.apache.flink.runtime.resourcemanager.ResourceManager closeTaskManagerConnection
INFO: Closing TaskExecutor connection f560872d-24dd-4370-8c76-80fceada39fa because: The TaskExecutor is shutting down.
Apr 29, 2024 9:25:46 AM org.apache.flink.runtime.resourcemanager.slotmanager.FineGrainedSlotManager unregisterTaskManager
INFO: Unregistering task executor d35db41355d397db990aad8ecaf6fd1b from the slot manager.
Apr 29, 2024 9:25:46 AM org.apache.flink.runtime.resourcemanager.slotmanager.DefaultSlotStatusSyncer freeSlot
INFO: Freeing slot aafe3c8f279d7dd06e07f37e966e4e51.
Apr 29, 2024 9:25:46 AM org.apache.flink.runtime.jobmaster.JobMaster onStop
INFO: Stopping the JobMaster for job 'DataStream Collect' (2205e474cd4dd570c442dc4c75d6f5ae).
Apr 29, 2024 9:25:46 AM org.apache.flink.runtime.state.TaskExecutorStateChangelogStoragesManager shutdown
INFO: Shutting down TaskExecutorStateChangelogStoragesManager.
Apr 29, 2024 9:25:46 AM org.apache.flink.runtime.state.TaskExecutorChannelStateExecutorFactoryManager shutdown
INFO: Shutting down TaskExecutorChannelStateExecutorFactoryManager.
Apr 29, 2024 9:25:46 AM org.apache.flink.runtime.taskexecutor.slot.TaskSlotTableImpl freeSlotInternal
INFO: Free slot TaskSlot(index:1, state:ALLOCATED, resource profile: ResourceProfile{taskHeapMemory=1024.000gb (1099511627776 bytes), taskOffHeapMemory=1024.000gb (1099511627776 bytes), managedMemory=128.000mb (134217728 bytes), networkMemory=64.000mb (67108864 bytes)}, allocationId: aafe3c8f279d7dd06e07f37e966e4e51, jobId: 2205e474cd4dd570c442dc4c75d6f5ae).
Apr 29, 2024 9:25:46 AM org.apache.flink.streaming.api.operators.collect.CollectSinkOperatorCoordinator close
INFO: Closing the CollectSinkOperatorCoordinator.
Apr 29, 2024 9:25:46 AM org.apache.flink.runtime.jobmaster.JobMaster disconnectTaskManager
INFO: Disconnect TaskExecutor f560872d-24dd-4370-8c76-80fceada39fa because: The TaskExecutor is shutting down.
Apr 29, 2024 9:25:46 AM org.apache.flink.runtime.jobmaster.slotpool.DefaultDeclarativeSlotPool releaseSlots
INFO: Releasing slot [aafe3c8f279d7dd06e07f37e966e4e51].
Apr 29, 2024 9:25:46 AM org.apache.flink.runtime.taskexecutor.DefaultJobLeaderService stop
INFO: Stop job leader service.
Apr 29, 2024 9:25:46 AM org.apache.flink.runtime.checkpoint.StandaloneCompletedCheckpointStore shutdown
INFO: Shutting down
Apr 29, 2024 9:25:46 AM org.apache.flink.runtime.state.TaskExecutorLocalStateStoresManager shutdown
INFO: Shutting down TaskExecutorLocalStateStoresManager.
Apr 29, 2024 9:25:46 AM org.apache.flink.runtime.jobmaster.JobMaster dissolveResourceManagerConnection
INFO: Close ResourceManager connection 502274d5816785f9a3d93c6c6500b7c6: Stopping JobMaster for job 'DataStream Collect' (2205e474cd4dd570c442dc4c75d6f5ae).
Apr 29, 2024 9:25:46 AM org.apache.flink.runtime.resourcemanager.ResourceManager closeJobManagerConnection
INFO: Disconnect job manager 826a98a081244001f13843eb6822448b@pekko://flink/user/rpc/jobmanager_43 for job 2205e474cd4dd570c442dc4c75d6f5ae from the resource manager.
Apr 29, 2024 9:25:46 AM org.apache.flink.runtime.webmonitor.WebMonitorEndpoint lambda$shutDownInternal$7
INFO: Removing cache directory /var/folders/9y/mg706rlj3cx1fsv47rlmtqq40000gn/T/flink-web-ui
Apr 29, 2024 9:25:46 AM org.apache.flink.runtime.io.disk.FileChannelManagerImpl lambda$getFileCloser$0
INFO: FileChannelManager removed spill file directory /var/folders/9y/mg706rlj3cx1fsv47rlmtqq40000gn/T/flink-io-519309dc-a9a6-417d-b6c0-b1d133e2ff8b
Apr 29, 2024 9:25:46 AM org.apache.flink.runtime.io.network.NettyShuffleEnvironment close
INFO: Shutting down the network environment and its components.
Apr 29, 2024 9:25:46 AM org.apache.flink.runtime.webmonitor.WebMonitorEndpoint revokeLeadership
INFO: http://localhost:50060 lost leadership
Apr 29, 2024 9:25:46 AM org.apache.flink.runtime.rest.RestServerEndpoint lambda$closeAsync$1
INFO: Shut down complete.
Apr 29, 2024 9:25:46 AM org.apache.flink.runtime.resourcemanager.ResourceManager deregisterApplication
INFO: Shut down cluster because application is in CANCELED, diagnostics DispatcherResourceManagerComponent has been closed..
Apr 29, 2024 9:25:46 AM org.apache.flink.runtime.entrypoint.component.DispatcherResourceManagerComponent closeAsyncInternal
INFO: Closing components.
Apr 29, 2024 9:25:46 AM org.apache.flink.runtime.dispatcher.runner.AbstractDispatcherLeaderProcess closeInternal
INFO: Stopping SessionDispatcherLeaderProcess.
Apr 29, 2024 9:25:46 AM org.apache.flink.runtime.resourcemanager.ResourceManagerServiceImpl closeAsync
INFO: Stopping resource manager service.
Apr 29, 2024 9:25:46 AM org.apache.flink.runtime.resourcemanager.ResourceManagerServiceImpl lambda$revokeLeadership$3
INFO: Resource manager service is not running. Ignore revoking leadership.
Apr 29, 2024 9:25:46 AM org.apache.flink.runtime.dispatcher.Dispatcher onStop
INFO: Stopping dispatcher pekko://flink/user/rpc/dispatcher_41.
Apr 29, 2024 9:25:46 AM org.apache.flink.runtime.security.token.DefaultDelegationTokenManager stop
INFO: Stopping credential renewal
Apr 29, 2024 9:25:46 AM org.apache.flink.runtime.security.token.DefaultDelegationTokenManager stop
INFO: Stopped credential renewal
Apr 29, 2024 9:25:46 AM org.apache.flink.runtime.dispatcher.Dispatcher terminateRunningJobs
INFO: Stopping all currently running jobs of dispatcher pekko://flink/user/rpc/dispatcher_41.
Apr 29, 2024 9:25:46 AM org.apache.flink.runtime.resourcemanager.slotmanager.FineGrainedSlotManager close
INFO: Closing the slot manager.
Apr 29, 2024 9:25:46 AM org.apache.flink.runtime.resourcemanager.slotmanager.FineGrainedSlotManager suspend
INFO: Suspending the slot manager.
Apr 29, 2024 9:25:46 AM org.apache.flink.runtime.io.disk.FileChannelManagerImpl lambda$getFileCloser$0
INFO: FileChannelManager removed spill file directory /var/folders/9y/mg706rlj3cx1fsv47rlmtqq40000gn/T/flink-netty-shuffle-4defab8b-92bc-459a-8cbd-0c2d678d302e
Apr 29, 2024 9:25:46 AM org.apache.flink.runtime.taskexecutor.KvStateService shutdown
INFO: Shutting down the kvState service and its components.
Apr 29, 2024 9:25:46 AM org.apache.flink.runtime.taskexecutor.DefaultJobLeaderService stop
INFO: Stop job leader service.
Apr 29, 2024 9:25:46 AM org.apache.flink.runtime.dispatcher.Dispatcher lambda$onStop$2
INFO: Stopped dispatcher pekko://flink/user/rpc/dispatcher_41.
Apr 29, 2024 9:25:46 AM org.apache.flink.runtime.filecache.FileCache shutdown
INFO: removed file cache directory /var/folders/9y/mg706rlj3cx1fsv47rlmtqq40000gn/T/flink-dist-cache-27821d6b-12c5-494c-8a69-e64a38b4a273
Apr 29, 2024 9:25:46 AM org.apache.flink.runtime.taskexecutor.TaskExecutor handleOnStopException
INFO: Stopped TaskExecutor pekko://flink/user/rpc/taskmanager_40.
Apr 29, 2024 9:25:46 AM org.apache.flink.runtime.rpc.pekko.PekkoRpcService closeAsync
INFO: Stopping Pekko RPC service.
Apr 29, 2024 9:25:46 AM org.apache.pekko.event.slf4j.Slf4jLogger$$anonfun$receive$1 $anonfun$applyOrElse$3
INFO: Running CoordinatedShutdown with reason [ActorSystemTerminateReason]
Apr 29, 2024 9:25:46 AM org.apache.flink.runtime.rpc.pekko.PekkoRpcService closeAsync
INFO: Stopping Pekko RPC service.
Apr 29, 2024 9:25:46 AM org.apache.flink.runtime.rpc.pekko.PekkoRpcService lambda$closeAsync$7
INFO: Stopped Pekko RPC service.
Apr 29, 2024 9:25:46 AM org.apache.pekko.event.slf4j.Slf4jLogger$$anonfun$receive$1 $anonfun$applyOrElse$3
INFO: Running CoordinatedShutdown with reason [ActorSystemTerminateReason]
Apr 29, 2024 9:25:46 AM org.apache.flink.runtime.blob.AbstractBlobCache close
INFO: Shutting down BLOB cache
Apr 29, 2024 9:25:46 AM org.apache.flink.runtime.blob.AbstractBlobCache close
INFO: Shutting down BLOB cache
Apr 29, 2024 9:25:46 AM org.apache.flink.runtime.blob.BlobServer close
INFO: Stopped BLOB server at 0.0.0.0:50059
Apr 29, 2024 9:25:46 AM org.apache.flink.runtime.rpc.pekko.PekkoRpcService lambda$closeAsync$7
INFO: Stopped Pekko RPC service.
Apr 29, 2024 9:25:46 AM org.apache.flink.streaming.api.operators.collect.CollectResultFetcher isJobTerminated
WARNING: Failed to get job status so we assume that the job has terminated. Some data might be lost.
java.lang.IllegalStateException: MiniCluster is not yet running or has already been shut down.
	at org.apache.flink.util.Preconditions.checkState(Preconditions.java:193)
	at org.apache.flink.runtime.minicluster.MiniCluster.getDispatcherGatewayFuture(MiniCluster.java:1069)
	at org.apache.flink.runtime.minicluster.MiniCluster.runDispatcherCommand(MiniCluster.java:942)
	at org.apache.flink.runtime.minicluster.MiniCluster.getJobStatus(MiniCluster.java:866)
	at org.apache.flink.runtime.minicluster.MiniClusterJobClient.getJobStatus(MiniClusterJobClient.java:91)
	at org.apache.flink.streaming.api.operators.collect.CollectResultFetcher.isJobTerminated(CollectResultFetcher.java:211)
	at org.apache.flink.streaming.api.operators.collect.CollectResultFetcher.next(CollectResultFetcher.java:118)
	at org.apache.flink.streaming.api.operators.collect.CollectResultIterator.nextResultFromFetcher(CollectResultIterator.java:106)
	at org.apache.flink.streaming.api.operators.collect.CollectResultIterator.hasNext(CollectResultIterator.java:80)
	at org.apache.flink.streaming.api.datastream.DataStream.executeAndCollect(DataStream.java:1365)
	at org.apache.flink.streaming.api.datastream.DataStream.executeAndCollect(DataStream.java:1348)
	at flink.test.testQuery7.testHighestBidCalculation(testQuery7.java:82)
	at java.base/jdk.internal.reflect.NativeMethodAccessorImpl.invoke0(Native Method)
	at java.base/jdk.internal.reflect.NativeMethodAccessorImpl.invoke(NativeMethodAccessorImpl.java:62)
	at java.base/jdk.internal.reflect.DelegatingMethodAccessorImpl.invoke(DelegatingMethodAccessorImpl.java:43)
	at java.base/java.lang.reflect.Method.invoke(Method.java:566)
	at org.junit.runners.model.FrameworkMethod$1.runReflectiveCall(FrameworkMethod.java:59)
	at org.junit.internal.runners.model.ReflectiveCallable.run(ReflectiveCallable.java:12)
	at org.junit.runners.model.FrameworkMethod.invokeExplosively(FrameworkMethod.java:56)
	at org.junit.internal.runners.statements.InvokeMethod.evaluate(InvokeMethod.java:17)
	at org.junit.runners.ParentRunner$3.evaluate(ParentRunner.java:306)
	at org.junit.runners.BlockJUnit4ClassRunner$1.evaluate(BlockJUnit4ClassRunner.java:100)
	at org.junit.runners.ParentRunner.runLeaf(ParentRunner.java:366)
	at org.junit.runners.BlockJUnit4ClassRunner.runChild(BlockJUnit4ClassRunner.java:103)
	at org.junit.runners.BlockJUnit4ClassRunner.runChild(BlockJUnit4ClassRunner.java:63)
	at org.junit.runners.ParentRunner$4.run(ParentRunner.java:331)
	at org.junit.runners.ParentRunner$1.schedule(ParentRunner.java:79)
	at org.junit.runners.ParentRunner.runChildren(ParentRunner.java:329)
	at org.junit.runners.ParentRunner.access$100(ParentRunner.java:66)
	at org.junit.runners.ParentRunner$2.evaluate(ParentRunner.java:293)
	at org.junit.runners.ParentRunner$3.evaluate(ParentRunner.java:306)
	at org.junit.runners.ParentRunner.run(ParentRunner.java:413)
	at org.apache.maven.surefire.junit4.JUnit4Provider.execute(JUnit4Provider.java:364)
	at org.apache.maven.surefire.junit4.JUnit4Provider.executeWithRerun(JUnit4Provider.java:272)
	at org.apache.maven.surefire.junit4.JUnit4Provider.executeTestSet(JUnit4Provider.java:237)
	at org.apache.maven.surefire.junit4.JUnit4Provider.invoke(JUnit4Provider.java:158)
	at org.apache.maven.surefire.booter.ForkedBooter.runSuitesInProcess(ForkedBooter.java:428)
	at org.apache.maven.surefire.booter.ForkedBooter.execute(ForkedBooter.java:162)
	at org.apache.maven.surefire.booter.ForkedBooter.run(ForkedBooter.java:562)
	at org.apache.maven.surefire.booter.ForkedBooter.main(ForkedBooter.java:548)

Apr 29, 2024 9:25:46 AM org.apache.flink.streaming.api.operators.collect.CollectResultFetcher isJobTerminated
WARNING: Failed to get job status so we assume that the job has terminated. Some data might be lost.
java.lang.IllegalStateException: MiniCluster is not yet running or has already been shut down.
	at org.apache.flink.util.Preconditions.checkState(Preconditions.java:193)
	at org.apache.flink.runtime.minicluster.MiniCluster.getDispatcherGatewayFuture(MiniCluster.java:1069)
	at org.apache.flink.runtime.minicluster.MiniCluster.runDispatcherCommand(MiniCluster.java:942)
	at org.apache.flink.runtime.minicluster.MiniCluster.getJobStatus(MiniCluster.java:866)
	at org.apache.flink.runtime.minicluster.MiniClusterJobClient.getJobStatus(MiniClusterJobClient.java:91)
	at org.apache.flink.streaming.api.operators.collect.CollectResultFetcher.isJobTerminated(CollectResultFetcher.java:211)
	at org.apache.flink.streaming.api.operators.collect.CollectResultFetcher.cancelJob(CollectResultFetcher.java:233)
	at org.apache.flink.streaming.api.operators.collect.CollectResultFetcher.close(CollectResultFetcher.java:158)
	at org.apache.flink.streaming.api.operators.collect.CollectResultIterator.close(CollectResultIterator.java:97)
	at org.apache.flink.streaming.api.operators.collect.ClientAndIterator.close(ClientAndIterator.java:45)
	at org.apache.flink.streaming.api.datastream.DataStream.executeAndCollect(DataStream.java:1371)
	at org.apache.flink.streaming.api.datastream.DataStream.executeAndCollect(DataStream.java:1348)
	at flink.test.testQuery7.testHighestBidCalculation(testQuery7.java:82)
	at java.base/jdk.internal.reflect.NativeMethodAccessorImpl.invoke0(Native Method)
	at java.base/jdk.internal.reflect.NativeMethodAccessorImpl.invoke(NativeMethodAccessorImpl.java:62)
	at java.base/jdk.internal.reflect.DelegatingMethodAccessorImpl.invoke(DelegatingMethodAccessorImpl.java:43)
	at java.base/java.lang.reflect.Method.invoke(Method.java:566)
	at org.junit.runners.model.FrameworkMethod$1.runReflectiveCall(FrameworkMethod.java:59)
	at org.junit.internal.runners.model.ReflectiveCallable.run(ReflectiveCallable.java:12)
	at org.junit.runners.model.FrameworkMethod.invokeExplosively(FrameworkMethod.java:56)
	at org.junit.internal.runners.statements.InvokeMethod.evaluate(InvokeMethod.java:17)
	at org.junit.runners.ParentRunner$3.evaluate(ParentRunner.java:306)
	at org.junit.runners.BlockJUnit4ClassRunner$1.evaluate(BlockJUnit4ClassRunner.java:100)
	at org.junit.runners.ParentRunner.runLeaf(ParentRunner.java:366)
	at org.junit.runners.BlockJUnit4ClassRunner.runChild(BlockJUnit4ClassRunner.java:103)
	at org.junit.runners.BlockJUnit4ClassRunner.runChild(BlockJUnit4ClassRunner.java:63)
	at org.junit.runners.ParentRunner$4.run(ParentRunner.java:331)
	at org.junit.runners.ParentRunner$1.schedule(ParentRunner.java:79)
	at org.junit.runners.ParentRunner.runChildren(ParentRunner.java:329)
	at org.junit.runners.ParentRunner.access$100(ParentRunner.java:66)
	at org.junit.runners.ParentRunner$2.evaluate(ParentRunner.java:293)
	at org.junit.runners.ParentRunner$3.evaluate(ParentRunner.java:306)
	at org.junit.runners.ParentRunner.run(ParentRunner.java:413)
	at org.apache.maven.surefire.junit4.JUnit4Provider.execute(JUnit4Provider.java:364)
	at org.apache.maven.surefire.junit4.JUnit4Provider.executeWithRerun(JUnit4Provider.java:272)
	at org.apache.maven.surefire.junit4.JUnit4Provider.executeTestSet(JUnit4Provider.java:237)
	at org.apache.maven.surefire.junit4.JUnit4Provider.invoke(JUnit4Provider.java:158)
	at org.apache.maven.surefire.booter.ForkedBooter.runSuitesInProcess(ForkedBooter.java:428)
	at org.apache.maven.surefire.booter.ForkedBooter.execute(ForkedBooter.java:162)
	at org.apache.maven.surefire.booter.ForkedBooter.run(ForkedBooter.java:562)
	at org.apache.maven.surefire.booter.ForkedBooter.main(ForkedBooter.java:548)

]]></system-err>
  </testcase>
  <testcase name="testReverseChronologicalBids" classname="flink.test.testQuery7" time="1.906">
    <system-out><![CDATA[(1,1000,0)
]]></system-out>
    <system-err><![CDATA[Apr 29, 2024 9:25:46 AM org.apache.flink.api.java.typeutils.TypeExtractor analyzePojo
INFO: The default constructor of class org.apache.beam.sdk.nexmark.model.Bid is not Public so it cannot be used as a POJO type and must be processed as GenericType. Please read the Flink documentation on "Data Types & Serialization" for details of the effect on performance and schema evolution.
Apr 29, 2024 9:25:46 AM org.apache.flink.api.java.typeutils.runtime.kryo.KryoSerializer getKryoInstance
INFO: Kryo serializer scala extensions are not available.
Apr 29, 2024 9:25:46 AM org.apache.flink.runtime.taskexecutor.TaskExecutorResourceUtils setConfigOptionToDefaultIfNotSet
INFO: The configuration option taskmanager.cpu.cores required for local execution is not set, setting it to the maximal possible value.
Apr 29, 2024 9:25:46 AM org.apache.flink.runtime.taskexecutor.TaskExecutorResourceUtils setConfigOptionToDefaultIfNotSet
INFO: The configuration option taskmanager.memory.task.heap.size required for local execution is not set, setting it to the maximal possible value.
Apr 29, 2024 9:25:46 AM org.apache.flink.runtime.taskexecutor.TaskExecutorResourceUtils setConfigOptionToDefaultIfNotSet
INFO: The configuration option taskmanager.memory.task.off-heap.size required for local execution is not set, setting it to the maximal possible value.
Apr 29, 2024 9:25:46 AM org.apache.flink.runtime.taskexecutor.TaskExecutorResourceUtils setConfigOptionToDefaultIfNotSet
INFO: The configuration option taskmanager.memory.network.min required for local execution is not set, setting it to its default value 64 mb.
Apr 29, 2024 9:25:46 AM org.apache.flink.runtime.taskexecutor.TaskExecutorResourceUtils setConfigOptionToDefaultIfNotSet
INFO: The configuration option taskmanager.memory.network.max required for local execution is not set, setting it to its default value 64 mb.
Apr 29, 2024 9:25:46 AM org.apache.flink.runtime.taskexecutor.TaskExecutorResourceUtils setConfigOptionToDefaultIfNotSet
INFO: The configuration option taskmanager.memory.managed.size required for local execution is not set, setting it to its default value 128 mb.
Apr 29, 2024 9:25:46 AM org.apache.flink.runtime.minicluster.MiniCluster start
INFO: Starting Flink Mini Cluster
Apr 29, 2024 9:25:46 AM org.apache.flink.runtime.minicluster.MiniCluster start
INFO: Starting Metrics Registry
Apr 29, 2024 9:25:46 AM org.apache.flink.runtime.metrics.MetricRegistryImpl <init>
INFO: No metrics reporter configured, no metrics will be exposed/reported.
Apr 29, 2024 9:25:46 AM org.apache.flink.runtime.minicluster.MiniCluster start
INFO: Starting RPC Service(s)
Apr 29, 2024 9:25:46 AM org.apache.flink.runtime.rpc.pekko.ActorSystemBootstrapTools startLocalActorSystem
INFO: Trying to start local actor system
Apr 29, 2024 9:25:47 AM org.apache.pekko.event.slf4j.Slf4jLogger$$anonfun$receive$1 applyOrElse
INFO: Slf4jLogger started
Apr 29, 2024 9:25:47 AM org.apache.flink.runtime.rpc.pekko.ActorSystemBootstrapTools startActorSystem
INFO: Actor system started at pekko://flink
Apr 29, 2024 9:25:47 AM org.apache.flink.runtime.rpc.pekko.ActorSystemBootstrapTools startLocalActorSystem
INFO: Trying to start local actor system
Apr 29, 2024 9:25:47 AM org.apache.pekko.event.slf4j.Slf4jLogger$$anonfun$receive$1 applyOrElse
INFO: Slf4jLogger started
Apr 29, 2024 9:25:47 AM org.apache.flink.runtime.rpc.pekko.ActorSystemBootstrapTools startActorSystem
INFO: Actor system started at pekko://flink-metrics
Apr 29, 2024 9:25:47 AM org.apache.flink.runtime.rpc.pekko.PekkoRpcService startServer
INFO: Starting RPC endpoint for org.apache.flink.runtime.metrics.dump.MetricQueryService at pekko://flink-metrics/user/rpc/MetricQueryService .
Apr 29, 2024 9:25:47 AM org.apache.flink.runtime.security.token.DefaultDelegationTokenManager loadProviders
INFO: Loading delegation token providers
Apr 29, 2024 9:25:47 AM org.apache.flink.runtime.util.HadoopUtils getHadoopConfiguration
WARNING: Could not find Hadoop configuration via any of the supported methods (Flink configuration, environment variables).
Apr 29, 2024 9:25:47 AM org.apache.flink.runtime.security.token.DefaultDelegationTokenManager lambda$loadProviders$0
INFO: Delegation token provider hadoopfs loaded and initialized
Apr 29, 2024 9:25:47 AM org.apache.flink.runtime.util.HadoopUtils getHadoopConfiguration
WARNING: Could not find Hadoop configuration via any of the supported methods (Flink configuration, environment variables).
Apr 29, 2024 9:25:47 AM org.apache.flink.runtime.security.token.DefaultDelegationTokenManager lambda$loadProviders$0
INFO: Delegation token provider hbase loaded and initialized
Apr 29, 2024 9:25:47 AM org.apache.flink.runtime.security.token.DefaultDelegationTokenManager loadProviders
INFO: Delegation token providers loaded successfully
Apr 29, 2024 9:25:47 AM org.apache.flink.runtime.security.token.DelegationTokenReceiverRepository loadReceivers
INFO: Loading delegation token receivers
Apr 29, 2024 9:25:47 AM org.apache.flink.runtime.security.token.DelegationTokenReceiverRepository lambda$loadReceivers$0
INFO: Delegation token receiver hadoopfs loaded and initialized
Apr 29, 2024 9:25:47 AM org.apache.flink.runtime.security.token.DelegationTokenReceiverRepository lambda$loadReceivers$0
INFO: Delegation token receiver hbase loaded and initialized
Apr 29, 2024 9:25:47 AM org.apache.flink.runtime.security.token.DelegationTokenReceiverRepository loadReceivers
INFO: Delegation token receivers loaded successfully
Apr 29, 2024 9:25:47 AM org.apache.flink.runtime.security.token.DefaultDelegationTokenManager checkProviderAndReceiverConsistency
INFO: Checking provider and receiver instances consistency
Apr 29, 2024 9:25:47 AM org.apache.flink.runtime.security.token.DefaultDelegationTokenManager checkProviderAndReceiverConsistency
INFO: Provider and receiver instances are consistent
Apr 29, 2024 9:25:47 AM org.apache.flink.runtime.security.token.DefaultDelegationTokenManager obtainDelegationTokens
INFO: Obtaining delegation tokens
Apr 29, 2024 9:25:47 AM org.apache.flink.runtime.security.token.DefaultDelegationTokenManager obtainDelegationTokens
INFO: Delegation tokens obtained successfully
Apr 29, 2024 9:25:47 AM org.apache.flink.runtime.security.token.DefaultDelegationTokenManager obtainDelegationTokens
WARNING: No tokens obtained so skipping notifications
Apr 29, 2024 9:25:47 AM org.apache.flink.runtime.security.token.DelegationTokenReceiverRepository loadReceivers
INFO: Loading delegation token receivers
Apr 29, 2024 9:25:47 AM org.apache.flink.runtime.security.token.DelegationTokenReceiverRepository lambda$loadReceivers$0
INFO: Delegation token receiver hadoopfs loaded and initialized
Apr 29, 2024 9:25:47 AM org.apache.flink.runtime.security.token.DelegationTokenReceiverRepository lambda$loadReceivers$0
INFO: Delegation token receiver hbase loaded and initialized
Apr 29, 2024 9:25:47 AM org.apache.flink.runtime.security.token.DelegationTokenReceiverRepository loadReceivers
INFO: Delegation token receivers loaded successfully
Apr 29, 2024 9:25:47 AM org.apache.flink.runtime.blob.BlobServer <init>
INFO: Created BLOB server storage directory /var/folders/9y/mg706rlj3cx1fsv47rlmtqq40000gn/T/minicluster_f3762e1132026815cebd0e9489b03d79/blobStorage
Apr 29, 2024 9:25:47 AM org.apache.flink.runtime.blob.BlobServer <init>
INFO: Started BLOB server at 0.0.0.0:50062 - max concurrent requests: 50 - max backlog: 1000
Apr 29, 2024 9:25:47 AM org.apache.flink.runtime.blob.AbstractBlobCache <init>
INFO: Created BLOB cache storage directory /var/folders/9y/mg706rlj3cx1fsv47rlmtqq40000gn/T/minicluster_f3762e1132026815cebd0e9489b03d79/blobStorage
Apr 29, 2024 9:25:47 AM org.apache.flink.runtime.blob.AbstractBlobCache <init>
INFO: Created BLOB cache storage directory /var/folders/9y/mg706rlj3cx1fsv47rlmtqq40000gn/T/minicluster_f3762e1132026815cebd0e9489b03d79/blobStorage
Apr 29, 2024 9:25:47 AM org.apache.flink.runtime.minicluster.MiniCluster startTaskManagers
INFO: Starting 1 TaskManager(s)
Apr 29, 2024 9:25:47 AM org.apache.flink.runtime.taskexecutor.TaskManagerRunner startTaskManager
INFO: Starting TaskManager with ResourceID: e71b06e9-3d70-4b1b-a29f-1819643a6875
Apr 29, 2024 9:25:47 AM org.apache.flink.runtime.taskexecutor.TaskManagerServices checkTempDirs
INFO: Temporary file directory '/var/folders/9y/mg706rlj3cx1fsv47rlmtqq40000gn/T': total 460 GB, usable 240 GB (52.17% usable)
Apr 29, 2024 9:25:47 AM org.apache.flink.runtime.io.disk.iomanager.IOManager <init>
INFO: Created a new FileChannelManager for spilling of task related data to disk (joins, sorting, ...). Used directories:
	/var/folders/9y/mg706rlj3cx1fsv47rlmtqq40000gn/T/flink-io-c609ca40-6c79-4aec-878c-4b739a46d7ae
Apr 29, 2024 9:25:47 AM org.apache.flink.runtime.io.network.NettyShuffleServiceFactory createNettyShuffleEnvironment
INFO: Created a new FileChannelManager for storing result partitions of BLOCKING shuffles. Used directories:
	/var/folders/9y/mg706rlj3cx1fsv47rlmtqq40000gn/T/flink-netty-shuffle-7f269fcb-3b2b-4f23-b8fb-56d52dea5074
Apr 29, 2024 9:25:47 AM org.apache.flink.runtime.io.network.buffer.NetworkBufferPool <init>
INFO: Allocated 64 MB for network buffer pool (number of memory segments: 2048, bytes per segment: 32768).
Apr 29, 2024 9:25:47 AM org.apache.flink.runtime.io.network.NettyShuffleEnvironment start
INFO: Starting the network environment and its components.
Apr 29, 2024 9:25:47 AM org.apache.flink.runtime.taskexecutor.KvStateService start
INFO: Starting the kvState service and its components.
Apr 29, 2024 9:25:47 AM org.apache.flink.configuration.Configuration loggingFallback
INFO: Config uses fallback configuration key 'pekko.ask.timeout' instead of key 'taskmanager.slot.timeout'
Apr 29, 2024 9:25:47 AM org.apache.flink.runtime.rpc.pekko.PekkoRpcService startServer
INFO: Starting RPC endpoint for org.apache.flink.runtime.taskexecutor.TaskExecutor at pekko://flink/user/rpc/taskmanager_44 .
Apr 29, 2024 9:25:47 AM org.apache.flink.runtime.taskexecutor.DefaultJobLeaderService start
INFO: Start job leader service.
Apr 29, 2024 9:25:47 AM org.apache.flink.runtime.filecache.FileCache <init>
INFO: User file cache uses directory /var/folders/9y/mg706rlj3cx1fsv47rlmtqq40000gn/T/flink-dist-cache-01e7065e-fdee-48d3-b5a8-164355c75c0c
Apr 29, 2024 9:25:47 AM org.apache.flink.runtime.rest.RestServerEndpoint start
INFO: Starting rest endpoint.
Apr 29, 2024 9:25:47 AM org.apache.flink.runtime.webmonitor.WebMonitorUtils$LogFileLocation find
WARNING: Log file environment variable 'log.file' is not set.
Apr 29, 2024 9:25:47 AM org.apache.flink.runtime.webmonitor.WebMonitorUtils$LogFileLocation find
WARNING: JobManager log files are unavailable in the web dashboard. Log file location not found in environment variable 'log.file' or configuration key 'web.log.path'.
Apr 29, 2024 9:25:47 AM org.apache.flink.runtime.rest.RestServerEndpoint start
INFO: Rest endpoint listening at localhost:50063
Apr 29, 2024 9:25:47 AM org.apache.flink.runtime.highavailability.nonha.embedded.EmbeddedLeaderService updateLeader
INFO: Proposing leadership to the contender that is registered under component ID 'rest_server'.
Apr 29, 2024 9:25:47 AM org.apache.flink.runtime.webmonitor.WebMonitorEndpoint startInternal
INFO: Web frontend listening at http://localhost:50063.
Apr 29, 2024 9:25:47 AM org.apache.flink.runtime.webmonitor.WebMonitorEndpoint grantLeadership
INFO: http://localhost:50063 was granted leadership with leaderSessionID=2eebe4f4-298a-415d-914e-1103f9e7df81
Apr 29, 2024 9:25:47 AM org.apache.flink.runtime.highavailability.nonha.embedded.EmbeddedLeaderService confirmLeader
INFO: Received confirmation of leadership for leader http://localhost:50063 , session=2eebe4f4-298a-415d-914e-1103f9e7df81
Apr 29, 2024 9:25:47 AM org.apache.flink.runtime.highavailability.nonha.embedded.EmbeddedLeaderService updateLeader
INFO: Proposing leadership to the contender that is registered under component ID 'dispatcher'.
Apr 29, 2024 9:25:47 AM org.apache.flink.runtime.resourcemanager.ResourceManagerServiceImpl start
INFO: Starting resource manager service.
Apr 29, 2024 9:25:47 AM org.apache.flink.runtime.dispatcher.runner.DefaultDispatcherRunner lambda$grantLeadership$0
INFO: DefaultDispatcherRunner was granted leadership with leader id 702a3ab6-b26a-4a8f-922f-df9af744ac38. Creating new DispatcherLeaderProcess.
Apr 29, 2024 9:25:47 AM org.apache.flink.runtime.highavailability.nonha.embedded.EmbeddedLeaderService updateLeader
INFO: Proposing leadership to the contender that is registered under component ID 'resource_manager'.
Apr 29, 2024 9:25:47 AM org.apache.flink.runtime.dispatcher.runner.AbstractDispatcherLeaderProcess startInternal
INFO: Start SessionDispatcherLeaderProcess.
Apr 29, 2024 9:25:47 AM org.apache.flink.runtime.minicluster.MiniCluster start
INFO: Flink Mini Cluster started successfully
Apr 29, 2024 9:25:47 AM org.apache.flink.runtime.dispatcher.runner.SessionDispatcherLeaderProcess recoverJobs
INFO: Recover all persisted job graphs that are not finished, yet.
Apr 29, 2024 9:25:47 AM org.apache.flink.runtime.resourcemanager.ResourceManagerServiceImpl lambda$grantLeadership$2
INFO: Resource manager service is granted leadership with session id 25990841-78c0-4f48-ba5b-97970f2616ef.
Apr 29, 2024 9:25:47 AM org.apache.flink.runtime.dispatcher.runner.SessionDispatcherLeaderProcess recoverJobs
INFO: Successfully recovered 0 persisted job graphs.
Apr 29, 2024 9:25:47 AM org.apache.flink.runtime.rpc.pekko.PekkoRpcService startServer
INFO: Starting RPC endpoint for org.apache.flink.runtime.dispatcher.StandaloneDispatcher at pekko://flink/user/rpc/dispatcher_45 .
Apr 29, 2024 9:25:47 AM org.apache.flink.runtime.rpc.pekko.PekkoRpcService startServer
INFO: Starting RPC endpoint for org.apache.flink.runtime.resourcemanager.StandaloneResourceManager at pekko://flink/user/rpc/resourcemanager_46 .
Apr 29, 2024 9:25:47 AM org.apache.flink.runtime.resourcemanager.ResourceManager onStart
INFO: Starting the resource manager.
Apr 29, 2024 9:25:47 AM org.apache.flink.runtime.resourcemanager.slotmanager.FineGrainedSlotManager start
INFO: Starting the slot manager.
Apr 29, 2024 9:25:47 AM org.apache.flink.runtime.security.token.DefaultDelegationTokenManager startTokensUpdate
INFO: Starting tokens update task
Apr 29, 2024 9:25:47 AM org.apache.flink.runtime.highavailability.nonha.embedded.EmbeddedLeaderService confirmLeader
INFO: Received confirmation of leadership for leader pekko://flink/user/rpc/dispatcher_45 , session=702a3ab6-b26a-4a8f-922f-df9af744ac38
Apr 29, 2024 9:25:47 AM org.apache.flink.runtime.security.token.DefaultDelegationTokenManager startTokensUpdate
WARNING: No tokens obtained so skipping notifications
Apr 29, 2024 9:25:47 AM org.apache.flink.runtime.security.token.DefaultDelegationTokenManager startTokensUpdate
WARNING: Tokens update task not started because either no tokens obtained or none of the tokens specified its renewal date
Apr 29, 2024 9:25:47 AM org.apache.flink.runtime.highavailability.nonha.embedded.EmbeddedLeaderService confirmLeader
INFO: Received confirmation of leadership for leader pekko://flink/user/rpc/resourcemanager_46 , session=25990841-78c0-4f48-ba5b-97970f2616ef
Apr 29, 2024 9:25:47 AM org.apache.flink.runtime.taskexecutor.TaskExecutor connectToResourceManager
INFO: Connecting to ResourceManager pekko://flink/user/rpc/resourcemanager_46(ba5b97970f2616ef2599084178c04f48).
Apr 29, 2024 9:25:47 AM org.apache.flink.runtime.registration.RetryingRegistration lambda$startRegistration$0
INFO: Resolved ResourceManager address, beginning registration
Apr 29, 2024 9:25:47 AM org.apache.flink.runtime.dispatcher.Dispatcher submitJob
INFO: Received JobGraph submission 'Flink Streaming Job' (aa29cb65421be6876f4e90e2bf00676b).
Apr 29, 2024 9:25:47 AM org.apache.flink.runtime.dispatcher.Dispatcher internalSubmitJob
INFO: Submitting job 'Flink Streaming Job' (aa29cb65421be6876f4e90e2bf00676b).
Apr 29, 2024 9:25:47 AM org.apache.flink.runtime.highavailability.nonha.embedded.EmbeddedLeaderService updateLeader
INFO: Proposing leadership to the contender that is registered under component ID 'job-aa29cb65421be6876f4e90e2bf00676b'.
Apr 29, 2024 9:25:47 AM org.apache.flink.runtime.jobmaster.JobMasterServiceLeadershipRunner createNewJobMasterServiceProcess
INFO: JobMasterServiceLeadershipRunner for job aa29cb65421be6876f4e90e2bf00676b was granted leadership with leader id afed7182-9274-4673-a33c-b1a8f89cd08c. Creating new JobMasterServiceProcess.
Apr 29, 2024 9:25:47 AM org.apache.flink.runtime.resourcemanager.ResourceManager registerTaskExecutorInternal
INFO: Registering TaskManager with ResourceID e71b06e9-3d70-4b1b-a29f-1819643a6875 (pekko://flink/user/rpc/taskmanager_44) at ResourceManager
Apr 29, 2024 9:25:47 AM org.apache.flink.runtime.taskexecutor.TaskExecutorToResourceManagerConnection onRegistrationSuccess
INFO: Successful registration at resource manager pekko://flink/user/rpc/resourcemanager_46 under registration id b6f346f830c2975d7fdf9e088f4a1267.
Apr 29, 2024 9:25:47 AM org.apache.flink.runtime.resourcemanager.slotmanager.FineGrainedSlotManager registerTaskManager
INFO: Registering task executor e71b06e9-3d70-4b1b-a29f-1819643a6875 under b6f346f830c2975d7fdf9e088f4a1267 at the slot manager.
Apr 29, 2024 9:25:47 AM org.apache.flink.runtime.rpc.pekko.PekkoRpcService startServer
INFO: Starting RPC endpoint for org.apache.flink.runtime.jobmaster.JobMaster at pekko://flink/user/rpc/jobmanager_47 .
Apr 29, 2024 9:25:47 AM org.apache.flink.runtime.jobmaster.JobMaster <init>
INFO: Initializing job 'Flink Streaming Job' (aa29cb65421be6876f4e90e2bf00676b).
Apr 29, 2024 9:25:47 AM org.apache.flink.runtime.scheduler.DefaultSchedulerFactory createInstance
INFO: Using restart back off time strategy NoRestartBackoffTimeStrategy for Flink Streaming Job (aa29cb65421be6876f4e90e2bf00676b).
Apr 29, 2024 9:25:47 AM org.apache.flink.runtime.executiongraph.DefaultExecutionGraph <init>
INFO: Created execution graph d2d9333174c9f90a899ce630cc00e479 for job aa29cb65421be6876f4e90e2bf00676b.
Apr 29, 2024 9:25:47 AM org.apache.flink.runtime.executiongraph.DefaultExecutionGraphBuilder buildGraph
INFO: Running initialization on master for job Flink Streaming Job (aa29cb65421be6876f4e90e2bf00676b).
Apr 29, 2024 9:25:47 AM org.apache.flink.runtime.executiongraph.DefaultExecutionGraphBuilder buildGraph
INFO: Successfully ran initialization on master in 0 ms.
Apr 29, 2024 9:25:47 AM org.apache.flink.runtime.scheduler.adapter.DefaultExecutionTopology generateNewPipelinedRegions
INFO: Built 1 new pipelined regions in 0 ms, total 1 pipelined regions currently.
Apr 29, 2024 9:25:47 AM org.apache.flink.runtime.state.StateBackendLoader loadFromApplicationOrConfigOrDefaultInternal
INFO: No state backend has been configured, using default (HashMap) org.apache.flink.runtime.state.hashmap.HashMapStateBackend@1d4cd203
Apr 29, 2024 9:25:47 AM org.apache.flink.runtime.state.StateBackendLoader fromApplicationOrConfigOrDefault
INFO: State backend loader loads the state backend as HashMapStateBackend
Apr 29, 2024 9:25:47 AM org.apache.flink.runtime.state.CheckpointStorageLoader createJobManagerCheckpointStorage
INFO: Checkpoint storage is set to 'jobmanager'
Apr 29, 2024 9:25:47 AM org.apache.flink.runtime.checkpoint.CheckpointCoordinator restoreLatestCheckpointedStateInternal
INFO: No checkpoint found during restore.
Apr 29, 2024 9:25:47 AM org.apache.flink.runtime.scheduler.DefaultScheduler <init>
INFO: Using failover strategy org.apache.flink.runtime.executiongraph.failover.flip1.RestartPipelinedRegionFailoverStrategy@2724ff23 for Flink Streaming Job (aa29cb65421be6876f4e90e2bf00676b).
Apr 29, 2024 9:25:47 AM org.apache.flink.runtime.highavailability.nonha.embedded.EmbeddedLeaderService confirmLeader
INFO: Received confirmation of leadership for leader pekko://flink/user/rpc/jobmanager_47 , session=afed7182-9274-4673-a33c-b1a8f89cd08c
Apr 29, 2024 9:25:47 AM org.apache.flink.runtime.jobmaster.JobMaster startJobExecution
INFO: Starting execution of job 'Flink Streaming Job' (aa29cb65421be6876f4e90e2bf00676b) under job master id a33cb1a8f89cd08cafed718292744673.
Apr 29, 2024 9:25:47 AM org.apache.flink.runtime.scheduler.DefaultScheduler startSchedulingInternal
INFO: Starting scheduling with scheduling strategy [org.apache.flink.runtime.scheduler.strategy.PipelinedRegionSchedulingStrategy]
Apr 29, 2024 9:25:47 AM org.apache.flink.runtime.executiongraph.DefaultExecutionGraph transitionState
INFO: Job Flink Streaming Job (aa29cb65421be6876f4e90e2bf00676b) switched from state CREATED to RUNNING.
Apr 29, 2024 9:25:47 AM org.apache.flink.runtime.executiongraph.Execution transitionState
INFO: Source: Collection Source -> Timestamps/Watermarks (1/1) (d2d9333174c9f90a899ce630cc00e479_cbc357ccb763df2852fee8c4fc7d55f2_0_0) switched from CREATED to SCHEDULED.
Apr 29, 2024 9:25:47 AM org.apache.flink.runtime.executiongraph.Execution transitionState
INFO: TumblingEventTimeWindows (1/1) (d2d9333174c9f90a899ce630cc00e479_9dd63673dd41ea021b896d5203f3ba7c_0_0) switched from CREATED to SCHEDULED.
Apr 29, 2024 9:25:47 AM org.apache.flink.runtime.jobmaster.JobMaster connectToResourceManager
INFO: Connecting to ResourceManager pekko://flink/user/rpc/resourcemanager_46(ba5b97970f2616ef2599084178c04f48)
Apr 29, 2024 9:25:47 AM org.apache.flink.runtime.registration.RetryingRegistration lambda$startRegistration$0
INFO: Resolved ResourceManager address, beginning registration
Apr 29, 2024 9:25:47 AM org.apache.flink.runtime.resourcemanager.ResourceManager registerJobMaster
INFO: Registering job manager a33cb1a8f89cd08cafed718292744673@pekko://flink/user/rpc/jobmanager_47 for job aa29cb65421be6876f4e90e2bf00676b.
Apr 29, 2024 9:25:47 AM org.apache.flink.runtime.resourcemanager.ResourceManager registerJobMasterInternal
INFO: Registered job manager a33cb1a8f89cd08cafed718292744673@pekko://flink/user/rpc/jobmanager_47 for job aa29cb65421be6876f4e90e2bf00676b.
Apr 29, 2024 9:25:47 AM org.apache.flink.runtime.jobmaster.JobMaster establishResourceManagerConnection
INFO: JobManager successfully registered at ResourceManager, leader id: ba5b97970f2616ef2599084178c04f48.
Apr 29, 2024 9:25:47 AM org.apache.flink.runtime.resourcemanager.slotmanager.FineGrainedSlotManager processResourceRequirements
INFO: Received resource requirements from job aa29cb65421be6876f4e90e2bf00676b: [ResourceRequirement{resourceProfile=ResourceProfile{UNKNOWN}, numberOfRequiredSlots=1}]
Apr 29, 2024 9:25:47 AM org.apache.flink.runtime.resourcemanager.slotmanager.FineGrainedSlotManager logMissingAndAvailableResource
INFO: Matching resource requirements against available resources.
Missing resources:
	 Job aa29cb65421be6876f4e90e2bf00676b
		ResourceRequirement{resourceProfile=ResourceProfile{UNKNOWN}, numberOfRequiredSlots=1}
Current resources:
	TaskManager e71b06e9-3d70-4b1b-a29f-1819643a6875
		Available: ResourceProfile{taskHeapMemory=1024.000gb (1099511627776 bytes), taskOffHeapMemory=1024.000gb (1099511627776 bytes), managedMemory=128.000mb (134217728 bytes), networkMemory=64.000mb (67108864 bytes)}
		Total:     ResourceProfile{taskHeapMemory=1024.000gb (1099511627776 bytes), taskOffHeapMemory=1024.000gb (1099511627776 bytes), managedMemory=128.000mb (134217728 bytes), networkMemory=64.000mb (67108864 bytes)}
Apr 29, 2024 9:25:47 AM org.apache.flink.runtime.resourcemanager.slotmanager.DefaultSlotStatusSyncer allocateSlot
INFO: Starting allocation of slot 11600073e2e48b4f2ad6b6de95dfb95a from e71b06e9-3d70-4b1b-a29f-1819643a6875 for job aa29cb65421be6876f4e90e2bf00676b with resource profile ResourceProfile{taskHeapMemory=1024.000gb (1099511627776 bytes), taskOffHeapMemory=1024.000gb (1099511627776 bytes), managedMemory=128.000mb (134217728 bytes), networkMemory=64.000mb (67108864 bytes)}.
Apr 29, 2024 9:25:47 AM org.apache.flink.runtime.taskexecutor.TaskExecutor requestSlot
INFO: Receive slot request 11600073e2e48b4f2ad6b6de95dfb95a for job aa29cb65421be6876f4e90e2bf00676b from resource manager with leader id ba5b97970f2616ef2599084178c04f48.
Apr 29, 2024 9:25:47 AM org.apache.flink.runtime.taskexecutor.slot.TaskSlotTableImpl allocateSlot
INFO: Allocated slot for 11600073e2e48b4f2ad6b6de95dfb95a with resources ResourceProfile{taskHeapMemory=1024.000gb (1099511627776 bytes), taskOffHeapMemory=1024.000gb (1099511627776 bytes), managedMemory=128.000mb (134217728 bytes), networkMemory=64.000mb (67108864 bytes)}.
Apr 29, 2024 9:25:47 AM org.apache.flink.runtime.taskexecutor.DefaultJobLeaderService addJob
INFO: Add job aa29cb65421be6876f4e90e2bf00676b for job leader monitoring.
Apr 29, 2024 9:25:47 AM org.apache.flink.runtime.taskexecutor.DefaultJobLeaderService$JobManagerLeaderListener openRpcConnectionTo
INFO: Try to register at job manager pekko://flink/user/rpc/jobmanager_47 with leader id afed7182-9274-4673-a33c-b1a8f89cd08c.
Apr 29, 2024 9:25:47 AM org.apache.flink.runtime.registration.RetryingRegistration lambda$startRegistration$0
INFO: Resolved JobManager address, beginning registration
Apr 29, 2024 9:25:47 AM org.apache.flink.runtime.taskexecutor.DefaultJobLeaderService$JobManagerLeaderListener$JobManagerRegisteredRpcConnection lambda$onRegistrationSuccess$0
INFO: Successful registration at job manager pekko://flink/user/rpc/jobmanager_47 for job aa29cb65421be6876f4e90e2bf00676b.
Apr 29, 2024 9:25:47 AM org.apache.flink.runtime.taskexecutor.TaskExecutor establishJobManagerConnection
INFO: Establish JobManager connection for job aa29cb65421be6876f4e90e2bf00676b.
Apr 29, 2024 9:25:47 AM org.apache.flink.runtime.taskexecutor.TaskExecutor internalOfferSlotsToJobManager
INFO: Offer reserved slots to the leader of job aa29cb65421be6876f4e90e2bf00676b.
Apr 29, 2024 9:25:47 AM org.apache.flink.runtime.executiongraph.Execution transitionState
INFO: Source: Collection Source -> Timestamps/Watermarks (1/1) (d2d9333174c9f90a899ce630cc00e479_cbc357ccb763df2852fee8c4fc7d55f2_0_0) switched from SCHEDULED to DEPLOYING.
Apr 29, 2024 9:25:47 AM org.apache.flink.runtime.executiongraph.Execution deploy
INFO: Deploying Source: Collection Source -> Timestamps/Watermarks (1/1) (attempt #0) with attempt id d2d9333174c9f90a899ce630cc00e479_cbc357ccb763df2852fee8c4fc7d55f2_0_0 and vertex id cbc357ccb763df2852fee8c4fc7d55f2_0 to e71b06e9-3d70-4b1b-a29f-1819643a6875 @ localhost (dataPort=-1) with allocation id 11600073e2e48b4f2ad6b6de95dfb95a
Apr 29, 2024 9:25:47 AM org.apache.flink.runtime.taskexecutor.slot.TaskSlotTableImpl markExistingSlotActive
INFO: Activate slot 11600073e2e48b4f2ad6b6de95dfb95a.
Apr 29, 2024 9:25:47 AM org.apache.flink.runtime.executiongraph.Execution transitionState
INFO: TumblingEventTimeWindows (1/1) (d2d9333174c9f90a899ce630cc00e479_9dd63673dd41ea021b896d5203f3ba7c_0_0) switched from SCHEDULED to DEPLOYING.
Apr 29, 2024 9:25:47 AM org.apache.flink.runtime.executiongraph.Execution deploy
INFO: Deploying TumblingEventTimeWindows (1/1) (attempt #0) with attempt id d2d9333174c9f90a899ce630cc00e479_9dd63673dd41ea021b896d5203f3ba7c_0_0 and vertex id 9dd63673dd41ea021b896d5203f3ba7c_0 to e71b06e9-3d70-4b1b-a29f-1819643a6875 @ localhost (dataPort=-1) with allocation id 11600073e2e48b4f2ad6b6de95dfb95a
Apr 29, 2024 9:25:47 AM org.apache.flink.runtime.state.changelog.StateChangelogStorageLoader load
INFO: Creating a changelog storage with name 'memory'.
Apr 29, 2024 9:25:47 AM org.apache.flink.runtime.state.TaskExecutorChannelStateExecutorFactoryManager getOrCreateExecutorFactory
INFO: Creating the channel state executor factory for job id aa29cb65421be6876f4e90e2bf00676b
Apr 29, 2024 9:25:47 AM org.apache.flink.runtime.taskexecutor.TaskExecutor submitTask
INFO: Received task Source: Collection Source -> Timestamps/Watermarks (1/1)#0 (d2d9333174c9f90a899ce630cc00e479_cbc357ccb763df2852fee8c4fc7d55f2_0_0), deploy into slot with allocation id 11600073e2e48b4f2ad6b6de95dfb95a.
Apr 29, 2024 9:25:47 AM org.apache.flink.runtime.taskmanager.Task transitionState
INFO: Source: Collection Source -> Timestamps/Watermarks (1/1)#0 (d2d9333174c9f90a899ce630cc00e479_cbc357ccb763df2852fee8c4fc7d55f2_0_0) switched from CREATED to DEPLOYING.
Apr 29, 2024 9:25:47 AM org.apache.flink.runtime.taskexecutor.slot.TaskSlotTableImpl markExistingSlotActive
INFO: Activate slot 11600073e2e48b4f2ad6b6de95dfb95a.
Apr 29, 2024 9:25:47 AM org.apache.flink.runtime.taskmanager.Task doRun
INFO: Loading JAR files for task Source: Collection Source -> Timestamps/Watermarks (1/1)#0 (d2d9333174c9f90a899ce630cc00e479_cbc357ccb763df2852fee8c4fc7d55f2_0_0) [DEPLOYING].
Apr 29, 2024 9:25:47 AM org.apache.flink.runtime.taskexecutor.TaskExecutor submitTask
INFO: Received task TumblingEventTimeWindows (1/1)#0 (d2d9333174c9f90a899ce630cc00e479_9dd63673dd41ea021b896d5203f3ba7c_0_0), deploy into slot with allocation id 11600073e2e48b4f2ad6b6de95dfb95a.
Apr 29, 2024 9:25:47 AM org.apache.flink.runtime.taskmanager.Task transitionState
INFO: TumblingEventTimeWindows (1/1)#0 (d2d9333174c9f90a899ce630cc00e479_9dd63673dd41ea021b896d5203f3ba7c_0_0) switched from CREATED to DEPLOYING.
Apr 29, 2024 9:25:47 AM org.apache.flink.runtime.taskexecutor.slot.TaskSlotTableImpl markExistingSlotActive
INFO: Activate slot 11600073e2e48b4f2ad6b6de95dfb95a.
Apr 29, 2024 9:25:47 AM org.apache.flink.runtime.taskmanager.Task doRun
INFO: Loading JAR files for task TumblingEventTimeWindows (1/1)#0 (d2d9333174c9f90a899ce630cc00e479_9dd63673dd41ea021b896d5203f3ba7c_0_0) [DEPLOYING].
Apr 29, 2024 9:25:47 AM org.apache.flink.runtime.state.StateBackendLoader loadFromApplicationOrConfigOrDefaultInternal
INFO: No state backend has been configured, using default (HashMap) org.apache.flink.runtime.state.hashmap.HashMapStateBackend@31626e6e
Apr 29, 2024 9:25:47 AM org.apache.flink.runtime.state.StateBackendLoader fromApplicationOrConfigOrDefault
INFO: State backend loader loads the state backend as HashMapStateBackend
Apr 29, 2024 9:25:47 AM org.apache.flink.runtime.state.CheckpointStorageLoader createJobManagerCheckpointStorage
INFO: Checkpoint storage is set to 'jobmanager'
Apr 29, 2024 9:25:47 AM org.apache.flink.runtime.state.StateBackendLoader loadFromApplicationOrConfigOrDefaultInternal
INFO: No state backend has been configured, using default (HashMap) org.apache.flink.runtime.state.hashmap.HashMapStateBackend@692db5ce
Apr 29, 2024 9:25:47 AM org.apache.flink.runtime.state.StateBackendLoader fromApplicationOrConfigOrDefault
INFO: State backend loader loads the state backend as HashMapStateBackend
Apr 29, 2024 9:25:47 AM org.apache.flink.runtime.taskmanager.Task transitionState
INFO: Source: Collection Source -> Timestamps/Watermarks (1/1)#0 (d2d9333174c9f90a899ce630cc00e479_cbc357ccb763df2852fee8c4fc7d55f2_0_0) switched from DEPLOYING to INITIALIZING.
Apr 29, 2024 9:25:47 AM org.apache.flink.runtime.state.CheckpointStorageLoader createJobManagerCheckpointStorage
INFO: Checkpoint storage is set to 'jobmanager'
Apr 29, 2024 9:25:47 AM org.apache.flink.runtime.taskmanager.Task transitionState
INFO: TumblingEventTimeWindows (1/1)#0 (d2d9333174c9f90a899ce630cc00e479_9dd63673dd41ea021b896d5203f3ba7c_0_0) switched from DEPLOYING to INITIALIZING.
Apr 29, 2024 9:25:47 AM org.apache.flink.runtime.executiongraph.Execution transitionState
INFO: Source: Collection Source -> Timestamps/Watermarks (1/1) (d2d9333174c9f90a899ce630cc00e479_cbc357ccb763df2852fee8c4fc7d55f2_0_0) switched from DEPLOYING to INITIALIZING.
Apr 29, 2024 9:25:47 AM org.apache.flink.runtime.executiongraph.Execution transitionState
INFO: TumblingEventTimeWindows (1/1) (d2d9333174c9f90a899ce630cc00e479_9dd63673dd41ea021b896d5203f3ba7c_0_0) switched from DEPLOYING to INITIALIZING.
Apr 29, 2024 9:25:47 AM org.apache.flink.runtime.state.heap.HeapKeyedStateBackendBuilder restoreState
INFO: Finished to build heap keyed state-backend.
Apr 29, 2024 9:25:47 AM org.apache.flink.runtime.state.heap.HeapKeyedStateBackend <init>
INFO: Initializing heap keyed state backend with stream factory.
Apr 29, 2024 9:25:47 AM org.apache.flink.runtime.taskmanager.Task transitionState
INFO: Source: Collection Source -> Timestamps/Watermarks (1/1)#0 (d2d9333174c9f90a899ce630cc00e479_cbc357ccb763df2852fee8c4fc7d55f2_0_0) switched from INITIALIZING to RUNNING.
Apr 29, 2024 9:25:47 AM org.apache.flink.runtime.executiongraph.Execution transitionState
INFO: Source: Collection Source -> Timestamps/Watermarks (1/1) (d2d9333174c9f90a899ce630cc00e479_cbc357ccb763df2852fee8c4fc7d55f2_0_0) switched from INITIALIZING to RUNNING.
Apr 29, 2024 9:25:47 AM org.apache.flink.runtime.taskmanager.Task transitionState
INFO: TumblingEventTimeWindows (1/1)#0 (d2d9333174c9f90a899ce630cc00e479_9dd63673dd41ea021b896d5203f3ba7c_0_0) switched from INITIALIZING to RUNNING.
Apr 29, 2024 9:25:47 AM org.apache.flink.api.java.typeutils.runtime.kryo.KryoSerializer getKryoInstance
INFO: Kryo serializer scala extensions are not available.
Apr 29, 2024 9:25:47 AM org.apache.flink.runtime.executiongraph.Execution transitionState
INFO: TumblingEventTimeWindows (1/1) (d2d9333174c9f90a899ce630cc00e479_9dd63673dd41ea021b896d5203f3ba7c_0_0) switched from INITIALIZING to RUNNING.
Apr 29, 2024 9:25:47 AM org.apache.flink.api.java.typeutils.runtime.kryo.KryoSerializer getKryoInstance
INFO: Kryo serializer scala extensions are not available.
Apr 29, 2024 9:25:47 AM org.apache.flink.api.java.typeutils.runtime.kryo.KryoSerializer getKryoInstance
INFO: Kryo serializer scala extensions are not available.
Apr 29, 2024 9:25:47 AM org.apache.flink.api.java.typeutils.runtime.kryo.KryoSerializer getKryoInstance
INFO: Kryo serializer scala extensions are not available.
Apr 29, 2024 9:25:47 AM org.apache.flink.runtime.taskmanager.Task transitionState
INFO: Source: Collection Source -> Timestamps/Watermarks (1/1)#0 (d2d9333174c9f90a899ce630cc00e479_cbc357ccb763df2852fee8c4fc7d55f2_0_0) switched from RUNNING to FINISHED.
Apr 29, 2024 9:25:47 AM org.apache.flink.runtime.taskmanager.Task doRun
INFO: Freeing task resources for Source: Collection Source -> Timestamps/Watermarks (1/1)#0 (d2d9333174c9f90a899ce630cc00e479_cbc357ccb763df2852fee8c4fc7d55f2_0_0).
Apr 29, 2024 9:25:47 AM org.apache.flink.runtime.taskexecutor.TaskExecutor unregisterTaskAndNotifyFinalState
INFO: Un-registering task and sending final execution state FINISHED to JobManager for task Source: Collection Source -> Timestamps/Watermarks (1/1)#0 d2d9333174c9f90a899ce630cc00e479_cbc357ccb763df2852fee8c4fc7d55f2_0_0.
Apr 29, 2024 9:25:47 AM org.apache.flink.runtime.executiongraph.Execution transitionState
INFO: Source: Collection Source -> Timestamps/Watermarks (1/1) (d2d9333174c9f90a899ce630cc00e479_cbc357ccb763df2852fee8c4fc7d55f2_0_0) switched from RUNNING to FINISHED.
Apr 29, 2024 9:25:47 AM org.apache.flink.runtime.taskmanager.Task transitionState
INFO: TumblingEventTimeWindows (1/1)#0 (d2d9333174c9f90a899ce630cc00e479_9dd63673dd41ea021b896d5203f3ba7c_0_0) switched from RUNNING to FINISHED.
Apr 29, 2024 9:25:47 AM org.apache.flink.runtime.taskmanager.Task doRun
INFO: Freeing task resources for TumblingEventTimeWindows (1/1)#0 (d2d9333174c9f90a899ce630cc00e479_9dd63673dd41ea021b896d5203f3ba7c_0_0).
Apr 29, 2024 9:25:47 AM org.apache.flink.runtime.taskexecutor.TaskExecutor unregisterTaskAndNotifyFinalState
INFO: Un-registering task and sending final execution state FINISHED to JobManager for task TumblingEventTimeWindows (1/1)#0 d2d9333174c9f90a899ce630cc00e479_9dd63673dd41ea021b896d5203f3ba7c_0_0.
Apr 29, 2024 9:25:47 AM org.apache.flink.runtime.executiongraph.Execution transitionState
INFO: TumblingEventTimeWindows (1/1) (d2d9333174c9f90a899ce630cc00e479_9dd63673dd41ea021b896d5203f3ba7c_0_0) switched from RUNNING to FINISHED.
Apr 29, 2024 9:25:47 AM org.apache.flink.runtime.executiongraph.DefaultExecutionGraph transitionState
INFO: Job Flink Streaming Job (aa29cb65421be6876f4e90e2bf00676b) switched from state RUNNING to FINISHED.
Apr 29, 2024 9:25:47 AM org.apache.flink.runtime.resourcemanager.slotmanager.FineGrainedSlotManager processResourceRequirements
INFO: Clearing resource requirements of job aa29cb65421be6876f4e90e2bf00676b
Apr 29, 2024 9:25:47 AM org.apache.flink.runtime.checkpoint.CheckpointCoordinator shutdown
INFO: Stopping checkpoint coordinator for job aa29cb65421be6876f4e90e2bf00676b.
Apr 29, 2024 9:25:47 AM org.apache.flink.runtime.dispatcher.Dispatcher jobReachedTerminalState
INFO: Job aa29cb65421be6876f4e90e2bf00676b reached terminal state FINISHED.
Apr 29, 2024 9:25:47 AM org.apache.flink.runtime.minicluster.MiniCluster closeInternal
INFO: Shutting down Flink Mini Cluster
Apr 29, 2024 9:25:47 AM org.apache.flink.runtime.rest.RestServerEndpoint closeAsync
INFO: Shutting down rest endpoint.
Apr 29, 2024 9:25:47 AM org.apache.flink.runtime.taskexecutor.TaskExecutor onStop
INFO: Stopping TaskExecutor pekko://flink/user/rpc/taskmanager_44.
Apr 29, 2024 9:25:47 AM org.apache.flink.runtime.dispatcher.Dispatcher lambda$registerGloballyTerminatedJobInJobResultStore$42
INFO: Job aa29cb65421be6876f4e90e2bf00676b has been registered for cleanup in the JobResultStore after reaching a terminal state.
Apr 29, 2024 9:25:47 AM org.apache.flink.runtime.taskexecutor.TaskExecutor closeResourceManagerConnection
INFO: Close ResourceManager connection 2f9ff4fe3c1926ae56fb6fb555a4c6ea.
Apr 29, 2024 9:25:47 AM org.apache.flink.runtime.taskexecutor.TaskExecutor disconnectJobManagerConnection
INFO: Close JobManager connection for job aa29cb65421be6876f4e90e2bf00676b.
Apr 29, 2024 9:25:47 AM org.apache.flink.runtime.resourcemanager.ResourceManager closeTaskManagerConnection
INFO: Closing TaskExecutor connection e71b06e9-3d70-4b1b-a29f-1819643a6875 because: The TaskExecutor is shutting down.
Apr 29, 2024 9:25:47 AM org.apache.flink.runtime.resourcemanager.slotmanager.FineGrainedSlotManager unregisterTaskManager
INFO: Unregistering task executor b6f346f830c2975d7fdf9e088f4a1267 from the slot manager.
Apr 29, 2024 9:25:47 AM org.apache.flink.runtime.resourcemanager.slotmanager.DefaultSlotStatusSyncer freeSlot
INFO: Freeing slot 11600073e2e48b4f2ad6b6de95dfb95a.
Apr 29, 2024 9:25:47 AM org.apache.flink.runtime.state.TaskExecutorStateChangelogStoragesManager shutdown
INFO: Shutting down TaskExecutorStateChangelogStoragesManager.
Apr 29, 2024 9:25:47 AM org.apache.flink.runtime.jobmaster.JobMaster onStop
INFO: Stopping the JobMaster for job 'Flink Streaming Job' (aa29cb65421be6876f4e90e2bf00676b).
Apr 29, 2024 9:25:47 AM org.apache.flink.runtime.state.TaskExecutorChannelStateExecutorFactoryManager shutdown
INFO: Shutting down TaskExecutorChannelStateExecutorFactoryManager.
Apr 29, 2024 9:25:47 AM org.apache.flink.runtime.taskexecutor.slot.TaskSlotTableImpl freeSlotInternal
INFO: Free slot TaskSlot(index:1, state:ALLOCATED, resource profile: ResourceProfile{taskHeapMemory=1024.000gb (1099511627776 bytes), taskOffHeapMemory=1024.000gb (1099511627776 bytes), managedMemory=128.000mb (134217728 bytes), networkMemory=64.000mb (67108864 bytes)}, allocationId: 11600073e2e48b4f2ad6b6de95dfb95a, jobId: aa29cb65421be6876f4e90e2bf00676b).
Apr 29, 2024 9:25:47 AM org.apache.flink.runtime.jobmaster.JobMaster disconnectTaskManager
INFO: Disconnect TaskExecutor e71b06e9-3d70-4b1b-a29f-1819643a6875 because: The TaskExecutor is shutting down.
Apr 29, 2024 9:25:47 AM org.apache.flink.runtime.jobmaster.slotpool.DefaultDeclarativeSlotPool releaseSlots
INFO: Releasing slot [11600073e2e48b4f2ad6b6de95dfb95a].
Apr 29, 2024 9:25:47 AM org.apache.flink.runtime.checkpoint.StandaloneCompletedCheckpointStore shutdown
INFO: Shutting down
Apr 29, 2024 9:25:47 AM org.apache.flink.runtime.jobmaster.JobMaster dissolveResourceManagerConnection
INFO: Close ResourceManager connection 2f9ff4fe3c1926ae56fb6fb555a4c6ea: Stopping JobMaster for job 'Flink Streaming Job' (aa29cb65421be6876f4e90e2bf00676b).
Apr 29, 2024 9:25:47 AM org.apache.flink.runtime.taskexecutor.DefaultJobLeaderService stop
INFO: Stop job leader service.
Apr 29, 2024 9:25:47 AM org.apache.flink.runtime.resourcemanager.ResourceManager closeJobManagerConnection
INFO: Disconnect job manager a33cb1a8f89cd08cafed718292744673@pekko://flink/user/rpc/jobmanager_47 for job aa29cb65421be6876f4e90e2bf00676b from the resource manager.
Apr 29, 2024 9:25:47 AM org.apache.flink.runtime.state.TaskExecutorLocalStateStoresManager shutdown
INFO: Shutting down TaskExecutorLocalStateStoresManager.
Apr 29, 2024 9:25:47 AM org.apache.flink.runtime.webmonitor.WebMonitorEndpoint lambda$shutDownInternal$7
INFO: Removing cache directory /var/folders/9y/mg706rlj3cx1fsv47rlmtqq40000gn/T/flink-web-ui
Apr 29, 2024 9:25:47 AM org.apache.flink.runtime.io.disk.FileChannelManagerImpl lambda$getFileCloser$0
INFO: FileChannelManager removed spill file directory /var/folders/9y/mg706rlj3cx1fsv47rlmtqq40000gn/T/flink-io-c609ca40-6c79-4aec-878c-4b739a46d7ae
Apr 29, 2024 9:25:47 AM org.apache.flink.runtime.io.network.NettyShuffleEnvironment close
INFO: Shutting down the network environment and its components.
Apr 29, 2024 9:25:47 AM org.apache.flink.runtime.taskexecutor.TaskExecutorResourceUtils setConfigOptionToDefaultIfNotSet
INFO: The configuration option taskmanager.cpu.cores required for local execution is not set, setting it to the maximal possible value.
Apr 29, 2024 9:25:47 AM org.apache.flink.runtime.taskexecutor.TaskExecutorResourceUtils setConfigOptionToDefaultIfNotSet
INFO: The configuration option taskmanager.memory.task.heap.size required for local execution is not set, setting it to the maximal possible value.
Apr 29, 2024 9:25:47 AM org.apache.flink.runtime.taskexecutor.TaskExecutorResourceUtils setConfigOptionToDefaultIfNotSet
INFO: The configuration option taskmanager.memory.task.off-heap.size required for local execution is not set, setting it to the maximal possible value.
Apr 29, 2024 9:25:47 AM org.apache.flink.runtime.taskexecutor.TaskExecutorResourceUtils setConfigOptionToDefaultIfNotSet
INFO: The configuration option taskmanager.memory.network.min required for local execution is not set, setting it to its default value 64 mb.
Apr 29, 2024 9:25:47 AM org.apache.flink.runtime.taskexecutor.TaskExecutorResourceUtils setConfigOptionToDefaultIfNotSet
INFO: The configuration option taskmanager.memory.network.max required for local execution is not set, setting it to its default value 64 mb.
Apr 29, 2024 9:25:47 AM org.apache.flink.runtime.taskexecutor.TaskExecutorResourceUtils setConfigOptionToDefaultIfNotSet
INFO: The configuration option taskmanager.memory.managed.size required for local execution is not set, setting it to its default value 128 mb.
Apr 29, 2024 9:25:47 AM org.apache.flink.runtime.minicluster.MiniCluster start
INFO: Starting Flink Mini Cluster
Apr 29, 2024 9:25:47 AM org.apache.flink.runtime.webmonitor.WebMonitorEndpoint revokeLeadership
INFO: http://localhost:50063 lost leadership
Apr 29, 2024 9:25:47 AM org.apache.flink.runtime.rest.RestServerEndpoint lambda$closeAsync$1
INFO: Shut down complete.
Apr 29, 2024 9:25:47 AM org.apache.flink.runtime.resourcemanager.ResourceManager deregisterApplication
INFO: Shut down cluster because application is in CANCELED, diagnostics DispatcherResourceManagerComponent has been closed..
Apr 29, 2024 9:25:47 AM org.apache.flink.runtime.entrypoint.component.DispatcherResourceManagerComponent closeAsyncInternal
INFO: Closing components.
Apr 29, 2024 9:25:47 AM org.apache.flink.runtime.dispatcher.runner.AbstractDispatcherLeaderProcess closeInternal
INFO: Stopping SessionDispatcherLeaderProcess.
Apr 29, 2024 9:25:47 AM org.apache.flink.runtime.resourcemanager.ResourceManagerServiceImpl closeAsync
INFO: Stopping resource manager service.
Apr 29, 2024 9:25:47 AM org.apache.flink.runtime.dispatcher.Dispatcher onStop
INFO: Stopping dispatcher pekko://flink/user/rpc/dispatcher_45.
Apr 29, 2024 9:25:47 AM org.apache.flink.runtime.resourcemanager.ResourceManagerServiceImpl lambda$revokeLeadership$3
INFO: Resource manager service is not running. Ignore revoking leadership.
Apr 29, 2024 9:25:47 AM org.apache.flink.runtime.dispatcher.Dispatcher terminateRunningJobs
INFO: Stopping all currently running jobs of dispatcher pekko://flink/user/rpc/dispatcher_45.
Apr 29, 2024 9:25:47 AM org.apache.flink.runtime.security.token.DefaultDelegationTokenManager stop
INFO: Stopping credential renewal
Apr 29, 2024 9:25:47 AM org.apache.flink.runtime.security.token.DefaultDelegationTokenManager stop
INFO: Stopped credential renewal
Apr 29, 2024 9:25:47 AM org.apache.flink.runtime.resourcemanager.slotmanager.FineGrainedSlotManager close
INFO: Closing the slot manager.
Apr 29, 2024 9:25:47 AM org.apache.flink.runtime.resourcemanager.slotmanager.FineGrainedSlotManager suspend
INFO: Suspending the slot manager.
Apr 29, 2024 9:25:47 AM org.apache.flink.runtime.io.disk.FileChannelManagerImpl lambda$getFileCloser$0
INFO: FileChannelManager removed spill file directory /var/folders/9y/mg706rlj3cx1fsv47rlmtqq40000gn/T/flink-netty-shuffle-7f269fcb-3b2b-4f23-b8fb-56d52dea5074
Apr 29, 2024 9:25:47 AM org.apache.flink.runtime.taskexecutor.KvStateService shutdown
INFO: Shutting down the kvState service and its components.
Apr 29, 2024 9:25:47 AM org.apache.flink.runtime.taskexecutor.DefaultJobLeaderService stop
INFO: Stop job leader service.
Apr 29, 2024 9:25:47 AM org.apache.flink.runtime.dispatcher.Dispatcher lambda$onStop$2
INFO: Stopped dispatcher pekko://flink/user/rpc/dispatcher_45.
Apr 29, 2024 9:25:47 AM org.apache.flink.runtime.filecache.FileCache shutdown
INFO: removed file cache directory /var/folders/9y/mg706rlj3cx1fsv47rlmtqq40000gn/T/flink-dist-cache-01e7065e-fdee-48d3-b5a8-164355c75c0c
Apr 29, 2024 9:25:47 AM org.apache.flink.runtime.taskexecutor.TaskExecutor handleOnStopException
INFO: Stopped TaskExecutor pekko://flink/user/rpc/taskmanager_44.
Apr 29, 2024 9:25:47 AM org.apache.flink.runtime.rpc.pekko.PekkoRpcService closeAsync
INFO: Stopping Pekko RPC service.
Apr 29, 2024 9:25:47 AM org.apache.pekko.event.slf4j.Slf4jLogger$$anonfun$receive$1 $anonfun$applyOrElse$3
INFO: Running CoordinatedShutdown with reason [ActorSystemTerminateReason]
Apr 29, 2024 9:25:47 AM org.apache.flink.runtime.rpc.pekko.PekkoRpcService closeAsync
INFO: Stopping Pekko RPC service.
Apr 29, 2024 9:25:47 AM org.apache.flink.runtime.rpc.pekko.PekkoRpcService lambda$closeAsync$7
INFO: Stopped Pekko RPC service.
Apr 29, 2024 9:25:47 AM org.apache.pekko.event.slf4j.Slf4jLogger$$anonfun$receive$1 $anonfun$applyOrElse$3
INFO: Running CoordinatedShutdown with reason [ActorSystemTerminateReason]
Apr 29, 2024 9:25:47 AM org.apache.flink.runtime.blob.AbstractBlobCache close
INFO: Shutting down BLOB cache
Apr 29, 2024 9:25:47 AM org.apache.flink.runtime.blob.AbstractBlobCache close
INFO: Shutting down BLOB cache
Apr 29, 2024 9:25:47 AM org.apache.flink.runtime.blob.BlobServer close
INFO: Stopped BLOB server at 0.0.0.0:50062
Apr 29, 2024 9:25:47 AM org.apache.flink.runtime.rpc.pekko.PekkoRpcService lambda$closeAsync$7
INFO: Stopped Pekko RPC service.
Apr 29, 2024 9:25:47 AM org.apache.flink.runtime.minicluster.MiniCluster start
INFO: Starting Metrics Registry
Apr 29, 2024 9:25:47 AM org.apache.flink.runtime.metrics.MetricRegistryImpl <init>
INFO: No metrics reporter configured, no metrics will be exposed/reported.
Apr 29, 2024 9:25:47 AM org.apache.flink.runtime.minicluster.MiniCluster start
INFO: Starting RPC Service(s)
Apr 29, 2024 9:25:47 AM org.apache.flink.runtime.rpc.pekko.ActorSystemBootstrapTools startLocalActorSystem
INFO: Trying to start local actor system
Apr 29, 2024 9:25:48 AM org.apache.pekko.event.slf4j.Slf4jLogger$$anonfun$receive$1 applyOrElse
INFO: Slf4jLogger started
Apr 29, 2024 9:25:48 AM org.apache.flink.runtime.rpc.pekko.ActorSystemBootstrapTools startActorSystem
INFO: Actor system started at pekko://flink
Apr 29, 2024 9:25:48 AM org.apache.flink.runtime.rpc.pekko.ActorSystemBootstrapTools startLocalActorSystem
INFO: Trying to start local actor system
Apr 29, 2024 9:25:48 AM org.apache.pekko.event.slf4j.Slf4jLogger$$anonfun$receive$1 applyOrElse
INFO: Slf4jLogger started
Apr 29, 2024 9:25:48 AM org.apache.flink.runtime.rpc.pekko.ActorSystemBootstrapTools startActorSystem
INFO: Actor system started at pekko://flink-metrics
Apr 29, 2024 9:25:48 AM org.apache.flink.runtime.rpc.pekko.PekkoRpcService startServer
INFO: Starting RPC endpoint for org.apache.flink.runtime.metrics.dump.MetricQueryService at pekko://flink-metrics/user/rpc/MetricQueryService .
Apr 29, 2024 9:25:48 AM org.apache.flink.runtime.security.token.DefaultDelegationTokenManager loadProviders
INFO: Loading delegation token providers
Apr 29, 2024 9:25:48 AM org.apache.flink.runtime.util.HadoopUtils getHadoopConfiguration
WARNING: Could not find Hadoop configuration via any of the supported methods (Flink configuration, environment variables).
Apr 29, 2024 9:25:48 AM org.apache.flink.runtime.security.token.DefaultDelegationTokenManager lambda$loadProviders$0
INFO: Delegation token provider hadoopfs loaded and initialized
Apr 29, 2024 9:25:48 AM org.apache.flink.runtime.util.HadoopUtils getHadoopConfiguration
WARNING: Could not find Hadoop configuration via any of the supported methods (Flink configuration, environment variables).
Apr 29, 2024 9:25:48 AM org.apache.flink.runtime.security.token.DefaultDelegationTokenManager lambda$loadProviders$0
INFO: Delegation token provider hbase loaded and initialized
Apr 29, 2024 9:25:48 AM org.apache.flink.runtime.security.token.DefaultDelegationTokenManager loadProviders
INFO: Delegation token providers loaded successfully
Apr 29, 2024 9:25:48 AM org.apache.flink.runtime.security.token.DelegationTokenReceiverRepository loadReceivers
INFO: Loading delegation token receivers
Apr 29, 2024 9:25:48 AM org.apache.flink.runtime.security.token.DelegationTokenReceiverRepository lambda$loadReceivers$0
INFO: Delegation token receiver hadoopfs loaded and initialized
Apr 29, 2024 9:25:48 AM org.apache.flink.runtime.security.token.DelegationTokenReceiverRepository lambda$loadReceivers$0
INFO: Delegation token receiver hbase loaded and initialized
Apr 29, 2024 9:25:48 AM org.apache.flink.runtime.security.token.DelegationTokenReceiverRepository loadReceivers
INFO: Delegation token receivers loaded successfully
Apr 29, 2024 9:25:48 AM org.apache.flink.runtime.security.token.DefaultDelegationTokenManager checkProviderAndReceiverConsistency
INFO: Checking provider and receiver instances consistency
Apr 29, 2024 9:25:48 AM org.apache.flink.runtime.security.token.DefaultDelegationTokenManager checkProviderAndReceiverConsistency
INFO: Provider and receiver instances are consistent
Apr 29, 2024 9:25:48 AM org.apache.flink.runtime.security.token.DefaultDelegationTokenManager obtainDelegationTokens
INFO: Obtaining delegation tokens
Apr 29, 2024 9:25:48 AM org.apache.flink.runtime.security.token.DefaultDelegationTokenManager obtainDelegationTokens
INFO: Delegation tokens obtained successfully
Apr 29, 2024 9:25:48 AM org.apache.flink.runtime.security.token.DefaultDelegationTokenManager obtainDelegationTokens
WARNING: No tokens obtained so skipping notifications
Apr 29, 2024 9:25:48 AM org.apache.flink.runtime.security.token.DelegationTokenReceiverRepository loadReceivers
INFO: Loading delegation token receivers
Apr 29, 2024 9:25:48 AM org.apache.flink.runtime.security.token.DelegationTokenReceiverRepository lambda$loadReceivers$0
INFO: Delegation token receiver hadoopfs loaded and initialized
Apr 29, 2024 9:25:48 AM org.apache.flink.runtime.security.token.DelegationTokenReceiverRepository lambda$loadReceivers$0
INFO: Delegation token receiver hbase loaded and initialized
Apr 29, 2024 9:25:48 AM org.apache.flink.runtime.security.token.DelegationTokenReceiverRepository loadReceivers
INFO: Delegation token receivers loaded successfully
Apr 29, 2024 9:25:48 AM org.apache.flink.runtime.blob.BlobServer <init>
INFO: Created BLOB server storage directory /var/folders/9y/mg706rlj3cx1fsv47rlmtqq40000gn/T/minicluster_a31d75a07d0263c5f8c5fa6e1aa9c666/blobStorage
Apr 29, 2024 9:25:48 AM org.apache.flink.runtime.blob.BlobServer <init>
INFO: Started BLOB server at 0.0.0.0:50064 - max concurrent requests: 50 - max backlog: 1000
Apr 29, 2024 9:25:48 AM org.apache.flink.runtime.blob.AbstractBlobCache <init>
INFO: Created BLOB cache storage directory /var/folders/9y/mg706rlj3cx1fsv47rlmtqq40000gn/T/minicluster_a31d75a07d0263c5f8c5fa6e1aa9c666/blobStorage
Apr 29, 2024 9:25:48 AM org.apache.flink.runtime.blob.AbstractBlobCache <init>
INFO: Created BLOB cache storage directory /var/folders/9y/mg706rlj3cx1fsv47rlmtqq40000gn/T/minicluster_a31d75a07d0263c5f8c5fa6e1aa9c666/blobStorage
Apr 29, 2024 9:25:48 AM org.apache.flink.runtime.minicluster.MiniCluster startTaskManagers
INFO: Starting 1 TaskManager(s)
Apr 29, 2024 9:25:48 AM org.apache.flink.runtime.taskexecutor.TaskManagerRunner startTaskManager
INFO: Starting TaskManager with ResourceID: c47a208b-6533-4980-8991-85e8483dd7cb
Apr 29, 2024 9:25:48 AM org.apache.flink.runtime.taskexecutor.TaskManagerServices checkTempDirs
INFO: Temporary file directory '/var/folders/9y/mg706rlj3cx1fsv47rlmtqq40000gn/T': total 460 GB, usable 240 GB (52.17% usable)
Apr 29, 2024 9:25:48 AM org.apache.flink.runtime.io.disk.iomanager.IOManager <init>
INFO: Created a new FileChannelManager for spilling of task related data to disk (joins, sorting, ...). Used directories:
	/var/folders/9y/mg706rlj3cx1fsv47rlmtqq40000gn/T/flink-io-f9ff1687-e03e-4390-9cfd-0d9756f5377a
Apr 29, 2024 9:25:48 AM org.apache.flink.runtime.io.network.NettyShuffleServiceFactory createNettyShuffleEnvironment
INFO: Created a new FileChannelManager for storing result partitions of BLOCKING shuffles. Used directories:
	/var/folders/9y/mg706rlj3cx1fsv47rlmtqq40000gn/T/flink-netty-shuffle-8dff7bac-a67b-450f-866d-dbc237de5376
Apr 29, 2024 9:25:48 AM org.apache.flink.runtime.io.network.buffer.NetworkBufferPool <init>
INFO: Allocated 64 MB for network buffer pool (number of memory segments: 2048, bytes per segment: 32768).
Apr 29, 2024 9:25:48 AM org.apache.flink.runtime.io.network.NettyShuffleEnvironment start
INFO: Starting the network environment and its components.
Apr 29, 2024 9:25:48 AM org.apache.flink.runtime.taskexecutor.KvStateService start
INFO: Starting the kvState service and its components.
Apr 29, 2024 9:25:48 AM org.apache.flink.configuration.Configuration loggingFallback
INFO: Config uses fallback configuration key 'pekko.ask.timeout' instead of key 'taskmanager.slot.timeout'
Apr 29, 2024 9:25:48 AM org.apache.flink.runtime.rpc.pekko.PekkoRpcService startServer
INFO: Starting RPC endpoint for org.apache.flink.runtime.taskexecutor.TaskExecutor at pekko://flink/user/rpc/taskmanager_48 .
Apr 29, 2024 9:25:48 AM org.apache.flink.runtime.taskexecutor.DefaultJobLeaderService start
INFO: Start job leader service.
Apr 29, 2024 9:25:48 AM org.apache.flink.runtime.filecache.FileCache <init>
INFO: User file cache uses directory /var/folders/9y/mg706rlj3cx1fsv47rlmtqq40000gn/T/flink-dist-cache-5d3f1725-da9c-4b47-a868-bde119fd9c09
Apr 29, 2024 9:25:48 AM org.apache.flink.runtime.rest.RestServerEndpoint start
INFO: Starting rest endpoint.
Apr 29, 2024 9:25:48 AM org.apache.flink.runtime.webmonitor.WebMonitorUtils$LogFileLocation find
WARNING: Log file environment variable 'log.file' is not set.
Apr 29, 2024 9:25:48 AM org.apache.flink.runtime.webmonitor.WebMonitorUtils$LogFileLocation find
WARNING: JobManager log files are unavailable in the web dashboard. Log file location not found in environment variable 'log.file' or configuration key 'web.log.path'.
Apr 29, 2024 9:25:48 AM org.apache.flink.runtime.rest.RestServerEndpoint start
INFO: Rest endpoint listening at localhost:50065
Apr 29, 2024 9:25:48 AM org.apache.flink.runtime.highavailability.nonha.embedded.EmbeddedLeaderService updateLeader
INFO: Proposing leadership to the contender that is registered under component ID 'rest_server'.
Apr 29, 2024 9:25:48 AM org.apache.flink.runtime.webmonitor.WebMonitorEndpoint startInternal
INFO: Web frontend listening at http://localhost:50065.
Apr 29, 2024 9:25:48 AM org.apache.flink.runtime.webmonitor.WebMonitorEndpoint grantLeadership
INFO: http://localhost:50065 was granted leadership with leaderSessionID=f358ec95-8fe4-4c41-a922-67dd96070026
Apr 29, 2024 9:25:48 AM org.apache.flink.runtime.highavailability.nonha.embedded.EmbeddedLeaderService confirmLeader
INFO: Received confirmation of leadership for leader http://localhost:50065 , session=f358ec95-8fe4-4c41-a922-67dd96070026
Apr 29, 2024 9:25:48 AM org.apache.flink.runtime.highavailability.nonha.embedded.EmbeddedLeaderService updateLeader
INFO: Proposing leadership to the contender that is registered under component ID 'dispatcher'.
Apr 29, 2024 9:25:48 AM org.apache.flink.runtime.resourcemanager.ResourceManagerServiceImpl start
INFO: Starting resource manager service.
Apr 29, 2024 9:25:48 AM org.apache.flink.runtime.dispatcher.runner.DefaultDispatcherRunner lambda$grantLeadership$0
INFO: DefaultDispatcherRunner was granted leadership with leader id a9f5e1ae-5704-474a-8f56-b024e2a86b7b. Creating new DispatcherLeaderProcess.
Apr 29, 2024 9:25:48 AM org.apache.flink.runtime.highavailability.nonha.embedded.EmbeddedLeaderService updateLeader
INFO: Proposing leadership to the contender that is registered under component ID 'resource_manager'.
Apr 29, 2024 9:25:48 AM org.apache.flink.runtime.dispatcher.runner.AbstractDispatcherLeaderProcess startInternal
INFO: Start SessionDispatcherLeaderProcess.
Apr 29, 2024 9:25:48 AM org.apache.flink.runtime.minicluster.MiniCluster start
INFO: Flink Mini Cluster started successfully
Apr 29, 2024 9:25:48 AM org.apache.flink.runtime.dispatcher.runner.SessionDispatcherLeaderProcess recoverJobs
INFO: Recover all persisted job graphs that are not finished, yet.
Apr 29, 2024 9:25:48 AM org.apache.flink.runtime.dispatcher.runner.SessionDispatcherLeaderProcess recoverJobs
INFO: Successfully recovered 0 persisted job graphs.
Apr 29, 2024 9:25:48 AM org.apache.flink.runtime.resourcemanager.ResourceManagerServiceImpl lambda$grantLeadership$2
INFO: Resource manager service is granted leadership with session id b2e216a8-434c-4751-a15d-2113453a1a2f.
Apr 29, 2024 9:25:48 AM org.apache.flink.runtime.rpc.pekko.PekkoRpcService startServer
INFO: Starting RPC endpoint for org.apache.flink.runtime.dispatcher.StandaloneDispatcher at pekko://flink/user/rpc/dispatcher_49 .
Apr 29, 2024 9:25:48 AM org.apache.flink.runtime.rpc.pekko.PekkoRpcService startServer
INFO: Starting RPC endpoint for org.apache.flink.runtime.resourcemanager.StandaloneResourceManager at pekko://flink/user/rpc/resourcemanager_50 .
Apr 29, 2024 9:25:48 AM org.apache.flink.runtime.resourcemanager.ResourceManager onStart
INFO: Starting the resource manager.
Apr 29, 2024 9:25:48 AM org.apache.flink.runtime.resourcemanager.slotmanager.FineGrainedSlotManager start
INFO: Starting the slot manager.
Apr 29, 2024 9:25:48 AM org.apache.flink.runtime.highavailability.nonha.embedded.EmbeddedLeaderService confirmLeader
INFO: Received confirmation of leadership for leader pekko://flink/user/rpc/dispatcher_49 , session=a9f5e1ae-5704-474a-8f56-b024e2a86b7b
Apr 29, 2024 9:25:48 AM org.apache.flink.runtime.security.token.DefaultDelegationTokenManager startTokensUpdate
INFO: Starting tokens update task
Apr 29, 2024 9:25:48 AM org.apache.flink.runtime.security.token.DefaultDelegationTokenManager startTokensUpdate
WARNING: No tokens obtained so skipping notifications
Apr 29, 2024 9:25:48 AM org.apache.flink.runtime.security.token.DefaultDelegationTokenManager startTokensUpdate
WARNING: Tokens update task not started because either no tokens obtained or none of the tokens specified its renewal date
Apr 29, 2024 9:25:48 AM org.apache.flink.runtime.highavailability.nonha.embedded.EmbeddedLeaderService confirmLeader
INFO: Received confirmation of leadership for leader pekko://flink/user/rpc/resourcemanager_50 , session=b2e216a8-434c-4751-a15d-2113453a1a2f
Apr 29, 2024 9:25:48 AM org.apache.flink.runtime.taskexecutor.TaskExecutor connectToResourceManager
INFO: Connecting to ResourceManager pekko://flink/user/rpc/resourcemanager_50(a15d2113453a1a2fb2e216a8434c4751).
Apr 29, 2024 9:25:48 AM org.apache.flink.runtime.registration.RetryingRegistration lambda$startRegistration$0
INFO: Resolved ResourceManager address, beginning registration
Apr 29, 2024 9:25:48 AM org.apache.flink.runtime.dispatcher.Dispatcher submitJob
INFO: Received JobGraph submission 'DataStream Collect' (ba4dbfb7ea7371f38ad51a17384ddffe).
Apr 29, 2024 9:25:48 AM org.apache.flink.runtime.dispatcher.Dispatcher internalSubmitJob
INFO: Submitting job 'DataStream Collect' (ba4dbfb7ea7371f38ad51a17384ddffe).
Apr 29, 2024 9:25:48 AM org.apache.flink.runtime.highavailability.nonha.embedded.EmbeddedLeaderService updateLeader
INFO: Proposing leadership to the contender that is registered under component ID 'job-ba4dbfb7ea7371f38ad51a17384ddffe'.
Apr 29, 2024 9:25:48 AM org.apache.flink.runtime.jobmaster.JobMasterServiceLeadershipRunner createNewJobMasterServiceProcess
INFO: JobMasterServiceLeadershipRunner for job ba4dbfb7ea7371f38ad51a17384ddffe was granted leadership with leader id ef96db5c-c273-4e22-8fa5-62a8cf76f51f. Creating new JobMasterServiceProcess.
Apr 29, 2024 9:25:48 AM org.apache.flink.runtime.resourcemanager.ResourceManager registerTaskExecutorInternal
INFO: Registering TaskManager with ResourceID c47a208b-6533-4980-8991-85e8483dd7cb (pekko://flink/user/rpc/taskmanager_48) at ResourceManager
Apr 29, 2024 9:25:48 AM org.apache.flink.runtime.taskexecutor.TaskExecutorToResourceManagerConnection onRegistrationSuccess
INFO: Successful registration at resource manager pekko://flink/user/rpc/resourcemanager_50 under registration id 66a84e9dbddbc1d60a7277485807ed2b.
Apr 29, 2024 9:25:48 AM org.apache.flink.runtime.resourcemanager.slotmanager.FineGrainedSlotManager registerTaskManager
INFO: Registering task executor c47a208b-6533-4980-8991-85e8483dd7cb under 66a84e9dbddbc1d60a7277485807ed2b at the slot manager.
Apr 29, 2024 9:25:48 AM org.apache.flink.runtime.rpc.pekko.PekkoRpcService startServer
INFO: Starting RPC endpoint for org.apache.flink.runtime.jobmaster.JobMaster at pekko://flink/user/rpc/jobmanager_51 .
Apr 29, 2024 9:25:48 AM org.apache.flink.runtime.jobmaster.JobMaster <init>
INFO: Initializing job 'DataStream Collect' (ba4dbfb7ea7371f38ad51a17384ddffe).
Apr 29, 2024 9:25:48 AM org.apache.flink.runtime.scheduler.DefaultSchedulerFactory createInstance
INFO: Using restart back off time strategy NoRestartBackoffTimeStrategy for DataStream Collect (ba4dbfb7ea7371f38ad51a17384ddffe).
Apr 29, 2024 9:25:48 AM org.apache.flink.runtime.executiongraph.DefaultExecutionGraph <init>
INFO: Created execution graph ebdfedb96662c18d987c37e828273a24 for job ba4dbfb7ea7371f38ad51a17384ddffe.
Apr 29, 2024 9:25:48 AM org.apache.flink.runtime.executiongraph.DefaultExecutionGraphBuilder buildGraph
INFO: Running initialization on master for job DataStream Collect (ba4dbfb7ea7371f38ad51a17384ddffe).
Apr 29, 2024 9:25:48 AM org.apache.flink.runtime.executiongraph.DefaultExecutionGraphBuilder buildGraph
INFO: Successfully ran initialization on master in 0 ms.
Apr 29, 2024 9:25:48 AM org.apache.flink.runtime.scheduler.adapter.DefaultExecutionTopology generateNewPipelinedRegions
INFO: Built 1 new pipelined regions in 0 ms, total 1 pipelined regions currently.
Apr 29, 2024 9:25:48 AM org.apache.flink.runtime.state.StateBackendLoader loadFromApplicationOrConfigOrDefaultInternal
INFO: No state backend has been configured, using default (HashMap) org.apache.flink.runtime.state.hashmap.HashMapStateBackend@216b8f5c
Apr 29, 2024 9:25:48 AM org.apache.flink.runtime.state.StateBackendLoader fromApplicationOrConfigOrDefault
INFO: State backend loader loads the state backend as HashMapStateBackend
Apr 29, 2024 9:25:48 AM org.apache.flink.runtime.state.CheckpointStorageLoader createJobManagerCheckpointStorage
INFO: Checkpoint storage is set to 'jobmanager'
Apr 29, 2024 9:25:48 AM org.apache.flink.runtime.checkpoint.CheckpointCoordinator restoreLatestCheckpointedStateInternal
INFO: No checkpoint found during restore.
Apr 29, 2024 9:25:48 AM org.apache.flink.runtime.scheduler.DefaultScheduler <init>
INFO: Using failover strategy org.apache.flink.runtime.executiongraph.failover.flip1.RestartPipelinedRegionFailoverStrategy@18697b9e for DataStream Collect (ba4dbfb7ea7371f38ad51a17384ddffe).
Apr 29, 2024 9:25:48 AM org.apache.flink.runtime.highavailability.nonha.embedded.EmbeddedLeaderService confirmLeader
INFO: Received confirmation of leadership for leader pekko://flink/user/rpc/jobmanager_51 , session=ef96db5c-c273-4e22-8fa5-62a8cf76f51f
Apr 29, 2024 9:25:48 AM org.apache.flink.runtime.jobmaster.JobMaster startJobExecution
INFO: Starting execution of job 'DataStream Collect' (ba4dbfb7ea7371f38ad51a17384ddffe) under job master id 8fa562a8cf76f51fef96db5cc2734e22.
Apr 29, 2024 9:25:48 AM org.apache.flink.runtime.scheduler.DefaultScheduler startSchedulingInternal
INFO: Starting scheduling with scheduling strategy [org.apache.flink.runtime.scheduler.strategy.PipelinedRegionSchedulingStrategy]
Apr 29, 2024 9:25:48 AM org.apache.flink.runtime.executiongraph.DefaultExecutionGraph transitionState
INFO: Job DataStream Collect (ba4dbfb7ea7371f38ad51a17384ddffe) switched from state CREATED to RUNNING.
Apr 29, 2024 9:25:48 AM org.apache.flink.runtime.executiongraph.Execution transitionState
INFO: Source: Collection Source -> Timestamps/Watermarks (1/1) (ebdfedb96662c18d987c37e828273a24_cbc357ccb763df2852fee8c4fc7d55f2_0_0) switched from CREATED to SCHEDULED.
Apr 29, 2024 9:25:48 AM org.apache.flink.runtime.executiongraph.Execution transitionState
INFO: TumblingEventTimeWindows -> (Sink: Unnamed, Sink: Data stream collect sink) (1/1) (ebdfedb96662c18d987c37e828273a24_e9b82703c83ea7e9b9e5df8d59eb3c36_0_0) switched from CREATED to SCHEDULED.
Apr 29, 2024 9:25:48 AM org.apache.flink.runtime.jobmaster.JobMaster connectToResourceManager
INFO: Connecting to ResourceManager pekko://flink/user/rpc/resourcemanager_50(a15d2113453a1a2fb2e216a8434c4751)
Apr 29, 2024 9:25:48 AM org.apache.flink.runtime.registration.RetryingRegistration lambda$startRegistration$0
INFO: Resolved ResourceManager address, beginning registration
Apr 29, 2024 9:25:48 AM org.apache.flink.runtime.resourcemanager.ResourceManager registerJobMaster
INFO: Registering job manager 8fa562a8cf76f51fef96db5cc2734e22@pekko://flink/user/rpc/jobmanager_51 for job ba4dbfb7ea7371f38ad51a17384ddffe.
Apr 29, 2024 9:25:48 AM org.apache.flink.runtime.resourcemanager.ResourceManager registerJobMasterInternal
INFO: Registered job manager 8fa562a8cf76f51fef96db5cc2734e22@pekko://flink/user/rpc/jobmanager_51 for job ba4dbfb7ea7371f38ad51a17384ddffe.
Apr 29, 2024 9:25:48 AM org.apache.flink.runtime.jobmaster.JobMaster establishResourceManagerConnection
INFO: JobManager successfully registered at ResourceManager, leader id: a15d2113453a1a2fb2e216a8434c4751.
Apr 29, 2024 9:25:48 AM org.apache.flink.runtime.resourcemanager.slotmanager.FineGrainedSlotManager processResourceRequirements
INFO: Received resource requirements from job ba4dbfb7ea7371f38ad51a17384ddffe: [ResourceRequirement{resourceProfile=ResourceProfile{UNKNOWN}, numberOfRequiredSlots=1}]
Apr 29, 2024 9:25:48 AM org.apache.flink.runtime.resourcemanager.slotmanager.FineGrainedSlotManager logMissingAndAvailableResource
INFO: Matching resource requirements against available resources.
Missing resources:
	 Job ba4dbfb7ea7371f38ad51a17384ddffe
		ResourceRequirement{resourceProfile=ResourceProfile{UNKNOWN}, numberOfRequiredSlots=1}
Current resources:
	TaskManager c47a208b-6533-4980-8991-85e8483dd7cb
		Available: ResourceProfile{taskHeapMemory=1024.000gb (1099511627776 bytes), taskOffHeapMemory=1024.000gb (1099511627776 bytes), managedMemory=128.000mb (134217728 bytes), networkMemory=64.000mb (67108864 bytes)}
		Total:     ResourceProfile{taskHeapMemory=1024.000gb (1099511627776 bytes), taskOffHeapMemory=1024.000gb (1099511627776 bytes), managedMemory=128.000mb (134217728 bytes), networkMemory=64.000mb (67108864 bytes)}
Apr 29, 2024 9:25:48 AM org.apache.flink.runtime.resourcemanager.slotmanager.DefaultSlotStatusSyncer allocateSlot
INFO: Starting allocation of slot fe068f050b86ee09285ed39c049cf75e from c47a208b-6533-4980-8991-85e8483dd7cb for job ba4dbfb7ea7371f38ad51a17384ddffe with resource profile ResourceProfile{taskHeapMemory=1024.000gb (1099511627776 bytes), taskOffHeapMemory=1024.000gb (1099511627776 bytes), managedMemory=128.000mb (134217728 bytes), networkMemory=64.000mb (67108864 bytes)}.
Apr 29, 2024 9:25:48 AM org.apache.flink.runtime.taskexecutor.TaskExecutor requestSlot
INFO: Receive slot request fe068f050b86ee09285ed39c049cf75e for job ba4dbfb7ea7371f38ad51a17384ddffe from resource manager with leader id a15d2113453a1a2fb2e216a8434c4751.
Apr 29, 2024 9:25:48 AM org.apache.flink.runtime.taskexecutor.slot.TaskSlotTableImpl allocateSlot
INFO: Allocated slot for fe068f050b86ee09285ed39c049cf75e with resources ResourceProfile{taskHeapMemory=1024.000gb (1099511627776 bytes), taskOffHeapMemory=1024.000gb (1099511627776 bytes), managedMemory=128.000mb (134217728 bytes), networkMemory=64.000mb (67108864 bytes)}.
Apr 29, 2024 9:25:48 AM org.apache.flink.runtime.taskexecutor.DefaultJobLeaderService addJob
INFO: Add job ba4dbfb7ea7371f38ad51a17384ddffe for job leader monitoring.
Apr 29, 2024 9:25:48 AM org.apache.flink.runtime.taskexecutor.DefaultJobLeaderService$JobManagerLeaderListener openRpcConnectionTo
INFO: Try to register at job manager pekko://flink/user/rpc/jobmanager_51 with leader id ef96db5c-c273-4e22-8fa5-62a8cf76f51f.
Apr 29, 2024 9:25:48 AM org.apache.flink.runtime.registration.RetryingRegistration lambda$startRegistration$0
INFO: Resolved JobManager address, beginning registration
Apr 29, 2024 9:25:48 AM org.apache.flink.runtime.taskexecutor.DefaultJobLeaderService$JobManagerLeaderListener$JobManagerRegisteredRpcConnection lambda$onRegistrationSuccess$0
INFO: Successful registration at job manager pekko://flink/user/rpc/jobmanager_51 for job ba4dbfb7ea7371f38ad51a17384ddffe.
Apr 29, 2024 9:25:48 AM org.apache.flink.runtime.taskexecutor.TaskExecutor establishJobManagerConnection
INFO: Establish JobManager connection for job ba4dbfb7ea7371f38ad51a17384ddffe.
Apr 29, 2024 9:25:48 AM org.apache.flink.runtime.taskexecutor.TaskExecutor internalOfferSlotsToJobManager
INFO: Offer reserved slots to the leader of job ba4dbfb7ea7371f38ad51a17384ddffe.
Apr 29, 2024 9:25:48 AM org.apache.flink.runtime.executiongraph.Execution transitionState
INFO: Source: Collection Source -> Timestamps/Watermarks (1/1) (ebdfedb96662c18d987c37e828273a24_cbc357ccb763df2852fee8c4fc7d55f2_0_0) switched from SCHEDULED to DEPLOYING.
Apr 29, 2024 9:25:48 AM org.apache.flink.runtime.executiongraph.Execution deploy
INFO: Deploying Source: Collection Source -> Timestamps/Watermarks (1/1) (attempt #0) with attempt id ebdfedb96662c18d987c37e828273a24_cbc357ccb763df2852fee8c4fc7d55f2_0_0 and vertex id cbc357ccb763df2852fee8c4fc7d55f2_0 to c47a208b-6533-4980-8991-85e8483dd7cb @ localhost (dataPort=-1) with allocation id fe068f050b86ee09285ed39c049cf75e
Apr 29, 2024 9:25:48 AM org.apache.flink.runtime.executiongraph.Execution transitionState
INFO: TumblingEventTimeWindows -> (Sink: Unnamed, Sink: Data stream collect sink) (1/1) (ebdfedb96662c18d987c37e828273a24_e9b82703c83ea7e9b9e5df8d59eb3c36_0_0) switched from SCHEDULED to DEPLOYING.
Apr 29, 2024 9:25:48 AM org.apache.flink.runtime.executiongraph.Execution deploy
INFO: Deploying TumblingEventTimeWindows -> (Sink: Unnamed, Sink: Data stream collect sink) (1/1) (attempt #0) with attempt id ebdfedb96662c18d987c37e828273a24_e9b82703c83ea7e9b9e5df8d59eb3c36_0_0 and vertex id e9b82703c83ea7e9b9e5df8d59eb3c36_0 to c47a208b-6533-4980-8991-85e8483dd7cb @ localhost (dataPort=-1) with allocation id fe068f050b86ee09285ed39c049cf75e
Apr 29, 2024 9:25:48 AM org.apache.flink.runtime.taskexecutor.slot.TaskSlotTableImpl markExistingSlotActive
INFO: Activate slot fe068f050b86ee09285ed39c049cf75e.
Apr 29, 2024 9:25:48 AM org.apache.flink.runtime.state.changelog.StateChangelogStorageLoader load
INFO: Creating a changelog storage with name 'memory'.
Apr 29, 2024 9:25:48 AM org.apache.flink.runtime.state.TaskExecutorChannelStateExecutorFactoryManager getOrCreateExecutorFactory
INFO: Creating the channel state executor factory for job id ba4dbfb7ea7371f38ad51a17384ddffe
Apr 29, 2024 9:25:48 AM org.apache.flink.runtime.taskexecutor.TaskExecutor submitTask
INFO: Received task Source: Collection Source -> Timestamps/Watermarks (1/1)#0 (ebdfedb96662c18d987c37e828273a24_cbc357ccb763df2852fee8c4fc7d55f2_0_0), deploy into slot with allocation id fe068f050b86ee09285ed39c049cf75e.
Apr 29, 2024 9:25:48 AM org.apache.flink.runtime.taskmanager.Task transitionState
INFO: Source: Collection Source -> Timestamps/Watermarks (1/1)#0 (ebdfedb96662c18d987c37e828273a24_cbc357ccb763df2852fee8c4fc7d55f2_0_0) switched from CREATED to DEPLOYING.
Apr 29, 2024 9:25:48 AM org.apache.flink.runtime.taskexecutor.slot.TaskSlotTableImpl markExistingSlotActive
INFO: Activate slot fe068f050b86ee09285ed39c049cf75e.
Apr 29, 2024 9:25:48 AM org.apache.flink.runtime.taskmanager.Task doRun
INFO: Loading JAR files for task Source: Collection Source -> Timestamps/Watermarks (1/1)#0 (ebdfedb96662c18d987c37e828273a24_cbc357ccb763df2852fee8c4fc7d55f2_0_0) [DEPLOYING].
Apr 29, 2024 9:25:48 AM org.apache.flink.runtime.taskexecutor.TaskExecutor submitTask
INFO: Received task TumblingEventTimeWindows -> (Sink: Unnamed, Sink: Data stream collect sink) (1/1)#0 (ebdfedb96662c18d987c37e828273a24_e9b82703c83ea7e9b9e5df8d59eb3c36_0_0), deploy into slot with allocation id fe068f050b86ee09285ed39c049cf75e.
Apr 29, 2024 9:25:48 AM org.apache.flink.runtime.state.StateBackendLoader loadFromApplicationOrConfigOrDefaultInternal
INFO: No state backend has been configured, using default (HashMap) org.apache.flink.runtime.state.hashmap.HashMapStateBackend@567601cc
Apr 29, 2024 9:25:48 AM org.apache.flink.runtime.state.StateBackendLoader fromApplicationOrConfigOrDefault
INFO: State backend loader loads the state backend as HashMapStateBackend
Apr 29, 2024 9:25:48 AM org.apache.flink.runtime.state.CheckpointStorageLoader createJobManagerCheckpointStorage
INFO: Checkpoint storage is set to 'jobmanager'
Apr 29, 2024 9:25:48 AM org.apache.flink.runtime.taskmanager.Task transitionState
INFO: TumblingEventTimeWindows -> (Sink: Unnamed, Sink: Data stream collect sink) (1/1)#0 (ebdfedb96662c18d987c37e828273a24_e9b82703c83ea7e9b9e5df8d59eb3c36_0_0) switched from CREATED to DEPLOYING.
Apr 29, 2024 9:25:48 AM org.apache.flink.runtime.taskmanager.Task doRun
INFO: Loading JAR files for task TumblingEventTimeWindows -> (Sink: Unnamed, Sink: Data stream collect sink) (1/1)#0 (ebdfedb96662c18d987c37e828273a24_e9b82703c83ea7e9b9e5df8d59eb3c36_0_0) [DEPLOYING].
Apr 29, 2024 9:25:48 AM org.apache.flink.runtime.taskexecutor.slot.TaskSlotTableImpl markExistingSlotActive
INFO: Activate slot fe068f050b86ee09285ed39c049cf75e.
Apr 29, 2024 9:25:48 AM org.apache.flink.runtime.taskmanager.Task transitionState
INFO: Source: Collection Source -> Timestamps/Watermarks (1/1)#0 (ebdfedb96662c18d987c37e828273a24_cbc357ccb763df2852fee8c4fc7d55f2_0_0) switched from DEPLOYING to INITIALIZING.
Apr 29, 2024 9:25:48 AM org.apache.flink.runtime.executiongraph.Execution transitionState
INFO: Source: Collection Source -> Timestamps/Watermarks (1/1) (ebdfedb96662c18d987c37e828273a24_cbc357ccb763df2852fee8c4fc7d55f2_0_0) switched from DEPLOYING to INITIALIZING.
Apr 29, 2024 9:25:48 AM org.apache.flink.runtime.state.StateBackendLoader loadFromApplicationOrConfigOrDefaultInternal
INFO: No state backend has been configured, using default (HashMap) org.apache.flink.runtime.state.hashmap.HashMapStateBackend@182b181d
Apr 29, 2024 9:25:48 AM org.apache.flink.runtime.state.StateBackendLoader fromApplicationOrConfigOrDefault
INFO: State backend loader loads the state backend as HashMapStateBackend
Apr 29, 2024 9:25:48 AM org.apache.flink.runtime.state.CheckpointStorageLoader createJobManagerCheckpointStorage
INFO: Checkpoint storage is set to 'jobmanager'
Apr 29, 2024 9:25:48 AM org.apache.flink.runtime.taskmanager.Task transitionState
INFO: TumblingEventTimeWindows -> (Sink: Unnamed, Sink: Data stream collect sink) (1/1)#0 (ebdfedb96662c18d987c37e828273a24_e9b82703c83ea7e9b9e5df8d59eb3c36_0_0) switched from DEPLOYING to INITIALIZING.
Apr 29, 2024 9:25:48 AM org.apache.flink.runtime.executiongraph.Execution transitionState
INFO: TumblingEventTimeWindows -> (Sink: Unnamed, Sink: Data stream collect sink) (1/1) (ebdfedb96662c18d987c37e828273a24_e9b82703c83ea7e9b9e5df8d59eb3c36_0_0) switched from DEPLOYING to INITIALIZING.
Apr 29, 2024 9:25:48 AM org.apache.flink.runtime.taskmanager.Task transitionState
INFO: Source: Collection Source -> Timestamps/Watermarks (1/1)#0 (ebdfedb96662c18d987c37e828273a24_cbc357ccb763df2852fee8c4fc7d55f2_0_0) switched from INITIALIZING to RUNNING.
Apr 29, 2024 9:25:48 AM org.apache.flink.runtime.executiongraph.Execution transitionState
INFO: Source: Collection Source -> Timestamps/Watermarks (1/1) (ebdfedb96662c18d987c37e828273a24_cbc357ccb763df2852fee8c4fc7d55f2_0_0) switched from INITIALIZING to RUNNING.
Apr 29, 2024 9:25:48 AM org.apache.flink.streaming.api.operators.collect.CollectSinkFunction initializeState
INFO: Initializing collect sink state with offset = 0, buffered results bytes = 0
Apr 29, 2024 9:25:48 AM org.apache.flink.api.java.typeutils.runtime.kryo.KryoSerializer getKryoInstance
INFO: Kryo serializer scala extensions are not available.
Apr 29, 2024 9:25:48 AM org.apache.flink.streaming.api.operators.collect.CollectSinkFunction open
INFO: Collect sink server established, address = localhost/127.0.0.1:50066
Apr 29, 2024 9:25:48 AM org.apache.flink.runtime.state.heap.HeapKeyedStateBackendBuilder restoreState
INFO: Finished to build heap keyed state-backend.
Apr 29, 2024 9:25:48 AM org.apache.flink.runtime.state.heap.HeapKeyedStateBackend <init>
INFO: Initializing heap keyed state backend with stream factory.
Apr 29, 2024 9:25:48 AM org.apache.flink.streaming.api.operators.collect.CollectSinkOperatorCoordinator handleEventFromOperator
INFO: Received sink socket server address: localhost/127.0.0.1:50066
Apr 29, 2024 9:25:48 AM org.apache.flink.api.java.typeutils.runtime.kryo.KryoSerializer getKryoInstance
INFO: Kryo serializer scala extensions are not available.
Apr 29, 2024 9:25:48 AM org.apache.flink.runtime.taskmanager.Task transitionState
INFO: TumblingEventTimeWindows -> (Sink: Unnamed, Sink: Data stream collect sink) (1/1)#0 (ebdfedb96662c18d987c37e828273a24_e9b82703c83ea7e9b9e5df8d59eb3c36_0_0) switched from INITIALIZING to RUNNING.
Apr 29, 2024 9:25:48 AM org.apache.flink.api.java.typeutils.runtime.kryo.KryoSerializer getKryoInstance
INFO: Kryo serializer scala extensions are not available.
Apr 29, 2024 9:25:48 AM org.apache.flink.runtime.executiongraph.Execution transitionState
INFO: TumblingEventTimeWindows -> (Sink: Unnamed, Sink: Data stream collect sink) (1/1) (ebdfedb96662c18d987c37e828273a24_e9b82703c83ea7e9b9e5df8d59eb3c36_0_0) switched from INITIALIZING to RUNNING.
Apr 29, 2024 9:25:48 AM org.apache.flink.api.java.typeutils.runtime.kryo.KryoSerializer getKryoInstance
INFO: Kryo serializer scala extensions are not available.
Apr 29, 2024 9:25:48 AM org.apache.flink.runtime.taskmanager.Task transitionState
INFO: Source: Collection Source -> Timestamps/Watermarks (1/1)#0 (ebdfedb96662c18d987c37e828273a24_cbc357ccb763df2852fee8c4fc7d55f2_0_0) switched from RUNNING to FINISHED.
Apr 29, 2024 9:25:48 AM org.apache.flink.runtime.taskmanager.Task doRun
INFO: Freeing task resources for Source: Collection Source -> Timestamps/Watermarks (1/1)#0 (ebdfedb96662c18d987c37e828273a24_cbc357ccb763df2852fee8c4fc7d55f2_0_0).
Apr 29, 2024 9:25:48 AM org.apache.flink.runtime.taskexecutor.TaskExecutor unregisterTaskAndNotifyFinalState
INFO: Un-registering task and sending final execution state FINISHED to JobManager for task Source: Collection Source -> Timestamps/Watermarks (1/1)#0 ebdfedb96662c18d987c37e828273a24_cbc357ccb763df2852fee8c4fc7d55f2_0_0.
Apr 29, 2024 9:25:48 AM org.apache.flink.runtime.executiongraph.Execution transitionState
INFO: Source: Collection Source -> Timestamps/Watermarks (1/1) (ebdfedb96662c18d987c37e828273a24_cbc357ccb763df2852fee8c4fc7d55f2_0_0) switched from RUNNING to FINISHED.
Apr 29, 2024 9:25:48 AM org.apache.flink.runtime.taskmanager.Task transitionState
INFO: TumblingEventTimeWindows -> (Sink: Unnamed, Sink: Data stream collect sink) (1/1)#0 (ebdfedb96662c18d987c37e828273a24_e9b82703c83ea7e9b9e5df8d59eb3c36_0_0) switched from RUNNING to FINISHED.
Apr 29, 2024 9:25:48 AM org.apache.flink.runtime.taskmanager.Task doRun
INFO: Freeing task resources for TumblingEventTimeWindows -> (Sink: Unnamed, Sink: Data stream collect sink) (1/1)#0 (ebdfedb96662c18d987c37e828273a24_e9b82703c83ea7e9b9e5df8d59eb3c36_0_0).
Apr 29, 2024 9:25:48 AM org.apache.flink.runtime.taskexecutor.TaskExecutor unregisterTaskAndNotifyFinalState
INFO: Un-registering task and sending final execution state FINISHED to JobManager for task TumblingEventTimeWindows -> (Sink: Unnamed, Sink: Data stream collect sink) (1/1)#0 ebdfedb96662c18d987c37e828273a24_e9b82703c83ea7e9b9e5df8d59eb3c36_0_0.
Apr 29, 2024 9:25:48 AM org.apache.flink.runtime.executiongraph.Execution transitionState
INFO: TumblingEventTimeWindows -> (Sink: Unnamed, Sink: Data stream collect sink) (1/1) (ebdfedb96662c18d987c37e828273a24_e9b82703c83ea7e9b9e5df8d59eb3c36_0_0) switched from RUNNING to FINISHED.
Apr 29, 2024 9:25:48 AM org.apache.flink.runtime.resourcemanager.slotmanager.FineGrainedSlotManager processResourceRequirements
INFO: Clearing resource requirements of job ba4dbfb7ea7371f38ad51a17384ddffe
Apr 29, 2024 9:25:48 AM org.apache.flink.runtime.executiongraph.DefaultExecutionGraph transitionState
INFO: Job DataStream Collect (ba4dbfb7ea7371f38ad51a17384ddffe) switched from state RUNNING to FINISHED.
Apr 29, 2024 9:25:48 AM org.apache.flink.runtime.checkpoint.CheckpointCoordinator shutdown
INFO: Stopping checkpoint coordinator for job ba4dbfb7ea7371f38ad51a17384ddffe.
Apr 29, 2024 9:25:48 AM org.apache.flink.runtime.dispatcher.Dispatcher jobReachedTerminalState
INFO: Job ba4dbfb7ea7371f38ad51a17384ddffe reached terminal state FINISHED.
Apr 29, 2024 9:25:48 AM org.apache.flink.runtime.minicluster.MiniCluster closeInternal
INFO: Shutting down Flink Mini Cluster
Apr 29, 2024 9:25:48 AM org.apache.flink.runtime.dispatcher.Dispatcher lambda$registerGloballyTerminatedJobInJobResultStore$42
INFO: Job ba4dbfb7ea7371f38ad51a17384ddffe has been registered for cleanup in the JobResultStore after reaching a terminal state.
Apr 29, 2024 9:25:48 AM org.apache.flink.runtime.rest.RestServerEndpoint closeAsync
INFO: Shutting down rest endpoint.
Apr 29, 2024 9:25:48 AM org.apache.flink.runtime.taskexecutor.TaskExecutor onStop
INFO: Stopping TaskExecutor pekko://flink/user/rpc/taskmanager_48.
Apr 29, 2024 9:25:48 AM org.apache.flink.runtime.taskexecutor.TaskExecutor closeResourceManagerConnection
INFO: Close ResourceManager connection 2f49afc4400452b2795b679fadad8d05.
Apr 29, 2024 9:25:48 AM org.apache.flink.runtime.taskexecutor.TaskExecutor disconnectJobManagerConnection
INFO: Close JobManager connection for job ba4dbfb7ea7371f38ad51a17384ddffe.
Apr 29, 2024 9:25:48 AM org.apache.flink.runtime.jobmaster.JobMaster onStop
INFO: Stopping the JobMaster for job 'DataStream Collect' (ba4dbfb7ea7371f38ad51a17384ddffe).
Apr 29, 2024 9:25:48 AM org.apache.flink.runtime.state.TaskExecutorStateChangelogStoragesManager shutdown
INFO: Shutting down TaskExecutorStateChangelogStoragesManager.
Apr 29, 2024 9:25:48 AM org.apache.flink.runtime.resourcemanager.ResourceManager closeTaskManagerConnection
INFO: Closing TaskExecutor connection c47a208b-6533-4980-8991-85e8483dd7cb because: The TaskExecutor is shutting down.
Apr 29, 2024 9:25:48 AM org.apache.flink.runtime.state.TaskExecutorChannelStateExecutorFactoryManager shutdown
INFO: Shutting down TaskExecutorChannelStateExecutorFactoryManager.
Apr 29, 2024 9:25:48 AM org.apache.flink.runtime.resourcemanager.slotmanager.FineGrainedSlotManager unregisterTaskManager
INFO: Unregistering task executor 66a84e9dbddbc1d60a7277485807ed2b from the slot manager.
Apr 29, 2024 9:25:48 AM org.apache.flink.runtime.taskexecutor.slot.TaskSlotTableImpl freeSlotInternal
INFO: Free slot TaskSlot(index:1, state:ALLOCATED, resource profile: ResourceProfile{taskHeapMemory=1024.000gb (1099511627776 bytes), taskOffHeapMemory=1024.000gb (1099511627776 bytes), managedMemory=128.000mb (134217728 bytes), networkMemory=64.000mb (67108864 bytes)}, allocationId: fe068f050b86ee09285ed39c049cf75e, jobId: ba4dbfb7ea7371f38ad51a17384ddffe).
Apr 29, 2024 9:25:48 AM org.apache.flink.runtime.resourcemanager.slotmanager.DefaultSlotStatusSyncer freeSlot
INFO: Freeing slot fe068f050b86ee09285ed39c049cf75e.
Apr 29, 2024 9:25:48 AM org.apache.flink.streaming.api.operators.collect.CollectSinkOperatorCoordinator close
INFO: Closing the CollectSinkOperatorCoordinator.
Apr 29, 2024 9:25:48 AM org.apache.flink.runtime.jobmaster.JobMaster disconnectTaskManager
INFO: Disconnect TaskExecutor c47a208b-6533-4980-8991-85e8483dd7cb because: The TaskExecutor is shutting down.
Apr 29, 2024 9:25:48 AM org.apache.flink.runtime.jobmaster.slotpool.DefaultDeclarativeSlotPool releaseSlots
INFO: Releasing slot [fe068f050b86ee09285ed39c049cf75e].
Apr 29, 2024 9:25:48 AM org.apache.flink.runtime.checkpoint.StandaloneCompletedCheckpointStore shutdown
INFO: Shutting down
Apr 29, 2024 9:25:48 AM org.apache.flink.runtime.jobmaster.JobMaster dissolveResourceManagerConnection
INFO: Close ResourceManager connection 2f49afc4400452b2795b679fadad8d05: Stopping JobMaster for job 'DataStream Collect' (ba4dbfb7ea7371f38ad51a17384ddffe).
Apr 29, 2024 9:25:48 AM org.apache.flink.runtime.taskexecutor.DefaultJobLeaderService stop
INFO: Stop job leader service.
Apr 29, 2024 9:25:48 AM org.apache.flink.runtime.resourcemanager.ResourceManager closeJobManagerConnection
INFO: Disconnect job manager 8fa562a8cf76f51fef96db5cc2734e22@pekko://flink/user/rpc/jobmanager_51 for job ba4dbfb7ea7371f38ad51a17384ddffe from the resource manager.
Apr 29, 2024 9:25:48 AM org.apache.flink.runtime.state.TaskExecutorLocalStateStoresManager shutdown
INFO: Shutting down TaskExecutorLocalStateStoresManager.
Apr 29, 2024 9:25:48 AM org.apache.flink.runtime.webmonitor.WebMonitorEndpoint lambda$shutDownInternal$7
INFO: Removing cache directory /var/folders/9y/mg706rlj3cx1fsv47rlmtqq40000gn/T/flink-web-ui
Apr 29, 2024 9:25:48 AM org.apache.flink.runtime.io.disk.FileChannelManagerImpl lambda$getFileCloser$0
INFO: FileChannelManager removed spill file directory /var/folders/9y/mg706rlj3cx1fsv47rlmtqq40000gn/T/flink-io-f9ff1687-e03e-4390-9cfd-0d9756f5377a
Apr 29, 2024 9:25:48 AM org.apache.flink.runtime.io.network.NettyShuffleEnvironment close
INFO: Shutting down the network environment and its components.
Apr 29, 2024 9:25:48 AM org.apache.flink.runtime.webmonitor.WebMonitorEndpoint revokeLeadership
INFO: http://localhost:50065 lost leadership
Apr 29, 2024 9:25:48 AM org.apache.flink.runtime.rest.RestServerEndpoint lambda$closeAsync$1
INFO: Shut down complete.
Apr 29, 2024 9:25:48 AM org.apache.flink.runtime.resourcemanager.ResourceManager deregisterApplication
INFO: Shut down cluster because application is in CANCELED, diagnostics DispatcherResourceManagerComponent has been closed..
Apr 29, 2024 9:25:48 AM org.apache.flink.runtime.entrypoint.component.DispatcherResourceManagerComponent closeAsyncInternal
INFO: Closing components.
Apr 29, 2024 9:25:48 AM org.apache.flink.runtime.dispatcher.runner.AbstractDispatcherLeaderProcess closeInternal
INFO: Stopping SessionDispatcherLeaderProcess.
Apr 29, 2024 9:25:48 AM org.apache.flink.runtime.resourcemanager.ResourceManagerServiceImpl closeAsync
INFO: Stopping resource manager service.
Apr 29, 2024 9:25:48 AM org.apache.flink.runtime.dispatcher.Dispatcher onStop
INFO: Stopping dispatcher pekko://flink/user/rpc/dispatcher_49.
Apr 29, 2024 9:25:48 AM org.apache.flink.runtime.resourcemanager.ResourceManagerServiceImpl lambda$revokeLeadership$3
INFO: Resource manager service is not running. Ignore revoking leadership.
Apr 29, 2024 9:25:48 AM org.apache.flink.runtime.dispatcher.Dispatcher terminateRunningJobs
INFO: Stopping all currently running jobs of dispatcher pekko://flink/user/rpc/dispatcher_49.
Apr 29, 2024 9:25:48 AM org.apache.flink.runtime.security.token.DefaultDelegationTokenManager stop
INFO: Stopping credential renewal
Apr 29, 2024 9:25:48 AM org.apache.flink.runtime.security.token.DefaultDelegationTokenManager stop
INFO: Stopped credential renewal
Apr 29, 2024 9:25:48 AM org.apache.flink.runtime.resourcemanager.slotmanager.FineGrainedSlotManager close
INFO: Closing the slot manager.
Apr 29, 2024 9:25:48 AM org.apache.flink.runtime.resourcemanager.slotmanager.FineGrainedSlotManager suspend
INFO: Suspending the slot manager.
Apr 29, 2024 9:25:48 AM org.apache.flink.runtime.io.disk.FileChannelManagerImpl lambda$getFileCloser$0
INFO: FileChannelManager removed spill file directory /var/folders/9y/mg706rlj3cx1fsv47rlmtqq40000gn/T/flink-netty-shuffle-8dff7bac-a67b-450f-866d-dbc237de5376
Apr 29, 2024 9:25:48 AM org.apache.flink.runtime.taskexecutor.KvStateService shutdown
INFO: Shutting down the kvState service and its components.
Apr 29, 2024 9:25:48 AM org.apache.flink.runtime.taskexecutor.DefaultJobLeaderService stop
INFO: Stop job leader service.
Apr 29, 2024 9:25:48 AM org.apache.flink.runtime.dispatcher.Dispatcher lambda$onStop$2
INFO: Stopped dispatcher pekko://flink/user/rpc/dispatcher_49.
Apr 29, 2024 9:25:48 AM org.apache.flink.runtime.filecache.FileCache shutdown
INFO: removed file cache directory /var/folders/9y/mg706rlj3cx1fsv47rlmtqq40000gn/T/flink-dist-cache-5d3f1725-da9c-4b47-a868-bde119fd9c09
Apr 29, 2024 9:25:48 AM org.apache.flink.runtime.taskexecutor.TaskExecutor handleOnStopException
INFO: Stopped TaskExecutor pekko://flink/user/rpc/taskmanager_48.
Apr 29, 2024 9:25:48 AM org.apache.flink.runtime.rpc.pekko.PekkoRpcService closeAsync
INFO: Stopping Pekko RPC service.
Apr 29, 2024 9:25:48 AM org.apache.pekko.event.slf4j.Slf4jLogger$$anonfun$receive$1 $anonfun$applyOrElse$3
INFO: Running CoordinatedShutdown with reason [ActorSystemTerminateReason]
Apr 29, 2024 9:25:48 AM org.apache.flink.runtime.rpc.pekko.PekkoRpcService closeAsync
INFO: Stopping Pekko RPC service.
Apr 29, 2024 9:25:48 AM org.apache.flink.runtime.rpc.pekko.PekkoRpcService lambda$closeAsync$7
INFO: Stopped Pekko RPC service.
Apr 29, 2024 9:25:48 AM org.apache.pekko.event.slf4j.Slf4jLogger$$anonfun$receive$1 $anonfun$applyOrElse$3
INFO: Running CoordinatedShutdown with reason [ActorSystemTerminateReason]
Apr 29, 2024 9:25:48 AM org.apache.flink.runtime.blob.AbstractBlobCache close
INFO: Shutting down BLOB cache
Apr 29, 2024 9:25:48 AM org.apache.flink.runtime.blob.AbstractBlobCache close
INFO: Shutting down BLOB cache
Apr 29, 2024 9:25:48 AM org.apache.flink.runtime.blob.BlobServer close
INFO: Stopped BLOB server at 0.0.0.0:50064
Apr 29, 2024 9:25:48 AM org.apache.flink.runtime.rpc.pekko.PekkoRpcService lambda$closeAsync$7
INFO: Stopped Pekko RPC service.
Apr 29, 2024 9:25:48 AM org.apache.flink.streaming.api.operators.collect.CollectResultFetcher isJobTerminated
WARNING: Failed to get job status so we assume that the job has terminated. Some data might be lost.
java.lang.IllegalStateException: MiniCluster is not yet running or has already been shut down.
	at org.apache.flink.util.Preconditions.checkState(Preconditions.java:193)
	at org.apache.flink.runtime.minicluster.MiniCluster.getDispatcherGatewayFuture(MiniCluster.java:1069)
	at org.apache.flink.runtime.minicluster.MiniCluster.runDispatcherCommand(MiniCluster.java:942)
	at org.apache.flink.runtime.minicluster.MiniCluster.getJobStatus(MiniCluster.java:866)
	at org.apache.flink.runtime.minicluster.MiniClusterJobClient.getJobStatus(MiniClusterJobClient.java:91)
	at org.apache.flink.streaming.api.operators.collect.CollectResultFetcher.isJobTerminated(CollectResultFetcher.java:211)
	at org.apache.flink.streaming.api.operators.collect.CollectResultFetcher.next(CollectResultFetcher.java:118)
	at org.apache.flink.streaming.api.operators.collect.CollectResultIterator.nextResultFromFetcher(CollectResultIterator.java:106)
	at org.apache.flink.streaming.api.operators.collect.CollectResultIterator.hasNext(CollectResultIterator.java:80)
	at org.apache.flink.streaming.api.datastream.DataStream.executeAndCollect(DataStream.java:1365)
	at org.apache.flink.streaming.api.datastream.DataStream.executeAndCollect(DataStream.java:1348)
	at flink.test.testQuery7.testReverseChronologicalBids(testQuery7.java:378)
	at java.base/jdk.internal.reflect.NativeMethodAccessorImpl.invoke0(Native Method)
	at java.base/jdk.internal.reflect.NativeMethodAccessorImpl.invoke(NativeMethodAccessorImpl.java:62)
	at java.base/jdk.internal.reflect.DelegatingMethodAccessorImpl.invoke(DelegatingMethodAccessorImpl.java:43)
	at java.base/java.lang.reflect.Method.invoke(Method.java:566)
	at org.junit.runners.model.FrameworkMethod$1.runReflectiveCall(FrameworkMethod.java:59)
	at org.junit.internal.runners.model.ReflectiveCallable.run(ReflectiveCallable.java:12)
	at org.junit.runners.model.FrameworkMethod.invokeExplosively(FrameworkMethod.java:56)
	at org.junit.internal.runners.statements.InvokeMethod.evaluate(InvokeMethod.java:17)
	at org.junit.runners.ParentRunner$3.evaluate(ParentRunner.java:306)
	at org.junit.runners.BlockJUnit4ClassRunner$1.evaluate(BlockJUnit4ClassRunner.java:100)
	at org.junit.runners.ParentRunner.runLeaf(ParentRunner.java:366)
	at org.junit.runners.BlockJUnit4ClassRunner.runChild(BlockJUnit4ClassRunner.java:103)
	at org.junit.runners.BlockJUnit4ClassRunner.runChild(BlockJUnit4ClassRunner.java:63)
	at org.junit.runners.ParentRunner$4.run(ParentRunner.java:331)
	at org.junit.runners.ParentRunner$1.schedule(ParentRunner.java:79)
	at org.junit.runners.ParentRunner.runChildren(ParentRunner.java:329)
	at org.junit.runners.ParentRunner.access$100(ParentRunner.java:66)
	at org.junit.runners.ParentRunner$2.evaluate(ParentRunner.java:293)
	at org.junit.runners.ParentRunner$3.evaluate(ParentRunner.java:306)
	at org.junit.runners.ParentRunner.run(ParentRunner.java:413)
	at org.apache.maven.surefire.junit4.JUnit4Provider.execute(JUnit4Provider.java:364)
	at org.apache.maven.surefire.junit4.JUnit4Provider.executeWithRerun(JUnit4Provider.java:272)
	at org.apache.maven.surefire.junit4.JUnit4Provider.executeTestSet(JUnit4Provider.java:237)
	at org.apache.maven.surefire.junit4.JUnit4Provider.invoke(JUnit4Provider.java:158)
	at org.apache.maven.surefire.booter.ForkedBooter.runSuitesInProcess(ForkedBooter.java:428)
	at org.apache.maven.surefire.booter.ForkedBooter.execute(ForkedBooter.java:162)
	at org.apache.maven.surefire.booter.ForkedBooter.run(ForkedBooter.java:562)
	at org.apache.maven.surefire.booter.ForkedBooter.main(ForkedBooter.java:548)

Apr 29, 2024 9:25:48 AM org.apache.flink.streaming.api.operators.collect.CollectResultFetcher isJobTerminated
WARNING: Failed to get job status so we assume that the job has terminated. Some data might be lost.
java.lang.IllegalStateException: MiniCluster is not yet running or has already been shut down.
	at org.apache.flink.util.Preconditions.checkState(Preconditions.java:193)
	at org.apache.flink.runtime.minicluster.MiniCluster.getDispatcherGatewayFuture(MiniCluster.java:1069)
	at org.apache.flink.runtime.minicluster.MiniCluster.runDispatcherCommand(MiniCluster.java:942)
	at org.apache.flink.runtime.minicluster.MiniCluster.getJobStatus(MiniCluster.java:866)
	at org.apache.flink.runtime.minicluster.MiniClusterJobClient.getJobStatus(MiniClusterJobClient.java:91)
	at org.apache.flink.streaming.api.operators.collect.CollectResultFetcher.isJobTerminated(CollectResultFetcher.java:211)
	at org.apache.flink.streaming.api.operators.collect.CollectResultFetcher.cancelJob(CollectResultFetcher.java:233)
	at org.apache.flink.streaming.api.operators.collect.CollectResultFetcher.close(CollectResultFetcher.java:158)
	at org.apache.flink.streaming.api.operators.collect.CollectResultIterator.close(CollectResultIterator.java:97)
	at org.apache.flink.streaming.api.operators.collect.ClientAndIterator.close(ClientAndIterator.java:45)
	at org.apache.flink.streaming.api.datastream.DataStream.executeAndCollect(DataStream.java:1371)
	at org.apache.flink.streaming.api.datastream.DataStream.executeAndCollect(DataStream.java:1348)
	at flink.test.testQuery7.testReverseChronologicalBids(testQuery7.java:378)
	at java.base/jdk.internal.reflect.NativeMethodAccessorImpl.invoke0(Native Method)
	at java.base/jdk.internal.reflect.NativeMethodAccessorImpl.invoke(NativeMethodAccessorImpl.java:62)
	at java.base/jdk.internal.reflect.DelegatingMethodAccessorImpl.invoke(DelegatingMethodAccessorImpl.java:43)
	at java.base/java.lang.reflect.Method.invoke(Method.java:566)
	at org.junit.runners.model.FrameworkMethod$1.runReflectiveCall(FrameworkMethod.java:59)
	at org.junit.internal.runners.model.ReflectiveCallable.run(ReflectiveCallable.java:12)
	at org.junit.runners.model.FrameworkMethod.invokeExplosively(FrameworkMethod.java:56)
	at org.junit.internal.runners.statements.InvokeMethod.evaluate(InvokeMethod.java:17)
	at org.junit.runners.ParentRunner$3.evaluate(ParentRunner.java:306)
	at org.junit.runners.BlockJUnit4ClassRunner$1.evaluate(BlockJUnit4ClassRunner.java:100)
	at org.junit.runners.ParentRunner.runLeaf(ParentRunner.java:366)
	at org.junit.runners.BlockJUnit4ClassRunner.runChild(BlockJUnit4ClassRunner.java:103)
	at org.junit.runners.BlockJUnit4ClassRunner.runChild(BlockJUnit4ClassRunner.java:63)
	at org.junit.runners.ParentRunner$4.run(ParentRunner.java:331)
	at org.junit.runners.ParentRunner$1.schedule(ParentRunner.java:79)
	at org.junit.runners.ParentRunner.runChildren(ParentRunner.java:329)
	at org.junit.runners.ParentRunner.access$100(ParentRunner.java:66)
	at org.junit.runners.ParentRunner$2.evaluate(ParentRunner.java:293)
	at org.junit.runners.ParentRunner$3.evaluate(ParentRunner.java:306)
	at org.junit.runners.ParentRunner.run(ParentRunner.java:413)
	at org.apache.maven.surefire.junit4.JUnit4Provider.execute(JUnit4Provider.java:364)
	at org.apache.maven.surefire.junit4.JUnit4Provider.executeWithRerun(JUnit4Provider.java:272)
	at org.apache.maven.surefire.junit4.JUnit4Provider.executeTestSet(JUnit4Provider.java:237)
	at org.apache.maven.surefire.junit4.JUnit4Provider.invoke(JUnit4Provider.java:158)
	at org.apache.maven.surefire.booter.ForkedBooter.runSuitesInProcess(ForkedBooter.java:428)
	at org.apache.maven.surefire.booter.ForkedBooter.execute(ForkedBooter.java:162)
	at org.apache.maven.surefire.booter.ForkedBooter.run(ForkedBooter.java:562)
	at org.apache.maven.surefire.booter.ForkedBooter.main(ForkedBooter.java:548)

]]></system-err>
  </testcase>
  <testcase name="testEdgeCaseAtBoundary" classname="flink.test.testQuery7" time="1.908">
    <system-err><![CDATA[Apr 29, 2024 9:25:48 AM org.apache.flink.api.java.typeutils.TypeExtractor analyzePojo
INFO: The default constructor of class org.apache.beam.sdk.nexmark.model.Bid is not Public so it cannot be used as a POJO type and must be processed as GenericType. Please read the Flink documentation on "Data Types & Serialization" for details of the effect on performance and schema evolution.
Apr 29, 2024 9:25:48 AM org.apache.flink.api.java.typeutils.runtime.kryo.KryoSerializer getKryoInstance
INFO: Kryo serializer scala extensions are not available.
Apr 29, 2024 9:25:48 AM org.apache.flink.runtime.taskexecutor.TaskExecutorResourceUtils setConfigOptionToDefaultIfNotSet
INFO: The configuration option taskmanager.cpu.cores required for local execution is not set, setting it to the maximal possible value.
Apr 29, 2024 9:25:48 AM org.apache.flink.runtime.taskexecutor.TaskExecutorResourceUtils setConfigOptionToDefaultIfNotSet
INFO: The configuration option taskmanager.memory.task.heap.size required for local execution is not set, setting it to the maximal possible value.
Apr 29, 2024 9:25:48 AM org.apache.flink.runtime.taskexecutor.TaskExecutorResourceUtils setConfigOptionToDefaultIfNotSet
INFO: The configuration option taskmanager.memory.task.off-heap.size required for local execution is not set, setting it to the maximal possible value.
Apr 29, 2024 9:25:48 AM org.apache.flink.runtime.taskexecutor.TaskExecutorResourceUtils setConfigOptionToDefaultIfNotSet
INFO: The configuration option taskmanager.memory.network.min required for local execution is not set, setting it to its default value 64 mb.
Apr 29, 2024 9:25:48 AM org.apache.flink.runtime.taskexecutor.TaskExecutorResourceUtils setConfigOptionToDefaultIfNotSet
INFO: The configuration option taskmanager.memory.network.max required for local execution is not set, setting it to its default value 64 mb.
Apr 29, 2024 9:25:48 AM org.apache.flink.runtime.taskexecutor.TaskExecutorResourceUtils setConfigOptionToDefaultIfNotSet
INFO: The configuration option taskmanager.memory.managed.size required for local execution is not set, setting it to its default value 128 mb.
Apr 29, 2024 9:25:48 AM org.apache.flink.runtime.minicluster.MiniCluster start
INFO: Starting Flink Mini Cluster
Apr 29, 2024 9:25:48 AM org.apache.flink.runtime.minicluster.MiniCluster start
INFO: Starting Metrics Registry
Apr 29, 2024 9:25:48 AM org.apache.flink.runtime.metrics.MetricRegistryImpl <init>
INFO: No metrics reporter configured, no metrics will be exposed/reported.
Apr 29, 2024 9:25:48 AM org.apache.flink.runtime.minicluster.MiniCluster start
INFO: Starting RPC Service(s)
Apr 29, 2024 9:25:48 AM org.apache.flink.runtime.rpc.pekko.ActorSystemBootstrapTools startLocalActorSystem
INFO: Trying to start local actor system
Apr 29, 2024 9:25:49 AM org.apache.pekko.event.slf4j.Slf4jLogger$$anonfun$receive$1 applyOrElse
INFO: Slf4jLogger started
Apr 29, 2024 9:25:49 AM org.apache.flink.runtime.rpc.pekko.ActorSystemBootstrapTools startActorSystem
INFO: Actor system started at pekko://flink
Apr 29, 2024 9:25:49 AM org.apache.flink.runtime.rpc.pekko.ActorSystemBootstrapTools startLocalActorSystem
INFO: Trying to start local actor system
Apr 29, 2024 9:25:49 AM org.apache.pekko.event.slf4j.Slf4jLogger$$anonfun$receive$1 applyOrElse
INFO: Slf4jLogger started
Apr 29, 2024 9:25:49 AM org.apache.flink.runtime.rpc.pekko.ActorSystemBootstrapTools startActorSystem
INFO: Actor system started at pekko://flink-metrics
Apr 29, 2024 9:25:49 AM org.apache.flink.runtime.rpc.pekko.PekkoRpcService startServer
INFO: Starting RPC endpoint for org.apache.flink.runtime.metrics.dump.MetricQueryService at pekko://flink-metrics/user/rpc/MetricQueryService .
Apr 29, 2024 9:25:49 AM org.apache.flink.runtime.security.token.DefaultDelegationTokenManager loadProviders
INFO: Loading delegation token providers
Apr 29, 2024 9:25:49 AM org.apache.flink.runtime.util.HadoopUtils getHadoopConfiguration
WARNING: Could not find Hadoop configuration via any of the supported methods (Flink configuration, environment variables).
Apr 29, 2024 9:25:49 AM org.apache.flink.runtime.security.token.DefaultDelegationTokenManager lambda$loadProviders$0
INFO: Delegation token provider hadoopfs loaded and initialized
Apr 29, 2024 9:25:49 AM org.apache.flink.runtime.util.HadoopUtils getHadoopConfiguration
WARNING: Could not find Hadoop configuration via any of the supported methods (Flink configuration, environment variables).
Apr 29, 2024 9:25:49 AM org.apache.flink.runtime.security.token.DefaultDelegationTokenManager lambda$loadProviders$0
INFO: Delegation token provider hbase loaded and initialized
Apr 29, 2024 9:25:49 AM org.apache.flink.runtime.security.token.DefaultDelegationTokenManager loadProviders
INFO: Delegation token providers loaded successfully
Apr 29, 2024 9:25:49 AM org.apache.flink.runtime.security.token.DelegationTokenReceiverRepository loadReceivers
INFO: Loading delegation token receivers
Apr 29, 2024 9:25:49 AM org.apache.flink.runtime.security.token.DelegationTokenReceiverRepository lambda$loadReceivers$0
INFO: Delegation token receiver hadoopfs loaded and initialized
Apr 29, 2024 9:25:49 AM org.apache.flink.runtime.security.token.DelegationTokenReceiverRepository lambda$loadReceivers$0
INFO: Delegation token receiver hbase loaded and initialized
Apr 29, 2024 9:25:49 AM org.apache.flink.runtime.security.token.DelegationTokenReceiverRepository loadReceivers
INFO: Delegation token receivers loaded successfully
Apr 29, 2024 9:25:49 AM org.apache.flink.runtime.security.token.DefaultDelegationTokenManager checkProviderAndReceiverConsistency
INFO: Checking provider and receiver instances consistency
Apr 29, 2024 9:25:49 AM org.apache.flink.runtime.security.token.DefaultDelegationTokenManager checkProviderAndReceiverConsistency
INFO: Provider and receiver instances are consistent
Apr 29, 2024 9:25:49 AM org.apache.flink.runtime.security.token.DefaultDelegationTokenManager obtainDelegationTokens
INFO: Obtaining delegation tokens
Apr 29, 2024 9:25:49 AM org.apache.flink.runtime.security.token.DefaultDelegationTokenManager obtainDelegationTokens
INFO: Delegation tokens obtained successfully
Apr 29, 2024 9:25:49 AM org.apache.flink.runtime.security.token.DefaultDelegationTokenManager obtainDelegationTokens
WARNING: No tokens obtained so skipping notifications
Apr 29, 2024 9:25:49 AM org.apache.flink.runtime.security.token.DelegationTokenReceiverRepository loadReceivers
INFO: Loading delegation token receivers
Apr 29, 2024 9:25:49 AM org.apache.flink.runtime.security.token.DelegationTokenReceiverRepository lambda$loadReceivers$0
INFO: Delegation token receiver hadoopfs loaded and initialized
Apr 29, 2024 9:25:49 AM org.apache.flink.runtime.security.token.DelegationTokenReceiverRepository lambda$loadReceivers$0
INFO: Delegation token receiver hbase loaded and initialized
Apr 29, 2024 9:25:49 AM org.apache.flink.runtime.security.token.DelegationTokenReceiverRepository loadReceivers
INFO: Delegation token receivers loaded successfully
Apr 29, 2024 9:25:49 AM org.apache.flink.runtime.blob.BlobServer <init>
INFO: Created BLOB server storage directory /var/folders/9y/mg706rlj3cx1fsv47rlmtqq40000gn/T/minicluster_794a9b079bc94cda7dd8df173462251e/blobStorage
Apr 29, 2024 9:25:49 AM org.apache.flink.runtime.blob.BlobServer <init>
INFO: Started BLOB server at 0.0.0.0:50067 - max concurrent requests: 50 - max backlog: 1000
Apr 29, 2024 9:25:49 AM org.apache.flink.runtime.blob.AbstractBlobCache <init>
INFO: Created BLOB cache storage directory /var/folders/9y/mg706rlj3cx1fsv47rlmtqq40000gn/T/minicluster_794a9b079bc94cda7dd8df173462251e/blobStorage
Apr 29, 2024 9:25:49 AM org.apache.flink.runtime.blob.AbstractBlobCache <init>
INFO: Created BLOB cache storage directory /var/folders/9y/mg706rlj3cx1fsv47rlmtqq40000gn/T/minicluster_794a9b079bc94cda7dd8df173462251e/blobStorage
Apr 29, 2024 9:25:49 AM org.apache.flink.runtime.minicluster.MiniCluster startTaskManagers
INFO: Starting 1 TaskManager(s)
Apr 29, 2024 9:25:49 AM org.apache.flink.runtime.taskexecutor.TaskManagerRunner startTaskManager
INFO: Starting TaskManager with ResourceID: 46876e8e-0cd0-43b4-8e2e-8154912b474d
Apr 29, 2024 9:25:49 AM org.apache.flink.runtime.taskexecutor.TaskManagerServices checkTempDirs
INFO: Temporary file directory '/var/folders/9y/mg706rlj3cx1fsv47rlmtqq40000gn/T': total 460 GB, usable 240 GB (52.17% usable)
Apr 29, 2024 9:25:49 AM org.apache.flink.runtime.io.disk.iomanager.IOManager <init>
INFO: Created a new FileChannelManager for spilling of task related data to disk (joins, sorting, ...). Used directories:
	/var/folders/9y/mg706rlj3cx1fsv47rlmtqq40000gn/T/flink-io-6a6a666d-6a38-431e-8a40-6be8f5fbd000
Apr 29, 2024 9:25:49 AM org.apache.flink.runtime.io.network.NettyShuffleServiceFactory createNettyShuffleEnvironment
INFO: Created a new FileChannelManager for storing result partitions of BLOCKING shuffles. Used directories:
	/var/folders/9y/mg706rlj3cx1fsv47rlmtqq40000gn/T/flink-netty-shuffle-a0142771-c9f4-4dff-a63a-e7014d79c18b
Apr 29, 2024 9:25:49 AM org.apache.flink.runtime.io.network.buffer.NetworkBufferPool <init>
INFO: Allocated 64 MB for network buffer pool (number of memory segments: 2048, bytes per segment: 32768).
Apr 29, 2024 9:25:49 AM org.apache.flink.runtime.io.network.NettyShuffleEnvironment start
INFO: Starting the network environment and its components.
Apr 29, 2024 9:25:49 AM org.apache.flink.runtime.taskexecutor.KvStateService start
INFO: Starting the kvState service and its components.
Apr 29, 2024 9:25:49 AM org.apache.flink.configuration.Configuration loggingFallback
INFO: Config uses fallback configuration key 'pekko.ask.timeout' instead of key 'taskmanager.slot.timeout'
Apr 29, 2024 9:25:49 AM org.apache.flink.runtime.rpc.pekko.PekkoRpcService startServer
INFO: Starting RPC endpoint for org.apache.flink.runtime.taskexecutor.TaskExecutor at pekko://flink/user/rpc/taskmanager_52 .
Apr 29, 2024 9:25:49 AM org.apache.flink.runtime.taskexecutor.DefaultJobLeaderService start
INFO: Start job leader service.
Apr 29, 2024 9:25:49 AM org.apache.flink.runtime.filecache.FileCache <init>
INFO: User file cache uses directory /var/folders/9y/mg706rlj3cx1fsv47rlmtqq40000gn/T/flink-dist-cache-77dabeff-7f87-4f14-aebf-52449402a790
Apr 29, 2024 9:25:49 AM org.apache.flink.runtime.rest.RestServerEndpoint start
INFO: Starting rest endpoint.
Apr 29, 2024 9:25:49 AM org.apache.flink.runtime.webmonitor.WebMonitorUtils$LogFileLocation find
WARNING: Log file environment variable 'log.file' is not set.
Apr 29, 2024 9:25:49 AM org.apache.flink.runtime.webmonitor.WebMonitorUtils$LogFileLocation find
WARNING: JobManager log files are unavailable in the web dashboard. Log file location not found in environment variable 'log.file' or configuration key 'web.log.path'.
Apr 29, 2024 9:25:49 AM org.apache.flink.runtime.rest.RestServerEndpoint start
INFO: Rest endpoint listening at localhost:50068
Apr 29, 2024 9:25:49 AM org.apache.flink.runtime.highavailability.nonha.embedded.EmbeddedLeaderService updateLeader
INFO: Proposing leadership to the contender that is registered under component ID 'rest_server'.
Apr 29, 2024 9:25:49 AM org.apache.flink.runtime.webmonitor.WebMonitorEndpoint startInternal
INFO: Web frontend listening at http://localhost:50068.
Apr 29, 2024 9:25:49 AM org.apache.flink.runtime.webmonitor.WebMonitorEndpoint grantLeadership
INFO: http://localhost:50068 was granted leadership with leaderSessionID=b4fdd9f0-a237-41a0-a7bd-94364398a5ac
Apr 29, 2024 9:25:49 AM org.apache.flink.runtime.highavailability.nonha.embedded.EmbeddedLeaderService confirmLeader
INFO: Received confirmation of leadership for leader http://localhost:50068 , session=b4fdd9f0-a237-41a0-a7bd-94364398a5ac
Apr 29, 2024 9:25:49 AM org.apache.flink.runtime.highavailability.nonha.embedded.EmbeddedLeaderService updateLeader
INFO: Proposing leadership to the contender that is registered under component ID 'dispatcher'.
Apr 29, 2024 9:25:49 AM org.apache.flink.runtime.resourcemanager.ResourceManagerServiceImpl start
INFO: Starting resource manager service.
Apr 29, 2024 9:25:49 AM org.apache.flink.runtime.dispatcher.runner.DefaultDispatcherRunner lambda$grantLeadership$0
INFO: DefaultDispatcherRunner was granted leadership with leader id 5b9f490a-326b-4ca0-98e9-81345ba55f50. Creating new DispatcherLeaderProcess.
Apr 29, 2024 9:25:49 AM org.apache.flink.runtime.highavailability.nonha.embedded.EmbeddedLeaderService updateLeader
INFO: Proposing leadership to the contender that is registered under component ID 'resource_manager'.
Apr 29, 2024 9:25:49 AM org.apache.flink.runtime.dispatcher.runner.AbstractDispatcherLeaderProcess startInternal
INFO: Start SessionDispatcherLeaderProcess.
Apr 29, 2024 9:25:49 AM org.apache.flink.runtime.minicluster.MiniCluster start
INFO: Flink Mini Cluster started successfully
Apr 29, 2024 9:25:49 AM org.apache.flink.runtime.resourcemanager.ResourceManagerServiceImpl lambda$grantLeadership$2
INFO: Resource manager service is granted leadership with session id 11a24a0f-d944-4983-8b8a-ffc2763c118a.
Apr 29, 2024 9:25:49 AM org.apache.flink.runtime.dispatcher.runner.SessionDispatcherLeaderProcess recoverJobs
INFO: Recover all persisted job graphs that are not finished, yet.
Apr 29, 2024 9:25:49 AM org.apache.flink.runtime.dispatcher.runner.SessionDispatcherLeaderProcess recoverJobs
INFO: Successfully recovered 0 persisted job graphs.
Apr 29, 2024 9:25:49 AM org.apache.flink.runtime.rpc.pekko.PekkoRpcService startServer
INFO: Starting RPC endpoint for org.apache.flink.runtime.resourcemanager.StandaloneResourceManager at pekko://flink/user/rpc/resourcemanager_53 .
Apr 29, 2024 9:25:49 AM org.apache.flink.runtime.rpc.pekko.PekkoRpcService startServer
INFO: Starting RPC endpoint for org.apache.flink.runtime.dispatcher.StandaloneDispatcher at pekko://flink/user/rpc/dispatcher_54 .
Apr 29, 2024 9:25:49 AM org.apache.flink.runtime.resourcemanager.ResourceManager onStart
INFO: Starting the resource manager.
Apr 29, 2024 9:25:49 AM org.apache.flink.runtime.resourcemanager.slotmanager.FineGrainedSlotManager start
INFO: Starting the slot manager.
Apr 29, 2024 9:25:49 AM org.apache.flink.runtime.security.token.DefaultDelegationTokenManager startTokensUpdate
INFO: Starting tokens update task
Apr 29, 2024 9:25:49 AM org.apache.flink.runtime.security.token.DefaultDelegationTokenManager startTokensUpdate
WARNING: No tokens obtained so skipping notifications
Apr 29, 2024 9:25:49 AM org.apache.flink.runtime.security.token.DefaultDelegationTokenManager startTokensUpdate
WARNING: Tokens update task not started because either no tokens obtained or none of the tokens specified its renewal date
Apr 29, 2024 9:25:49 AM org.apache.flink.runtime.highavailability.nonha.embedded.EmbeddedLeaderService confirmLeader
INFO: Received confirmation of leadership for leader pekko://flink/user/rpc/resourcemanager_53 , session=11a24a0f-d944-4983-8b8a-ffc2763c118a
Apr 29, 2024 9:25:49 AM org.apache.flink.runtime.taskexecutor.TaskExecutor connectToResourceManager
INFO: Connecting to ResourceManager pekko://flink/user/rpc/resourcemanager_53(8b8affc2763c118a11a24a0fd9444983).
Apr 29, 2024 9:25:49 AM org.apache.flink.runtime.highavailability.nonha.embedded.EmbeddedLeaderService confirmLeader
INFO: Received confirmation of leadership for leader pekko://flink/user/rpc/dispatcher_54 , session=5b9f490a-326b-4ca0-98e9-81345ba55f50
Apr 29, 2024 9:25:49 AM org.apache.flink.runtime.registration.RetryingRegistration lambda$startRegistration$0
INFO: Resolved ResourceManager address, beginning registration
Apr 29, 2024 9:25:49 AM org.apache.flink.runtime.dispatcher.Dispatcher submitJob
INFO: Received JobGraph submission 'Flink Streaming Job' (6b1874e3ae3fcb5faed8b9b5cea95e89).
Apr 29, 2024 9:25:49 AM org.apache.flink.runtime.dispatcher.Dispatcher internalSubmitJob
INFO: Submitting job 'Flink Streaming Job' (6b1874e3ae3fcb5faed8b9b5cea95e89).
Apr 29, 2024 9:25:49 AM org.apache.flink.runtime.highavailability.nonha.embedded.EmbeddedLeaderService updateLeader
INFO: Proposing leadership to the contender that is registered under component ID 'job-6b1874e3ae3fcb5faed8b9b5cea95e89'.
Apr 29, 2024 9:25:49 AM org.apache.flink.runtime.jobmaster.JobMasterServiceLeadershipRunner createNewJobMasterServiceProcess
INFO: JobMasterServiceLeadershipRunner for job 6b1874e3ae3fcb5faed8b9b5cea95e89 was granted leadership with leader id 18edece0-6b1a-45cf-8aa9-2d844c11b27b. Creating new JobMasterServiceProcess.
Apr 29, 2024 9:25:49 AM org.apache.flink.runtime.resourcemanager.ResourceManager registerTaskExecutorInternal
INFO: Registering TaskManager with ResourceID 46876e8e-0cd0-43b4-8e2e-8154912b474d (pekko://flink/user/rpc/taskmanager_52) at ResourceManager
Apr 29, 2024 9:25:49 AM org.apache.flink.runtime.taskexecutor.TaskExecutorToResourceManagerConnection onRegistrationSuccess
INFO: Successful registration at resource manager pekko://flink/user/rpc/resourcemanager_53 under registration id b634a6aba1b3a7620860d6cb79e0b67c.
Apr 29, 2024 9:25:49 AM org.apache.flink.runtime.rpc.pekko.PekkoRpcService startServer
INFO: Starting RPC endpoint for org.apache.flink.runtime.jobmaster.JobMaster at pekko://flink/user/rpc/jobmanager_55 .
Apr 29, 2024 9:25:49 AM org.apache.flink.runtime.resourcemanager.slotmanager.FineGrainedSlotManager registerTaskManager
INFO: Registering task executor 46876e8e-0cd0-43b4-8e2e-8154912b474d under b634a6aba1b3a7620860d6cb79e0b67c at the slot manager.
Apr 29, 2024 9:25:49 AM org.apache.flink.runtime.jobmaster.JobMaster <init>
INFO: Initializing job 'Flink Streaming Job' (6b1874e3ae3fcb5faed8b9b5cea95e89).
Apr 29, 2024 9:25:49 AM org.apache.flink.runtime.scheduler.DefaultSchedulerFactory createInstance
INFO: Using restart back off time strategy NoRestartBackoffTimeStrategy for Flink Streaming Job (6b1874e3ae3fcb5faed8b9b5cea95e89).
Apr 29, 2024 9:25:49 AM org.apache.flink.runtime.executiongraph.DefaultExecutionGraph <init>
INFO: Created execution graph ee7cbe8856d86be07320e9260ff9beab for job 6b1874e3ae3fcb5faed8b9b5cea95e89.
Apr 29, 2024 9:25:49 AM org.apache.flink.runtime.executiongraph.DefaultExecutionGraphBuilder buildGraph
INFO: Running initialization on master for job Flink Streaming Job (6b1874e3ae3fcb5faed8b9b5cea95e89).
Apr 29, 2024 9:25:49 AM org.apache.flink.runtime.executiongraph.DefaultExecutionGraphBuilder buildGraph
INFO: Successfully ran initialization on master in 0 ms.
Apr 29, 2024 9:25:49 AM org.apache.flink.runtime.scheduler.adapter.DefaultExecutionTopology generateNewPipelinedRegions
INFO: Built 1 new pipelined regions in 0 ms, total 1 pipelined regions currently.
Apr 29, 2024 9:25:49 AM org.apache.flink.runtime.state.StateBackendLoader loadFromApplicationOrConfigOrDefaultInternal
INFO: No state backend has been configured, using default (HashMap) org.apache.flink.runtime.state.hashmap.HashMapStateBackend@4b7fb719
Apr 29, 2024 9:25:49 AM org.apache.flink.runtime.state.StateBackendLoader fromApplicationOrConfigOrDefault
INFO: State backend loader loads the state backend as HashMapStateBackend
Apr 29, 2024 9:25:49 AM org.apache.flink.runtime.state.CheckpointStorageLoader createJobManagerCheckpointStorage
INFO: Checkpoint storage is set to 'jobmanager'
Apr 29, 2024 9:25:49 AM org.apache.flink.runtime.checkpoint.CheckpointCoordinator restoreLatestCheckpointedStateInternal
INFO: No checkpoint found during restore.
Apr 29, 2024 9:25:49 AM org.apache.flink.runtime.scheduler.DefaultScheduler <init>
INFO: Using failover strategy org.apache.flink.runtime.executiongraph.failover.flip1.RestartPipelinedRegionFailoverStrategy@5b9b64fd for Flink Streaming Job (6b1874e3ae3fcb5faed8b9b5cea95e89).
Apr 29, 2024 9:25:49 AM org.apache.flink.runtime.highavailability.nonha.embedded.EmbeddedLeaderService confirmLeader
INFO: Received confirmation of leadership for leader pekko://flink/user/rpc/jobmanager_55 , session=18edece0-6b1a-45cf-8aa9-2d844c11b27b
Apr 29, 2024 9:25:49 AM org.apache.flink.runtime.jobmaster.JobMaster startJobExecution
INFO: Starting execution of job 'Flink Streaming Job' (6b1874e3ae3fcb5faed8b9b5cea95e89) under job master id 8aa92d844c11b27b18edece06b1a45cf.
Apr 29, 2024 9:25:49 AM org.apache.flink.runtime.scheduler.DefaultScheduler startSchedulingInternal
INFO: Starting scheduling with scheduling strategy [org.apache.flink.runtime.scheduler.strategy.PipelinedRegionSchedulingStrategy]
Apr 29, 2024 9:25:49 AM org.apache.flink.runtime.executiongraph.DefaultExecutionGraph transitionState
INFO: Job Flink Streaming Job (6b1874e3ae3fcb5faed8b9b5cea95e89) switched from state CREATED to RUNNING.
Apr 29, 2024 9:25:49 AM org.apache.flink.runtime.executiongraph.Execution transitionState
INFO: Source: Collection Source -> Timestamps/Watermarks (1/1) (ee7cbe8856d86be07320e9260ff9beab_cbc357ccb763df2852fee8c4fc7d55f2_0_0) switched from CREATED to SCHEDULED.
Apr 29, 2024 9:25:49 AM org.apache.flink.runtime.executiongraph.Execution transitionState
INFO: TumblingEventTimeWindows (1/1) (ee7cbe8856d86be07320e9260ff9beab_9dd63673dd41ea021b896d5203f3ba7c_0_0) switched from CREATED to SCHEDULED.
Apr 29, 2024 9:25:49 AM org.apache.flink.runtime.jobmaster.JobMaster connectToResourceManager
INFO: Connecting to ResourceManager pekko://flink/user/rpc/resourcemanager_53(8b8affc2763c118a11a24a0fd9444983)
Apr 29, 2024 9:25:49 AM org.apache.flink.runtime.registration.RetryingRegistration lambda$startRegistration$0
INFO: Resolved ResourceManager address, beginning registration
Apr 29, 2024 9:25:49 AM org.apache.flink.runtime.resourcemanager.ResourceManager registerJobMaster
INFO: Registering job manager 8aa92d844c11b27b18edece06b1a45cf@pekko://flink/user/rpc/jobmanager_55 for job 6b1874e3ae3fcb5faed8b9b5cea95e89.
Apr 29, 2024 9:25:49 AM org.apache.flink.runtime.resourcemanager.ResourceManager registerJobMasterInternal
INFO: Registered job manager 8aa92d844c11b27b18edece06b1a45cf@pekko://flink/user/rpc/jobmanager_55 for job 6b1874e3ae3fcb5faed8b9b5cea95e89.
Apr 29, 2024 9:25:49 AM org.apache.flink.runtime.jobmaster.JobMaster establishResourceManagerConnection
INFO: JobManager successfully registered at ResourceManager, leader id: 8b8affc2763c118a11a24a0fd9444983.
Apr 29, 2024 9:25:49 AM org.apache.flink.runtime.resourcemanager.slotmanager.FineGrainedSlotManager processResourceRequirements
INFO: Received resource requirements from job 6b1874e3ae3fcb5faed8b9b5cea95e89: [ResourceRequirement{resourceProfile=ResourceProfile{UNKNOWN}, numberOfRequiredSlots=1}]
Apr 29, 2024 9:25:49 AM org.apache.flink.runtime.resourcemanager.slotmanager.FineGrainedSlotManager logMissingAndAvailableResource
INFO: Matching resource requirements against available resources.
Missing resources:
	 Job 6b1874e3ae3fcb5faed8b9b5cea95e89
		ResourceRequirement{resourceProfile=ResourceProfile{UNKNOWN}, numberOfRequiredSlots=1}
Current resources:
	TaskManager 46876e8e-0cd0-43b4-8e2e-8154912b474d
		Available: ResourceProfile{taskHeapMemory=1024.000gb (1099511627776 bytes), taskOffHeapMemory=1024.000gb (1099511627776 bytes), managedMemory=128.000mb (134217728 bytes), networkMemory=64.000mb (67108864 bytes)}
		Total:     ResourceProfile{taskHeapMemory=1024.000gb (1099511627776 bytes), taskOffHeapMemory=1024.000gb (1099511627776 bytes), managedMemory=128.000mb (134217728 bytes), networkMemory=64.000mb (67108864 bytes)}
Apr 29, 2024 9:25:49 AM org.apache.flink.runtime.resourcemanager.slotmanager.DefaultSlotStatusSyncer allocateSlot
INFO: Starting allocation of slot ed3661896f16133c7212cdd553b0238f from 46876e8e-0cd0-43b4-8e2e-8154912b474d for job 6b1874e3ae3fcb5faed8b9b5cea95e89 with resource profile ResourceProfile{taskHeapMemory=1024.000gb (1099511627776 bytes), taskOffHeapMemory=1024.000gb (1099511627776 bytes), managedMemory=128.000mb (134217728 bytes), networkMemory=64.000mb (67108864 bytes)}.
Apr 29, 2024 9:25:49 AM org.apache.flink.runtime.taskexecutor.TaskExecutor requestSlot
INFO: Receive slot request ed3661896f16133c7212cdd553b0238f for job 6b1874e3ae3fcb5faed8b9b5cea95e89 from resource manager with leader id 8b8affc2763c118a11a24a0fd9444983.
Apr 29, 2024 9:25:49 AM org.apache.flink.runtime.taskexecutor.slot.TaskSlotTableImpl allocateSlot
INFO: Allocated slot for ed3661896f16133c7212cdd553b0238f with resources ResourceProfile{taskHeapMemory=1024.000gb (1099511627776 bytes), taskOffHeapMemory=1024.000gb (1099511627776 bytes), managedMemory=128.000mb (134217728 bytes), networkMemory=64.000mb (67108864 bytes)}.
Apr 29, 2024 9:25:49 AM org.apache.flink.runtime.taskexecutor.DefaultJobLeaderService addJob
INFO: Add job 6b1874e3ae3fcb5faed8b9b5cea95e89 for job leader monitoring.
Apr 29, 2024 9:25:49 AM org.apache.flink.runtime.taskexecutor.DefaultJobLeaderService$JobManagerLeaderListener openRpcConnectionTo
INFO: Try to register at job manager pekko://flink/user/rpc/jobmanager_55 with leader id 18edece0-6b1a-45cf-8aa9-2d844c11b27b.
Apr 29, 2024 9:25:49 AM org.apache.flink.runtime.registration.RetryingRegistration lambda$startRegistration$0
INFO: Resolved JobManager address, beginning registration
Apr 29, 2024 9:25:49 AM org.apache.flink.runtime.taskexecutor.DefaultJobLeaderService$JobManagerLeaderListener$JobManagerRegisteredRpcConnection lambda$onRegistrationSuccess$0
INFO: Successful registration at job manager pekko://flink/user/rpc/jobmanager_55 for job 6b1874e3ae3fcb5faed8b9b5cea95e89.
Apr 29, 2024 9:25:49 AM org.apache.flink.runtime.taskexecutor.TaskExecutor establishJobManagerConnection
INFO: Establish JobManager connection for job 6b1874e3ae3fcb5faed8b9b5cea95e89.
Apr 29, 2024 9:25:49 AM org.apache.flink.runtime.taskexecutor.TaskExecutor internalOfferSlotsToJobManager
INFO: Offer reserved slots to the leader of job 6b1874e3ae3fcb5faed8b9b5cea95e89.
Apr 29, 2024 9:25:49 AM org.apache.flink.runtime.executiongraph.Execution transitionState
INFO: Source: Collection Source -> Timestamps/Watermarks (1/1) (ee7cbe8856d86be07320e9260ff9beab_cbc357ccb763df2852fee8c4fc7d55f2_0_0) switched from SCHEDULED to DEPLOYING.
Apr 29, 2024 9:25:49 AM org.apache.flink.runtime.executiongraph.Execution deploy
INFO: Deploying Source: Collection Source -> Timestamps/Watermarks (1/1) (attempt #0) with attempt id ee7cbe8856d86be07320e9260ff9beab_cbc357ccb763df2852fee8c4fc7d55f2_0_0 and vertex id cbc357ccb763df2852fee8c4fc7d55f2_0 to 46876e8e-0cd0-43b4-8e2e-8154912b474d @ localhost (dataPort=-1) with allocation id ed3661896f16133c7212cdd553b0238f
Apr 29, 2024 9:25:49 AM org.apache.flink.runtime.executiongraph.Execution transitionState
INFO: TumblingEventTimeWindows (1/1) (ee7cbe8856d86be07320e9260ff9beab_9dd63673dd41ea021b896d5203f3ba7c_0_0) switched from SCHEDULED to DEPLOYING.
Apr 29, 2024 9:25:49 AM org.apache.flink.runtime.taskexecutor.slot.TaskSlotTableImpl markExistingSlotActive
INFO: Activate slot ed3661896f16133c7212cdd553b0238f.
Apr 29, 2024 9:25:49 AM org.apache.flink.runtime.executiongraph.Execution deploy
INFO: Deploying TumblingEventTimeWindows (1/1) (attempt #0) with attempt id ee7cbe8856d86be07320e9260ff9beab_9dd63673dd41ea021b896d5203f3ba7c_0_0 and vertex id 9dd63673dd41ea021b896d5203f3ba7c_0 to 46876e8e-0cd0-43b4-8e2e-8154912b474d @ localhost (dataPort=-1) with allocation id ed3661896f16133c7212cdd553b0238f
Apr 29, 2024 9:25:49 AM org.apache.flink.runtime.state.changelog.StateChangelogStorageLoader load
INFO: Creating a changelog storage with name 'memory'.
Apr 29, 2024 9:25:49 AM org.apache.flink.runtime.state.TaskExecutorChannelStateExecutorFactoryManager getOrCreateExecutorFactory
INFO: Creating the channel state executor factory for job id 6b1874e3ae3fcb5faed8b9b5cea95e89
Apr 29, 2024 9:25:49 AM org.apache.flink.runtime.taskexecutor.TaskExecutor submitTask
INFO: Received task Source: Collection Source -> Timestamps/Watermarks (1/1)#0 (ee7cbe8856d86be07320e9260ff9beab_cbc357ccb763df2852fee8c4fc7d55f2_0_0), deploy into slot with allocation id ed3661896f16133c7212cdd553b0238f.
Apr 29, 2024 9:25:49 AM org.apache.flink.runtime.taskmanager.Task transitionState
INFO: Source: Collection Source -> Timestamps/Watermarks (1/1)#0 (ee7cbe8856d86be07320e9260ff9beab_cbc357ccb763df2852fee8c4fc7d55f2_0_0) switched from CREATED to DEPLOYING.
Apr 29, 2024 9:25:49 AM org.apache.flink.runtime.taskexecutor.slot.TaskSlotTableImpl markExistingSlotActive
INFO: Activate slot ed3661896f16133c7212cdd553b0238f.
Apr 29, 2024 9:25:49 AM org.apache.flink.runtime.taskmanager.Task doRun
INFO: Loading JAR files for task Source: Collection Source -> Timestamps/Watermarks (1/1)#0 (ee7cbe8856d86be07320e9260ff9beab_cbc357ccb763df2852fee8c4fc7d55f2_0_0) [DEPLOYING].
Apr 29, 2024 9:25:49 AM org.apache.flink.runtime.state.StateBackendLoader loadFromApplicationOrConfigOrDefaultInternal
INFO: No state backend has been configured, using default (HashMap) org.apache.flink.runtime.state.hashmap.HashMapStateBackend@1c14d4b7
Apr 29, 2024 9:25:49 AM org.apache.flink.runtime.state.StateBackendLoader fromApplicationOrConfigOrDefault
INFO: State backend loader loads the state backend as HashMapStateBackend
Apr 29, 2024 9:25:49 AM org.apache.flink.runtime.state.CheckpointStorageLoader createJobManagerCheckpointStorage
INFO: Checkpoint storage is set to 'jobmanager'
Apr 29, 2024 9:25:49 AM org.apache.flink.runtime.taskmanager.Task transitionState
INFO: Source: Collection Source -> Timestamps/Watermarks (1/1)#0 (ee7cbe8856d86be07320e9260ff9beab_cbc357ccb763df2852fee8c4fc7d55f2_0_0) switched from DEPLOYING to INITIALIZING.
Apr 29, 2024 9:25:49 AM org.apache.flink.runtime.executiongraph.Execution transitionState
INFO: Source: Collection Source -> Timestamps/Watermarks (1/1) (ee7cbe8856d86be07320e9260ff9beab_cbc357ccb763df2852fee8c4fc7d55f2_0_0) switched from DEPLOYING to INITIALIZING.
Apr 29, 2024 9:25:49 AM org.apache.flink.runtime.taskexecutor.TaskExecutor submitTask
INFO: Received task TumblingEventTimeWindows (1/1)#0 (ee7cbe8856d86be07320e9260ff9beab_9dd63673dd41ea021b896d5203f3ba7c_0_0), deploy into slot with allocation id ed3661896f16133c7212cdd553b0238f.
Apr 29, 2024 9:25:49 AM org.apache.flink.runtime.taskmanager.Task transitionState
INFO: TumblingEventTimeWindows (1/1)#0 (ee7cbe8856d86be07320e9260ff9beab_9dd63673dd41ea021b896d5203f3ba7c_0_0) switched from CREATED to DEPLOYING.
Apr 29, 2024 9:25:49 AM org.apache.flink.runtime.taskmanager.Task doRun
INFO: Loading JAR files for task TumblingEventTimeWindows (1/1)#0 (ee7cbe8856d86be07320e9260ff9beab_9dd63673dd41ea021b896d5203f3ba7c_0_0) [DEPLOYING].
Apr 29, 2024 9:25:49 AM org.apache.flink.runtime.taskexecutor.slot.TaskSlotTableImpl markExistingSlotActive
INFO: Activate slot ed3661896f16133c7212cdd553b0238f.
Apr 29, 2024 9:25:49 AM org.apache.flink.runtime.state.StateBackendLoader loadFromApplicationOrConfigOrDefaultInternal
INFO: No state backend has been configured, using default (HashMap) org.apache.flink.runtime.state.hashmap.HashMapStateBackend@4e3ba8cb
Apr 29, 2024 9:25:49 AM org.apache.flink.runtime.state.StateBackendLoader fromApplicationOrConfigOrDefault
INFO: State backend loader loads the state backend as HashMapStateBackend
Apr 29, 2024 9:25:49 AM org.apache.flink.runtime.state.CheckpointStorageLoader createJobManagerCheckpointStorage
INFO: Checkpoint storage is set to 'jobmanager'
Apr 29, 2024 9:25:49 AM org.apache.flink.runtime.taskmanager.Task transitionState
INFO: TumblingEventTimeWindows (1/1)#0 (ee7cbe8856d86be07320e9260ff9beab_9dd63673dd41ea021b896d5203f3ba7c_0_0) switched from DEPLOYING to INITIALIZING.
Apr 29, 2024 9:25:49 AM org.apache.flink.runtime.executiongraph.Execution transitionState
INFO: TumblingEventTimeWindows (1/1) (ee7cbe8856d86be07320e9260ff9beab_9dd63673dd41ea021b896d5203f3ba7c_0_0) switched from DEPLOYING to INITIALIZING.
Apr 29, 2024 9:25:49 AM org.apache.flink.runtime.state.heap.HeapKeyedStateBackendBuilder restoreState
INFO: Finished to build heap keyed state-backend.
Apr 29, 2024 9:25:49 AM org.apache.flink.runtime.state.heap.HeapKeyedStateBackend <init>
INFO: Initializing heap keyed state backend with stream factory.
Apr 29, 2024 9:25:49 AM org.apache.flink.runtime.taskmanager.Task transitionState
INFO: Source: Collection Source -> Timestamps/Watermarks (1/1)#0 (ee7cbe8856d86be07320e9260ff9beab_cbc357ccb763df2852fee8c4fc7d55f2_0_0) switched from INITIALIZING to RUNNING.
Apr 29, 2024 9:25:49 AM org.apache.flink.runtime.executiongraph.Execution transitionState
INFO: Source: Collection Source -> Timestamps/Watermarks (1/1) (ee7cbe8856d86be07320e9260ff9beab_cbc357ccb763df2852fee8c4fc7d55f2_0_0) switched from INITIALIZING to RUNNING.
Apr 29, 2024 9:25:49 AM org.apache.flink.runtime.taskmanager.Task transitionState
INFO: TumblingEventTimeWindows (1/1)#0 (ee7cbe8856d86be07320e9260ff9beab_9dd63673dd41ea021b896d5203f3ba7c_0_0) switched from INITIALIZING to RUNNING.
Apr 29, 2024 9:25:49 AM org.apache.flink.api.java.typeutils.runtime.kryo.KryoSerializer getKryoInstance
INFO: Kryo serializer scala extensions are not available.
Apr 29, 2024 9:25:49 AM org.apache.flink.runtime.executiongraph.Execution transitionState
INFO: TumblingEventTimeWindows (1/1) (ee7cbe8856d86be07320e9260ff9beab_9dd63673dd41ea021b896d5203f3ba7c_0_0) switched from INITIALIZING to RUNNING.
Apr 29, 2024 9:25:49 AM org.apache.flink.api.java.typeutils.runtime.kryo.KryoSerializer getKryoInstance
INFO: Kryo serializer scala extensions are not available.
Apr 29, 2024 9:25:49 AM org.apache.flink.api.java.typeutils.runtime.kryo.KryoSerializer getKryoInstance
INFO: Kryo serializer scala extensions are not available.
Apr 29, 2024 9:25:49 AM org.apache.flink.api.java.typeutils.runtime.kryo.KryoSerializer getKryoInstance
INFO: Kryo serializer scala extensions are not available.
Apr 29, 2024 9:25:49 AM org.apache.flink.runtime.taskmanager.Task transitionState
INFO: Source: Collection Source -> Timestamps/Watermarks (1/1)#0 (ee7cbe8856d86be07320e9260ff9beab_cbc357ccb763df2852fee8c4fc7d55f2_0_0) switched from RUNNING to FINISHED.
Apr 29, 2024 9:25:49 AM org.apache.flink.runtime.taskmanager.Task doRun
INFO: Freeing task resources for Source: Collection Source -> Timestamps/Watermarks (1/1)#0 (ee7cbe8856d86be07320e9260ff9beab_cbc357ccb763df2852fee8c4fc7d55f2_0_0).
Apr 29, 2024 9:25:49 AM org.apache.flink.runtime.taskexecutor.TaskExecutor unregisterTaskAndNotifyFinalState
INFO: Un-registering task and sending final execution state FINISHED to JobManager for task Source: Collection Source -> Timestamps/Watermarks (1/1)#0 ee7cbe8856d86be07320e9260ff9beab_cbc357ccb763df2852fee8c4fc7d55f2_0_0.
Apr 29, 2024 9:25:49 AM org.apache.flink.runtime.taskmanager.Task transitionState
INFO: TumblingEventTimeWindows (1/1)#0 (ee7cbe8856d86be07320e9260ff9beab_9dd63673dd41ea021b896d5203f3ba7c_0_0) switched from RUNNING to FINISHED.
Apr 29, 2024 9:25:49 AM org.apache.flink.runtime.taskmanager.Task doRun
INFO: Freeing task resources for TumblingEventTimeWindows (1/1)#0 (ee7cbe8856d86be07320e9260ff9beab_9dd63673dd41ea021b896d5203f3ba7c_0_0).
Apr 29, 2024 9:25:49 AM org.apache.flink.runtime.executiongraph.Execution transitionState
INFO: Source: Collection Source -> Timestamps/Watermarks (1/1) (ee7cbe8856d86be07320e9260ff9beab_cbc357ccb763df2852fee8c4fc7d55f2_0_0) switched from RUNNING to FINISHED.
Apr 29, 2024 9:25:49 AM org.apache.flink.runtime.taskexecutor.TaskExecutor unregisterTaskAndNotifyFinalState
INFO: Un-registering task and sending final execution state FINISHED to JobManager for task TumblingEventTimeWindows (1/1)#0 ee7cbe8856d86be07320e9260ff9beab_9dd63673dd41ea021b896d5203f3ba7c_0_0.
Apr 29, 2024 9:25:49 AM org.apache.flink.runtime.executiongraph.Execution transitionState
INFO: TumblingEventTimeWindows (1/1) (ee7cbe8856d86be07320e9260ff9beab_9dd63673dd41ea021b896d5203f3ba7c_0_0) switched from RUNNING to FINISHED.
Apr 29, 2024 9:25:49 AM org.apache.flink.runtime.executiongraph.DefaultExecutionGraph transitionState
INFO: Job Flink Streaming Job (6b1874e3ae3fcb5faed8b9b5cea95e89) switched from state RUNNING to FINISHED.
Apr 29, 2024 9:25:49 AM org.apache.flink.runtime.resourcemanager.slotmanager.FineGrainedSlotManager processResourceRequirements
INFO: Clearing resource requirements of job 6b1874e3ae3fcb5faed8b9b5cea95e89
Apr 29, 2024 9:25:49 AM org.apache.flink.runtime.checkpoint.CheckpointCoordinator shutdown
INFO: Stopping checkpoint coordinator for job 6b1874e3ae3fcb5faed8b9b5cea95e89.
Apr 29, 2024 9:25:49 AM org.apache.flink.runtime.dispatcher.Dispatcher jobReachedTerminalState
INFO: Job 6b1874e3ae3fcb5faed8b9b5cea95e89 reached terminal state FINISHED.
Apr 29, 2024 9:25:49 AM org.apache.flink.runtime.minicluster.MiniCluster closeInternal
INFO: Shutting down Flink Mini Cluster
Apr 29, 2024 9:25:49 AM org.apache.flink.runtime.dispatcher.Dispatcher lambda$registerGloballyTerminatedJobInJobResultStore$42
INFO: Job 6b1874e3ae3fcb5faed8b9b5cea95e89 has been registered for cleanup in the JobResultStore after reaching a terminal state.
Apr 29, 2024 9:25:49 AM org.apache.flink.runtime.rest.RestServerEndpoint closeAsync
INFO: Shutting down rest endpoint.
Apr 29, 2024 9:25:49 AM org.apache.flink.runtime.taskexecutor.TaskExecutor onStop
INFO: Stopping TaskExecutor pekko://flink/user/rpc/taskmanager_52.
Apr 29, 2024 9:25:49 AM org.apache.flink.runtime.taskexecutor.TaskExecutor closeResourceManagerConnection
INFO: Close ResourceManager connection d0c62461500c9e6f19db77bc245f17f8.
Apr 29, 2024 9:25:49 AM org.apache.flink.runtime.taskexecutor.TaskExecutor disconnectJobManagerConnection
INFO: Close JobManager connection for job 6b1874e3ae3fcb5faed8b9b5cea95e89.
Apr 29, 2024 9:25:49 AM org.apache.flink.runtime.resourcemanager.ResourceManager closeTaskManagerConnection
INFO: Closing TaskExecutor connection 46876e8e-0cd0-43b4-8e2e-8154912b474d because: The TaskExecutor is shutting down.
Apr 29, 2024 9:25:49 AM org.apache.flink.runtime.resourcemanager.slotmanager.FineGrainedSlotManager unregisterTaskManager
INFO: Unregistering task executor b634a6aba1b3a7620860d6cb79e0b67c from the slot manager.
Apr 29, 2024 9:25:49 AM org.apache.flink.runtime.resourcemanager.slotmanager.DefaultSlotStatusSyncer freeSlot
INFO: Freeing slot ed3661896f16133c7212cdd553b0238f.
Apr 29, 2024 9:25:49 AM org.apache.flink.runtime.jobmaster.JobMaster onStop
INFO: Stopping the JobMaster for job 'Flink Streaming Job' (6b1874e3ae3fcb5faed8b9b5cea95e89).
Apr 29, 2024 9:25:49 AM org.apache.flink.runtime.state.TaskExecutorStateChangelogStoragesManager shutdown
INFO: Shutting down TaskExecutorStateChangelogStoragesManager.
Apr 29, 2024 9:25:49 AM org.apache.flink.runtime.state.TaskExecutorChannelStateExecutorFactoryManager shutdown
INFO: Shutting down TaskExecutorChannelStateExecutorFactoryManager.
Apr 29, 2024 9:25:49 AM org.apache.flink.runtime.taskexecutor.slot.TaskSlotTableImpl freeSlotInternal
INFO: Free slot TaskSlot(index:1, state:ALLOCATED, resource profile: ResourceProfile{taskHeapMemory=1024.000gb (1099511627776 bytes), taskOffHeapMemory=1024.000gb (1099511627776 bytes), managedMemory=128.000mb (134217728 bytes), networkMemory=64.000mb (67108864 bytes)}, allocationId: ed3661896f16133c7212cdd553b0238f, jobId: 6b1874e3ae3fcb5faed8b9b5cea95e89).
Apr 29, 2024 9:25:49 AM org.apache.flink.runtime.jobmaster.JobMaster disconnectTaskManager
INFO: Disconnect TaskExecutor 46876e8e-0cd0-43b4-8e2e-8154912b474d because: The TaskExecutor is shutting down.
Apr 29, 2024 9:25:49 AM org.apache.flink.runtime.jobmaster.slotpool.DefaultDeclarativeSlotPool releaseSlots
INFO: Releasing slot [ed3661896f16133c7212cdd553b0238f].
Apr 29, 2024 9:25:49 AM org.apache.flink.runtime.checkpoint.StandaloneCompletedCheckpointStore shutdown
INFO: Shutting down
Apr 29, 2024 9:25:49 AM org.apache.flink.runtime.jobmaster.JobMaster dissolveResourceManagerConnection
INFO: Close ResourceManager connection d0c62461500c9e6f19db77bc245f17f8: Stopping JobMaster for job 'Flink Streaming Job' (6b1874e3ae3fcb5faed8b9b5cea95e89).
Apr 29, 2024 9:25:49 AM org.apache.flink.runtime.taskexecutor.DefaultJobLeaderService stop
INFO: Stop job leader service.
Apr 29, 2024 9:25:49 AM org.apache.flink.runtime.resourcemanager.ResourceManager closeJobManagerConnection
INFO: Disconnect job manager 8aa92d844c11b27b18edece06b1a45cf@pekko://flink/user/rpc/jobmanager_55 for job 6b1874e3ae3fcb5faed8b9b5cea95e89 from the resource manager.
Apr 29, 2024 9:25:49 AM org.apache.flink.runtime.state.TaskExecutorLocalStateStoresManager shutdown
INFO: Shutting down TaskExecutorLocalStateStoresManager.
Apr 29, 2024 9:25:49 AM org.apache.flink.runtime.webmonitor.WebMonitorEndpoint lambda$shutDownInternal$7
INFO: Removing cache directory /var/folders/9y/mg706rlj3cx1fsv47rlmtqq40000gn/T/flink-web-ui
Apr 29, 2024 9:25:49 AM org.apache.flink.runtime.taskexecutor.TaskExecutorResourceUtils setConfigOptionToDefaultIfNotSet
INFO: The configuration option taskmanager.cpu.cores required for local execution is not set, setting it to the maximal possible value.
Apr 29, 2024 9:25:49 AM org.apache.flink.runtime.taskexecutor.TaskExecutorResourceUtils setConfigOptionToDefaultIfNotSet
INFO: The configuration option taskmanager.memory.task.heap.size required for local execution is not set, setting it to the maximal possible value.
Apr 29, 2024 9:25:49 AM org.apache.flink.runtime.taskexecutor.TaskExecutorResourceUtils setConfigOptionToDefaultIfNotSet
INFO: The configuration option taskmanager.memory.task.off-heap.size required for local execution is not set, setting it to the maximal possible value.
Apr 29, 2024 9:25:49 AM org.apache.flink.runtime.taskexecutor.TaskExecutorResourceUtils setConfigOptionToDefaultIfNotSet
INFO: The configuration option taskmanager.memory.network.min required for local execution is not set, setting it to its default value 64 mb.
Apr 29, 2024 9:25:49 AM org.apache.flink.runtime.taskexecutor.TaskExecutorResourceUtils setConfigOptionToDefaultIfNotSet
INFO: The configuration option taskmanager.memory.network.max required for local execution is not set, setting it to its default value 64 mb.
Apr 29, 2024 9:25:49 AM org.apache.flink.runtime.taskexecutor.TaskExecutorResourceUtils setConfigOptionToDefaultIfNotSet
INFO: The configuration option taskmanager.memory.managed.size required for local execution is not set, setting it to its default value 128 mb.
Apr 29, 2024 9:25:49 AM org.apache.flink.runtime.minicluster.MiniCluster start
INFO: Starting Flink Mini Cluster
Apr 29, 2024 9:25:49 AM org.apache.flink.runtime.io.disk.FileChannelManagerImpl lambda$getFileCloser$0
INFO: FileChannelManager removed spill file directory /var/folders/9y/mg706rlj3cx1fsv47rlmtqq40000gn/T/flink-io-6a6a666d-6a38-431e-8a40-6be8f5fbd000
Apr 29, 2024 9:25:49 AM org.apache.flink.runtime.io.network.NettyShuffleEnvironment close
INFO: Shutting down the network environment and its components.
Apr 29, 2024 9:25:49 AM org.apache.flink.runtime.webmonitor.WebMonitorEndpoint revokeLeadership
INFO: http://localhost:50068 lost leadership
Apr 29, 2024 9:25:49 AM org.apache.flink.runtime.rest.RestServerEndpoint lambda$closeAsync$1
INFO: Shut down complete.
Apr 29, 2024 9:25:49 AM org.apache.flink.runtime.resourcemanager.ResourceManager deregisterApplication
INFO: Shut down cluster because application is in CANCELED, diagnostics DispatcherResourceManagerComponent has been closed..
Apr 29, 2024 9:25:49 AM org.apache.flink.runtime.entrypoint.component.DispatcherResourceManagerComponent closeAsyncInternal
INFO: Closing components.
Apr 29, 2024 9:25:49 AM org.apache.flink.runtime.dispatcher.runner.AbstractDispatcherLeaderProcess closeInternal
INFO: Stopping SessionDispatcherLeaderProcess.
Apr 29, 2024 9:25:49 AM org.apache.flink.runtime.resourcemanager.ResourceManagerServiceImpl closeAsync
INFO: Stopping resource manager service.
Apr 29, 2024 9:25:49 AM org.apache.flink.runtime.dispatcher.Dispatcher onStop
INFO: Stopping dispatcher pekko://flink/user/rpc/dispatcher_54.
Apr 29, 2024 9:25:49 AM org.apache.flink.runtime.dispatcher.Dispatcher terminateRunningJobs
INFO: Stopping all currently running jobs of dispatcher pekko://flink/user/rpc/dispatcher_54.
Apr 29, 2024 9:25:49 AM org.apache.flink.runtime.resourcemanager.ResourceManagerServiceImpl lambda$revokeLeadership$3
INFO: Resource manager service is not running. Ignore revoking leadership.
Apr 29, 2024 9:25:49 AM org.apache.flink.runtime.security.token.DefaultDelegationTokenManager stop
INFO: Stopping credential renewal
Apr 29, 2024 9:25:49 AM org.apache.flink.runtime.security.token.DefaultDelegationTokenManager stop
INFO: Stopped credential renewal
Apr 29, 2024 9:25:49 AM org.apache.flink.runtime.resourcemanager.slotmanager.FineGrainedSlotManager close
INFO: Closing the slot manager.
Apr 29, 2024 9:25:49 AM org.apache.flink.runtime.resourcemanager.slotmanager.FineGrainedSlotManager suspend
INFO: Suspending the slot manager.
Apr 29, 2024 9:25:49 AM org.apache.flink.runtime.io.disk.FileChannelManagerImpl lambda$getFileCloser$0
INFO: FileChannelManager removed spill file directory /var/folders/9y/mg706rlj3cx1fsv47rlmtqq40000gn/T/flink-netty-shuffle-a0142771-c9f4-4dff-a63a-e7014d79c18b
Apr 29, 2024 9:25:49 AM org.apache.flink.runtime.taskexecutor.KvStateService shutdown
INFO: Shutting down the kvState service and its components.
Apr 29, 2024 9:25:49 AM org.apache.flink.runtime.taskexecutor.DefaultJobLeaderService stop
INFO: Stop job leader service.
Apr 29, 2024 9:25:49 AM org.apache.flink.runtime.filecache.FileCache shutdown
INFO: removed file cache directory /var/folders/9y/mg706rlj3cx1fsv47rlmtqq40000gn/T/flink-dist-cache-77dabeff-7f87-4f14-aebf-52449402a790
Apr 29, 2024 9:25:49 AM org.apache.flink.runtime.taskexecutor.TaskExecutor handleOnStopException
INFO: Stopped TaskExecutor pekko://flink/user/rpc/taskmanager_52.
Apr 29, 2024 9:25:49 AM org.apache.flink.runtime.dispatcher.Dispatcher lambda$onStop$2
INFO: Stopped dispatcher pekko://flink/user/rpc/dispatcher_54.
Apr 29, 2024 9:25:49 AM org.apache.flink.runtime.rpc.pekko.PekkoRpcService closeAsync
INFO: Stopping Pekko RPC service.
Apr 29, 2024 9:25:49 AM org.apache.pekko.event.slf4j.Slf4jLogger$$anonfun$receive$1 $anonfun$applyOrElse$3
INFO: Running CoordinatedShutdown with reason [ActorSystemTerminateReason]
Apr 29, 2024 9:25:49 AM org.apache.flink.runtime.rpc.pekko.PekkoRpcService closeAsync
INFO: Stopping Pekko RPC service.
Apr 29, 2024 9:25:49 AM org.apache.flink.runtime.rpc.pekko.PekkoRpcService lambda$closeAsync$7
INFO: Stopped Pekko RPC service.
Apr 29, 2024 9:25:49 AM org.apache.pekko.event.slf4j.Slf4jLogger$$anonfun$receive$1 $anonfun$applyOrElse$3
INFO: Running CoordinatedShutdown with reason [ActorSystemTerminateReason]
Apr 29, 2024 9:25:49 AM org.apache.flink.runtime.blob.AbstractBlobCache close
INFO: Shutting down BLOB cache
Apr 29, 2024 9:25:49 AM org.apache.flink.runtime.blob.AbstractBlobCache close
INFO: Shutting down BLOB cache
Apr 29, 2024 9:25:49 AM org.apache.flink.runtime.blob.BlobServer close
INFO: Stopped BLOB server at 0.0.0.0:50067
Apr 29, 2024 9:25:49 AM org.apache.flink.runtime.rpc.pekko.PekkoRpcService lambda$closeAsync$7
INFO: Stopped Pekko RPC service.
Apr 29, 2024 9:25:49 AM org.apache.flink.runtime.minicluster.MiniCluster start
INFO: Starting Metrics Registry
Apr 29, 2024 9:25:49 AM org.apache.flink.runtime.metrics.MetricRegistryImpl <init>
INFO: No metrics reporter configured, no metrics will be exposed/reported.
Apr 29, 2024 9:25:49 AM org.apache.flink.runtime.minicluster.MiniCluster start
INFO: Starting RPC Service(s)
Apr 29, 2024 9:25:49 AM org.apache.flink.runtime.rpc.pekko.ActorSystemBootstrapTools startLocalActorSystem
INFO: Trying to start local actor system
Apr 29, 2024 9:25:50 AM org.apache.pekko.event.slf4j.Slf4jLogger$$anonfun$receive$1 applyOrElse
INFO: Slf4jLogger started
Apr 29, 2024 9:25:50 AM org.apache.flink.runtime.rpc.pekko.ActorSystemBootstrapTools startActorSystem
INFO: Actor system started at pekko://flink
Apr 29, 2024 9:25:50 AM org.apache.flink.runtime.rpc.pekko.ActorSystemBootstrapTools startLocalActorSystem
INFO: Trying to start local actor system
Apr 29, 2024 9:25:50 AM org.apache.pekko.event.slf4j.Slf4jLogger$$anonfun$receive$1 applyOrElse
INFO: Slf4jLogger started
Apr 29, 2024 9:25:50 AM org.apache.flink.runtime.rpc.pekko.ActorSystemBootstrapTools startActorSystem
INFO: Actor system started at pekko://flink-metrics
Apr 29, 2024 9:25:50 AM org.apache.flink.runtime.rpc.pekko.PekkoRpcService startServer
INFO: Starting RPC endpoint for org.apache.flink.runtime.metrics.dump.MetricQueryService at pekko://flink-metrics/user/rpc/MetricQueryService .
Apr 29, 2024 9:25:50 AM org.apache.flink.runtime.security.token.DefaultDelegationTokenManager loadProviders
INFO: Loading delegation token providers
Apr 29, 2024 9:25:50 AM org.apache.flink.runtime.util.HadoopUtils getHadoopConfiguration
WARNING: Could not find Hadoop configuration via any of the supported methods (Flink configuration, environment variables).
Apr 29, 2024 9:25:50 AM org.apache.flink.runtime.security.token.DefaultDelegationTokenManager lambda$loadProviders$0
INFO: Delegation token provider hadoopfs loaded and initialized
Apr 29, 2024 9:25:50 AM org.apache.flink.runtime.util.HadoopUtils getHadoopConfiguration
WARNING: Could not find Hadoop configuration via any of the supported methods (Flink configuration, environment variables).
Apr 29, 2024 9:25:50 AM org.apache.flink.runtime.security.token.DefaultDelegationTokenManager lambda$loadProviders$0
INFO: Delegation token provider hbase loaded and initialized
Apr 29, 2024 9:25:50 AM org.apache.flink.runtime.security.token.DefaultDelegationTokenManager loadProviders
INFO: Delegation token providers loaded successfully
Apr 29, 2024 9:25:50 AM org.apache.flink.runtime.security.token.DelegationTokenReceiverRepository loadReceivers
INFO: Loading delegation token receivers
Apr 29, 2024 9:25:50 AM org.apache.flink.runtime.security.token.DelegationTokenReceiverRepository lambda$loadReceivers$0
INFO: Delegation token receiver hadoopfs loaded and initialized
Apr 29, 2024 9:25:50 AM org.apache.flink.runtime.security.token.DelegationTokenReceiverRepository lambda$loadReceivers$0
INFO: Delegation token receiver hbase loaded and initialized
Apr 29, 2024 9:25:50 AM org.apache.flink.runtime.security.token.DelegationTokenReceiverRepository loadReceivers
INFO: Delegation token receivers loaded successfully
Apr 29, 2024 9:25:50 AM org.apache.flink.runtime.security.token.DefaultDelegationTokenManager checkProviderAndReceiverConsistency
INFO: Checking provider and receiver instances consistency
Apr 29, 2024 9:25:50 AM org.apache.flink.runtime.security.token.DefaultDelegationTokenManager checkProviderAndReceiverConsistency
INFO: Provider and receiver instances are consistent
Apr 29, 2024 9:25:50 AM org.apache.flink.runtime.security.token.DefaultDelegationTokenManager obtainDelegationTokens
INFO: Obtaining delegation tokens
Apr 29, 2024 9:25:50 AM org.apache.flink.runtime.security.token.DefaultDelegationTokenManager obtainDelegationTokens
INFO: Delegation tokens obtained successfully
Apr 29, 2024 9:25:50 AM org.apache.flink.runtime.security.token.DefaultDelegationTokenManager obtainDelegationTokens
WARNING: No tokens obtained so skipping notifications
Apr 29, 2024 9:25:50 AM org.apache.flink.runtime.security.token.DelegationTokenReceiverRepository loadReceivers
INFO: Loading delegation token receivers
Apr 29, 2024 9:25:50 AM org.apache.flink.runtime.security.token.DelegationTokenReceiverRepository lambda$loadReceivers$0
INFO: Delegation token receiver hadoopfs loaded and initialized
Apr 29, 2024 9:25:50 AM org.apache.flink.runtime.security.token.DelegationTokenReceiverRepository lambda$loadReceivers$0
INFO: Delegation token receiver hbase loaded and initialized
Apr 29, 2024 9:25:50 AM org.apache.flink.runtime.security.token.DelegationTokenReceiverRepository loadReceivers
INFO: Delegation token receivers loaded successfully
Apr 29, 2024 9:25:50 AM org.apache.flink.runtime.blob.BlobServer <init>
INFO: Created BLOB server storage directory /var/folders/9y/mg706rlj3cx1fsv47rlmtqq40000gn/T/minicluster_207ef75081da5550a91d867111bca794/blobStorage
Apr 29, 2024 9:25:50 AM org.apache.flink.runtime.blob.BlobServer <init>
INFO: Started BLOB server at 0.0.0.0:50069 - max concurrent requests: 50 - max backlog: 1000
Apr 29, 2024 9:25:50 AM org.apache.flink.runtime.blob.AbstractBlobCache <init>
INFO: Created BLOB cache storage directory /var/folders/9y/mg706rlj3cx1fsv47rlmtqq40000gn/T/minicluster_207ef75081da5550a91d867111bca794/blobStorage
Apr 29, 2024 9:25:50 AM org.apache.flink.runtime.blob.AbstractBlobCache <init>
INFO: Created BLOB cache storage directory /var/folders/9y/mg706rlj3cx1fsv47rlmtqq40000gn/T/minicluster_207ef75081da5550a91d867111bca794/blobStorage
Apr 29, 2024 9:25:50 AM org.apache.flink.runtime.minicluster.MiniCluster startTaskManagers
INFO: Starting 1 TaskManager(s)
Apr 29, 2024 9:25:50 AM org.apache.flink.runtime.taskexecutor.TaskManagerRunner startTaskManager
INFO: Starting TaskManager with ResourceID: 6aa956d3-3ee6-4528-830e-cfbc0a3844f9
Apr 29, 2024 9:25:50 AM org.apache.flink.runtime.taskexecutor.TaskManagerServices checkTempDirs
INFO: Temporary file directory '/var/folders/9y/mg706rlj3cx1fsv47rlmtqq40000gn/T': total 460 GB, usable 240 GB (52.17% usable)
Apr 29, 2024 9:25:50 AM org.apache.flink.runtime.io.disk.iomanager.IOManager <init>
INFO: Created a new FileChannelManager for spilling of task related data to disk (joins, sorting, ...). Used directories:
	/var/folders/9y/mg706rlj3cx1fsv47rlmtqq40000gn/T/flink-io-6eb09a49-1edb-419e-8f1c-d75dd6dce599
Apr 29, 2024 9:25:50 AM org.apache.flink.runtime.io.network.NettyShuffleServiceFactory createNettyShuffleEnvironment
INFO: Created a new FileChannelManager for storing result partitions of BLOCKING shuffles. Used directories:
	/var/folders/9y/mg706rlj3cx1fsv47rlmtqq40000gn/T/flink-netty-shuffle-c70b16f6-a9d3-4c9d-936e-a860d1635619
Apr 29, 2024 9:25:50 AM org.apache.flink.runtime.io.network.buffer.NetworkBufferPool <init>
INFO: Allocated 64 MB for network buffer pool (number of memory segments: 2048, bytes per segment: 32768).
Apr 29, 2024 9:25:50 AM org.apache.flink.runtime.io.network.NettyShuffleEnvironment start
INFO: Starting the network environment and its components.
Apr 29, 2024 9:25:50 AM org.apache.flink.runtime.taskexecutor.KvStateService start
INFO: Starting the kvState service and its components.
Apr 29, 2024 9:25:50 AM org.apache.flink.configuration.Configuration loggingFallback
INFO: Config uses fallback configuration key 'pekko.ask.timeout' instead of key 'taskmanager.slot.timeout'
Apr 29, 2024 9:25:50 AM org.apache.flink.runtime.rpc.pekko.PekkoRpcService startServer
INFO: Starting RPC endpoint for org.apache.flink.runtime.taskexecutor.TaskExecutor at pekko://flink/user/rpc/taskmanager_56 .
Apr 29, 2024 9:25:50 AM org.apache.flink.runtime.taskexecutor.DefaultJobLeaderService start
INFO: Start job leader service.
Apr 29, 2024 9:25:50 AM org.apache.flink.runtime.filecache.FileCache <init>
INFO: User file cache uses directory /var/folders/9y/mg706rlj3cx1fsv47rlmtqq40000gn/T/flink-dist-cache-08852ef1-a561-4618-89c8-7b8b0bd82408
Apr 29, 2024 9:25:50 AM org.apache.flink.runtime.rest.RestServerEndpoint start
INFO: Starting rest endpoint.
Apr 29, 2024 9:25:50 AM org.apache.flink.runtime.webmonitor.WebMonitorUtils$LogFileLocation find
WARNING: Log file environment variable 'log.file' is not set.
Apr 29, 2024 9:25:50 AM org.apache.flink.runtime.webmonitor.WebMonitorUtils$LogFileLocation find
WARNING: JobManager log files are unavailable in the web dashboard. Log file location not found in environment variable 'log.file' or configuration key 'web.log.path'.
Apr 29, 2024 9:25:50 AM org.apache.flink.runtime.rest.RestServerEndpoint start
INFO: Rest endpoint listening at localhost:50070
Apr 29, 2024 9:25:50 AM org.apache.flink.runtime.highavailability.nonha.embedded.EmbeddedLeaderService updateLeader
INFO: Proposing leadership to the contender that is registered under component ID 'rest_server'.
Apr 29, 2024 9:25:50 AM org.apache.flink.runtime.webmonitor.WebMonitorEndpoint startInternal
INFO: Web frontend listening at http://localhost:50070.
Apr 29, 2024 9:25:50 AM org.apache.flink.runtime.webmonitor.WebMonitorEndpoint grantLeadership
INFO: http://localhost:50070 was granted leadership with leaderSessionID=f7884c0c-27c1-4421-bfda-4006f0e47584
Apr 29, 2024 9:25:50 AM org.apache.flink.runtime.highavailability.nonha.embedded.EmbeddedLeaderService confirmLeader
INFO: Received confirmation of leadership for leader http://localhost:50070 , session=f7884c0c-27c1-4421-bfda-4006f0e47584
Apr 29, 2024 9:25:50 AM org.apache.flink.runtime.highavailability.nonha.embedded.EmbeddedLeaderService updateLeader
INFO: Proposing leadership to the contender that is registered under component ID 'dispatcher'.
Apr 29, 2024 9:25:50 AM org.apache.flink.runtime.resourcemanager.ResourceManagerServiceImpl start
INFO: Starting resource manager service.
Apr 29, 2024 9:25:50 AM org.apache.flink.runtime.dispatcher.runner.DefaultDispatcherRunner lambda$grantLeadership$0
INFO: DefaultDispatcherRunner was granted leadership with leader id 2f90ef25-cf28-4576-959d-8933ef894b22. Creating new DispatcherLeaderProcess.
Apr 29, 2024 9:25:50 AM org.apache.flink.runtime.highavailability.nonha.embedded.EmbeddedLeaderService updateLeader
INFO: Proposing leadership to the contender that is registered under component ID 'resource_manager'.
Apr 29, 2024 9:25:50 AM org.apache.flink.runtime.dispatcher.runner.AbstractDispatcherLeaderProcess startInternal
INFO: Start SessionDispatcherLeaderProcess.
Apr 29, 2024 9:25:50 AM org.apache.flink.runtime.minicluster.MiniCluster start
INFO: Flink Mini Cluster started successfully
Apr 29, 2024 9:25:50 AM org.apache.flink.runtime.dispatcher.runner.SessionDispatcherLeaderProcess recoverJobs
INFO: Recover all persisted job graphs that are not finished, yet.
Apr 29, 2024 9:25:50 AM org.apache.flink.runtime.dispatcher.runner.SessionDispatcherLeaderProcess recoverJobs
INFO: Successfully recovered 0 persisted job graphs.
Apr 29, 2024 9:25:50 AM org.apache.flink.runtime.resourcemanager.ResourceManagerServiceImpl lambda$grantLeadership$2
INFO: Resource manager service is granted leadership with session id 307123f9-6a95-457a-98bb-21e8dc2d944c.
Apr 29, 2024 9:25:50 AM org.apache.flink.runtime.rpc.pekko.PekkoRpcService startServer
INFO: Starting RPC endpoint for org.apache.flink.runtime.dispatcher.StandaloneDispatcher at pekko://flink/user/rpc/dispatcher_57 .
Apr 29, 2024 9:25:50 AM org.apache.flink.runtime.rpc.pekko.PekkoRpcService startServer
INFO: Starting RPC endpoint for org.apache.flink.runtime.resourcemanager.StandaloneResourceManager at pekko://flink/user/rpc/resourcemanager_58 .
Apr 29, 2024 9:25:50 AM org.apache.flink.runtime.resourcemanager.ResourceManager onStart
INFO: Starting the resource manager.
Apr 29, 2024 9:25:50 AM org.apache.flink.runtime.resourcemanager.slotmanager.FineGrainedSlotManager start
INFO: Starting the slot manager.
Apr 29, 2024 9:25:50 AM org.apache.flink.runtime.security.token.DefaultDelegationTokenManager startTokensUpdate
INFO: Starting tokens update task
Apr 29, 2024 9:25:50 AM org.apache.flink.runtime.security.token.DefaultDelegationTokenManager startTokensUpdate
WARNING: No tokens obtained so skipping notifications
Apr 29, 2024 9:25:50 AM org.apache.flink.runtime.security.token.DefaultDelegationTokenManager startTokensUpdate
WARNING: Tokens update task not started because either no tokens obtained or none of the tokens specified its renewal date
Apr 29, 2024 9:25:50 AM org.apache.flink.runtime.highavailability.nonha.embedded.EmbeddedLeaderService confirmLeader
INFO: Received confirmation of leadership for leader pekko://flink/user/rpc/resourcemanager_58 , session=307123f9-6a95-457a-98bb-21e8dc2d944c
Apr 29, 2024 9:25:50 AM org.apache.flink.runtime.highavailability.nonha.embedded.EmbeddedLeaderService confirmLeader
INFO: Received confirmation of leadership for leader pekko://flink/user/rpc/dispatcher_57 , session=2f90ef25-cf28-4576-959d-8933ef894b22
Apr 29, 2024 9:25:50 AM org.apache.flink.runtime.taskexecutor.TaskExecutor connectToResourceManager
INFO: Connecting to ResourceManager pekko://flink/user/rpc/resourcemanager_58(98bb21e8dc2d944c307123f96a95457a).
Apr 29, 2024 9:25:50 AM org.apache.flink.runtime.registration.RetryingRegistration lambda$startRegistration$0
INFO: Resolved ResourceManager address, beginning registration
Apr 29, 2024 9:25:50 AM org.apache.flink.runtime.dispatcher.Dispatcher submitJob
INFO: Received JobGraph submission 'DataStream Collect' (3f4b51a05ed618b83b4fb6cf259a9e6f).
Apr 29, 2024 9:25:50 AM org.apache.flink.runtime.dispatcher.Dispatcher internalSubmitJob
INFO: Submitting job 'DataStream Collect' (3f4b51a05ed618b83b4fb6cf259a9e6f).
Apr 29, 2024 9:25:50 AM org.apache.flink.runtime.highavailability.nonha.embedded.EmbeddedLeaderService updateLeader
INFO: Proposing leadership to the contender that is registered under component ID 'job-3f4b51a05ed618b83b4fb6cf259a9e6f'.
Apr 29, 2024 9:25:50 AM org.apache.flink.runtime.jobmaster.JobMasterServiceLeadershipRunner createNewJobMasterServiceProcess
INFO: JobMasterServiceLeadershipRunner for job 3f4b51a05ed618b83b4fb6cf259a9e6f was granted leadership with leader id ea089fd3-9491-4790-838a-4d2aa2fee891. Creating new JobMasterServiceProcess.
Apr 29, 2024 9:25:50 AM org.apache.flink.runtime.resourcemanager.ResourceManager registerTaskExecutorInternal
INFO: Registering TaskManager with ResourceID 6aa956d3-3ee6-4528-830e-cfbc0a3844f9 (pekko://flink/user/rpc/taskmanager_56) at ResourceManager
Apr 29, 2024 9:25:50 AM org.apache.flink.runtime.taskexecutor.TaskExecutorToResourceManagerConnection onRegistrationSuccess
INFO: Successful registration at resource manager pekko://flink/user/rpc/resourcemanager_58 under registration id 2d932207da859e5a8e68434feaaa67aa.
Apr 29, 2024 9:25:50 AM org.apache.flink.runtime.resourcemanager.slotmanager.FineGrainedSlotManager registerTaskManager
INFO: Registering task executor 6aa956d3-3ee6-4528-830e-cfbc0a3844f9 under 2d932207da859e5a8e68434feaaa67aa at the slot manager.
Apr 29, 2024 9:25:50 AM org.apache.flink.runtime.rpc.pekko.PekkoRpcService startServer
INFO: Starting RPC endpoint for org.apache.flink.runtime.jobmaster.JobMaster at pekko://flink/user/rpc/jobmanager_59 .
Apr 29, 2024 9:25:50 AM org.apache.flink.runtime.jobmaster.JobMaster <init>
INFO: Initializing job 'DataStream Collect' (3f4b51a05ed618b83b4fb6cf259a9e6f).
Apr 29, 2024 9:25:50 AM org.apache.flink.runtime.scheduler.DefaultSchedulerFactory createInstance
INFO: Using restart back off time strategy NoRestartBackoffTimeStrategy for DataStream Collect (3f4b51a05ed618b83b4fb6cf259a9e6f).
Apr 29, 2024 9:25:50 AM org.apache.flink.runtime.executiongraph.DefaultExecutionGraph <init>
INFO: Created execution graph 1f654e63e69a9ebc9744f987afe722c1 for job 3f4b51a05ed618b83b4fb6cf259a9e6f.
Apr 29, 2024 9:25:50 AM org.apache.flink.runtime.executiongraph.DefaultExecutionGraphBuilder buildGraph
INFO: Running initialization on master for job DataStream Collect (3f4b51a05ed618b83b4fb6cf259a9e6f).
Apr 29, 2024 9:25:50 AM org.apache.flink.runtime.executiongraph.DefaultExecutionGraphBuilder buildGraph
INFO: Successfully ran initialization on master in 0 ms.
Apr 29, 2024 9:25:50 AM org.apache.flink.runtime.scheduler.adapter.DefaultExecutionTopology generateNewPipelinedRegions
INFO: Built 1 new pipelined regions in 0 ms, total 1 pipelined regions currently.
Apr 29, 2024 9:25:50 AM org.apache.flink.runtime.state.StateBackendLoader loadFromApplicationOrConfigOrDefaultInternal
INFO: No state backend has been configured, using default (HashMap) org.apache.flink.runtime.state.hashmap.HashMapStateBackend@66568c78
Apr 29, 2024 9:25:50 AM org.apache.flink.runtime.state.StateBackendLoader fromApplicationOrConfigOrDefault
INFO: State backend loader loads the state backend as HashMapStateBackend
Apr 29, 2024 9:25:50 AM org.apache.flink.runtime.state.CheckpointStorageLoader createJobManagerCheckpointStorage
INFO: Checkpoint storage is set to 'jobmanager'
Apr 29, 2024 9:25:50 AM org.apache.flink.runtime.checkpoint.CheckpointCoordinator restoreLatestCheckpointedStateInternal
INFO: No checkpoint found during restore.
Apr 29, 2024 9:25:50 AM org.apache.flink.runtime.scheduler.DefaultScheduler <init>
INFO: Using failover strategy org.apache.flink.runtime.executiongraph.failover.flip1.RestartPipelinedRegionFailoverStrategy@60bb5e79 for DataStream Collect (3f4b51a05ed618b83b4fb6cf259a9e6f).
Apr 29, 2024 9:25:50 AM org.apache.flink.runtime.highavailability.nonha.embedded.EmbeddedLeaderService confirmLeader
INFO: Received confirmation of leadership for leader pekko://flink/user/rpc/jobmanager_59 , session=ea089fd3-9491-4790-838a-4d2aa2fee891
Apr 29, 2024 9:25:50 AM org.apache.flink.runtime.jobmaster.JobMaster startJobExecution
INFO: Starting execution of job 'DataStream Collect' (3f4b51a05ed618b83b4fb6cf259a9e6f) under job master id 838a4d2aa2fee891ea089fd394914790.
Apr 29, 2024 9:25:50 AM org.apache.flink.runtime.scheduler.DefaultScheduler startSchedulingInternal
INFO: Starting scheduling with scheduling strategy [org.apache.flink.runtime.scheduler.strategy.PipelinedRegionSchedulingStrategy]
Apr 29, 2024 9:25:50 AM org.apache.flink.runtime.executiongraph.DefaultExecutionGraph transitionState
INFO: Job DataStream Collect (3f4b51a05ed618b83b4fb6cf259a9e6f) switched from state CREATED to RUNNING.
Apr 29, 2024 9:25:50 AM org.apache.flink.runtime.executiongraph.Execution transitionState
INFO: Source: Collection Source -> Timestamps/Watermarks (1/1) (1f654e63e69a9ebc9744f987afe722c1_cbc357ccb763df2852fee8c4fc7d55f2_0_0) switched from CREATED to SCHEDULED.
Apr 29, 2024 9:25:50 AM org.apache.flink.runtime.executiongraph.Execution transitionState
INFO: TumblingEventTimeWindows -> Sink: Data stream collect sink (1/1) (1f654e63e69a9ebc9744f987afe722c1_90bea66de1c231edf33913ecd54406c1_0_0) switched from CREATED to SCHEDULED.
Apr 29, 2024 9:25:50 AM org.apache.flink.runtime.jobmaster.JobMaster connectToResourceManager
INFO: Connecting to ResourceManager pekko://flink/user/rpc/resourcemanager_58(98bb21e8dc2d944c307123f96a95457a)
Apr 29, 2024 9:25:50 AM org.apache.flink.runtime.registration.RetryingRegistration lambda$startRegistration$0
INFO: Resolved ResourceManager address, beginning registration
Apr 29, 2024 9:25:50 AM org.apache.flink.runtime.resourcemanager.ResourceManager registerJobMaster
INFO: Registering job manager 838a4d2aa2fee891ea089fd394914790@pekko://flink/user/rpc/jobmanager_59 for job 3f4b51a05ed618b83b4fb6cf259a9e6f.
Apr 29, 2024 9:25:50 AM org.apache.flink.runtime.resourcemanager.ResourceManager registerJobMasterInternal
INFO: Registered job manager 838a4d2aa2fee891ea089fd394914790@pekko://flink/user/rpc/jobmanager_59 for job 3f4b51a05ed618b83b4fb6cf259a9e6f.
Apr 29, 2024 9:25:50 AM org.apache.flink.runtime.jobmaster.JobMaster establishResourceManagerConnection
INFO: JobManager successfully registered at ResourceManager, leader id: 98bb21e8dc2d944c307123f96a95457a.
Apr 29, 2024 9:25:50 AM org.apache.flink.runtime.resourcemanager.slotmanager.FineGrainedSlotManager processResourceRequirements
INFO: Received resource requirements from job 3f4b51a05ed618b83b4fb6cf259a9e6f: [ResourceRequirement{resourceProfile=ResourceProfile{UNKNOWN}, numberOfRequiredSlots=1}]
Apr 29, 2024 9:25:50 AM org.apache.flink.runtime.resourcemanager.slotmanager.FineGrainedSlotManager logMissingAndAvailableResource
INFO: Matching resource requirements against available resources.
Missing resources:
	 Job 3f4b51a05ed618b83b4fb6cf259a9e6f
		ResourceRequirement{resourceProfile=ResourceProfile{UNKNOWN}, numberOfRequiredSlots=1}
Current resources:
	TaskManager 6aa956d3-3ee6-4528-830e-cfbc0a3844f9
		Available: ResourceProfile{taskHeapMemory=1024.000gb (1099511627776 bytes), taskOffHeapMemory=1024.000gb (1099511627776 bytes), managedMemory=128.000mb (134217728 bytes), networkMemory=64.000mb (67108864 bytes)}
		Total:     ResourceProfile{taskHeapMemory=1024.000gb (1099511627776 bytes), taskOffHeapMemory=1024.000gb (1099511627776 bytes), managedMemory=128.000mb (134217728 bytes), networkMemory=64.000mb (67108864 bytes)}
Apr 29, 2024 9:25:50 AM org.apache.flink.runtime.resourcemanager.slotmanager.DefaultSlotStatusSyncer allocateSlot
INFO: Starting allocation of slot d68ce08755f4c661dc37cae6d9b18161 from 6aa956d3-3ee6-4528-830e-cfbc0a3844f9 for job 3f4b51a05ed618b83b4fb6cf259a9e6f with resource profile ResourceProfile{taskHeapMemory=1024.000gb (1099511627776 bytes), taskOffHeapMemory=1024.000gb (1099511627776 bytes), managedMemory=128.000mb (134217728 bytes), networkMemory=64.000mb (67108864 bytes)}.
Apr 29, 2024 9:25:50 AM org.apache.flink.runtime.taskexecutor.TaskExecutor requestSlot
INFO: Receive slot request d68ce08755f4c661dc37cae6d9b18161 for job 3f4b51a05ed618b83b4fb6cf259a9e6f from resource manager with leader id 98bb21e8dc2d944c307123f96a95457a.
Apr 29, 2024 9:25:50 AM org.apache.flink.runtime.taskexecutor.slot.TaskSlotTableImpl allocateSlot
INFO: Allocated slot for d68ce08755f4c661dc37cae6d9b18161 with resources ResourceProfile{taskHeapMemory=1024.000gb (1099511627776 bytes), taskOffHeapMemory=1024.000gb (1099511627776 bytes), managedMemory=128.000mb (134217728 bytes), networkMemory=64.000mb (67108864 bytes)}.
Apr 29, 2024 9:25:50 AM org.apache.flink.runtime.taskexecutor.DefaultJobLeaderService addJob
INFO: Add job 3f4b51a05ed618b83b4fb6cf259a9e6f for job leader monitoring.
Apr 29, 2024 9:25:50 AM org.apache.flink.runtime.taskexecutor.DefaultJobLeaderService$JobManagerLeaderListener openRpcConnectionTo
INFO: Try to register at job manager pekko://flink/user/rpc/jobmanager_59 with leader id ea089fd3-9491-4790-838a-4d2aa2fee891.
Apr 29, 2024 9:25:50 AM org.apache.flink.runtime.registration.RetryingRegistration lambda$startRegistration$0
INFO: Resolved JobManager address, beginning registration
Apr 29, 2024 9:25:50 AM org.apache.flink.runtime.taskexecutor.DefaultJobLeaderService$JobManagerLeaderListener$JobManagerRegisteredRpcConnection lambda$onRegistrationSuccess$0
INFO: Successful registration at job manager pekko://flink/user/rpc/jobmanager_59 for job 3f4b51a05ed618b83b4fb6cf259a9e6f.
Apr 29, 2024 9:25:50 AM org.apache.flink.runtime.taskexecutor.TaskExecutor establishJobManagerConnection
INFO: Establish JobManager connection for job 3f4b51a05ed618b83b4fb6cf259a9e6f.
Apr 29, 2024 9:25:50 AM org.apache.flink.runtime.taskexecutor.TaskExecutor internalOfferSlotsToJobManager
INFO: Offer reserved slots to the leader of job 3f4b51a05ed618b83b4fb6cf259a9e6f.
Apr 29, 2024 9:25:50 AM org.apache.flink.runtime.executiongraph.Execution transitionState
INFO: Source: Collection Source -> Timestamps/Watermarks (1/1) (1f654e63e69a9ebc9744f987afe722c1_cbc357ccb763df2852fee8c4fc7d55f2_0_0) switched from SCHEDULED to DEPLOYING.
Apr 29, 2024 9:25:50 AM org.apache.flink.runtime.executiongraph.Execution deploy
INFO: Deploying Source: Collection Source -> Timestamps/Watermarks (1/1) (attempt #0) with attempt id 1f654e63e69a9ebc9744f987afe722c1_cbc357ccb763df2852fee8c4fc7d55f2_0_0 and vertex id cbc357ccb763df2852fee8c4fc7d55f2_0 to 6aa956d3-3ee6-4528-830e-cfbc0a3844f9 @ localhost (dataPort=-1) with allocation id d68ce08755f4c661dc37cae6d9b18161
Apr 29, 2024 9:25:50 AM org.apache.flink.runtime.executiongraph.Execution transitionState
INFO: TumblingEventTimeWindows -> Sink: Data stream collect sink (1/1) (1f654e63e69a9ebc9744f987afe722c1_90bea66de1c231edf33913ecd54406c1_0_0) switched from SCHEDULED to DEPLOYING.
Apr 29, 2024 9:25:50 AM org.apache.flink.runtime.executiongraph.Execution deploy
INFO: Deploying TumblingEventTimeWindows -> Sink: Data stream collect sink (1/1) (attempt #0) with attempt id 1f654e63e69a9ebc9744f987afe722c1_90bea66de1c231edf33913ecd54406c1_0_0 and vertex id 90bea66de1c231edf33913ecd54406c1_0 to 6aa956d3-3ee6-4528-830e-cfbc0a3844f9 @ localhost (dataPort=-1) with allocation id d68ce08755f4c661dc37cae6d9b18161
Apr 29, 2024 9:25:50 AM org.apache.flink.runtime.taskexecutor.slot.TaskSlotTableImpl markExistingSlotActive
INFO: Activate slot d68ce08755f4c661dc37cae6d9b18161.
Apr 29, 2024 9:25:50 AM org.apache.flink.runtime.state.changelog.StateChangelogStorageLoader load
INFO: Creating a changelog storage with name 'memory'.
Apr 29, 2024 9:25:50 AM org.apache.flink.runtime.state.TaskExecutorChannelStateExecutorFactoryManager getOrCreateExecutorFactory
INFO: Creating the channel state executor factory for job id 3f4b51a05ed618b83b4fb6cf259a9e6f
Apr 29, 2024 9:25:50 AM org.apache.flink.runtime.taskexecutor.TaskExecutor submitTask
INFO: Received task Source: Collection Source -> Timestamps/Watermarks (1/1)#0 (1f654e63e69a9ebc9744f987afe722c1_cbc357ccb763df2852fee8c4fc7d55f2_0_0), deploy into slot with allocation id d68ce08755f4c661dc37cae6d9b18161.
Apr 29, 2024 9:25:50 AM org.apache.flink.runtime.taskmanager.Task transitionState
INFO: Source: Collection Source -> Timestamps/Watermarks (1/1)#0 (1f654e63e69a9ebc9744f987afe722c1_cbc357ccb763df2852fee8c4fc7d55f2_0_0) switched from CREATED to DEPLOYING.
Apr 29, 2024 9:25:50 AM org.apache.flink.runtime.taskmanager.Task doRun
INFO: Loading JAR files for task Source: Collection Source -> Timestamps/Watermarks (1/1)#0 (1f654e63e69a9ebc9744f987afe722c1_cbc357ccb763df2852fee8c4fc7d55f2_0_0) [DEPLOYING].
Apr 29, 2024 9:25:50 AM org.apache.flink.runtime.taskexecutor.slot.TaskSlotTableImpl markExistingSlotActive
INFO: Activate slot d68ce08755f4c661dc37cae6d9b18161.
Apr 29, 2024 9:25:50 AM org.apache.flink.runtime.taskexecutor.slot.TaskSlotTableImpl markExistingSlotActive
INFO: Activate slot d68ce08755f4c661dc37cae6d9b18161.
Apr 29, 2024 9:25:50 AM org.apache.flink.runtime.state.StateBackendLoader loadFromApplicationOrConfigOrDefaultInternal
INFO: No state backend has been configured, using default (HashMap) org.apache.flink.runtime.state.hashmap.HashMapStateBackend@642a4b13
Apr 29, 2024 9:25:50 AM org.apache.flink.runtime.state.StateBackendLoader fromApplicationOrConfigOrDefault
INFO: State backend loader loads the state backend as HashMapStateBackend
Apr 29, 2024 9:25:50 AM org.apache.flink.runtime.state.CheckpointStorageLoader createJobManagerCheckpointStorage
INFO: Checkpoint storage is set to 'jobmanager'
Apr 29, 2024 9:25:50 AM org.apache.flink.runtime.taskmanager.Task transitionState
INFO: Source: Collection Source -> Timestamps/Watermarks (1/1)#0 (1f654e63e69a9ebc9744f987afe722c1_cbc357ccb763df2852fee8c4fc7d55f2_0_0) switched from DEPLOYING to INITIALIZING.
Apr 29, 2024 9:25:50 AM org.apache.flink.runtime.executiongraph.Execution transitionState
INFO: Source: Collection Source -> Timestamps/Watermarks (1/1) (1f654e63e69a9ebc9744f987afe722c1_cbc357ccb763df2852fee8c4fc7d55f2_0_0) switched from DEPLOYING to INITIALIZING.
Apr 29, 2024 9:25:50 AM org.apache.flink.runtime.taskexecutor.TaskExecutor submitTask
INFO: Received task TumblingEventTimeWindows -> Sink: Data stream collect sink (1/1)#0 (1f654e63e69a9ebc9744f987afe722c1_90bea66de1c231edf33913ecd54406c1_0_0), deploy into slot with allocation id d68ce08755f4c661dc37cae6d9b18161.
Apr 29, 2024 9:25:50 AM org.apache.flink.runtime.taskmanager.Task transitionState
INFO: TumblingEventTimeWindows -> Sink: Data stream collect sink (1/1)#0 (1f654e63e69a9ebc9744f987afe722c1_90bea66de1c231edf33913ecd54406c1_0_0) switched from CREATED to DEPLOYING.
Apr 29, 2024 9:25:50 AM org.apache.flink.runtime.taskmanager.Task doRun
INFO: Loading JAR files for task TumblingEventTimeWindows -> Sink: Data stream collect sink (1/1)#0 (1f654e63e69a9ebc9744f987afe722c1_90bea66de1c231edf33913ecd54406c1_0_0) [DEPLOYING].
Apr 29, 2024 9:25:50 AM org.apache.flink.runtime.state.StateBackendLoader loadFromApplicationOrConfigOrDefaultInternal
INFO: No state backend has been configured, using default (HashMap) org.apache.flink.runtime.state.hashmap.HashMapStateBackend@2e4443bf
Apr 29, 2024 9:25:50 AM org.apache.flink.runtime.state.StateBackendLoader fromApplicationOrConfigOrDefault
INFO: State backend loader loads the state backend as HashMapStateBackend
Apr 29, 2024 9:25:50 AM org.apache.flink.runtime.state.CheckpointStorageLoader createJobManagerCheckpointStorage
INFO: Checkpoint storage is set to 'jobmanager'
Apr 29, 2024 9:25:50 AM org.apache.flink.runtime.taskmanager.Task transitionState
INFO: TumblingEventTimeWindows -> Sink: Data stream collect sink (1/1)#0 (1f654e63e69a9ebc9744f987afe722c1_90bea66de1c231edf33913ecd54406c1_0_0) switched from DEPLOYING to INITIALIZING.
Apr 29, 2024 9:25:50 AM org.apache.flink.runtime.executiongraph.Execution transitionState
INFO: TumblingEventTimeWindows -> Sink: Data stream collect sink (1/1) (1f654e63e69a9ebc9744f987afe722c1_90bea66de1c231edf33913ecd54406c1_0_0) switched from DEPLOYING to INITIALIZING.
Apr 29, 2024 9:25:50 AM org.apache.flink.runtime.taskmanager.Task transitionState
INFO: Source: Collection Source -> Timestamps/Watermarks (1/1)#0 (1f654e63e69a9ebc9744f987afe722c1_cbc357ccb763df2852fee8c4fc7d55f2_0_0) switched from INITIALIZING to RUNNING.
Apr 29, 2024 9:25:50 AM org.apache.flink.runtime.executiongraph.Execution transitionState
INFO: Source: Collection Source -> Timestamps/Watermarks (1/1) (1f654e63e69a9ebc9744f987afe722c1_cbc357ccb763df2852fee8c4fc7d55f2_0_0) switched from INITIALIZING to RUNNING.
Apr 29, 2024 9:25:50 AM org.apache.flink.api.java.typeutils.runtime.kryo.KryoSerializer getKryoInstance
INFO: Kryo serializer scala extensions are not available.
Apr 29, 2024 9:25:50 AM org.apache.flink.api.java.typeutils.runtime.kryo.KryoSerializer getKryoInstance
INFO: Kryo serializer scala extensions are not available.
Apr 29, 2024 9:25:50 AM org.apache.flink.api.java.typeutils.runtime.kryo.KryoSerializer getKryoInstance
INFO: Kryo serializer scala extensions are not available.
Apr 29, 2024 9:25:50 AM org.apache.flink.streaming.api.operators.collect.CollectSinkFunction initializeState
INFO: Initializing collect sink state with offset = 0, buffered results bytes = 0
Apr 29, 2024 9:25:50 AM org.apache.flink.streaming.api.operators.collect.CollectSinkFunction open
INFO: Collect sink server established, address = localhost/127.0.0.1:50071
Apr 29, 2024 9:25:50 AM org.apache.flink.runtime.state.heap.HeapKeyedStateBackendBuilder restoreState
INFO: Finished to build heap keyed state-backend.
Apr 29, 2024 9:25:50 AM org.apache.flink.runtime.state.heap.HeapKeyedStateBackend <init>
INFO: Initializing heap keyed state backend with stream factory.
Apr 29, 2024 9:25:50 AM org.apache.flink.runtime.taskmanager.Task transitionState
INFO: Source: Collection Source -> Timestamps/Watermarks (1/1)#0 (1f654e63e69a9ebc9744f987afe722c1_cbc357ccb763df2852fee8c4fc7d55f2_0_0) switched from RUNNING to FINISHED.
Apr 29, 2024 9:25:50 AM org.apache.flink.runtime.taskmanager.Task doRun
INFO: Freeing task resources for Source: Collection Source -> Timestamps/Watermarks (1/1)#0 (1f654e63e69a9ebc9744f987afe722c1_cbc357ccb763df2852fee8c4fc7d55f2_0_0).
Apr 29, 2024 9:25:50 AM org.apache.flink.streaming.api.operators.collect.CollectSinkOperatorCoordinator handleEventFromOperator
INFO: Received sink socket server address: localhost/127.0.0.1:50071
Apr 29, 2024 9:25:50 AM org.apache.flink.runtime.taskexecutor.TaskExecutor unregisterTaskAndNotifyFinalState
INFO: Un-registering task and sending final execution state FINISHED to JobManager for task Source: Collection Source -> Timestamps/Watermarks (1/1)#0 1f654e63e69a9ebc9744f987afe722c1_cbc357ccb763df2852fee8c4fc7d55f2_0_0.
Apr 29, 2024 9:25:50 AM org.apache.flink.runtime.taskmanager.Task transitionState
INFO: TumblingEventTimeWindows -> Sink: Data stream collect sink (1/1)#0 (1f654e63e69a9ebc9744f987afe722c1_90bea66de1c231edf33913ecd54406c1_0_0) switched from INITIALIZING to RUNNING.
Apr 29, 2024 9:25:50 AM org.apache.flink.runtime.executiongraph.Execution transitionState
INFO: TumblingEventTimeWindows -> Sink: Data stream collect sink (1/1) (1f654e63e69a9ebc9744f987afe722c1_90bea66de1c231edf33913ecd54406c1_0_0) switched from INITIALIZING to RUNNING.
Apr 29, 2024 9:25:50 AM org.apache.flink.api.java.typeutils.runtime.kryo.KryoSerializer getKryoInstance
INFO: Kryo serializer scala extensions are not available.
Apr 29, 2024 9:25:50 AM org.apache.flink.runtime.executiongraph.Execution transitionState
INFO: Source: Collection Source -> Timestamps/Watermarks (1/1) (1f654e63e69a9ebc9744f987afe722c1_cbc357ccb763df2852fee8c4fc7d55f2_0_0) switched from RUNNING to FINISHED.
Apr 29, 2024 9:25:50 AM org.apache.flink.runtime.taskmanager.Task transitionState
INFO: TumblingEventTimeWindows -> Sink: Data stream collect sink (1/1)#0 (1f654e63e69a9ebc9744f987afe722c1_90bea66de1c231edf33913ecd54406c1_0_0) switched from RUNNING to FINISHED.
Apr 29, 2024 9:25:50 AM org.apache.flink.runtime.taskmanager.Task doRun
INFO: Freeing task resources for TumblingEventTimeWindows -> Sink: Data stream collect sink (1/1)#0 (1f654e63e69a9ebc9744f987afe722c1_90bea66de1c231edf33913ecd54406c1_0_0).
Apr 29, 2024 9:25:50 AM org.apache.flink.runtime.taskexecutor.TaskExecutor unregisterTaskAndNotifyFinalState
INFO: Un-registering task and sending final execution state FINISHED to JobManager for task TumblingEventTimeWindows -> Sink: Data stream collect sink (1/1)#0 1f654e63e69a9ebc9744f987afe722c1_90bea66de1c231edf33913ecd54406c1_0_0.
Apr 29, 2024 9:25:50 AM org.apache.flink.runtime.executiongraph.Execution transitionState
INFO: TumblingEventTimeWindows -> Sink: Data stream collect sink (1/1) (1f654e63e69a9ebc9744f987afe722c1_90bea66de1c231edf33913ecd54406c1_0_0) switched from RUNNING to FINISHED.
Apr 29, 2024 9:25:50 AM org.apache.flink.runtime.resourcemanager.slotmanager.FineGrainedSlotManager processResourceRequirements
INFO: Clearing resource requirements of job 3f4b51a05ed618b83b4fb6cf259a9e6f
Apr 29, 2024 9:25:50 AM org.apache.flink.runtime.executiongraph.DefaultExecutionGraph transitionState
INFO: Job DataStream Collect (3f4b51a05ed618b83b4fb6cf259a9e6f) switched from state RUNNING to FINISHED.
Apr 29, 2024 9:25:50 AM org.apache.flink.runtime.checkpoint.CheckpointCoordinator shutdown
INFO: Stopping checkpoint coordinator for job 3f4b51a05ed618b83b4fb6cf259a9e6f.
Apr 29, 2024 9:25:50 AM org.apache.flink.runtime.minicluster.MiniCluster closeInternal
INFO: Shutting down Flink Mini Cluster
Apr 29, 2024 9:25:50 AM org.apache.flink.runtime.dispatcher.Dispatcher jobReachedTerminalState
INFO: Job 3f4b51a05ed618b83b4fb6cf259a9e6f reached terminal state FINISHED.
Apr 29, 2024 9:25:50 AM org.apache.flink.runtime.dispatcher.Dispatcher lambda$registerGloballyTerminatedJobInJobResultStore$42
INFO: Job 3f4b51a05ed618b83b4fb6cf259a9e6f has been registered for cleanup in the JobResultStore after reaching a terminal state.
Apr 29, 2024 9:25:50 AM org.apache.flink.runtime.rest.RestServerEndpoint closeAsync
INFO: Shutting down rest endpoint.
Apr 29, 2024 9:25:50 AM org.apache.flink.runtime.taskexecutor.TaskExecutor onStop
INFO: Stopping TaskExecutor pekko://flink/user/rpc/taskmanager_56.
Apr 29, 2024 9:25:50 AM org.apache.flink.runtime.taskexecutor.TaskExecutor closeResourceManagerConnection
INFO: Close ResourceManager connection f4e9d54a8b988092555dc8d75782c1e9.
Apr 29, 2024 9:25:50 AM org.apache.flink.runtime.jobmaster.JobMaster onStop
INFO: Stopping the JobMaster for job 'DataStream Collect' (3f4b51a05ed618b83b4fb6cf259a9e6f).
Apr 29, 2024 9:25:50 AM org.apache.flink.runtime.taskexecutor.TaskExecutor disconnectJobManagerConnection
INFO: Close JobManager connection for job 3f4b51a05ed618b83b4fb6cf259a9e6f.
Apr 29, 2024 9:25:50 AM org.apache.flink.runtime.resourcemanager.ResourceManager closeTaskManagerConnection
INFO: Closing TaskExecutor connection 6aa956d3-3ee6-4528-830e-cfbc0a3844f9 because: The TaskExecutor is shutting down.
Apr 29, 2024 9:25:50 AM org.apache.flink.streaming.api.operators.collect.CollectSinkOperatorCoordinator close
INFO: Closing the CollectSinkOperatorCoordinator.
Apr 29, 2024 9:25:50 AM org.apache.flink.runtime.resourcemanager.slotmanager.FineGrainedSlotManager unregisterTaskManager
INFO: Unregistering task executor 2d932207da859e5a8e68434feaaa67aa from the slot manager.
Apr 29, 2024 9:25:50 AM org.apache.flink.runtime.state.TaskExecutorStateChangelogStoragesManager shutdown
INFO: Shutting down TaskExecutorStateChangelogStoragesManager.
Apr 29, 2024 9:25:50 AM org.apache.flink.runtime.state.TaskExecutorChannelStateExecutorFactoryManager shutdown
INFO: Shutting down TaskExecutorChannelStateExecutorFactoryManager.
Apr 29, 2024 9:25:50 AM org.apache.flink.runtime.resourcemanager.slotmanager.DefaultSlotStatusSyncer freeSlot
INFO: Freeing slot d68ce08755f4c661dc37cae6d9b18161.
Apr 29, 2024 9:25:50 AM org.apache.flink.runtime.taskexecutor.slot.TaskSlotTableImpl freeSlotInternal
INFO: Free slot TaskSlot(index:1, state:ALLOCATED, resource profile: ResourceProfile{taskHeapMemory=1024.000gb (1099511627776 bytes), taskOffHeapMemory=1024.000gb (1099511627776 bytes), managedMemory=128.000mb (134217728 bytes), networkMemory=64.000mb (67108864 bytes)}, allocationId: d68ce08755f4c661dc37cae6d9b18161, jobId: 3f4b51a05ed618b83b4fb6cf259a9e6f).
Apr 29, 2024 9:25:50 AM org.apache.flink.runtime.checkpoint.StandaloneCompletedCheckpointStore shutdown
INFO: Shutting down
Apr 29, 2024 9:25:50 AM org.apache.flink.runtime.jobmaster.JobMaster disconnectTaskManager
INFO: Disconnect TaskExecutor 6aa956d3-3ee6-4528-830e-cfbc0a3844f9 because: Stopping JobMaster for job 'DataStream Collect' (3f4b51a05ed618b83b4fb6cf259a9e6f).
Apr 29, 2024 9:25:50 AM org.apache.flink.runtime.jobmaster.slotpool.DefaultDeclarativeSlotPool releaseSlots
INFO: Releasing slot [d68ce08755f4c661dc37cae6d9b18161].
Apr 29, 2024 9:25:50 AM org.apache.flink.runtime.jobmaster.JobMaster dissolveResourceManagerConnection
INFO: Close ResourceManager connection f4e9d54a8b988092555dc8d75782c1e9: Stopping JobMaster for job 'DataStream Collect' (3f4b51a05ed618b83b4fb6cf259a9e6f).
Apr 29, 2024 9:25:50 AM org.apache.flink.runtime.taskexecutor.DefaultJobLeaderService stop
INFO: Stop job leader service.
Apr 29, 2024 9:25:50 AM org.apache.flink.runtime.state.TaskExecutorLocalStateStoresManager shutdown
INFO: Shutting down TaskExecutorLocalStateStoresManager.
Apr 29, 2024 9:25:50 AM org.apache.flink.runtime.resourcemanager.ResourceManager closeJobManagerConnection
INFO: Disconnect job manager 838a4d2aa2fee891ea089fd394914790@pekko://flink/user/rpc/jobmanager_59 for job 3f4b51a05ed618b83b4fb6cf259a9e6f from the resource manager.
Apr 29, 2024 9:25:50 AM org.apache.flink.runtime.webmonitor.WebMonitorEndpoint lambda$shutDownInternal$7
INFO: Removing cache directory /var/folders/9y/mg706rlj3cx1fsv47rlmtqq40000gn/T/flink-web-ui
Apr 29, 2024 9:25:50 AM org.apache.flink.runtime.io.disk.FileChannelManagerImpl lambda$getFileCloser$0
INFO: FileChannelManager removed spill file directory /var/folders/9y/mg706rlj3cx1fsv47rlmtqq40000gn/T/flink-io-6eb09a49-1edb-419e-8f1c-d75dd6dce599
Apr 29, 2024 9:25:50 AM org.apache.flink.runtime.io.network.NettyShuffleEnvironment close
INFO: Shutting down the network environment and its components.
Apr 29, 2024 9:25:50 AM org.apache.flink.runtime.webmonitor.WebMonitorEndpoint revokeLeadership
INFO: http://localhost:50070 lost leadership
Apr 29, 2024 9:25:50 AM org.apache.flink.runtime.rest.RestServerEndpoint lambda$closeAsync$1
INFO: Shut down complete.
Apr 29, 2024 9:25:50 AM org.apache.flink.runtime.resourcemanager.ResourceManager deregisterApplication
INFO: Shut down cluster because application is in CANCELED, diagnostics DispatcherResourceManagerComponent has been closed..
Apr 29, 2024 9:25:50 AM org.apache.flink.runtime.entrypoint.component.DispatcherResourceManagerComponent closeAsyncInternal
INFO: Closing components.
Apr 29, 2024 9:25:50 AM org.apache.flink.runtime.dispatcher.runner.AbstractDispatcherLeaderProcess closeInternal
INFO: Stopping SessionDispatcherLeaderProcess.
Apr 29, 2024 9:25:50 AM org.apache.flink.runtime.resourcemanager.ResourceManagerServiceImpl closeAsync
INFO: Stopping resource manager service.
Apr 29, 2024 9:25:50 AM org.apache.flink.runtime.dispatcher.Dispatcher onStop
INFO: Stopping dispatcher pekko://flink/user/rpc/dispatcher_57.
Apr 29, 2024 9:25:50 AM org.apache.flink.runtime.resourcemanager.ResourceManagerServiceImpl lambda$revokeLeadership$3
INFO: Resource manager service is not running. Ignore revoking leadership.
Apr 29, 2024 9:25:50 AM org.apache.flink.runtime.dispatcher.Dispatcher terminateRunningJobs
INFO: Stopping all currently running jobs of dispatcher pekko://flink/user/rpc/dispatcher_57.
Apr 29, 2024 9:25:50 AM org.apache.flink.runtime.security.token.DefaultDelegationTokenManager stop
INFO: Stopping credential renewal
Apr 29, 2024 9:25:50 AM org.apache.flink.runtime.security.token.DefaultDelegationTokenManager stop
INFO: Stopped credential renewal
Apr 29, 2024 9:25:50 AM org.apache.flink.runtime.resourcemanager.slotmanager.FineGrainedSlotManager close
INFO: Closing the slot manager.
Apr 29, 2024 9:25:50 AM org.apache.flink.runtime.resourcemanager.slotmanager.FineGrainedSlotManager suspend
INFO: Suspending the slot manager.
Apr 29, 2024 9:25:50 AM org.apache.flink.runtime.io.disk.FileChannelManagerImpl lambda$getFileCloser$0
INFO: FileChannelManager removed spill file directory /var/folders/9y/mg706rlj3cx1fsv47rlmtqq40000gn/T/flink-netty-shuffle-c70b16f6-a9d3-4c9d-936e-a860d1635619
Apr 29, 2024 9:25:50 AM org.apache.flink.runtime.taskexecutor.KvStateService shutdown
INFO: Shutting down the kvState service and its components.
Apr 29, 2024 9:25:50 AM org.apache.flink.runtime.taskexecutor.DefaultJobLeaderService stop
INFO: Stop job leader service.
Apr 29, 2024 9:25:50 AM org.apache.flink.runtime.dispatcher.Dispatcher lambda$onStop$2
INFO: Stopped dispatcher pekko://flink/user/rpc/dispatcher_57.
Apr 29, 2024 9:25:50 AM org.apache.flink.runtime.filecache.FileCache shutdown
INFO: removed file cache directory /var/folders/9y/mg706rlj3cx1fsv47rlmtqq40000gn/T/flink-dist-cache-08852ef1-a561-4618-89c8-7b8b0bd82408
Apr 29, 2024 9:25:50 AM org.apache.flink.runtime.taskexecutor.TaskExecutor handleOnStopException
INFO: Stopped TaskExecutor pekko://flink/user/rpc/taskmanager_56.
Apr 29, 2024 9:25:50 AM org.apache.flink.runtime.rpc.pekko.PekkoRpcService closeAsync
INFO: Stopping Pekko RPC service.
Apr 29, 2024 9:25:50 AM org.apache.pekko.event.slf4j.Slf4jLogger$$anonfun$receive$1 $anonfun$applyOrElse$3
INFO: Running CoordinatedShutdown with reason [ActorSystemTerminateReason]
Apr 29, 2024 9:25:50 AM org.apache.flink.runtime.rpc.pekko.PekkoRpcService closeAsync
INFO: Stopping Pekko RPC service.
Apr 29, 2024 9:25:50 AM org.apache.flink.runtime.rpc.pekko.PekkoRpcService lambda$closeAsync$7
INFO: Stopped Pekko RPC service.
Apr 29, 2024 9:25:50 AM org.apache.pekko.event.slf4j.Slf4jLogger$$anonfun$receive$1 $anonfun$applyOrElse$3
INFO: Running CoordinatedShutdown with reason [ActorSystemTerminateReason]
Apr 29, 2024 9:25:50 AM org.apache.flink.runtime.blob.AbstractBlobCache close
INFO: Shutting down BLOB cache
Apr 29, 2024 9:25:50 AM org.apache.flink.runtime.blob.AbstractBlobCache close
INFO: Shutting down BLOB cache
Apr 29, 2024 9:25:50 AM org.apache.flink.runtime.blob.BlobServer close
INFO: Stopped BLOB server at 0.0.0.0:50069
Apr 29, 2024 9:25:50 AM org.apache.flink.runtime.rpc.pekko.PekkoRpcService lambda$closeAsync$7
INFO: Stopped Pekko RPC service.
Apr 29, 2024 9:25:50 AM org.apache.flink.streaming.api.operators.collect.CollectResultFetcher isJobTerminated
WARNING: Failed to get job status so we assume that the job has terminated. Some data might be lost.
java.lang.IllegalStateException: MiniCluster is not yet running or has already been shut down.
	at org.apache.flink.util.Preconditions.checkState(Preconditions.java:193)
	at org.apache.flink.runtime.minicluster.MiniCluster.getDispatcherGatewayFuture(MiniCluster.java:1069)
	at org.apache.flink.runtime.minicluster.MiniCluster.runDispatcherCommand(MiniCluster.java:942)
	at org.apache.flink.runtime.minicluster.MiniCluster.getJobStatus(MiniCluster.java:866)
	at org.apache.flink.runtime.minicluster.MiniClusterJobClient.getJobStatus(MiniClusterJobClient.java:91)
	at org.apache.flink.streaming.api.operators.collect.CollectResultFetcher.isJobTerminated(CollectResultFetcher.java:211)
	at org.apache.flink.streaming.api.operators.collect.CollectResultFetcher.next(CollectResultFetcher.java:118)
	at org.apache.flink.streaming.api.operators.collect.CollectResultIterator.nextResultFromFetcher(CollectResultIterator.java:106)
	at org.apache.flink.streaming.api.operators.collect.CollectResultIterator.hasNext(CollectResultIterator.java:80)
	at org.apache.flink.streaming.api.datastream.DataStream.executeAndCollect(DataStream.java:1365)
	at org.apache.flink.streaming.api.datastream.DataStream.executeAndCollect(DataStream.java:1348)
	at flink.test.testQuery7.testEdgeCaseAtBoundary(testQuery7.java:151)
	at java.base/jdk.internal.reflect.NativeMethodAccessorImpl.invoke0(Native Method)
	at java.base/jdk.internal.reflect.NativeMethodAccessorImpl.invoke(NativeMethodAccessorImpl.java:62)
	at java.base/jdk.internal.reflect.DelegatingMethodAccessorImpl.invoke(DelegatingMethodAccessorImpl.java:43)
	at java.base/java.lang.reflect.Method.invoke(Method.java:566)
	at org.junit.runners.model.FrameworkMethod$1.runReflectiveCall(FrameworkMethod.java:59)
	at org.junit.internal.runners.model.ReflectiveCallable.run(ReflectiveCallable.java:12)
	at org.junit.runners.model.FrameworkMethod.invokeExplosively(FrameworkMethod.java:56)
	at org.junit.internal.runners.statements.InvokeMethod.evaluate(InvokeMethod.java:17)
	at org.junit.runners.ParentRunner$3.evaluate(ParentRunner.java:306)
	at org.junit.runners.BlockJUnit4ClassRunner$1.evaluate(BlockJUnit4ClassRunner.java:100)
	at org.junit.runners.ParentRunner.runLeaf(ParentRunner.java:366)
	at org.junit.runners.BlockJUnit4ClassRunner.runChild(BlockJUnit4ClassRunner.java:103)
	at org.junit.runners.BlockJUnit4ClassRunner.runChild(BlockJUnit4ClassRunner.java:63)
	at org.junit.runners.ParentRunner$4.run(ParentRunner.java:331)
	at org.junit.runners.ParentRunner$1.schedule(ParentRunner.java:79)
	at org.junit.runners.ParentRunner.runChildren(ParentRunner.java:329)
	at org.junit.runners.ParentRunner.access$100(ParentRunner.java:66)
	at org.junit.runners.ParentRunner$2.evaluate(ParentRunner.java:293)
	at org.junit.runners.ParentRunner$3.evaluate(ParentRunner.java:306)
	at org.junit.runners.ParentRunner.run(ParentRunner.java:413)
	at org.apache.maven.surefire.junit4.JUnit4Provider.execute(JUnit4Provider.java:364)
	at org.apache.maven.surefire.junit4.JUnit4Provider.executeWithRerun(JUnit4Provider.java:272)
	at org.apache.maven.surefire.junit4.JUnit4Provider.executeTestSet(JUnit4Provider.java:237)
	at org.apache.maven.surefire.junit4.JUnit4Provider.invoke(JUnit4Provider.java:158)
	at org.apache.maven.surefire.booter.ForkedBooter.runSuitesInProcess(ForkedBooter.java:428)
	at org.apache.maven.surefire.booter.ForkedBooter.execute(ForkedBooter.java:162)
	at org.apache.maven.surefire.booter.ForkedBooter.run(ForkedBooter.java:562)
	at org.apache.maven.surefire.booter.ForkedBooter.main(ForkedBooter.java:548)

Apr 29, 2024 9:25:50 AM org.apache.flink.streaming.api.operators.collect.CollectResultFetcher isJobTerminated
WARNING: Failed to get job status so we assume that the job has terminated. Some data might be lost.
java.lang.IllegalStateException: MiniCluster is not yet running or has already been shut down.
	at org.apache.flink.util.Preconditions.checkState(Preconditions.java:193)
	at org.apache.flink.runtime.minicluster.MiniCluster.getDispatcherGatewayFuture(MiniCluster.java:1069)
	at org.apache.flink.runtime.minicluster.MiniCluster.runDispatcherCommand(MiniCluster.java:942)
	at org.apache.flink.runtime.minicluster.MiniCluster.getJobStatus(MiniCluster.java:866)
	at org.apache.flink.runtime.minicluster.MiniClusterJobClient.getJobStatus(MiniClusterJobClient.java:91)
	at org.apache.flink.streaming.api.operators.collect.CollectResultFetcher.isJobTerminated(CollectResultFetcher.java:211)
	at org.apache.flink.streaming.api.operators.collect.CollectResultFetcher.cancelJob(CollectResultFetcher.java:233)
	at org.apache.flink.streaming.api.operators.collect.CollectResultFetcher.close(CollectResultFetcher.java:158)
	at org.apache.flink.streaming.api.operators.collect.CollectResultIterator.close(CollectResultIterator.java:97)
	at org.apache.flink.streaming.api.operators.collect.ClientAndIterator.close(ClientAndIterator.java:45)
	at org.apache.flink.streaming.api.datastream.DataStream.executeAndCollect(DataStream.java:1371)
	at org.apache.flink.streaming.api.datastream.DataStream.executeAndCollect(DataStream.java:1348)
	at flink.test.testQuery7.testEdgeCaseAtBoundary(testQuery7.java:151)
	at java.base/jdk.internal.reflect.NativeMethodAccessorImpl.invoke0(Native Method)
	at java.base/jdk.internal.reflect.NativeMethodAccessorImpl.invoke(NativeMethodAccessorImpl.java:62)
	at java.base/jdk.internal.reflect.DelegatingMethodAccessorImpl.invoke(DelegatingMethodAccessorImpl.java:43)
	at java.base/java.lang.reflect.Method.invoke(Method.java:566)
	at org.junit.runners.model.FrameworkMethod$1.runReflectiveCall(FrameworkMethod.java:59)
	at org.junit.internal.runners.model.ReflectiveCallable.run(ReflectiveCallable.java:12)
	at org.junit.runners.model.FrameworkMethod.invokeExplosively(FrameworkMethod.java:56)
	at org.junit.internal.runners.statements.InvokeMethod.evaluate(InvokeMethod.java:17)
	at org.junit.runners.ParentRunner$3.evaluate(ParentRunner.java:306)
	at org.junit.runners.BlockJUnit4ClassRunner$1.evaluate(BlockJUnit4ClassRunner.java:100)
	at org.junit.runners.ParentRunner.runLeaf(ParentRunner.java:366)
	at org.junit.runners.BlockJUnit4ClassRunner.runChild(BlockJUnit4ClassRunner.java:103)
	at org.junit.runners.BlockJUnit4ClassRunner.runChild(BlockJUnit4ClassRunner.java:63)
	at org.junit.runners.ParentRunner$4.run(ParentRunner.java:331)
	at org.junit.runners.ParentRunner$1.schedule(ParentRunner.java:79)
	at org.junit.runners.ParentRunner.runChildren(ParentRunner.java:329)
	at org.junit.runners.ParentRunner.access$100(ParentRunner.java:66)
	at org.junit.runners.ParentRunner$2.evaluate(ParentRunner.java:293)
	at org.junit.runners.ParentRunner$3.evaluate(ParentRunner.java:306)
	at org.junit.runners.ParentRunner.run(ParentRunner.java:413)
	at org.apache.maven.surefire.junit4.JUnit4Provider.execute(JUnit4Provider.java:364)
	at org.apache.maven.surefire.junit4.JUnit4Provider.executeWithRerun(JUnit4Provider.java:272)
	at org.apache.maven.surefire.junit4.JUnit4Provider.executeTestSet(JUnit4Provider.java:237)
	at org.apache.maven.surefire.junit4.JUnit4Provider.invoke(JUnit4Provider.java:158)
	at org.apache.maven.surefire.booter.ForkedBooter.runSuitesInProcess(ForkedBooter.java:428)
	at org.apache.maven.surefire.booter.ForkedBooter.execute(ForkedBooter.java:162)
	at org.apache.maven.surefire.booter.ForkedBooter.run(ForkedBooter.java:562)
	at org.apache.maven.surefire.booter.ForkedBooter.main(ForkedBooter.java:548)

]]></system-err>
  </testcase>
  <testcase name="generate1000bidsWithLateData" classname="flink.test.testQuery7" time="1.932">
    <system-err><![CDATA[Apr 29, 2024 9:25:50 AM org.apache.flink.api.java.typeutils.TypeExtractor analyzePojo
INFO: The default constructor of class org.apache.beam.sdk.nexmark.model.Bid is not Public so it cannot be used as a POJO type and must be processed as GenericType. Please read the Flink documentation on "Data Types & Serialization" for details of the effect on performance and schema evolution.
Apr 29, 2024 9:25:50 AM org.apache.flink.api.java.typeutils.runtime.kryo.KryoSerializer getKryoInstance
INFO: Kryo serializer scala extensions are not available.
Apr 29, 2024 9:25:50 AM org.apache.flink.runtime.taskexecutor.TaskExecutorResourceUtils setConfigOptionToDefaultIfNotSet
INFO: The configuration option taskmanager.cpu.cores required for local execution is not set, setting it to the maximal possible value.
Apr 29, 2024 9:25:50 AM org.apache.flink.runtime.taskexecutor.TaskExecutorResourceUtils setConfigOptionToDefaultIfNotSet
INFO: The configuration option taskmanager.memory.task.heap.size required for local execution is not set, setting it to the maximal possible value.
Apr 29, 2024 9:25:50 AM org.apache.flink.runtime.taskexecutor.TaskExecutorResourceUtils setConfigOptionToDefaultIfNotSet
INFO: The configuration option taskmanager.memory.task.off-heap.size required for local execution is not set, setting it to the maximal possible value.
Apr 29, 2024 9:25:50 AM org.apache.flink.runtime.taskexecutor.TaskExecutorResourceUtils setConfigOptionToDefaultIfNotSet
INFO: The configuration option taskmanager.memory.network.min required for local execution is not set, setting it to its default value 64 mb.
Apr 29, 2024 9:25:50 AM org.apache.flink.runtime.taskexecutor.TaskExecutorResourceUtils setConfigOptionToDefaultIfNotSet
INFO: The configuration option taskmanager.memory.network.max required for local execution is not set, setting it to its default value 64 mb.
Apr 29, 2024 9:25:50 AM org.apache.flink.runtime.taskexecutor.TaskExecutorResourceUtils setConfigOptionToDefaultIfNotSet
INFO: The configuration option taskmanager.memory.managed.size required for local execution is not set, setting it to its default value 128 mb.
Apr 29, 2024 9:25:50 AM org.apache.flink.runtime.minicluster.MiniCluster start
INFO: Starting Flink Mini Cluster
Apr 29, 2024 9:25:50 AM org.apache.flink.runtime.minicluster.MiniCluster start
INFO: Starting Metrics Registry
Apr 29, 2024 9:25:50 AM org.apache.flink.runtime.metrics.MetricRegistryImpl <init>
INFO: No metrics reporter configured, no metrics will be exposed/reported.
Apr 29, 2024 9:25:50 AM org.apache.flink.runtime.minicluster.MiniCluster start
INFO: Starting RPC Service(s)
Apr 29, 2024 9:25:50 AM org.apache.flink.runtime.rpc.pekko.ActorSystemBootstrapTools startLocalActorSystem
INFO: Trying to start local actor system
Apr 29, 2024 9:25:51 AM org.apache.pekko.event.slf4j.Slf4jLogger$$anonfun$receive$1 applyOrElse
INFO: Slf4jLogger started
Apr 29, 2024 9:25:51 AM org.apache.flink.runtime.rpc.pekko.ActorSystemBootstrapTools startActorSystem
INFO: Actor system started at pekko://flink
Apr 29, 2024 9:25:51 AM org.apache.flink.runtime.rpc.pekko.ActorSystemBootstrapTools startLocalActorSystem
INFO: Trying to start local actor system
Apr 29, 2024 9:25:51 AM org.apache.pekko.event.slf4j.Slf4jLogger$$anonfun$receive$1 applyOrElse
INFO: Slf4jLogger started
Apr 29, 2024 9:25:51 AM org.apache.flink.runtime.rpc.pekko.ActorSystemBootstrapTools startActorSystem
INFO: Actor system started at pekko://flink-metrics
Apr 29, 2024 9:25:51 AM org.apache.flink.runtime.rpc.pekko.PekkoRpcService startServer
INFO: Starting RPC endpoint for org.apache.flink.runtime.metrics.dump.MetricQueryService at pekko://flink-metrics/user/rpc/MetricQueryService .
Apr 29, 2024 9:25:51 AM org.apache.flink.runtime.security.token.DefaultDelegationTokenManager loadProviders
INFO: Loading delegation token providers
Apr 29, 2024 9:25:51 AM org.apache.flink.runtime.util.HadoopUtils getHadoopConfiguration
WARNING: Could not find Hadoop configuration via any of the supported methods (Flink configuration, environment variables).
Apr 29, 2024 9:25:51 AM org.apache.flink.runtime.security.token.DefaultDelegationTokenManager lambda$loadProviders$0
INFO: Delegation token provider hadoopfs loaded and initialized
Apr 29, 2024 9:25:51 AM org.apache.flink.runtime.util.HadoopUtils getHadoopConfiguration
WARNING: Could not find Hadoop configuration via any of the supported methods (Flink configuration, environment variables).
Apr 29, 2024 9:25:51 AM org.apache.flink.runtime.security.token.DefaultDelegationTokenManager lambda$loadProviders$0
INFO: Delegation token provider hbase loaded and initialized
Apr 29, 2024 9:25:51 AM org.apache.flink.runtime.security.token.DefaultDelegationTokenManager loadProviders
INFO: Delegation token providers loaded successfully
Apr 29, 2024 9:25:51 AM org.apache.flink.runtime.security.token.DelegationTokenReceiverRepository loadReceivers
INFO: Loading delegation token receivers
Apr 29, 2024 9:25:51 AM org.apache.flink.runtime.security.token.DelegationTokenReceiverRepository lambda$loadReceivers$0
INFO: Delegation token receiver hadoopfs loaded and initialized
Apr 29, 2024 9:25:51 AM org.apache.flink.runtime.security.token.DelegationTokenReceiverRepository lambda$loadReceivers$0
INFO: Delegation token receiver hbase loaded and initialized
Apr 29, 2024 9:25:51 AM org.apache.flink.runtime.security.token.DelegationTokenReceiverRepository loadReceivers
INFO: Delegation token receivers loaded successfully
Apr 29, 2024 9:25:51 AM org.apache.flink.runtime.security.token.DefaultDelegationTokenManager checkProviderAndReceiverConsistency
INFO: Checking provider and receiver instances consistency
Apr 29, 2024 9:25:51 AM org.apache.flink.runtime.security.token.DefaultDelegationTokenManager checkProviderAndReceiverConsistency
INFO: Provider and receiver instances are consistent
Apr 29, 2024 9:25:51 AM org.apache.flink.runtime.security.token.DefaultDelegationTokenManager obtainDelegationTokens
INFO: Obtaining delegation tokens
Apr 29, 2024 9:25:51 AM org.apache.flink.runtime.security.token.DefaultDelegationTokenManager obtainDelegationTokens
INFO: Delegation tokens obtained successfully
Apr 29, 2024 9:25:51 AM org.apache.flink.runtime.security.token.DefaultDelegationTokenManager obtainDelegationTokens
WARNING: No tokens obtained so skipping notifications
Apr 29, 2024 9:25:51 AM org.apache.flink.runtime.security.token.DelegationTokenReceiverRepository loadReceivers
INFO: Loading delegation token receivers
Apr 29, 2024 9:25:51 AM org.apache.flink.runtime.security.token.DelegationTokenReceiverRepository lambda$loadReceivers$0
INFO: Delegation token receiver hadoopfs loaded and initialized
Apr 29, 2024 9:25:51 AM org.apache.flink.runtime.security.token.DelegationTokenReceiverRepository lambda$loadReceivers$0
INFO: Delegation token receiver hbase loaded and initialized
Apr 29, 2024 9:25:51 AM org.apache.flink.runtime.security.token.DelegationTokenReceiverRepository loadReceivers
INFO: Delegation token receivers loaded successfully
Apr 29, 2024 9:25:51 AM org.apache.flink.runtime.blob.BlobServer <init>
INFO: Created BLOB server storage directory /var/folders/9y/mg706rlj3cx1fsv47rlmtqq40000gn/T/minicluster_afaf22bfa99e1d6179792b99900553fb/blobStorage
Apr 29, 2024 9:25:51 AM org.apache.flink.runtime.blob.BlobServer <init>
INFO: Started BLOB server at 0.0.0.0:50072 - max concurrent requests: 50 - max backlog: 1000
Apr 29, 2024 9:25:51 AM org.apache.flink.runtime.blob.AbstractBlobCache <init>
INFO: Created BLOB cache storage directory /var/folders/9y/mg706rlj3cx1fsv47rlmtqq40000gn/T/minicluster_afaf22bfa99e1d6179792b99900553fb/blobStorage
Apr 29, 2024 9:25:51 AM org.apache.flink.runtime.blob.AbstractBlobCache <init>
INFO: Created BLOB cache storage directory /var/folders/9y/mg706rlj3cx1fsv47rlmtqq40000gn/T/minicluster_afaf22bfa99e1d6179792b99900553fb/blobStorage
Apr 29, 2024 9:25:51 AM org.apache.flink.runtime.minicluster.MiniCluster startTaskManagers
INFO: Starting 1 TaskManager(s)
Apr 29, 2024 9:25:51 AM org.apache.flink.runtime.taskexecutor.TaskManagerRunner startTaskManager
INFO: Starting TaskManager with ResourceID: 40f44004-a409-4831-9547-00d206363a18
Apr 29, 2024 9:25:51 AM org.apache.flink.runtime.taskexecutor.TaskManagerServices checkTempDirs
INFO: Temporary file directory '/var/folders/9y/mg706rlj3cx1fsv47rlmtqq40000gn/T': total 460 GB, usable 240 GB (52.17% usable)
Apr 29, 2024 9:25:51 AM org.apache.flink.runtime.io.disk.iomanager.IOManager <init>
INFO: Created a new FileChannelManager for spilling of task related data to disk (joins, sorting, ...). Used directories:
	/var/folders/9y/mg706rlj3cx1fsv47rlmtqq40000gn/T/flink-io-8cc6279f-e62d-4fd8-81b2-fdbf072222c7
Apr 29, 2024 9:25:51 AM org.apache.flink.runtime.io.network.NettyShuffleServiceFactory createNettyShuffleEnvironment
INFO: Created a new FileChannelManager for storing result partitions of BLOCKING shuffles. Used directories:
	/var/folders/9y/mg706rlj3cx1fsv47rlmtqq40000gn/T/flink-netty-shuffle-788b8313-c600-46e1-9de6-db3411f7c858
Apr 29, 2024 9:25:51 AM org.apache.flink.runtime.io.network.buffer.NetworkBufferPool <init>
INFO: Allocated 64 MB for network buffer pool (number of memory segments: 2048, bytes per segment: 32768).
Apr 29, 2024 9:25:51 AM org.apache.flink.runtime.io.network.NettyShuffleEnvironment start
INFO: Starting the network environment and its components.
Apr 29, 2024 9:25:51 AM org.apache.flink.runtime.taskexecutor.KvStateService start
INFO: Starting the kvState service and its components.
Apr 29, 2024 9:25:51 AM org.apache.flink.configuration.Configuration loggingFallback
INFO: Config uses fallback configuration key 'pekko.ask.timeout' instead of key 'taskmanager.slot.timeout'
Apr 29, 2024 9:25:51 AM org.apache.flink.runtime.rpc.pekko.PekkoRpcService startServer
INFO: Starting RPC endpoint for org.apache.flink.runtime.taskexecutor.TaskExecutor at pekko://flink/user/rpc/taskmanager_60 .
Apr 29, 2024 9:25:51 AM org.apache.flink.runtime.taskexecutor.DefaultJobLeaderService start
INFO: Start job leader service.
Apr 29, 2024 9:25:51 AM org.apache.flink.runtime.filecache.FileCache <init>
INFO: User file cache uses directory /var/folders/9y/mg706rlj3cx1fsv47rlmtqq40000gn/T/flink-dist-cache-e2021712-5645-44ef-aaa3-845d4b42fe75
Apr 29, 2024 9:25:51 AM org.apache.flink.runtime.rest.RestServerEndpoint start
INFO: Starting rest endpoint.
Apr 29, 2024 9:25:51 AM org.apache.flink.runtime.webmonitor.WebMonitorUtils$LogFileLocation find
WARNING: Log file environment variable 'log.file' is not set.
Apr 29, 2024 9:25:51 AM org.apache.flink.runtime.webmonitor.WebMonitorUtils$LogFileLocation find
WARNING: JobManager log files are unavailable in the web dashboard. Log file location not found in environment variable 'log.file' or configuration key 'web.log.path'.
Apr 29, 2024 9:25:51 AM org.apache.flink.runtime.rest.RestServerEndpoint start
INFO: Rest endpoint listening at localhost:50073
Apr 29, 2024 9:25:51 AM org.apache.flink.runtime.highavailability.nonha.embedded.EmbeddedLeaderService updateLeader
INFO: Proposing leadership to the contender that is registered under component ID 'rest_server'.
Apr 29, 2024 9:25:51 AM org.apache.flink.runtime.webmonitor.WebMonitorEndpoint startInternal
INFO: Web frontend listening at http://localhost:50073.
Apr 29, 2024 9:25:51 AM org.apache.flink.runtime.webmonitor.WebMonitorEndpoint grantLeadership
INFO: http://localhost:50073 was granted leadership with leaderSessionID=fa6d5a89-310a-4e7a-ba3b-d312e0247011
Apr 29, 2024 9:25:51 AM org.apache.flink.runtime.highavailability.nonha.embedded.EmbeddedLeaderService confirmLeader
INFO: Received confirmation of leadership for leader http://localhost:50073 , session=fa6d5a89-310a-4e7a-ba3b-d312e0247011
Apr 29, 2024 9:25:51 AM org.apache.flink.runtime.highavailability.nonha.embedded.EmbeddedLeaderService updateLeader
INFO: Proposing leadership to the contender that is registered under component ID 'dispatcher'.
Apr 29, 2024 9:25:51 AM org.apache.flink.runtime.resourcemanager.ResourceManagerServiceImpl start
INFO: Starting resource manager service.
Apr 29, 2024 9:25:51 AM org.apache.flink.runtime.dispatcher.runner.DefaultDispatcherRunner lambda$grantLeadership$0
INFO: DefaultDispatcherRunner was granted leadership with leader id 5990e022-1436-424a-8556-a85edf93888c. Creating new DispatcherLeaderProcess.
Apr 29, 2024 9:25:51 AM org.apache.flink.runtime.highavailability.nonha.embedded.EmbeddedLeaderService updateLeader
INFO: Proposing leadership to the contender that is registered under component ID 'resource_manager'.
Apr 29, 2024 9:25:51 AM org.apache.flink.runtime.dispatcher.runner.AbstractDispatcherLeaderProcess startInternal
INFO: Start SessionDispatcherLeaderProcess.
Apr 29, 2024 9:25:51 AM org.apache.flink.runtime.minicluster.MiniCluster start
INFO: Flink Mini Cluster started successfully
Apr 29, 2024 9:25:51 AM org.apache.flink.runtime.dispatcher.runner.SessionDispatcherLeaderProcess recoverJobs
INFO: Recover all persisted job graphs that are not finished, yet.
Apr 29, 2024 9:25:51 AM org.apache.flink.runtime.resourcemanager.ResourceManagerServiceImpl lambda$grantLeadership$2
INFO: Resource manager service is granted leadership with session id ea6cc713-bff2-401b-a417-5afe3c0a7ebd.
Apr 29, 2024 9:25:51 AM org.apache.flink.runtime.dispatcher.runner.SessionDispatcherLeaderProcess recoverJobs
INFO: Successfully recovered 0 persisted job graphs.
Apr 29, 2024 9:25:51 AM org.apache.flink.runtime.rpc.pekko.PekkoRpcService startServer
INFO: Starting RPC endpoint for org.apache.flink.runtime.resourcemanager.StandaloneResourceManager at pekko://flink/user/rpc/resourcemanager_61 .
Apr 29, 2024 9:25:51 AM org.apache.flink.runtime.rpc.pekko.PekkoRpcService startServer
INFO: Starting RPC endpoint for org.apache.flink.runtime.dispatcher.StandaloneDispatcher at pekko://flink/user/rpc/dispatcher_62 .
Apr 29, 2024 9:25:51 AM org.apache.flink.runtime.resourcemanager.ResourceManager onStart
INFO: Starting the resource manager.
Apr 29, 2024 9:25:51 AM org.apache.flink.runtime.resourcemanager.slotmanager.FineGrainedSlotManager start
INFO: Starting the slot manager.
Apr 29, 2024 9:25:51 AM org.apache.flink.runtime.security.token.DefaultDelegationTokenManager startTokensUpdate
INFO: Starting tokens update task
Apr 29, 2024 9:25:51 AM org.apache.flink.runtime.security.token.DefaultDelegationTokenManager startTokensUpdate
WARNING: No tokens obtained so skipping notifications
Apr 29, 2024 9:25:51 AM org.apache.flink.runtime.security.token.DefaultDelegationTokenManager startTokensUpdate
WARNING: Tokens update task not started because either no tokens obtained or none of the tokens specified its renewal date
Apr 29, 2024 9:25:51 AM org.apache.flink.runtime.highavailability.nonha.embedded.EmbeddedLeaderService confirmLeader
INFO: Received confirmation of leadership for leader pekko://flink/user/rpc/dispatcher_62 , session=5990e022-1436-424a-8556-a85edf93888c
Apr 29, 2024 9:25:51 AM org.apache.flink.runtime.highavailability.nonha.embedded.EmbeddedLeaderService confirmLeader
INFO: Received confirmation of leadership for leader pekko://flink/user/rpc/resourcemanager_61 , session=ea6cc713-bff2-401b-a417-5afe3c0a7ebd
Apr 29, 2024 9:25:51 AM org.apache.flink.runtime.taskexecutor.TaskExecutor connectToResourceManager
INFO: Connecting to ResourceManager pekko://flink/user/rpc/resourcemanager_61(a4175afe3c0a7ebdea6cc713bff2401b).
Apr 29, 2024 9:25:51 AM org.apache.flink.runtime.registration.RetryingRegistration lambda$startRegistration$0
INFO: Resolved ResourceManager address, beginning registration
Apr 29, 2024 9:25:51 AM org.apache.flink.runtime.dispatcher.Dispatcher submitJob
INFO: Received JobGraph submission 'Flink Streaming Job' (ca585fe29a6c82278703cdb18b09c754).
Apr 29, 2024 9:25:51 AM org.apache.flink.runtime.dispatcher.Dispatcher internalSubmitJob
INFO: Submitting job 'Flink Streaming Job' (ca585fe29a6c82278703cdb18b09c754).
Apr 29, 2024 9:25:51 AM org.apache.flink.runtime.resourcemanager.ResourceManager registerTaskExecutorInternal
INFO: Registering TaskManager with ResourceID 40f44004-a409-4831-9547-00d206363a18 (pekko://flink/user/rpc/taskmanager_60) at ResourceManager
Apr 29, 2024 9:25:51 AM org.apache.flink.runtime.highavailability.nonha.embedded.EmbeddedLeaderService updateLeader
INFO: Proposing leadership to the contender that is registered under component ID 'job-ca585fe29a6c82278703cdb18b09c754'.
Apr 29, 2024 9:25:51 AM org.apache.flink.runtime.jobmaster.JobMasterServiceLeadershipRunner createNewJobMasterServiceProcess
INFO: JobMasterServiceLeadershipRunner for job ca585fe29a6c82278703cdb18b09c754 was granted leadership with leader id a2cc0759-c920-47c9-8282-b14016de2f33. Creating new JobMasterServiceProcess.
Apr 29, 2024 9:25:51 AM org.apache.flink.runtime.taskexecutor.TaskExecutorToResourceManagerConnection onRegistrationSuccess
INFO: Successful registration at resource manager pekko://flink/user/rpc/resourcemanager_61 under registration id c8227ad9f8d9f35aa4489cd6fb6a7a4b.
Apr 29, 2024 9:25:51 AM org.apache.flink.runtime.resourcemanager.slotmanager.FineGrainedSlotManager registerTaskManager
INFO: Registering task executor 40f44004-a409-4831-9547-00d206363a18 under c8227ad9f8d9f35aa4489cd6fb6a7a4b at the slot manager.
Apr 29, 2024 9:25:51 AM org.apache.flink.runtime.rpc.pekko.PekkoRpcService startServer
INFO: Starting RPC endpoint for org.apache.flink.runtime.jobmaster.JobMaster at pekko://flink/user/rpc/jobmanager_63 .
Apr 29, 2024 9:25:51 AM org.apache.flink.runtime.jobmaster.JobMaster <init>
INFO: Initializing job 'Flink Streaming Job' (ca585fe29a6c82278703cdb18b09c754).
Apr 29, 2024 9:25:51 AM org.apache.flink.runtime.scheduler.DefaultSchedulerFactory createInstance
INFO: Using restart back off time strategy FixedDelayRestartBackoffTimeStrategy(maxNumberRestartAttempts=2147483647, backoffTimeMS=1000) for Flink Streaming Job (ca585fe29a6c82278703cdb18b09c754).
Apr 29, 2024 9:25:51 AM org.apache.flink.runtime.executiongraph.DefaultExecutionGraph <init>
INFO: Created execution graph dc10d553b6367f1cf19ea9eebf655f5a for job ca585fe29a6c82278703cdb18b09c754.
Apr 29, 2024 9:25:51 AM org.apache.flink.runtime.executiongraph.DefaultExecutionGraphBuilder buildGraph
INFO: Running initialization on master for job Flink Streaming Job (ca585fe29a6c82278703cdb18b09c754).
Apr 29, 2024 9:25:51 AM org.apache.flink.runtime.executiongraph.DefaultExecutionGraphBuilder buildGraph
INFO: Successfully ran initialization on master in 0 ms.
Apr 29, 2024 9:25:51 AM org.apache.flink.runtime.scheduler.adapter.DefaultExecutionTopology generateNewPipelinedRegions
INFO: Built 1 new pipelined regions in 0 ms, total 1 pipelined regions currently.
Apr 29, 2024 9:25:51 AM org.apache.flink.runtime.state.StateBackendLoader loadFromApplicationOrConfigOrDefaultInternal
INFO: No state backend has been configured, using default (HashMap) org.apache.flink.runtime.state.hashmap.HashMapStateBackend@58ec9a62
Apr 29, 2024 9:25:51 AM org.apache.flink.runtime.state.StateBackendLoader fromApplicationOrConfigOrDefault
INFO: State backend loader loads the state backend as HashMapStateBackend
Apr 29, 2024 9:25:51 AM org.apache.flink.runtime.state.CheckpointStorageLoader createJobManagerCheckpointStorage
INFO: Checkpoint storage is set to 'jobmanager'
Apr 29, 2024 9:25:51 AM org.apache.flink.runtime.checkpoint.CheckpointCoordinator restoreLatestCheckpointedStateInternal
INFO: No checkpoint found during restore.
Apr 29, 2024 9:25:51 AM org.apache.flink.runtime.scheduler.DefaultScheduler <init>
INFO: Using failover strategy org.apache.flink.runtime.executiongraph.failover.flip1.RestartPipelinedRegionFailoverStrategy@52380f1a for Flink Streaming Job (ca585fe29a6c82278703cdb18b09c754).
Apr 29, 2024 9:25:51 AM org.apache.flink.runtime.highavailability.nonha.embedded.EmbeddedLeaderService confirmLeader
INFO: Received confirmation of leadership for leader pekko://flink/user/rpc/jobmanager_63 , session=a2cc0759-c920-47c9-8282-b14016de2f33
Apr 29, 2024 9:25:51 AM org.apache.flink.runtime.jobmaster.JobMaster startJobExecution
INFO: Starting execution of job 'Flink Streaming Job' (ca585fe29a6c82278703cdb18b09c754) under job master id 8282b14016de2f33a2cc0759c92047c9.
Apr 29, 2024 9:25:51 AM org.apache.flink.runtime.scheduler.DefaultScheduler startSchedulingInternal
INFO: Starting scheduling with scheduling strategy [org.apache.flink.runtime.scheduler.strategy.PipelinedRegionSchedulingStrategy]
Apr 29, 2024 9:25:51 AM org.apache.flink.runtime.executiongraph.DefaultExecutionGraph transitionState
INFO: Job Flink Streaming Job (ca585fe29a6c82278703cdb18b09c754) switched from state CREATED to RUNNING.
Apr 29, 2024 9:25:51 AM org.apache.flink.runtime.executiongraph.Execution transitionState
INFO: Source: Collection Source -> Timestamps/Watermarks (1/1) (dc10d553b6367f1cf19ea9eebf655f5a_cbc357ccb763df2852fee8c4fc7d55f2_0_0) switched from CREATED to SCHEDULED.
Apr 29, 2024 9:25:51 AM org.apache.flink.runtime.executiongraph.Execution transitionState
INFO: TumblingEventTimeWindows (1/1) (dc10d553b6367f1cf19ea9eebf655f5a_9dd63673dd41ea021b896d5203f3ba7c_0_0) switched from CREATED to SCHEDULED.
Apr 29, 2024 9:25:51 AM org.apache.flink.runtime.jobmaster.JobMaster connectToResourceManager
INFO: Connecting to ResourceManager pekko://flink/user/rpc/resourcemanager_61(a4175afe3c0a7ebdea6cc713bff2401b)
Apr 29, 2024 9:25:51 AM org.apache.flink.runtime.registration.RetryingRegistration lambda$startRegistration$0
INFO: Resolved ResourceManager address, beginning registration
Apr 29, 2024 9:25:51 AM org.apache.flink.runtime.resourcemanager.ResourceManager registerJobMaster
INFO: Registering job manager 8282b14016de2f33a2cc0759c92047c9@pekko://flink/user/rpc/jobmanager_63 for job ca585fe29a6c82278703cdb18b09c754.
Apr 29, 2024 9:25:51 AM org.apache.flink.runtime.resourcemanager.ResourceManager registerJobMasterInternal
INFO: Registered job manager 8282b14016de2f33a2cc0759c92047c9@pekko://flink/user/rpc/jobmanager_63 for job ca585fe29a6c82278703cdb18b09c754.
Apr 29, 2024 9:25:51 AM org.apache.flink.runtime.jobmaster.JobMaster establishResourceManagerConnection
INFO: JobManager successfully registered at ResourceManager, leader id: a4175afe3c0a7ebdea6cc713bff2401b.
Apr 29, 2024 9:25:51 AM org.apache.flink.runtime.resourcemanager.slotmanager.FineGrainedSlotManager processResourceRequirements
INFO: Received resource requirements from job ca585fe29a6c82278703cdb18b09c754: [ResourceRequirement{resourceProfile=ResourceProfile{UNKNOWN}, numberOfRequiredSlots=1}]
Apr 29, 2024 9:25:51 AM org.apache.flink.runtime.resourcemanager.slotmanager.FineGrainedSlotManager logMissingAndAvailableResource
INFO: Matching resource requirements against available resources.
Missing resources:
	 Job ca585fe29a6c82278703cdb18b09c754
		ResourceRequirement{resourceProfile=ResourceProfile{UNKNOWN}, numberOfRequiredSlots=1}
Current resources:
	TaskManager 40f44004-a409-4831-9547-00d206363a18
		Available: ResourceProfile{taskHeapMemory=1024.000gb (1099511627776 bytes), taskOffHeapMemory=1024.000gb (1099511627776 bytes), managedMemory=128.000mb (134217728 bytes), networkMemory=64.000mb (67108864 bytes)}
		Total:     ResourceProfile{taskHeapMemory=1024.000gb (1099511627776 bytes), taskOffHeapMemory=1024.000gb (1099511627776 bytes), managedMemory=128.000mb (134217728 bytes), networkMemory=64.000mb (67108864 bytes)}
Apr 29, 2024 9:25:51 AM org.apache.flink.runtime.resourcemanager.slotmanager.DefaultSlotStatusSyncer allocateSlot
INFO: Starting allocation of slot 66eb53c67fff6133f2a2017305a32c85 from 40f44004-a409-4831-9547-00d206363a18 for job ca585fe29a6c82278703cdb18b09c754 with resource profile ResourceProfile{taskHeapMemory=1024.000gb (1099511627776 bytes), taskOffHeapMemory=1024.000gb (1099511627776 bytes), managedMemory=128.000mb (134217728 bytes), networkMemory=64.000mb (67108864 bytes)}.
Apr 29, 2024 9:25:51 AM org.apache.flink.runtime.taskexecutor.TaskExecutor requestSlot
INFO: Receive slot request 66eb53c67fff6133f2a2017305a32c85 for job ca585fe29a6c82278703cdb18b09c754 from resource manager with leader id a4175afe3c0a7ebdea6cc713bff2401b.
Apr 29, 2024 9:25:51 AM org.apache.flink.runtime.taskexecutor.slot.TaskSlotTableImpl allocateSlot
INFO: Allocated slot for 66eb53c67fff6133f2a2017305a32c85 with resources ResourceProfile{taskHeapMemory=1024.000gb (1099511627776 bytes), taskOffHeapMemory=1024.000gb (1099511627776 bytes), managedMemory=128.000mb (134217728 bytes), networkMemory=64.000mb (67108864 bytes)}.
Apr 29, 2024 9:25:51 AM org.apache.flink.runtime.taskexecutor.DefaultJobLeaderService addJob
INFO: Add job ca585fe29a6c82278703cdb18b09c754 for job leader monitoring.
Apr 29, 2024 9:25:51 AM org.apache.flink.runtime.taskexecutor.DefaultJobLeaderService$JobManagerLeaderListener openRpcConnectionTo
INFO: Try to register at job manager pekko://flink/user/rpc/jobmanager_63 with leader id a2cc0759-c920-47c9-8282-b14016de2f33.
Apr 29, 2024 9:25:51 AM org.apache.flink.runtime.registration.RetryingRegistration lambda$startRegistration$0
INFO: Resolved JobManager address, beginning registration
Apr 29, 2024 9:25:51 AM org.apache.flink.runtime.taskexecutor.DefaultJobLeaderService$JobManagerLeaderListener$JobManagerRegisteredRpcConnection lambda$onRegistrationSuccess$0
INFO: Successful registration at job manager pekko://flink/user/rpc/jobmanager_63 for job ca585fe29a6c82278703cdb18b09c754.
Apr 29, 2024 9:25:51 AM org.apache.flink.runtime.taskexecutor.TaskExecutor establishJobManagerConnection
INFO: Establish JobManager connection for job ca585fe29a6c82278703cdb18b09c754.
Apr 29, 2024 9:25:51 AM org.apache.flink.runtime.taskexecutor.TaskExecutor internalOfferSlotsToJobManager
INFO: Offer reserved slots to the leader of job ca585fe29a6c82278703cdb18b09c754.
Apr 29, 2024 9:25:51 AM org.apache.flink.runtime.executiongraph.Execution transitionState
INFO: Source: Collection Source -> Timestamps/Watermarks (1/1) (dc10d553b6367f1cf19ea9eebf655f5a_cbc357ccb763df2852fee8c4fc7d55f2_0_0) switched from SCHEDULED to DEPLOYING.
Apr 29, 2024 9:25:51 AM org.apache.flink.runtime.executiongraph.Execution deploy
INFO: Deploying Source: Collection Source -> Timestamps/Watermarks (1/1) (attempt #0) with attempt id dc10d553b6367f1cf19ea9eebf655f5a_cbc357ccb763df2852fee8c4fc7d55f2_0_0 and vertex id cbc357ccb763df2852fee8c4fc7d55f2_0 to 40f44004-a409-4831-9547-00d206363a18 @ localhost (dataPort=-1) with allocation id 66eb53c67fff6133f2a2017305a32c85
Apr 29, 2024 9:25:51 AM org.apache.flink.runtime.executiongraph.Execution transitionState
INFO: TumblingEventTimeWindows (1/1) (dc10d553b6367f1cf19ea9eebf655f5a_9dd63673dd41ea021b896d5203f3ba7c_0_0) switched from SCHEDULED to DEPLOYING.
Apr 29, 2024 9:25:51 AM org.apache.flink.runtime.taskexecutor.slot.TaskSlotTableImpl markExistingSlotActive
INFO: Activate slot 66eb53c67fff6133f2a2017305a32c85.
Apr 29, 2024 9:25:51 AM org.apache.flink.runtime.executiongraph.Execution deploy
INFO: Deploying TumblingEventTimeWindows (1/1) (attempt #0) with attempt id dc10d553b6367f1cf19ea9eebf655f5a_9dd63673dd41ea021b896d5203f3ba7c_0_0 and vertex id 9dd63673dd41ea021b896d5203f3ba7c_0 to 40f44004-a409-4831-9547-00d206363a18 @ localhost (dataPort=-1) with allocation id 66eb53c67fff6133f2a2017305a32c85
Apr 29, 2024 9:25:51 AM org.apache.flink.runtime.state.changelog.StateChangelogStorageLoader load
INFO: Creating a changelog storage with name 'memory'.
Apr 29, 2024 9:25:51 AM org.apache.flink.runtime.state.TaskExecutorChannelStateExecutorFactoryManager getOrCreateExecutorFactory
INFO: Creating the channel state executor factory for job id ca585fe29a6c82278703cdb18b09c754
Apr 29, 2024 9:25:51 AM org.apache.flink.runtime.taskexecutor.TaskExecutor submitTask
INFO: Received task Source: Collection Source -> Timestamps/Watermarks (1/1)#0 (dc10d553b6367f1cf19ea9eebf655f5a_cbc357ccb763df2852fee8c4fc7d55f2_0_0), deploy into slot with allocation id 66eb53c67fff6133f2a2017305a32c85.
Apr 29, 2024 9:25:51 AM org.apache.flink.runtime.taskmanager.Task transitionState
INFO: Source: Collection Source -> Timestamps/Watermarks (1/1)#0 (dc10d553b6367f1cf19ea9eebf655f5a_cbc357ccb763df2852fee8c4fc7d55f2_0_0) switched from CREATED to DEPLOYING.
Apr 29, 2024 9:25:51 AM org.apache.flink.runtime.taskexecutor.slot.TaskSlotTableImpl markExistingSlotActive
INFO: Activate slot 66eb53c67fff6133f2a2017305a32c85.
Apr 29, 2024 9:25:51 AM org.apache.flink.runtime.taskmanager.Task doRun
INFO: Loading JAR files for task Source: Collection Source -> Timestamps/Watermarks (1/1)#0 (dc10d553b6367f1cf19ea9eebf655f5a_cbc357ccb763df2852fee8c4fc7d55f2_0_0) [DEPLOYING].
Apr 29, 2024 9:25:51 AM org.apache.flink.runtime.state.StateBackendLoader loadFromApplicationOrConfigOrDefaultInternal
INFO: No state backend has been configured, using default (HashMap) org.apache.flink.runtime.state.hashmap.HashMapStateBackend@7f8a8357
Apr 29, 2024 9:25:51 AM org.apache.flink.runtime.state.StateBackendLoader fromApplicationOrConfigOrDefault
INFO: State backend loader loads the state backend as HashMapStateBackend
Apr 29, 2024 9:25:51 AM org.apache.flink.runtime.taskexecutor.TaskExecutor submitTask
INFO: Received task TumblingEventTimeWindows (1/1)#0 (dc10d553b6367f1cf19ea9eebf655f5a_9dd63673dd41ea021b896d5203f3ba7c_0_0), deploy into slot with allocation id 66eb53c67fff6133f2a2017305a32c85.
Apr 29, 2024 9:25:51 AM org.apache.flink.runtime.state.CheckpointStorageLoader createJobManagerCheckpointStorage
INFO: Checkpoint storage is set to 'jobmanager'
Apr 29, 2024 9:25:51 AM org.apache.flink.runtime.taskmanager.Task transitionState
INFO: Source: Collection Source -> Timestamps/Watermarks (1/1)#0 (dc10d553b6367f1cf19ea9eebf655f5a_cbc357ccb763df2852fee8c4fc7d55f2_0_0) switched from DEPLOYING to INITIALIZING.
Apr 29, 2024 9:25:51 AM org.apache.flink.runtime.taskmanager.Task transitionState
INFO: TumblingEventTimeWindows (1/1)#0 (dc10d553b6367f1cf19ea9eebf655f5a_9dd63673dd41ea021b896d5203f3ba7c_0_0) switched from CREATED to DEPLOYING.
Apr 29, 2024 9:25:51 AM org.apache.flink.runtime.taskexecutor.slot.TaskSlotTableImpl markExistingSlotActive
INFO: Activate slot 66eb53c67fff6133f2a2017305a32c85.
Apr 29, 2024 9:25:51 AM org.apache.flink.runtime.executiongraph.Execution transitionState
INFO: Source: Collection Source -> Timestamps/Watermarks (1/1) (dc10d553b6367f1cf19ea9eebf655f5a_cbc357ccb763df2852fee8c4fc7d55f2_0_0) switched from DEPLOYING to INITIALIZING.
Apr 29, 2024 9:25:51 AM org.apache.flink.runtime.taskmanager.Task doRun
INFO: Loading JAR files for task TumblingEventTimeWindows (1/1)#0 (dc10d553b6367f1cf19ea9eebf655f5a_9dd63673dd41ea021b896d5203f3ba7c_0_0) [DEPLOYING].
Apr 29, 2024 9:25:51 AM org.apache.flink.runtime.state.StateBackendLoader loadFromApplicationOrConfigOrDefaultInternal
INFO: No state backend has been configured, using default (HashMap) org.apache.flink.runtime.state.hashmap.HashMapStateBackend@5fd50951
Apr 29, 2024 9:25:51 AM org.apache.flink.runtime.state.StateBackendLoader fromApplicationOrConfigOrDefault
INFO: State backend loader loads the state backend as HashMapStateBackend
Apr 29, 2024 9:25:51 AM org.apache.flink.runtime.state.CheckpointStorageLoader createJobManagerCheckpointStorage
INFO: Checkpoint storage is set to 'jobmanager'
Apr 29, 2024 9:25:51 AM org.apache.flink.runtime.taskmanager.Task transitionState
INFO: TumblingEventTimeWindows (1/1)#0 (dc10d553b6367f1cf19ea9eebf655f5a_9dd63673dd41ea021b896d5203f3ba7c_0_0) switched from DEPLOYING to INITIALIZING.
Apr 29, 2024 9:25:51 AM org.apache.flink.runtime.executiongraph.Execution transitionState
INFO: TumblingEventTimeWindows (1/1) (dc10d553b6367f1cf19ea9eebf655f5a_9dd63673dd41ea021b896d5203f3ba7c_0_0) switched from DEPLOYING to INITIALIZING.
Apr 29, 2024 9:25:51 AM org.apache.flink.runtime.taskmanager.Task transitionState
INFO: Source: Collection Source -> Timestamps/Watermarks (1/1)#0 (dc10d553b6367f1cf19ea9eebf655f5a_cbc357ccb763df2852fee8c4fc7d55f2_0_0) switched from INITIALIZING to RUNNING.
Apr 29, 2024 9:25:51 AM org.apache.flink.runtime.state.heap.HeapKeyedStateBackendBuilder restoreState
INFO: Finished to build heap keyed state-backend.
Apr 29, 2024 9:25:51 AM org.apache.flink.runtime.state.heap.HeapKeyedStateBackend <init>
INFO: Initializing heap keyed state backend with stream factory.
Apr 29, 2024 9:25:51 AM org.apache.flink.runtime.executiongraph.Execution transitionState
INFO: Source: Collection Source -> Timestamps/Watermarks (1/1) (dc10d553b6367f1cf19ea9eebf655f5a_cbc357ccb763df2852fee8c4fc7d55f2_0_0) switched from INITIALIZING to RUNNING.
Apr 29, 2024 9:25:51 AM org.apache.flink.api.java.typeutils.runtime.kryo.KryoSerializer getKryoInstance
INFO: Kryo serializer scala extensions are not available.
Apr 29, 2024 9:25:51 AM org.apache.flink.runtime.taskmanager.Task transitionState
INFO: TumblingEventTimeWindows (1/1)#0 (dc10d553b6367f1cf19ea9eebf655f5a_9dd63673dd41ea021b896d5203f3ba7c_0_0) switched from INITIALIZING to RUNNING.
Apr 29, 2024 9:25:51 AM org.apache.flink.api.java.typeutils.runtime.kryo.KryoSerializer getKryoInstance
INFO: Kryo serializer scala extensions are not available.
Apr 29, 2024 9:25:51 AM org.apache.flink.runtime.executiongraph.Execution transitionState
INFO: TumblingEventTimeWindows (1/1) (dc10d553b6367f1cf19ea9eebf655f5a_9dd63673dd41ea021b896d5203f3ba7c_0_0) switched from INITIALIZING to RUNNING.
Apr 29, 2024 9:25:51 AM org.apache.flink.api.java.typeutils.runtime.kryo.KryoSerializer getKryoInstance
INFO: Kryo serializer scala extensions are not available.
Apr 29, 2024 9:25:51 AM org.apache.flink.api.java.typeutils.runtime.kryo.KryoSerializer getKryoInstance
INFO: Kryo serializer scala extensions are not available.
Apr 29, 2024 9:25:51 AM org.apache.flink.runtime.scheduler.SchedulerBase triggerCheckpoint
INFO: Triggering a manual checkpoint for job ca585fe29a6c82278703cdb18b09c754.
Apr 29, 2024 9:25:51 AM org.apache.flink.runtime.checkpoint.CheckpointCoordinator createPendingCheckpoint
INFO: Triggering checkpoint 1 (type=CheckpointType{name='Checkpoint', sharingFilesStrategy=FORWARD_BACKWARD}) @ 1714397151271 for job ca585fe29a6c82278703cdb18b09c754.
Apr 29, 2024 9:25:51 AM org.apache.flink.runtime.checkpoint.CheckpointCoordinator logCheckpointInfo
INFO: Completed checkpoint 1 for job ca585fe29a6c82278703cdb18b09c754 (4591 bytes, checkpointDuration=4 ms, finalizationTime=2 ms).
Apr 29, 2024 9:25:51 AM org.apache.flink.runtime.taskmanager.Task transitionState
INFO: Source: Collection Source -> Timestamps/Watermarks (1/1)#0 (dc10d553b6367f1cf19ea9eebf655f5a_cbc357ccb763df2852fee8c4fc7d55f2_0_0) switched from RUNNING to FINISHED.
Apr 29, 2024 9:25:51 AM org.apache.flink.runtime.taskmanager.Task doRun
INFO: Freeing task resources for Source: Collection Source -> Timestamps/Watermarks (1/1)#0 (dc10d553b6367f1cf19ea9eebf655f5a_cbc357ccb763df2852fee8c4fc7d55f2_0_0).
Apr 29, 2024 9:25:51 AM org.apache.flink.runtime.taskexecutor.TaskExecutor unregisterTaskAndNotifyFinalState
INFO: Un-registering task and sending final execution state FINISHED to JobManager for task Source: Collection Source -> Timestamps/Watermarks (1/1)#0 dc10d553b6367f1cf19ea9eebf655f5a_cbc357ccb763df2852fee8c4fc7d55f2_0_0.
Apr 29, 2024 9:25:51 AM org.apache.flink.runtime.taskmanager.Task transitionState
INFO: TumblingEventTimeWindows (1/1)#0 (dc10d553b6367f1cf19ea9eebf655f5a_9dd63673dd41ea021b896d5203f3ba7c_0_0) switched from RUNNING to FINISHED.
Apr 29, 2024 9:25:51 AM org.apache.flink.runtime.taskmanager.Task doRun
INFO: Freeing task resources for TumblingEventTimeWindows (1/1)#0 (dc10d553b6367f1cf19ea9eebf655f5a_9dd63673dd41ea021b896d5203f3ba7c_0_0).
Apr 29, 2024 9:25:51 AM org.apache.flink.runtime.executiongraph.Execution transitionState
INFO: Source: Collection Source -> Timestamps/Watermarks (1/1) (dc10d553b6367f1cf19ea9eebf655f5a_cbc357ccb763df2852fee8c4fc7d55f2_0_0) switched from RUNNING to FINISHED.
Apr 29, 2024 9:25:51 AM org.apache.flink.runtime.taskexecutor.TaskExecutor unregisterTaskAndNotifyFinalState
INFO: Un-registering task and sending final execution state FINISHED to JobManager for task TumblingEventTimeWindows (1/1)#0 dc10d553b6367f1cf19ea9eebf655f5a_9dd63673dd41ea021b896d5203f3ba7c_0_0.
Apr 29, 2024 9:25:51 AM org.apache.flink.runtime.executiongraph.Execution transitionState
INFO: TumblingEventTimeWindows (1/1) (dc10d553b6367f1cf19ea9eebf655f5a_9dd63673dd41ea021b896d5203f3ba7c_0_0) switched from RUNNING to FINISHED.
Apr 29, 2024 9:25:51 AM org.apache.flink.runtime.executiongraph.DefaultExecutionGraph transitionState
INFO: Job Flink Streaming Job (ca585fe29a6c82278703cdb18b09c754) switched from state RUNNING to FINISHED.
Apr 29, 2024 9:25:51 AM org.apache.flink.runtime.resourcemanager.slotmanager.FineGrainedSlotManager processResourceRequirements
INFO: Clearing resource requirements of job ca585fe29a6c82278703cdb18b09c754
Apr 29, 2024 9:25:51 AM org.apache.flink.runtime.checkpoint.CheckpointCoordinator shutdown
INFO: Stopping checkpoint coordinator for job ca585fe29a6c82278703cdb18b09c754.
Apr 29, 2024 9:25:51 AM org.apache.flink.runtime.minicluster.MiniCluster closeInternal
INFO: Shutting down Flink Mini Cluster
Apr 29, 2024 9:25:51 AM org.apache.flink.runtime.dispatcher.Dispatcher jobReachedTerminalState
INFO: Job ca585fe29a6c82278703cdb18b09c754 reached terminal state FINISHED.
Apr 29, 2024 9:25:51 AM org.apache.flink.runtime.rest.RestServerEndpoint closeAsync
INFO: Shutting down rest endpoint.
Apr 29, 2024 9:25:51 AM org.apache.flink.runtime.dispatcher.Dispatcher lambda$registerGloballyTerminatedJobInJobResultStore$42
INFO: Job ca585fe29a6c82278703cdb18b09c754 has been registered for cleanup in the JobResultStore after reaching a terminal state.
Apr 29, 2024 9:25:51 AM org.apache.flink.runtime.taskexecutor.TaskExecutor onStop
INFO: Stopping TaskExecutor pekko://flink/user/rpc/taskmanager_60.
Apr 29, 2024 9:25:51 AM org.apache.flink.runtime.taskexecutor.TaskExecutor closeResourceManagerConnection
INFO: Close ResourceManager connection 13a93839de348204bc5fc8fff535e138.
Apr 29, 2024 9:25:51 AM org.apache.flink.runtime.taskexecutor.TaskExecutor disconnectJobManagerConnection
INFO: Close JobManager connection for job ca585fe29a6c82278703cdb18b09c754.
Apr 29, 2024 9:25:51 AM org.apache.flink.runtime.jobmaster.JobMaster onStop
INFO: Stopping the JobMaster for job 'Flink Streaming Job' (ca585fe29a6c82278703cdb18b09c754).
Apr 29, 2024 9:25:51 AM org.apache.flink.runtime.resourcemanager.ResourceManager closeTaskManagerConnection
INFO: Closing TaskExecutor connection 40f44004-a409-4831-9547-00d206363a18 because: The TaskExecutor is shutting down.
Apr 29, 2024 9:25:51 AM org.apache.flink.runtime.resourcemanager.slotmanager.FineGrainedSlotManager unregisterTaskManager
INFO: Unregistering task executor c8227ad9f8d9f35aa4489cd6fb6a7a4b from the slot manager.
Apr 29, 2024 9:25:51 AM org.apache.flink.runtime.checkpoint.StandaloneCompletedCheckpointStore shutdown
INFO: Shutting down
Apr 29, 2024 9:25:51 AM org.apache.flink.runtime.resourcemanager.slotmanager.DefaultSlotStatusSyncer freeSlot
INFO: Freeing slot 66eb53c67fff6133f2a2017305a32c85.
Apr 29, 2024 9:25:51 AM org.apache.flink.runtime.state.TaskExecutorStateChangelogStoragesManager shutdown
INFO: Shutting down TaskExecutorStateChangelogStoragesManager.
Apr 29, 2024 9:25:51 AM org.apache.flink.runtime.state.TaskExecutorChannelStateExecutorFactoryManager shutdown
INFO: Shutting down TaskExecutorChannelStateExecutorFactoryManager.
Apr 29, 2024 9:25:51 AM org.apache.flink.runtime.taskexecutor.slot.TaskSlotTableImpl freeSlotInternal
INFO: Free slot TaskSlot(index:1, state:ALLOCATED, resource profile: ResourceProfile{taskHeapMemory=1024.000gb (1099511627776 bytes), taskOffHeapMemory=1024.000gb (1099511627776 bytes), managedMemory=128.000mb (134217728 bytes), networkMemory=64.000mb (67108864 bytes)}, allocationId: 66eb53c67fff6133f2a2017305a32c85, jobId: ca585fe29a6c82278703cdb18b09c754).
Apr 29, 2024 9:25:51 AM org.apache.flink.runtime.jobmaster.JobMaster disconnectTaskManager
INFO: Disconnect TaskExecutor 40f44004-a409-4831-9547-00d206363a18 because: Stopping JobMaster for job 'Flink Streaming Job' (ca585fe29a6c82278703cdb18b09c754).
Apr 29, 2024 9:25:51 AM org.apache.flink.runtime.jobmaster.slotpool.DefaultDeclarativeSlotPool releaseSlots
INFO: Releasing slot [66eb53c67fff6133f2a2017305a32c85].
Apr 29, 2024 9:25:51 AM org.apache.flink.runtime.jobmaster.JobMaster dissolveResourceManagerConnection
INFO: Close ResourceManager connection 13a93839de348204bc5fc8fff535e138: Stopping JobMaster for job 'Flink Streaming Job' (ca585fe29a6c82278703cdb18b09c754).
Apr 29, 2024 9:25:51 AM org.apache.flink.runtime.resourcemanager.ResourceManager closeJobManagerConnection
INFO: Disconnect job manager 8282b14016de2f33a2cc0759c92047c9@pekko://flink/user/rpc/jobmanager_63 for job ca585fe29a6c82278703cdb18b09c754 from the resource manager.
Apr 29, 2024 9:25:51 AM org.apache.flink.runtime.taskexecutor.DefaultJobLeaderService stop
INFO: Stop job leader service.
Apr 29, 2024 9:25:51 AM org.apache.flink.runtime.state.TaskExecutorLocalStateStoresManager shutdown
INFO: Shutting down TaskExecutorLocalStateStoresManager.
Apr 29, 2024 9:25:51 AM org.apache.flink.runtime.webmonitor.WebMonitorEndpoint lambda$shutDownInternal$7
INFO: Removing cache directory /var/folders/9y/mg706rlj3cx1fsv47rlmtqq40000gn/T/flink-web-ui
Apr 29, 2024 9:25:51 AM org.apache.flink.runtime.taskexecutor.TaskExecutorResourceUtils setConfigOptionToDefaultIfNotSet
INFO: The configuration option taskmanager.cpu.cores required for local execution is not set, setting it to the maximal possible value.
Apr 29, 2024 9:25:51 AM org.apache.flink.runtime.taskexecutor.TaskExecutorResourceUtils setConfigOptionToDefaultIfNotSet
INFO: The configuration option taskmanager.memory.task.heap.size required for local execution is not set, setting it to the maximal possible value.
Apr 29, 2024 9:25:51 AM org.apache.flink.runtime.taskexecutor.TaskExecutorResourceUtils setConfigOptionToDefaultIfNotSet
INFO: The configuration option taskmanager.memory.task.off-heap.size required for local execution is not set, setting it to the maximal possible value.
Apr 29, 2024 9:25:51 AM org.apache.flink.runtime.taskexecutor.TaskExecutorResourceUtils setConfigOptionToDefaultIfNotSet
INFO: The configuration option taskmanager.memory.network.min required for local execution is not set, setting it to its default value 64 mb.
Apr 29, 2024 9:25:51 AM org.apache.flink.runtime.taskexecutor.TaskExecutorResourceUtils setConfigOptionToDefaultIfNotSet
INFO: The configuration option taskmanager.memory.network.max required for local execution is not set, setting it to its default value 64 mb.
Apr 29, 2024 9:25:51 AM org.apache.flink.runtime.taskexecutor.TaskExecutorResourceUtils setConfigOptionToDefaultIfNotSet
INFO: The configuration option taskmanager.memory.managed.size required for local execution is not set, setting it to its default value 128 mb.
Apr 29, 2024 9:25:51 AM org.apache.flink.runtime.minicluster.MiniCluster start
INFO: Starting Flink Mini Cluster
Apr 29, 2024 9:25:51 AM org.apache.flink.runtime.io.disk.FileChannelManagerImpl lambda$getFileCloser$0
INFO: FileChannelManager removed spill file directory /var/folders/9y/mg706rlj3cx1fsv47rlmtqq40000gn/T/flink-io-8cc6279f-e62d-4fd8-81b2-fdbf072222c7
Apr 29, 2024 9:25:51 AM org.apache.flink.runtime.io.network.NettyShuffleEnvironment close
INFO: Shutting down the network environment and its components.
Apr 29, 2024 9:25:51 AM org.apache.flink.runtime.webmonitor.WebMonitorEndpoint revokeLeadership
INFO: http://localhost:50073 lost leadership
Apr 29, 2024 9:25:51 AM org.apache.flink.runtime.rest.RestServerEndpoint lambda$closeAsync$1
INFO: Shut down complete.
Apr 29, 2024 9:25:51 AM org.apache.flink.runtime.resourcemanager.ResourceManager deregisterApplication
INFO: Shut down cluster because application is in CANCELED, diagnostics DispatcherResourceManagerComponent has been closed..
Apr 29, 2024 9:25:51 AM org.apache.flink.runtime.entrypoint.component.DispatcherResourceManagerComponent closeAsyncInternal
INFO: Closing components.
Apr 29, 2024 9:25:51 AM org.apache.flink.runtime.dispatcher.runner.AbstractDispatcherLeaderProcess closeInternal
INFO: Stopping SessionDispatcherLeaderProcess.
Apr 29, 2024 9:25:51 AM org.apache.flink.runtime.resourcemanager.ResourceManagerServiceImpl closeAsync
INFO: Stopping resource manager service.
Apr 29, 2024 9:25:51 AM org.apache.flink.runtime.dispatcher.Dispatcher onStop
INFO: Stopping dispatcher pekko://flink/user/rpc/dispatcher_62.
Apr 29, 2024 9:25:51 AM org.apache.flink.runtime.dispatcher.Dispatcher terminateRunningJobs
INFO: Stopping all currently running jobs of dispatcher pekko://flink/user/rpc/dispatcher_62.
Apr 29, 2024 9:25:51 AM org.apache.flink.runtime.resourcemanager.ResourceManagerServiceImpl lambda$revokeLeadership$3
INFO: Resource manager service is not running. Ignore revoking leadership.
Apr 29, 2024 9:25:51 AM org.apache.flink.runtime.security.token.DefaultDelegationTokenManager stop
INFO: Stopping credential renewal
Apr 29, 2024 9:25:51 AM org.apache.flink.runtime.security.token.DefaultDelegationTokenManager stop
INFO: Stopped credential renewal
Apr 29, 2024 9:25:51 AM org.apache.flink.runtime.resourcemanager.slotmanager.FineGrainedSlotManager close
INFO: Closing the slot manager.
Apr 29, 2024 9:25:51 AM org.apache.flink.runtime.io.disk.FileChannelManagerImpl lambda$getFileCloser$0
INFO: FileChannelManager removed spill file directory /var/folders/9y/mg706rlj3cx1fsv47rlmtqq40000gn/T/flink-netty-shuffle-788b8313-c600-46e1-9de6-db3411f7c858
Apr 29, 2024 9:25:51 AM org.apache.flink.runtime.resourcemanager.slotmanager.FineGrainedSlotManager suspend
INFO: Suspending the slot manager.
Apr 29, 2024 9:25:51 AM org.apache.flink.runtime.taskexecutor.KvStateService shutdown
INFO: Shutting down the kvState service and its components.
Apr 29, 2024 9:25:51 AM org.apache.flink.runtime.taskexecutor.DefaultJobLeaderService stop
INFO: Stop job leader service.
Apr 29, 2024 9:25:51 AM org.apache.flink.runtime.dispatcher.Dispatcher lambda$onStop$2
INFO: Stopped dispatcher pekko://flink/user/rpc/dispatcher_62.
Apr 29, 2024 9:25:51 AM org.apache.flink.runtime.filecache.FileCache shutdown
INFO: removed file cache directory /var/folders/9y/mg706rlj3cx1fsv47rlmtqq40000gn/T/flink-dist-cache-e2021712-5645-44ef-aaa3-845d4b42fe75
Apr 29, 2024 9:25:51 AM org.apache.flink.runtime.taskexecutor.TaskExecutor handleOnStopException
INFO: Stopped TaskExecutor pekko://flink/user/rpc/taskmanager_60.
Apr 29, 2024 9:25:51 AM org.apache.flink.runtime.rpc.pekko.PekkoRpcService closeAsync
INFO: Stopping Pekko RPC service.
Apr 29, 2024 9:25:51 AM org.apache.pekko.event.slf4j.Slf4jLogger$$anonfun$receive$1 $anonfun$applyOrElse$3
INFO: Running CoordinatedShutdown with reason [ActorSystemTerminateReason]
Apr 29, 2024 9:25:51 AM org.apache.flink.runtime.rpc.pekko.PekkoRpcService closeAsync
INFO: Stopping Pekko RPC service.
Apr 29, 2024 9:25:51 AM org.apache.flink.runtime.rpc.pekko.PekkoRpcService lambda$closeAsync$7
INFO: Stopped Pekko RPC service.
Apr 29, 2024 9:25:51 AM org.apache.pekko.event.slf4j.Slf4jLogger$$anonfun$receive$1 $anonfun$applyOrElse$3
INFO: Running CoordinatedShutdown with reason [ActorSystemTerminateReason]
Apr 29, 2024 9:25:51 AM org.apache.flink.runtime.blob.AbstractBlobCache close
INFO: Shutting down BLOB cache
Apr 29, 2024 9:25:51 AM org.apache.flink.runtime.blob.AbstractBlobCache close
INFO: Shutting down BLOB cache
Apr 29, 2024 9:25:51 AM org.apache.flink.runtime.blob.BlobServer close
INFO: Stopped BLOB server at 0.0.0.0:50072
Apr 29, 2024 9:25:51 AM org.apache.flink.runtime.rpc.pekko.PekkoRpcService lambda$closeAsync$7
INFO: Stopped Pekko RPC service.
Apr 29, 2024 9:25:51 AM org.apache.flink.runtime.minicluster.MiniCluster start
INFO: Starting Metrics Registry
Apr 29, 2024 9:25:51 AM org.apache.flink.runtime.metrics.MetricRegistryImpl <init>
INFO: No metrics reporter configured, no metrics will be exposed/reported.
Apr 29, 2024 9:25:51 AM org.apache.flink.runtime.minicluster.MiniCluster start
INFO: Starting RPC Service(s)
Apr 29, 2024 9:25:51 AM org.apache.flink.runtime.rpc.pekko.ActorSystemBootstrapTools startLocalActorSystem
INFO: Trying to start local actor system
Apr 29, 2024 9:25:51 AM org.apache.pekko.event.slf4j.Slf4jLogger$$anonfun$receive$1 applyOrElse
INFO: Slf4jLogger started
Apr 29, 2024 9:25:52 AM org.apache.flink.runtime.rpc.pekko.ActorSystemBootstrapTools startActorSystem
INFO: Actor system started at pekko://flink
Apr 29, 2024 9:25:52 AM org.apache.flink.runtime.rpc.pekko.ActorSystemBootstrapTools startLocalActorSystem
INFO: Trying to start local actor system
Apr 29, 2024 9:25:52 AM org.apache.pekko.event.slf4j.Slf4jLogger$$anonfun$receive$1 applyOrElse
INFO: Slf4jLogger started
Apr 29, 2024 9:25:52 AM org.apache.flink.runtime.rpc.pekko.ActorSystemBootstrapTools startActorSystem
INFO: Actor system started at pekko://flink-metrics
Apr 29, 2024 9:25:52 AM org.apache.flink.runtime.rpc.pekko.PekkoRpcService startServer
INFO: Starting RPC endpoint for org.apache.flink.runtime.metrics.dump.MetricQueryService at pekko://flink-metrics/user/rpc/MetricQueryService .
Apr 29, 2024 9:25:52 AM org.apache.flink.runtime.security.token.DefaultDelegationTokenManager loadProviders
INFO: Loading delegation token providers
Apr 29, 2024 9:25:52 AM org.apache.flink.runtime.util.HadoopUtils getHadoopConfiguration
WARNING: Could not find Hadoop configuration via any of the supported methods (Flink configuration, environment variables).
Apr 29, 2024 9:25:52 AM org.apache.flink.runtime.security.token.DefaultDelegationTokenManager lambda$loadProviders$0
INFO: Delegation token provider hadoopfs loaded and initialized
Apr 29, 2024 9:25:52 AM org.apache.flink.runtime.util.HadoopUtils getHadoopConfiguration
WARNING: Could not find Hadoop configuration via any of the supported methods (Flink configuration, environment variables).
Apr 29, 2024 9:25:52 AM org.apache.flink.runtime.security.token.DefaultDelegationTokenManager lambda$loadProviders$0
INFO: Delegation token provider hbase loaded and initialized
Apr 29, 2024 9:25:52 AM org.apache.flink.runtime.security.token.DefaultDelegationTokenManager loadProviders
INFO: Delegation token providers loaded successfully
Apr 29, 2024 9:25:52 AM org.apache.flink.runtime.security.token.DelegationTokenReceiverRepository loadReceivers
INFO: Loading delegation token receivers
Apr 29, 2024 9:25:52 AM org.apache.flink.runtime.security.token.DelegationTokenReceiverRepository lambda$loadReceivers$0
INFO: Delegation token receiver hadoopfs loaded and initialized
Apr 29, 2024 9:25:52 AM org.apache.flink.runtime.security.token.DelegationTokenReceiverRepository lambda$loadReceivers$0
INFO: Delegation token receiver hbase loaded and initialized
Apr 29, 2024 9:25:52 AM org.apache.flink.runtime.security.token.DelegationTokenReceiverRepository loadReceivers
INFO: Delegation token receivers loaded successfully
Apr 29, 2024 9:25:52 AM org.apache.flink.runtime.security.token.DefaultDelegationTokenManager checkProviderAndReceiverConsistency
INFO: Checking provider and receiver instances consistency
Apr 29, 2024 9:25:52 AM org.apache.flink.runtime.security.token.DefaultDelegationTokenManager checkProviderAndReceiverConsistency
INFO: Provider and receiver instances are consistent
Apr 29, 2024 9:25:52 AM org.apache.flink.runtime.security.token.DefaultDelegationTokenManager obtainDelegationTokens
INFO: Obtaining delegation tokens
Apr 29, 2024 9:25:52 AM org.apache.flink.runtime.security.token.DefaultDelegationTokenManager obtainDelegationTokens
INFO: Delegation tokens obtained successfully
Apr 29, 2024 9:25:52 AM org.apache.flink.runtime.security.token.DefaultDelegationTokenManager obtainDelegationTokens
WARNING: No tokens obtained so skipping notifications
Apr 29, 2024 9:25:52 AM org.apache.flink.runtime.security.token.DelegationTokenReceiverRepository loadReceivers
INFO: Loading delegation token receivers
Apr 29, 2024 9:25:52 AM org.apache.flink.runtime.security.token.DelegationTokenReceiverRepository lambda$loadReceivers$0
INFO: Delegation token receiver hadoopfs loaded and initialized
Apr 29, 2024 9:25:52 AM org.apache.flink.runtime.security.token.DelegationTokenReceiverRepository lambda$loadReceivers$0
INFO: Delegation token receiver hbase loaded and initialized
Apr 29, 2024 9:25:52 AM org.apache.flink.runtime.security.token.DelegationTokenReceiverRepository loadReceivers
INFO: Delegation token receivers loaded successfully
Apr 29, 2024 9:25:52 AM org.apache.flink.runtime.blob.BlobServer <init>
INFO: Created BLOB server storage directory /var/folders/9y/mg706rlj3cx1fsv47rlmtqq40000gn/T/minicluster_f4c9e4de4b76e3887846eaf1901898c7/blobStorage
Apr 29, 2024 9:25:52 AM org.apache.flink.runtime.blob.BlobServer <init>
INFO: Started BLOB server at 0.0.0.0:50074 - max concurrent requests: 50 - max backlog: 1000
Apr 29, 2024 9:25:52 AM org.apache.flink.runtime.blob.AbstractBlobCache <init>
INFO: Created BLOB cache storage directory /var/folders/9y/mg706rlj3cx1fsv47rlmtqq40000gn/T/minicluster_f4c9e4de4b76e3887846eaf1901898c7/blobStorage
Apr 29, 2024 9:25:52 AM org.apache.flink.runtime.blob.AbstractBlobCache <init>
INFO: Created BLOB cache storage directory /var/folders/9y/mg706rlj3cx1fsv47rlmtqq40000gn/T/minicluster_f4c9e4de4b76e3887846eaf1901898c7/blobStorage
Apr 29, 2024 9:25:52 AM org.apache.flink.runtime.minicluster.MiniCluster startTaskManagers
INFO: Starting 1 TaskManager(s)
Apr 29, 2024 9:25:52 AM org.apache.flink.runtime.taskexecutor.TaskManagerRunner startTaskManager
INFO: Starting TaskManager with ResourceID: 5d303439-6842-4ddf-b66c-2b2ae180e2ba
Apr 29, 2024 9:25:52 AM org.apache.flink.runtime.taskexecutor.TaskManagerServices checkTempDirs
INFO: Temporary file directory '/var/folders/9y/mg706rlj3cx1fsv47rlmtqq40000gn/T': total 460 GB, usable 240 GB (52.17% usable)
Apr 29, 2024 9:25:52 AM org.apache.flink.runtime.io.disk.iomanager.IOManager <init>
INFO: Created a new FileChannelManager for spilling of task related data to disk (joins, sorting, ...). Used directories:
	/var/folders/9y/mg706rlj3cx1fsv47rlmtqq40000gn/T/flink-io-9cf238cd-0a76-4165-84ad-de5b48157571
Apr 29, 2024 9:25:52 AM org.apache.flink.runtime.io.network.NettyShuffleServiceFactory createNettyShuffleEnvironment
INFO: Created a new FileChannelManager for storing result partitions of BLOCKING shuffles. Used directories:
	/var/folders/9y/mg706rlj3cx1fsv47rlmtqq40000gn/T/flink-netty-shuffle-6387b5d0-0d13-4bda-a3b8-52c920bd379f
Apr 29, 2024 9:25:52 AM org.apache.flink.runtime.io.network.buffer.NetworkBufferPool <init>
INFO: Allocated 64 MB for network buffer pool (number of memory segments: 2048, bytes per segment: 32768).
Apr 29, 2024 9:25:52 AM org.apache.flink.runtime.io.network.NettyShuffleEnvironment start
INFO: Starting the network environment and its components.
Apr 29, 2024 9:25:52 AM org.apache.flink.runtime.taskexecutor.KvStateService start
INFO: Starting the kvState service and its components.
Apr 29, 2024 9:25:52 AM org.apache.flink.configuration.Configuration loggingFallback
INFO: Config uses fallback configuration key 'pekko.ask.timeout' instead of key 'taskmanager.slot.timeout'
Apr 29, 2024 9:25:52 AM org.apache.flink.runtime.rpc.pekko.PekkoRpcService startServer
INFO: Starting RPC endpoint for org.apache.flink.runtime.taskexecutor.TaskExecutor at pekko://flink/user/rpc/taskmanager_64 .
Apr 29, 2024 9:25:52 AM org.apache.flink.runtime.taskexecutor.DefaultJobLeaderService start
INFO: Start job leader service.
Apr 29, 2024 9:25:52 AM org.apache.flink.runtime.filecache.FileCache <init>
INFO: User file cache uses directory /var/folders/9y/mg706rlj3cx1fsv47rlmtqq40000gn/T/flink-dist-cache-034d134a-030d-4897-9029-ef7592284b27
Apr 29, 2024 9:25:52 AM org.apache.flink.runtime.rest.RestServerEndpoint start
INFO: Starting rest endpoint.
Apr 29, 2024 9:25:52 AM org.apache.flink.runtime.webmonitor.WebMonitorUtils$LogFileLocation find
WARNING: Log file environment variable 'log.file' is not set.
Apr 29, 2024 9:25:52 AM org.apache.flink.runtime.webmonitor.WebMonitorUtils$LogFileLocation find
WARNING: JobManager log files are unavailable in the web dashboard. Log file location not found in environment variable 'log.file' or configuration key 'web.log.path'.
Apr 29, 2024 9:25:52 AM org.apache.flink.runtime.rest.RestServerEndpoint start
INFO: Rest endpoint listening at localhost:50075
Apr 29, 2024 9:25:52 AM org.apache.flink.runtime.highavailability.nonha.embedded.EmbeddedLeaderService updateLeader
INFO: Proposing leadership to the contender that is registered under component ID 'rest_server'.
Apr 29, 2024 9:25:52 AM org.apache.flink.runtime.webmonitor.WebMonitorEndpoint startInternal
INFO: Web frontend listening at http://localhost:50075.
Apr 29, 2024 9:25:52 AM org.apache.flink.runtime.webmonitor.WebMonitorEndpoint grantLeadership
INFO: http://localhost:50075 was granted leadership with leaderSessionID=02029390-7866-482e-8692-40939bb1a134
Apr 29, 2024 9:25:52 AM org.apache.flink.runtime.highavailability.nonha.embedded.EmbeddedLeaderService confirmLeader
INFO: Received confirmation of leadership for leader http://localhost:50075 , session=02029390-7866-482e-8692-40939bb1a134
Apr 29, 2024 9:25:52 AM org.apache.flink.runtime.highavailability.nonha.embedded.EmbeddedLeaderService updateLeader
INFO: Proposing leadership to the contender that is registered under component ID 'dispatcher'.
Apr 29, 2024 9:25:52 AM org.apache.flink.runtime.resourcemanager.ResourceManagerServiceImpl start
INFO: Starting resource manager service.
Apr 29, 2024 9:25:52 AM org.apache.flink.runtime.dispatcher.runner.DefaultDispatcherRunner lambda$grantLeadership$0
INFO: DefaultDispatcherRunner was granted leadership with leader id 3b67bf73-d491-4d6b-8a0a-0368f6811e4d. Creating new DispatcherLeaderProcess.
Apr 29, 2024 9:25:52 AM org.apache.flink.runtime.highavailability.nonha.embedded.EmbeddedLeaderService updateLeader
INFO: Proposing leadership to the contender that is registered under component ID 'resource_manager'.
Apr 29, 2024 9:25:52 AM org.apache.flink.runtime.dispatcher.runner.AbstractDispatcherLeaderProcess startInternal
INFO: Start SessionDispatcherLeaderProcess.
Apr 29, 2024 9:25:52 AM org.apache.flink.runtime.minicluster.MiniCluster start
INFO: Flink Mini Cluster started successfully
Apr 29, 2024 9:25:52 AM org.apache.flink.runtime.dispatcher.runner.SessionDispatcherLeaderProcess recoverJobs
INFO: Recover all persisted job graphs that are not finished, yet.
Apr 29, 2024 9:25:52 AM org.apache.flink.runtime.dispatcher.runner.SessionDispatcherLeaderProcess recoverJobs
INFO: Successfully recovered 0 persisted job graphs.
Apr 29, 2024 9:25:52 AM org.apache.flink.runtime.resourcemanager.ResourceManagerServiceImpl lambda$grantLeadership$2
INFO: Resource manager service is granted leadership with session id fa46aa4a-04a3-411f-9a0b-8644d5a3681e.
Apr 29, 2024 9:25:52 AM org.apache.flink.runtime.rpc.pekko.PekkoRpcService startServer
INFO: Starting RPC endpoint for org.apache.flink.runtime.dispatcher.StandaloneDispatcher at pekko://flink/user/rpc/dispatcher_65 .
Apr 29, 2024 9:25:52 AM org.apache.flink.runtime.rpc.pekko.PekkoRpcService startServer
INFO: Starting RPC endpoint for org.apache.flink.runtime.resourcemanager.StandaloneResourceManager at pekko://flink/user/rpc/resourcemanager_66 .
Apr 29, 2024 9:25:52 AM org.apache.flink.runtime.resourcemanager.ResourceManager onStart
INFO: Starting the resource manager.
Apr 29, 2024 9:25:52 AM org.apache.flink.runtime.resourcemanager.slotmanager.FineGrainedSlotManager start
INFO: Starting the slot manager.
Apr 29, 2024 9:25:52 AM org.apache.flink.runtime.security.token.DefaultDelegationTokenManager startTokensUpdate
INFO: Starting tokens update task
Apr 29, 2024 9:25:52 AM org.apache.flink.runtime.security.token.DefaultDelegationTokenManager startTokensUpdate
WARNING: No tokens obtained so skipping notifications
Apr 29, 2024 9:25:52 AM org.apache.flink.runtime.security.token.DefaultDelegationTokenManager startTokensUpdate
WARNING: Tokens update task not started because either no tokens obtained or none of the tokens specified its renewal date
Apr 29, 2024 9:25:52 AM org.apache.flink.runtime.highavailability.nonha.embedded.EmbeddedLeaderService confirmLeader
INFO: Received confirmation of leadership for leader pekko://flink/user/rpc/dispatcher_65 , session=3b67bf73-d491-4d6b-8a0a-0368f6811e4d
Apr 29, 2024 9:25:52 AM org.apache.flink.runtime.highavailability.nonha.embedded.EmbeddedLeaderService confirmLeader
INFO: Received confirmation of leadership for leader pekko://flink/user/rpc/resourcemanager_66 , session=fa46aa4a-04a3-411f-9a0b-8644d5a3681e
Apr 29, 2024 9:25:52 AM org.apache.flink.runtime.taskexecutor.TaskExecutor connectToResourceManager
INFO: Connecting to ResourceManager pekko://flink/user/rpc/resourcemanager_66(9a0b8644d5a3681efa46aa4a04a3411f).
Apr 29, 2024 9:25:52 AM org.apache.flink.runtime.registration.RetryingRegistration lambda$startRegistration$0
INFO: Resolved ResourceManager address, beginning registration
Apr 29, 2024 9:25:52 AM org.apache.flink.runtime.dispatcher.Dispatcher submitJob
INFO: Received JobGraph submission 'Collect highest bids' (f80c3ce53d156218e7a59fee1e261d1a).
Apr 29, 2024 9:25:52 AM org.apache.flink.runtime.dispatcher.Dispatcher internalSubmitJob
INFO: Submitting job 'Collect highest bids' (f80c3ce53d156218e7a59fee1e261d1a).
Apr 29, 2024 9:25:52 AM org.apache.flink.runtime.highavailability.nonha.embedded.EmbeddedLeaderService updateLeader
INFO: Proposing leadership to the contender that is registered under component ID 'job-f80c3ce53d156218e7a59fee1e261d1a'.
Apr 29, 2024 9:25:52 AM org.apache.flink.runtime.jobmaster.JobMasterServiceLeadershipRunner createNewJobMasterServiceProcess
INFO: JobMasterServiceLeadershipRunner for job f80c3ce53d156218e7a59fee1e261d1a was granted leadership with leader id 973aa809-d0dc-421d-9234-5b7dfc23b774. Creating new JobMasterServiceProcess.
Apr 29, 2024 9:25:52 AM org.apache.flink.runtime.resourcemanager.ResourceManager registerTaskExecutorInternal
INFO: Registering TaskManager with ResourceID 5d303439-6842-4ddf-b66c-2b2ae180e2ba (pekko://flink/user/rpc/taskmanager_64) at ResourceManager
Apr 29, 2024 9:25:52 AM org.apache.flink.runtime.taskexecutor.TaskExecutorToResourceManagerConnection onRegistrationSuccess
INFO: Successful registration at resource manager pekko://flink/user/rpc/resourcemanager_66 under registration id 0f1a4287b2f0193eb01a8c9ef4c39830.
Apr 29, 2024 9:25:52 AM org.apache.flink.runtime.resourcemanager.slotmanager.FineGrainedSlotManager registerTaskManager
INFO: Registering task executor 5d303439-6842-4ddf-b66c-2b2ae180e2ba under 0f1a4287b2f0193eb01a8c9ef4c39830 at the slot manager.
Apr 29, 2024 9:25:52 AM org.apache.flink.runtime.rpc.pekko.PekkoRpcService startServer
INFO: Starting RPC endpoint for org.apache.flink.runtime.jobmaster.JobMaster at pekko://flink/user/rpc/jobmanager_67 .
Apr 29, 2024 9:25:52 AM org.apache.flink.runtime.jobmaster.JobMaster <init>
INFO: Initializing job 'Collect highest bids' (f80c3ce53d156218e7a59fee1e261d1a).
Apr 29, 2024 9:25:52 AM org.apache.flink.runtime.scheduler.DefaultSchedulerFactory createInstance
INFO: Using restart back off time strategy FixedDelayRestartBackoffTimeStrategy(maxNumberRestartAttempts=2147483647, backoffTimeMS=1000) for Collect highest bids (f80c3ce53d156218e7a59fee1e261d1a).
Apr 29, 2024 9:25:52 AM org.apache.flink.runtime.executiongraph.DefaultExecutionGraph <init>
INFO: Created execution graph 54db0a9e4ad6e03c9394ec793b6565a7 for job f80c3ce53d156218e7a59fee1e261d1a.
Apr 29, 2024 9:25:52 AM org.apache.flink.runtime.executiongraph.DefaultExecutionGraphBuilder buildGraph
INFO: Running initialization on master for job Collect highest bids (f80c3ce53d156218e7a59fee1e261d1a).
Apr 29, 2024 9:25:52 AM org.apache.flink.runtime.executiongraph.DefaultExecutionGraphBuilder buildGraph
INFO: Successfully ran initialization on master in 0 ms.
Apr 29, 2024 9:25:52 AM org.apache.flink.runtime.scheduler.adapter.DefaultExecutionTopology generateNewPipelinedRegions
INFO: Built 1 new pipelined regions in 0 ms, total 1 pipelined regions currently.
Apr 29, 2024 9:25:52 AM org.apache.flink.runtime.state.StateBackendLoader loadFromApplicationOrConfigOrDefaultInternal
INFO: No state backend has been configured, using default (HashMap) org.apache.flink.runtime.state.hashmap.HashMapStateBackend@4bbeea78
Apr 29, 2024 9:25:52 AM org.apache.flink.runtime.state.StateBackendLoader fromApplicationOrConfigOrDefault
INFO: State backend loader loads the state backend as HashMapStateBackend
Apr 29, 2024 9:25:52 AM org.apache.flink.runtime.state.CheckpointStorageLoader createJobManagerCheckpointStorage
INFO: Checkpoint storage is set to 'jobmanager'
Apr 29, 2024 9:25:52 AM org.apache.flink.runtime.checkpoint.CheckpointCoordinator restoreLatestCheckpointedStateInternal
INFO: No checkpoint found during restore.
Apr 29, 2024 9:25:52 AM org.apache.flink.runtime.scheduler.DefaultScheduler <init>
INFO: Using failover strategy org.apache.flink.runtime.executiongraph.failover.flip1.RestartPipelinedRegionFailoverStrategy@44263649 for Collect highest bids (f80c3ce53d156218e7a59fee1e261d1a).
Apr 29, 2024 9:25:52 AM org.apache.flink.runtime.highavailability.nonha.embedded.EmbeddedLeaderService confirmLeader
INFO: Received confirmation of leadership for leader pekko://flink/user/rpc/jobmanager_67 , session=973aa809-d0dc-421d-9234-5b7dfc23b774
Apr 29, 2024 9:25:52 AM org.apache.flink.runtime.jobmaster.JobMaster startJobExecution
INFO: Starting execution of job 'Collect highest bids' (f80c3ce53d156218e7a59fee1e261d1a) under job master id 92345b7dfc23b774973aa809d0dc421d.
Apr 29, 2024 9:25:52 AM org.apache.flink.runtime.scheduler.DefaultScheduler startSchedulingInternal
INFO: Starting scheduling with scheduling strategy [org.apache.flink.runtime.scheduler.strategy.PipelinedRegionSchedulingStrategy]
Apr 29, 2024 9:25:52 AM org.apache.flink.runtime.executiongraph.DefaultExecutionGraph transitionState
INFO: Job Collect highest bids (f80c3ce53d156218e7a59fee1e261d1a) switched from state CREATED to RUNNING.
Apr 29, 2024 9:25:52 AM org.apache.flink.runtime.executiongraph.Execution transitionState
INFO: Source: Collection Source -> Timestamps/Watermarks (1/1) (54db0a9e4ad6e03c9394ec793b6565a7_cbc357ccb763df2852fee8c4fc7d55f2_0_0) switched from CREATED to SCHEDULED.
Apr 29, 2024 9:25:52 AM org.apache.flink.runtime.executiongraph.Execution transitionState
INFO: TumblingEventTimeWindows -> Sink: Data stream collect sink (1/1) (54db0a9e4ad6e03c9394ec793b6565a7_90bea66de1c231edf33913ecd54406c1_0_0) switched from CREATED to SCHEDULED.
Apr 29, 2024 9:25:52 AM org.apache.flink.runtime.jobmaster.JobMaster connectToResourceManager
INFO: Connecting to ResourceManager pekko://flink/user/rpc/resourcemanager_66(9a0b8644d5a3681efa46aa4a04a3411f)
Apr 29, 2024 9:25:52 AM org.apache.flink.runtime.registration.RetryingRegistration lambda$startRegistration$0
INFO: Resolved ResourceManager address, beginning registration
Apr 29, 2024 9:25:52 AM org.apache.flink.runtime.resourcemanager.ResourceManager registerJobMaster
INFO: Registering job manager 92345b7dfc23b774973aa809d0dc421d@pekko://flink/user/rpc/jobmanager_67 for job f80c3ce53d156218e7a59fee1e261d1a.
Apr 29, 2024 9:25:52 AM org.apache.flink.runtime.resourcemanager.ResourceManager registerJobMasterInternal
INFO: Registered job manager 92345b7dfc23b774973aa809d0dc421d@pekko://flink/user/rpc/jobmanager_67 for job f80c3ce53d156218e7a59fee1e261d1a.
Apr 29, 2024 9:25:52 AM org.apache.flink.runtime.jobmaster.JobMaster establishResourceManagerConnection
INFO: JobManager successfully registered at ResourceManager, leader id: 9a0b8644d5a3681efa46aa4a04a3411f.
Apr 29, 2024 9:25:52 AM org.apache.flink.runtime.resourcemanager.slotmanager.FineGrainedSlotManager processResourceRequirements
INFO: Received resource requirements from job f80c3ce53d156218e7a59fee1e261d1a: [ResourceRequirement{resourceProfile=ResourceProfile{UNKNOWN}, numberOfRequiredSlots=1}]
Apr 29, 2024 9:25:52 AM org.apache.flink.runtime.resourcemanager.slotmanager.FineGrainedSlotManager logMissingAndAvailableResource
INFO: Matching resource requirements against available resources.
Missing resources:
	 Job f80c3ce53d156218e7a59fee1e261d1a
		ResourceRequirement{resourceProfile=ResourceProfile{UNKNOWN}, numberOfRequiredSlots=1}
Current resources:
	TaskManager 5d303439-6842-4ddf-b66c-2b2ae180e2ba
		Available: ResourceProfile{taskHeapMemory=1024.000gb (1099511627776 bytes), taskOffHeapMemory=1024.000gb (1099511627776 bytes), managedMemory=128.000mb (134217728 bytes), networkMemory=64.000mb (67108864 bytes)}
		Total:     ResourceProfile{taskHeapMemory=1024.000gb (1099511627776 bytes), taskOffHeapMemory=1024.000gb (1099511627776 bytes), managedMemory=128.000mb (134217728 bytes), networkMemory=64.000mb (67108864 bytes)}
Apr 29, 2024 9:25:52 AM org.apache.flink.runtime.resourcemanager.slotmanager.DefaultSlotStatusSyncer allocateSlot
INFO: Starting allocation of slot 4935d24de977fbae446529565db0c8f0 from 5d303439-6842-4ddf-b66c-2b2ae180e2ba for job f80c3ce53d156218e7a59fee1e261d1a with resource profile ResourceProfile{taskHeapMemory=1024.000gb (1099511627776 bytes), taskOffHeapMemory=1024.000gb (1099511627776 bytes), managedMemory=128.000mb (134217728 bytes), networkMemory=64.000mb (67108864 bytes)}.
Apr 29, 2024 9:25:52 AM org.apache.flink.runtime.taskexecutor.TaskExecutor requestSlot
INFO: Receive slot request 4935d24de977fbae446529565db0c8f0 for job f80c3ce53d156218e7a59fee1e261d1a from resource manager with leader id 9a0b8644d5a3681efa46aa4a04a3411f.
Apr 29, 2024 9:25:52 AM org.apache.flink.runtime.taskexecutor.slot.TaskSlotTableImpl allocateSlot
INFO: Allocated slot for 4935d24de977fbae446529565db0c8f0 with resources ResourceProfile{taskHeapMemory=1024.000gb (1099511627776 bytes), taskOffHeapMemory=1024.000gb (1099511627776 bytes), managedMemory=128.000mb (134217728 bytes), networkMemory=64.000mb (67108864 bytes)}.
Apr 29, 2024 9:25:52 AM org.apache.flink.runtime.taskexecutor.DefaultJobLeaderService addJob
INFO: Add job f80c3ce53d156218e7a59fee1e261d1a for job leader monitoring.
Apr 29, 2024 9:25:52 AM org.apache.flink.runtime.taskexecutor.DefaultJobLeaderService$JobManagerLeaderListener openRpcConnectionTo
INFO: Try to register at job manager pekko://flink/user/rpc/jobmanager_67 with leader id 973aa809-d0dc-421d-9234-5b7dfc23b774.
Apr 29, 2024 9:25:52 AM org.apache.flink.runtime.registration.RetryingRegistration lambda$startRegistration$0
INFO: Resolved JobManager address, beginning registration
Apr 29, 2024 9:25:52 AM org.apache.flink.runtime.taskexecutor.DefaultJobLeaderService$JobManagerLeaderListener$JobManagerRegisteredRpcConnection lambda$onRegistrationSuccess$0
INFO: Successful registration at job manager pekko://flink/user/rpc/jobmanager_67 for job f80c3ce53d156218e7a59fee1e261d1a.
Apr 29, 2024 9:25:52 AM org.apache.flink.runtime.taskexecutor.TaskExecutor establishJobManagerConnection
INFO: Establish JobManager connection for job f80c3ce53d156218e7a59fee1e261d1a.
Apr 29, 2024 9:25:52 AM org.apache.flink.runtime.taskexecutor.TaskExecutor internalOfferSlotsToJobManager
INFO: Offer reserved slots to the leader of job f80c3ce53d156218e7a59fee1e261d1a.
Apr 29, 2024 9:25:52 AM org.apache.flink.runtime.executiongraph.Execution transitionState
INFO: Source: Collection Source -> Timestamps/Watermarks (1/1) (54db0a9e4ad6e03c9394ec793b6565a7_cbc357ccb763df2852fee8c4fc7d55f2_0_0) switched from SCHEDULED to DEPLOYING.
Apr 29, 2024 9:25:52 AM org.apache.flink.runtime.executiongraph.Execution deploy
INFO: Deploying Source: Collection Source -> Timestamps/Watermarks (1/1) (attempt #0) with attempt id 54db0a9e4ad6e03c9394ec793b6565a7_cbc357ccb763df2852fee8c4fc7d55f2_0_0 and vertex id cbc357ccb763df2852fee8c4fc7d55f2_0 to 5d303439-6842-4ddf-b66c-2b2ae180e2ba @ localhost (dataPort=-1) with allocation id 4935d24de977fbae446529565db0c8f0
Apr 29, 2024 9:25:52 AM org.apache.flink.runtime.taskexecutor.slot.TaskSlotTableImpl markExistingSlotActive
INFO: Activate slot 4935d24de977fbae446529565db0c8f0.
Apr 29, 2024 9:25:52 AM org.apache.flink.runtime.executiongraph.Execution transitionState
INFO: TumblingEventTimeWindows -> Sink: Data stream collect sink (1/1) (54db0a9e4ad6e03c9394ec793b6565a7_90bea66de1c231edf33913ecd54406c1_0_0) switched from SCHEDULED to DEPLOYING.
Apr 29, 2024 9:25:52 AM org.apache.flink.runtime.executiongraph.Execution deploy
INFO: Deploying TumblingEventTimeWindows -> Sink: Data stream collect sink (1/1) (attempt #0) with attempt id 54db0a9e4ad6e03c9394ec793b6565a7_90bea66de1c231edf33913ecd54406c1_0_0 and vertex id 90bea66de1c231edf33913ecd54406c1_0 to 5d303439-6842-4ddf-b66c-2b2ae180e2ba @ localhost (dataPort=-1) with allocation id 4935d24de977fbae446529565db0c8f0
Apr 29, 2024 9:25:52 AM org.apache.flink.runtime.state.changelog.StateChangelogStorageLoader load
INFO: Creating a changelog storage with name 'memory'.
Apr 29, 2024 9:25:52 AM org.apache.flink.runtime.state.TaskExecutorChannelStateExecutorFactoryManager getOrCreateExecutorFactory
INFO: Creating the channel state executor factory for job id f80c3ce53d156218e7a59fee1e261d1a
Apr 29, 2024 9:25:52 AM org.apache.flink.runtime.taskexecutor.TaskExecutor submitTask
INFO: Received task Source: Collection Source -> Timestamps/Watermarks (1/1)#0 (54db0a9e4ad6e03c9394ec793b6565a7_cbc357ccb763df2852fee8c4fc7d55f2_0_0), deploy into slot with allocation id 4935d24de977fbae446529565db0c8f0.
Apr 29, 2024 9:25:52 AM org.apache.flink.runtime.taskmanager.Task transitionState
INFO: Source: Collection Source -> Timestamps/Watermarks (1/1)#0 (54db0a9e4ad6e03c9394ec793b6565a7_cbc357ccb763df2852fee8c4fc7d55f2_0_0) switched from CREATED to DEPLOYING.
Apr 29, 2024 9:25:52 AM org.apache.flink.runtime.taskexecutor.slot.TaskSlotTableImpl markExistingSlotActive
INFO: Activate slot 4935d24de977fbae446529565db0c8f0.
Apr 29, 2024 9:25:52 AM org.apache.flink.runtime.taskmanager.Task doRun
INFO: Loading JAR files for task Source: Collection Source -> Timestamps/Watermarks (1/1)#0 (54db0a9e4ad6e03c9394ec793b6565a7_cbc357ccb763df2852fee8c4fc7d55f2_0_0) [DEPLOYING].
Apr 29, 2024 9:25:52 AM org.apache.flink.runtime.taskexecutor.TaskExecutor submitTask
INFO: Received task TumblingEventTimeWindows -> Sink: Data stream collect sink (1/1)#0 (54db0a9e4ad6e03c9394ec793b6565a7_90bea66de1c231edf33913ecd54406c1_0_0), deploy into slot with allocation id 4935d24de977fbae446529565db0c8f0.
Apr 29, 2024 9:25:52 AM org.apache.flink.runtime.taskmanager.Task transitionState
INFO: TumblingEventTimeWindows -> Sink: Data stream collect sink (1/1)#0 (54db0a9e4ad6e03c9394ec793b6565a7_90bea66de1c231edf33913ecd54406c1_0_0) switched from CREATED to DEPLOYING.
Apr 29, 2024 9:25:52 AM org.apache.flink.runtime.taskexecutor.slot.TaskSlotTableImpl markExistingSlotActive
INFO: Activate slot 4935d24de977fbae446529565db0c8f0.
Apr 29, 2024 9:25:52 AM org.apache.flink.runtime.taskmanager.Task doRun
INFO: Loading JAR files for task TumblingEventTimeWindows -> Sink: Data stream collect sink (1/1)#0 (54db0a9e4ad6e03c9394ec793b6565a7_90bea66de1c231edf33913ecd54406c1_0_0) [DEPLOYING].
Apr 29, 2024 9:25:52 AM org.apache.flink.runtime.state.StateBackendLoader loadFromApplicationOrConfigOrDefaultInternal
INFO: No state backend has been configured, using default (HashMap) org.apache.flink.runtime.state.hashmap.HashMapStateBackend@7ebc658
Apr 29, 2024 9:25:52 AM org.apache.flink.runtime.state.StateBackendLoader fromApplicationOrConfigOrDefault
INFO: State backend loader loads the state backend as HashMapStateBackend
Apr 29, 2024 9:25:52 AM org.apache.flink.runtime.state.CheckpointStorageLoader createJobManagerCheckpointStorage
INFO: Checkpoint storage is set to 'jobmanager'
Apr 29, 2024 9:25:52 AM org.apache.flink.runtime.state.StateBackendLoader loadFromApplicationOrConfigOrDefaultInternal
INFO: No state backend has been configured, using default (HashMap) org.apache.flink.runtime.state.hashmap.HashMapStateBackend@34ee41dc
Apr 29, 2024 9:25:52 AM org.apache.flink.runtime.state.StateBackendLoader fromApplicationOrConfigOrDefault
INFO: State backend loader loads the state backend as HashMapStateBackend
Apr 29, 2024 9:25:52 AM org.apache.flink.runtime.taskmanager.Task transitionState
INFO: Source: Collection Source -> Timestamps/Watermarks (1/1)#0 (54db0a9e4ad6e03c9394ec793b6565a7_cbc357ccb763df2852fee8c4fc7d55f2_0_0) switched from DEPLOYING to INITIALIZING.
Apr 29, 2024 9:25:52 AM org.apache.flink.runtime.state.CheckpointStorageLoader createJobManagerCheckpointStorage
INFO: Checkpoint storage is set to 'jobmanager'
Apr 29, 2024 9:25:52 AM org.apache.flink.runtime.taskmanager.Task transitionState
INFO: TumblingEventTimeWindows -> Sink: Data stream collect sink (1/1)#0 (54db0a9e4ad6e03c9394ec793b6565a7_90bea66de1c231edf33913ecd54406c1_0_0) switched from DEPLOYING to INITIALIZING.
Apr 29, 2024 9:25:52 AM org.apache.flink.runtime.executiongraph.Execution transitionState
INFO: Source: Collection Source -> Timestamps/Watermarks (1/1) (54db0a9e4ad6e03c9394ec793b6565a7_cbc357ccb763df2852fee8c4fc7d55f2_0_0) switched from DEPLOYING to INITIALIZING.
Apr 29, 2024 9:25:52 AM org.apache.flink.runtime.executiongraph.Execution transitionState
INFO: TumblingEventTimeWindows -> Sink: Data stream collect sink (1/1) (54db0a9e4ad6e03c9394ec793b6565a7_90bea66de1c231edf33913ecd54406c1_0_0) switched from DEPLOYING to INITIALIZING.
Apr 29, 2024 9:25:52 AM org.apache.flink.runtime.taskmanager.Task transitionState
INFO: Source: Collection Source -> Timestamps/Watermarks (1/1)#0 (54db0a9e4ad6e03c9394ec793b6565a7_cbc357ccb763df2852fee8c4fc7d55f2_0_0) switched from INITIALIZING to RUNNING.
Apr 29, 2024 9:25:52 AM org.apache.flink.runtime.executiongraph.Execution transitionState
INFO: Source: Collection Source -> Timestamps/Watermarks (1/1) (54db0a9e4ad6e03c9394ec793b6565a7_cbc357ccb763df2852fee8c4fc7d55f2_0_0) switched from INITIALIZING to RUNNING.
Apr 29, 2024 9:25:52 AM org.apache.flink.streaming.api.operators.collect.CollectSinkFunction initializeState
INFO: Initializing collect sink state with offset = 0, buffered results bytes = 0
Apr 29, 2024 9:25:52 AM org.apache.flink.api.java.typeutils.runtime.kryo.KryoSerializer getKryoInstance
INFO: Kryo serializer scala extensions are not available.
Apr 29, 2024 9:25:52 AM org.apache.flink.streaming.api.operators.collect.CollectSinkFunction open
INFO: Collect sink server established, address = localhost/127.0.0.1:50076
Apr 29, 2024 9:25:52 AM org.apache.flink.runtime.state.heap.HeapKeyedStateBackendBuilder restoreState
INFO: Finished to build heap keyed state-backend.
Apr 29, 2024 9:25:52 AM org.apache.flink.runtime.state.heap.HeapKeyedStateBackend <init>
INFO: Initializing heap keyed state backend with stream factory.
Apr 29, 2024 9:25:52 AM org.apache.flink.api.java.typeutils.runtime.kryo.KryoSerializer getKryoInstance
INFO: Kryo serializer scala extensions are not available.
Apr 29, 2024 9:25:52 AM org.apache.flink.streaming.api.operators.collect.CollectSinkOperatorCoordinator handleEventFromOperator
INFO: Received sink socket server address: localhost/127.0.0.1:50076
Apr 29, 2024 9:25:52 AM org.apache.flink.api.java.typeutils.runtime.kryo.KryoSerializer getKryoInstance
INFO: Kryo serializer scala extensions are not available.
Apr 29, 2024 9:25:52 AM org.apache.flink.runtime.taskmanager.Task transitionState
INFO: TumblingEventTimeWindows -> Sink: Data stream collect sink (1/1)#0 (54db0a9e4ad6e03c9394ec793b6565a7_90bea66de1c231edf33913ecd54406c1_0_0) switched from INITIALIZING to RUNNING.
Apr 29, 2024 9:25:52 AM org.apache.flink.runtime.executiongraph.Execution transitionState
INFO: TumblingEventTimeWindows -> Sink: Data stream collect sink (1/1) (54db0a9e4ad6e03c9394ec793b6565a7_90bea66de1c231edf33913ecd54406c1_0_0) switched from INITIALIZING to RUNNING.
Apr 29, 2024 9:25:52 AM org.apache.flink.api.java.typeutils.runtime.kryo.KryoSerializer getKryoInstance
INFO: Kryo serializer scala extensions are not available.
Apr 29, 2024 9:25:52 AM org.apache.flink.runtime.scheduler.SchedulerBase triggerCheckpoint
INFO: Triggering a manual checkpoint for job f80c3ce53d156218e7a59fee1e261d1a.
Apr 29, 2024 9:25:52 AM org.apache.flink.runtime.checkpoint.CheckpointCoordinator createPendingCheckpoint
INFO: Triggering checkpoint 1 (type=CheckpointType{name='Checkpoint', sharingFilesStrategy=FORWARD_BACKWARD}) @ 1714397152194 for job f80c3ce53d156218e7a59fee1e261d1a.
Apr 29, 2024 9:25:52 AM org.apache.flink.runtime.checkpoint.CheckpointCoordinator logCheckpointInfo
INFO: Completed checkpoint 1 for job f80c3ce53d156218e7a59fee1e261d1a (33266 bytes, checkpointDuration=5 ms, finalizationTime=1 ms).
Apr 29, 2024 9:25:52 AM org.apache.flink.runtime.taskmanager.Task transitionState
INFO: Source: Collection Source -> Timestamps/Watermarks (1/1)#0 (54db0a9e4ad6e03c9394ec793b6565a7_cbc357ccb763df2852fee8c4fc7d55f2_0_0) switched from RUNNING to FINISHED.
Apr 29, 2024 9:25:52 AM org.apache.flink.runtime.taskmanager.Task doRun
INFO: Freeing task resources for Source: Collection Source -> Timestamps/Watermarks (1/1)#0 (54db0a9e4ad6e03c9394ec793b6565a7_cbc357ccb763df2852fee8c4fc7d55f2_0_0).
Apr 29, 2024 9:25:52 AM org.apache.flink.runtime.taskexecutor.TaskExecutor unregisterTaskAndNotifyFinalState
INFO: Un-registering task and sending final execution state FINISHED to JobManager for task Source: Collection Source -> Timestamps/Watermarks (1/1)#0 54db0a9e4ad6e03c9394ec793b6565a7_cbc357ccb763df2852fee8c4fc7d55f2_0_0.
Apr 29, 2024 9:25:52 AM org.apache.flink.runtime.executiongraph.Execution transitionState
INFO: Source: Collection Source -> Timestamps/Watermarks (1/1) (54db0a9e4ad6e03c9394ec793b6565a7_cbc357ccb763df2852fee8c4fc7d55f2_0_0) switched from RUNNING to FINISHED.
Apr 29, 2024 9:25:52 AM org.apache.flink.runtime.taskmanager.Task transitionState
INFO: TumblingEventTimeWindows -> Sink: Data stream collect sink (1/1)#0 (54db0a9e4ad6e03c9394ec793b6565a7_90bea66de1c231edf33913ecd54406c1_0_0) switched from RUNNING to FINISHED.
Apr 29, 2024 9:25:52 AM org.apache.flink.runtime.taskmanager.Task doRun
INFO: Freeing task resources for TumblingEventTimeWindows -> Sink: Data stream collect sink (1/1)#0 (54db0a9e4ad6e03c9394ec793b6565a7_90bea66de1c231edf33913ecd54406c1_0_0).
Apr 29, 2024 9:25:52 AM org.apache.flink.runtime.taskexecutor.TaskExecutor unregisterTaskAndNotifyFinalState
INFO: Un-registering task and sending final execution state FINISHED to JobManager for task TumblingEventTimeWindows -> Sink: Data stream collect sink (1/1)#0 54db0a9e4ad6e03c9394ec793b6565a7_90bea66de1c231edf33913ecd54406c1_0_0.
Apr 29, 2024 9:25:52 AM org.apache.flink.runtime.executiongraph.Execution transitionState
INFO: TumblingEventTimeWindows -> Sink: Data stream collect sink (1/1) (54db0a9e4ad6e03c9394ec793b6565a7_90bea66de1c231edf33913ecd54406c1_0_0) switched from RUNNING to FINISHED.
Apr 29, 2024 9:25:52 AM org.apache.flink.runtime.executiongraph.DefaultExecutionGraph transitionState
INFO: Job Collect highest bids (f80c3ce53d156218e7a59fee1e261d1a) switched from state RUNNING to FINISHED.
Apr 29, 2024 9:25:52 AM org.apache.flink.runtime.resourcemanager.slotmanager.FineGrainedSlotManager processResourceRequirements
INFO: Clearing resource requirements of job f80c3ce53d156218e7a59fee1e261d1a
Apr 29, 2024 9:25:52 AM org.apache.flink.runtime.checkpoint.CheckpointCoordinator shutdown
INFO: Stopping checkpoint coordinator for job f80c3ce53d156218e7a59fee1e261d1a.
Apr 29, 2024 9:25:52 AM org.apache.flink.runtime.minicluster.MiniCluster closeInternal
INFO: Shutting down Flink Mini Cluster
Apr 29, 2024 9:25:52 AM org.apache.flink.runtime.dispatcher.Dispatcher jobReachedTerminalState
INFO: Job f80c3ce53d156218e7a59fee1e261d1a reached terminal state FINISHED.
Apr 29, 2024 9:25:52 AM org.apache.flink.runtime.rest.RestServerEndpoint closeAsync
INFO: Shutting down rest endpoint.
Apr 29, 2024 9:25:52 AM org.apache.flink.runtime.dispatcher.Dispatcher lambda$registerGloballyTerminatedJobInJobResultStore$42
INFO: Job f80c3ce53d156218e7a59fee1e261d1a has been registered for cleanup in the JobResultStore after reaching a terminal state.
Apr 29, 2024 9:25:52 AM org.apache.flink.runtime.taskexecutor.TaskExecutor onStop
INFO: Stopping TaskExecutor pekko://flink/user/rpc/taskmanager_64.
Apr 29, 2024 9:25:52 AM org.apache.flink.runtime.jobmaster.JobMaster onStop
INFO: Stopping the JobMaster for job 'Collect highest bids' (f80c3ce53d156218e7a59fee1e261d1a).
Apr 29, 2024 9:25:52 AM org.apache.flink.runtime.taskexecutor.TaskExecutor closeResourceManagerConnection
INFO: Close ResourceManager connection 821ea62465ba6df146c99b8729dc788a.
Apr 29, 2024 9:25:52 AM org.apache.flink.runtime.taskexecutor.TaskExecutor disconnectJobManagerConnection
INFO: Close JobManager connection for job f80c3ce53d156218e7a59fee1e261d1a.
Apr 29, 2024 9:25:52 AM org.apache.flink.runtime.state.TaskExecutorStateChangelogStoragesManager shutdown
INFO: Shutting down TaskExecutorStateChangelogStoragesManager.
Apr 29, 2024 9:25:52 AM org.apache.flink.runtime.state.TaskExecutorChannelStateExecutorFactoryManager shutdown
INFO: Shutting down TaskExecutorChannelStateExecutorFactoryManager.
Apr 29, 2024 9:25:52 AM org.apache.flink.runtime.taskexecutor.slot.TaskSlotTableImpl freeSlotInternal
INFO: Free slot TaskSlot(index:1, state:ALLOCATED, resource profile: ResourceProfile{taskHeapMemory=1024.000gb (1099511627776 bytes), taskOffHeapMemory=1024.000gb (1099511627776 bytes), managedMemory=128.000mb (134217728 bytes), networkMemory=64.000mb (67108864 bytes)}, allocationId: 4935d24de977fbae446529565db0c8f0, jobId: f80c3ce53d156218e7a59fee1e261d1a).
Apr 29, 2024 9:25:52 AM org.apache.flink.streaming.api.operators.collect.CollectSinkOperatorCoordinator close
INFO: Closing the CollectSinkOperatorCoordinator.
Apr 29, 2024 9:25:52 AM org.apache.flink.runtime.resourcemanager.ResourceManager closeTaskManagerConnection
INFO: Closing TaskExecutor connection 5d303439-6842-4ddf-b66c-2b2ae180e2ba because: The TaskExecutor is shutting down.
Apr 29, 2024 9:25:52 AM org.apache.flink.runtime.resourcemanager.slotmanager.FineGrainedSlotManager unregisterTaskManager
INFO: Unregistering task executor 0f1a4287b2f0193eb01a8c9ef4c39830 from the slot manager.
Apr 29, 2024 9:25:52 AM org.apache.flink.runtime.resourcemanager.slotmanager.DefaultSlotStatusSyncer freeSlot
INFO: Freeing slot 4935d24de977fbae446529565db0c8f0.
Apr 29, 2024 9:25:52 AM org.apache.flink.runtime.jobmaster.JobMaster disconnectTaskManager
INFO: Disconnect TaskExecutor 5d303439-6842-4ddf-b66c-2b2ae180e2ba because: The TaskExecutor is shutting down.
Apr 29, 2024 9:25:52 AM org.apache.flink.runtime.jobmaster.slotpool.DefaultDeclarativeSlotPool releaseSlots
INFO: Releasing slot [4935d24de977fbae446529565db0c8f0].
Apr 29, 2024 9:25:52 AM org.apache.flink.runtime.checkpoint.StandaloneCompletedCheckpointStore shutdown
INFO: Shutting down
Apr 29, 2024 9:25:52 AM org.apache.flink.runtime.jobmaster.JobMaster dissolveResourceManagerConnection
INFO: Close ResourceManager connection 821ea62465ba6df146c99b8729dc788a: Stopping JobMaster for job 'Collect highest bids' (f80c3ce53d156218e7a59fee1e261d1a).
Apr 29, 2024 9:25:52 AM org.apache.flink.runtime.taskexecutor.DefaultJobLeaderService stop
INFO: Stop job leader service.
Apr 29, 2024 9:25:52 AM org.apache.flink.runtime.state.TaskExecutorLocalStateStoresManager shutdown
INFO: Shutting down TaskExecutorLocalStateStoresManager.
Apr 29, 2024 9:25:52 AM org.apache.flink.runtime.resourcemanager.ResourceManager closeJobManagerConnection
INFO: Disconnect job manager 92345b7dfc23b774973aa809d0dc421d@pekko://flink/user/rpc/jobmanager_67 for job f80c3ce53d156218e7a59fee1e261d1a from the resource manager.
Apr 29, 2024 9:25:52 AM org.apache.flink.runtime.webmonitor.WebMonitorEndpoint lambda$shutDownInternal$7
INFO: Removing cache directory /var/folders/9y/mg706rlj3cx1fsv47rlmtqq40000gn/T/flink-web-ui
Apr 29, 2024 9:25:52 AM org.apache.flink.runtime.io.disk.FileChannelManagerImpl lambda$getFileCloser$0
INFO: FileChannelManager removed spill file directory /var/folders/9y/mg706rlj3cx1fsv47rlmtqq40000gn/T/flink-io-9cf238cd-0a76-4165-84ad-de5b48157571
Apr 29, 2024 9:25:52 AM org.apache.flink.runtime.io.network.NettyShuffleEnvironment close
INFO: Shutting down the network environment and its components.
Apr 29, 2024 9:25:52 AM org.apache.flink.runtime.webmonitor.WebMonitorEndpoint revokeLeadership
INFO: http://localhost:50075 lost leadership
Apr 29, 2024 9:25:52 AM org.apache.flink.runtime.rest.RestServerEndpoint lambda$closeAsync$1
INFO: Shut down complete.
Apr 29, 2024 9:25:52 AM org.apache.flink.runtime.resourcemanager.ResourceManager deregisterApplication
INFO: Shut down cluster because application is in CANCELED, diagnostics DispatcherResourceManagerComponent has been closed..
Apr 29, 2024 9:25:52 AM org.apache.flink.runtime.entrypoint.component.DispatcherResourceManagerComponent closeAsyncInternal
INFO: Closing components.
Apr 29, 2024 9:25:52 AM org.apache.flink.runtime.dispatcher.runner.AbstractDispatcherLeaderProcess closeInternal
INFO: Stopping SessionDispatcherLeaderProcess.
Apr 29, 2024 9:25:52 AM org.apache.flink.runtime.resourcemanager.ResourceManagerServiceImpl closeAsync
INFO: Stopping resource manager service.
Apr 29, 2024 9:25:52 AM org.apache.flink.runtime.resourcemanager.ResourceManagerServiceImpl lambda$revokeLeadership$3
INFO: Resource manager service is not running. Ignore revoking leadership.
Apr 29, 2024 9:25:52 AM org.apache.flink.runtime.dispatcher.Dispatcher onStop
INFO: Stopping dispatcher pekko://flink/user/rpc/dispatcher_65.
Apr 29, 2024 9:25:52 AM org.apache.flink.runtime.security.token.DefaultDelegationTokenManager stop
INFO: Stopping credential renewal
Apr 29, 2024 9:25:52 AM org.apache.flink.runtime.security.token.DefaultDelegationTokenManager stop
INFO: Stopped credential renewal
Apr 29, 2024 9:25:52 AM org.apache.flink.runtime.dispatcher.Dispatcher terminateRunningJobs
INFO: Stopping all currently running jobs of dispatcher pekko://flink/user/rpc/dispatcher_65.
Apr 29, 2024 9:25:52 AM org.apache.flink.runtime.resourcemanager.slotmanager.FineGrainedSlotManager close
INFO: Closing the slot manager.
Apr 29, 2024 9:25:52 AM org.apache.flink.runtime.resourcemanager.slotmanager.FineGrainedSlotManager suspend
INFO: Suspending the slot manager.
Apr 29, 2024 9:25:52 AM org.apache.flink.runtime.io.disk.FileChannelManagerImpl lambda$getFileCloser$0
INFO: FileChannelManager removed spill file directory /var/folders/9y/mg706rlj3cx1fsv47rlmtqq40000gn/T/flink-netty-shuffle-6387b5d0-0d13-4bda-a3b8-52c920bd379f
Apr 29, 2024 9:25:52 AM org.apache.flink.runtime.taskexecutor.KvStateService shutdown
INFO: Shutting down the kvState service and its components.
Apr 29, 2024 9:25:52 AM org.apache.flink.runtime.taskexecutor.DefaultJobLeaderService stop
INFO: Stop job leader service.
Apr 29, 2024 9:25:52 AM org.apache.flink.runtime.dispatcher.Dispatcher lambda$onStop$2
INFO: Stopped dispatcher pekko://flink/user/rpc/dispatcher_65.
Apr 29, 2024 9:25:52 AM org.apache.flink.runtime.filecache.FileCache shutdown
INFO: removed file cache directory /var/folders/9y/mg706rlj3cx1fsv47rlmtqq40000gn/T/flink-dist-cache-034d134a-030d-4897-9029-ef7592284b27
Apr 29, 2024 9:25:52 AM org.apache.flink.runtime.taskexecutor.TaskExecutor handleOnStopException
INFO: Stopped TaskExecutor pekko://flink/user/rpc/taskmanager_64.
Apr 29, 2024 9:25:52 AM org.apache.flink.runtime.rpc.pekko.PekkoRpcService closeAsync
INFO: Stopping Pekko RPC service.
Apr 29, 2024 9:25:52 AM org.apache.pekko.event.slf4j.Slf4jLogger$$anonfun$receive$1 $anonfun$applyOrElse$3
INFO: Running CoordinatedShutdown with reason [ActorSystemTerminateReason]
Apr 29, 2024 9:25:52 AM org.apache.flink.runtime.rpc.pekko.PekkoRpcService closeAsync
INFO: Stopping Pekko RPC service.
Apr 29, 2024 9:25:52 AM org.apache.flink.runtime.rpc.pekko.PekkoRpcService lambda$closeAsync$7
INFO: Stopped Pekko RPC service.
Apr 29, 2024 9:25:52 AM org.apache.pekko.event.slf4j.Slf4jLogger$$anonfun$receive$1 $anonfun$applyOrElse$3
INFO: Running CoordinatedShutdown with reason [ActorSystemTerminateReason]
Apr 29, 2024 9:25:52 AM org.apache.flink.runtime.blob.AbstractBlobCache close
INFO: Shutting down BLOB cache
Apr 29, 2024 9:25:52 AM org.apache.flink.runtime.blob.AbstractBlobCache close
INFO: Shutting down BLOB cache
Apr 29, 2024 9:25:52 AM org.apache.flink.runtime.blob.BlobServer close
INFO: Stopped BLOB server at 0.0.0.0:50074
Apr 29, 2024 9:25:52 AM org.apache.flink.runtime.rpc.pekko.PekkoRpcService lambda$closeAsync$7
INFO: Stopped Pekko RPC service.
Apr 29, 2024 9:25:52 AM org.apache.flink.streaming.api.operators.collect.CollectResultFetcher isJobTerminated
WARNING: Failed to get job status so we assume that the job has terminated. Some data might be lost.
java.lang.IllegalStateException: MiniCluster is not yet running or has already been shut down.
	at org.apache.flink.util.Preconditions.checkState(Preconditions.java:193)
	at org.apache.flink.runtime.minicluster.MiniCluster.getDispatcherGatewayFuture(MiniCluster.java:1069)
	at org.apache.flink.runtime.minicluster.MiniCluster.runDispatcherCommand(MiniCluster.java:942)
	at org.apache.flink.runtime.minicluster.MiniCluster.getJobStatus(MiniCluster.java:866)
	at org.apache.flink.runtime.minicluster.MiniClusterJobClient.getJobStatus(MiniClusterJobClient.java:91)
	at org.apache.flink.streaming.api.operators.collect.CollectResultFetcher.isJobTerminated(CollectResultFetcher.java:211)
	at org.apache.flink.streaming.api.operators.collect.CollectResultFetcher.next(CollectResultFetcher.java:118)
	at org.apache.flink.streaming.api.operators.collect.CollectResultIterator.nextResultFromFetcher(CollectResultIterator.java:106)
	at org.apache.flink.streaming.api.operators.collect.CollectResultIterator.hasNext(CollectResultIterator.java:80)
	at org.apache.flink.streaming.api.datastream.DataStream.executeAndCollect(DataStream.java:1365)
	at flink.test.testQuery7.generate1000bidsWithLateData(testQuery7.java:241)
	at java.base/jdk.internal.reflect.NativeMethodAccessorImpl.invoke0(Native Method)
	at java.base/jdk.internal.reflect.NativeMethodAccessorImpl.invoke(NativeMethodAccessorImpl.java:62)
	at java.base/jdk.internal.reflect.DelegatingMethodAccessorImpl.invoke(DelegatingMethodAccessorImpl.java:43)
	at java.base/java.lang.reflect.Method.invoke(Method.java:566)
	at org.junit.runners.model.FrameworkMethod$1.runReflectiveCall(FrameworkMethod.java:59)
	at org.junit.internal.runners.model.ReflectiveCallable.run(ReflectiveCallable.java:12)
	at org.junit.runners.model.FrameworkMethod.invokeExplosively(FrameworkMethod.java:56)
	at org.junit.internal.runners.statements.InvokeMethod.evaluate(InvokeMethod.java:17)
	at org.junit.runners.ParentRunner$3.evaluate(ParentRunner.java:306)
	at org.junit.runners.BlockJUnit4ClassRunner$1.evaluate(BlockJUnit4ClassRunner.java:100)
	at org.junit.runners.ParentRunner.runLeaf(ParentRunner.java:366)
	at org.junit.runners.BlockJUnit4ClassRunner.runChild(BlockJUnit4ClassRunner.java:103)
	at org.junit.runners.BlockJUnit4ClassRunner.runChild(BlockJUnit4ClassRunner.java:63)
	at org.junit.runners.ParentRunner$4.run(ParentRunner.java:331)
	at org.junit.runners.ParentRunner$1.schedule(ParentRunner.java:79)
	at org.junit.runners.ParentRunner.runChildren(ParentRunner.java:329)
	at org.junit.runners.ParentRunner.access$100(ParentRunner.java:66)
	at org.junit.runners.ParentRunner$2.evaluate(ParentRunner.java:293)
	at org.junit.runners.ParentRunner$3.evaluate(ParentRunner.java:306)
	at org.junit.runners.ParentRunner.run(ParentRunner.java:413)
	at org.apache.maven.surefire.junit4.JUnit4Provider.execute(JUnit4Provider.java:364)
	at org.apache.maven.surefire.junit4.JUnit4Provider.executeWithRerun(JUnit4Provider.java:272)
	at org.apache.maven.surefire.junit4.JUnit4Provider.executeTestSet(JUnit4Provider.java:237)
	at org.apache.maven.surefire.junit4.JUnit4Provider.invoke(JUnit4Provider.java:158)
	at org.apache.maven.surefire.booter.ForkedBooter.runSuitesInProcess(ForkedBooter.java:428)
	at org.apache.maven.surefire.booter.ForkedBooter.execute(ForkedBooter.java:162)
	at org.apache.maven.surefire.booter.ForkedBooter.run(ForkedBooter.java:562)
	at org.apache.maven.surefire.booter.ForkedBooter.main(ForkedBooter.java:548)

Apr 29, 2024 9:25:52 AM org.apache.flink.streaming.api.operators.collect.CollectResultFetcher isJobTerminated
WARNING: Failed to get job status so we assume that the job has terminated. Some data might be lost.
java.lang.IllegalStateException: MiniCluster is not yet running or has already been shut down.
	at org.apache.flink.util.Preconditions.checkState(Preconditions.java:193)
	at org.apache.flink.runtime.minicluster.MiniCluster.getDispatcherGatewayFuture(MiniCluster.java:1069)
	at org.apache.flink.runtime.minicluster.MiniCluster.runDispatcherCommand(MiniCluster.java:942)
	at org.apache.flink.runtime.minicluster.MiniCluster.getJobStatus(MiniCluster.java:866)
	at org.apache.flink.runtime.minicluster.MiniClusterJobClient.getJobStatus(MiniClusterJobClient.java:91)
	at org.apache.flink.streaming.api.operators.collect.CollectResultFetcher.isJobTerminated(CollectResultFetcher.java:211)
	at org.apache.flink.streaming.api.operators.collect.CollectResultFetcher.cancelJob(CollectResultFetcher.java:233)
	at org.apache.flink.streaming.api.operators.collect.CollectResultFetcher.close(CollectResultFetcher.java:158)
	at org.apache.flink.streaming.api.operators.collect.CollectResultIterator.close(CollectResultIterator.java:97)
	at org.apache.flink.streaming.api.operators.collect.ClientAndIterator.close(ClientAndIterator.java:45)
	at org.apache.flink.streaming.api.datastream.DataStream.executeAndCollect(DataStream.java:1371)
	at flink.test.testQuery7.generate1000bidsWithLateData(testQuery7.java:241)
	at java.base/jdk.internal.reflect.NativeMethodAccessorImpl.invoke0(Native Method)
	at java.base/jdk.internal.reflect.NativeMethodAccessorImpl.invoke(NativeMethodAccessorImpl.java:62)
	at java.base/jdk.internal.reflect.DelegatingMethodAccessorImpl.invoke(DelegatingMethodAccessorImpl.java:43)
	at java.base/java.lang.reflect.Method.invoke(Method.java:566)
	at org.junit.runners.model.FrameworkMethod$1.runReflectiveCall(FrameworkMethod.java:59)
	at org.junit.internal.runners.model.ReflectiveCallable.run(ReflectiveCallable.java:12)
	at org.junit.runners.model.FrameworkMethod.invokeExplosively(FrameworkMethod.java:56)
	at org.junit.internal.runners.statements.InvokeMethod.evaluate(InvokeMethod.java:17)
	at org.junit.runners.ParentRunner$3.evaluate(ParentRunner.java:306)
	at org.junit.runners.BlockJUnit4ClassRunner$1.evaluate(BlockJUnit4ClassRunner.java:100)
	at org.junit.runners.ParentRunner.runLeaf(ParentRunner.java:366)
	at org.junit.runners.BlockJUnit4ClassRunner.runChild(BlockJUnit4ClassRunner.java:103)
	at org.junit.runners.BlockJUnit4ClassRunner.runChild(BlockJUnit4ClassRunner.java:63)
	at org.junit.runners.ParentRunner$4.run(ParentRunner.java:331)
	at org.junit.runners.ParentRunner$1.schedule(ParentRunner.java:79)
	at org.junit.runners.ParentRunner.runChildren(ParentRunner.java:329)
	at org.junit.runners.ParentRunner.access$100(ParentRunner.java:66)
	at org.junit.runners.ParentRunner$2.evaluate(ParentRunner.java:293)
	at org.junit.runners.ParentRunner$3.evaluate(ParentRunner.java:306)
	at org.junit.runners.ParentRunner.run(ParentRunner.java:413)
	at org.apache.maven.surefire.junit4.JUnit4Provider.execute(JUnit4Provider.java:364)
	at org.apache.maven.surefire.junit4.JUnit4Provider.executeWithRerun(JUnit4Provider.java:272)
	at org.apache.maven.surefire.junit4.JUnit4Provider.executeTestSet(JUnit4Provider.java:237)
	at org.apache.maven.surefire.junit4.JUnit4Provider.invoke(JUnit4Provider.java:158)
	at org.apache.maven.surefire.booter.ForkedBooter.runSuitesInProcess(ForkedBooter.java:428)
	at org.apache.maven.surefire.booter.ForkedBooter.execute(ForkedBooter.java:162)
	at org.apache.maven.surefire.booter.ForkedBooter.run(ForkedBooter.java:562)
	at org.apache.maven.surefire.booter.ForkedBooter.main(ForkedBooter.java:548)

]]></system-err>
  </testcase>
</testsuite>