<?xml version="1.0" encoding="UTF-8"?>
<testsuite xmlns:xsi="http://www.w3.org/2001/XMLSchema-instance" xsi:noNamespaceSchemaLocation="https://maven.apache.org/surefire/maven-surefire-plugin/xsd/surefire-test-report-3.0.xsd" version="3.0" name="flink.test.testQuery4" time="2.104" tests="2" errors="0" skipped="0" failures="0">
  <properties>
    <property name="gopherProxySet" value="false"/>
    <property name="awt.toolkit" value="sun.lwawt.macosx.LWCToolkit"/>
    <property name="java.specification.version" value="11"/>
    <property name="sun.cpu.isalist" value=""/>
    <property name="sun.jnu.encoding" value="UTF-8"/>
    <property name="java.class.path" value="/Users/arkashjain/Desktop/Spring2024/CS551/project/cloud-provider-benchmarks/nexmark-kafka/target/test-classes:/Users/arkashjain/Desktop/Spring2024/CS551/project/cloud-provider-benchmarks/nexmark-kafka/target/classes:/Users/arkashjain/.m2/repository/org/apache/flink/flink-streaming-java/1.18.1/flink-streaming-java-1.18.1.jar:/Users/arkashjain/.m2/repository/org/apache/flink/flink-file-sink-common/1.18.1/flink-file-sink-common-1.18.1.jar:/Users/arkashjain/.m2/repository/org/apache/flink/flink-runtime/1.18.1/flink-runtime-1.18.1.jar:/Users/arkashjain/.m2/repository/org/apache/flink/flink-rpc-core/1.18.1/flink-rpc-core-1.18.1.jar:/Users/arkashjain/.m2/repository/org/apache/flink/flink-rpc-akka-loader/1.18.1/flink-rpc-akka-loader-1.18.1.jar:/Users/arkashjain/.m2/repository/org/apache/flink/flink-queryable-state-client-java/1.18.1/flink-queryable-state-client-java-1.18.1.jar:/Users/arkashjain/.m2/repository/org/apache/flink/flink-hadoop-fs/1.18.1/flink-hadoop-fs-1.18.1.jar:/Users/arkashjain/.m2/repository/org/apache/flink/flink-shaded-zookeeper-3/3.7.1-17.0/flink-shaded-zookeeper-3-3.7.1-17.0.jar:/Users/arkashjain/.m2/repository/org/javassist/javassist/3.24.0-GA/javassist-3.24.0-GA.jar:/Users/arkashjain/.m2/repository/org/lz4/lz4-java/1.8.0/lz4-java-1.8.0.jar:/Users/arkashjain/.m2/repository/org/apache/flink/flink-java/1.18.1/flink-java-1.18.1.jar:/Users/arkashjain/.m2/repository/com/twitter/chill-java/0.7.6/chill-java-0.7.6.jar:/Users/arkashjain/.m2/repository/org/apache/flink/flink-shaded-guava/31.1-jre-17.0/flink-shaded-guava-31.1-jre-17.0.jar:/Users/arkashjain/.m2/repository/org/apache/commons/commons-math3/3.6.1/commons-math3-3.6.1.jar:/Users/arkashjain/.m2/repository/org/slf4j/slf4j-api/1.7.36/slf4j-api-1.7.36.jar:/Users/arkashjain/.m2/repository/com/google/code/findbugs/jsr305/1.3.9/jsr305-1.3.9.jar:/Users/arkashjain/.m2/repository/org/apache/beam/beam-sdks-java-nexmark/2.3.0/beam-sdks-java-nexmark-2.3.0.jar:/Users/arkashjain/.m2/repository/org/apache/beam/beam-sdks-java-core/2.3.0/beam-sdks-java-core-2.3.0.jar:/Users/arkashjain/.m2/repository/com/github/stephenc/findbugs/findbugs-annotations/1.3.9-1/findbugs-annotations-1.3.9-1.jar:/Users/arkashjain/.m2/repository/org/apache/beam/beam-sdks-java-io-google-cloud-platform/2.3.0/beam-sdks-java-io-google-cloud-platform-2.3.0.jar:/Users/arkashjain/.m2/repository/org/apache/beam/beam-sdks-java-extensions-protobuf/2.3.0/beam-sdks-java-extensions-protobuf-2.3.0.jar:/Users/arkashjain/.m2/repository/io/grpc/grpc-core/1.2.0/grpc-core-1.2.0.jar:/Users/arkashjain/.m2/repository/com/google/errorprone/error_prone_annotations/2.0.11/error_prone_annotations-2.0.11.jar:/Users/arkashjain/.m2/repository/io/grpc/grpc-context/1.2.0/grpc-context-1.2.0.jar:/Users/arkashjain/.m2/repository/com/google/instrumentation/instrumentation-api/0.3.0/instrumentation-api-0.3.0.jar:/Users/arkashjain/.m2/repository/com/google/api/gax-grpc/0.20.0/gax-grpc-0.20.0.jar:/Users/arkashjain/.m2/repository/io/grpc/grpc-protobuf/1.2.0/grpc-protobuf-1.2.0.jar:/Users/arkashjain/.m2/repository/com/google/api/api-common/1.1.0/api-common-1.1.0.jar:/Users/arkashjain/.m2/repository/com/google/auto/value/auto-value/1.2/auto-value-1.2.jar:/Users/arkashjain/.m2/repository/com/google/api/gax/1.3.1/gax-1.3.1.jar:/Users/arkashjain/.m2/repository/org/threeten/threetenbp/1.3.3/threetenbp-1.3.3.jar:/Users/arkashjain/.m2/repository/com/google/cloud/google-cloud-core-grpc/1.2.0/google-cloud-core-grpc-1.2.0.jar:/Users/arkashjain/.m2/repository/com/google/protobuf/protobuf-java-util/3.2.0/protobuf-java-util-3.2.0.jar:/Users/arkashjain/.m2/repository/com/google/apis/google-api-services-pubsub/v1-rev10-1.22.0/google-api-services-pubsub-v1-rev10-1.22.0.jar:/Users/arkashjain/.m2/repository/com/google/api/grpc/grpc-google-cloud-pubsub-v1/0.1.18/grpc-google-cloud-pubsub-v1-0.1.18.jar:/Users/arkashjain/.m2/repository/com/google/api/grpc/proto-google-cloud-pubsub-v1/0.1.18/proto-google-cloud-pubsub-v1-0.1.18.jar:/Users/arkashjain/.m2/repository/com/google/api/grpc/proto-google-iam-v1/0.1.18/proto-google-iam-v1-0.1.18.jar:/Users/arkashjain/.m2/repository/com/google/cloud/bigdataoss/util/1.4.5/util-1.4.5.jar:/Users/arkashjain/.m2/repository/com/google/api-client/google-api-client-java6/1.20.0/google-api-client-java6-1.20.0.jar:/Users/arkashjain/.m2/repository/com/google/api-client/google-api-client-jackson2/1.20.0/google-api-client-jackson2-1.20.0.jar:/Users/arkashjain/.m2/repository/com/google/oauth-client/google-oauth-client/1.20.0/google-oauth-client-1.20.0.jar:/Users/arkashjain/.m2/repository/com/google/oauth-client/google-oauth-client-java6/1.20.0/google-oauth-client-java6-1.20.0.jar:/Users/arkashjain/.m2/repository/com/google/cloud/datastore/datastore-v1-proto-client/1.4.0/datastore-v1-proto-client-1.4.0.jar:/Users/arkashjain/.m2/repository/com/google/http-client/google-http-client-protobuf/1.20.0/google-http-client-protobuf-1.20.0.jar:/Users/arkashjain/.m2/repository/com/google/http-client/google-http-client-jackson/1.20.0/google-http-client-jackson-1.20.0.jar:/Users/arkashjain/.m2/repository/com/google/cloud/datastore/datastore-v1-protos/1.3.0/datastore-v1-protos-1.3.0.jar:/Users/arkashjain/.m2/repository/com/google/api/grpc/grpc-google-common-protos/0.1.0/grpc-google-common-protos-0.1.0.jar:/Users/arkashjain/.m2/repository/io/grpc/grpc-auth/1.2.0/grpc-auth-1.2.0.jar:/Users/arkashjain/.m2/repository/io/grpc/grpc-netty/1.2.0/grpc-netty-1.2.0.jar:/Users/arkashjain/.m2/repository/io/netty/netty-codec-http2/4.1.8.Final/netty-codec-http2-4.1.8.Final.jar:/Users/arkashjain/.m2/repository/io/netty/netty-codec-http/4.1.8.Final/netty-codec-http-4.1.8.Final.jar:/Users/arkashjain/.m2/repository/io/netty/netty-handler-proxy/4.1.8.Final/netty-handler-proxy-4.1.8.Final.jar:/Users/arkashjain/.m2/repository/io/netty/netty-codec-socks/4.1.8.Final/netty-codec-socks-4.1.8.Final.jar:/Users/arkashjain/.m2/repository/io/netty/netty-handler/4.1.8.Final/netty-handler-4.1.8.Final.jar:/Users/arkashjain/.m2/repository/io/netty/netty-buffer/4.1.8.Final/netty-buffer-4.1.8.Final.jar:/Users/arkashjain/.m2/repository/io/netty/netty-transport/4.1.8.Final/netty-transport-4.1.8.Final.jar:/Users/arkashjain/.m2/repository/io/netty/netty-resolver/4.1.8.Final/netty-resolver-4.1.8.Final.jar:/Users/arkashjain/.m2/repository/io/netty/netty-codec/4.1.8.Final/netty-codec-4.1.8.Final.jar:/Users/arkashjain/.m2/repository/io/grpc/grpc-stub/1.2.0/grpc-stub-1.2.0.jar:/Users/arkashjain/.m2/repository/io/grpc/grpc-all/1.2.0/grpc-all-1.2.0.jar:/Users/arkashjain/.m2/repository/io/grpc/grpc-okhttp/1.2.0/grpc-okhttp-1.2.0.jar:/Users/arkashjain/.m2/repository/com/squareup/okhttp/okhttp/2.5.0/okhttp-2.5.0.jar:/Users/arkashjain/.m2/repository/io/grpc/grpc-protobuf-lite/1.2.0/grpc-protobuf-lite-1.2.0.jar:/Users/arkashjain/.m2/repository/io/grpc/grpc-protobuf-nano/1.2.0/grpc-protobuf-nano-1.2.0.jar:/Users/arkashjain/.m2/repository/com/google/protobuf/nano/protobuf-javanano/3.0.0-alpha-5/protobuf-javanano-3.0.0-alpha-5.jar:/Users/arkashjain/.m2/repository/com/google/cloud/google-cloud-core/1.0.2/google-cloud-core-1.0.2.jar:/Users/arkashjain/.m2/repository/org/json/json/20160810/json-20160810.jar:/Users/arkashjain/.m2/repository/com/google/cloud/google-cloud-spanner/0.20.0-beta/google-cloud-spanner-0.20.0-beta.jar:/Users/arkashjain/.m2/repository/com/google/api/grpc/proto-google-cloud-spanner-v1/0.1.11/proto-google-cloud-spanner-v1-0.1.11.jar:/Users/arkashjain/.m2/repository/com/google/api/grpc/proto-google-cloud-spanner-admin-instance-v1/0.1.11/proto-google-cloud-spanner-admin-instance-v1-0.1.11.jar:/Users/arkashjain/.m2/repository/com/google/api/grpc/grpc-google-cloud-spanner-v1/0.1.11/grpc-google-cloud-spanner-v1-0.1.11.jar:/Users/arkashjain/.m2/repository/com/google/api/grpc/grpc-google-cloud-spanner-admin-database-v1/0.1.11/grpc-google-cloud-spanner-admin-database-v1-0.1.11.jar:/Users/arkashjain/.m2/repository/com/google/api/grpc/grpc-google-cloud-spanner-admin-instance-v1/0.1.11/grpc-google-cloud-spanner-admin-instance-v1-0.1.11.jar:/Users/arkashjain/.m2/repository/com/google/api/grpc/grpc-google-longrunning-v1/0.1.11/grpc-google-longrunning-v1-0.1.11.jar:/Users/arkashjain/.m2/repository/com/google/api/grpc/proto-google-longrunning-v1/0.1.11/proto-google-longrunning-v1-0.1.11.jar:/Users/arkashjain/.m2/repository/com/google/cloud/bigtable/bigtable-protos/1.0.0-pre3/bigtable-protos-1.0.0-pre3.jar:/Users/arkashjain/.m2/repository/com/google/cloud/bigtable/bigtable-client-core/1.0.0/bigtable-client-core-1.0.0.jar:/Users/arkashjain/.m2/repository/com/google/auth/google-auth-library-appengine/0.7.0/google-auth-library-appengine-0.7.0.jar:/Users/arkashjain/.m2/repository/io/opencensus/opencensus-contrib-grpc-util/0.7.0/opencensus-contrib-grpc-util-0.7.0.jar:/Users/arkashjain/.m2/repository/io/opencensus/opencensus-api/0.7.0/opencensus-api-0.7.0.jar:/Users/arkashjain/.m2/repository/com/google/api-client/google-api-client/1.22.0/google-api-client-1.22.0.jar:/Users/arkashjain/.m2/repository/com/google/http-client/google-http-client/1.22.0/google-http-client-1.22.0.jar:/Users/arkashjain/.m2/repository/com/google/http-client/google-http-client-jackson2/1.22.0/google-http-client-jackson2-1.22.0.jar:/Users/arkashjain/.m2/repository/com/google/auth/google-auth-library-credentials/0.7.1/google-auth-library-credentials-0.7.1.jar:/Users/arkashjain/.m2/repository/com/google/auth/google-auth-library-oauth2-http/0.7.1/google-auth-library-oauth2-http-0.7.1.jar:/Users/arkashjain/.m2/repository/io/netty/netty-tcnative-boringssl-static/1.1.33.Fork26/netty-tcnative-boringssl-static-1.1.33.Fork26.jar:/Users/arkashjain/.m2/repository/com/google/api/grpc/proto-google-cloud-spanner-admin-database-v1/0.1.9/proto-google-cloud-spanner-admin-database-v1-0.1.9.jar:/Users/arkashjain/.m2/repository/com/google/api/grpc/proto-google-common-protos/0.1.9/proto-google-common-protos-0.1.9.jar:/Users/arkashjain/.m2/repository/org/apache/beam/beam-sdks-java-extensions-google-cloud-platform-core/2.3.0/beam-sdks-java-extensions-google-cloud-platform-core-2.3.0.jar:/Users/arkashjain/.m2/repository/com/google/cloud/bigdataoss/gcsio/1.4.5/gcsio-1.4.5.jar:/Users/arkashjain/.m2/repository/com/google/apis/google-api-services-cloudresourcemanager/v1-rev6-1.22.0/google-api-services-cloudresourcemanager-v1-rev6-1.22.0.jar:/Users/arkashjain/.m2/repository/com/google/apis/google-api-services-storage/v1-rev71-1.22.0/google-api-services-storage-v1-rev71-1.22.0.jar:/Users/arkashjain/.m2/repository/com/google/apis/google-api-services-bigquery/v2-rev355-1.22.0/google-api-services-bigquery-v2-rev355-1.22.0.jar:/Users/arkashjain/.m2/repository/com/fasterxml/jackson/core/jackson-core/2.8.9/jackson-core-2.8.9.jar:/Users/arkashjain/.m2/repository/com/fasterxml/jackson/core/jackson-annotations/2.8.9/jackson-annotations-2.8.9.jar:/Users/arkashjain/.m2/repository/com/fasterxml/jackson/core/jackson-databind/2.8.9/jackson-databind-2.8.9.jar:/Users/arkashjain/.m2/repository/org/apache/avro/avro/1.8.2/avro-1.8.2.jar:/Users/arkashjain/.m2/repository/org/codehaus/jackson/jackson-core-asl/1.9.13/jackson-core-asl-1.9.13.jar:/Users/arkashjain/.m2/repository/org/codehaus/jackson/jackson-mapper-asl/1.9.13/jackson-mapper-asl-1.9.13.jar:/Users/arkashjain/.m2/repository/com/thoughtworks/paranamer/paranamer/2.7/paranamer-2.7.jar:/Users/arkashjain/.m2/repository/org/tukaani/xz/1.5/xz-1.5.jar:/Users/arkashjain/.m2/repository/joda-time/joda-time/2.4/joda-time-2.4.jar:/Users/arkashjain/.m2/repository/org/slf4j/slf4j-jdk14/1.7.25/slf4j-jdk14-1.7.25.jar:/Users/arkashjain/.m2/repository/org/hamcrest/hamcrest-core/1.3/hamcrest-core-1.3.jar:/Users/arkashjain/.m2/repository/org/apache/beam/beam-runners-direct-java/2.3.0/beam-runners-direct-java-2.3.0.jar:/Users/arkashjain/.m2/repository/org/apache/beam/beam-runners-local-java-core/2.3.0/beam-runners-local-java-core-2.3.0.jar:/Users/arkashjain/.m2/repository/org/apache/beam/beam-sdks-java-extensions-sql/2.3.0/beam-sdks-java-extensions-sql-2.3.0.jar:/Users/arkashjain/.m2/repository/org/apache/commons/commons-csv/1.4/commons-csv-1.4.jar:/Users/arkashjain/.m2/repository/org/apache/beam/beam-sdks-java-extensions-join-library/2.3.0/beam-sdks-java-extensions-join-library-2.3.0.jar:/Users/arkashjain/.m2/repository/com/alibaba/fastjson/1.2.12/fastjson-1.2.12.jar:/Users/arkashjain/.m2/repository/org/apache/commons/commons-lang3/3.6/commons-lang3-3.6.jar:/Users/arkashjain/.m2/repository/org/apache/flink/flink-connector-kafka/3.0.1-1.18/flink-connector-kafka-3.0.1-1.18.jar:/Users/arkashjain/.m2/repository/org/apache/flink/flink-connector-base/1.17.0/flink-connector-base-1.17.0.jar:/Users/arkashjain/.m2/repository/org/apache/kafka/kafka-clients/3.2.3/kafka-clients-3.2.3.jar:/Users/arkashjain/.m2/repository/com/github/luben/zstd-jni/1.5.2-1/zstd-jni-1.5.2-1.jar:/Users/arkashjain/.m2/repository/com/fasterxml/jackson/datatype/jackson-datatype-jsr310/2.15.2/jackson-datatype-jsr310-2.15.2.jar:/Users/arkashjain/.m2/repository/com/fasterxml/jackson/datatype/jackson-datatype-jdk8/2.15.2/jackson-datatype-jdk8-2.15.2.jar:/Users/arkashjain/.m2/repository/org/apache/flink/flink-runtime-web/1.18.1/flink-runtime-web-1.18.1.jar:/Users/arkashjain/.m2/repository/org/apache/flink/flink-clients/1.18.1/flink-clients-1.18.1.jar:/Users/arkashjain/.m2/repository/org/apache/flink/flink-optimizer/1.18.1/flink-optimizer-1.18.1.jar:/Users/arkashjain/.m2/repository/org/apache/flink/flink-shaded-netty/4.1.91.Final-17.0/flink-shaded-netty-4.1.91.Final-17.0.jar:/Users/arkashjain/.m2/repository/org/apache/flink/flink-shaded-jackson/2.14.2-17.0/flink-shaded-jackson-2.14.2-17.0.jar:/Users/arkashjain/.m2/repository/junit/junit/4.13.2/junit-4.13.2.jar:/Users/arkashjain/.m2/repository/org/apache/flink/flink-core/1.18.0/flink-core-1.18.0.jar:/Users/arkashjain/.m2/repository/org/apache/flink/flink-annotations/1.18.0/flink-annotations-1.18.0.jar:/Users/arkashjain/.m2/repository/org/apache/flink/flink-metrics-core/1.18.0/flink-metrics-core-1.18.0.jar:/Users/arkashjain/.m2/repository/org/apache/flink/flink-shaded-asm-9/9.5-17.0/flink-shaded-asm-9-9.5-17.0.jar:/Users/arkashjain/.m2/repository/org/apache/commons/commons-text/1.10.0/commons-text-1.10.0.jar:/Users/arkashjain/.m2/repository/com/esotericsoftware/kryo/kryo/2.24.0/kryo-2.24.0.jar:/Users/arkashjain/.m2/repository/com/esotericsoftware/minlog/minlog/1.2/minlog-1.2.jar:/Users/arkashjain/.m2/repository/org/objenesis/objenesis/2.1/objenesis-2.1.jar:/Users/arkashjain/.m2/repository/commons-collections/commons-collections/3.2.2/commons-collections-3.2.2.jar:/Users/arkashjain/.m2/repository/org/apache/commons/commons-compress/1.21/commons-compress-1.21.jar:/Users/arkashjain/.m2/repository/org/apache/hadoop/hadoop-common/3.3.6/hadoop-common-3.3.6.jar:/Users/arkashjain/.m2/repository/org/apache/hadoop/thirdparty/hadoop-shaded-protobuf_3_7/1.1.1/hadoop-shaded-protobuf_3_7-1.1.1.jar:/Users/arkashjain/.m2/repository/org/apache/hadoop/hadoop-annotations/3.3.6/hadoop-annotations-3.3.6.jar:/Users/arkashjain/.m2/repository/org/apache/hadoop/thirdparty/hadoop-shaded-guava/1.1.1/hadoop-shaded-guava-1.1.1.jar:/Users/arkashjain/.m2/repository/com/google/guava/guava/27.0-jre/guava-27.0-jre.jar:/Users/arkashjain/.m2/repository/com/google/guava/failureaccess/1.0/failureaccess-1.0.jar:/Users/arkashjain/.m2/repository/com/google/guava/listenablefuture/9999.0-empty-to-avoid-conflict-with-guava/listenablefuture-9999.0-empty-to-avoid-conflict-with-guava.jar:/Users/arkashjain/.m2/repository/org/checkerframework/checker-qual/2.5.2/checker-qual-2.5.2.jar:/Users/arkashjain/.m2/repository/com/google/j2objc/j2objc-annotations/1.1/j2objc-annotations-1.1.jar:/Users/arkashjain/.m2/repository/org/codehaus/mojo/animal-sniffer-annotations/1.17/animal-sniffer-annotations-1.17.jar:/Users/arkashjain/.m2/repository/commons-cli/commons-cli/1.2/commons-cli-1.2.jar:/Users/arkashjain/.m2/repository/org/apache/httpcomponents/httpclient/4.5.13/httpclient-4.5.13.jar:/Users/arkashjain/.m2/repository/org/apache/httpcomponents/httpcore/4.4.13/httpcore-4.4.13.jar:/Users/arkashjain/.m2/repository/commons-codec/commons-codec/1.15/commons-codec-1.15.jar:/Users/arkashjain/.m2/repository/commons-io/commons-io/2.8.0/commons-io-2.8.0.jar:/Users/arkashjain/.m2/repository/commons-net/commons-net/3.9.0/commons-net-3.9.0.jar:/Users/arkashjain/.m2/repository/javax/servlet/javax.servlet-api/3.1.0/javax.servlet-api-3.1.0.jar:/Users/arkashjain/.m2/repository/jakarta/activation/jakarta.activation-api/1.2.1/jakarta.activation-api-1.2.1.jar:/Users/arkashjain/.m2/repository/org/eclipse/jetty/jetty-server/9.4.51.v20230217/jetty-server-9.4.51.v20230217.jar:/Users/arkashjain/.m2/repository/org/eclipse/jetty/jetty-http/9.4.51.v20230217/jetty-http-9.4.51.v20230217.jar:/Users/arkashjain/.m2/repository/org/eclipse/jetty/jetty-io/9.4.51.v20230217/jetty-io-9.4.51.v20230217.jar:/Users/arkashjain/.m2/repository/org/eclipse/jetty/jetty-util/9.4.51.v20230217/jetty-util-9.4.51.v20230217.jar:/Users/arkashjain/.m2/repository/org/eclipse/jetty/jetty-servlet/9.4.51.v20230217/jetty-servlet-9.4.51.v20230217.jar:/Users/arkashjain/.m2/repository/org/eclipse/jetty/jetty-security/9.4.51.v20230217/jetty-security-9.4.51.v20230217.jar:/Users/arkashjain/.m2/repository/org/eclipse/jetty/jetty-util-ajax/9.4.51.v20230217/jetty-util-ajax-9.4.51.v20230217.jar:/Users/arkashjain/.m2/repository/org/eclipse/jetty/jetty-webapp/9.4.51.v20230217/jetty-webapp-9.4.51.v20230217.jar:/Users/arkashjain/.m2/repository/org/eclipse/jetty/jetty-xml/9.4.51.v20230217/jetty-xml-9.4.51.v20230217.jar:/Users/arkashjain/.m2/repository/javax/servlet/jsp/jsp-api/2.1/jsp-api-2.1.jar:/Users/arkashjain/.m2/repository/com/sun/jersey/jersey-core/1.19.4/jersey-core-1.19.4.jar:/Users/arkashjain/.m2/repository/javax/ws/rs/jsr311-api/1.1.1/jsr311-api-1.1.1.jar:/Users/arkashjain/.m2/repository/com/sun/jersey/jersey-servlet/1.19.4/jersey-servlet-1.19.4.jar:/Users/arkashjain/.m2/repository/com/github/pjfanning/jersey-json/1.20/jersey-json-1.20.jar:/Users/arkashjain/.m2/repository/org/codehaus/jettison/jettison/1.1/jettison-1.1.jar:/Users/arkashjain/.m2/repository/com/sun/xml/bind/jaxb-impl/2.2.3-1/jaxb-impl-2.2.3-1.jar:/Users/arkashjain/.m2/repository/javax/xml/bind/jaxb-api/2.2.2/jaxb-api-2.2.2.jar:/Users/arkashjain/.m2/repository/javax/xml/stream/stax-api/1.0-2/stax-api-1.0-2.jar:/Users/arkashjain/.m2/repository/javax/activation/activation/1.1/activation-1.1.jar:/Users/arkashjain/.m2/repository/com/sun/jersey/jersey-server/1.19.4/jersey-server-1.19.4.jar:/Users/arkashjain/.m2/repository/commons-logging/commons-logging/1.1.3/commons-logging-1.1.3.jar:/Users/arkashjain/.m2/repository/ch/qos/reload4j/reload4j/1.2.22/reload4j-1.2.22.jar:/Users/arkashjain/.m2/repository/commons-beanutils/commons-beanutils/1.9.4/commons-beanutils-1.9.4.jar:/Users/arkashjain/.m2/repository/org/apache/commons/commons-configuration2/2.8.0/commons-configuration2-2.8.0.jar:/Users/arkashjain/.m2/repository/org/slf4j/slf4j-reload4j/1.7.36/slf4j-reload4j-1.7.36.jar:/Users/arkashjain/.m2/repository/com/google/re2j/re2j/1.1/re2j-1.1.jar:/Users/arkashjain/.m2/repository/com/google/protobuf/protobuf-java/2.5.0/protobuf-java-2.5.0.jar:/Users/arkashjain/.m2/repository/com/google/code/gson/gson/2.9.0/gson-2.9.0.jar:/Users/arkashjain/.m2/repository/org/apache/hadoop/hadoop-auth/3.3.6/hadoop-auth-3.3.6.jar:/Users/arkashjain/.m2/repository/com/nimbusds/nimbus-jose-jwt/9.8.1/nimbus-jose-jwt-9.8.1.jar:/Users/arkashjain/.m2/repository/com/github/stephenc/jcip/jcip-annotations/1.0-1/jcip-annotations-1.0-1.jar:/Users/arkashjain/.m2/repository/org/apache/curator/curator-framework/5.2.0/curator-framework-5.2.0.jar:/Users/arkashjain/.m2/repository/org/apache/kerby/kerb-simplekdc/1.0.1/kerb-simplekdc-1.0.1.jar:/Users/arkashjain/.m2/repository/org/apache/kerby/kerb-client/1.0.1/kerb-client-1.0.1.jar:/Users/arkashjain/.m2/repository/org/apache/kerby/kerby-config/1.0.1/kerby-config-1.0.1.jar:/Users/arkashjain/.m2/repository/org/apache/kerby/kerb-common/1.0.1/kerb-common-1.0.1.jar:/Users/arkashjain/.m2/repository/org/apache/kerby/kerb-crypto/1.0.1/kerb-crypto-1.0.1.jar:/Users/arkashjain/.m2/repository/org/apache/kerby/kerb-util/1.0.1/kerb-util-1.0.1.jar:/Users/arkashjain/.m2/repository/org/apache/kerby/token-provider/1.0.1/token-provider-1.0.1.jar:/Users/arkashjain/.m2/repository/org/apache/kerby/kerb-admin/1.0.1/kerb-admin-1.0.1.jar:/Users/arkashjain/.m2/repository/org/apache/kerby/kerb-server/1.0.1/kerb-server-1.0.1.jar:/Users/arkashjain/.m2/repository/org/apache/kerby/kerb-identity/1.0.1/kerb-identity-1.0.1.jar:/Users/arkashjain/.m2/repository/org/apache/kerby/kerby-xdr/1.0.1/kerby-xdr-1.0.1.jar:/Users/arkashjain/.m2/repository/com/jcraft/jsch/0.1.55/jsch-0.1.55.jar:/Users/arkashjain/.m2/repository/org/apache/curator/curator-client/5.2.0/curator-client-5.2.0.jar:/Users/arkashjain/.m2/repository/org/apache/curator/curator-recipes/5.2.0/curator-recipes-5.2.0.jar:/Users/arkashjain/.m2/repository/org/apache/zookeeper/zookeeper/3.6.3/zookeeper-3.6.3.jar:/Users/arkashjain/.m2/repository/org/apache/zookeeper/zookeeper-jute/3.6.3/zookeeper-jute-3.6.3.jar:/Users/arkashjain/.m2/repository/org/apache/yetus/audience-annotations/0.5.0/audience-annotations-0.5.0.jar:/Users/arkashjain/.m2/repository/io/netty/netty-transport-native-epoll/4.1.63.Final/netty-transport-native-epoll-4.1.63.Final.jar:/Users/arkashjain/.m2/repository/io/netty/netty-common/4.1.63.Final/netty-common-4.1.63.Final.jar:/Users/arkashjain/.m2/repository/io/netty/netty-transport-native-unix-common/4.1.63.Final/netty-transport-native-unix-common-4.1.63.Final.jar:/Users/arkashjain/.m2/repository/org/slf4j/slf4j-log4j12/1.7.25/slf4j-log4j12-1.7.25.jar:/Users/arkashjain/.m2/repository/log4j/log4j/1.2.17/log4j-1.2.17.jar:/Users/arkashjain/.m2/repository/io/dropwizard/metrics/metrics-core/3.2.4/metrics-core-3.2.4.jar:/Users/arkashjain/.m2/repository/org/apache/kerby/kerb-core/1.0.1/kerb-core-1.0.1.jar:/Users/arkashjain/.m2/repository/org/apache/kerby/kerby-pkix/1.0.1/kerby-pkix-1.0.1.jar:/Users/arkashjain/.m2/repository/org/apache/kerby/kerby-asn1/1.0.1/kerby-asn1-1.0.1.jar:/Users/arkashjain/.m2/repository/org/apache/kerby/kerby-util/1.0.1/kerby-util-1.0.1.jar:/Users/arkashjain/.m2/repository/org/codehaus/woodstox/stax2-api/4.2.1/stax2-api-4.2.1.jar:/Users/arkashjain/.m2/repository/com/fasterxml/woodstox/woodstox-core/5.4.0/woodstox-core-5.4.0.jar:/Users/arkashjain/.m2/repository/dnsjava/dnsjava/2.1.7/dnsjava-2.1.7.jar:/Users/arkashjain/.m2/repository/org/xerial/snappy/snappy-java/1.1.8.2/snappy-java-1.1.8.2.jar:/Users/arkashjain/.m2/repository/org/apache/hadoop/hadoop-hdfs-client/3.3.6/hadoop-hdfs-client-3.3.6.jar:/Users/arkashjain/.m2/repository/com/squareup/okhttp3/okhttp/4.9.3/okhttp-4.9.3.jar:/Users/arkashjain/.m2/repository/com/squareup/okio/okio/2.8.0/okio-2.8.0.jar:/Users/arkashjain/.m2/repository/org/jetbrains/kotlin/kotlin-stdlib/1.4.10/kotlin-stdlib-1.4.10.jar:/Users/arkashjain/.m2/repository/org/jetbrains/kotlin/kotlin-stdlib-common/1.4.10/kotlin-stdlib-common-1.4.10.jar:"/>
    <property name="java.vm.vendor" value="Oracle Corporation"/>
    <property name="sun.arch.data.model" value="64"/>
    <property name="java.vendor.url" value="https://openjdk.java.net/"/>
    <property name="user.timezone" value="America/New_York"/>
    <property name="java.vm.specification.version" value="11"/>
    <property name="os.name" value="Mac OS X"/>
    <property name="jdk.lang.Process.launchMechanism" value="POSIX_SPAWN"/>
    <property name="sun.java.launcher" value="SUN_STANDARD"/>
    <property name="user.country" value="US"/>
    <property name="sun.boot.library.path" value="/Library/Java/JavaVirtualMachines/jdk-11.jdk/Contents/Home/lib"/>
    <property name="sun.java.command" value="/Users/arkashjain/Desktop/Spring2024/CS551/project/cloud-provider-benchmarks/nexmark-kafka/target/surefire/surefirebooter2617612872327747442.jar /Users/arkashjain/Desktop/Spring2024/CS551/project/cloud-provider-benchmarks/nexmark-kafka/target/surefire 2024-04-29T09-25-33_035-jvmRun1 surefire2948822110970661801tmp surefire_05138328194495956370tmp"/>
    <property name="http.nonProxyHosts" value="local|*.local|169.254/16|*.169.254/16"/>
    <property name="jdk.debug" value="release"/>
    <property name="surefire.test.class.path" value="/Users/arkashjain/Desktop/Spring2024/CS551/project/cloud-provider-benchmarks/nexmark-kafka/target/test-classes:/Users/arkashjain/Desktop/Spring2024/CS551/project/cloud-provider-benchmarks/nexmark-kafka/target/classes:/Users/arkashjain/.m2/repository/org/apache/flink/flink-streaming-java/1.18.1/flink-streaming-java-1.18.1.jar:/Users/arkashjain/.m2/repository/org/apache/flink/flink-file-sink-common/1.18.1/flink-file-sink-common-1.18.1.jar:/Users/arkashjain/.m2/repository/org/apache/flink/flink-runtime/1.18.1/flink-runtime-1.18.1.jar:/Users/arkashjain/.m2/repository/org/apache/flink/flink-rpc-core/1.18.1/flink-rpc-core-1.18.1.jar:/Users/arkashjain/.m2/repository/org/apache/flink/flink-rpc-akka-loader/1.18.1/flink-rpc-akka-loader-1.18.1.jar:/Users/arkashjain/.m2/repository/org/apache/flink/flink-queryable-state-client-java/1.18.1/flink-queryable-state-client-java-1.18.1.jar:/Users/arkashjain/.m2/repository/org/apache/flink/flink-hadoop-fs/1.18.1/flink-hadoop-fs-1.18.1.jar:/Users/arkashjain/.m2/repository/org/apache/flink/flink-shaded-zookeeper-3/3.7.1-17.0/flink-shaded-zookeeper-3-3.7.1-17.0.jar:/Users/arkashjain/.m2/repository/org/javassist/javassist/3.24.0-GA/javassist-3.24.0-GA.jar:/Users/arkashjain/.m2/repository/org/lz4/lz4-java/1.8.0/lz4-java-1.8.0.jar:/Users/arkashjain/.m2/repository/org/apache/flink/flink-java/1.18.1/flink-java-1.18.1.jar:/Users/arkashjain/.m2/repository/com/twitter/chill-java/0.7.6/chill-java-0.7.6.jar:/Users/arkashjain/.m2/repository/org/apache/flink/flink-shaded-guava/31.1-jre-17.0/flink-shaded-guava-31.1-jre-17.0.jar:/Users/arkashjain/.m2/repository/org/apache/commons/commons-math3/3.6.1/commons-math3-3.6.1.jar:/Users/arkashjain/.m2/repository/org/slf4j/slf4j-api/1.7.36/slf4j-api-1.7.36.jar:/Users/arkashjain/.m2/repository/com/google/code/findbugs/jsr305/1.3.9/jsr305-1.3.9.jar:/Users/arkashjain/.m2/repository/org/apache/beam/beam-sdks-java-nexmark/2.3.0/beam-sdks-java-nexmark-2.3.0.jar:/Users/arkashjain/.m2/repository/org/apache/beam/beam-sdks-java-core/2.3.0/beam-sdks-java-core-2.3.0.jar:/Users/arkashjain/.m2/repository/com/github/stephenc/findbugs/findbugs-annotations/1.3.9-1/findbugs-annotations-1.3.9-1.jar:/Users/arkashjain/.m2/repository/org/apache/beam/beam-sdks-java-io-google-cloud-platform/2.3.0/beam-sdks-java-io-google-cloud-platform-2.3.0.jar:/Users/arkashjain/.m2/repository/org/apache/beam/beam-sdks-java-extensions-protobuf/2.3.0/beam-sdks-java-extensions-protobuf-2.3.0.jar:/Users/arkashjain/.m2/repository/io/grpc/grpc-core/1.2.0/grpc-core-1.2.0.jar:/Users/arkashjain/.m2/repository/com/google/errorprone/error_prone_annotations/2.0.11/error_prone_annotations-2.0.11.jar:/Users/arkashjain/.m2/repository/io/grpc/grpc-context/1.2.0/grpc-context-1.2.0.jar:/Users/arkashjain/.m2/repository/com/google/instrumentation/instrumentation-api/0.3.0/instrumentation-api-0.3.0.jar:/Users/arkashjain/.m2/repository/com/google/api/gax-grpc/0.20.0/gax-grpc-0.20.0.jar:/Users/arkashjain/.m2/repository/io/grpc/grpc-protobuf/1.2.0/grpc-protobuf-1.2.0.jar:/Users/arkashjain/.m2/repository/com/google/api/api-common/1.1.0/api-common-1.1.0.jar:/Users/arkashjain/.m2/repository/com/google/auto/value/auto-value/1.2/auto-value-1.2.jar:/Users/arkashjain/.m2/repository/com/google/api/gax/1.3.1/gax-1.3.1.jar:/Users/arkashjain/.m2/repository/org/threeten/threetenbp/1.3.3/threetenbp-1.3.3.jar:/Users/arkashjain/.m2/repository/com/google/cloud/google-cloud-core-grpc/1.2.0/google-cloud-core-grpc-1.2.0.jar:/Users/arkashjain/.m2/repository/com/google/protobuf/protobuf-java-util/3.2.0/protobuf-java-util-3.2.0.jar:/Users/arkashjain/.m2/repository/com/google/apis/google-api-services-pubsub/v1-rev10-1.22.0/google-api-services-pubsub-v1-rev10-1.22.0.jar:/Users/arkashjain/.m2/repository/com/google/api/grpc/grpc-google-cloud-pubsub-v1/0.1.18/grpc-google-cloud-pubsub-v1-0.1.18.jar:/Users/arkashjain/.m2/repository/com/google/api/grpc/proto-google-cloud-pubsub-v1/0.1.18/proto-google-cloud-pubsub-v1-0.1.18.jar:/Users/arkashjain/.m2/repository/com/google/api/grpc/proto-google-iam-v1/0.1.18/proto-google-iam-v1-0.1.18.jar:/Users/arkashjain/.m2/repository/com/google/cloud/bigdataoss/util/1.4.5/util-1.4.5.jar:/Users/arkashjain/.m2/repository/com/google/api-client/google-api-client-java6/1.20.0/google-api-client-java6-1.20.0.jar:/Users/arkashjain/.m2/repository/com/google/api-client/google-api-client-jackson2/1.20.0/google-api-client-jackson2-1.20.0.jar:/Users/arkashjain/.m2/repository/com/google/oauth-client/google-oauth-client/1.20.0/google-oauth-client-1.20.0.jar:/Users/arkashjain/.m2/repository/com/google/oauth-client/google-oauth-client-java6/1.20.0/google-oauth-client-java6-1.20.0.jar:/Users/arkashjain/.m2/repository/com/google/cloud/datastore/datastore-v1-proto-client/1.4.0/datastore-v1-proto-client-1.4.0.jar:/Users/arkashjain/.m2/repository/com/google/http-client/google-http-client-protobuf/1.20.0/google-http-client-protobuf-1.20.0.jar:/Users/arkashjain/.m2/repository/com/google/http-client/google-http-client-jackson/1.20.0/google-http-client-jackson-1.20.0.jar:/Users/arkashjain/.m2/repository/com/google/cloud/datastore/datastore-v1-protos/1.3.0/datastore-v1-protos-1.3.0.jar:/Users/arkashjain/.m2/repository/com/google/api/grpc/grpc-google-common-protos/0.1.0/grpc-google-common-protos-0.1.0.jar:/Users/arkashjain/.m2/repository/io/grpc/grpc-auth/1.2.0/grpc-auth-1.2.0.jar:/Users/arkashjain/.m2/repository/io/grpc/grpc-netty/1.2.0/grpc-netty-1.2.0.jar:/Users/arkashjain/.m2/repository/io/netty/netty-codec-http2/4.1.8.Final/netty-codec-http2-4.1.8.Final.jar:/Users/arkashjain/.m2/repository/io/netty/netty-codec-http/4.1.8.Final/netty-codec-http-4.1.8.Final.jar:/Users/arkashjain/.m2/repository/io/netty/netty-handler-proxy/4.1.8.Final/netty-handler-proxy-4.1.8.Final.jar:/Users/arkashjain/.m2/repository/io/netty/netty-codec-socks/4.1.8.Final/netty-codec-socks-4.1.8.Final.jar:/Users/arkashjain/.m2/repository/io/netty/netty-handler/4.1.8.Final/netty-handler-4.1.8.Final.jar:/Users/arkashjain/.m2/repository/io/netty/netty-buffer/4.1.8.Final/netty-buffer-4.1.8.Final.jar:/Users/arkashjain/.m2/repository/io/netty/netty-transport/4.1.8.Final/netty-transport-4.1.8.Final.jar:/Users/arkashjain/.m2/repository/io/netty/netty-resolver/4.1.8.Final/netty-resolver-4.1.8.Final.jar:/Users/arkashjain/.m2/repository/io/netty/netty-codec/4.1.8.Final/netty-codec-4.1.8.Final.jar:/Users/arkashjain/.m2/repository/io/grpc/grpc-stub/1.2.0/grpc-stub-1.2.0.jar:/Users/arkashjain/.m2/repository/io/grpc/grpc-all/1.2.0/grpc-all-1.2.0.jar:/Users/arkashjain/.m2/repository/io/grpc/grpc-okhttp/1.2.0/grpc-okhttp-1.2.0.jar:/Users/arkashjain/.m2/repository/com/squareup/okhttp/okhttp/2.5.0/okhttp-2.5.0.jar:/Users/arkashjain/.m2/repository/io/grpc/grpc-protobuf-lite/1.2.0/grpc-protobuf-lite-1.2.0.jar:/Users/arkashjain/.m2/repository/io/grpc/grpc-protobuf-nano/1.2.0/grpc-protobuf-nano-1.2.0.jar:/Users/arkashjain/.m2/repository/com/google/protobuf/nano/protobuf-javanano/3.0.0-alpha-5/protobuf-javanano-3.0.0-alpha-5.jar:/Users/arkashjain/.m2/repository/com/google/cloud/google-cloud-core/1.0.2/google-cloud-core-1.0.2.jar:/Users/arkashjain/.m2/repository/org/json/json/20160810/json-20160810.jar:/Users/arkashjain/.m2/repository/com/google/cloud/google-cloud-spanner/0.20.0-beta/google-cloud-spanner-0.20.0-beta.jar:/Users/arkashjain/.m2/repository/com/google/api/grpc/proto-google-cloud-spanner-v1/0.1.11/proto-google-cloud-spanner-v1-0.1.11.jar:/Users/arkashjain/.m2/repository/com/google/api/grpc/proto-google-cloud-spanner-admin-instance-v1/0.1.11/proto-google-cloud-spanner-admin-instance-v1-0.1.11.jar:/Users/arkashjain/.m2/repository/com/google/api/grpc/grpc-google-cloud-spanner-v1/0.1.11/grpc-google-cloud-spanner-v1-0.1.11.jar:/Users/arkashjain/.m2/repository/com/google/api/grpc/grpc-google-cloud-spanner-admin-database-v1/0.1.11/grpc-google-cloud-spanner-admin-database-v1-0.1.11.jar:/Users/arkashjain/.m2/repository/com/google/api/grpc/grpc-google-cloud-spanner-admin-instance-v1/0.1.11/grpc-google-cloud-spanner-admin-instance-v1-0.1.11.jar:/Users/arkashjain/.m2/repository/com/google/api/grpc/grpc-google-longrunning-v1/0.1.11/grpc-google-longrunning-v1-0.1.11.jar:/Users/arkashjain/.m2/repository/com/google/api/grpc/proto-google-longrunning-v1/0.1.11/proto-google-longrunning-v1-0.1.11.jar:/Users/arkashjain/.m2/repository/com/google/cloud/bigtable/bigtable-protos/1.0.0-pre3/bigtable-protos-1.0.0-pre3.jar:/Users/arkashjain/.m2/repository/com/google/cloud/bigtable/bigtable-client-core/1.0.0/bigtable-client-core-1.0.0.jar:/Users/arkashjain/.m2/repository/com/google/auth/google-auth-library-appengine/0.7.0/google-auth-library-appengine-0.7.0.jar:/Users/arkashjain/.m2/repository/io/opencensus/opencensus-contrib-grpc-util/0.7.0/opencensus-contrib-grpc-util-0.7.0.jar:/Users/arkashjain/.m2/repository/io/opencensus/opencensus-api/0.7.0/opencensus-api-0.7.0.jar:/Users/arkashjain/.m2/repository/com/google/api-client/google-api-client/1.22.0/google-api-client-1.22.0.jar:/Users/arkashjain/.m2/repository/com/google/http-client/google-http-client/1.22.0/google-http-client-1.22.0.jar:/Users/arkashjain/.m2/repository/com/google/http-client/google-http-client-jackson2/1.22.0/google-http-client-jackson2-1.22.0.jar:/Users/arkashjain/.m2/repository/com/google/auth/google-auth-library-credentials/0.7.1/google-auth-library-credentials-0.7.1.jar:/Users/arkashjain/.m2/repository/com/google/auth/google-auth-library-oauth2-http/0.7.1/google-auth-library-oauth2-http-0.7.1.jar:/Users/arkashjain/.m2/repository/io/netty/netty-tcnative-boringssl-static/1.1.33.Fork26/netty-tcnative-boringssl-static-1.1.33.Fork26.jar:/Users/arkashjain/.m2/repository/com/google/api/grpc/proto-google-cloud-spanner-admin-database-v1/0.1.9/proto-google-cloud-spanner-admin-database-v1-0.1.9.jar:/Users/arkashjain/.m2/repository/com/google/api/grpc/proto-google-common-protos/0.1.9/proto-google-common-protos-0.1.9.jar:/Users/arkashjain/.m2/repository/org/apache/beam/beam-sdks-java-extensions-google-cloud-platform-core/2.3.0/beam-sdks-java-extensions-google-cloud-platform-core-2.3.0.jar:/Users/arkashjain/.m2/repository/com/google/cloud/bigdataoss/gcsio/1.4.5/gcsio-1.4.5.jar:/Users/arkashjain/.m2/repository/com/google/apis/google-api-services-cloudresourcemanager/v1-rev6-1.22.0/google-api-services-cloudresourcemanager-v1-rev6-1.22.0.jar:/Users/arkashjain/.m2/repository/com/google/apis/google-api-services-storage/v1-rev71-1.22.0/google-api-services-storage-v1-rev71-1.22.0.jar:/Users/arkashjain/.m2/repository/com/google/apis/google-api-services-bigquery/v2-rev355-1.22.0/google-api-services-bigquery-v2-rev355-1.22.0.jar:/Users/arkashjain/.m2/repository/com/fasterxml/jackson/core/jackson-core/2.8.9/jackson-core-2.8.9.jar:/Users/arkashjain/.m2/repository/com/fasterxml/jackson/core/jackson-annotations/2.8.9/jackson-annotations-2.8.9.jar:/Users/arkashjain/.m2/repository/com/fasterxml/jackson/core/jackson-databind/2.8.9/jackson-databind-2.8.9.jar:/Users/arkashjain/.m2/repository/org/apache/avro/avro/1.8.2/avro-1.8.2.jar:/Users/arkashjain/.m2/repository/org/codehaus/jackson/jackson-core-asl/1.9.13/jackson-core-asl-1.9.13.jar:/Users/arkashjain/.m2/repository/org/codehaus/jackson/jackson-mapper-asl/1.9.13/jackson-mapper-asl-1.9.13.jar:/Users/arkashjain/.m2/repository/com/thoughtworks/paranamer/paranamer/2.7/paranamer-2.7.jar:/Users/arkashjain/.m2/repository/org/tukaani/xz/1.5/xz-1.5.jar:/Users/arkashjain/.m2/repository/joda-time/joda-time/2.4/joda-time-2.4.jar:/Users/arkashjain/.m2/repository/org/slf4j/slf4j-jdk14/1.7.25/slf4j-jdk14-1.7.25.jar:/Users/arkashjain/.m2/repository/org/hamcrest/hamcrest-core/1.3/hamcrest-core-1.3.jar:/Users/arkashjain/.m2/repository/org/apache/beam/beam-runners-direct-java/2.3.0/beam-runners-direct-java-2.3.0.jar:/Users/arkashjain/.m2/repository/org/apache/beam/beam-runners-local-java-core/2.3.0/beam-runners-local-java-core-2.3.0.jar:/Users/arkashjain/.m2/repository/org/apache/beam/beam-sdks-java-extensions-sql/2.3.0/beam-sdks-java-extensions-sql-2.3.0.jar:/Users/arkashjain/.m2/repository/org/apache/commons/commons-csv/1.4/commons-csv-1.4.jar:/Users/arkashjain/.m2/repository/org/apache/beam/beam-sdks-java-extensions-join-library/2.3.0/beam-sdks-java-extensions-join-library-2.3.0.jar:/Users/arkashjain/.m2/repository/com/alibaba/fastjson/1.2.12/fastjson-1.2.12.jar:/Users/arkashjain/.m2/repository/org/apache/commons/commons-lang3/3.6/commons-lang3-3.6.jar:/Users/arkashjain/.m2/repository/org/apache/flink/flink-connector-kafka/3.0.1-1.18/flink-connector-kafka-3.0.1-1.18.jar:/Users/arkashjain/.m2/repository/org/apache/flink/flink-connector-base/1.17.0/flink-connector-base-1.17.0.jar:/Users/arkashjain/.m2/repository/org/apache/kafka/kafka-clients/3.2.3/kafka-clients-3.2.3.jar:/Users/arkashjain/.m2/repository/com/github/luben/zstd-jni/1.5.2-1/zstd-jni-1.5.2-1.jar:/Users/arkashjain/.m2/repository/com/fasterxml/jackson/datatype/jackson-datatype-jsr310/2.15.2/jackson-datatype-jsr310-2.15.2.jar:/Users/arkashjain/.m2/repository/com/fasterxml/jackson/datatype/jackson-datatype-jdk8/2.15.2/jackson-datatype-jdk8-2.15.2.jar:/Users/arkashjain/.m2/repository/org/apache/flink/flink-runtime-web/1.18.1/flink-runtime-web-1.18.1.jar:/Users/arkashjain/.m2/repository/org/apache/flink/flink-clients/1.18.1/flink-clients-1.18.1.jar:/Users/arkashjain/.m2/repository/org/apache/flink/flink-optimizer/1.18.1/flink-optimizer-1.18.1.jar:/Users/arkashjain/.m2/repository/org/apache/flink/flink-shaded-netty/4.1.91.Final-17.0/flink-shaded-netty-4.1.91.Final-17.0.jar:/Users/arkashjain/.m2/repository/org/apache/flink/flink-shaded-jackson/2.14.2-17.0/flink-shaded-jackson-2.14.2-17.0.jar:/Users/arkashjain/.m2/repository/junit/junit/4.13.2/junit-4.13.2.jar:/Users/arkashjain/.m2/repository/org/apache/flink/flink-core/1.18.0/flink-core-1.18.0.jar:/Users/arkashjain/.m2/repository/org/apache/flink/flink-annotations/1.18.0/flink-annotations-1.18.0.jar:/Users/arkashjain/.m2/repository/org/apache/flink/flink-metrics-core/1.18.0/flink-metrics-core-1.18.0.jar:/Users/arkashjain/.m2/repository/org/apache/flink/flink-shaded-asm-9/9.5-17.0/flink-shaded-asm-9-9.5-17.0.jar:/Users/arkashjain/.m2/repository/org/apache/commons/commons-text/1.10.0/commons-text-1.10.0.jar:/Users/arkashjain/.m2/repository/com/esotericsoftware/kryo/kryo/2.24.0/kryo-2.24.0.jar:/Users/arkashjain/.m2/repository/com/esotericsoftware/minlog/minlog/1.2/minlog-1.2.jar:/Users/arkashjain/.m2/repository/org/objenesis/objenesis/2.1/objenesis-2.1.jar:/Users/arkashjain/.m2/repository/commons-collections/commons-collections/3.2.2/commons-collections-3.2.2.jar:/Users/arkashjain/.m2/repository/org/apache/commons/commons-compress/1.21/commons-compress-1.21.jar:/Users/arkashjain/.m2/repository/org/apache/hadoop/hadoop-common/3.3.6/hadoop-common-3.3.6.jar:/Users/arkashjain/.m2/repository/org/apache/hadoop/thirdparty/hadoop-shaded-protobuf_3_7/1.1.1/hadoop-shaded-protobuf_3_7-1.1.1.jar:/Users/arkashjain/.m2/repository/org/apache/hadoop/hadoop-annotations/3.3.6/hadoop-annotations-3.3.6.jar:/Users/arkashjain/.m2/repository/org/apache/hadoop/thirdparty/hadoop-shaded-guava/1.1.1/hadoop-shaded-guava-1.1.1.jar:/Users/arkashjain/.m2/repository/com/google/guava/guava/27.0-jre/guava-27.0-jre.jar:/Users/arkashjain/.m2/repository/com/google/guava/failureaccess/1.0/failureaccess-1.0.jar:/Users/arkashjain/.m2/repository/com/google/guava/listenablefuture/9999.0-empty-to-avoid-conflict-with-guava/listenablefuture-9999.0-empty-to-avoid-conflict-with-guava.jar:/Users/arkashjain/.m2/repository/org/checkerframework/checker-qual/2.5.2/checker-qual-2.5.2.jar:/Users/arkashjain/.m2/repository/com/google/j2objc/j2objc-annotations/1.1/j2objc-annotations-1.1.jar:/Users/arkashjain/.m2/repository/org/codehaus/mojo/animal-sniffer-annotations/1.17/animal-sniffer-annotations-1.17.jar:/Users/arkashjain/.m2/repository/commons-cli/commons-cli/1.2/commons-cli-1.2.jar:/Users/arkashjain/.m2/repository/org/apache/httpcomponents/httpclient/4.5.13/httpclient-4.5.13.jar:/Users/arkashjain/.m2/repository/org/apache/httpcomponents/httpcore/4.4.13/httpcore-4.4.13.jar:/Users/arkashjain/.m2/repository/commons-codec/commons-codec/1.15/commons-codec-1.15.jar:/Users/arkashjain/.m2/repository/commons-io/commons-io/2.8.0/commons-io-2.8.0.jar:/Users/arkashjain/.m2/repository/commons-net/commons-net/3.9.0/commons-net-3.9.0.jar:/Users/arkashjain/.m2/repository/javax/servlet/javax.servlet-api/3.1.0/javax.servlet-api-3.1.0.jar:/Users/arkashjain/.m2/repository/jakarta/activation/jakarta.activation-api/1.2.1/jakarta.activation-api-1.2.1.jar:/Users/arkashjain/.m2/repository/org/eclipse/jetty/jetty-server/9.4.51.v20230217/jetty-server-9.4.51.v20230217.jar:/Users/arkashjain/.m2/repository/org/eclipse/jetty/jetty-http/9.4.51.v20230217/jetty-http-9.4.51.v20230217.jar:/Users/arkashjain/.m2/repository/org/eclipse/jetty/jetty-io/9.4.51.v20230217/jetty-io-9.4.51.v20230217.jar:/Users/arkashjain/.m2/repository/org/eclipse/jetty/jetty-util/9.4.51.v20230217/jetty-util-9.4.51.v20230217.jar:/Users/arkashjain/.m2/repository/org/eclipse/jetty/jetty-servlet/9.4.51.v20230217/jetty-servlet-9.4.51.v20230217.jar:/Users/arkashjain/.m2/repository/org/eclipse/jetty/jetty-security/9.4.51.v20230217/jetty-security-9.4.51.v20230217.jar:/Users/arkashjain/.m2/repository/org/eclipse/jetty/jetty-util-ajax/9.4.51.v20230217/jetty-util-ajax-9.4.51.v20230217.jar:/Users/arkashjain/.m2/repository/org/eclipse/jetty/jetty-webapp/9.4.51.v20230217/jetty-webapp-9.4.51.v20230217.jar:/Users/arkashjain/.m2/repository/org/eclipse/jetty/jetty-xml/9.4.51.v20230217/jetty-xml-9.4.51.v20230217.jar:/Users/arkashjain/.m2/repository/javax/servlet/jsp/jsp-api/2.1/jsp-api-2.1.jar:/Users/arkashjain/.m2/repository/com/sun/jersey/jersey-core/1.19.4/jersey-core-1.19.4.jar:/Users/arkashjain/.m2/repository/javax/ws/rs/jsr311-api/1.1.1/jsr311-api-1.1.1.jar:/Users/arkashjain/.m2/repository/com/sun/jersey/jersey-servlet/1.19.4/jersey-servlet-1.19.4.jar:/Users/arkashjain/.m2/repository/com/github/pjfanning/jersey-json/1.20/jersey-json-1.20.jar:/Users/arkashjain/.m2/repository/org/codehaus/jettison/jettison/1.1/jettison-1.1.jar:/Users/arkashjain/.m2/repository/com/sun/xml/bind/jaxb-impl/2.2.3-1/jaxb-impl-2.2.3-1.jar:/Users/arkashjain/.m2/repository/javax/xml/bind/jaxb-api/2.2.2/jaxb-api-2.2.2.jar:/Users/arkashjain/.m2/repository/javax/xml/stream/stax-api/1.0-2/stax-api-1.0-2.jar:/Users/arkashjain/.m2/repository/javax/activation/activation/1.1/activation-1.1.jar:/Users/arkashjain/.m2/repository/com/sun/jersey/jersey-server/1.19.4/jersey-server-1.19.4.jar:/Users/arkashjain/.m2/repository/commons-logging/commons-logging/1.1.3/commons-logging-1.1.3.jar:/Users/arkashjain/.m2/repository/ch/qos/reload4j/reload4j/1.2.22/reload4j-1.2.22.jar:/Users/arkashjain/.m2/repository/commons-beanutils/commons-beanutils/1.9.4/commons-beanutils-1.9.4.jar:/Users/arkashjain/.m2/repository/org/apache/commons/commons-configuration2/2.8.0/commons-configuration2-2.8.0.jar:/Users/arkashjain/.m2/repository/org/slf4j/slf4j-reload4j/1.7.36/slf4j-reload4j-1.7.36.jar:/Users/arkashjain/.m2/repository/com/google/re2j/re2j/1.1/re2j-1.1.jar:/Users/arkashjain/.m2/repository/com/google/protobuf/protobuf-java/2.5.0/protobuf-java-2.5.0.jar:/Users/arkashjain/.m2/repository/com/google/code/gson/gson/2.9.0/gson-2.9.0.jar:/Users/arkashjain/.m2/repository/org/apache/hadoop/hadoop-auth/3.3.6/hadoop-auth-3.3.6.jar:/Users/arkashjain/.m2/repository/com/nimbusds/nimbus-jose-jwt/9.8.1/nimbus-jose-jwt-9.8.1.jar:/Users/arkashjain/.m2/repository/com/github/stephenc/jcip/jcip-annotations/1.0-1/jcip-annotations-1.0-1.jar:/Users/arkashjain/.m2/repository/org/apache/curator/curator-framework/5.2.0/curator-framework-5.2.0.jar:/Users/arkashjain/.m2/repository/org/apache/kerby/kerb-simplekdc/1.0.1/kerb-simplekdc-1.0.1.jar:/Users/arkashjain/.m2/repository/org/apache/kerby/kerb-client/1.0.1/kerb-client-1.0.1.jar:/Users/arkashjain/.m2/repository/org/apache/kerby/kerby-config/1.0.1/kerby-config-1.0.1.jar:/Users/arkashjain/.m2/repository/org/apache/kerby/kerb-common/1.0.1/kerb-common-1.0.1.jar:/Users/arkashjain/.m2/repository/org/apache/kerby/kerb-crypto/1.0.1/kerb-crypto-1.0.1.jar:/Users/arkashjain/.m2/repository/org/apache/kerby/kerb-util/1.0.1/kerb-util-1.0.1.jar:/Users/arkashjain/.m2/repository/org/apache/kerby/token-provider/1.0.1/token-provider-1.0.1.jar:/Users/arkashjain/.m2/repository/org/apache/kerby/kerb-admin/1.0.1/kerb-admin-1.0.1.jar:/Users/arkashjain/.m2/repository/org/apache/kerby/kerb-server/1.0.1/kerb-server-1.0.1.jar:/Users/arkashjain/.m2/repository/org/apache/kerby/kerb-identity/1.0.1/kerb-identity-1.0.1.jar:/Users/arkashjain/.m2/repository/org/apache/kerby/kerby-xdr/1.0.1/kerby-xdr-1.0.1.jar:/Users/arkashjain/.m2/repository/com/jcraft/jsch/0.1.55/jsch-0.1.55.jar:/Users/arkashjain/.m2/repository/org/apache/curator/curator-client/5.2.0/curator-client-5.2.0.jar:/Users/arkashjain/.m2/repository/org/apache/curator/curator-recipes/5.2.0/curator-recipes-5.2.0.jar:/Users/arkashjain/.m2/repository/org/apache/zookeeper/zookeeper/3.6.3/zookeeper-3.6.3.jar:/Users/arkashjain/.m2/repository/org/apache/zookeeper/zookeeper-jute/3.6.3/zookeeper-jute-3.6.3.jar:/Users/arkashjain/.m2/repository/org/apache/yetus/audience-annotations/0.5.0/audience-annotations-0.5.0.jar:/Users/arkashjain/.m2/repository/io/netty/netty-transport-native-epoll/4.1.63.Final/netty-transport-native-epoll-4.1.63.Final.jar:/Users/arkashjain/.m2/repository/io/netty/netty-common/4.1.63.Final/netty-common-4.1.63.Final.jar:/Users/arkashjain/.m2/repository/io/netty/netty-transport-native-unix-common/4.1.63.Final/netty-transport-native-unix-common-4.1.63.Final.jar:/Users/arkashjain/.m2/repository/org/slf4j/slf4j-log4j12/1.7.25/slf4j-log4j12-1.7.25.jar:/Users/arkashjain/.m2/repository/log4j/log4j/1.2.17/log4j-1.2.17.jar:/Users/arkashjain/.m2/repository/io/dropwizard/metrics/metrics-core/3.2.4/metrics-core-3.2.4.jar:/Users/arkashjain/.m2/repository/org/apache/kerby/kerb-core/1.0.1/kerb-core-1.0.1.jar:/Users/arkashjain/.m2/repository/org/apache/kerby/kerby-pkix/1.0.1/kerby-pkix-1.0.1.jar:/Users/arkashjain/.m2/repository/org/apache/kerby/kerby-asn1/1.0.1/kerby-asn1-1.0.1.jar:/Users/arkashjain/.m2/repository/org/apache/kerby/kerby-util/1.0.1/kerby-util-1.0.1.jar:/Users/arkashjain/.m2/repository/org/codehaus/woodstox/stax2-api/4.2.1/stax2-api-4.2.1.jar:/Users/arkashjain/.m2/repository/com/fasterxml/woodstox/woodstox-core/5.4.0/woodstox-core-5.4.0.jar:/Users/arkashjain/.m2/repository/dnsjava/dnsjava/2.1.7/dnsjava-2.1.7.jar:/Users/arkashjain/.m2/repository/org/xerial/snappy/snappy-java/1.1.8.2/snappy-java-1.1.8.2.jar:/Users/arkashjain/.m2/repository/org/apache/hadoop/hadoop-hdfs-client/3.3.6/hadoop-hdfs-client-3.3.6.jar:/Users/arkashjain/.m2/repository/com/squareup/okhttp3/okhttp/4.9.3/okhttp-4.9.3.jar:/Users/arkashjain/.m2/repository/com/squareup/okio/okio/2.8.0/okio-2.8.0.jar:/Users/arkashjain/.m2/repository/org/jetbrains/kotlin/kotlin-stdlib/1.4.10/kotlin-stdlib-1.4.10.jar:/Users/arkashjain/.m2/repository/org/jetbrains/kotlin/kotlin-stdlib-common/1.4.10/kotlin-stdlib-common-1.4.10.jar:"/>
    <property name="sun.cpu.endian" value="little"/>
    <property name="user.home" value="/Users/arkashjain"/>
    <property name="user.language" value="en"/>
    <property name="java.specification.vendor" value="Oracle Corporation"/>
    <property name="java.version.date" value="2023-10-17"/>
    <property name="java.home" value="/Library/Java/JavaVirtualMachines/jdk-11.jdk/Contents/Home"/>
    <property name="file.separator" value="/"/>
    <property name="basedir" value="/Users/arkashjain/Desktop/Spring2024/CS551/project/cloud-provider-benchmarks/nexmark-kafka"/>
    <property name="java.vm.compressedOopsMode" value="Zero based"/>
    <property name="line.separator" value="&#10;"/>
    <property name="java.specification.name" value="Java Platform API Specification"/>
    <property name="java.vm.specification.vendor" value="Oracle Corporation"/>
    <property name="java.awt.graphicsenv" value="sun.awt.CGraphicsEnvironment"/>
    <property name="surefire.real.class.path" value="/Users/arkashjain/Desktop/Spring2024/CS551/project/cloud-provider-benchmarks/nexmark-kafka/target/surefire/surefirebooter2617612872327747442.jar"/>
    <property name="sun.management.compiler" value="HotSpot 64-Bit Tiered Compilers"/>
    <property name="ftp.nonProxyHosts" value="local|*.local|169.254/16|*.169.254/16"/>
    <property name="java.runtime.version" value="11.0.21+9-LTS-193"/>
    <property name="user.name" value="arkashjain"/>
    <property name="path.separator" value=":"/>
    <property name="os.version" value="14.4.1"/>
    <property name="java.runtime.name" value="Java(TM) SE Runtime Environment"/>
    <property name="file.encoding" value="UTF-8"/>
    <property name="java.vm.name" value="Java HotSpot(TM) 64-Bit Server VM"/>
    <property name="java.vendor.version" value="18.9"/>
    <property name="localRepository" value="/Users/arkashjain/.m2/repository"/>
    <property name="java.vendor.url.bug" value="https://bugreport.java.com/bugreport/"/>
    <property name="java.io.tmpdir" value="/var/folders/9y/mg706rlj3cx1fsv47rlmtqq40000gn/T/"/>
    <property name="java.version" value="11.0.21"/>
    <property name="user.dir" value="/Users/arkashjain/Desktop/Spring2024/CS551/project/cloud-provider-benchmarks/nexmark-kafka"/>
    <property name="os.arch" value="aarch64"/>
    <property name="java.vm.specification.name" value="Java Virtual Machine Specification"/>
    <property name="java.awt.printerjob" value="sun.lwawt.macosx.CPrinterJob"/>
    <property name="sun.os.patch.level" value="unknown"/>
    <property name="java.library.path" value="/Users/arkashjain/Library/Java/Extensions:/Library/Java/Extensions:/Network/Library/Java/Extensions:/System/Library/Java/Extensions:/usr/lib/java:."/>
    <property name="java.vendor" value="Oracle Corporation"/>
    <property name="java.vm.info" value="mixed mode"/>
    <property name="java.vm.version" value="11.0.21+9-LTS-193"/>
    <property name="java.specification.maintenance.version" value="2"/>
    <property name="sun.io.unicode.encoding" value="UnicodeBig"/>
    <property name="java.class.version" value="55.0"/>
    <property name="socksNonProxyHosts" value="local|*.local|169.254/16|*.169.254/16"/>
  </properties>
  <testcase name="testAveragePriceByCategory" classname="flink.test.testQuery4" time="1.037">
    <system-out><![CDATA[*************[(1,6,210,35.0), (2,3,90,30.0)]*************
]]></system-out>
    <system-err><![CDATA[Apr 29, 2024 9:25:36 AM org.apache.flink.api.java.typeutils.TypeExtractor analyzePojo
INFO: The default constructor of class org.apache.beam.sdk.nexmark.model.Auction is not Public so it cannot be used as a POJO type and must be processed as GenericType. Please read the Flink documentation on "Data Types & Serialization" for details of the effect on performance and schema evolution.
Apr 29, 2024 9:25:36 AM org.apache.flink.api.java.typeutils.TypeExtractor analyzePojo
INFO: The default constructor of class org.apache.beam.sdk.nexmark.model.Bid is not Public so it cannot be used as a POJO type and must be processed as GenericType. Please read the Flink documentation on "Data Types & Serialization" for details of the effect on performance and schema evolution.
Apr 29, 2024 9:25:36 AM org.apache.flink.api.java.typeutils.runtime.kryo.KryoSerializer getKryoInstance
INFO: Kryo serializer scala extensions are not available.
Apr 29, 2024 9:25:36 AM org.apache.flink.api.java.typeutils.runtime.kryo.KryoSerializer getKryoInstance
INFO: Kryo serializer scala extensions are not available.
Apr 29, 2024 9:25:36 AM org.apache.flink.runtime.taskexecutor.TaskExecutorResourceUtils setConfigOptionToDefaultIfNotSet
INFO: The configuration option taskmanager.cpu.cores required for local execution is not set, setting it to the maximal possible value.
Apr 29, 2024 9:25:36 AM org.apache.flink.runtime.taskexecutor.TaskExecutorResourceUtils setConfigOptionToDefaultIfNotSet
INFO: The configuration option taskmanager.memory.task.heap.size required for local execution is not set, setting it to the maximal possible value.
Apr 29, 2024 9:25:36 AM org.apache.flink.runtime.taskexecutor.TaskExecutorResourceUtils setConfigOptionToDefaultIfNotSet
INFO: The configuration option taskmanager.memory.task.off-heap.size required for local execution is not set, setting it to the maximal possible value.
Apr 29, 2024 9:25:36 AM org.apache.flink.runtime.taskexecutor.TaskExecutorResourceUtils setConfigOptionToDefaultIfNotSet
INFO: The configuration option taskmanager.memory.network.min required for local execution is not set, setting it to its default value 64 mb.
Apr 29, 2024 9:25:36 AM org.apache.flink.runtime.taskexecutor.TaskExecutorResourceUtils setConfigOptionToDefaultIfNotSet
INFO: The configuration option taskmanager.memory.network.max required for local execution is not set, setting it to its default value 64 mb.
Apr 29, 2024 9:25:36 AM org.apache.flink.runtime.taskexecutor.TaskExecutorResourceUtils setConfigOptionToDefaultIfNotSet
INFO: The configuration option taskmanager.memory.managed.size required for local execution is not set, setting it to its default value 128 mb.
Apr 29, 2024 9:25:36 AM org.apache.flink.runtime.minicluster.MiniCluster start
INFO: Starting Flink Mini Cluster
Apr 29, 2024 9:25:36 AM org.apache.flink.runtime.minicluster.MiniCluster start
INFO: Starting Metrics Registry
Apr 29, 2024 9:25:36 AM org.apache.flink.runtime.metrics.MetricRegistryImpl <init>
INFO: No metrics reporter configured, no metrics will be exposed/reported.
Apr 29, 2024 9:25:36 AM org.apache.flink.runtime.minicluster.MiniCluster start
INFO: Starting RPC Service(s)
Apr 29, 2024 9:25:36 AM org.apache.flink.runtime.rpc.pekko.ActorSystemBootstrapTools startLocalActorSystem
INFO: Trying to start local actor system
Apr 29, 2024 9:25:37 AM org.apache.pekko.event.slf4j.Slf4jLogger$$anonfun$receive$1 applyOrElse
INFO: Slf4jLogger started
Apr 29, 2024 9:25:37 AM org.apache.flink.runtime.rpc.pekko.ActorSystemBootstrapTools startActorSystem
INFO: Actor system started at pekko://flink
Apr 29, 2024 9:25:37 AM org.apache.flink.runtime.rpc.pekko.ActorSystemBootstrapTools startLocalActorSystem
INFO: Trying to start local actor system
Apr 29, 2024 9:25:37 AM org.apache.pekko.event.slf4j.Slf4jLogger$$anonfun$receive$1 applyOrElse
INFO: Slf4jLogger started
Apr 29, 2024 9:25:37 AM org.apache.flink.runtime.rpc.pekko.ActorSystemBootstrapTools startActorSystem
INFO: Actor system started at pekko://flink-metrics
Apr 29, 2024 9:25:37 AM org.apache.flink.runtime.rpc.pekko.PekkoRpcService startServer
INFO: Starting RPC endpoint for org.apache.flink.runtime.metrics.dump.MetricQueryService at pekko://flink-metrics/user/rpc/MetricQueryService .
Apr 29, 2024 9:25:37 AM org.apache.flink.runtime.security.token.DefaultDelegationTokenManager loadProviders
INFO: Loading delegation token providers
Apr 29, 2024 9:25:37 AM org.apache.flink.runtime.util.HadoopUtils getHadoopConfiguration
WARNING: Could not find Hadoop configuration via any of the supported methods (Flink configuration, environment variables).
Apr 29, 2024 9:25:37 AM org.apache.flink.runtime.security.token.DefaultDelegationTokenManager lambda$loadProviders$0
INFO: Delegation token provider hadoopfs loaded and initialized
Apr 29, 2024 9:25:37 AM org.apache.flink.runtime.util.HadoopUtils getHadoopConfiguration
WARNING: Could not find Hadoop configuration via any of the supported methods (Flink configuration, environment variables).
Apr 29, 2024 9:25:37 AM org.apache.flink.runtime.security.token.DefaultDelegationTokenManager lambda$loadProviders$0
INFO: Delegation token provider hbase loaded and initialized
Apr 29, 2024 9:25:37 AM org.apache.flink.runtime.security.token.DefaultDelegationTokenManager loadProviders
INFO: Delegation token providers loaded successfully
Apr 29, 2024 9:25:37 AM org.apache.flink.runtime.security.token.DelegationTokenReceiverRepository loadReceivers
INFO: Loading delegation token receivers
Apr 29, 2024 9:25:37 AM org.apache.flink.runtime.security.token.DelegationTokenReceiverRepository lambda$loadReceivers$0
INFO: Delegation token receiver hadoopfs loaded and initialized
Apr 29, 2024 9:25:37 AM org.apache.flink.runtime.security.token.DelegationTokenReceiverRepository lambda$loadReceivers$0
INFO: Delegation token receiver hbase loaded and initialized
Apr 29, 2024 9:25:37 AM org.apache.flink.runtime.security.token.DelegationTokenReceiverRepository loadReceivers
INFO: Delegation token receivers loaded successfully
Apr 29, 2024 9:25:37 AM org.apache.flink.runtime.security.token.DefaultDelegationTokenManager checkProviderAndReceiverConsistency
INFO: Checking provider and receiver instances consistency
Apr 29, 2024 9:25:37 AM org.apache.flink.runtime.security.token.DefaultDelegationTokenManager checkProviderAndReceiverConsistency
INFO: Provider and receiver instances are consistent
Apr 29, 2024 9:25:37 AM org.apache.flink.runtime.security.token.DefaultDelegationTokenManager obtainDelegationTokens
INFO: Obtaining delegation tokens
Apr 29, 2024 9:25:37 AM org.apache.flink.runtime.security.token.DefaultDelegationTokenManager obtainDelegationTokens
INFO: Delegation tokens obtained successfully
Apr 29, 2024 9:25:37 AM org.apache.flink.runtime.security.token.DefaultDelegationTokenManager obtainDelegationTokens
WARNING: No tokens obtained so skipping notifications
Apr 29, 2024 9:25:37 AM org.apache.flink.runtime.security.token.DelegationTokenReceiverRepository loadReceivers
INFO: Loading delegation token receivers
Apr 29, 2024 9:25:37 AM org.apache.flink.runtime.security.token.DelegationTokenReceiverRepository lambda$loadReceivers$0
INFO: Delegation token receiver hadoopfs loaded and initialized
Apr 29, 2024 9:25:37 AM org.apache.flink.runtime.security.token.DelegationTokenReceiverRepository lambda$loadReceivers$0
INFO: Delegation token receiver hbase loaded and initialized
Apr 29, 2024 9:25:37 AM org.apache.flink.runtime.security.token.DelegationTokenReceiverRepository loadReceivers
INFO: Delegation token receivers loaded successfully
Apr 29, 2024 9:25:37 AM org.apache.flink.runtime.blob.BlobServer <init>
INFO: Created BLOB server storage directory /var/folders/9y/mg706rlj3cx1fsv47rlmtqq40000gn/T/minicluster_d088362711a6217964d58f67519e18db/blobStorage
Apr 29, 2024 9:25:37 AM org.apache.flink.runtime.blob.BlobServer <init>
INFO: Started BLOB server at 0.0.0.0:50035 - max concurrent requests: 50 - max backlog: 1000
Apr 29, 2024 9:25:37 AM org.apache.flink.runtime.blob.AbstractBlobCache <init>
INFO: Created BLOB cache storage directory /var/folders/9y/mg706rlj3cx1fsv47rlmtqq40000gn/T/minicluster_d088362711a6217964d58f67519e18db/blobStorage
Apr 29, 2024 9:25:37 AM org.apache.flink.runtime.blob.AbstractBlobCache <init>
INFO: Created BLOB cache storage directory /var/folders/9y/mg706rlj3cx1fsv47rlmtqq40000gn/T/minicluster_d088362711a6217964d58f67519e18db/blobStorage
Apr 29, 2024 9:25:37 AM org.apache.flink.runtime.minicluster.MiniCluster startTaskManagers
INFO: Starting 1 TaskManager(s)
Apr 29, 2024 9:25:37 AM org.apache.flink.runtime.taskexecutor.TaskManagerRunner startTaskManager
INFO: Starting TaskManager with ResourceID: 2b9ef074-6d57-49b6-8d89-d94c05700f54
Apr 29, 2024 9:25:37 AM org.apache.flink.runtime.taskexecutor.TaskManagerServices checkTempDirs
INFO: Temporary file directory '/var/folders/9y/mg706rlj3cx1fsv47rlmtqq40000gn/T': total 460 GB, usable 240 GB (52.17% usable)
Apr 29, 2024 9:25:37 AM org.apache.flink.runtime.io.disk.iomanager.IOManager <init>
INFO: Created a new FileChannelManager for spilling of task related data to disk (joins, sorting, ...). Used directories:
	/var/folders/9y/mg706rlj3cx1fsv47rlmtqq40000gn/T/flink-io-04ab0a26-56db-45ec-9606-372e6a3a0c44
Apr 29, 2024 9:25:37 AM org.apache.flink.runtime.io.network.NettyShuffleServiceFactory createNettyShuffleEnvironment
INFO: Created a new FileChannelManager for storing result partitions of BLOCKING shuffles. Used directories:
	/var/folders/9y/mg706rlj3cx1fsv47rlmtqq40000gn/T/flink-netty-shuffle-35c621ee-c051-4ade-8d6a-9a6b42238e4c
Apr 29, 2024 9:25:37 AM org.apache.flink.runtime.io.network.buffer.NetworkBufferPool <init>
INFO: Allocated 64 MB for network buffer pool (number of memory segments: 2048, bytes per segment: 32768).
Apr 29, 2024 9:25:37 AM org.apache.flink.runtime.io.network.NettyShuffleEnvironment start
INFO: Starting the network environment and its components.
Apr 29, 2024 9:25:37 AM org.apache.flink.runtime.taskexecutor.KvStateService start
INFO: Starting the kvState service and its components.
Apr 29, 2024 9:25:37 AM org.apache.flink.configuration.Configuration loggingFallback
INFO: Config uses fallback configuration key 'pekko.ask.timeout' instead of key 'taskmanager.slot.timeout'
Apr 29, 2024 9:25:37 AM org.apache.flink.runtime.rpc.pekko.PekkoRpcService startServer
INFO: Starting RPC endpoint for org.apache.flink.runtime.taskexecutor.TaskExecutor at pekko://flink/user/rpc/taskmanager_4 .
Apr 29, 2024 9:25:37 AM org.apache.flink.runtime.taskexecutor.DefaultJobLeaderService start
INFO: Start job leader service.
Apr 29, 2024 9:25:37 AM org.apache.flink.runtime.filecache.FileCache <init>
INFO: User file cache uses directory /var/folders/9y/mg706rlj3cx1fsv47rlmtqq40000gn/T/flink-dist-cache-890fd5f9-a9f0-4bea-90f7-6124fe9128f4
Apr 29, 2024 9:25:37 AM org.apache.flink.runtime.rest.RestServerEndpoint start
INFO: Starting rest endpoint.
Apr 29, 2024 9:25:37 AM org.apache.flink.runtime.webmonitor.WebMonitorUtils$LogFileLocation find
WARNING: Log file environment variable 'log.file' is not set.
Apr 29, 2024 9:25:37 AM org.apache.flink.runtime.webmonitor.WebMonitorUtils$LogFileLocation find
WARNING: JobManager log files are unavailable in the web dashboard. Log file location not found in environment variable 'log.file' or configuration key 'web.log.path'.
Apr 29, 2024 9:25:37 AM org.apache.flink.runtime.rest.RestServerEndpoint start
INFO: Rest endpoint listening at localhost:50036
Apr 29, 2024 9:25:37 AM org.apache.flink.runtime.highavailability.nonha.embedded.EmbeddedLeaderService updateLeader
INFO: Proposing leadership to the contender that is registered under component ID 'rest_server'.
Apr 29, 2024 9:25:37 AM org.apache.flink.runtime.webmonitor.WebMonitorEndpoint startInternal
INFO: Web frontend listening at http://localhost:50036.
Apr 29, 2024 9:25:37 AM org.apache.flink.runtime.webmonitor.WebMonitorEndpoint grantLeadership
INFO: http://localhost:50036 was granted leadership with leaderSessionID=f6d1b8c9-f6a3-4678-af75-c8c47e3878f3
Apr 29, 2024 9:25:37 AM org.apache.flink.runtime.highavailability.nonha.embedded.EmbeddedLeaderService confirmLeader
INFO: Received confirmation of leadership for leader http://localhost:50036 , session=f6d1b8c9-f6a3-4678-af75-c8c47e3878f3
Apr 29, 2024 9:25:37 AM org.apache.flink.runtime.highavailability.nonha.embedded.EmbeddedLeaderService updateLeader
INFO: Proposing leadership to the contender that is registered under component ID 'dispatcher'.
Apr 29, 2024 9:25:37 AM org.apache.flink.runtime.resourcemanager.ResourceManagerServiceImpl start
INFO: Starting resource manager service.
Apr 29, 2024 9:25:37 AM org.apache.flink.runtime.dispatcher.runner.DefaultDispatcherRunner lambda$grantLeadership$0
INFO: DefaultDispatcherRunner was granted leadership with leader id c27b319b-0cd0-4671-9a38-4a176fd0906d. Creating new DispatcherLeaderProcess.
Apr 29, 2024 9:25:37 AM org.apache.flink.runtime.highavailability.nonha.embedded.EmbeddedLeaderService updateLeader
INFO: Proposing leadership to the contender that is registered under component ID 'resource_manager'.
Apr 29, 2024 9:25:37 AM org.apache.flink.runtime.dispatcher.runner.AbstractDispatcherLeaderProcess startInternal
INFO: Start SessionDispatcherLeaderProcess.
Apr 29, 2024 9:25:37 AM org.apache.flink.runtime.minicluster.MiniCluster start
INFO: Flink Mini Cluster started successfully
Apr 29, 2024 9:25:37 AM org.apache.flink.runtime.dispatcher.runner.SessionDispatcherLeaderProcess recoverJobs
INFO: Recover all persisted job graphs that are not finished, yet.
Apr 29, 2024 9:25:37 AM org.apache.flink.runtime.resourcemanager.ResourceManagerServiceImpl lambda$grantLeadership$2
INFO: Resource manager service is granted leadership with session id d726174c-e6ca-4a2d-850c-410fd131038b.
Apr 29, 2024 9:25:37 AM org.apache.flink.runtime.dispatcher.runner.SessionDispatcherLeaderProcess recoverJobs
INFO: Successfully recovered 0 persisted job graphs.
Apr 29, 2024 9:25:37 AM org.apache.flink.runtime.rpc.pekko.PekkoRpcService startServer
INFO: Starting RPC endpoint for org.apache.flink.runtime.dispatcher.StandaloneDispatcher at pekko://flink/user/rpc/dispatcher_5 .
Apr 29, 2024 9:25:37 AM org.apache.flink.runtime.rpc.pekko.PekkoRpcService startServer
INFO: Starting RPC endpoint for org.apache.flink.runtime.resourcemanager.StandaloneResourceManager at pekko://flink/user/rpc/resourcemanager_6 .
Apr 29, 2024 9:25:37 AM org.apache.flink.runtime.resourcemanager.ResourceManager onStart
INFO: Starting the resource manager.
Apr 29, 2024 9:25:37 AM org.apache.flink.runtime.resourcemanager.slotmanager.FineGrainedSlotManager start
INFO: Starting the slot manager.
Apr 29, 2024 9:25:37 AM org.apache.flink.runtime.security.token.DefaultDelegationTokenManager startTokensUpdate
INFO: Starting tokens update task
Apr 29, 2024 9:25:37 AM org.apache.flink.runtime.security.token.DefaultDelegationTokenManager startTokensUpdate
WARNING: No tokens obtained so skipping notifications
Apr 29, 2024 9:25:37 AM org.apache.flink.runtime.security.token.DefaultDelegationTokenManager startTokensUpdate
WARNING: Tokens update task not started because either no tokens obtained or none of the tokens specified its renewal date
Apr 29, 2024 9:25:37 AM org.apache.flink.runtime.highavailability.nonha.embedded.EmbeddedLeaderService confirmLeader
INFO: Received confirmation of leadership for leader pekko://flink/user/rpc/dispatcher_5 , session=c27b319b-0cd0-4671-9a38-4a176fd0906d
Apr 29, 2024 9:25:37 AM org.apache.flink.runtime.highavailability.nonha.embedded.EmbeddedLeaderService confirmLeader
INFO: Received confirmation of leadership for leader pekko://flink/user/rpc/resourcemanager_6 , session=d726174c-e6ca-4a2d-850c-410fd131038b
Apr 29, 2024 9:25:37 AM org.apache.flink.runtime.taskexecutor.TaskExecutor connectToResourceManager
INFO: Connecting to ResourceManager pekko://flink/user/rpc/resourcemanager_6(850c410fd131038bd726174ce6ca4a2d).
Apr 29, 2024 9:25:37 AM org.apache.flink.runtime.registration.RetryingRegistration lambda$startRegistration$0
INFO: Resolved ResourceManager address, beginning registration
Apr 29, 2024 9:25:37 AM org.apache.flink.runtime.dispatcher.Dispatcher submitJob
INFO: Received JobGraph submission 'DataStream Collect' (781554115da02426c2238740d6418aa5).
Apr 29, 2024 9:25:37 AM org.apache.flink.runtime.resourcemanager.ResourceManager registerTaskExecutorInternal
INFO: Registering TaskManager with ResourceID 2b9ef074-6d57-49b6-8d89-d94c05700f54 (pekko://flink/user/rpc/taskmanager_4) at ResourceManager
Apr 29, 2024 9:25:37 AM org.apache.flink.runtime.dispatcher.Dispatcher internalSubmitJob
INFO: Submitting job 'DataStream Collect' (781554115da02426c2238740d6418aa5).
Apr 29, 2024 9:25:37 AM org.apache.flink.runtime.highavailability.nonha.embedded.EmbeddedLeaderService updateLeader
INFO: Proposing leadership to the contender that is registered under component ID 'job-781554115da02426c2238740d6418aa5'.
Apr 29, 2024 9:25:37 AM org.apache.flink.runtime.jobmaster.JobMasterServiceLeadershipRunner createNewJobMasterServiceProcess
INFO: JobMasterServiceLeadershipRunner for job 781554115da02426c2238740d6418aa5 was granted leadership with leader id 680a40aa-e294-4251-9efb-c1a04ded55e6. Creating new JobMasterServiceProcess.
Apr 29, 2024 9:25:37 AM org.apache.flink.runtime.taskexecutor.TaskExecutorToResourceManagerConnection onRegistrationSuccess
INFO: Successful registration at resource manager pekko://flink/user/rpc/resourcemanager_6 under registration id b7724a366249dfc576b2eb58bd96fa71.
Apr 29, 2024 9:25:37 AM org.apache.flink.runtime.resourcemanager.slotmanager.FineGrainedSlotManager registerTaskManager
INFO: Registering task executor 2b9ef074-6d57-49b6-8d89-d94c05700f54 under b7724a366249dfc576b2eb58bd96fa71 at the slot manager.
Apr 29, 2024 9:25:37 AM org.apache.flink.runtime.rpc.pekko.PekkoRpcService startServer
INFO: Starting RPC endpoint for org.apache.flink.runtime.jobmaster.JobMaster at pekko://flink/user/rpc/jobmanager_7 .
Apr 29, 2024 9:25:37 AM org.apache.flink.runtime.jobmaster.JobMaster <init>
INFO: Initializing job 'DataStream Collect' (781554115da02426c2238740d6418aa5).
Apr 29, 2024 9:25:37 AM org.apache.flink.runtime.scheduler.DefaultSchedulerFactory createInstance
INFO: Using restart back off time strategy NoRestartBackoffTimeStrategy for DataStream Collect (781554115da02426c2238740d6418aa5).
Apr 29, 2024 9:25:37 AM org.apache.flink.runtime.executiongraph.DefaultExecutionGraph <init>
INFO: Created execution graph ff7b72e9e521c60ba9411b42329d6d16 for job 781554115da02426c2238740d6418aa5.
Apr 29, 2024 9:25:37 AM org.apache.flink.runtime.executiongraph.DefaultExecutionGraphBuilder buildGraph
INFO: Running initialization on master for job DataStream Collect (781554115da02426c2238740d6418aa5).
Apr 29, 2024 9:25:37 AM org.apache.flink.runtime.executiongraph.DefaultExecutionGraphBuilder buildGraph
INFO: Successfully ran initialization on master in 0 ms.
Apr 29, 2024 9:25:37 AM org.apache.flink.runtime.scheduler.adapter.DefaultExecutionTopology generateNewPipelinedRegions
INFO: Built 1 new pipelined regions in 0 ms, total 1 pipelined regions currently.
Apr 29, 2024 9:25:37 AM org.apache.flink.runtime.state.StateBackendLoader loadFromApplicationOrConfigOrDefaultInternal
INFO: No state backend has been configured, using default (HashMap) org.apache.flink.runtime.state.hashmap.HashMapStateBackend@439ae20b
Apr 29, 2024 9:25:37 AM org.apache.flink.runtime.state.StateBackendLoader fromApplicationOrConfigOrDefault
INFO: State backend loader loads the state backend as HashMapStateBackend
Apr 29, 2024 9:25:37 AM org.apache.flink.runtime.state.CheckpointStorageLoader createJobManagerCheckpointStorage
INFO: Checkpoint storage is set to 'jobmanager'
Apr 29, 2024 9:25:37 AM org.apache.flink.runtime.checkpoint.CheckpointCoordinator restoreLatestCheckpointedStateInternal
INFO: No checkpoint found during restore.
Apr 29, 2024 9:25:37 AM org.apache.flink.runtime.scheduler.DefaultScheduler <init>
INFO: Using failover strategy org.apache.flink.runtime.executiongraph.failover.flip1.RestartPipelinedRegionFailoverStrategy@7e6dfac4 for DataStream Collect (781554115da02426c2238740d6418aa5).
Apr 29, 2024 9:25:37 AM org.apache.flink.runtime.highavailability.nonha.embedded.EmbeddedLeaderService confirmLeader
INFO: Received confirmation of leadership for leader pekko://flink/user/rpc/jobmanager_7 , session=680a40aa-e294-4251-9efb-c1a04ded55e6
Apr 29, 2024 9:25:37 AM org.apache.flink.runtime.jobmaster.JobMaster startJobExecution
INFO: Starting execution of job 'DataStream Collect' (781554115da02426c2238740d6418aa5) under job master id 9efbc1a04ded55e6680a40aae2944251.
Apr 29, 2024 9:25:37 AM org.apache.flink.runtime.scheduler.DefaultScheduler startSchedulingInternal
INFO: Starting scheduling with scheduling strategy [org.apache.flink.runtime.scheduler.strategy.PipelinedRegionSchedulingStrategy]
Apr 29, 2024 9:25:37 AM org.apache.flink.runtime.executiongraph.DefaultExecutionGraph transitionState
INFO: Job DataStream Collect (781554115da02426c2238740d6418aa5) switched from state CREATED to RUNNING.
Apr 29, 2024 9:25:37 AM org.apache.flink.runtime.executiongraph.Execution transitionState
INFO: Source: Collection Source -> Timestamps/Watermarks (1/1) (ff7b72e9e521c60ba9411b42329d6d16_cbc357ccb763df2852fee8c4fc7d55f2_0_0) switched from CREATED to SCHEDULED.
Apr 29, 2024 9:25:37 AM org.apache.flink.runtime.executiongraph.Execution transitionState
INFO: Source: Collection Source -> Timestamps/Watermarks (1/1) (ff7b72e9e521c60ba9411b42329d6d16_6cdc5bb954874d922eaee11a8e7b5dd5_0_0) switched from CREATED to SCHEDULED.
Apr 29, 2024 9:25:37 AM org.apache.flink.runtime.executiongraph.Execution transitionState
INFO: Co-Process (1/1) (ff7b72e9e521c60ba9411b42329d6d16_0c9698a73a6211243fab695da9d8c163_0_0) switched from CREATED to SCHEDULED.
Apr 29, 2024 9:25:37 AM org.apache.flink.runtime.executiongraph.Execution transitionState
INFO: KeyedProcess (1/1) (ff7b72e9e521c60ba9411b42329d6d16_97db730e07d35d6850e3d51339e006de_0_0) switched from CREATED to SCHEDULED.
Apr 29, 2024 9:25:37 AM org.apache.flink.runtime.executiongraph.Execution transitionState
INFO: TumblingEventTimeWindows -> Sink: Data stream collect sink (1/1) (ff7b72e9e521c60ba9411b42329d6d16_561b99790e87a1e4f6980356c75ba2de_0_0) switched from CREATED to SCHEDULED.
Apr 29, 2024 9:25:37 AM org.apache.flink.runtime.jobmaster.JobMaster connectToResourceManager
INFO: Connecting to ResourceManager pekko://flink/user/rpc/resourcemanager_6(850c410fd131038bd726174ce6ca4a2d)
Apr 29, 2024 9:25:37 AM org.apache.flink.runtime.registration.RetryingRegistration lambda$startRegistration$0
INFO: Resolved ResourceManager address, beginning registration
Apr 29, 2024 9:25:37 AM org.apache.flink.runtime.resourcemanager.ResourceManager registerJobMaster
INFO: Registering job manager 9efbc1a04ded55e6680a40aae2944251@pekko://flink/user/rpc/jobmanager_7 for job 781554115da02426c2238740d6418aa5.
Apr 29, 2024 9:25:37 AM org.apache.flink.runtime.resourcemanager.ResourceManager registerJobMasterInternal
INFO: Registered job manager 9efbc1a04ded55e6680a40aae2944251@pekko://flink/user/rpc/jobmanager_7 for job 781554115da02426c2238740d6418aa5.
Apr 29, 2024 9:25:37 AM org.apache.flink.runtime.jobmaster.JobMaster establishResourceManagerConnection
INFO: JobManager successfully registered at ResourceManager, leader id: 850c410fd131038bd726174ce6ca4a2d.
Apr 29, 2024 9:25:37 AM org.apache.flink.runtime.resourcemanager.slotmanager.FineGrainedSlotManager processResourceRequirements
INFO: Received resource requirements from job 781554115da02426c2238740d6418aa5: [ResourceRequirement{resourceProfile=ResourceProfile{UNKNOWN}, numberOfRequiredSlots=1}]
Apr 29, 2024 9:25:37 AM org.apache.flink.runtime.resourcemanager.slotmanager.FineGrainedSlotManager logMissingAndAvailableResource
INFO: Matching resource requirements against available resources.
Missing resources:
	 Job 781554115da02426c2238740d6418aa5
		ResourceRequirement{resourceProfile=ResourceProfile{UNKNOWN}, numberOfRequiredSlots=1}
Current resources:
	TaskManager 2b9ef074-6d57-49b6-8d89-d94c05700f54
		Available: ResourceProfile{taskHeapMemory=1024.000gb (1099511627776 bytes), taskOffHeapMemory=1024.000gb (1099511627776 bytes), managedMemory=128.000mb (134217728 bytes), networkMemory=64.000mb (67108864 bytes)}
		Total:     ResourceProfile{taskHeapMemory=1024.000gb (1099511627776 bytes), taskOffHeapMemory=1024.000gb (1099511627776 bytes), managedMemory=128.000mb (134217728 bytes), networkMemory=64.000mb (67108864 bytes)}
Apr 29, 2024 9:25:37 AM org.apache.flink.runtime.resourcemanager.slotmanager.DefaultSlotStatusSyncer allocateSlot
INFO: Starting allocation of slot 6ec9e3acdc0dae248f35d8f3d6969825 from 2b9ef074-6d57-49b6-8d89-d94c05700f54 for job 781554115da02426c2238740d6418aa5 with resource profile ResourceProfile{taskHeapMemory=1024.000gb (1099511627776 bytes), taskOffHeapMemory=1024.000gb (1099511627776 bytes), managedMemory=128.000mb (134217728 bytes), networkMemory=64.000mb (67108864 bytes)}.
Apr 29, 2024 9:25:37 AM org.apache.flink.runtime.taskexecutor.TaskExecutor requestSlot
INFO: Receive slot request 6ec9e3acdc0dae248f35d8f3d6969825 for job 781554115da02426c2238740d6418aa5 from resource manager with leader id 850c410fd131038bd726174ce6ca4a2d.
Apr 29, 2024 9:25:37 AM org.apache.flink.runtime.taskexecutor.slot.TaskSlotTableImpl allocateSlot
INFO: Allocated slot for 6ec9e3acdc0dae248f35d8f3d6969825 with resources ResourceProfile{taskHeapMemory=1024.000gb (1099511627776 bytes), taskOffHeapMemory=1024.000gb (1099511627776 bytes), managedMemory=128.000mb (134217728 bytes), networkMemory=64.000mb (67108864 bytes)}.
Apr 29, 2024 9:25:37 AM org.apache.flink.runtime.taskexecutor.DefaultJobLeaderService addJob
INFO: Add job 781554115da02426c2238740d6418aa5 for job leader monitoring.
Apr 29, 2024 9:25:37 AM org.apache.flink.runtime.taskexecutor.DefaultJobLeaderService$JobManagerLeaderListener openRpcConnectionTo
INFO: Try to register at job manager pekko://flink/user/rpc/jobmanager_7 with leader id 680a40aa-e294-4251-9efb-c1a04ded55e6.
Apr 29, 2024 9:25:37 AM org.apache.flink.runtime.registration.RetryingRegistration lambda$startRegistration$0
INFO: Resolved JobManager address, beginning registration
Apr 29, 2024 9:25:37 AM org.apache.flink.runtime.taskexecutor.DefaultJobLeaderService$JobManagerLeaderListener$JobManagerRegisteredRpcConnection lambda$onRegistrationSuccess$0
INFO: Successful registration at job manager pekko://flink/user/rpc/jobmanager_7 for job 781554115da02426c2238740d6418aa5.
Apr 29, 2024 9:25:37 AM org.apache.flink.runtime.taskexecutor.TaskExecutor establishJobManagerConnection
INFO: Establish JobManager connection for job 781554115da02426c2238740d6418aa5.
Apr 29, 2024 9:25:37 AM org.apache.flink.runtime.taskexecutor.TaskExecutor internalOfferSlotsToJobManager
INFO: Offer reserved slots to the leader of job 781554115da02426c2238740d6418aa5.
Apr 29, 2024 9:25:37 AM org.apache.flink.runtime.executiongraph.Execution transitionState
INFO: Source: Collection Source -> Timestamps/Watermarks (1/1) (ff7b72e9e521c60ba9411b42329d6d16_cbc357ccb763df2852fee8c4fc7d55f2_0_0) switched from SCHEDULED to DEPLOYING.
Apr 29, 2024 9:25:37 AM org.apache.flink.runtime.executiongraph.Execution deploy
INFO: Deploying Source: Collection Source -> Timestamps/Watermarks (1/1) (attempt #0) with attempt id ff7b72e9e521c60ba9411b42329d6d16_cbc357ccb763df2852fee8c4fc7d55f2_0_0 and vertex id cbc357ccb763df2852fee8c4fc7d55f2_0 to 2b9ef074-6d57-49b6-8d89-d94c05700f54 @ localhost (dataPort=-1) with allocation id 6ec9e3acdc0dae248f35d8f3d6969825
Apr 29, 2024 9:25:37 AM org.apache.flink.runtime.executiongraph.Execution transitionState
INFO: Source: Collection Source -> Timestamps/Watermarks (1/1) (ff7b72e9e521c60ba9411b42329d6d16_6cdc5bb954874d922eaee11a8e7b5dd5_0_0) switched from SCHEDULED to DEPLOYING.
Apr 29, 2024 9:25:37 AM org.apache.flink.runtime.taskexecutor.slot.TaskSlotTableImpl markExistingSlotActive
INFO: Activate slot 6ec9e3acdc0dae248f35d8f3d6969825.
Apr 29, 2024 9:25:37 AM org.apache.flink.runtime.executiongraph.Execution deploy
INFO: Deploying Source: Collection Source -> Timestamps/Watermarks (1/1) (attempt #0) with attempt id ff7b72e9e521c60ba9411b42329d6d16_6cdc5bb954874d922eaee11a8e7b5dd5_0_0 and vertex id 6cdc5bb954874d922eaee11a8e7b5dd5_0 to 2b9ef074-6d57-49b6-8d89-d94c05700f54 @ localhost (dataPort=-1) with allocation id 6ec9e3acdc0dae248f35d8f3d6969825
Apr 29, 2024 9:25:37 AM org.apache.flink.runtime.executiongraph.Execution transitionState
INFO: Co-Process (1/1) (ff7b72e9e521c60ba9411b42329d6d16_0c9698a73a6211243fab695da9d8c163_0_0) switched from SCHEDULED to DEPLOYING.
Apr 29, 2024 9:25:37 AM org.apache.flink.runtime.executiongraph.Execution deploy
INFO: Deploying Co-Process (1/1) (attempt #0) with attempt id ff7b72e9e521c60ba9411b42329d6d16_0c9698a73a6211243fab695da9d8c163_0_0 and vertex id 0c9698a73a6211243fab695da9d8c163_0 to 2b9ef074-6d57-49b6-8d89-d94c05700f54 @ localhost (dataPort=-1) with allocation id 6ec9e3acdc0dae248f35d8f3d6969825
Apr 29, 2024 9:25:37 AM org.apache.flink.runtime.state.changelog.StateChangelogStorageLoader load
INFO: Creating a changelog storage with name 'memory'.
Apr 29, 2024 9:25:37 AM org.apache.flink.runtime.state.TaskExecutorChannelStateExecutorFactoryManager getOrCreateExecutorFactory
INFO: Creating the channel state executor factory for job id 781554115da02426c2238740d6418aa5
Apr 29, 2024 9:25:37 AM org.apache.flink.runtime.executiongraph.Execution transitionState
INFO: KeyedProcess (1/1) (ff7b72e9e521c60ba9411b42329d6d16_97db730e07d35d6850e3d51339e006de_0_0) switched from SCHEDULED to DEPLOYING.
Apr 29, 2024 9:25:37 AM org.apache.flink.runtime.taskexecutor.TaskExecutor submitTask
INFO: Received task Source: Collection Source -> Timestamps/Watermarks (1/1)#0 (ff7b72e9e521c60ba9411b42329d6d16_cbc357ccb763df2852fee8c4fc7d55f2_0_0), deploy into slot with allocation id 6ec9e3acdc0dae248f35d8f3d6969825.
Apr 29, 2024 9:25:37 AM org.apache.flink.runtime.executiongraph.Execution deploy
INFO: Deploying KeyedProcess (1/1) (attempt #0) with attempt id ff7b72e9e521c60ba9411b42329d6d16_97db730e07d35d6850e3d51339e006de_0_0 and vertex id 97db730e07d35d6850e3d51339e006de_0 to 2b9ef074-6d57-49b6-8d89-d94c05700f54 @ localhost (dataPort=-1) with allocation id 6ec9e3acdc0dae248f35d8f3d6969825
Apr 29, 2024 9:25:37 AM org.apache.flink.runtime.taskexecutor.slot.TaskSlotTableImpl markExistingSlotActive
INFO: Activate slot 6ec9e3acdc0dae248f35d8f3d6969825.
Apr 29, 2024 9:25:37 AM org.apache.flink.runtime.taskmanager.Task transitionState
INFO: Source: Collection Source -> Timestamps/Watermarks (1/1)#0 (ff7b72e9e521c60ba9411b42329d6d16_cbc357ccb763df2852fee8c4fc7d55f2_0_0) switched from CREATED to DEPLOYING.
Apr 29, 2024 9:25:37 AM org.apache.flink.runtime.executiongraph.Execution transitionState
INFO: TumblingEventTimeWindows -> Sink: Data stream collect sink (1/1) (ff7b72e9e521c60ba9411b42329d6d16_561b99790e87a1e4f6980356c75ba2de_0_0) switched from SCHEDULED to DEPLOYING.
Apr 29, 2024 9:25:37 AM org.apache.flink.runtime.executiongraph.Execution deploy
INFO: Deploying TumblingEventTimeWindows -> Sink: Data stream collect sink (1/1) (attempt #0) with attempt id ff7b72e9e521c60ba9411b42329d6d16_561b99790e87a1e4f6980356c75ba2de_0_0 and vertex id 561b99790e87a1e4f6980356c75ba2de_0 to 2b9ef074-6d57-49b6-8d89-d94c05700f54 @ localhost (dataPort=-1) with allocation id 6ec9e3acdc0dae248f35d8f3d6969825
Apr 29, 2024 9:25:37 AM org.apache.flink.runtime.taskmanager.Task doRun
INFO: Loading JAR files for task Source: Collection Source -> Timestamps/Watermarks (1/1)#0 (ff7b72e9e521c60ba9411b42329d6d16_cbc357ccb763df2852fee8c4fc7d55f2_0_0) [DEPLOYING].
Apr 29, 2024 9:25:37 AM org.apache.flink.runtime.state.StateBackendLoader loadFromApplicationOrConfigOrDefaultInternal
INFO: No state backend has been configured, using default (HashMap) org.apache.flink.runtime.state.hashmap.HashMapStateBackend@7f3426e7
Apr 29, 2024 9:25:37 AM org.apache.flink.runtime.state.StateBackendLoader fromApplicationOrConfigOrDefault
INFO: State backend loader loads the state backend as HashMapStateBackend
Apr 29, 2024 9:25:37 AM org.apache.flink.runtime.taskexecutor.TaskExecutor submitTask
INFO: Received task Source: Collection Source -> Timestamps/Watermarks (1/1)#0 (ff7b72e9e521c60ba9411b42329d6d16_6cdc5bb954874d922eaee11a8e7b5dd5_0_0), deploy into slot with allocation id 6ec9e3acdc0dae248f35d8f3d6969825.
Apr 29, 2024 9:25:37 AM org.apache.flink.runtime.state.CheckpointStorageLoader createJobManagerCheckpointStorage
INFO: Checkpoint storage is set to 'jobmanager'
Apr 29, 2024 9:25:37 AM org.apache.flink.runtime.taskmanager.Task transitionState
INFO: Source: Collection Source -> Timestamps/Watermarks (1/1)#0 (ff7b72e9e521c60ba9411b42329d6d16_cbc357ccb763df2852fee8c4fc7d55f2_0_0) switched from DEPLOYING to INITIALIZING.
Apr 29, 2024 9:25:37 AM org.apache.flink.runtime.taskmanager.Task transitionState
INFO: Source: Collection Source -> Timestamps/Watermarks (1/1)#0 (ff7b72e9e521c60ba9411b42329d6d16_6cdc5bb954874d922eaee11a8e7b5dd5_0_0) switched from CREATED to DEPLOYING.
Apr 29, 2024 9:25:37 AM org.apache.flink.runtime.taskmanager.Task doRun
INFO: Loading JAR files for task Source: Collection Source -> Timestamps/Watermarks (1/1)#0 (ff7b72e9e521c60ba9411b42329d6d16_6cdc5bb954874d922eaee11a8e7b5dd5_0_0) [DEPLOYING].
Apr 29, 2024 9:25:37 AM org.apache.flink.runtime.taskexecutor.slot.TaskSlotTableImpl markExistingSlotActive
INFO: Activate slot 6ec9e3acdc0dae248f35d8f3d6969825.
Apr 29, 2024 9:25:37 AM org.apache.flink.runtime.executiongraph.Execution transitionState
INFO: Source: Collection Source -> Timestamps/Watermarks (1/1) (ff7b72e9e521c60ba9411b42329d6d16_cbc357ccb763df2852fee8c4fc7d55f2_0_0) switched from DEPLOYING to INITIALIZING.
Apr 29, 2024 9:25:37 AM org.apache.flink.runtime.state.StateBackendLoader loadFromApplicationOrConfigOrDefaultInternal
INFO: No state backend has been configured, using default (HashMap) org.apache.flink.runtime.state.hashmap.HashMapStateBackend@18df9147
Apr 29, 2024 9:25:37 AM org.apache.flink.runtime.state.StateBackendLoader fromApplicationOrConfigOrDefault
INFO: State backend loader loads the state backend as HashMapStateBackend
Apr 29, 2024 9:25:37 AM org.apache.flink.runtime.state.CheckpointStorageLoader createJobManagerCheckpointStorage
INFO: Checkpoint storage is set to 'jobmanager'
Apr 29, 2024 9:25:37 AM org.apache.flink.runtime.taskmanager.Task transitionState
INFO: Source: Collection Source -> Timestamps/Watermarks (1/1)#0 (ff7b72e9e521c60ba9411b42329d6d16_6cdc5bb954874d922eaee11a8e7b5dd5_0_0) switched from DEPLOYING to INITIALIZING.
Apr 29, 2024 9:25:37 AM org.apache.flink.runtime.executiongraph.Execution transitionState
INFO: Source: Collection Source -> Timestamps/Watermarks (1/1) (ff7b72e9e521c60ba9411b42329d6d16_6cdc5bb954874d922eaee11a8e7b5dd5_0_0) switched from DEPLOYING to INITIALIZING.
Apr 29, 2024 9:25:37 AM org.apache.flink.runtime.taskexecutor.TaskExecutor submitTask
INFO: Received task Co-Process (1/1)#0 (ff7b72e9e521c60ba9411b42329d6d16_0c9698a73a6211243fab695da9d8c163_0_0), deploy into slot with allocation id 6ec9e3acdc0dae248f35d8f3d6969825.
Apr 29, 2024 9:25:37 AM org.apache.flink.runtime.taskmanager.Task transitionState
INFO: Co-Process (1/1)#0 (ff7b72e9e521c60ba9411b42329d6d16_0c9698a73a6211243fab695da9d8c163_0_0) switched from CREATED to DEPLOYING.
Apr 29, 2024 9:25:37 AM org.apache.flink.runtime.taskexecutor.slot.TaskSlotTableImpl markExistingSlotActive
INFO: Activate slot 6ec9e3acdc0dae248f35d8f3d6969825.
Apr 29, 2024 9:25:37 AM org.apache.flink.runtime.taskmanager.Task doRun
INFO: Loading JAR files for task Co-Process (1/1)#0 (ff7b72e9e521c60ba9411b42329d6d16_0c9698a73a6211243fab695da9d8c163_0_0) [DEPLOYING].
Apr 29, 2024 9:25:37 AM org.apache.flink.runtime.taskmanager.Task transitionState
INFO: Source: Collection Source -> Timestamps/Watermarks (1/1)#0 (ff7b72e9e521c60ba9411b42329d6d16_cbc357ccb763df2852fee8c4fc7d55f2_0_0) switched from INITIALIZING to RUNNING.
Apr 29, 2024 9:25:37 AM org.apache.flink.runtime.taskmanager.Task transitionState
INFO: Source: Collection Source -> Timestamps/Watermarks (1/1)#0 (ff7b72e9e521c60ba9411b42329d6d16_6cdc5bb954874d922eaee11a8e7b5dd5_0_0) switched from INITIALIZING to RUNNING.
Apr 29, 2024 9:25:37 AM org.apache.flink.runtime.executiongraph.Execution transitionState
INFO: Source: Collection Source -> Timestamps/Watermarks (1/1) (ff7b72e9e521c60ba9411b42329d6d16_cbc357ccb763df2852fee8c4fc7d55f2_0_0) switched from INITIALIZING to RUNNING.
Apr 29, 2024 9:25:37 AM org.apache.flink.runtime.executiongraph.Execution transitionState
INFO: Source: Collection Source -> Timestamps/Watermarks (1/1) (ff7b72e9e521c60ba9411b42329d6d16_6cdc5bb954874d922eaee11a8e7b5dd5_0_0) switched from INITIALIZING to RUNNING.
Apr 29, 2024 9:25:37 AM org.apache.flink.api.java.typeutils.runtime.kryo.KryoSerializer getKryoInstance
INFO: Kryo serializer scala extensions are not available.
Apr 29, 2024 9:25:37 AM org.apache.flink.api.java.typeutils.runtime.kryo.KryoSerializer getKryoInstance
INFO: Kryo serializer scala extensions are not available.
Apr 29, 2024 9:25:37 AM org.apache.flink.runtime.state.StateBackendLoader loadFromApplicationOrConfigOrDefaultInternal
INFO: No state backend has been configured, using default (HashMap) org.apache.flink.runtime.state.hashmap.HashMapStateBackend@3fe17455
Apr 29, 2024 9:25:37 AM org.apache.flink.runtime.state.StateBackendLoader fromApplicationOrConfigOrDefault
INFO: State backend loader loads the state backend as HashMapStateBackend
Apr 29, 2024 9:25:37 AM org.apache.flink.runtime.state.CheckpointStorageLoader createJobManagerCheckpointStorage
INFO: Checkpoint storage is set to 'jobmanager'
Apr 29, 2024 9:25:37 AM org.apache.flink.runtime.taskmanager.Task transitionState
INFO: Co-Process (1/1)#0 (ff7b72e9e521c60ba9411b42329d6d16_0c9698a73a6211243fab695da9d8c163_0_0) switched from DEPLOYING to INITIALIZING.
Apr 29, 2024 9:25:37 AM org.apache.flink.api.java.typeutils.runtime.kryo.KryoSerializer getKryoInstance
INFO: Kryo serializer scala extensions are not available.
Apr 29, 2024 9:25:37 AM org.apache.flink.runtime.executiongraph.Execution transitionState
INFO: Co-Process (1/1) (ff7b72e9e521c60ba9411b42329d6d16_0c9698a73a6211243fab695da9d8c163_0_0) switched from DEPLOYING to INITIALIZING.
Apr 29, 2024 9:25:37 AM org.apache.flink.api.java.typeutils.runtime.kryo.KryoSerializer getKryoInstance
INFO: Kryo serializer scala extensions are not available.
Apr 29, 2024 9:25:37 AM org.apache.flink.runtime.taskexecutor.TaskExecutor submitTask
INFO: Received task KeyedProcess (1/1)#0 (ff7b72e9e521c60ba9411b42329d6d16_97db730e07d35d6850e3d51339e006de_0_0), deploy into slot with allocation id 6ec9e3acdc0dae248f35d8f3d6969825.
Apr 29, 2024 9:25:37 AM org.apache.flink.api.java.typeutils.runtime.kryo.KryoSerializer getKryoInstance
INFO: Kryo serializer scala extensions are not available.
Apr 29, 2024 9:25:37 AM org.apache.flink.runtime.taskmanager.Task transitionState
INFO: KeyedProcess (1/1)#0 (ff7b72e9e521c60ba9411b42329d6d16_97db730e07d35d6850e3d51339e006de_0_0) switched from CREATED to DEPLOYING.
Apr 29, 2024 9:25:37 AM org.apache.flink.runtime.taskmanager.Task doRun
INFO: Loading JAR files for task KeyedProcess (1/1)#0 (ff7b72e9e521c60ba9411b42329d6d16_97db730e07d35d6850e3d51339e006de_0_0) [DEPLOYING].
Apr 29, 2024 9:25:37 AM org.apache.flink.runtime.taskexecutor.slot.TaskSlotTableImpl markExistingSlotActive
INFO: Activate slot 6ec9e3acdc0dae248f35d8f3d6969825.
Apr 29, 2024 9:25:37 AM org.apache.flink.api.java.typeutils.runtime.kryo.KryoSerializer getKryoInstance
INFO: Kryo serializer scala extensions are not available.
Apr 29, 2024 9:25:37 AM org.apache.flink.runtime.state.StateBackendLoader loadFromApplicationOrConfigOrDefaultInternal
INFO: No state backend has been configured, using default (HashMap) org.apache.flink.runtime.state.hashmap.HashMapStateBackend@12becd27
Apr 29, 2024 9:25:37 AM org.apache.flink.runtime.state.StateBackendLoader fromApplicationOrConfigOrDefault
INFO: State backend loader loads the state backend as HashMapStateBackend
Apr 29, 2024 9:25:37 AM org.apache.flink.runtime.state.CheckpointStorageLoader createJobManagerCheckpointStorage
INFO: Checkpoint storage is set to 'jobmanager'
Apr 29, 2024 9:25:37 AM org.apache.flink.runtime.taskmanager.Task transitionState
INFO: KeyedProcess (1/1)#0 (ff7b72e9e521c60ba9411b42329d6d16_97db730e07d35d6850e3d51339e006de_0_0) switched from DEPLOYING to INITIALIZING.
Apr 29, 2024 9:25:37 AM org.apache.flink.runtime.executiongraph.Execution transitionState
INFO: KeyedProcess (1/1) (ff7b72e9e521c60ba9411b42329d6d16_97db730e07d35d6850e3d51339e006de_0_0) switched from DEPLOYING to INITIALIZING.
Apr 29, 2024 9:25:37 AM org.apache.flink.runtime.taskexecutor.TaskExecutor submitTask
INFO: Received task TumblingEventTimeWindows -> Sink: Data stream collect sink (1/1)#0 (ff7b72e9e521c60ba9411b42329d6d16_561b99790e87a1e4f6980356c75ba2de_0_0), deploy into slot with allocation id 6ec9e3acdc0dae248f35d8f3d6969825.
Apr 29, 2024 9:25:37 AM org.apache.flink.runtime.taskmanager.Task transitionState
INFO: TumblingEventTimeWindows -> Sink: Data stream collect sink (1/1)#0 (ff7b72e9e521c60ba9411b42329d6d16_561b99790e87a1e4f6980356c75ba2de_0_0) switched from CREATED to DEPLOYING.
Apr 29, 2024 9:25:37 AM org.apache.flink.runtime.taskmanager.Task transitionState
INFO: Source: Collection Source -> Timestamps/Watermarks (1/1)#0 (ff7b72e9e521c60ba9411b42329d6d16_cbc357ccb763df2852fee8c4fc7d55f2_0_0) switched from RUNNING to FINISHED.
Apr 29, 2024 9:25:37 AM org.apache.flink.runtime.taskmanager.Task doRun
INFO: Loading JAR files for task TumblingEventTimeWindows -> Sink: Data stream collect sink (1/1)#0 (ff7b72e9e521c60ba9411b42329d6d16_561b99790e87a1e4f6980356c75ba2de_0_0) [DEPLOYING].
Apr 29, 2024 9:25:37 AM org.apache.flink.runtime.taskmanager.Task doRun
INFO: Freeing task resources for Source: Collection Source -> Timestamps/Watermarks (1/1)#0 (ff7b72e9e521c60ba9411b42329d6d16_cbc357ccb763df2852fee8c4fc7d55f2_0_0).
Apr 29, 2024 9:25:37 AM org.apache.flink.runtime.state.heap.HeapKeyedStateBackendBuilder restoreState
INFO: Finished to build heap keyed state-backend.
Apr 29, 2024 9:25:37 AM org.apache.flink.runtime.taskexecutor.slot.TaskSlotTableImpl markExistingSlotActive
INFO: Activate slot 6ec9e3acdc0dae248f35d8f3d6969825.
Apr 29, 2024 9:25:37 AM org.apache.flink.runtime.state.heap.HeapKeyedStateBackend <init>
INFO: Initializing heap keyed state backend with stream factory.
Apr 29, 2024 9:25:37 AM org.apache.flink.runtime.taskmanager.Task transitionState
INFO: Source: Collection Source -> Timestamps/Watermarks (1/1)#0 (ff7b72e9e521c60ba9411b42329d6d16_6cdc5bb954874d922eaee11a8e7b5dd5_0_0) switched from RUNNING to FINISHED.
Apr 29, 2024 9:25:37 AM org.apache.flink.runtime.state.heap.HeapKeyedStateBackendBuilder restoreState
INFO: Finished to build heap keyed state-backend.
Apr 29, 2024 9:25:37 AM org.apache.flink.runtime.taskmanager.Task doRun
INFO: Freeing task resources for Source: Collection Source -> Timestamps/Watermarks (1/1)#0 (ff7b72e9e521c60ba9411b42329d6d16_6cdc5bb954874d922eaee11a8e7b5dd5_0_0).
Apr 29, 2024 9:25:37 AM org.apache.flink.runtime.state.heap.HeapKeyedStateBackend <init>
INFO: Initializing heap keyed state backend with stream factory.
Apr 29, 2024 9:25:37 AM org.apache.flink.api.java.typeutils.TypeExtractor analyzePojo
INFO: The default constructor of class org.apache.beam.sdk.nexmark.model.Bid is not Public so it cannot be used as a POJO type and must be processed as GenericType. Please read the Flink documentation on "Data Types & Serialization" for details of the effect on performance and schema evolution.
Apr 29, 2024 9:25:37 AM org.apache.flink.runtime.taskexecutor.TaskExecutor unregisterTaskAndNotifyFinalState
INFO: Un-registering task and sending final execution state FINISHED to JobManager for task Source: Collection Source -> Timestamps/Watermarks (1/1)#0 ff7b72e9e521c60ba9411b42329d6d16_6cdc5bb954874d922eaee11a8e7b5dd5_0_0.
Apr 29, 2024 9:25:37 AM org.apache.flink.runtime.state.StateBackendLoader loadFromApplicationOrConfigOrDefaultInternal
INFO: No state backend has been configured, using default (HashMap) org.apache.flink.runtime.state.hashmap.HashMapStateBackend@7e4c9bb7
Apr 29, 2024 9:25:37 AM org.apache.flink.runtime.taskexecutor.TaskExecutor unregisterTaskAndNotifyFinalState
INFO: Un-registering task and sending final execution state FINISHED to JobManager for task Source: Collection Source -> Timestamps/Watermarks (1/1)#0 ff7b72e9e521c60ba9411b42329d6d16_cbc357ccb763df2852fee8c4fc7d55f2_0_0.
Apr 29, 2024 9:25:37 AM org.apache.flink.runtime.state.StateBackendLoader fromApplicationOrConfigOrDefault
INFO: State backend loader loads the state backend as HashMapStateBackend
Apr 29, 2024 9:25:37 AM org.apache.flink.runtime.state.CheckpointStorageLoader createJobManagerCheckpointStorage
INFO: Checkpoint storage is set to 'jobmanager'
Apr 29, 2024 9:25:37 AM org.apache.flink.runtime.taskmanager.Task transitionState
INFO: TumblingEventTimeWindows -> Sink: Data stream collect sink (1/1)#0 (ff7b72e9e521c60ba9411b42329d6d16_561b99790e87a1e4f6980356c75ba2de_0_0) switched from DEPLOYING to INITIALIZING.
Apr 29, 2024 9:25:37 AM org.apache.flink.runtime.executiongraph.Execution transitionState
INFO: Source: Collection Source -> Timestamps/Watermarks (1/1) (ff7b72e9e521c60ba9411b42329d6d16_6cdc5bb954874d922eaee11a8e7b5dd5_0_0) switched from RUNNING to FINISHED.
Apr 29, 2024 9:25:37 AM org.apache.flink.runtime.executiongraph.Execution transitionState
INFO: Source: Collection Source -> Timestamps/Watermarks (1/1) (ff7b72e9e521c60ba9411b42329d6d16_cbc357ccb763df2852fee8c4fc7d55f2_0_0) switched from RUNNING to FINISHED.
Apr 29, 2024 9:25:37 AM org.apache.flink.runtime.executiongraph.Execution transitionState
INFO: TumblingEventTimeWindows -> Sink: Data stream collect sink (1/1) (ff7b72e9e521c60ba9411b42329d6d16_561b99790e87a1e4f6980356c75ba2de_0_0) switched from DEPLOYING to INITIALIZING.
Apr 29, 2024 9:25:37 AM org.apache.flink.runtime.taskmanager.Task transitionState
INFO: KeyedProcess (1/1)#0 (ff7b72e9e521c60ba9411b42329d6d16_97db730e07d35d6850e3d51339e006de_0_0) switched from INITIALIZING to RUNNING.
Apr 29, 2024 9:25:37 AM org.apache.flink.runtime.executiongraph.Execution transitionState
INFO: KeyedProcess (1/1) (ff7b72e9e521c60ba9411b42329d6d16_97db730e07d35d6850e3d51339e006de_0_0) switched from INITIALIZING to RUNNING.
Apr 29, 2024 9:25:37 AM org.apache.flink.runtime.taskmanager.Task transitionState
INFO: Co-Process (1/1)#0 (ff7b72e9e521c60ba9411b42329d6d16_0c9698a73a6211243fab695da9d8c163_0_0) switched from INITIALIZING to RUNNING.
Apr 29, 2024 9:25:37 AM org.apache.flink.runtime.executiongraph.Execution transitionState
INFO: Co-Process (1/1) (ff7b72e9e521c60ba9411b42329d6d16_0c9698a73a6211243fab695da9d8c163_0_0) switched from INITIALIZING to RUNNING.
Apr 29, 2024 9:25:37 AM org.apache.flink.api.java.typeutils.runtime.kryo.KryoSerializer getKryoInstance
INFO: Kryo serializer scala extensions are not available.
Apr 29, 2024 9:25:37 AM org.apache.flink.api.java.typeutils.runtime.kryo.KryoSerializer getKryoInstance
INFO: Kryo serializer scala extensions are not available.
Apr 29, 2024 9:25:37 AM org.apache.flink.streaming.api.operators.collect.CollectSinkFunction initializeState
INFO: Initializing collect sink state with offset = 0, buffered results bytes = 0
Apr 29, 2024 9:25:37 AM org.apache.flink.streaming.api.operators.collect.CollectSinkFunction open
INFO: Collect sink server established, address = localhost/127.0.0.1:50037
Apr 29, 2024 9:25:37 AM org.apache.flink.streaming.api.operators.collect.CollectSinkOperatorCoordinator handleEventFromOperator
INFO: Received sink socket server address: localhost/127.0.0.1:50037
Apr 29, 2024 9:25:37 AM org.apache.flink.runtime.state.heap.HeapKeyedStateBackendBuilder restoreState
INFO: Finished to build heap keyed state-backend.
Apr 29, 2024 9:25:37 AM org.apache.flink.runtime.state.heap.HeapKeyedStateBackend <init>
INFO: Initializing heap keyed state backend with stream factory.
Apr 29, 2024 9:25:37 AM org.apache.flink.runtime.taskmanager.Task transitionState
INFO: Co-Process (1/1)#0 (ff7b72e9e521c60ba9411b42329d6d16_0c9698a73a6211243fab695da9d8c163_0_0) switched from RUNNING to FINISHED.
Apr 29, 2024 9:25:37 AM org.apache.flink.runtime.taskmanager.Task transitionState
INFO: TumblingEventTimeWindows -> Sink: Data stream collect sink (1/1)#0 (ff7b72e9e521c60ba9411b42329d6d16_561b99790e87a1e4f6980356c75ba2de_0_0) switched from INITIALIZING to RUNNING.
Apr 29, 2024 9:25:37 AM org.apache.flink.runtime.taskmanager.Task doRun
INFO: Freeing task resources for Co-Process (1/1)#0 (ff7b72e9e521c60ba9411b42329d6d16_0c9698a73a6211243fab695da9d8c163_0_0).
Apr 29, 2024 9:25:37 AM org.apache.flink.runtime.taskexecutor.TaskExecutor unregisterTaskAndNotifyFinalState
INFO: Un-registering task and sending final execution state FINISHED to JobManager for task Co-Process (1/1)#0 ff7b72e9e521c60ba9411b42329d6d16_0c9698a73a6211243fab695da9d8c163_0_0.
Apr 29, 2024 9:25:37 AM org.apache.flink.runtime.executiongraph.Execution transitionState
INFO: TumblingEventTimeWindows -> Sink: Data stream collect sink (1/1) (ff7b72e9e521c60ba9411b42329d6d16_561b99790e87a1e4f6980356c75ba2de_0_0) switched from INITIALIZING to RUNNING.
Apr 29, 2024 9:25:37 AM org.apache.flink.runtime.taskmanager.Task transitionState
INFO: KeyedProcess (1/1)#0 (ff7b72e9e521c60ba9411b42329d6d16_97db730e07d35d6850e3d51339e006de_0_0) switched from RUNNING to FINISHED.
Apr 29, 2024 9:25:37 AM org.apache.flink.runtime.taskmanager.Task doRun
INFO: Freeing task resources for KeyedProcess (1/1)#0 (ff7b72e9e521c60ba9411b42329d6d16_97db730e07d35d6850e3d51339e006de_0_0).
Apr 29, 2024 9:25:37 AM org.apache.flink.runtime.taskexecutor.TaskExecutor unregisterTaskAndNotifyFinalState
INFO: Un-registering task and sending final execution state FINISHED to JobManager for task KeyedProcess (1/1)#0 ff7b72e9e521c60ba9411b42329d6d16_97db730e07d35d6850e3d51339e006de_0_0.
Apr 29, 2024 9:25:37 AM org.apache.flink.runtime.executiongraph.Execution transitionState
INFO: Co-Process (1/1) (ff7b72e9e521c60ba9411b42329d6d16_0c9698a73a6211243fab695da9d8c163_0_0) switched from RUNNING to FINISHED.
Apr 29, 2024 9:25:37 AM org.apache.flink.runtime.taskmanager.Task transitionState
INFO: TumblingEventTimeWindows -> Sink: Data stream collect sink (1/1)#0 (ff7b72e9e521c60ba9411b42329d6d16_561b99790e87a1e4f6980356c75ba2de_0_0) switched from RUNNING to FINISHED.
Apr 29, 2024 9:25:37 AM org.apache.flink.runtime.taskmanager.Task doRun
INFO: Freeing task resources for TumblingEventTimeWindows -> Sink: Data stream collect sink (1/1)#0 (ff7b72e9e521c60ba9411b42329d6d16_561b99790e87a1e4f6980356c75ba2de_0_0).
Apr 29, 2024 9:25:37 AM org.apache.flink.runtime.executiongraph.Execution transitionState
INFO: KeyedProcess (1/1) (ff7b72e9e521c60ba9411b42329d6d16_97db730e07d35d6850e3d51339e006de_0_0) switched from RUNNING to FINISHED.
Apr 29, 2024 9:25:37 AM org.apache.flink.runtime.taskexecutor.TaskExecutor unregisterTaskAndNotifyFinalState
INFO: Un-registering task and sending final execution state FINISHED to JobManager for task TumblingEventTimeWindows -> Sink: Data stream collect sink (1/1)#0 ff7b72e9e521c60ba9411b42329d6d16_561b99790e87a1e4f6980356c75ba2de_0_0.
Apr 29, 2024 9:25:37 AM org.apache.flink.runtime.executiongraph.Execution transitionState
INFO: TumblingEventTimeWindows -> Sink: Data stream collect sink (1/1) (ff7b72e9e521c60ba9411b42329d6d16_561b99790e87a1e4f6980356c75ba2de_0_0) switched from RUNNING to FINISHED.
Apr 29, 2024 9:25:37 AM org.apache.flink.runtime.executiongraph.DefaultExecutionGraph transitionState
INFO: Job DataStream Collect (781554115da02426c2238740d6418aa5) switched from state RUNNING to FINISHED.
Apr 29, 2024 9:25:37 AM org.apache.flink.runtime.resourcemanager.slotmanager.FineGrainedSlotManager processResourceRequirements
INFO: Clearing resource requirements of job 781554115da02426c2238740d6418aa5
Apr 29, 2024 9:25:37 AM org.apache.flink.runtime.checkpoint.CheckpointCoordinator shutdown
INFO: Stopping checkpoint coordinator for job 781554115da02426c2238740d6418aa5.
Apr 29, 2024 9:25:37 AM org.apache.flink.runtime.minicluster.MiniCluster closeInternal
INFO: Shutting down Flink Mini Cluster
Apr 29, 2024 9:25:37 AM org.apache.flink.runtime.dispatcher.Dispatcher jobReachedTerminalState
INFO: Job 781554115da02426c2238740d6418aa5 reached terminal state FINISHED.
Apr 29, 2024 9:25:37 AM org.apache.flink.runtime.rest.RestServerEndpoint closeAsync
INFO: Shutting down rest endpoint.
Apr 29, 2024 9:25:37 AM org.apache.flink.runtime.dispatcher.Dispatcher lambda$registerGloballyTerminatedJobInJobResultStore$42
INFO: Job 781554115da02426c2238740d6418aa5 has been registered for cleanup in the JobResultStore after reaching a terminal state.
Apr 29, 2024 9:25:37 AM org.apache.flink.runtime.taskexecutor.TaskExecutor onStop
INFO: Stopping TaskExecutor pekko://flink/user/rpc/taskmanager_4.
Apr 29, 2024 9:25:37 AM org.apache.flink.runtime.taskexecutor.TaskExecutor closeResourceManagerConnection
INFO: Close ResourceManager connection 313ca11bc085efca3eecadca1e0beae8.
Apr 29, 2024 9:25:37 AM org.apache.flink.runtime.taskexecutor.TaskExecutor disconnectJobManagerConnection
INFO: Close JobManager connection for job 781554115da02426c2238740d6418aa5.
Apr 29, 2024 9:25:37 AM org.apache.flink.runtime.resourcemanager.ResourceManager closeTaskManagerConnection
INFO: Closing TaskExecutor connection 2b9ef074-6d57-49b6-8d89-d94c05700f54 because: The TaskExecutor is shutting down.
Apr 29, 2024 9:25:37 AM org.apache.flink.runtime.jobmaster.JobMaster onStop
INFO: Stopping the JobMaster for job 'DataStream Collect' (781554115da02426c2238740d6418aa5).
Apr 29, 2024 9:25:37 AM org.apache.flink.runtime.resourcemanager.slotmanager.FineGrainedSlotManager unregisterTaskManager
INFO: Unregistering task executor b7724a366249dfc576b2eb58bd96fa71 from the slot manager.
Apr 29, 2024 9:25:37 AM org.apache.flink.runtime.state.TaskExecutorStateChangelogStoragesManager shutdown
INFO: Shutting down TaskExecutorStateChangelogStoragesManager.
Apr 29, 2024 9:25:37 AM org.apache.flink.runtime.resourcemanager.slotmanager.DefaultSlotStatusSyncer freeSlot
INFO: Freeing slot 6ec9e3acdc0dae248f35d8f3d6969825.
Apr 29, 2024 9:25:37 AM org.apache.flink.runtime.state.TaskExecutorChannelStateExecutorFactoryManager shutdown
INFO: Shutting down TaskExecutorChannelStateExecutorFactoryManager.
Apr 29, 2024 9:25:37 AM org.apache.flink.runtime.taskexecutor.slot.TaskSlotTableImpl freeSlotInternal
INFO: Free slot TaskSlot(index:1, state:ALLOCATED, resource profile: ResourceProfile{taskHeapMemory=1024.000gb (1099511627776 bytes), taskOffHeapMemory=1024.000gb (1099511627776 bytes), managedMemory=128.000mb (134217728 bytes), networkMemory=64.000mb (67108864 bytes)}, allocationId: 6ec9e3acdc0dae248f35d8f3d6969825, jobId: 781554115da02426c2238740d6418aa5).
Apr 29, 2024 9:25:37 AM org.apache.flink.streaming.api.operators.collect.CollectSinkOperatorCoordinator close
INFO: Closing the CollectSinkOperatorCoordinator.
Apr 29, 2024 9:25:37 AM org.apache.flink.runtime.jobmaster.JobMaster disconnectTaskManager
INFO: Disconnect TaskExecutor 2b9ef074-6d57-49b6-8d89-d94c05700f54 because: The TaskExecutor is shutting down.
Apr 29, 2024 9:25:37 AM org.apache.flink.runtime.jobmaster.slotpool.DefaultDeclarativeSlotPool releaseSlots
INFO: Releasing slot [6ec9e3acdc0dae248f35d8f3d6969825].
Apr 29, 2024 9:25:37 AM org.apache.flink.runtime.taskexecutor.DefaultJobLeaderService stop
INFO: Stop job leader service.
Apr 29, 2024 9:25:37 AM org.apache.flink.runtime.state.TaskExecutorLocalStateStoresManager shutdown
INFO: Shutting down TaskExecutorLocalStateStoresManager.
Apr 29, 2024 9:25:37 AM org.apache.flink.runtime.checkpoint.StandaloneCompletedCheckpointStore shutdown
INFO: Shutting down
Apr 29, 2024 9:25:37 AM org.apache.flink.runtime.jobmaster.JobMaster dissolveResourceManagerConnection
INFO: Close ResourceManager connection 313ca11bc085efca3eecadca1e0beae8: Stopping JobMaster for job 'DataStream Collect' (781554115da02426c2238740d6418aa5).
Apr 29, 2024 9:25:37 AM org.apache.flink.runtime.webmonitor.WebMonitorEndpoint lambda$shutDownInternal$7
INFO: Removing cache directory /var/folders/9y/mg706rlj3cx1fsv47rlmtqq40000gn/T/flink-web-ui
Apr 29, 2024 9:25:37 AM org.apache.flink.runtime.resourcemanager.ResourceManager closeJobManagerConnection
INFO: Disconnect job manager 9efbc1a04ded55e6680a40aae2944251@pekko://flink/user/rpc/jobmanager_7 for job 781554115da02426c2238740d6418aa5 from the resource manager.
Apr 29, 2024 9:25:37 AM org.apache.flink.runtime.io.disk.FileChannelManagerImpl lambda$getFileCloser$0
INFO: FileChannelManager removed spill file directory /var/folders/9y/mg706rlj3cx1fsv47rlmtqq40000gn/T/flink-io-04ab0a26-56db-45ec-9606-372e6a3a0c44
Apr 29, 2024 9:25:37 AM org.apache.flink.runtime.io.network.NettyShuffleEnvironment close
INFO: Shutting down the network environment and its components.
Apr 29, 2024 9:25:37 AM org.apache.flink.runtime.webmonitor.WebMonitorEndpoint revokeLeadership
INFO: http://localhost:50036 lost leadership
Apr 29, 2024 9:25:37 AM org.apache.flink.runtime.rest.RestServerEndpoint lambda$closeAsync$1
INFO: Shut down complete.
Apr 29, 2024 9:25:37 AM org.apache.flink.runtime.resourcemanager.ResourceManager deregisterApplication
INFO: Shut down cluster because application is in CANCELED, diagnostics DispatcherResourceManagerComponent has been closed..
Apr 29, 2024 9:25:37 AM org.apache.flink.runtime.entrypoint.component.DispatcherResourceManagerComponent closeAsyncInternal
INFO: Closing components.
Apr 29, 2024 9:25:37 AM org.apache.flink.runtime.dispatcher.runner.AbstractDispatcherLeaderProcess closeInternal
INFO: Stopping SessionDispatcherLeaderProcess.
Apr 29, 2024 9:25:37 AM org.apache.flink.runtime.resourcemanager.ResourceManagerServiceImpl closeAsync
INFO: Stopping resource manager service.
Apr 29, 2024 9:25:37 AM org.apache.flink.runtime.dispatcher.Dispatcher onStop
INFO: Stopping dispatcher pekko://flink/user/rpc/dispatcher_5.
Apr 29, 2024 9:25:37 AM org.apache.flink.runtime.resourcemanager.ResourceManagerServiceImpl lambda$revokeLeadership$3
INFO: Resource manager service is not running. Ignore revoking leadership.
Apr 29, 2024 9:25:37 AM org.apache.flink.runtime.dispatcher.Dispatcher terminateRunningJobs
INFO: Stopping all currently running jobs of dispatcher pekko://flink/user/rpc/dispatcher_5.
Apr 29, 2024 9:25:37 AM org.apache.flink.runtime.security.token.DefaultDelegationTokenManager stop
INFO: Stopping credential renewal
Apr 29, 2024 9:25:37 AM org.apache.flink.runtime.security.token.DefaultDelegationTokenManager stop
INFO: Stopped credential renewal
Apr 29, 2024 9:25:37 AM org.apache.flink.runtime.resourcemanager.slotmanager.FineGrainedSlotManager close
INFO: Closing the slot manager.
Apr 29, 2024 9:25:37 AM org.apache.flink.runtime.io.disk.FileChannelManagerImpl lambda$getFileCloser$0
INFO: FileChannelManager removed spill file directory /var/folders/9y/mg706rlj3cx1fsv47rlmtqq40000gn/T/flink-netty-shuffle-35c621ee-c051-4ade-8d6a-9a6b42238e4c
Apr 29, 2024 9:25:37 AM org.apache.flink.runtime.resourcemanager.slotmanager.FineGrainedSlotManager suspend
INFO: Suspending the slot manager.
Apr 29, 2024 9:25:37 AM org.apache.flink.runtime.taskexecutor.KvStateService shutdown
INFO: Shutting down the kvState service and its components.
Apr 29, 2024 9:25:37 AM org.apache.flink.runtime.taskexecutor.DefaultJobLeaderService stop
INFO: Stop job leader service.
Apr 29, 2024 9:25:37 AM org.apache.flink.runtime.filecache.FileCache shutdown
INFO: removed file cache directory /var/folders/9y/mg706rlj3cx1fsv47rlmtqq40000gn/T/flink-dist-cache-890fd5f9-a9f0-4bea-90f7-6124fe9128f4
Apr 29, 2024 9:25:37 AM org.apache.flink.runtime.taskexecutor.TaskExecutor handleOnStopException
INFO: Stopped TaskExecutor pekko://flink/user/rpc/taskmanager_4.
Apr 29, 2024 9:25:37 AM org.apache.flink.runtime.dispatcher.Dispatcher lambda$onStop$2
INFO: Stopped dispatcher pekko://flink/user/rpc/dispatcher_5.
Apr 29, 2024 9:25:37 AM org.apache.flink.runtime.rpc.pekko.PekkoRpcService closeAsync
INFO: Stopping Pekko RPC service.
Apr 29, 2024 9:25:37 AM org.apache.pekko.event.slf4j.Slf4jLogger$$anonfun$receive$1 $anonfun$applyOrElse$3
INFO: Running CoordinatedShutdown with reason [ActorSystemTerminateReason]
Apr 29, 2024 9:25:37 AM org.apache.flink.streaming.api.operators.collect.CollectResultFetcher isJobTerminated
WARNING: Failed to get job status so we assume that the job has terminated. Some data might be lost.
java.lang.IllegalStateException: MiniCluster is not yet running or has already been shut down.
	at org.apache.flink.util.Preconditions.checkState(Preconditions.java:193)
	at org.apache.flink.runtime.minicluster.MiniCluster.getDispatcherGatewayFuture(MiniCluster.java:1069)
	at org.apache.flink.runtime.minicluster.MiniCluster.runDispatcherCommand(MiniCluster.java:942)
	at org.apache.flink.runtime.minicluster.MiniCluster.getJobStatus(MiniCluster.java:866)
	at org.apache.flink.runtime.minicluster.MiniClusterJobClient.getJobStatus(MiniClusterJobClient.java:91)
	at org.apache.flink.streaming.api.operators.collect.CollectResultFetcher.isJobTerminated(CollectResultFetcher.java:211)
	at org.apache.flink.streaming.api.operators.collect.CollectResultFetcher.next(CollectResultFetcher.java:118)
	at org.apache.flink.streaming.api.operators.collect.CollectResultIterator.nextResultFromFetcher(CollectResultIterator.java:106)
	at org.apache.flink.streaming.api.operators.collect.CollectResultIterator.hasNext(CollectResultIterator.java:80)
	at org.apache.flink.streaming.api.datastream.DataStream.executeAndCollect(DataStream.java:1365)
	at org.apache.flink.streaming.api.datastream.DataStream.executeAndCollect(DataStream.java:1348)
	at flink.test.testQuery4.testAveragePriceByCategory(testQuery4.java:166)
	at java.base/jdk.internal.reflect.NativeMethodAccessorImpl.invoke0(Native Method)
	at java.base/jdk.internal.reflect.NativeMethodAccessorImpl.invoke(NativeMethodAccessorImpl.java:62)
	at java.base/jdk.internal.reflect.DelegatingMethodAccessorImpl.invoke(DelegatingMethodAccessorImpl.java:43)
	at java.base/java.lang.reflect.Method.invoke(Method.java:566)
	at org.junit.runners.model.FrameworkMethod$1.runReflectiveCall(FrameworkMethod.java:59)
	at org.junit.internal.runners.model.ReflectiveCallable.run(ReflectiveCallable.java:12)
	at org.junit.runners.model.FrameworkMethod.invokeExplosively(FrameworkMethod.java:56)
	at org.junit.internal.runners.statements.InvokeMethod.evaluate(InvokeMethod.java:17)
	at org.junit.runners.ParentRunner$3.evaluate(ParentRunner.java:306)
	at org.junit.runners.BlockJUnit4ClassRunner$1.evaluate(BlockJUnit4ClassRunner.java:100)
	at org.junit.runners.ParentRunner.runLeaf(ParentRunner.java:366)
	at org.junit.runners.BlockJUnit4ClassRunner.runChild(BlockJUnit4ClassRunner.java:103)
	at org.junit.runners.BlockJUnit4ClassRunner.runChild(BlockJUnit4ClassRunner.java:63)
	at org.junit.runners.ParentRunner$4.run(ParentRunner.java:331)
	at org.junit.runners.ParentRunner$1.schedule(ParentRunner.java:79)
	at org.junit.runners.ParentRunner.runChildren(ParentRunner.java:329)
	at org.junit.runners.ParentRunner.access$100(ParentRunner.java:66)
	at org.junit.runners.ParentRunner$2.evaluate(ParentRunner.java:293)
	at org.junit.runners.ParentRunner$3.evaluate(ParentRunner.java:306)
	at org.junit.runners.ParentRunner.run(ParentRunner.java:413)
	at org.apache.maven.surefire.junit4.JUnit4Provider.execute(JUnit4Provider.java:364)
	at org.apache.maven.surefire.junit4.JUnit4Provider.executeWithRerun(JUnit4Provider.java:272)
	at org.apache.maven.surefire.junit4.JUnit4Provider.executeTestSet(JUnit4Provider.java:237)
	at org.apache.maven.surefire.junit4.JUnit4Provider.invoke(JUnit4Provider.java:158)
	at org.apache.maven.surefire.booter.ForkedBooter.runSuitesInProcess(ForkedBooter.java:428)
	at org.apache.maven.surefire.booter.ForkedBooter.execute(ForkedBooter.java:162)
	at org.apache.maven.surefire.booter.ForkedBooter.run(ForkedBooter.java:562)
	at org.apache.maven.surefire.booter.ForkedBooter.main(ForkedBooter.java:548)

Apr 29, 2024 9:25:37 AM org.apache.flink.streaming.api.operators.collect.CollectResultFetcher isJobTerminated
WARNING: Failed to get job status so we assume that the job has terminated. Some data might be lost.
java.lang.IllegalStateException: MiniCluster is not yet running or has already been shut down.
	at org.apache.flink.util.Preconditions.checkState(Preconditions.java:193)
	at org.apache.flink.runtime.minicluster.MiniCluster.getDispatcherGatewayFuture(MiniCluster.java:1069)
	at org.apache.flink.runtime.minicluster.MiniCluster.runDispatcherCommand(MiniCluster.java:942)
	at org.apache.flink.runtime.minicluster.MiniCluster.getJobStatus(MiniCluster.java:866)
	at org.apache.flink.runtime.minicluster.MiniClusterJobClient.getJobStatus(MiniClusterJobClient.java:91)
	at org.apache.flink.streaming.api.operators.collect.CollectResultFetcher.isJobTerminated(CollectResultFetcher.java:211)
	at org.apache.flink.streaming.api.operators.collect.CollectResultFetcher.cancelJob(CollectResultFetcher.java:233)
	at org.apache.flink.streaming.api.operators.collect.CollectResultFetcher.close(CollectResultFetcher.java:158)
	at org.apache.flink.streaming.api.operators.collect.CollectResultIterator.close(CollectResultIterator.java:97)
	at org.apache.flink.streaming.api.operators.collect.ClientAndIterator.close(ClientAndIterator.java:45)
	at org.apache.flink.streaming.api.datastream.DataStream.executeAndCollect(DataStream.java:1371)
	at org.apache.flink.streaming.api.datastream.DataStream.executeAndCollect(DataStream.java:1348)
	at flink.test.testQuery4.testAveragePriceByCategory(testQuery4.java:166)
	at java.base/jdk.internal.reflect.NativeMethodAccessorImpl.invoke0(Native Method)
	at java.base/jdk.internal.reflect.NativeMethodAccessorImpl.invoke(NativeMethodAccessorImpl.java:62)
	at java.base/jdk.internal.reflect.DelegatingMethodAccessorImpl.invoke(DelegatingMethodAccessorImpl.java:43)
	at java.base/java.lang.reflect.Method.invoke(Method.java:566)
	at org.junit.runners.model.FrameworkMethod$1.runReflectiveCall(FrameworkMethod.java:59)
	at org.junit.internal.runners.model.ReflectiveCallable.run(ReflectiveCallable.java:12)
	at org.junit.runners.model.FrameworkMethod.invokeExplosively(FrameworkMethod.java:56)
	at org.junit.internal.runners.statements.InvokeMethod.evaluate(InvokeMethod.java:17)
	at org.junit.runners.ParentRunner$3.evaluate(ParentRunner.java:306)
	at org.junit.runners.BlockJUnit4ClassRunner$1.evaluate(BlockJUnit4ClassRunner.java:100)
	at org.junit.runners.ParentRunner.runLeaf(ParentRunner.java:366)
	at org.junit.runners.BlockJUnit4ClassRunner.runChild(BlockJUnit4ClassRunner.java:103)
	at org.junit.runners.BlockJUnit4ClassRunner.runChild(BlockJUnit4ClassRunner.java:63)
	at org.junit.runners.ParentRunner$4.run(ParentRunner.java:331)
	at org.junit.runners.ParentRunner$1.schedule(ParentRunner.java:79)
	at org.junit.runners.ParentRunner.runChildren(ParentRunner.java:329)
	at org.junit.runners.ParentRunner.access$100(ParentRunner.java:66)
	at org.junit.runners.ParentRunner$2.evaluate(ParentRunner.java:293)
	at org.junit.runners.ParentRunner$3.evaluate(ParentRunner.java:306)
	at org.junit.runners.ParentRunner.run(ParentRunner.java:413)
	at org.apache.maven.surefire.junit4.JUnit4Provider.execute(JUnit4Provider.java:364)
	at org.apache.maven.surefire.junit4.JUnit4Provider.executeWithRerun(JUnit4Provider.java:272)
	at org.apache.maven.surefire.junit4.JUnit4Provider.executeTestSet(JUnit4Provider.java:237)
	at org.apache.maven.surefire.junit4.JUnit4Provider.invoke(JUnit4Provider.java:158)
	at org.apache.maven.surefire.booter.ForkedBooter.runSuitesInProcess(ForkedBooter.java:428)
	at org.apache.maven.surefire.booter.ForkedBooter.execute(ForkedBooter.java:162)
	at org.apache.maven.surefire.booter.ForkedBooter.run(ForkedBooter.java:562)
	at org.apache.maven.surefire.booter.ForkedBooter.main(ForkedBooter.java:548)

]]></system-err>
  </testcase>
  <testcase name="testQuery4" classname="flink.test.testQuery4" time="1.067">
    <system-out><![CDATA[*************(8,3,149,49.666666666666664)*************
*************(4,2,189,94.5)*************
*************(6,2,167,83.5)*************
*************(9,1,81,81.0)*************
*************(1,2,185,92.5)*************
*************(0,3,230,76.66666666666667)*************
*************(2,3,238,79.33333333333333)*************
*************(5,4,213,53.25)*************
*************(7,3,263,87.66666666666667)*************
*************(3,2,172,86.0)*************
]]></system-out>
    <system-err><![CDATA[Apr 29, 2024 9:25:37 AM org.apache.flink.api.java.typeutils.TypeExtractor analyzePojo
INFO: The default constructor of class org.apache.beam.sdk.nexmark.model.Auction is not Public so it cannot be used as a POJO type and must be processed as GenericType. Please read the Flink documentation on "Data Types & Serialization" for details of the effect on performance and schema evolution.
Apr 29, 2024 9:25:37 AM org.apache.flink.api.java.typeutils.TypeExtractor analyzePojo
INFO: The default constructor of class org.apache.beam.sdk.nexmark.model.Bid is not Public so it cannot be used as a POJO type and must be processed as GenericType. Please read the Flink documentation on "Data Types & Serialization" for details of the effect on performance and schema evolution.
Apr 29, 2024 9:25:37 AM org.apache.flink.runtime.rpc.pekko.PekkoRpcService closeAsync
INFO: Stopping Pekko RPC service.
Apr 29, 2024 9:25:37 AM org.apache.flink.runtime.rpc.pekko.PekkoRpcService lambda$closeAsync$7
INFO: Stopped Pekko RPC service.
Apr 29, 2024 9:25:37 AM org.apache.pekko.event.slf4j.Slf4jLogger$$anonfun$receive$1 $anonfun$applyOrElse$3
INFO: Running CoordinatedShutdown with reason [ActorSystemTerminateReason]
Apr 29, 2024 9:25:37 AM org.apache.flink.api.java.typeutils.runtime.kryo.KryoSerializer getKryoInstance
INFO: Kryo serializer scala extensions are not available.
Apr 29, 2024 9:25:37 AM org.apache.flink.api.java.typeutils.runtime.kryo.KryoSerializer getKryoInstance
INFO: Kryo serializer scala extensions are not available.
Apr 29, 2024 9:25:37 AM org.apache.flink.runtime.blob.AbstractBlobCache close
INFO: Shutting down BLOB cache
Apr 29, 2024 9:25:37 AM org.apache.flink.runtime.blob.AbstractBlobCache close
INFO: Shutting down BLOB cache
Apr 29, 2024 9:25:37 AM org.apache.flink.runtime.blob.BlobServer close
INFO: Stopped BLOB server at 0.0.0.0:50035
Apr 29, 2024 9:25:37 AM org.apache.flink.runtime.taskexecutor.TaskExecutorResourceUtils setConfigOptionToDefaultIfNotSet
INFO: The configuration option taskmanager.cpu.cores required for local execution is not set, setting it to the maximal possible value.
Apr 29, 2024 9:25:37 AM org.apache.flink.runtime.taskexecutor.TaskExecutorResourceUtils setConfigOptionToDefaultIfNotSet
INFO: The configuration option taskmanager.memory.task.heap.size required for local execution is not set, setting it to the maximal possible value.
Apr 29, 2024 9:25:37 AM org.apache.flink.runtime.taskexecutor.TaskExecutorResourceUtils setConfigOptionToDefaultIfNotSet
INFO: The configuration option taskmanager.memory.task.off-heap.size required for local execution is not set, setting it to the maximal possible value.
Apr 29, 2024 9:25:37 AM org.apache.flink.runtime.taskexecutor.TaskExecutorResourceUtils setConfigOptionToDefaultIfNotSet
INFO: The configuration option taskmanager.memory.network.min required for local execution is not set, setting it to its default value 64 mb.
Apr 29, 2024 9:25:37 AM org.apache.flink.runtime.taskexecutor.TaskExecutorResourceUtils setConfigOptionToDefaultIfNotSet
INFO: The configuration option taskmanager.memory.network.max required for local execution is not set, setting it to its default value 64 mb.
Apr 29, 2024 9:25:37 AM org.apache.flink.runtime.taskexecutor.TaskExecutorResourceUtils setConfigOptionToDefaultIfNotSet
INFO: The configuration option taskmanager.memory.managed.size required for local execution is not set, setting it to its default value 128 mb.
Apr 29, 2024 9:25:37 AM org.apache.flink.runtime.minicluster.MiniCluster start
INFO: Starting Flink Mini Cluster
Apr 29, 2024 9:25:37 AM org.apache.flink.runtime.rpc.pekko.PekkoRpcService lambda$closeAsync$7
INFO: Stopped Pekko RPC service.
Apr 29, 2024 9:25:37 AM org.apache.flink.runtime.minicluster.MiniCluster start
INFO: Starting Metrics Registry
Apr 29, 2024 9:25:37 AM org.apache.flink.runtime.metrics.MetricRegistryImpl <init>
INFO: No metrics reporter configured, no metrics will be exposed/reported.
Apr 29, 2024 9:25:37 AM org.apache.flink.runtime.minicluster.MiniCluster start
INFO: Starting RPC Service(s)
Apr 29, 2024 9:25:37 AM org.apache.flink.runtime.rpc.pekko.ActorSystemBootstrapTools startLocalActorSystem
INFO: Trying to start local actor system
Apr 29, 2024 9:25:38 AM org.apache.pekko.event.slf4j.Slf4jLogger$$anonfun$receive$1 applyOrElse
INFO: Slf4jLogger started
Apr 29, 2024 9:25:38 AM org.apache.flink.runtime.rpc.pekko.ActorSystemBootstrapTools startActorSystem
INFO: Actor system started at pekko://flink
Apr 29, 2024 9:25:38 AM org.apache.flink.runtime.rpc.pekko.ActorSystemBootstrapTools startLocalActorSystem
INFO: Trying to start local actor system
Apr 29, 2024 9:25:38 AM org.apache.pekko.event.slf4j.Slf4jLogger$$anonfun$receive$1 applyOrElse
INFO: Slf4jLogger started
Apr 29, 2024 9:25:38 AM org.apache.flink.runtime.rpc.pekko.ActorSystemBootstrapTools startActorSystem
INFO: Actor system started at pekko://flink-metrics
Apr 29, 2024 9:25:38 AM org.apache.flink.runtime.rpc.pekko.PekkoRpcService startServer
INFO: Starting RPC endpoint for org.apache.flink.runtime.metrics.dump.MetricQueryService at pekko://flink-metrics/user/rpc/MetricQueryService .
Apr 29, 2024 9:25:38 AM org.apache.flink.runtime.security.token.DefaultDelegationTokenManager loadProviders
INFO: Loading delegation token providers
Apr 29, 2024 9:25:38 AM org.apache.flink.runtime.util.HadoopUtils getHadoopConfiguration
WARNING: Could not find Hadoop configuration via any of the supported methods (Flink configuration, environment variables).
Apr 29, 2024 9:25:38 AM org.apache.flink.runtime.security.token.DefaultDelegationTokenManager lambda$loadProviders$0
INFO: Delegation token provider hadoopfs loaded and initialized
Apr 29, 2024 9:25:38 AM org.apache.flink.runtime.util.HadoopUtils getHadoopConfiguration
WARNING: Could not find Hadoop configuration via any of the supported methods (Flink configuration, environment variables).
Apr 29, 2024 9:25:38 AM org.apache.flink.runtime.security.token.DefaultDelegationTokenManager lambda$loadProviders$0
INFO: Delegation token provider hbase loaded and initialized
Apr 29, 2024 9:25:38 AM org.apache.flink.runtime.security.token.DefaultDelegationTokenManager loadProviders
INFO: Delegation token providers loaded successfully
Apr 29, 2024 9:25:38 AM org.apache.flink.runtime.security.token.DelegationTokenReceiverRepository loadReceivers
INFO: Loading delegation token receivers
Apr 29, 2024 9:25:38 AM org.apache.flink.runtime.security.token.DelegationTokenReceiverRepository lambda$loadReceivers$0
INFO: Delegation token receiver hadoopfs loaded and initialized
Apr 29, 2024 9:25:38 AM org.apache.flink.runtime.security.token.DelegationTokenReceiverRepository lambda$loadReceivers$0
INFO: Delegation token receiver hbase loaded and initialized
Apr 29, 2024 9:25:38 AM org.apache.flink.runtime.security.token.DelegationTokenReceiverRepository loadReceivers
INFO: Delegation token receivers loaded successfully
Apr 29, 2024 9:25:38 AM org.apache.flink.runtime.security.token.DefaultDelegationTokenManager checkProviderAndReceiverConsistency
INFO: Checking provider and receiver instances consistency
Apr 29, 2024 9:25:38 AM org.apache.flink.runtime.security.token.DefaultDelegationTokenManager checkProviderAndReceiverConsistency
INFO: Provider and receiver instances are consistent
Apr 29, 2024 9:25:38 AM org.apache.flink.runtime.security.token.DefaultDelegationTokenManager obtainDelegationTokens
INFO: Obtaining delegation tokens
Apr 29, 2024 9:25:38 AM org.apache.flink.runtime.security.token.DefaultDelegationTokenManager obtainDelegationTokens
INFO: Delegation tokens obtained successfully
Apr 29, 2024 9:25:38 AM org.apache.flink.runtime.security.token.DefaultDelegationTokenManager obtainDelegationTokens
WARNING: No tokens obtained so skipping notifications
Apr 29, 2024 9:25:38 AM org.apache.flink.runtime.security.token.DelegationTokenReceiverRepository loadReceivers
INFO: Loading delegation token receivers
Apr 29, 2024 9:25:38 AM org.apache.flink.runtime.security.token.DelegationTokenReceiverRepository lambda$loadReceivers$0
INFO: Delegation token receiver hadoopfs loaded and initialized
Apr 29, 2024 9:25:38 AM org.apache.flink.runtime.security.token.DelegationTokenReceiverRepository lambda$loadReceivers$0
INFO: Delegation token receiver hbase loaded and initialized
Apr 29, 2024 9:25:38 AM org.apache.flink.runtime.security.token.DelegationTokenReceiverRepository loadReceivers
INFO: Delegation token receivers loaded successfully
Apr 29, 2024 9:25:38 AM org.apache.flink.runtime.blob.BlobServer <init>
INFO: Created BLOB server storage directory /var/folders/9y/mg706rlj3cx1fsv47rlmtqq40000gn/T/minicluster_e92839f701435f7c68dbc9e6db721f3a/blobStorage
Apr 29, 2024 9:25:38 AM org.apache.flink.runtime.blob.BlobServer <init>
INFO: Started BLOB server at 0.0.0.0:50038 - max concurrent requests: 50 - max backlog: 1000
Apr 29, 2024 9:25:38 AM org.apache.flink.runtime.blob.AbstractBlobCache <init>
INFO: Created BLOB cache storage directory /var/folders/9y/mg706rlj3cx1fsv47rlmtqq40000gn/T/minicluster_e92839f701435f7c68dbc9e6db721f3a/blobStorage
Apr 29, 2024 9:25:38 AM org.apache.flink.runtime.blob.AbstractBlobCache <init>
INFO: Created BLOB cache storage directory /var/folders/9y/mg706rlj3cx1fsv47rlmtqq40000gn/T/minicluster_e92839f701435f7c68dbc9e6db721f3a/blobStorage
Apr 29, 2024 9:25:38 AM org.apache.flink.runtime.minicluster.MiniCluster startTaskManagers
INFO: Starting 1 TaskManager(s)
Apr 29, 2024 9:25:38 AM org.apache.flink.runtime.taskexecutor.TaskManagerRunner startTaskManager
INFO: Starting TaskManager with ResourceID: 5254be7d-d19f-447f-b37f-e2e2cbf6968f
Apr 29, 2024 9:25:38 AM org.apache.flink.runtime.taskexecutor.TaskManagerServices checkTempDirs
INFO: Temporary file directory '/var/folders/9y/mg706rlj3cx1fsv47rlmtqq40000gn/T': total 460 GB, usable 240 GB (52.17% usable)
Apr 29, 2024 9:25:38 AM org.apache.flink.runtime.io.disk.iomanager.IOManager <init>
INFO: Created a new FileChannelManager for spilling of task related data to disk (joins, sorting, ...). Used directories:
	/var/folders/9y/mg706rlj3cx1fsv47rlmtqq40000gn/T/flink-io-6e9cbf49-b0d2-4131-9240-4e33b9595533
Apr 29, 2024 9:25:38 AM org.apache.flink.runtime.io.network.NettyShuffleServiceFactory createNettyShuffleEnvironment
INFO: Created a new FileChannelManager for storing result partitions of BLOCKING shuffles. Used directories:
	/var/folders/9y/mg706rlj3cx1fsv47rlmtqq40000gn/T/flink-netty-shuffle-8c362c34-275d-46cc-9ff5-85c4ecdbbf67
Apr 29, 2024 9:25:38 AM org.apache.flink.runtime.io.network.buffer.NetworkBufferPool <init>
INFO: Allocated 64 MB for network buffer pool (number of memory segments: 2048, bytes per segment: 32768).
Apr 29, 2024 9:25:38 AM org.apache.flink.runtime.io.network.NettyShuffleEnvironment start
INFO: Starting the network environment and its components.
Apr 29, 2024 9:25:38 AM org.apache.flink.runtime.taskexecutor.KvStateService start
INFO: Starting the kvState service and its components.
Apr 29, 2024 9:25:38 AM org.apache.flink.configuration.Configuration loggingFallback
INFO: Config uses fallback configuration key 'pekko.ask.timeout' instead of key 'taskmanager.slot.timeout'
Apr 29, 2024 9:25:38 AM org.apache.flink.runtime.rpc.pekko.PekkoRpcService startServer
INFO: Starting RPC endpoint for org.apache.flink.runtime.taskexecutor.TaskExecutor at pekko://flink/user/rpc/taskmanager_8 .
Apr 29, 2024 9:25:38 AM org.apache.flink.runtime.taskexecutor.DefaultJobLeaderService start
INFO: Start job leader service.
Apr 29, 2024 9:25:38 AM org.apache.flink.runtime.rest.RestServerEndpoint start
INFO: Starting rest endpoint.
Apr 29, 2024 9:25:38 AM org.apache.flink.runtime.filecache.FileCache <init>
INFO: User file cache uses directory /var/folders/9y/mg706rlj3cx1fsv47rlmtqq40000gn/T/flink-dist-cache-1ace73c1-6ec8-4977-a143-3ae83649771b
Apr 29, 2024 9:25:38 AM org.apache.flink.runtime.webmonitor.WebMonitorUtils$LogFileLocation find
WARNING: Log file environment variable 'log.file' is not set.
Apr 29, 2024 9:25:38 AM org.apache.flink.runtime.webmonitor.WebMonitorUtils$LogFileLocation find
WARNING: JobManager log files are unavailable in the web dashboard. Log file location not found in environment variable 'log.file' or configuration key 'web.log.path'.
Apr 29, 2024 9:25:38 AM org.apache.flink.runtime.rest.RestServerEndpoint start
INFO: Rest endpoint listening at localhost:50039
Apr 29, 2024 9:25:38 AM org.apache.flink.runtime.highavailability.nonha.embedded.EmbeddedLeaderService updateLeader
INFO: Proposing leadership to the contender that is registered under component ID 'rest_server'.
Apr 29, 2024 9:25:38 AM org.apache.flink.runtime.webmonitor.WebMonitorEndpoint startInternal
INFO: Web frontend listening at http://localhost:50039.
Apr 29, 2024 9:25:38 AM org.apache.flink.runtime.webmonitor.WebMonitorEndpoint grantLeadership
INFO: http://localhost:50039 was granted leadership with leaderSessionID=3ab70f67-023b-44df-bdb1-15ba9bbd9b1a
Apr 29, 2024 9:25:38 AM org.apache.flink.runtime.highavailability.nonha.embedded.EmbeddedLeaderService confirmLeader
INFO: Received confirmation of leadership for leader http://localhost:50039 , session=3ab70f67-023b-44df-bdb1-15ba9bbd9b1a
Apr 29, 2024 9:25:38 AM org.apache.flink.runtime.highavailability.nonha.embedded.EmbeddedLeaderService updateLeader
INFO: Proposing leadership to the contender that is registered under component ID 'dispatcher'.
Apr 29, 2024 9:25:38 AM org.apache.flink.runtime.resourcemanager.ResourceManagerServiceImpl start
INFO: Starting resource manager service.
Apr 29, 2024 9:25:38 AM org.apache.flink.runtime.dispatcher.runner.DefaultDispatcherRunner lambda$grantLeadership$0
INFO: DefaultDispatcherRunner was granted leadership with leader id 854480ad-0e70-45cd-89cd-44961fe30c12. Creating new DispatcherLeaderProcess.
Apr 29, 2024 9:25:38 AM org.apache.flink.runtime.highavailability.nonha.embedded.EmbeddedLeaderService updateLeader
INFO: Proposing leadership to the contender that is registered under component ID 'resource_manager'.
Apr 29, 2024 9:25:38 AM org.apache.flink.runtime.dispatcher.runner.AbstractDispatcherLeaderProcess startInternal
INFO: Start SessionDispatcherLeaderProcess.
Apr 29, 2024 9:25:38 AM org.apache.flink.runtime.minicluster.MiniCluster start
INFO: Flink Mini Cluster started successfully
Apr 29, 2024 9:25:38 AM org.apache.flink.runtime.resourcemanager.ResourceManagerServiceImpl lambda$grantLeadership$2
INFO: Resource manager service is granted leadership with session id 69973c3e-3668-4b35-9ed7-82ab442f99bb.
Apr 29, 2024 9:25:38 AM org.apache.flink.runtime.dispatcher.runner.SessionDispatcherLeaderProcess recoverJobs
INFO: Recover all persisted job graphs that are not finished, yet.
Apr 29, 2024 9:25:38 AM org.apache.flink.runtime.dispatcher.runner.SessionDispatcherLeaderProcess recoverJobs
INFO: Successfully recovered 0 persisted job graphs.
Apr 29, 2024 9:25:38 AM org.apache.flink.runtime.rpc.pekko.PekkoRpcService startServer
INFO: Starting RPC endpoint for org.apache.flink.runtime.resourcemanager.StandaloneResourceManager at pekko://flink/user/rpc/resourcemanager_9 .
Apr 29, 2024 9:25:38 AM org.apache.flink.runtime.rpc.pekko.PekkoRpcService startServer
INFO: Starting RPC endpoint for org.apache.flink.runtime.dispatcher.StandaloneDispatcher at pekko://flink/user/rpc/dispatcher_10 .
Apr 29, 2024 9:25:38 AM org.apache.flink.runtime.resourcemanager.ResourceManager onStart
INFO: Starting the resource manager.
Apr 29, 2024 9:25:38 AM org.apache.flink.runtime.resourcemanager.slotmanager.FineGrainedSlotManager start
INFO: Starting the slot manager.
Apr 29, 2024 9:25:38 AM org.apache.flink.runtime.security.token.DefaultDelegationTokenManager startTokensUpdate
INFO: Starting tokens update task
Apr 29, 2024 9:25:38 AM org.apache.flink.runtime.security.token.DefaultDelegationTokenManager startTokensUpdate
WARNING: No tokens obtained so skipping notifications
Apr 29, 2024 9:25:38 AM org.apache.flink.runtime.security.token.DefaultDelegationTokenManager startTokensUpdate
WARNING: Tokens update task not started because either no tokens obtained or none of the tokens specified its renewal date
Apr 29, 2024 9:25:38 AM org.apache.flink.runtime.highavailability.nonha.embedded.EmbeddedLeaderService confirmLeader
INFO: Received confirmation of leadership for leader pekko://flink/user/rpc/dispatcher_10 , session=854480ad-0e70-45cd-89cd-44961fe30c12
Apr 29, 2024 9:25:38 AM org.apache.flink.runtime.highavailability.nonha.embedded.EmbeddedLeaderService confirmLeader
INFO: Received confirmation of leadership for leader pekko://flink/user/rpc/resourcemanager_9 , session=69973c3e-3668-4b35-9ed7-82ab442f99bb
Apr 29, 2024 9:25:38 AM org.apache.flink.runtime.taskexecutor.TaskExecutor connectToResourceManager
INFO: Connecting to ResourceManager pekko://flink/user/rpc/resourcemanager_9(9ed782ab442f99bb69973c3e36684b35).
Apr 29, 2024 9:25:38 AM org.apache.flink.runtime.registration.RetryingRegistration lambda$startRegistration$0
INFO: Resolved ResourceManager address, beginning registration
Apr 29, 2024 9:25:38 AM org.apache.flink.runtime.dispatcher.Dispatcher submitJob
INFO: Received JobGraph submission 'Flink Streaming Job' (d3e1d679b8500765ef8603fd9c7a8be7).
Apr 29, 2024 9:25:38 AM org.apache.flink.runtime.resourcemanager.ResourceManager registerTaskExecutorInternal
INFO: Registering TaskManager with ResourceID 5254be7d-d19f-447f-b37f-e2e2cbf6968f (pekko://flink/user/rpc/taskmanager_8) at ResourceManager
Apr 29, 2024 9:25:38 AM org.apache.flink.runtime.dispatcher.Dispatcher internalSubmitJob
INFO: Submitting job 'Flink Streaming Job' (d3e1d679b8500765ef8603fd9c7a8be7).
Apr 29, 2024 9:25:38 AM org.apache.flink.runtime.highavailability.nonha.embedded.EmbeddedLeaderService updateLeader
INFO: Proposing leadership to the contender that is registered under component ID 'job-d3e1d679b8500765ef8603fd9c7a8be7'.
Apr 29, 2024 9:25:38 AM org.apache.flink.runtime.jobmaster.JobMasterServiceLeadershipRunner createNewJobMasterServiceProcess
INFO: JobMasterServiceLeadershipRunner for job d3e1d679b8500765ef8603fd9c7a8be7 was granted leadership with leader id 87594c35-147d-4bf5-af6f-b7f66cf95585. Creating new JobMasterServiceProcess.
Apr 29, 2024 9:25:38 AM org.apache.flink.runtime.taskexecutor.TaskExecutorToResourceManagerConnection onRegistrationSuccess
INFO: Successful registration at resource manager pekko://flink/user/rpc/resourcemanager_9 under registration id c97f15c9b255bb24a8cea158ae838dff.
Apr 29, 2024 9:25:38 AM org.apache.flink.runtime.resourcemanager.slotmanager.FineGrainedSlotManager registerTaskManager
INFO: Registering task executor 5254be7d-d19f-447f-b37f-e2e2cbf6968f under c97f15c9b255bb24a8cea158ae838dff at the slot manager.
Apr 29, 2024 9:25:38 AM org.apache.flink.runtime.rpc.pekko.PekkoRpcService startServer
INFO: Starting RPC endpoint for org.apache.flink.runtime.jobmaster.JobMaster at pekko://flink/user/rpc/jobmanager_11 .
Apr 29, 2024 9:25:38 AM org.apache.flink.runtime.jobmaster.JobMaster <init>
INFO: Initializing job 'Flink Streaming Job' (d3e1d679b8500765ef8603fd9c7a8be7).
Apr 29, 2024 9:25:38 AM org.apache.flink.runtime.scheduler.DefaultSchedulerFactory createInstance
INFO: Using restart back off time strategy NoRestartBackoffTimeStrategy for Flink Streaming Job (d3e1d679b8500765ef8603fd9c7a8be7).
Apr 29, 2024 9:25:38 AM org.apache.flink.runtime.executiongraph.DefaultExecutionGraph <init>
INFO: Created execution graph 0abe928b213cd307c9f3a2620f75d2f8 for job d3e1d679b8500765ef8603fd9c7a8be7.
Apr 29, 2024 9:25:38 AM org.apache.flink.runtime.executiongraph.DefaultExecutionGraphBuilder buildGraph
INFO: Running initialization on master for job Flink Streaming Job (d3e1d679b8500765ef8603fd9c7a8be7).
Apr 29, 2024 9:25:38 AM org.apache.flink.runtime.executiongraph.DefaultExecutionGraphBuilder buildGraph
INFO: Successfully ran initialization on master in 0 ms.
Apr 29, 2024 9:25:38 AM org.apache.flink.runtime.scheduler.adapter.DefaultExecutionTopology generateNewPipelinedRegions
INFO: Built 1 new pipelined regions in 0 ms, total 1 pipelined regions currently.
Apr 29, 2024 9:25:38 AM org.apache.flink.runtime.state.StateBackendLoader loadFromApplicationOrConfigOrDefaultInternal
INFO: No state backend has been configured, using default (HashMap) org.apache.flink.runtime.state.hashmap.HashMapStateBackend@61974ea
Apr 29, 2024 9:25:38 AM org.apache.flink.runtime.state.StateBackendLoader fromApplicationOrConfigOrDefault
INFO: State backend loader loads the state backend as HashMapStateBackend
Apr 29, 2024 9:25:38 AM org.apache.flink.runtime.state.CheckpointStorageLoader createJobManagerCheckpointStorage
INFO: Checkpoint storage is set to 'jobmanager'
Apr 29, 2024 9:25:38 AM org.apache.flink.runtime.checkpoint.CheckpointCoordinator restoreLatestCheckpointedStateInternal
INFO: No checkpoint found during restore.
Apr 29, 2024 9:25:38 AM org.apache.flink.runtime.scheduler.DefaultScheduler <init>
INFO: Using failover strategy org.apache.flink.runtime.executiongraph.failover.flip1.RestartPipelinedRegionFailoverStrategy@27b1fe60 for Flink Streaming Job (d3e1d679b8500765ef8603fd9c7a8be7).
Apr 29, 2024 9:25:38 AM org.apache.flink.runtime.highavailability.nonha.embedded.EmbeddedLeaderService confirmLeader
INFO: Received confirmation of leadership for leader pekko://flink/user/rpc/jobmanager_11 , session=87594c35-147d-4bf5-af6f-b7f66cf95585
Apr 29, 2024 9:25:38 AM org.apache.flink.runtime.jobmaster.JobMaster startJobExecution
INFO: Starting execution of job 'Flink Streaming Job' (d3e1d679b8500765ef8603fd9c7a8be7) under job master id af6fb7f66cf9558587594c35147d4bf5.
Apr 29, 2024 9:25:38 AM org.apache.flink.runtime.scheduler.DefaultScheduler startSchedulingInternal
INFO: Starting scheduling with scheduling strategy [org.apache.flink.runtime.scheduler.strategy.PipelinedRegionSchedulingStrategy]
Apr 29, 2024 9:25:38 AM org.apache.flink.runtime.executiongraph.DefaultExecutionGraph transitionState
INFO: Job Flink Streaming Job (d3e1d679b8500765ef8603fd9c7a8be7) switched from state CREATED to RUNNING.
Apr 29, 2024 9:25:38 AM org.apache.flink.runtime.executiongraph.Execution transitionState
INFO: Source: Collection Source -> Timestamps/Watermarks (1/1) (0abe928b213cd307c9f3a2620f75d2f8_cbc357ccb763df2852fee8c4fc7d55f2_0_0) switched from CREATED to SCHEDULED.
Apr 29, 2024 9:25:38 AM org.apache.flink.runtime.executiongraph.Execution transitionState
INFO: Source: Collection Source -> Timestamps/Watermarks (1/1) (0abe928b213cd307c9f3a2620f75d2f8_6cdc5bb954874d922eaee11a8e7b5dd5_0_0) switched from CREATED to SCHEDULED.
Apr 29, 2024 9:25:38 AM org.apache.flink.runtime.executiongraph.Execution transitionState
INFO: Co-Process (1/8) (0abe928b213cd307c9f3a2620f75d2f8_0c9698a73a6211243fab695da9d8c163_0_0) switched from CREATED to SCHEDULED.
Apr 29, 2024 9:25:38 AM org.apache.flink.runtime.executiongraph.Execution transitionState
INFO: Co-Process (2/8) (0abe928b213cd307c9f3a2620f75d2f8_0c9698a73a6211243fab695da9d8c163_1_0) switched from CREATED to SCHEDULED.
Apr 29, 2024 9:25:38 AM org.apache.flink.runtime.executiongraph.Execution transitionState
INFO: Co-Process (3/8) (0abe928b213cd307c9f3a2620f75d2f8_0c9698a73a6211243fab695da9d8c163_2_0) switched from CREATED to SCHEDULED.
Apr 29, 2024 9:25:38 AM org.apache.flink.runtime.executiongraph.Execution transitionState
INFO: Co-Process (4/8) (0abe928b213cd307c9f3a2620f75d2f8_0c9698a73a6211243fab695da9d8c163_3_0) switched from CREATED to SCHEDULED.
Apr 29, 2024 9:25:38 AM org.apache.flink.runtime.executiongraph.Execution transitionState
INFO: Co-Process (5/8) (0abe928b213cd307c9f3a2620f75d2f8_0c9698a73a6211243fab695da9d8c163_4_0) switched from CREATED to SCHEDULED.
Apr 29, 2024 9:25:38 AM org.apache.flink.runtime.executiongraph.Execution transitionState
INFO: Co-Process (6/8) (0abe928b213cd307c9f3a2620f75d2f8_0c9698a73a6211243fab695da9d8c163_5_0) switched from CREATED to SCHEDULED.
Apr 29, 2024 9:25:38 AM org.apache.flink.runtime.executiongraph.Execution transitionState
INFO: Co-Process (7/8) (0abe928b213cd307c9f3a2620f75d2f8_0c9698a73a6211243fab695da9d8c163_6_0) switched from CREATED to SCHEDULED.
Apr 29, 2024 9:25:38 AM org.apache.flink.runtime.executiongraph.Execution transitionState
INFO: Co-Process (8/8) (0abe928b213cd307c9f3a2620f75d2f8_0c9698a73a6211243fab695da9d8c163_7_0) switched from CREATED to SCHEDULED.
Apr 29, 2024 9:25:38 AM org.apache.flink.runtime.executiongraph.Execution transitionState
INFO: MaxPriceBid (1/8) (0abe928b213cd307c9f3a2620f75d2f8_97db730e07d35d6850e3d51339e006de_0_0) switched from CREATED to SCHEDULED.
Apr 29, 2024 9:25:38 AM org.apache.flink.runtime.executiongraph.Execution transitionState
INFO: MaxPriceBid (2/8) (0abe928b213cd307c9f3a2620f75d2f8_97db730e07d35d6850e3d51339e006de_1_0) switched from CREATED to SCHEDULED.
Apr 29, 2024 9:25:38 AM org.apache.flink.runtime.executiongraph.Execution transitionState
INFO: MaxPriceBid (3/8) (0abe928b213cd307c9f3a2620f75d2f8_97db730e07d35d6850e3d51339e006de_2_0) switched from CREATED to SCHEDULED.
Apr 29, 2024 9:25:38 AM org.apache.flink.runtime.executiongraph.Execution transitionState
INFO: MaxPriceBid (4/8) (0abe928b213cd307c9f3a2620f75d2f8_97db730e07d35d6850e3d51339e006de_3_0) switched from CREATED to SCHEDULED.
Apr 29, 2024 9:25:38 AM org.apache.flink.runtime.executiongraph.Execution transitionState
INFO: MaxPriceBid (5/8) (0abe928b213cd307c9f3a2620f75d2f8_97db730e07d35d6850e3d51339e006de_4_0) switched from CREATED to SCHEDULED.
Apr 29, 2024 9:25:38 AM org.apache.flink.runtime.executiongraph.Execution transitionState
INFO: MaxPriceBid (6/8) (0abe928b213cd307c9f3a2620f75d2f8_97db730e07d35d6850e3d51339e006de_5_0) switched from CREATED to SCHEDULED.
Apr 29, 2024 9:25:38 AM org.apache.flink.runtime.executiongraph.Execution transitionState
INFO: MaxPriceBid (7/8) (0abe928b213cd307c9f3a2620f75d2f8_97db730e07d35d6850e3d51339e006de_6_0) switched from CREATED to SCHEDULED.
Apr 29, 2024 9:25:38 AM org.apache.flink.runtime.executiongraph.Execution transitionState
INFO: MaxPriceBid (8/8) (0abe928b213cd307c9f3a2620f75d2f8_97db730e07d35d6850e3d51339e006de_7_0) switched from CREATED to SCHEDULED.
Apr 29, 2024 9:25:38 AM org.apache.flink.runtime.executiongraph.Execution transitionState
INFO: TumblingEventTimeWindows -> Sink: Unnamed (1/8) (0abe928b213cd307c9f3a2620f75d2f8_561b99790e87a1e4f6980356c75ba2de_0_0) switched from CREATED to SCHEDULED.
Apr 29, 2024 9:25:38 AM org.apache.flink.runtime.executiongraph.Execution transitionState
INFO: TumblingEventTimeWindows -> Sink: Unnamed (2/8) (0abe928b213cd307c9f3a2620f75d2f8_561b99790e87a1e4f6980356c75ba2de_1_0) switched from CREATED to SCHEDULED.
Apr 29, 2024 9:25:38 AM org.apache.flink.runtime.executiongraph.Execution transitionState
INFO: TumblingEventTimeWindows -> Sink: Unnamed (3/8) (0abe928b213cd307c9f3a2620f75d2f8_561b99790e87a1e4f6980356c75ba2de_2_0) switched from CREATED to SCHEDULED.
Apr 29, 2024 9:25:38 AM org.apache.flink.runtime.executiongraph.Execution transitionState
INFO: TumblingEventTimeWindows -> Sink: Unnamed (4/8) (0abe928b213cd307c9f3a2620f75d2f8_561b99790e87a1e4f6980356c75ba2de_3_0) switched from CREATED to SCHEDULED.
Apr 29, 2024 9:25:38 AM org.apache.flink.runtime.executiongraph.Execution transitionState
INFO: TumblingEventTimeWindows -> Sink: Unnamed (5/8) (0abe928b213cd307c9f3a2620f75d2f8_561b99790e87a1e4f6980356c75ba2de_4_0) switched from CREATED to SCHEDULED.
Apr 29, 2024 9:25:38 AM org.apache.flink.runtime.executiongraph.Execution transitionState
INFO: TumblingEventTimeWindows -> Sink: Unnamed (6/8) (0abe928b213cd307c9f3a2620f75d2f8_561b99790e87a1e4f6980356c75ba2de_5_0) switched from CREATED to SCHEDULED.
Apr 29, 2024 9:25:38 AM org.apache.flink.runtime.executiongraph.Execution transitionState
INFO: TumblingEventTimeWindows -> Sink: Unnamed (7/8) (0abe928b213cd307c9f3a2620f75d2f8_561b99790e87a1e4f6980356c75ba2de_6_0) switched from CREATED to SCHEDULED.
Apr 29, 2024 9:25:38 AM org.apache.flink.runtime.executiongraph.Execution transitionState
INFO: TumblingEventTimeWindows -> Sink: Unnamed (8/8) (0abe928b213cd307c9f3a2620f75d2f8_561b99790e87a1e4f6980356c75ba2de_7_0) switched from CREATED to SCHEDULED.
Apr 29, 2024 9:25:38 AM org.apache.flink.runtime.jobmaster.JobMaster connectToResourceManager
INFO: Connecting to ResourceManager pekko://flink/user/rpc/resourcemanager_9(9ed782ab442f99bb69973c3e36684b35)
Apr 29, 2024 9:25:38 AM org.apache.flink.runtime.registration.RetryingRegistration lambda$startRegistration$0
INFO: Resolved ResourceManager address, beginning registration
Apr 29, 2024 9:25:38 AM org.apache.flink.runtime.resourcemanager.ResourceManager registerJobMaster
INFO: Registering job manager af6fb7f66cf9558587594c35147d4bf5@pekko://flink/user/rpc/jobmanager_11 for job d3e1d679b8500765ef8603fd9c7a8be7.
Apr 29, 2024 9:25:38 AM org.apache.flink.runtime.resourcemanager.ResourceManager registerJobMasterInternal
INFO: Registered job manager af6fb7f66cf9558587594c35147d4bf5@pekko://flink/user/rpc/jobmanager_11 for job d3e1d679b8500765ef8603fd9c7a8be7.
Apr 29, 2024 9:25:38 AM org.apache.flink.runtime.jobmaster.JobMaster establishResourceManagerConnection
INFO: JobManager successfully registered at ResourceManager, leader id: 9ed782ab442f99bb69973c3e36684b35.
Apr 29, 2024 9:25:38 AM org.apache.flink.runtime.resourcemanager.slotmanager.FineGrainedSlotManager processResourceRequirements
INFO: Received resource requirements from job d3e1d679b8500765ef8603fd9c7a8be7: [ResourceRequirement{resourceProfile=ResourceProfile{UNKNOWN}, numberOfRequiredSlots=8}]
Apr 29, 2024 9:25:38 AM org.apache.flink.runtime.resourcemanager.slotmanager.FineGrainedSlotManager logMissingAndAvailableResource
INFO: Matching resource requirements against available resources.
Missing resources:
	 Job d3e1d679b8500765ef8603fd9c7a8be7
		ResourceRequirement{resourceProfile=ResourceProfile{UNKNOWN}, numberOfRequiredSlots=8}
Current resources:
	TaskManager 5254be7d-d19f-447f-b37f-e2e2cbf6968f
		Available: ResourceProfile{taskHeapMemory=1024.000gb (1099511627776 bytes), taskOffHeapMemory=1024.000gb (1099511627776 bytes), managedMemory=128.000mb (134217728 bytes), networkMemory=64.000mb (67108864 bytes)}
		Total:     ResourceProfile{taskHeapMemory=1024.000gb (1099511627776 bytes), taskOffHeapMemory=1024.000gb (1099511627776 bytes), managedMemory=128.000mb (134217728 bytes), networkMemory=64.000mb (67108864 bytes)}
Apr 29, 2024 9:25:38 AM org.apache.flink.runtime.resourcemanager.slotmanager.DefaultSlotStatusSyncer allocateSlot
INFO: Starting allocation of slot f744c0bab1efabbcc4d6824c1bd74165 from 5254be7d-d19f-447f-b37f-e2e2cbf6968f for job d3e1d679b8500765ef8603fd9c7a8be7 with resource profile ResourceProfile{taskHeapMemory=128.000gb (137438953472 bytes), taskOffHeapMemory=128.000gb (137438953472 bytes), managedMemory=16.000mb (16777216 bytes), networkMemory=8.000mb (8388608 bytes)}.
Apr 29, 2024 9:25:38 AM org.apache.flink.runtime.resourcemanager.slotmanager.DefaultSlotStatusSyncer allocateSlot
INFO: Starting allocation of slot d46aca34674d285dd35e3e5dcfe4c94b from 5254be7d-d19f-447f-b37f-e2e2cbf6968f for job d3e1d679b8500765ef8603fd9c7a8be7 with resource profile ResourceProfile{taskHeapMemory=128.000gb (137438953472 bytes), taskOffHeapMemory=128.000gb (137438953472 bytes), managedMemory=16.000mb (16777216 bytes), networkMemory=8.000mb (8388608 bytes)}.
Apr 29, 2024 9:25:38 AM org.apache.flink.runtime.taskexecutor.TaskExecutor requestSlot
INFO: Receive slot request f744c0bab1efabbcc4d6824c1bd74165 for job d3e1d679b8500765ef8603fd9c7a8be7 from resource manager with leader id 9ed782ab442f99bb69973c3e36684b35.
Apr 29, 2024 9:25:38 AM org.apache.flink.runtime.taskexecutor.slot.TaskSlotTableImpl allocateSlot
INFO: Allocated slot for f744c0bab1efabbcc4d6824c1bd74165 with resources ResourceProfile{taskHeapMemory=128.000gb (137438953472 bytes), taskOffHeapMemory=128.000gb (137438953472 bytes), managedMemory=16.000mb (16777216 bytes), networkMemory=8.000mb (8388608 bytes)}.
Apr 29, 2024 9:25:38 AM org.apache.flink.runtime.resourcemanager.slotmanager.DefaultSlotStatusSyncer allocateSlot
INFO: Starting allocation of slot de88321de88afdd58e2ad967e9d37f4e from 5254be7d-d19f-447f-b37f-e2e2cbf6968f for job d3e1d679b8500765ef8603fd9c7a8be7 with resource profile ResourceProfile{taskHeapMemory=128.000gb (137438953472 bytes), taskOffHeapMemory=128.000gb (137438953472 bytes), managedMemory=16.000mb (16777216 bytes), networkMemory=8.000mb (8388608 bytes)}.
Apr 29, 2024 9:25:38 AM org.apache.flink.runtime.taskexecutor.DefaultJobLeaderService addJob
INFO: Add job d3e1d679b8500765ef8603fd9c7a8be7 for job leader monitoring.
Apr 29, 2024 9:25:38 AM org.apache.flink.runtime.resourcemanager.slotmanager.DefaultSlotStatusSyncer allocateSlot
INFO: Starting allocation of slot fa6433324e89f4eeab722a9bf89b1e8a from 5254be7d-d19f-447f-b37f-e2e2cbf6968f for job d3e1d679b8500765ef8603fd9c7a8be7 with resource profile ResourceProfile{taskHeapMemory=128.000gb (137438953472 bytes), taskOffHeapMemory=128.000gb (137438953472 bytes), managedMemory=16.000mb (16777216 bytes), networkMemory=8.000mb (8388608 bytes)}.
Apr 29, 2024 9:25:38 AM org.apache.flink.runtime.taskexecutor.DefaultJobLeaderService$JobManagerLeaderListener openRpcConnectionTo
INFO: Try to register at job manager pekko://flink/user/rpc/jobmanager_11 with leader id 87594c35-147d-4bf5-af6f-b7f66cf95585.
Apr 29, 2024 9:25:38 AM org.apache.flink.runtime.taskexecutor.TaskExecutor requestSlot
INFO: Receive slot request d46aca34674d285dd35e3e5dcfe4c94b for job d3e1d679b8500765ef8603fd9c7a8be7 from resource manager with leader id 9ed782ab442f99bb69973c3e36684b35.
Apr 29, 2024 9:25:38 AM org.apache.flink.runtime.resourcemanager.slotmanager.DefaultSlotStatusSyncer allocateSlot
INFO: Starting allocation of slot ee9b8d92749e66e778ebc9072196411c from 5254be7d-d19f-447f-b37f-e2e2cbf6968f for job d3e1d679b8500765ef8603fd9c7a8be7 with resource profile ResourceProfile{taskHeapMemory=128.000gb (137438953472 bytes), taskOffHeapMemory=128.000gb (137438953472 bytes), managedMemory=16.000mb (16777216 bytes), networkMemory=8.000mb (8388608 bytes)}.
Apr 29, 2024 9:25:38 AM org.apache.flink.runtime.taskexecutor.slot.TaskSlotTableImpl allocateSlot
INFO: Allocated slot for d46aca34674d285dd35e3e5dcfe4c94b with resources ResourceProfile{taskHeapMemory=128.000gb (137438953472 bytes), taskOffHeapMemory=128.000gb (137438953472 bytes), managedMemory=16.000mb (16777216 bytes), networkMemory=8.000mb (8388608 bytes)}.
Apr 29, 2024 9:25:38 AM org.apache.flink.runtime.resourcemanager.slotmanager.DefaultSlotStatusSyncer allocateSlot
INFO: Starting allocation of slot 69f92df98e78269b3035a7e2693c67e4 from 5254be7d-d19f-447f-b37f-e2e2cbf6968f for job d3e1d679b8500765ef8603fd9c7a8be7 with resource profile ResourceProfile{taskHeapMemory=128.000gb (137438953472 bytes), taskOffHeapMemory=128.000gb (137438953472 bytes), managedMemory=16.000mb (16777216 bytes), networkMemory=8.000mb (8388608 bytes)}.
Apr 29, 2024 9:25:38 AM org.apache.flink.runtime.taskexecutor.TaskExecutor requestSlot
INFO: Receive slot request de88321de88afdd58e2ad967e9d37f4e for job d3e1d679b8500765ef8603fd9c7a8be7 from resource manager with leader id 9ed782ab442f99bb69973c3e36684b35.
Apr 29, 2024 9:25:38 AM org.apache.flink.runtime.taskexecutor.slot.TaskSlotTableImpl allocateSlot
INFO: Allocated slot for de88321de88afdd58e2ad967e9d37f4e with resources ResourceProfile{taskHeapMemory=128.000gb (137438953472 bytes), taskOffHeapMemory=128.000gb (137438953472 bytes), managedMemory=16.000mb (16777216 bytes), networkMemory=8.000mb (8388608 bytes)}.
Apr 29, 2024 9:25:38 AM org.apache.flink.runtime.resourcemanager.slotmanager.DefaultSlotStatusSyncer allocateSlot
INFO: Starting allocation of slot 3e559435fa3d57e3d1f5a428020e3a8b from 5254be7d-d19f-447f-b37f-e2e2cbf6968f for job d3e1d679b8500765ef8603fd9c7a8be7 with resource profile ResourceProfile{taskHeapMemory=128.000gb (137438953472 bytes), taskOffHeapMemory=128.000gb (137438953472 bytes), managedMemory=16.000mb (16777216 bytes), networkMemory=8.000mb (8388608 bytes)}.
Apr 29, 2024 9:25:38 AM org.apache.flink.runtime.taskexecutor.TaskExecutor requestSlot
INFO: Receive slot request fa6433324e89f4eeab722a9bf89b1e8a for job d3e1d679b8500765ef8603fd9c7a8be7 from resource manager with leader id 9ed782ab442f99bb69973c3e36684b35.
Apr 29, 2024 9:25:38 AM org.apache.flink.runtime.taskexecutor.slot.TaskSlotTableImpl allocateSlot
INFO: Allocated slot for fa6433324e89f4eeab722a9bf89b1e8a with resources ResourceProfile{taskHeapMemory=128.000gb (137438953472 bytes), taskOffHeapMemory=128.000gb (137438953472 bytes), managedMemory=16.000mb (16777216 bytes), networkMemory=8.000mb (8388608 bytes)}.
Apr 29, 2024 9:25:38 AM org.apache.flink.runtime.resourcemanager.slotmanager.DefaultSlotStatusSyncer allocateSlot
INFO: Starting allocation of slot b861acd2ab70d937480dd76812b743c7 from 5254be7d-d19f-447f-b37f-e2e2cbf6968f for job d3e1d679b8500765ef8603fd9c7a8be7 with resource profile ResourceProfile{taskHeapMemory=128.000gb (137438953472 bytes), taskOffHeapMemory=128.000gb (137438953472 bytes), managedMemory=16.000mb (16777216 bytes), networkMemory=8.000mb (8388608 bytes)}.
Apr 29, 2024 9:25:38 AM org.apache.flink.runtime.registration.RetryingRegistration lambda$startRegistration$0
INFO: Resolved JobManager address, beginning registration
Apr 29, 2024 9:25:38 AM org.apache.flink.runtime.taskexecutor.TaskExecutor requestSlot
INFO: Receive slot request ee9b8d92749e66e778ebc9072196411c for job d3e1d679b8500765ef8603fd9c7a8be7 from resource manager with leader id 9ed782ab442f99bb69973c3e36684b35.
Apr 29, 2024 9:25:38 AM org.apache.flink.runtime.taskexecutor.slot.TaskSlotTableImpl allocateSlot
INFO: Allocated slot for ee9b8d92749e66e778ebc9072196411c with resources ResourceProfile{taskHeapMemory=128.000gb (137438953472 bytes), taskOffHeapMemory=128.000gb (137438953472 bytes), managedMemory=16.000mb (16777216 bytes), networkMemory=8.000mb (8388608 bytes)}.
Apr 29, 2024 9:25:38 AM org.apache.flink.runtime.taskexecutor.TaskExecutor requestSlot
INFO: Receive slot request 69f92df98e78269b3035a7e2693c67e4 for job d3e1d679b8500765ef8603fd9c7a8be7 from resource manager with leader id 9ed782ab442f99bb69973c3e36684b35.
Apr 29, 2024 9:25:38 AM org.apache.flink.runtime.taskexecutor.slot.TaskSlotTableImpl allocateSlot
INFO: Allocated slot for 69f92df98e78269b3035a7e2693c67e4 with resources ResourceProfile{taskHeapMemory=128.000gb (137438953472 bytes), taskOffHeapMemory=128.000gb (137438953472 bytes), managedMemory=16.000mb (16777216 bytes), networkMemory=8.000mb (8388608 bytes)}.
Apr 29, 2024 9:25:38 AM org.apache.flink.runtime.taskexecutor.TaskExecutor requestSlot
INFO: Receive slot request 3e559435fa3d57e3d1f5a428020e3a8b for job d3e1d679b8500765ef8603fd9c7a8be7 from resource manager with leader id 9ed782ab442f99bb69973c3e36684b35.
Apr 29, 2024 9:25:38 AM org.apache.flink.runtime.taskexecutor.slot.TaskSlotTableImpl allocateSlot
INFO: Allocated slot for 3e559435fa3d57e3d1f5a428020e3a8b with resources ResourceProfile{taskHeapMemory=128.000gb (137438953472 bytes), taskOffHeapMemory=128.000gb (137438953472 bytes), managedMemory=16.000mb (16777216 bytes), networkMemory=8.000mb (8388608 bytes)}.
Apr 29, 2024 9:25:38 AM org.apache.flink.runtime.taskexecutor.TaskExecutor requestSlot
INFO: Receive slot request b861acd2ab70d937480dd76812b743c7 for job d3e1d679b8500765ef8603fd9c7a8be7 from resource manager with leader id 9ed782ab442f99bb69973c3e36684b35.
Apr 29, 2024 9:25:38 AM org.apache.flink.runtime.taskexecutor.slot.TaskSlotTableImpl allocateSlot
INFO: Allocated slot for b861acd2ab70d937480dd76812b743c7 with resources ResourceProfile{taskHeapMemory=128.000gb (137438953472 bytes), taskOffHeapMemory=128.000gb (137438953472 bytes), managedMemory=16.000mb (16777216 bytes), networkMemory=8.000mb (8388608 bytes)}.
Apr 29, 2024 9:25:38 AM org.apache.flink.runtime.taskexecutor.DefaultJobLeaderService$JobManagerLeaderListener$JobManagerRegisteredRpcConnection lambda$onRegistrationSuccess$0
INFO: Successful registration at job manager pekko://flink/user/rpc/jobmanager_11 for job d3e1d679b8500765ef8603fd9c7a8be7.
Apr 29, 2024 9:25:38 AM org.apache.flink.runtime.taskexecutor.TaskExecutor establishJobManagerConnection
INFO: Establish JobManager connection for job d3e1d679b8500765ef8603fd9c7a8be7.
Apr 29, 2024 9:25:38 AM org.apache.flink.runtime.taskexecutor.TaskExecutor internalOfferSlotsToJobManager
INFO: Offer reserved slots to the leader of job d3e1d679b8500765ef8603fd9c7a8be7.
Apr 29, 2024 9:25:38 AM org.apache.flink.runtime.executiongraph.Execution transitionState
INFO: Source: Collection Source -> Timestamps/Watermarks (1/1) (0abe928b213cd307c9f3a2620f75d2f8_cbc357ccb763df2852fee8c4fc7d55f2_0_0) switched from SCHEDULED to DEPLOYING.
Apr 29, 2024 9:25:38 AM org.apache.flink.runtime.executiongraph.Execution deploy
INFO: Deploying Source: Collection Source -> Timestamps/Watermarks (1/1) (attempt #0) with attempt id 0abe928b213cd307c9f3a2620f75d2f8_cbc357ccb763df2852fee8c4fc7d55f2_0_0 and vertex id cbc357ccb763df2852fee8c4fc7d55f2_0 to 5254be7d-d19f-447f-b37f-e2e2cbf6968f @ localhost (dataPort=-1) with allocation id de88321de88afdd58e2ad967e9d37f4e
Apr 29, 2024 9:25:38 AM org.apache.flink.runtime.executiongraph.Execution transitionState
INFO: Source: Collection Source -> Timestamps/Watermarks (1/1) (0abe928b213cd307c9f3a2620f75d2f8_6cdc5bb954874d922eaee11a8e7b5dd5_0_0) switched from SCHEDULED to DEPLOYING.
Apr 29, 2024 9:25:38 AM org.apache.flink.runtime.executiongraph.Execution deploy
INFO: Deploying Source: Collection Source -> Timestamps/Watermarks (1/1) (attempt #0) with attempt id 0abe928b213cd307c9f3a2620f75d2f8_6cdc5bb954874d922eaee11a8e7b5dd5_0_0 and vertex id 6cdc5bb954874d922eaee11a8e7b5dd5_0 to 5254be7d-d19f-447f-b37f-e2e2cbf6968f @ localhost (dataPort=-1) with allocation id de88321de88afdd58e2ad967e9d37f4e
Apr 29, 2024 9:25:38 AM org.apache.flink.runtime.taskexecutor.slot.TaskSlotTableImpl markExistingSlotActive
INFO: Activate slot de88321de88afdd58e2ad967e9d37f4e.
Apr 29, 2024 9:25:38 AM org.apache.flink.runtime.executiongraph.Execution transitionState
INFO: Co-Process (1/8) (0abe928b213cd307c9f3a2620f75d2f8_0c9698a73a6211243fab695da9d8c163_0_0) switched from SCHEDULED to DEPLOYING.
Apr 29, 2024 9:25:38 AM org.apache.flink.runtime.executiongraph.Execution deploy
INFO: Deploying Co-Process (1/8) (attempt #0) with attempt id 0abe928b213cd307c9f3a2620f75d2f8_0c9698a73a6211243fab695da9d8c163_0_0 and vertex id 0c9698a73a6211243fab695da9d8c163_0 to 5254be7d-d19f-447f-b37f-e2e2cbf6968f @ localhost (dataPort=-1) with allocation id de88321de88afdd58e2ad967e9d37f4e
Apr 29, 2024 9:25:38 AM org.apache.flink.runtime.state.changelog.StateChangelogStorageLoader load
INFO: Creating a changelog storage with name 'memory'.
Apr 29, 2024 9:25:38 AM org.apache.flink.runtime.state.TaskExecutorChannelStateExecutorFactoryManager getOrCreateExecutorFactory
INFO: Creating the channel state executor factory for job id d3e1d679b8500765ef8603fd9c7a8be7
Apr 29, 2024 9:25:38 AM org.apache.flink.runtime.taskexecutor.TaskExecutor submitTask
INFO: Received task Source: Collection Source -> Timestamps/Watermarks (1/1)#0 (0abe928b213cd307c9f3a2620f75d2f8_cbc357ccb763df2852fee8c4fc7d55f2_0_0), deploy into slot with allocation id de88321de88afdd58e2ad967e9d37f4e.
Apr 29, 2024 9:25:38 AM org.apache.flink.runtime.taskexecutor.slot.TaskSlotTableImpl markExistingSlotActive
INFO: Activate slot de88321de88afdd58e2ad967e9d37f4e.
Apr 29, 2024 9:25:38 AM org.apache.flink.runtime.executiongraph.Execution transitionState
INFO: Co-Process (2/8) (0abe928b213cd307c9f3a2620f75d2f8_0c9698a73a6211243fab695da9d8c163_1_0) switched from SCHEDULED to DEPLOYING.
Apr 29, 2024 9:25:38 AM org.apache.flink.runtime.taskmanager.Task transitionState
INFO: Source: Collection Source -> Timestamps/Watermarks (1/1)#0 (0abe928b213cd307c9f3a2620f75d2f8_cbc357ccb763df2852fee8c4fc7d55f2_0_0) switched from CREATED to DEPLOYING.
Apr 29, 2024 9:25:38 AM org.apache.flink.runtime.executiongraph.Execution deploy
INFO: Deploying Co-Process (2/8) (attempt #0) with attempt id 0abe928b213cd307c9f3a2620f75d2f8_0c9698a73a6211243fab695da9d8c163_1_0 and vertex id 0c9698a73a6211243fab695da9d8c163_1 to 5254be7d-d19f-447f-b37f-e2e2cbf6968f @ localhost (dataPort=-1) with allocation id 3e559435fa3d57e3d1f5a428020e3a8b
Apr 29, 2024 9:25:38 AM org.apache.flink.runtime.taskmanager.Task doRun
INFO: Loading JAR files for task Source: Collection Source -> Timestamps/Watermarks (1/1)#0 (0abe928b213cd307c9f3a2620f75d2f8_cbc357ccb763df2852fee8c4fc7d55f2_0_0) [DEPLOYING].
Apr 29, 2024 9:25:38 AM org.apache.flink.runtime.executiongraph.Execution transitionState
INFO: Co-Process (3/8) (0abe928b213cd307c9f3a2620f75d2f8_0c9698a73a6211243fab695da9d8c163_2_0) switched from SCHEDULED to DEPLOYING.
Apr 29, 2024 9:25:38 AM org.apache.flink.runtime.executiongraph.Execution deploy
INFO: Deploying Co-Process (3/8) (attempt #0) with attempt id 0abe928b213cd307c9f3a2620f75d2f8_0c9698a73a6211243fab695da9d8c163_2_0 and vertex id 0c9698a73a6211243fab695da9d8c163_2 to 5254be7d-d19f-447f-b37f-e2e2cbf6968f @ localhost (dataPort=-1) with allocation id b861acd2ab70d937480dd76812b743c7
Apr 29, 2024 9:25:38 AM org.apache.flink.runtime.taskexecutor.TaskExecutor submitTask
INFO: Received task Source: Collection Source -> Timestamps/Watermarks (1/1)#0 (0abe928b213cd307c9f3a2620f75d2f8_6cdc5bb954874d922eaee11a8e7b5dd5_0_0), deploy into slot with allocation id de88321de88afdd58e2ad967e9d37f4e.
Apr 29, 2024 9:25:38 AM org.apache.flink.runtime.executiongraph.Execution transitionState
INFO: Co-Process (4/8) (0abe928b213cd307c9f3a2620f75d2f8_0c9698a73a6211243fab695da9d8c163_3_0) switched from SCHEDULED to DEPLOYING.
Apr 29, 2024 9:25:38 AM org.apache.flink.runtime.state.StateBackendLoader loadFromApplicationOrConfigOrDefaultInternal
INFO: No state backend has been configured, using default (HashMap) org.apache.flink.runtime.state.hashmap.HashMapStateBackend@278c9d5c
Apr 29, 2024 9:25:38 AM org.apache.flink.runtime.executiongraph.Execution deploy
INFO: Deploying Co-Process (4/8) (attempt #0) with attempt id 0abe928b213cd307c9f3a2620f75d2f8_0c9698a73a6211243fab695da9d8c163_3_0 and vertex id 0c9698a73a6211243fab695da9d8c163_3 to 5254be7d-d19f-447f-b37f-e2e2cbf6968f @ localhost (dataPort=-1) with allocation id f744c0bab1efabbcc4d6824c1bd74165
Apr 29, 2024 9:25:38 AM org.apache.flink.runtime.state.StateBackendLoader fromApplicationOrConfigOrDefault
INFO: State backend loader loads the state backend as HashMapStateBackend
Apr 29, 2024 9:25:38 AM org.apache.flink.runtime.taskmanager.Task transitionState
INFO: Source: Collection Source -> Timestamps/Watermarks (1/1)#0 (0abe928b213cd307c9f3a2620f75d2f8_6cdc5bb954874d922eaee11a8e7b5dd5_0_0) switched from CREATED to DEPLOYING.
Apr 29, 2024 9:25:38 AM org.apache.flink.runtime.state.CheckpointStorageLoader createJobManagerCheckpointStorage
INFO: Checkpoint storage is set to 'jobmanager'
Apr 29, 2024 9:25:38 AM org.apache.flink.runtime.executiongraph.Execution transitionState
INFO: Co-Process (5/8) (0abe928b213cd307c9f3a2620f75d2f8_0c9698a73a6211243fab695da9d8c163_4_0) switched from SCHEDULED to DEPLOYING.
Apr 29, 2024 9:25:38 AM org.apache.flink.runtime.taskmanager.Task doRun
INFO: Loading JAR files for task Source: Collection Source -> Timestamps/Watermarks (1/1)#0 (0abe928b213cd307c9f3a2620f75d2f8_6cdc5bb954874d922eaee11a8e7b5dd5_0_0) [DEPLOYING].
Apr 29, 2024 9:25:38 AM org.apache.flink.runtime.executiongraph.Execution deploy
INFO: Deploying Co-Process (5/8) (attempt #0) with attempt id 0abe928b213cd307c9f3a2620f75d2f8_0c9698a73a6211243fab695da9d8c163_4_0 and vertex id 0c9698a73a6211243fab695da9d8c163_4 to 5254be7d-d19f-447f-b37f-e2e2cbf6968f @ localhost (dataPort=-1) with allocation id 69f92df98e78269b3035a7e2693c67e4
Apr 29, 2024 9:25:38 AM org.apache.flink.runtime.taskexecutor.slot.TaskSlotTableImpl markExistingSlotActive
INFO: Activate slot de88321de88afdd58e2ad967e9d37f4e.
Apr 29, 2024 9:25:38 AM org.apache.flink.runtime.taskmanager.Task transitionState
INFO: Source: Collection Source -> Timestamps/Watermarks (1/1)#0 (0abe928b213cd307c9f3a2620f75d2f8_cbc357ccb763df2852fee8c4fc7d55f2_0_0) switched from DEPLOYING to INITIALIZING.
Apr 29, 2024 9:25:38 AM org.apache.flink.runtime.executiongraph.Execution transitionState
INFO: Co-Process (6/8) (0abe928b213cd307c9f3a2620f75d2f8_0c9698a73a6211243fab695da9d8c163_5_0) switched from SCHEDULED to DEPLOYING.
Apr 29, 2024 9:25:38 AM org.apache.flink.runtime.executiongraph.Execution deploy
INFO: Deploying Co-Process (6/8) (attempt #0) with attempt id 0abe928b213cd307c9f3a2620f75d2f8_0c9698a73a6211243fab695da9d8c163_5_0 and vertex id 0c9698a73a6211243fab695da9d8c163_5 to 5254be7d-d19f-447f-b37f-e2e2cbf6968f @ localhost (dataPort=-1) with allocation id d46aca34674d285dd35e3e5dcfe4c94b
Apr 29, 2024 9:25:38 AM org.apache.flink.runtime.state.StateBackendLoader loadFromApplicationOrConfigOrDefaultInternal
INFO: No state backend has been configured, using default (HashMap) org.apache.flink.runtime.state.hashmap.HashMapStateBackend@2440224a
Apr 29, 2024 9:25:38 AM org.apache.flink.runtime.executiongraph.Execution transitionState
INFO: Co-Process (7/8) (0abe928b213cd307c9f3a2620f75d2f8_0c9698a73a6211243fab695da9d8c163_6_0) switched from SCHEDULED to DEPLOYING.
Apr 29, 2024 9:25:38 AM org.apache.flink.runtime.state.StateBackendLoader fromApplicationOrConfigOrDefault
INFO: State backend loader loads the state backend as HashMapStateBackend
Apr 29, 2024 9:25:38 AM org.apache.flink.runtime.state.CheckpointStorageLoader createJobManagerCheckpointStorage
INFO: Checkpoint storage is set to 'jobmanager'
Apr 29, 2024 9:25:38 AM org.apache.flink.runtime.executiongraph.Execution deploy
INFO: Deploying Co-Process (7/8) (attempt #0) with attempt id 0abe928b213cd307c9f3a2620f75d2f8_0c9698a73a6211243fab695da9d8c163_6_0 and vertex id 0c9698a73a6211243fab695da9d8c163_6 to 5254be7d-d19f-447f-b37f-e2e2cbf6968f @ localhost (dataPort=-1) with allocation id ee9b8d92749e66e778ebc9072196411c
Apr 29, 2024 9:25:38 AM org.apache.flink.runtime.taskmanager.Task transitionState
INFO: Source: Collection Source -> Timestamps/Watermarks (1/1)#0 (0abe928b213cd307c9f3a2620f75d2f8_6cdc5bb954874d922eaee11a8e7b5dd5_0_0) switched from DEPLOYING to INITIALIZING.
Apr 29, 2024 9:25:38 AM org.apache.flink.runtime.executiongraph.Execution transitionState
INFO: Co-Process (8/8) (0abe928b213cd307c9f3a2620f75d2f8_0c9698a73a6211243fab695da9d8c163_7_0) switched from SCHEDULED to DEPLOYING.
Apr 29, 2024 9:25:38 AM org.apache.flink.runtime.executiongraph.Execution deploy
INFO: Deploying Co-Process (8/8) (attempt #0) with attempt id 0abe928b213cd307c9f3a2620f75d2f8_0c9698a73a6211243fab695da9d8c163_7_0 and vertex id 0c9698a73a6211243fab695da9d8c163_7 to 5254be7d-d19f-447f-b37f-e2e2cbf6968f @ localhost (dataPort=-1) with allocation id fa6433324e89f4eeab722a9bf89b1e8a
Apr 29, 2024 9:25:38 AM org.apache.flink.runtime.executiongraph.Execution transitionState
INFO: MaxPriceBid (1/8) (0abe928b213cd307c9f3a2620f75d2f8_97db730e07d35d6850e3d51339e006de_0_0) switched from SCHEDULED to DEPLOYING.
Apr 29, 2024 9:25:38 AM org.apache.flink.runtime.executiongraph.Execution deploy
INFO: Deploying MaxPriceBid (1/8) (attempt #0) with attempt id 0abe928b213cd307c9f3a2620f75d2f8_97db730e07d35d6850e3d51339e006de_0_0 and vertex id 97db730e07d35d6850e3d51339e006de_0 to 5254be7d-d19f-447f-b37f-e2e2cbf6968f @ localhost (dataPort=-1) with allocation id de88321de88afdd58e2ad967e9d37f4e
Apr 29, 2024 9:25:38 AM org.apache.flink.runtime.executiongraph.Execution transitionState
INFO: MaxPriceBid (2/8) (0abe928b213cd307c9f3a2620f75d2f8_97db730e07d35d6850e3d51339e006de_1_0) switched from SCHEDULED to DEPLOYING.
Apr 29, 2024 9:25:38 AM org.apache.flink.runtime.executiongraph.Execution deploy
INFO: Deploying MaxPriceBid (2/8) (attempt #0) with attempt id 0abe928b213cd307c9f3a2620f75d2f8_97db730e07d35d6850e3d51339e006de_1_0 and vertex id 97db730e07d35d6850e3d51339e006de_1 to 5254be7d-d19f-447f-b37f-e2e2cbf6968f @ localhost (dataPort=-1) with allocation id 3e559435fa3d57e3d1f5a428020e3a8b
Apr 29, 2024 9:25:38 AM org.apache.flink.runtime.executiongraph.Execution transitionState
INFO: MaxPriceBid (3/8) (0abe928b213cd307c9f3a2620f75d2f8_97db730e07d35d6850e3d51339e006de_2_0) switched from SCHEDULED to DEPLOYING.
Apr 29, 2024 9:25:38 AM org.apache.flink.runtime.executiongraph.Execution deploy
INFO: Deploying MaxPriceBid (3/8) (attempt #0) with attempt id 0abe928b213cd307c9f3a2620f75d2f8_97db730e07d35d6850e3d51339e006de_2_0 and vertex id 97db730e07d35d6850e3d51339e006de_2 to 5254be7d-d19f-447f-b37f-e2e2cbf6968f @ localhost (dataPort=-1) with allocation id b861acd2ab70d937480dd76812b743c7
Apr 29, 2024 9:25:38 AM org.apache.flink.runtime.executiongraph.Execution transitionState
INFO: MaxPriceBid (4/8) (0abe928b213cd307c9f3a2620f75d2f8_97db730e07d35d6850e3d51339e006de_3_0) switched from SCHEDULED to DEPLOYING.
Apr 29, 2024 9:25:38 AM org.apache.flink.runtime.executiongraph.Execution deploy
INFO: Deploying MaxPriceBid (4/8) (attempt #0) with attempt id 0abe928b213cd307c9f3a2620f75d2f8_97db730e07d35d6850e3d51339e006de_3_0 and vertex id 97db730e07d35d6850e3d51339e006de_3 to 5254be7d-d19f-447f-b37f-e2e2cbf6968f @ localhost (dataPort=-1) with allocation id f744c0bab1efabbcc4d6824c1bd74165
Apr 29, 2024 9:25:38 AM org.apache.flink.runtime.executiongraph.Execution transitionState
INFO: MaxPriceBid (5/8) (0abe928b213cd307c9f3a2620f75d2f8_97db730e07d35d6850e3d51339e006de_4_0) switched from SCHEDULED to DEPLOYING.
Apr 29, 2024 9:25:38 AM org.apache.flink.runtime.executiongraph.Execution deploy
INFO: Deploying MaxPriceBid (5/8) (attempt #0) with attempt id 0abe928b213cd307c9f3a2620f75d2f8_97db730e07d35d6850e3d51339e006de_4_0 and vertex id 97db730e07d35d6850e3d51339e006de_4 to 5254be7d-d19f-447f-b37f-e2e2cbf6968f @ localhost (dataPort=-1) with allocation id 69f92df98e78269b3035a7e2693c67e4
Apr 29, 2024 9:25:38 AM org.apache.flink.runtime.executiongraph.Execution transitionState
INFO: MaxPriceBid (6/8) (0abe928b213cd307c9f3a2620f75d2f8_97db730e07d35d6850e3d51339e006de_5_0) switched from SCHEDULED to DEPLOYING.
Apr 29, 2024 9:25:38 AM org.apache.flink.runtime.executiongraph.Execution deploy
INFO: Deploying MaxPriceBid (6/8) (attempt #0) with attempt id 0abe928b213cd307c9f3a2620f75d2f8_97db730e07d35d6850e3d51339e006de_5_0 and vertex id 97db730e07d35d6850e3d51339e006de_5 to 5254be7d-d19f-447f-b37f-e2e2cbf6968f @ localhost (dataPort=-1) with allocation id d46aca34674d285dd35e3e5dcfe4c94b
Apr 29, 2024 9:25:38 AM org.apache.flink.runtime.executiongraph.Execution transitionState
INFO: MaxPriceBid (7/8) (0abe928b213cd307c9f3a2620f75d2f8_97db730e07d35d6850e3d51339e006de_6_0) switched from SCHEDULED to DEPLOYING.
Apr 29, 2024 9:25:38 AM org.apache.flink.runtime.executiongraph.Execution deploy
INFO: Deploying MaxPriceBid (7/8) (attempt #0) with attempt id 0abe928b213cd307c9f3a2620f75d2f8_97db730e07d35d6850e3d51339e006de_6_0 and vertex id 97db730e07d35d6850e3d51339e006de_6 to 5254be7d-d19f-447f-b37f-e2e2cbf6968f @ localhost (dataPort=-1) with allocation id ee9b8d92749e66e778ebc9072196411c
Apr 29, 2024 9:25:38 AM org.apache.flink.runtime.executiongraph.Execution transitionState
INFO: MaxPriceBid (8/8) (0abe928b213cd307c9f3a2620f75d2f8_97db730e07d35d6850e3d51339e006de_7_0) switched from SCHEDULED to DEPLOYING.
Apr 29, 2024 9:25:38 AM org.apache.flink.runtime.executiongraph.Execution deploy
INFO: Deploying MaxPriceBid (8/8) (attempt #0) with attempt id 0abe928b213cd307c9f3a2620f75d2f8_97db730e07d35d6850e3d51339e006de_7_0 and vertex id 97db730e07d35d6850e3d51339e006de_7 to 5254be7d-d19f-447f-b37f-e2e2cbf6968f @ localhost (dataPort=-1) with allocation id fa6433324e89f4eeab722a9bf89b1e8a
Apr 29, 2024 9:25:38 AM org.apache.flink.runtime.executiongraph.Execution transitionState
INFO: TumblingEventTimeWindows -> Sink: Unnamed (1/8) (0abe928b213cd307c9f3a2620f75d2f8_561b99790e87a1e4f6980356c75ba2de_0_0) switched from SCHEDULED to DEPLOYING.
Apr 29, 2024 9:25:38 AM org.apache.flink.runtime.executiongraph.Execution deploy
INFO: Deploying TumblingEventTimeWindows -> Sink: Unnamed (1/8) (attempt #0) with attempt id 0abe928b213cd307c9f3a2620f75d2f8_561b99790e87a1e4f6980356c75ba2de_0_0 and vertex id 561b99790e87a1e4f6980356c75ba2de_0 to 5254be7d-d19f-447f-b37f-e2e2cbf6968f @ localhost (dataPort=-1) with allocation id de88321de88afdd58e2ad967e9d37f4e
Apr 29, 2024 9:25:38 AM org.apache.flink.runtime.executiongraph.Execution transitionState
INFO: TumblingEventTimeWindows -> Sink: Unnamed (2/8) (0abe928b213cd307c9f3a2620f75d2f8_561b99790e87a1e4f6980356c75ba2de_1_0) switched from SCHEDULED to DEPLOYING.
Apr 29, 2024 9:25:38 AM org.apache.flink.runtime.executiongraph.Execution deploy
INFO: Deploying TumblingEventTimeWindows -> Sink: Unnamed (2/8) (attempt #0) with attempt id 0abe928b213cd307c9f3a2620f75d2f8_561b99790e87a1e4f6980356c75ba2de_1_0 and vertex id 561b99790e87a1e4f6980356c75ba2de_1 to 5254be7d-d19f-447f-b37f-e2e2cbf6968f @ localhost (dataPort=-1) with allocation id 3e559435fa3d57e3d1f5a428020e3a8b
Apr 29, 2024 9:25:38 AM org.apache.flink.runtime.taskexecutor.TaskExecutor submitTask
INFO: Received task Co-Process (1/8)#0 (0abe928b213cd307c9f3a2620f75d2f8_0c9698a73a6211243fab695da9d8c163_0_0), deploy into slot with allocation id de88321de88afdd58e2ad967e9d37f4e.
Apr 29, 2024 9:25:38 AM org.apache.flink.runtime.executiongraph.Execution transitionState
INFO: TumblingEventTimeWindows -> Sink: Unnamed (3/8) (0abe928b213cd307c9f3a2620f75d2f8_561b99790e87a1e4f6980356c75ba2de_2_0) switched from SCHEDULED to DEPLOYING.
Apr 29, 2024 9:25:38 AM org.apache.flink.runtime.executiongraph.Execution deploy
INFO: Deploying TumblingEventTimeWindows -> Sink: Unnamed (3/8) (attempt #0) with attempt id 0abe928b213cd307c9f3a2620f75d2f8_561b99790e87a1e4f6980356c75ba2de_2_0 and vertex id 561b99790e87a1e4f6980356c75ba2de_2 to 5254be7d-d19f-447f-b37f-e2e2cbf6968f @ localhost (dataPort=-1) with allocation id b861acd2ab70d937480dd76812b743c7
Apr 29, 2024 9:25:38 AM org.apache.flink.runtime.executiongraph.Execution transitionState
INFO: TumblingEventTimeWindows -> Sink: Unnamed (4/8) (0abe928b213cd307c9f3a2620f75d2f8_561b99790e87a1e4f6980356c75ba2de_3_0) switched from SCHEDULED to DEPLOYING.
Apr 29, 2024 9:25:38 AM org.apache.flink.runtime.executiongraph.Execution deploy
INFO: Deploying TumblingEventTimeWindows -> Sink: Unnamed (4/8) (attempt #0) with attempt id 0abe928b213cd307c9f3a2620f75d2f8_561b99790e87a1e4f6980356c75ba2de_3_0 and vertex id 561b99790e87a1e4f6980356c75ba2de_3 to 5254be7d-d19f-447f-b37f-e2e2cbf6968f @ localhost (dataPort=-1) with allocation id f744c0bab1efabbcc4d6824c1bd74165
Apr 29, 2024 9:25:38 AM org.apache.flink.runtime.executiongraph.Execution transitionState
INFO: TumblingEventTimeWindows -> Sink: Unnamed (5/8) (0abe928b213cd307c9f3a2620f75d2f8_561b99790e87a1e4f6980356c75ba2de_4_0) switched from SCHEDULED to DEPLOYING.
Apr 29, 2024 9:25:38 AM org.apache.flink.runtime.executiongraph.Execution deploy
INFO: Deploying TumblingEventTimeWindows -> Sink: Unnamed (5/8) (attempt #0) with attempt id 0abe928b213cd307c9f3a2620f75d2f8_561b99790e87a1e4f6980356c75ba2de_4_0 and vertex id 561b99790e87a1e4f6980356c75ba2de_4 to 5254be7d-d19f-447f-b37f-e2e2cbf6968f @ localhost (dataPort=-1) with allocation id 69f92df98e78269b3035a7e2693c67e4
Apr 29, 2024 9:25:38 AM org.apache.flink.runtime.taskmanager.Task transitionState
INFO: Source: Collection Source -> Timestamps/Watermarks (1/1)#0 (0abe928b213cd307c9f3a2620f75d2f8_cbc357ccb763df2852fee8c4fc7d55f2_0_0) switched from INITIALIZING to RUNNING.
Apr 29, 2024 9:25:38 AM org.apache.flink.runtime.executiongraph.Execution transitionState
INFO: TumblingEventTimeWindows -> Sink: Unnamed (6/8) (0abe928b213cd307c9f3a2620f75d2f8_561b99790e87a1e4f6980356c75ba2de_5_0) switched from SCHEDULED to DEPLOYING.
Apr 29, 2024 9:25:38 AM org.apache.flink.runtime.executiongraph.Execution deploy
INFO: Deploying TumblingEventTimeWindows -> Sink: Unnamed (6/8) (attempt #0) with attempt id 0abe928b213cd307c9f3a2620f75d2f8_561b99790e87a1e4f6980356c75ba2de_5_0 and vertex id 561b99790e87a1e4f6980356c75ba2de_5 to 5254be7d-d19f-447f-b37f-e2e2cbf6968f @ localhost (dataPort=-1) with allocation id d46aca34674d285dd35e3e5dcfe4c94b
Apr 29, 2024 9:25:38 AM org.apache.flink.runtime.taskmanager.Task transitionState
INFO: Co-Process (1/8)#0 (0abe928b213cd307c9f3a2620f75d2f8_0c9698a73a6211243fab695da9d8c163_0_0) switched from CREATED to DEPLOYING.
Apr 29, 2024 9:25:38 AM org.apache.flink.runtime.taskexecutor.slot.TaskSlotTableImpl markExistingSlotActive
INFO: Activate slot 3e559435fa3d57e3d1f5a428020e3a8b.
Apr 29, 2024 9:25:38 AM org.apache.flink.runtime.executiongraph.Execution transitionState
INFO: TumblingEventTimeWindows -> Sink: Unnamed (7/8) (0abe928b213cd307c9f3a2620f75d2f8_561b99790e87a1e4f6980356c75ba2de_6_0) switched from SCHEDULED to DEPLOYING.
Apr 29, 2024 9:25:38 AM org.apache.flink.runtime.taskmanager.Task doRun
INFO: Loading JAR files for task Co-Process (1/8)#0 (0abe928b213cd307c9f3a2620f75d2f8_0c9698a73a6211243fab695da9d8c163_0_0) [DEPLOYING].
Apr 29, 2024 9:25:38 AM org.apache.flink.runtime.executiongraph.Execution deploy
INFO: Deploying TumblingEventTimeWindows -> Sink: Unnamed (7/8) (attempt #0) with attempt id 0abe928b213cd307c9f3a2620f75d2f8_561b99790e87a1e4f6980356c75ba2de_6_0 and vertex id 561b99790e87a1e4f6980356c75ba2de_6 to 5254be7d-d19f-447f-b37f-e2e2cbf6968f @ localhost (dataPort=-1) with allocation id ee9b8d92749e66e778ebc9072196411c
Apr 29, 2024 9:25:38 AM org.apache.flink.runtime.executiongraph.Execution transitionState
INFO: TumblingEventTimeWindows -> Sink: Unnamed (8/8) (0abe928b213cd307c9f3a2620f75d2f8_561b99790e87a1e4f6980356c75ba2de_7_0) switched from SCHEDULED to DEPLOYING.
Apr 29, 2024 9:25:38 AM org.apache.flink.runtime.executiongraph.Execution deploy
INFO: Deploying TumblingEventTimeWindows -> Sink: Unnamed (8/8) (attempt #0) with attempt id 0abe928b213cd307c9f3a2620f75d2f8_561b99790e87a1e4f6980356c75ba2de_7_0 and vertex id 561b99790e87a1e4f6980356c75ba2de_7 to 5254be7d-d19f-447f-b37f-e2e2cbf6968f @ localhost (dataPort=-1) with allocation id fa6433324e89f4eeab722a9bf89b1e8a
Apr 29, 2024 9:25:38 AM org.apache.flink.runtime.executiongraph.Execution transitionState
INFO: Source: Collection Source -> Timestamps/Watermarks (1/1) (0abe928b213cd307c9f3a2620f75d2f8_cbc357ccb763df2852fee8c4fc7d55f2_0_0) switched from DEPLOYING to INITIALIZING.
Apr 29, 2024 9:25:38 AM org.apache.flink.runtime.executiongraph.Execution transitionState
INFO: Source: Collection Source -> Timestamps/Watermarks (1/1) (0abe928b213cd307c9f3a2620f75d2f8_6cdc5bb954874d922eaee11a8e7b5dd5_0_0) switched from DEPLOYING to INITIALIZING.
Apr 29, 2024 9:25:38 AM org.apache.flink.runtime.executiongraph.Execution transitionState
INFO: Source: Collection Source -> Timestamps/Watermarks (1/1) (0abe928b213cd307c9f3a2620f75d2f8_cbc357ccb763df2852fee8c4fc7d55f2_0_0) switched from INITIALIZING to RUNNING.
Apr 29, 2024 9:25:38 AM org.apache.flink.runtime.taskmanager.Task transitionState
INFO: Source: Collection Source -> Timestamps/Watermarks (1/1)#0 (0abe928b213cd307c9f3a2620f75d2f8_6cdc5bb954874d922eaee11a8e7b5dd5_0_0) switched from INITIALIZING to RUNNING.
Apr 29, 2024 9:25:38 AM org.apache.flink.runtime.executiongraph.Execution transitionState
INFO: Source: Collection Source -> Timestamps/Watermarks (1/1) (0abe928b213cd307c9f3a2620f75d2f8_6cdc5bb954874d922eaee11a8e7b5dd5_0_0) switched from INITIALIZING to RUNNING.
Apr 29, 2024 9:25:38 AM org.apache.flink.runtime.taskexecutor.TaskExecutor submitTask
INFO: Received task Co-Process (2/8)#0 (0abe928b213cd307c9f3a2620f75d2f8_0c9698a73a6211243fab695da9d8c163_1_0), deploy into slot with allocation id 3e559435fa3d57e3d1f5a428020e3a8b.
Apr 29, 2024 9:25:38 AM org.apache.flink.runtime.taskmanager.Task transitionState
INFO: Co-Process (2/8)#0 (0abe928b213cd307c9f3a2620f75d2f8_0c9698a73a6211243fab695da9d8c163_1_0) switched from CREATED to DEPLOYING.
Apr 29, 2024 9:25:38 AM org.apache.flink.runtime.taskexecutor.slot.TaskSlotTableImpl markExistingSlotActive
INFO: Activate slot b861acd2ab70d937480dd76812b743c7.
Apr 29, 2024 9:25:38 AM org.apache.flink.runtime.taskmanager.Task doRun
INFO: Loading JAR files for task Co-Process (2/8)#0 (0abe928b213cd307c9f3a2620f75d2f8_0c9698a73a6211243fab695da9d8c163_1_0) [DEPLOYING].
Apr 29, 2024 9:25:38 AM org.apache.flink.api.java.typeutils.runtime.kryo.KryoSerializer getKryoInstance
INFO: Kryo serializer scala extensions are not available.
Apr 29, 2024 9:25:38 AM org.apache.flink.runtime.state.StateBackendLoader loadFromApplicationOrConfigOrDefaultInternal
INFO: No state backend has been configured, using default (HashMap) org.apache.flink.runtime.state.hashmap.HashMapStateBackend@5129ff61
Apr 29, 2024 9:25:38 AM org.apache.flink.runtime.state.StateBackendLoader fromApplicationOrConfigOrDefault
INFO: State backend loader loads the state backend as HashMapStateBackend
Apr 29, 2024 9:25:38 AM org.apache.flink.runtime.state.CheckpointStorageLoader createJobManagerCheckpointStorage
INFO: Checkpoint storage is set to 'jobmanager'
Apr 29, 2024 9:25:38 AM org.apache.flink.runtime.taskmanager.Task transitionState
INFO: Co-Process (1/8)#0 (0abe928b213cd307c9f3a2620f75d2f8_0c9698a73a6211243fab695da9d8c163_0_0) switched from DEPLOYING to INITIALIZING.
Apr 29, 2024 9:25:38 AM org.apache.flink.runtime.executiongraph.Execution transitionState
INFO: Co-Process (1/8) (0abe928b213cd307c9f3a2620f75d2f8_0c9698a73a6211243fab695da9d8c163_0_0) switched from DEPLOYING to INITIALIZING.
Apr 29, 2024 9:25:38 AM org.apache.flink.api.java.typeutils.runtime.kryo.KryoSerializer getKryoInstance
INFO: Kryo serializer scala extensions are not available.
Apr 29, 2024 9:25:38 AM org.apache.flink.api.java.typeutils.runtime.kryo.KryoSerializer getKryoInstance
INFO: Kryo serializer scala extensions are not available.
Apr 29, 2024 9:25:38 AM org.apache.flink.runtime.state.StateBackendLoader loadFromApplicationOrConfigOrDefaultInternal
INFO: No state backend has been configured, using default (HashMap) org.apache.flink.runtime.state.hashmap.HashMapStateBackend@1af0fc7d
Apr 29, 2024 9:25:38 AM org.apache.flink.runtime.state.StateBackendLoader fromApplicationOrConfigOrDefault
INFO: State backend loader loads the state backend as HashMapStateBackend
Apr 29, 2024 9:25:38 AM org.apache.flink.runtime.state.CheckpointStorageLoader createJobManagerCheckpointStorage
INFO: Checkpoint storage is set to 'jobmanager'
Apr 29, 2024 9:25:38 AM org.apache.flink.runtime.taskexecutor.TaskExecutor submitTask
INFO: Received task Co-Process (3/8)#0 (0abe928b213cd307c9f3a2620f75d2f8_0c9698a73a6211243fab695da9d8c163_2_0), deploy into slot with allocation id b861acd2ab70d937480dd76812b743c7.
Apr 29, 2024 9:25:38 AM org.apache.flink.runtime.taskmanager.Task transitionState
INFO: Co-Process (2/8)#0 (0abe928b213cd307c9f3a2620f75d2f8_0c9698a73a6211243fab695da9d8c163_1_0) switched from DEPLOYING to INITIALIZING.
Apr 29, 2024 9:25:38 AM org.apache.flink.api.java.typeutils.runtime.kryo.KryoSerializer getKryoInstance
INFO: Kryo serializer scala extensions are not available.
Apr 29, 2024 9:25:38 AM org.apache.flink.runtime.executiongraph.Execution transitionState
INFO: Co-Process (2/8) (0abe928b213cd307c9f3a2620f75d2f8_0c9698a73a6211243fab695da9d8c163_1_0) switched from DEPLOYING to INITIALIZING.
Apr 29, 2024 9:25:38 AM org.apache.flink.api.java.typeutils.runtime.kryo.KryoSerializer getKryoInstance
INFO: Kryo serializer scala extensions are not available.
Apr 29, 2024 9:25:38 AM org.apache.flink.api.java.typeutils.runtime.kryo.KryoSerializer getKryoInstance
INFO: Kryo serializer scala extensions are not available.
Apr 29, 2024 9:25:38 AM org.apache.flink.runtime.taskmanager.Task transitionState
INFO: Co-Process (3/8)#0 (0abe928b213cd307c9f3a2620f75d2f8_0c9698a73a6211243fab695da9d8c163_2_0) switched from CREATED to DEPLOYING.
Apr 29, 2024 9:25:38 AM org.apache.flink.runtime.taskmanager.Task doRun
INFO: Loading JAR files for task Co-Process (3/8)#0 (0abe928b213cd307c9f3a2620f75d2f8_0c9698a73a6211243fab695da9d8c163_2_0) [DEPLOYING].
Apr 29, 2024 9:25:38 AM org.apache.flink.runtime.taskexecutor.slot.TaskSlotTableImpl markExistingSlotActive
INFO: Activate slot f744c0bab1efabbcc4d6824c1bd74165.
Apr 29, 2024 9:25:38 AM org.apache.flink.runtime.state.heap.HeapKeyedStateBackendBuilder restoreState
INFO: Finished to build heap keyed state-backend.
Apr 29, 2024 9:25:38 AM org.apache.flink.runtime.state.heap.HeapKeyedStateBackend <init>
INFO: Initializing heap keyed state backend with stream factory.
Apr 29, 2024 9:25:38 AM org.apache.flink.api.java.typeutils.TypeExtractor analyzePojo
INFO: The default constructor of class org.apache.beam.sdk.nexmark.model.Bid is not Public so it cannot be used as a POJO type and must be processed as GenericType. Please read the Flink documentation on "Data Types & Serialization" for details of the effect on performance and schema evolution.
Apr 29, 2024 9:25:38 AM org.apache.flink.runtime.state.heap.HeapKeyedStateBackendBuilder restoreState
INFO: Finished to build heap keyed state-backend.
Apr 29, 2024 9:25:38 AM org.apache.flink.runtime.state.heap.HeapKeyedStateBackend <init>
INFO: Initializing heap keyed state backend with stream factory.
Apr 29, 2024 9:25:38 AM org.apache.flink.api.java.typeutils.TypeExtractor analyzePojo
INFO: The default constructor of class org.apache.beam.sdk.nexmark.model.Bid is not Public so it cannot be used as a POJO type and must be processed as GenericType. Please read the Flink documentation on "Data Types & Serialization" for details of the effect on performance and schema evolution.
Apr 29, 2024 9:25:38 AM org.apache.flink.runtime.state.StateBackendLoader loadFromApplicationOrConfigOrDefaultInternal
INFO: No state backend has been configured, using default (HashMap) org.apache.flink.runtime.state.hashmap.HashMapStateBackend@4bae519a
Apr 29, 2024 9:25:38 AM org.apache.flink.runtime.state.StateBackendLoader fromApplicationOrConfigOrDefault
INFO: State backend loader loads the state backend as HashMapStateBackend
Apr 29, 2024 9:25:38 AM org.apache.flink.runtime.state.CheckpointStorageLoader createJobManagerCheckpointStorage
INFO: Checkpoint storage is set to 'jobmanager'
Apr 29, 2024 9:25:38 AM org.apache.flink.runtime.taskmanager.Task transitionState
INFO: Co-Process (3/8)#0 (0abe928b213cd307c9f3a2620f75d2f8_0c9698a73a6211243fab695da9d8c163_2_0) switched from DEPLOYING to INITIALIZING.
Apr 29, 2024 9:25:38 AM org.apache.flink.runtime.taskexecutor.TaskExecutor submitTask
INFO: Received task Co-Process (4/8)#0 (0abe928b213cd307c9f3a2620f75d2f8_0c9698a73a6211243fab695da9d8c163_3_0), deploy into slot with allocation id f744c0bab1efabbcc4d6824c1bd74165.
Apr 29, 2024 9:25:38 AM org.apache.flink.runtime.executiongraph.Execution transitionState
INFO: Co-Process (3/8) (0abe928b213cd307c9f3a2620f75d2f8_0c9698a73a6211243fab695da9d8c163_2_0) switched from DEPLOYING to INITIALIZING.
Apr 29, 2024 9:25:38 AM org.apache.flink.runtime.taskmanager.Task transitionState
INFO: Co-Process (1/8)#0 (0abe928b213cd307c9f3a2620f75d2f8_0c9698a73a6211243fab695da9d8c163_0_0) switched from INITIALIZING to RUNNING.
Apr 29, 2024 9:25:38 AM org.apache.flink.runtime.taskmanager.Task transitionState
INFO: Co-Process (4/8)#0 (0abe928b213cd307c9f3a2620f75d2f8_0c9698a73a6211243fab695da9d8c163_3_0) switched from CREATED to DEPLOYING.
Apr 29, 2024 9:25:38 AM org.apache.flink.runtime.taskmanager.Task doRun
INFO: Loading JAR files for task Co-Process (4/8)#0 (0abe928b213cd307c9f3a2620f75d2f8_0c9698a73a6211243fab695da9d8c163_3_0) [DEPLOYING].
Apr 29, 2024 9:25:38 AM org.apache.flink.runtime.taskexecutor.slot.TaskSlotTableImpl markExistingSlotActive
INFO: Activate slot 69f92df98e78269b3035a7e2693c67e4.
Apr 29, 2024 9:25:38 AM org.apache.flink.runtime.taskmanager.Task transitionState
INFO: Co-Process (2/8)#0 (0abe928b213cd307c9f3a2620f75d2f8_0c9698a73a6211243fab695da9d8c163_1_0) switched from INITIALIZING to RUNNING.
Apr 29, 2024 9:25:38 AM org.apache.flink.runtime.executiongraph.Execution transitionState
INFO: Co-Process (1/8) (0abe928b213cd307c9f3a2620f75d2f8_0c9698a73a6211243fab695da9d8c163_0_0) switched from INITIALIZING to RUNNING.
Apr 29, 2024 9:25:38 AM org.apache.flink.runtime.executiongraph.Execution transitionState
INFO: Co-Process (2/8) (0abe928b213cd307c9f3a2620f75d2f8_0c9698a73a6211243fab695da9d8c163_1_0) switched from INITIALIZING to RUNNING.
Apr 29, 2024 9:25:38 AM org.apache.flink.runtime.state.StateBackendLoader loadFromApplicationOrConfigOrDefaultInternal
INFO: No state backend has been configured, using default (HashMap) org.apache.flink.runtime.state.hashmap.HashMapStateBackend@4bb032f0
Apr 29, 2024 9:25:38 AM org.apache.flink.runtime.state.StateBackendLoader fromApplicationOrConfigOrDefault
INFO: State backend loader loads the state backend as HashMapStateBackend
Apr 29, 2024 9:25:38 AM org.apache.flink.runtime.state.CheckpointStorageLoader createJobManagerCheckpointStorage
INFO: Checkpoint storage is set to 'jobmanager'
Apr 29, 2024 9:25:38 AM org.apache.flink.runtime.taskmanager.Task transitionState
INFO: Co-Process (4/8)#0 (0abe928b213cd307c9f3a2620f75d2f8_0c9698a73a6211243fab695da9d8c163_3_0) switched from DEPLOYING to INITIALIZING.
Apr 29, 2024 9:25:38 AM org.apache.flink.runtime.taskexecutor.TaskExecutor submitTask
INFO: Received task Co-Process (5/8)#0 (0abe928b213cd307c9f3a2620f75d2f8_0c9698a73a6211243fab695da9d8c163_4_0), deploy into slot with allocation id 69f92df98e78269b3035a7e2693c67e4.
Apr 29, 2024 9:25:38 AM org.apache.flink.runtime.executiongraph.Execution transitionState
INFO: Co-Process (4/8) (0abe928b213cd307c9f3a2620f75d2f8_0c9698a73a6211243fab695da9d8c163_3_0) switched from DEPLOYING to INITIALIZING.
Apr 29, 2024 9:25:38 AM org.apache.flink.runtime.state.heap.HeapKeyedStateBackendBuilder restoreState
INFO: Finished to build heap keyed state-backend.
Apr 29, 2024 9:25:38 AM org.apache.flink.runtime.state.heap.HeapKeyedStateBackend <init>
INFO: Initializing heap keyed state backend with stream factory.
Apr 29, 2024 9:25:38 AM org.apache.flink.runtime.taskmanager.Task transitionState
INFO: Co-Process (5/8)#0 (0abe928b213cd307c9f3a2620f75d2f8_0c9698a73a6211243fab695da9d8c163_4_0) switched from CREATED to DEPLOYING.
Apr 29, 2024 9:25:38 AM org.apache.flink.runtime.taskexecutor.slot.TaskSlotTableImpl markExistingSlotActive
INFO: Activate slot d46aca34674d285dd35e3e5dcfe4c94b.
Apr 29, 2024 9:25:38 AM org.apache.flink.runtime.taskmanager.Task doRun
INFO: Loading JAR files for task Co-Process (5/8)#0 (0abe928b213cd307c9f3a2620f75d2f8_0c9698a73a6211243fab695da9d8c163_4_0) [DEPLOYING].
Apr 29, 2024 9:25:38 AM org.apache.flink.api.java.typeutils.TypeExtractor analyzePojo
INFO: The default constructor of class org.apache.beam.sdk.nexmark.model.Bid is not Public so it cannot be used as a POJO type and must be processed as GenericType. Please read the Flink documentation on "Data Types & Serialization" for details of the effect on performance and schema evolution.
Apr 29, 2024 9:25:38 AM org.apache.flink.runtime.state.StateBackendLoader loadFromApplicationOrConfigOrDefaultInternal
INFO: No state backend has been configured, using default (HashMap) org.apache.flink.runtime.state.hashmap.HashMapStateBackend@6c48dad3
Apr 29, 2024 9:25:38 AM org.apache.flink.runtime.state.StateBackendLoader fromApplicationOrConfigOrDefault
INFO: State backend loader loads the state backend as HashMapStateBackend
Apr 29, 2024 9:25:38 AM org.apache.flink.runtime.state.CheckpointStorageLoader createJobManagerCheckpointStorage
INFO: Checkpoint storage is set to 'jobmanager'
Apr 29, 2024 9:25:38 AM org.apache.flink.runtime.taskmanager.Task transitionState
INFO: Co-Process (5/8)#0 (0abe928b213cd307c9f3a2620f75d2f8_0c9698a73a6211243fab695da9d8c163_4_0) switched from DEPLOYING to INITIALIZING.
Apr 29, 2024 9:25:38 AM org.apache.flink.runtime.taskexecutor.TaskExecutor submitTask
INFO: Received task Co-Process (6/8)#0 (0abe928b213cd307c9f3a2620f75d2f8_0c9698a73a6211243fab695da9d8c163_5_0), deploy into slot with allocation id d46aca34674d285dd35e3e5dcfe4c94b.
Apr 29, 2024 9:25:38 AM org.apache.flink.api.java.typeutils.runtime.kryo.KryoSerializer getKryoInstance
INFO: Kryo serializer scala extensions are not available.
Apr 29, 2024 9:25:38 AM org.apache.flink.runtime.executiongraph.Execution transitionState
INFO: Co-Process (5/8) (0abe928b213cd307c9f3a2620f75d2f8_0c9698a73a6211243fab695da9d8c163_4_0) switched from DEPLOYING to INITIALIZING.
Apr 29, 2024 9:25:38 AM org.apache.flink.runtime.taskexecutor.slot.TaskSlotTableImpl markExistingSlotActive
INFO: Activate slot ee9b8d92749e66e778ebc9072196411c.
Apr 29, 2024 9:25:38 AM org.apache.flink.runtime.taskmanager.Task transitionState
INFO: Co-Process (6/8)#0 (0abe928b213cd307c9f3a2620f75d2f8_0c9698a73a6211243fab695da9d8c163_5_0) switched from CREATED to DEPLOYING.
Apr 29, 2024 9:25:38 AM org.apache.flink.api.java.typeutils.runtime.kryo.KryoSerializer getKryoInstance
INFO: Kryo serializer scala extensions are not available.
Apr 29, 2024 9:25:38 AM org.apache.flink.runtime.taskmanager.Task transitionState
INFO: Source: Collection Source -> Timestamps/Watermarks (1/1)#0 (0abe928b213cd307c9f3a2620f75d2f8_6cdc5bb954874d922eaee11a8e7b5dd5_0_0) switched from RUNNING to FINISHED.
Apr 29, 2024 9:25:38 AM org.apache.flink.runtime.state.heap.HeapKeyedStateBackendBuilder restoreState
INFO: Finished to build heap keyed state-backend.
Apr 29, 2024 9:25:38 AM org.apache.flink.runtime.taskmanager.Task doRun
INFO: Freeing task resources for Source: Collection Source -> Timestamps/Watermarks (1/1)#0 (0abe928b213cd307c9f3a2620f75d2f8_6cdc5bb954874d922eaee11a8e7b5dd5_0_0).
Apr 29, 2024 9:25:38 AM org.apache.flink.runtime.state.heap.HeapKeyedStateBackend <init>
INFO: Initializing heap keyed state backend with stream factory.
Apr 29, 2024 9:25:38 AM org.apache.flink.runtime.taskmanager.Task transitionState
INFO: Co-Process (3/8)#0 (0abe928b213cd307c9f3a2620f75d2f8_0c9698a73a6211243fab695da9d8c163_2_0) switched from INITIALIZING to RUNNING.
Apr 29, 2024 9:25:38 AM org.apache.flink.api.java.typeutils.TypeExtractor analyzePojo
INFO: The default constructor of class org.apache.beam.sdk.nexmark.model.Bid is not Public so it cannot be used as a POJO type and must be processed as GenericType. Please read the Flink documentation on "Data Types & Serialization" for details of the effect on performance and schema evolution.
Apr 29, 2024 9:25:38 AM org.apache.flink.runtime.taskmanager.Task doRun
INFO: Loading JAR files for task Co-Process (6/8)#0 (0abe928b213cd307c9f3a2620f75d2f8_0c9698a73a6211243fab695da9d8c163_5_0) [DEPLOYING].
Apr 29, 2024 9:25:38 AM org.apache.flink.runtime.executiongraph.Execution transitionState
INFO: Co-Process (3/8) (0abe928b213cd307c9f3a2620f75d2f8_0c9698a73a6211243fab695da9d8c163_2_0) switched from INITIALIZING to RUNNING.
Apr 29, 2024 9:25:38 AM org.apache.flink.api.java.typeutils.runtime.kryo.KryoSerializer getKryoInstance
INFO: Kryo serializer scala extensions are not available.
Apr 29, 2024 9:25:38 AM org.apache.flink.runtime.taskexecutor.TaskExecutor submitTask
INFO: Received task Co-Process (7/8)#0 (0abe928b213cd307c9f3a2620f75d2f8_0c9698a73a6211243fab695da9d8c163_6_0), deploy into slot with allocation id ee9b8d92749e66e778ebc9072196411c.
Apr 29, 2024 9:25:38 AM org.apache.flink.runtime.taskmanager.Task transitionState
INFO: Source: Collection Source -> Timestamps/Watermarks (1/1)#0 (0abe928b213cd307c9f3a2620f75d2f8_cbc357ccb763df2852fee8c4fc7d55f2_0_0) switched from RUNNING to FINISHED.
Apr 29, 2024 9:25:38 AM org.apache.flink.runtime.taskmanager.Task doRun
INFO: Freeing task resources for Source: Collection Source -> Timestamps/Watermarks (1/1)#0 (0abe928b213cd307c9f3a2620f75d2f8_cbc357ccb763df2852fee8c4fc7d55f2_0_0).
Apr 29, 2024 9:25:38 AM org.apache.flink.api.java.typeutils.runtime.kryo.KryoSerializer getKryoInstance
INFO: Kryo serializer scala extensions are not available.
Apr 29, 2024 9:25:38 AM org.apache.flink.runtime.taskexecutor.slot.TaskSlotTableImpl markExistingSlotActive
INFO: Activate slot fa6433324e89f4eeab722a9bf89b1e8a.
Apr 29, 2024 9:25:38 AM org.apache.flink.runtime.taskmanager.Task transitionState
INFO: Co-Process (7/8)#0 (0abe928b213cd307c9f3a2620f75d2f8_0c9698a73a6211243fab695da9d8c163_6_0) switched from CREATED to DEPLOYING.
Apr 29, 2024 9:25:38 AM org.apache.flink.api.java.typeutils.runtime.kryo.KryoSerializer getKryoInstance
INFO: Kryo serializer scala extensions are not available.
Apr 29, 2024 9:25:38 AM org.apache.flink.runtime.taskmanager.Task doRun
INFO: Loading JAR files for task Co-Process (7/8)#0 (0abe928b213cd307c9f3a2620f75d2f8_0c9698a73a6211243fab695da9d8c163_6_0) [DEPLOYING].
Apr 29, 2024 9:25:38 AM org.apache.flink.runtime.state.StateBackendLoader loadFromApplicationOrConfigOrDefaultInternal
INFO: No state backend has been configured, using default (HashMap) org.apache.flink.runtime.state.hashmap.HashMapStateBackend@291aecbe
Apr 29, 2024 9:25:38 AM org.apache.flink.runtime.state.StateBackendLoader fromApplicationOrConfigOrDefault
INFO: State backend loader loads the state backend as HashMapStateBackend
Apr 29, 2024 9:25:38 AM org.apache.flink.runtime.state.CheckpointStorageLoader createJobManagerCheckpointStorage
INFO: Checkpoint storage is set to 'jobmanager'
Apr 29, 2024 9:25:38 AM org.apache.flink.runtime.taskmanager.Task transitionState
INFO: Co-Process (6/8)#0 (0abe928b213cd307c9f3a2620f75d2f8_0c9698a73a6211243fab695da9d8c163_5_0) switched from DEPLOYING to INITIALIZING.
Apr 29, 2024 9:25:38 AM org.apache.flink.runtime.executiongraph.Execution transitionState
INFO: Co-Process (6/8) (0abe928b213cd307c9f3a2620f75d2f8_0c9698a73a6211243fab695da9d8c163_5_0) switched from DEPLOYING to INITIALIZING.
Apr 29, 2024 9:25:38 AM org.apache.flink.runtime.state.StateBackendLoader loadFromApplicationOrConfigOrDefaultInternal
INFO: No state backend has been configured, using default (HashMap) org.apache.flink.runtime.state.hashmap.HashMapStateBackend@c8bbf6e
Apr 29, 2024 9:25:38 AM org.apache.flink.runtime.state.StateBackendLoader fromApplicationOrConfigOrDefault
INFO: State backend loader loads the state backend as HashMapStateBackend
Apr 29, 2024 9:25:38 AM org.apache.flink.api.java.typeutils.runtime.kryo.KryoSerializer getKryoInstance
INFO: Kryo serializer scala extensions are not available.
Apr 29, 2024 9:25:38 AM org.apache.flink.runtime.state.CheckpointStorageLoader createJobManagerCheckpointStorage
INFO: Checkpoint storage is set to 'jobmanager'
Apr 29, 2024 9:25:38 AM org.apache.flink.runtime.taskmanager.Task transitionState
INFO: Co-Process (7/8)#0 (0abe928b213cd307c9f3a2620f75d2f8_0c9698a73a6211243fab695da9d8c163_6_0) switched from DEPLOYING to INITIALIZING.
Apr 29, 2024 9:25:38 AM org.apache.flink.runtime.taskexecutor.TaskExecutor submitTask
INFO: Received task Co-Process (8/8)#0 (0abe928b213cd307c9f3a2620f75d2f8_0c9698a73a6211243fab695da9d8c163_7_0), deploy into slot with allocation id fa6433324e89f4eeab722a9bf89b1e8a.
Apr 29, 2024 9:25:38 AM org.apache.flink.runtime.executiongraph.Execution transitionState
INFO: Co-Process (7/8) (0abe928b213cd307c9f3a2620f75d2f8_0c9698a73a6211243fab695da9d8c163_6_0) switched from DEPLOYING to INITIALIZING.
Apr 29, 2024 9:25:38 AM org.apache.flink.runtime.taskmanager.Task transitionState
INFO: Co-Process (4/8)#0 (0abe928b213cd307c9f3a2620f75d2f8_0c9698a73a6211243fab695da9d8c163_3_0) switched from INITIALIZING to RUNNING.
Apr 29, 2024 9:25:38 AM org.apache.flink.runtime.taskmanager.Task transitionState
INFO: Co-Process (8/8)#0 (0abe928b213cd307c9f3a2620f75d2f8_0c9698a73a6211243fab695da9d8c163_7_0) switched from CREATED to DEPLOYING.
Apr 29, 2024 9:25:38 AM org.apache.flink.runtime.taskexecutor.slot.TaskSlotTableImpl markExistingSlotActive
INFO: Activate slot de88321de88afdd58e2ad967e9d37f4e.
Apr 29, 2024 9:25:38 AM org.apache.flink.runtime.taskmanager.Task doRun
INFO: Loading JAR files for task Co-Process (8/8)#0 (0abe928b213cd307c9f3a2620f75d2f8_0c9698a73a6211243fab695da9d8c163_7_0) [DEPLOYING].
Apr 29, 2024 9:25:38 AM org.apache.flink.api.java.typeutils.runtime.kryo.KryoSerializer getKryoInstance
INFO: Kryo serializer scala extensions are not available.
Apr 29, 2024 9:25:38 AM org.apache.flink.runtime.state.heap.HeapKeyedStateBackendBuilder restoreState
INFO: Finished to build heap keyed state-backend.
Apr 29, 2024 9:25:38 AM org.apache.flink.runtime.executiongraph.Execution transitionState
INFO: Co-Process (4/8) (0abe928b213cd307c9f3a2620f75d2f8_0c9698a73a6211243fab695da9d8c163_3_0) switched from INITIALIZING to RUNNING.
Apr 29, 2024 9:25:38 AM org.apache.flink.runtime.state.heap.HeapKeyedStateBackend <init>
INFO: Initializing heap keyed state backend with stream factory.
Apr 29, 2024 9:25:38 AM org.apache.flink.runtime.taskexecutor.TaskExecutor submitTask
INFO: Received task MaxPriceBid (1/8)#0 (0abe928b213cd307c9f3a2620f75d2f8_97db730e07d35d6850e3d51339e006de_0_0), deploy into slot with allocation id de88321de88afdd58e2ad967e9d37f4e.
Apr 29, 2024 9:25:38 AM org.apache.flink.api.java.typeutils.TypeExtractor analyzePojo
INFO: The default constructor of class org.apache.beam.sdk.nexmark.model.Bid is not Public so it cannot be used as a POJO type and must be processed as GenericType. Please read the Flink documentation on "Data Types & Serialization" for details of the effect on performance and schema evolution.
Apr 29, 2024 9:25:38 AM org.apache.flink.runtime.state.heap.HeapKeyedStateBackendBuilder restoreState
INFO: Finished to build heap keyed state-backend.
Apr 29, 2024 9:25:38 AM org.apache.flink.runtime.state.heap.HeapKeyedStateBackend <init>
INFO: Initializing heap keyed state backend with stream factory.
Apr 29, 2024 9:25:38 AM org.apache.flink.api.java.typeutils.runtime.kryo.KryoSerializer getKryoInstance
INFO: Kryo serializer scala extensions are not available.
Apr 29, 2024 9:25:38 AM org.apache.flink.api.java.typeutils.TypeExtractor analyzePojo
INFO: The default constructor of class org.apache.beam.sdk.nexmark.model.Bid is not Public so it cannot be used as a POJO type and must be processed as GenericType. Please read the Flink documentation on "Data Types & Serialization" for details of the effect on performance and schema evolution.
Apr 29, 2024 9:25:38 AM org.apache.flink.runtime.taskmanager.Task transitionState
INFO: MaxPriceBid (1/8)#0 (0abe928b213cd307c9f3a2620f75d2f8_97db730e07d35d6850e3d51339e006de_0_0) switched from CREATED to DEPLOYING.
Apr 29, 2024 9:25:38 AM org.apache.flink.runtime.taskmanager.Task doRun
INFO: Loading JAR files for task MaxPriceBid (1/8)#0 (0abe928b213cd307c9f3a2620f75d2f8_97db730e07d35d6850e3d51339e006de_0_0) [DEPLOYING].
Apr 29, 2024 9:25:38 AM org.apache.flink.runtime.state.heap.HeapKeyedStateBackendBuilder restoreState
INFO: Finished to build heap keyed state-backend.
Apr 29, 2024 9:25:38 AM org.apache.flink.runtime.state.heap.HeapKeyedStateBackend <init>
INFO: Initializing heap keyed state backend with stream factory.
Apr 29, 2024 9:25:38 AM org.apache.flink.api.java.typeutils.TypeExtractor analyzePojo
INFO: The default constructor of class org.apache.beam.sdk.nexmark.model.Bid is not Public so it cannot be used as a POJO type and must be processed as GenericType. Please read the Flink documentation on "Data Types & Serialization" for details of the effect on performance and schema evolution.
Apr 29, 2024 9:25:38 AM org.apache.flink.runtime.taskmanager.Task transitionState
INFO: Co-Process (2/8)#0 (0abe928b213cd307c9f3a2620f75d2f8_0c9698a73a6211243fab695da9d8c163_1_0) switched from RUNNING to FINISHED.
Apr 29, 2024 9:25:38 AM org.apache.flink.runtime.taskmanager.Task doRun
INFO: Freeing task resources for Co-Process (2/8)#0 (0abe928b213cd307c9f3a2620f75d2f8_0c9698a73a6211243fab695da9d8c163_1_0).
Apr 29, 2024 9:25:38 AM org.apache.flink.runtime.taskexecutor.slot.TaskSlotTableImpl markExistingSlotActive
INFO: Activate slot 3e559435fa3d57e3d1f5a428020e3a8b.
Apr 29, 2024 9:25:38 AM org.apache.flink.runtime.taskmanager.Task transitionState
INFO: Co-Process (1/8)#0 (0abe928b213cd307c9f3a2620f75d2f8_0c9698a73a6211243fab695da9d8c163_0_0) switched from RUNNING to FINISHED.
Apr 29, 2024 9:25:38 AM org.apache.flink.runtime.taskmanager.Task doRun
INFO: Freeing task resources for Co-Process (1/8)#0 (0abe928b213cd307c9f3a2620f75d2f8_0c9698a73a6211243fab695da9d8c163_0_0).
Apr 29, 2024 9:25:38 AM org.apache.flink.runtime.taskmanager.Task transitionState
INFO: Co-Process (3/8)#0 (0abe928b213cd307c9f3a2620f75d2f8_0c9698a73a6211243fab695da9d8c163_2_0) switched from RUNNING to FINISHED.
Apr 29, 2024 9:25:38 AM org.apache.flink.runtime.taskmanager.Task doRun
INFO: Freeing task resources for Co-Process (3/8)#0 (0abe928b213cd307c9f3a2620f75d2f8_0c9698a73a6211243fab695da9d8c163_2_0).
Apr 29, 2024 9:25:38 AM org.apache.flink.runtime.state.StateBackendLoader loadFromApplicationOrConfigOrDefaultInternal
INFO: No state backend has been configured, using default (HashMap) org.apache.flink.runtime.state.hashmap.HashMapStateBackend@526fcfd1
Apr 29, 2024 9:25:38 AM org.apache.flink.runtime.state.StateBackendLoader fromApplicationOrConfigOrDefault
INFO: State backend loader loads the state backend as HashMapStateBackend
Apr 29, 2024 9:25:38 AM org.apache.flink.runtime.state.CheckpointStorageLoader createJobManagerCheckpointStorage
INFO: Checkpoint storage is set to 'jobmanager'
Apr 29, 2024 9:25:38 AM org.apache.flink.runtime.taskmanager.Task transitionState
INFO: Co-Process (8/8)#0 (0abe928b213cd307c9f3a2620f75d2f8_0c9698a73a6211243fab695da9d8c163_7_0) switched from DEPLOYING to INITIALIZING.
Apr 29, 2024 9:25:38 AM org.apache.flink.runtime.taskexecutor.TaskExecutor submitTask
INFO: Received task MaxPriceBid (2/8)#0 (0abe928b213cd307c9f3a2620f75d2f8_97db730e07d35d6850e3d51339e006de_1_0), deploy into slot with allocation id 3e559435fa3d57e3d1f5a428020e3a8b.
Apr 29, 2024 9:25:38 AM org.apache.flink.runtime.executiongraph.Execution transitionState
INFO: Co-Process (8/8) (0abe928b213cd307c9f3a2620f75d2f8_0c9698a73a6211243fab695da9d8c163_7_0) switched from DEPLOYING to INITIALIZING.
Apr 29, 2024 9:25:38 AM org.apache.flink.runtime.taskmanager.Task transitionState
INFO: Co-Process (4/8)#0 (0abe928b213cd307c9f3a2620f75d2f8_0c9698a73a6211243fab695da9d8c163_3_0) switched from RUNNING to FINISHED.
Apr 29, 2024 9:25:38 AM org.apache.flink.runtime.taskmanager.Task doRun
INFO: Freeing task resources for Co-Process (4/8)#0 (0abe928b213cd307c9f3a2620f75d2f8_0c9698a73a6211243fab695da9d8c163_3_0).
Apr 29, 2024 9:25:38 AM org.apache.flink.runtime.state.StateBackendLoader loadFromApplicationOrConfigOrDefaultInternal
INFO: No state backend has been configured, using default (HashMap) org.apache.flink.runtime.state.hashmap.HashMapStateBackend@784f1ec1
Apr 29, 2024 9:25:38 AM org.apache.flink.runtime.state.StateBackendLoader fromApplicationOrConfigOrDefault
INFO: State backend loader loads the state backend as HashMapStateBackend
Apr 29, 2024 9:25:38 AM org.apache.flink.runtime.state.CheckpointStorageLoader createJobManagerCheckpointStorage
INFO: Checkpoint storage is set to 'jobmanager'
Apr 29, 2024 9:25:38 AM org.apache.flink.runtime.taskmanager.Task transitionState
INFO: MaxPriceBid (2/8)#0 (0abe928b213cd307c9f3a2620f75d2f8_97db730e07d35d6850e3d51339e006de_1_0) switched from CREATED to DEPLOYING.
Apr 29, 2024 9:25:38 AM org.apache.flink.runtime.taskmanager.Task transitionState
INFO: MaxPriceBid (1/8)#0 (0abe928b213cd307c9f3a2620f75d2f8_97db730e07d35d6850e3d51339e006de_0_0) switched from DEPLOYING to INITIALIZING.
Apr 29, 2024 9:25:38 AM org.apache.flink.runtime.taskmanager.Task doRun
INFO: Loading JAR files for task MaxPriceBid (2/8)#0 (0abe928b213cd307c9f3a2620f75d2f8_97db730e07d35d6850e3d51339e006de_1_0) [DEPLOYING].
Apr 29, 2024 9:25:38 AM org.apache.flink.runtime.taskexecutor.slot.TaskSlotTableImpl markExistingSlotActive
INFO: Activate slot b861acd2ab70d937480dd76812b743c7.
Apr 29, 2024 9:25:38 AM org.apache.flink.runtime.executiongraph.Execution transitionState
INFO: MaxPriceBid (1/8) (0abe928b213cd307c9f3a2620f75d2f8_97db730e07d35d6850e3d51339e006de_0_0) switched from DEPLOYING to INITIALIZING.
Apr 29, 2024 9:25:38 AM org.apache.flink.runtime.state.heap.HeapKeyedStateBackendBuilder restoreState
INFO: Finished to build heap keyed state-backend.
Apr 29, 2024 9:25:38 AM org.apache.flink.runtime.state.heap.HeapKeyedStateBackend <init>
INFO: Initializing heap keyed state backend with stream factory.
Apr 29, 2024 9:25:38 AM org.apache.flink.api.java.typeutils.TypeExtractor analyzePojo
INFO: The default constructor of class org.apache.beam.sdk.nexmark.model.Bid is not Public so it cannot be used as a POJO type and must be processed as GenericType. Please read the Flink documentation on "Data Types & Serialization" for details of the effect on performance and schema evolution.
Apr 29, 2024 9:25:38 AM org.apache.flink.runtime.state.heap.HeapKeyedStateBackendBuilder restoreState
INFO: Finished to build heap keyed state-backend.
Apr 29, 2024 9:25:38 AM org.apache.flink.runtime.state.heap.HeapKeyedStateBackend <init>
INFO: Initializing heap keyed state backend with stream factory.
Apr 29, 2024 9:25:38 AM org.apache.flink.runtime.taskexecutor.TaskExecutor submitTask
INFO: Received task MaxPriceBid (3/8)#0 (0abe928b213cd307c9f3a2620f75d2f8_97db730e07d35d6850e3d51339e006de_2_0), deploy into slot with allocation id b861acd2ab70d937480dd76812b743c7.
Apr 29, 2024 9:25:38 AM org.apache.flink.runtime.state.StateBackendLoader loadFromApplicationOrConfigOrDefaultInternal
INFO: No state backend has been configured, using default (HashMap) org.apache.flink.runtime.state.hashmap.HashMapStateBackend@3e8ddde
Apr 29, 2024 9:25:38 AM org.apache.flink.runtime.state.StateBackendLoader fromApplicationOrConfigOrDefault
INFO: State backend loader loads the state backend as HashMapStateBackend
Apr 29, 2024 9:25:38 AM org.apache.flink.runtime.state.CheckpointStorageLoader createJobManagerCheckpointStorage
INFO: Checkpoint storage is set to 'jobmanager'
Apr 29, 2024 9:25:38 AM org.apache.flink.runtime.taskmanager.Task transitionState
INFO: MaxPriceBid (3/8)#0 (0abe928b213cd307c9f3a2620f75d2f8_97db730e07d35d6850e3d51339e006de_2_0) switched from CREATED to DEPLOYING.
Apr 29, 2024 9:25:38 AM org.apache.flink.runtime.taskexecutor.slot.TaskSlotTableImpl markExistingSlotActive
INFO: Activate slot f744c0bab1efabbcc4d6824c1bd74165.
Apr 29, 2024 9:25:38 AM org.apache.flink.runtime.taskmanager.Task doRun
INFO: Loading JAR files for task MaxPriceBid (3/8)#0 (0abe928b213cd307c9f3a2620f75d2f8_97db730e07d35d6850e3d51339e006de_2_0) [DEPLOYING].
Apr 29, 2024 9:25:38 AM org.apache.flink.runtime.taskmanager.Task transitionState
INFO: MaxPriceBid (2/8)#0 (0abe928b213cd307c9f3a2620f75d2f8_97db730e07d35d6850e3d51339e006de_1_0) switched from DEPLOYING to INITIALIZING.
Apr 29, 2024 9:25:38 AM org.apache.flink.runtime.executiongraph.Execution transitionState
INFO: MaxPriceBid (2/8) (0abe928b213cd307c9f3a2620f75d2f8_97db730e07d35d6850e3d51339e006de_1_0) switched from DEPLOYING to INITIALIZING.
Apr 29, 2024 9:25:38 AM org.apache.flink.runtime.state.StateBackendLoader loadFromApplicationOrConfigOrDefaultInternal
INFO: No state backend has been configured, using default (HashMap) org.apache.flink.runtime.state.hashmap.HashMapStateBackend@645ecfbb
Apr 29, 2024 9:25:38 AM org.apache.flink.runtime.state.StateBackendLoader fromApplicationOrConfigOrDefault
INFO: State backend loader loads the state backend as HashMapStateBackend
Apr 29, 2024 9:25:38 AM org.apache.flink.runtime.state.CheckpointStorageLoader createJobManagerCheckpointStorage
INFO: Checkpoint storage is set to 'jobmanager'
Apr 29, 2024 9:25:38 AM org.apache.flink.runtime.taskmanager.Task transitionState
INFO: MaxPriceBid (3/8)#0 (0abe928b213cd307c9f3a2620f75d2f8_97db730e07d35d6850e3d51339e006de_2_0) switched from DEPLOYING to INITIALIZING.
Apr 29, 2024 9:25:38 AM org.apache.flink.runtime.taskexecutor.TaskExecutor submitTask
INFO: Received task MaxPriceBid (4/8)#0 (0abe928b213cd307c9f3a2620f75d2f8_97db730e07d35d6850e3d51339e006de_3_0), deploy into slot with allocation id f744c0bab1efabbcc4d6824c1bd74165.
Apr 29, 2024 9:25:38 AM org.apache.flink.runtime.taskmanager.Task transitionState
INFO: Co-Process (6/8)#0 (0abe928b213cd307c9f3a2620f75d2f8_0c9698a73a6211243fab695da9d8c163_5_0) switched from INITIALIZING to RUNNING.
Apr 29, 2024 9:25:38 AM org.apache.flink.runtime.taskmanager.Task transitionState
INFO: Co-Process (7/8)#0 (0abe928b213cd307c9f3a2620f75d2f8_0c9698a73a6211243fab695da9d8c163_6_0) switched from INITIALIZING to RUNNING.
Apr 29, 2024 9:25:38 AM org.apache.flink.runtime.state.heap.HeapKeyedStateBackendBuilder restoreState
INFO: Finished to build heap keyed state-backend.
Apr 29, 2024 9:25:38 AM org.apache.flink.runtime.state.heap.HeapKeyedStateBackend <init>
INFO: Initializing heap keyed state backend with stream factory.
Apr 29, 2024 9:25:38 AM org.apache.flink.runtime.taskmanager.Task transitionState
INFO: Co-Process (8/8)#0 (0abe928b213cd307c9f3a2620f75d2f8_0c9698a73a6211243fab695da9d8c163_7_0) switched from INITIALIZING to RUNNING.
Apr 29, 2024 9:25:38 AM org.apache.flink.api.java.typeutils.runtime.kryo.KryoSerializer getKryoInstance
INFO: Kryo serializer scala extensions are not available.
Apr 29, 2024 9:25:38 AM org.apache.flink.runtime.taskmanager.Task transitionState
INFO: Co-Process (5/8)#0 (0abe928b213cd307c9f3a2620f75d2f8_0c9698a73a6211243fab695da9d8c163_4_0) switched from INITIALIZING to RUNNING.
Apr 29, 2024 9:25:38 AM org.apache.flink.runtime.executiongraph.Execution transitionState
INFO: MaxPriceBid (3/8) (0abe928b213cd307c9f3a2620f75d2f8_97db730e07d35d6850e3d51339e006de_2_0) switched from DEPLOYING to INITIALIZING.
Apr 29, 2024 9:25:38 AM org.apache.flink.api.java.typeutils.runtime.kryo.KryoSerializer getKryoInstance
INFO: Kryo serializer scala extensions are not available.
Apr 29, 2024 9:25:38 AM org.apache.flink.runtime.executiongraph.Execution transitionState
INFO: Co-Process (6/8) (0abe928b213cd307c9f3a2620f75d2f8_0c9698a73a6211243fab695da9d8c163_5_0) switched from INITIALIZING to RUNNING.
Apr 29, 2024 9:25:38 AM org.apache.flink.api.java.typeutils.runtime.kryo.KryoSerializer getKryoInstance
INFO: Kryo serializer scala extensions are not available.
Apr 29, 2024 9:25:38 AM org.apache.flink.api.java.typeutils.runtime.kryo.KryoSerializer getKryoInstance
INFO: Kryo serializer scala extensions are not available.
Apr 29, 2024 9:25:38 AM org.apache.flink.runtime.executiongraph.Execution transitionState
INFO: Co-Process (7/8) (0abe928b213cd307c9f3a2620f75d2f8_0c9698a73a6211243fab695da9d8c163_6_0) switched from INITIALIZING to RUNNING.
Apr 29, 2024 9:25:38 AM org.apache.flink.runtime.executiongraph.Execution transitionState
INFO: Co-Process (8/8) (0abe928b213cd307c9f3a2620f75d2f8_0c9698a73a6211243fab695da9d8c163_7_0) switched from INITIALIZING to RUNNING.
Apr 29, 2024 9:25:38 AM org.apache.flink.api.java.typeutils.runtime.kryo.KryoSerializer getKryoInstance
INFO: Kryo serializer scala extensions are not available.
Apr 29, 2024 9:25:38 AM org.apache.flink.runtime.executiongraph.Execution transitionState
INFO: Co-Process (5/8) (0abe928b213cd307c9f3a2620f75d2f8_0c9698a73a6211243fab695da9d8c163_4_0) switched from INITIALIZING to RUNNING.
Apr 29, 2024 9:25:38 AM org.apache.flink.api.java.typeutils.runtime.kryo.KryoSerializer getKryoInstance
INFO: Kryo serializer scala extensions are not available.
Apr 29, 2024 9:25:38 AM org.apache.flink.api.java.typeutils.runtime.kryo.KryoSerializer getKryoInstance
INFO: Kryo serializer scala extensions are not available.
Apr 29, 2024 9:25:38 AM org.apache.flink.runtime.state.heap.HeapKeyedStateBackendBuilder restoreState
INFO: Finished to build heap keyed state-backend.
Apr 29, 2024 9:25:38 AM org.apache.flink.runtime.state.heap.HeapKeyedStateBackend <init>
INFO: Initializing heap keyed state backend with stream factory.
Apr 29, 2024 9:25:38 AM org.apache.flink.api.java.typeutils.runtime.kryo.KryoSerializer getKryoInstance
INFO: Kryo serializer scala extensions are not available.
Apr 29, 2024 9:25:38 AM org.apache.flink.runtime.taskexecutor.slot.TaskSlotTableImpl markExistingSlotActive
INFO: Activate slot 69f92df98e78269b3035a7e2693c67e4.
Apr 29, 2024 9:25:38 AM org.apache.flink.runtime.taskmanager.Task transitionState
INFO: MaxPriceBid (4/8)#0 (0abe928b213cd307c9f3a2620f75d2f8_97db730e07d35d6850e3d51339e006de_3_0) switched from CREATED to DEPLOYING.
Apr 29, 2024 9:25:38 AM org.apache.flink.runtime.taskmanager.Task doRun
INFO: Loading JAR files for task MaxPriceBid (4/8)#0 (0abe928b213cd307c9f3a2620f75d2f8_97db730e07d35d6850e3d51339e006de_3_0) [DEPLOYING].
Apr 29, 2024 9:25:38 AM org.apache.flink.runtime.taskexecutor.TaskExecutor submitTask
INFO: Received task MaxPriceBid (5/8)#0 (0abe928b213cd307c9f3a2620f75d2f8_97db730e07d35d6850e3d51339e006de_4_0), deploy into slot with allocation id 69f92df98e78269b3035a7e2693c67e4.
Apr 29, 2024 9:25:38 AM org.apache.flink.runtime.taskmanager.Task transitionState
INFO: MaxPriceBid (1/8)#0 (0abe928b213cd307c9f3a2620f75d2f8_97db730e07d35d6850e3d51339e006de_0_0) switched from INITIALIZING to RUNNING.
Apr 29, 2024 9:25:38 AM org.apache.flink.runtime.executiongraph.Execution transitionState
INFO: MaxPriceBid (1/8) (0abe928b213cd307c9f3a2620f75d2f8_97db730e07d35d6850e3d51339e006de_0_0) switched from INITIALIZING to RUNNING.
Apr 29, 2024 9:25:38 AM org.apache.flink.runtime.state.StateBackendLoader loadFromApplicationOrConfigOrDefaultInternal
INFO: No state backend has been configured, using default (HashMap) org.apache.flink.runtime.state.hashmap.HashMapStateBackend@6adc74aa
Apr 29, 2024 9:25:38 AM org.apache.flink.runtime.state.StateBackendLoader fromApplicationOrConfigOrDefault
INFO: State backend loader loads the state backend as HashMapStateBackend
Apr 29, 2024 9:25:38 AM org.apache.flink.runtime.state.CheckpointStorageLoader createJobManagerCheckpointStorage
INFO: Checkpoint storage is set to 'jobmanager'
Apr 29, 2024 9:25:38 AM org.apache.flink.runtime.taskmanager.Task transitionState
INFO: MaxPriceBid (4/8)#0 (0abe928b213cd307c9f3a2620f75d2f8_97db730e07d35d6850e3d51339e006de_3_0) switched from DEPLOYING to INITIALIZING.
Apr 29, 2024 9:25:38 AM org.apache.flink.runtime.taskmanager.Task transitionState
INFO: Co-Process (7/8)#0 (0abe928b213cd307c9f3a2620f75d2f8_0c9698a73a6211243fab695da9d8c163_6_0) switched from RUNNING to FINISHED.
Apr 29, 2024 9:25:38 AM org.apache.flink.runtime.taskmanager.Task doRun
INFO: Freeing task resources for Co-Process (7/8)#0 (0abe928b213cd307c9f3a2620f75d2f8_0c9698a73a6211243fab695da9d8c163_6_0).
Apr 29, 2024 9:25:38 AM org.apache.flink.runtime.executiongraph.Execution transitionState
INFO: MaxPriceBid (4/8) (0abe928b213cd307c9f3a2620f75d2f8_97db730e07d35d6850e3d51339e006de_3_0) switched from DEPLOYING to INITIALIZING.
Apr 29, 2024 9:25:38 AM org.apache.flink.runtime.taskmanager.Task transitionState
INFO: MaxPriceBid (2/8)#0 (0abe928b213cd307c9f3a2620f75d2f8_97db730e07d35d6850e3d51339e006de_1_0) switched from INITIALIZING to RUNNING.
Apr 29, 2024 9:25:38 AM org.apache.flink.runtime.executiongraph.Execution transitionState
INFO: MaxPriceBid (2/8) (0abe928b213cd307c9f3a2620f75d2f8_97db730e07d35d6850e3d51339e006de_1_0) switched from INITIALIZING to RUNNING.
Apr 29, 2024 9:25:38 AM org.apache.flink.runtime.taskmanager.Task transitionState
INFO: Co-Process (5/8)#0 (0abe928b213cd307c9f3a2620f75d2f8_0c9698a73a6211243fab695da9d8c163_4_0) switched from RUNNING to FINISHED.
Apr 29, 2024 9:25:38 AM org.apache.flink.runtime.taskmanager.Task doRun
INFO: Freeing task resources for Co-Process (5/8)#0 (0abe928b213cd307c9f3a2620f75d2f8_0c9698a73a6211243fab695da9d8c163_4_0).
Apr 29, 2024 9:25:38 AM org.apache.flink.runtime.taskmanager.Task transitionState
INFO: Co-Process (6/8)#0 (0abe928b213cd307c9f3a2620f75d2f8_0c9698a73a6211243fab695da9d8c163_5_0) switched from RUNNING to FINISHED.
Apr 29, 2024 9:25:38 AM org.apache.flink.runtime.taskmanager.Task transitionState
INFO: MaxPriceBid (3/8)#0 (0abe928b213cd307c9f3a2620f75d2f8_97db730e07d35d6850e3d51339e006de_2_0) switched from INITIALIZING to RUNNING.
Apr 29, 2024 9:25:38 AM org.apache.flink.runtime.taskmanager.Task doRun
INFO: Freeing task resources for Co-Process (6/8)#0 (0abe928b213cd307c9f3a2620f75d2f8_0c9698a73a6211243fab695da9d8c163_5_0).
Apr 29, 2024 9:25:38 AM org.apache.flink.runtime.taskmanager.Task transitionState
INFO: MaxPriceBid (5/8)#0 (0abe928b213cd307c9f3a2620f75d2f8_97db730e07d35d6850e3d51339e006de_4_0) switched from CREATED to DEPLOYING.
Apr 29, 2024 9:25:38 AM org.apache.flink.runtime.taskmanager.Task transitionState
INFO: Co-Process (8/8)#0 (0abe928b213cd307c9f3a2620f75d2f8_0c9698a73a6211243fab695da9d8c163_7_0) switched from RUNNING to FINISHED.
Apr 29, 2024 9:25:38 AM org.apache.flink.runtime.taskmanager.Task doRun
INFO: Loading JAR files for task MaxPriceBid (5/8)#0 (0abe928b213cd307c9f3a2620f75d2f8_97db730e07d35d6850e3d51339e006de_4_0) [DEPLOYING].
Apr 29, 2024 9:25:38 AM org.apache.flink.runtime.taskmanager.Task doRun
INFO: Freeing task resources for Co-Process (8/8)#0 (0abe928b213cd307c9f3a2620f75d2f8_0c9698a73a6211243fab695da9d8c163_7_0).
Apr 29, 2024 9:25:38 AM org.apache.flink.runtime.taskexecutor.slot.TaskSlotTableImpl markExistingSlotActive
INFO: Activate slot ee9b8d92749e66e778ebc9072196411c.
Apr 29, 2024 9:25:38 AM org.apache.flink.runtime.executiongraph.Execution transitionState
INFO: MaxPriceBid (3/8) (0abe928b213cd307c9f3a2620f75d2f8_97db730e07d35d6850e3d51339e006de_2_0) switched from INITIALIZING to RUNNING.
Apr 29, 2024 9:25:38 AM org.apache.flink.runtime.taskexecutor.TaskExecutor submitTask
INFO: Received task MaxPriceBid (7/8)#0 (0abe928b213cd307c9f3a2620f75d2f8_97db730e07d35d6850e3d51339e006de_6_0), deploy into slot with allocation id ee9b8d92749e66e778ebc9072196411c.
Apr 29, 2024 9:25:38 AM org.apache.flink.runtime.state.heap.HeapKeyedStateBackendBuilder restoreState
INFO: Finished to build heap keyed state-backend.
Apr 29, 2024 9:25:38 AM org.apache.flink.runtime.state.heap.HeapKeyedStateBackend <init>
INFO: Initializing heap keyed state backend with stream factory.
Apr 29, 2024 9:25:38 AM org.apache.flink.runtime.taskmanager.Task transitionState
INFO: MaxPriceBid (7/8)#0 (0abe928b213cd307c9f3a2620f75d2f8_97db730e07d35d6850e3d51339e006de_6_0) switched from CREATED to DEPLOYING.
Apr 29, 2024 9:25:38 AM org.apache.flink.runtime.taskexecutor.slot.TaskSlotTableImpl markExistingSlotActive
INFO: Activate slot fa6433324e89f4eeab722a9bf89b1e8a.
Apr 29, 2024 9:25:38 AM org.apache.flink.runtime.taskmanager.Task doRun
INFO: Loading JAR files for task MaxPriceBid (7/8)#0 (0abe928b213cd307c9f3a2620f75d2f8_97db730e07d35d6850e3d51339e006de_6_0) [DEPLOYING].
Apr 29, 2024 9:25:38 AM org.apache.flink.runtime.state.StateBackendLoader loadFromApplicationOrConfigOrDefaultInternal
INFO: No state backend has been configured, using default (HashMap) org.apache.flink.runtime.state.hashmap.HashMapStateBackend@5846f546
Apr 29, 2024 9:25:38 AM org.apache.flink.runtime.taskmanager.Task transitionState
INFO: MaxPriceBid (1/8)#0 (0abe928b213cd307c9f3a2620f75d2f8_97db730e07d35d6850e3d51339e006de_0_0) switched from RUNNING to FINISHED.
Apr 29, 2024 9:25:38 AM org.apache.flink.runtime.state.StateBackendLoader fromApplicationOrConfigOrDefault
INFO: State backend loader loads the state backend as HashMapStateBackend
Apr 29, 2024 9:25:38 AM org.apache.flink.runtime.state.CheckpointStorageLoader createJobManagerCheckpointStorage
INFO: Checkpoint storage is set to 'jobmanager'
Apr 29, 2024 9:25:38 AM org.apache.flink.runtime.taskmanager.Task doRun
INFO: Freeing task resources for MaxPriceBid (1/8)#0 (0abe928b213cd307c9f3a2620f75d2f8_97db730e07d35d6850e3d51339e006de_0_0).
Apr 29, 2024 9:25:38 AM org.apache.flink.runtime.taskmanager.Task transitionState
INFO: MaxPriceBid (5/8)#0 (0abe928b213cd307c9f3a2620f75d2f8_97db730e07d35d6850e3d51339e006de_4_0) switched from DEPLOYING to INITIALIZING.
Apr 29, 2024 9:25:38 AM org.apache.flink.runtime.executiongraph.Execution transitionState
INFO: MaxPriceBid (5/8) (0abe928b213cd307c9f3a2620f75d2f8_97db730e07d35d6850e3d51339e006de_4_0) switched from DEPLOYING to INITIALIZING.
Apr 29, 2024 9:25:38 AM org.apache.flink.runtime.taskmanager.Task transitionState
INFO: MaxPriceBid (3/8)#0 (0abe928b213cd307c9f3a2620f75d2f8_97db730e07d35d6850e3d51339e006de_2_0) switched from RUNNING to FINISHED.
Apr 29, 2024 9:25:38 AM org.apache.flink.runtime.taskmanager.Task doRun
INFO: Freeing task resources for MaxPriceBid (3/8)#0 (0abe928b213cd307c9f3a2620f75d2f8_97db730e07d35d6850e3d51339e006de_2_0).
Apr 29, 2024 9:25:38 AM org.apache.flink.runtime.taskmanager.Task transitionState
INFO: MaxPriceBid (4/8)#0 (0abe928b213cd307c9f3a2620f75d2f8_97db730e07d35d6850e3d51339e006de_3_0) switched from INITIALIZING to RUNNING.
Apr 29, 2024 9:25:38 AM org.apache.flink.runtime.state.StateBackendLoader loadFromApplicationOrConfigOrDefaultInternal
INFO: No state backend has been configured, using default (HashMap) org.apache.flink.runtime.state.hashmap.HashMapStateBackend@463a1fee
Apr 29, 2024 9:25:38 AM org.apache.flink.runtime.state.StateBackendLoader fromApplicationOrConfigOrDefault
INFO: State backend loader loads the state backend as HashMapStateBackend
Apr 29, 2024 9:25:38 AM org.apache.flink.runtime.state.CheckpointStorageLoader createJobManagerCheckpointStorage
INFO: Checkpoint storage is set to 'jobmanager'
Apr 29, 2024 9:25:38 AM org.apache.flink.runtime.taskmanager.Task transitionState
INFO: MaxPriceBid (7/8)#0 (0abe928b213cd307c9f3a2620f75d2f8_97db730e07d35d6850e3d51339e006de_6_0) switched from DEPLOYING to INITIALIZING.
Apr 29, 2024 9:25:38 AM org.apache.flink.runtime.executiongraph.Execution transitionState
INFO: MaxPriceBid (4/8) (0abe928b213cd307c9f3a2620f75d2f8_97db730e07d35d6850e3d51339e006de_3_0) switched from INITIALIZING to RUNNING.
Apr 29, 2024 9:25:38 AM org.apache.flink.runtime.taskexecutor.TaskExecutor submitTask
INFO: Received task MaxPriceBid (8/8)#0 (0abe928b213cd307c9f3a2620f75d2f8_97db730e07d35d6850e3d51339e006de_7_0), deploy into slot with allocation id fa6433324e89f4eeab722a9bf89b1e8a.
Apr 29, 2024 9:25:38 AM org.apache.flink.runtime.executiongraph.Execution transitionState
INFO: MaxPriceBid (7/8) (0abe928b213cd307c9f3a2620f75d2f8_97db730e07d35d6850e3d51339e006de_6_0) switched from DEPLOYING to INITIALIZING.
Apr 29, 2024 9:25:38 AM org.apache.flink.runtime.taskmanager.Task transitionState
INFO: MaxPriceBid (8/8)#0 (0abe928b213cd307c9f3a2620f75d2f8_97db730e07d35d6850e3d51339e006de_7_0) switched from CREATED to DEPLOYING.
Apr 29, 2024 9:25:38 AM org.apache.flink.runtime.taskmanager.Task doRun
INFO: Loading JAR files for task MaxPriceBid (8/8)#0 (0abe928b213cd307c9f3a2620f75d2f8_97db730e07d35d6850e3d51339e006de_7_0) [DEPLOYING].
Apr 29, 2024 9:25:38 AM org.apache.flink.runtime.state.heap.HeapKeyedStateBackendBuilder restoreState
INFO: Finished to build heap keyed state-backend.
Apr 29, 2024 9:25:38 AM org.apache.flink.runtime.state.heap.HeapKeyedStateBackend <init>
INFO: Initializing heap keyed state backend with stream factory.
Apr 29, 2024 9:25:38 AM org.apache.flink.runtime.taskexecutor.slot.TaskSlotTableImpl markExistingSlotActive
INFO: Activate slot d46aca34674d285dd35e3e5dcfe4c94b.
Apr 29, 2024 9:25:38 AM org.apache.flink.runtime.state.heap.HeapKeyedStateBackendBuilder restoreState
INFO: Finished to build heap keyed state-backend.
Apr 29, 2024 9:25:38 AM org.apache.flink.runtime.state.heap.HeapKeyedStateBackend <init>
INFO: Initializing heap keyed state backend with stream factory.
Apr 29, 2024 9:25:38 AM org.apache.flink.runtime.taskmanager.Task transitionState
INFO: MaxPriceBid (5/8)#0 (0abe928b213cd307c9f3a2620f75d2f8_97db730e07d35d6850e3d51339e006de_4_0) switched from INITIALIZING to RUNNING.
Apr 29, 2024 9:25:38 AM org.apache.flink.runtime.taskmanager.Task transitionState
INFO: MaxPriceBid (2/8)#0 (0abe928b213cd307c9f3a2620f75d2f8_97db730e07d35d6850e3d51339e006de_1_0) switched from RUNNING to FINISHED.
Apr 29, 2024 9:25:38 AM org.apache.flink.runtime.taskmanager.Task doRun
INFO: Freeing task resources for MaxPriceBid (2/8)#0 (0abe928b213cd307c9f3a2620f75d2f8_97db730e07d35d6850e3d51339e006de_1_0).
Apr 29, 2024 9:25:38 AM org.apache.flink.runtime.state.StateBackendLoader loadFromApplicationOrConfigOrDefaultInternal
INFO: No state backend has been configured, using default (HashMap) org.apache.flink.runtime.state.hashmap.HashMapStateBackend@4c9df1ad
Apr 29, 2024 9:25:38 AM org.apache.flink.runtime.state.StateBackendLoader fromApplicationOrConfigOrDefault
INFO: State backend loader loads the state backend as HashMapStateBackend
Apr 29, 2024 9:25:38 AM org.apache.flink.runtime.executiongraph.Execution transitionState
INFO: MaxPriceBid (5/8) (0abe928b213cd307c9f3a2620f75d2f8_97db730e07d35d6850e3d51339e006de_4_0) switched from INITIALIZING to RUNNING.
Apr 29, 2024 9:25:38 AM org.apache.flink.runtime.state.CheckpointStorageLoader createJobManagerCheckpointStorage
INFO: Checkpoint storage is set to 'jobmanager'
Apr 29, 2024 9:25:38 AM org.apache.flink.runtime.taskmanager.Task transitionState
INFO: MaxPriceBid (4/8)#0 (0abe928b213cd307c9f3a2620f75d2f8_97db730e07d35d6850e3d51339e006de_3_0) switched from RUNNING to FINISHED.
Apr 29, 2024 9:25:38 AM org.apache.flink.runtime.taskmanager.Task doRun
INFO: Freeing task resources for MaxPriceBid (4/8)#0 (0abe928b213cd307c9f3a2620f75d2f8_97db730e07d35d6850e3d51339e006de_3_0).
Apr 29, 2024 9:25:38 AM org.apache.flink.runtime.taskmanager.Task transitionState
INFO: MaxPriceBid (8/8)#0 (0abe928b213cd307c9f3a2620f75d2f8_97db730e07d35d6850e3d51339e006de_7_0) switched from DEPLOYING to INITIALIZING.
Apr 29, 2024 9:25:38 AM org.apache.flink.runtime.executiongraph.Execution transitionState
INFO: MaxPriceBid (8/8) (0abe928b213cd307c9f3a2620f75d2f8_97db730e07d35d6850e3d51339e006de_7_0) switched from DEPLOYING to INITIALIZING.
Apr 29, 2024 9:25:38 AM org.apache.flink.runtime.taskmanager.Task transitionState
INFO: MaxPriceBid (7/8)#0 (0abe928b213cd307c9f3a2620f75d2f8_97db730e07d35d6850e3d51339e006de_6_0) switched from INITIALIZING to RUNNING.
Apr 29, 2024 9:25:38 AM org.apache.flink.runtime.taskexecutor.TaskExecutor submitTask
INFO: Received task MaxPriceBid (6/8)#0 (0abe928b213cd307c9f3a2620f75d2f8_97db730e07d35d6850e3d51339e006de_5_0), deploy into slot with allocation id d46aca34674d285dd35e3e5dcfe4c94b.
Apr 29, 2024 9:25:38 AM org.apache.flink.runtime.executiongraph.Execution transitionState
INFO: MaxPriceBid (7/8) (0abe928b213cd307c9f3a2620f75d2f8_97db730e07d35d6850e3d51339e006de_6_0) switched from INITIALIZING to RUNNING.
Apr 29, 2024 9:25:38 AM org.apache.flink.runtime.taskmanager.Task transitionState
INFO: MaxPriceBid (6/8)#0 (0abe928b213cd307c9f3a2620f75d2f8_97db730e07d35d6850e3d51339e006de_5_0) switched from CREATED to DEPLOYING.
Apr 29, 2024 9:25:38 AM org.apache.flink.runtime.taskmanager.Task doRun
INFO: Loading JAR files for task MaxPriceBid (6/8)#0 (0abe928b213cd307c9f3a2620f75d2f8_97db730e07d35d6850e3d51339e006de_5_0) [DEPLOYING].
Apr 29, 2024 9:25:38 AM org.apache.flink.runtime.taskexecutor.slot.TaskSlotTableImpl markExistingSlotActive
INFO: Activate slot de88321de88afdd58e2ad967e9d37f4e.
Apr 29, 2024 9:25:38 AM org.apache.flink.runtime.state.heap.HeapKeyedStateBackendBuilder restoreState
INFO: Finished to build heap keyed state-backend.
Apr 29, 2024 9:25:38 AM org.apache.flink.runtime.state.heap.HeapKeyedStateBackend <init>
INFO: Initializing heap keyed state backend with stream factory.
Apr 29, 2024 9:25:38 AM org.apache.flink.runtime.state.StateBackendLoader loadFromApplicationOrConfigOrDefaultInternal
INFO: No state backend has been configured, using default (HashMap) org.apache.flink.runtime.state.hashmap.HashMapStateBackend@2f8a96bb
Apr 29, 2024 9:25:38 AM org.apache.flink.runtime.state.StateBackendLoader fromApplicationOrConfigOrDefault
INFO: State backend loader loads the state backend as HashMapStateBackend
Apr 29, 2024 9:25:38 AM org.apache.flink.runtime.state.CheckpointStorageLoader createJobManagerCheckpointStorage
INFO: Checkpoint storage is set to 'jobmanager'
Apr 29, 2024 9:25:38 AM org.apache.flink.runtime.taskmanager.Task transitionState
INFO: MaxPriceBid (6/8)#0 (0abe928b213cd307c9f3a2620f75d2f8_97db730e07d35d6850e3d51339e006de_5_0) switched from DEPLOYING to INITIALIZING.
Apr 29, 2024 9:25:38 AM org.apache.flink.runtime.taskexecutor.TaskExecutor submitTask
INFO: Received task TumblingEventTimeWindows -> Sink: Unnamed (1/8)#0 (0abe928b213cd307c9f3a2620f75d2f8_561b99790e87a1e4f6980356c75ba2de_0_0), deploy into slot with allocation id de88321de88afdd58e2ad967e9d37f4e.
Apr 29, 2024 9:25:38 AM org.apache.flink.runtime.executiongraph.Execution transitionState
INFO: MaxPriceBid (6/8) (0abe928b213cd307c9f3a2620f75d2f8_97db730e07d35d6850e3d51339e006de_5_0) switched from DEPLOYING to INITIALIZING.
Apr 29, 2024 9:25:38 AM org.apache.flink.runtime.taskexecutor.slot.TaskSlotTableImpl markExistingSlotActive
INFO: Activate slot 3e559435fa3d57e3d1f5a428020e3a8b.
Apr 29, 2024 9:25:38 AM org.apache.flink.runtime.taskmanager.Task transitionState
INFO: TumblingEventTimeWindows -> Sink: Unnamed (1/8)#0 (0abe928b213cd307c9f3a2620f75d2f8_561b99790e87a1e4f6980356c75ba2de_0_0) switched from CREATED to DEPLOYING.
Apr 29, 2024 9:25:38 AM org.apache.flink.runtime.taskmanager.Task transitionState
INFO: MaxPriceBid (8/8)#0 (0abe928b213cd307c9f3a2620f75d2f8_97db730e07d35d6850e3d51339e006de_7_0) switched from INITIALIZING to RUNNING.
Apr 29, 2024 9:25:38 AM org.apache.flink.runtime.taskmanager.Task doRun
INFO: Loading JAR files for task TumblingEventTimeWindows -> Sink: Unnamed (1/8)#0 (0abe928b213cd307c9f3a2620f75d2f8_561b99790e87a1e4f6980356c75ba2de_0_0) [DEPLOYING].
Apr 29, 2024 9:25:38 AM org.apache.flink.runtime.state.heap.HeapKeyedStateBackendBuilder restoreState
INFO: Finished to build heap keyed state-backend.
Apr 29, 2024 9:25:38 AM org.apache.flink.runtime.state.heap.HeapKeyedStateBackend <init>
INFO: Initializing heap keyed state backend with stream factory.
Apr 29, 2024 9:25:38 AM org.apache.flink.runtime.executiongraph.Execution transitionState
INFO: MaxPriceBid (8/8) (0abe928b213cd307c9f3a2620f75d2f8_97db730e07d35d6850e3d51339e006de_7_0) switched from INITIALIZING to RUNNING.
Apr 29, 2024 9:25:38 AM org.apache.flink.runtime.taskexecutor.TaskExecutor submitTask
INFO: Received task TumblingEventTimeWindows -> Sink: Unnamed (2/8)#0 (0abe928b213cd307c9f3a2620f75d2f8_561b99790e87a1e4f6980356c75ba2de_1_0), deploy into slot with allocation id 3e559435fa3d57e3d1f5a428020e3a8b.
Apr 29, 2024 9:25:38 AM org.apache.flink.runtime.state.StateBackendLoader loadFromApplicationOrConfigOrDefaultInternal
INFO: No state backend has been configured, using default (HashMap) org.apache.flink.runtime.state.hashmap.HashMapStateBackend@54e0fad7
Apr 29, 2024 9:25:38 AM org.apache.flink.runtime.state.StateBackendLoader fromApplicationOrConfigOrDefault
INFO: State backend loader loads the state backend as HashMapStateBackend
Apr 29, 2024 9:25:38 AM org.apache.flink.runtime.state.CheckpointStorageLoader createJobManagerCheckpointStorage
INFO: Checkpoint storage is set to 'jobmanager'
Apr 29, 2024 9:25:38 AM org.apache.flink.runtime.taskmanager.Task transitionState
INFO: MaxPriceBid (7/8)#0 (0abe928b213cd307c9f3a2620f75d2f8_97db730e07d35d6850e3d51339e006de_6_0) switched from RUNNING to FINISHED.
Apr 29, 2024 9:25:38 AM org.apache.flink.runtime.taskmanager.Task transitionState
INFO: TumblingEventTimeWindows -> Sink: Unnamed (1/8)#0 (0abe928b213cd307c9f3a2620f75d2f8_561b99790e87a1e4f6980356c75ba2de_0_0) switched from DEPLOYING to INITIALIZING.
Apr 29, 2024 9:25:38 AM org.apache.flink.runtime.taskmanager.Task doRun
INFO: Freeing task resources for MaxPriceBid (7/8)#0 (0abe928b213cd307c9f3a2620f75d2f8_97db730e07d35d6850e3d51339e006de_6_0).
Apr 29, 2024 9:25:38 AM org.apache.flink.runtime.taskmanager.Task transitionState
INFO: MaxPriceBid (5/8)#0 (0abe928b213cd307c9f3a2620f75d2f8_97db730e07d35d6850e3d51339e006de_4_0) switched from RUNNING to FINISHED.
Apr 29, 2024 9:25:38 AM org.apache.flink.runtime.taskmanager.Task transitionState
INFO: TumblingEventTimeWindows -> Sink: Unnamed (2/8)#0 (0abe928b213cd307c9f3a2620f75d2f8_561b99790e87a1e4f6980356c75ba2de_1_0) switched from CREATED to DEPLOYING.
Apr 29, 2024 9:25:38 AM org.apache.flink.runtime.taskmanager.Task doRun
INFO: Freeing task resources for MaxPriceBid (5/8)#0 (0abe928b213cd307c9f3a2620f75d2f8_97db730e07d35d6850e3d51339e006de_4_0).
Apr 29, 2024 9:25:38 AM org.apache.flink.runtime.taskmanager.Task doRun
INFO: Loading JAR files for task TumblingEventTimeWindows -> Sink: Unnamed (2/8)#0 (0abe928b213cd307c9f3a2620f75d2f8_561b99790e87a1e4f6980356c75ba2de_1_0) [DEPLOYING].
Apr 29, 2024 9:25:38 AM org.apache.flink.runtime.taskexecutor.slot.TaskSlotTableImpl markExistingSlotActive
INFO: Activate slot b861acd2ab70d937480dd76812b743c7.
Apr 29, 2024 9:25:38 AM org.apache.flink.runtime.executiongraph.Execution transitionState
INFO: TumblingEventTimeWindows -> Sink: Unnamed (1/8) (0abe928b213cd307c9f3a2620f75d2f8_561b99790e87a1e4f6980356c75ba2de_0_0) switched from DEPLOYING to INITIALIZING.
Apr 29, 2024 9:25:38 AM org.apache.flink.runtime.state.StateBackendLoader loadFromApplicationOrConfigOrDefaultInternal
INFO: No state backend has been configured, using default (HashMap) org.apache.flink.runtime.state.hashmap.HashMapStateBackend@548b585f
Apr 29, 2024 9:25:38 AM org.apache.flink.runtime.state.StateBackendLoader fromApplicationOrConfigOrDefault
INFO: State backend loader loads the state backend as HashMapStateBackend
Apr 29, 2024 9:25:38 AM org.apache.flink.runtime.state.CheckpointStorageLoader createJobManagerCheckpointStorage
INFO: Checkpoint storage is set to 'jobmanager'
Apr 29, 2024 9:25:38 AM org.apache.flink.runtime.taskmanager.Task transitionState
INFO: MaxPriceBid (6/8)#0 (0abe928b213cd307c9f3a2620f75d2f8_97db730e07d35d6850e3d51339e006de_5_0) switched from INITIALIZING to RUNNING.
Apr 29, 2024 9:25:38 AM org.apache.flink.runtime.taskmanager.Task transitionState
INFO: TumblingEventTimeWindows -> Sink: Unnamed (2/8)#0 (0abe928b213cd307c9f3a2620f75d2f8_561b99790e87a1e4f6980356c75ba2de_1_0) switched from DEPLOYING to INITIALIZING.
Apr 29, 2024 9:25:38 AM org.apache.flink.runtime.state.heap.HeapKeyedStateBackendBuilder restoreState
INFO: Finished to build heap keyed state-backend.
Apr 29, 2024 9:25:38 AM org.apache.flink.runtime.state.heap.HeapKeyedStateBackend <init>
INFO: Initializing heap keyed state backend with stream factory.
Apr 29, 2024 9:25:38 AM org.apache.flink.runtime.executiongraph.Execution transitionState
INFO: MaxPriceBid (6/8) (0abe928b213cd307c9f3a2620f75d2f8_97db730e07d35d6850e3d51339e006de_5_0) switched from INITIALIZING to RUNNING.
Apr 29, 2024 9:25:38 AM org.apache.flink.runtime.executiongraph.Execution transitionState
INFO: TumblingEventTimeWindows -> Sink: Unnamed (2/8) (0abe928b213cd307c9f3a2620f75d2f8_561b99790e87a1e4f6980356c75ba2de_1_0) switched from DEPLOYING to INITIALIZING.
Apr 29, 2024 9:25:38 AM org.apache.flink.runtime.taskexecutor.TaskExecutor submitTask
INFO: Received task TumblingEventTimeWindows -> Sink: Unnamed (3/8)#0 (0abe928b213cd307c9f3a2620f75d2f8_561b99790e87a1e4f6980356c75ba2de_2_0), deploy into slot with allocation id b861acd2ab70d937480dd76812b743c7.
Apr 29, 2024 9:25:38 AM org.apache.flink.runtime.taskmanager.Task transitionState
INFO: TumblingEventTimeWindows -> Sink: Unnamed (3/8)#0 (0abe928b213cd307c9f3a2620f75d2f8_561b99790e87a1e4f6980356c75ba2de_2_0) switched from CREATED to DEPLOYING.
Apr 29, 2024 9:25:38 AM org.apache.flink.runtime.taskmanager.Task doRun
INFO: Loading JAR files for task TumblingEventTimeWindows -> Sink: Unnamed (3/8)#0 (0abe928b213cd307c9f3a2620f75d2f8_561b99790e87a1e4f6980356c75ba2de_2_0) [DEPLOYING].
Apr 29, 2024 9:25:38 AM org.apache.flink.runtime.state.StateBackendLoader loadFromApplicationOrConfigOrDefaultInternal
INFO: No state backend has been configured, using default (HashMap) org.apache.flink.runtime.state.hashmap.HashMapStateBackend@73ed5f9f
Apr 29, 2024 9:25:38 AM org.apache.flink.runtime.state.StateBackendLoader fromApplicationOrConfigOrDefault
INFO: State backend loader loads the state backend as HashMapStateBackend
Apr 29, 2024 9:25:38 AM org.apache.flink.runtime.state.CheckpointStorageLoader createJobManagerCheckpointStorage
INFO: Checkpoint storage is set to 'jobmanager'
Apr 29, 2024 9:25:38 AM org.apache.flink.runtime.taskmanager.Task transitionState
INFO: TumblingEventTimeWindows -> Sink: Unnamed (3/8)#0 (0abe928b213cd307c9f3a2620f75d2f8_561b99790e87a1e4f6980356c75ba2de_2_0) switched from DEPLOYING to INITIALIZING.
Apr 29, 2024 9:25:38 AM org.apache.flink.runtime.taskexecutor.slot.TaskSlotTableImpl markExistingSlotActive
INFO: Activate slot f744c0bab1efabbcc4d6824c1bd74165.
Apr 29, 2024 9:25:38 AM org.apache.flink.runtime.executiongraph.Execution transitionState
INFO: TumblingEventTimeWindows -> Sink: Unnamed (3/8) (0abe928b213cd307c9f3a2620f75d2f8_561b99790e87a1e4f6980356c75ba2de_2_0) switched from DEPLOYING to INITIALIZING.
Apr 29, 2024 9:25:38 AM org.apache.flink.runtime.state.heap.HeapKeyedStateBackendBuilder restoreState
INFO: Finished to build heap keyed state-backend.
Apr 29, 2024 9:25:38 AM org.apache.flink.runtime.state.heap.HeapKeyedStateBackend <init>
INFO: Initializing heap keyed state backend with stream factory.
Apr 29, 2024 9:25:38 AM org.apache.flink.runtime.taskmanager.Task transitionState
INFO: MaxPriceBid (8/8)#0 (0abe928b213cd307c9f3a2620f75d2f8_97db730e07d35d6850e3d51339e006de_7_0) switched from RUNNING to FINISHED.
Apr 29, 2024 9:25:38 AM org.apache.flink.runtime.taskexecutor.TaskExecutor submitTask
INFO: Received task TumblingEventTimeWindows -> Sink: Unnamed (4/8)#0 (0abe928b213cd307c9f3a2620f75d2f8_561b99790e87a1e4f6980356c75ba2de_3_0), deploy into slot with allocation id f744c0bab1efabbcc4d6824c1bd74165.
Apr 29, 2024 9:25:38 AM org.apache.flink.runtime.taskmanager.Task doRun
INFO: Freeing task resources for MaxPriceBid (8/8)#0 (0abe928b213cd307c9f3a2620f75d2f8_97db730e07d35d6850e3d51339e006de_7_0).
Apr 29, 2024 9:25:38 AM org.apache.flink.runtime.taskmanager.Task transitionState
INFO: TumblingEventTimeWindows -> Sink: Unnamed (1/8)#0 (0abe928b213cd307c9f3a2620f75d2f8_561b99790e87a1e4f6980356c75ba2de_0_0) switched from INITIALIZING to RUNNING.
Apr 29, 2024 9:25:38 AM org.apache.flink.runtime.taskmanager.Task transitionState
INFO: TumblingEventTimeWindows -> Sink: Unnamed (4/8)#0 (0abe928b213cd307c9f3a2620f75d2f8_561b99790e87a1e4f6980356c75ba2de_3_0) switched from CREATED to DEPLOYING.
Apr 29, 2024 9:25:38 AM org.apache.flink.runtime.executiongraph.Execution transitionState
INFO: TumblingEventTimeWindows -> Sink: Unnamed (1/8) (0abe928b213cd307c9f3a2620f75d2f8_561b99790e87a1e4f6980356c75ba2de_0_0) switched from INITIALIZING to RUNNING.
Apr 29, 2024 9:25:38 AM org.apache.flink.runtime.taskmanager.Task doRun
INFO: Loading JAR files for task TumblingEventTimeWindows -> Sink: Unnamed (4/8)#0 (0abe928b213cd307c9f3a2620f75d2f8_561b99790e87a1e4f6980356c75ba2de_3_0) [DEPLOYING].
Apr 29, 2024 9:25:38 AM org.apache.flink.runtime.taskexecutor.slot.TaskSlotTableImpl markExistingSlotActive
INFO: Activate slot 69f92df98e78269b3035a7e2693c67e4.
Apr 29, 2024 9:25:38 AM org.apache.flink.runtime.taskmanager.Task transitionState
INFO: TumblingEventTimeWindows -> Sink: Unnamed (2/8)#0 (0abe928b213cd307c9f3a2620f75d2f8_561b99790e87a1e4f6980356c75ba2de_1_0) switched from INITIALIZING to RUNNING.
Apr 29, 2024 9:25:38 AM org.apache.flink.runtime.state.StateBackendLoader loadFromApplicationOrConfigOrDefaultInternal
INFO: No state backend has been configured, using default (HashMap) org.apache.flink.runtime.state.hashmap.HashMapStateBackend@a7efa01
Apr 29, 2024 9:25:38 AM org.apache.flink.runtime.state.StateBackendLoader fromApplicationOrConfigOrDefault
INFO: State backend loader loads the state backend as HashMapStateBackend
Apr 29, 2024 9:25:38 AM org.apache.flink.runtime.state.CheckpointStorageLoader createJobManagerCheckpointStorage
INFO: Checkpoint storage is set to 'jobmanager'
Apr 29, 2024 9:25:38 AM org.apache.flink.runtime.taskmanager.Task transitionState
INFO: TumblingEventTimeWindows -> Sink: Unnamed (4/8)#0 (0abe928b213cd307c9f3a2620f75d2f8_561b99790e87a1e4f6980356c75ba2de_3_0) switched from DEPLOYING to INITIALIZING.
Apr 29, 2024 9:25:38 AM org.apache.flink.runtime.executiongraph.Execution transitionState
INFO: TumblingEventTimeWindows -> Sink: Unnamed (2/8) (0abe928b213cd307c9f3a2620f75d2f8_561b99790e87a1e4f6980356c75ba2de_1_0) switched from INITIALIZING to RUNNING.
Apr 29, 2024 9:25:38 AM org.apache.flink.runtime.taskmanager.Task transitionState
INFO: MaxPriceBid (6/8)#0 (0abe928b213cd307c9f3a2620f75d2f8_97db730e07d35d6850e3d51339e006de_5_0) switched from RUNNING to FINISHED.
Apr 29, 2024 9:25:38 AM org.apache.flink.runtime.taskmanager.Task doRun
INFO: Freeing task resources for MaxPriceBid (6/8)#0 (0abe928b213cd307c9f3a2620f75d2f8_97db730e07d35d6850e3d51339e006de_5_0).
Apr 29, 2024 9:25:38 AM org.apache.flink.runtime.executiongraph.Execution transitionState
INFO: TumblingEventTimeWindows -> Sink: Unnamed (4/8) (0abe928b213cd307c9f3a2620f75d2f8_561b99790e87a1e4f6980356c75ba2de_3_0) switched from DEPLOYING to INITIALIZING.
Apr 29, 2024 9:25:38 AM org.apache.flink.runtime.state.heap.HeapKeyedStateBackendBuilder restoreState
INFO: Finished to build heap keyed state-backend.
Apr 29, 2024 9:25:38 AM org.apache.flink.runtime.state.heap.HeapKeyedStateBackend <init>
INFO: Initializing heap keyed state backend with stream factory.
Apr 29, 2024 9:25:38 AM org.apache.flink.runtime.state.heap.HeapKeyedStateBackendBuilder restoreState
INFO: Finished to build heap keyed state-backend.
Apr 29, 2024 9:25:38 AM org.apache.flink.runtime.state.heap.HeapKeyedStateBackend <init>
INFO: Initializing heap keyed state backend with stream factory.
Apr 29, 2024 9:25:38 AM org.apache.flink.runtime.taskexecutor.TaskExecutor submitTask
INFO: Received task TumblingEventTimeWindows -> Sink: Unnamed (5/8)#0 (0abe928b213cd307c9f3a2620f75d2f8_561b99790e87a1e4f6980356c75ba2de_4_0), deploy into slot with allocation id 69f92df98e78269b3035a7e2693c67e4.
Apr 29, 2024 9:25:38 AM org.apache.flink.runtime.taskmanager.Task transitionState
INFO: TumblingEventTimeWindows -> Sink: Unnamed (3/8)#0 (0abe928b213cd307c9f3a2620f75d2f8_561b99790e87a1e4f6980356c75ba2de_2_0) switched from INITIALIZING to RUNNING.
Apr 29, 2024 9:25:38 AM org.apache.flink.runtime.executiongraph.Execution transitionState
INFO: TumblingEventTimeWindows -> Sink: Unnamed (3/8) (0abe928b213cd307c9f3a2620f75d2f8_561b99790e87a1e4f6980356c75ba2de_2_0) switched from INITIALIZING to RUNNING.
Apr 29, 2024 9:25:38 AM org.apache.flink.runtime.taskexecutor.slot.TaskSlotTableImpl markExistingSlotActive
INFO: Activate slot ee9b8d92749e66e778ebc9072196411c.
Apr 29, 2024 9:25:38 AM org.apache.flink.runtime.taskmanager.Task transitionState
INFO: TumblingEventTimeWindows -> Sink: Unnamed (5/8)#0 (0abe928b213cd307c9f3a2620f75d2f8_561b99790e87a1e4f6980356c75ba2de_4_0) switched from CREATED to DEPLOYING.
Apr 29, 2024 9:25:38 AM org.apache.flink.runtime.taskmanager.Task doRun
INFO: Loading JAR files for task TumblingEventTimeWindows -> Sink: Unnamed (5/8)#0 (0abe928b213cd307c9f3a2620f75d2f8_561b99790e87a1e4f6980356c75ba2de_4_0) [DEPLOYING].
Apr 29, 2024 9:25:38 AM org.apache.flink.runtime.taskmanager.Task transitionState
INFO: TumblingEventTimeWindows -> Sink: Unnamed (2/8)#0 (0abe928b213cd307c9f3a2620f75d2f8_561b99790e87a1e4f6980356c75ba2de_1_0) switched from RUNNING to FINISHED.
Apr 29, 2024 9:25:38 AM org.apache.flink.runtime.taskmanager.Task doRun
INFO: Freeing task resources for TumblingEventTimeWindows -> Sink: Unnamed (2/8)#0 (0abe928b213cd307c9f3a2620f75d2f8_561b99790e87a1e4f6980356c75ba2de_1_0).
Apr 29, 2024 9:25:38 AM org.apache.flink.runtime.state.StateBackendLoader loadFromApplicationOrConfigOrDefaultInternal
INFO: No state backend has been configured, using default (HashMap) org.apache.flink.runtime.state.hashmap.HashMapStateBackend@4b9af80a
Apr 29, 2024 9:25:38 AM org.apache.flink.runtime.state.StateBackendLoader fromApplicationOrConfigOrDefault
INFO: State backend loader loads the state backend as HashMapStateBackend
Apr 29, 2024 9:25:38 AM org.apache.flink.runtime.state.CheckpointStorageLoader createJobManagerCheckpointStorage
INFO: Checkpoint storage is set to 'jobmanager'
Apr 29, 2024 9:25:38 AM org.apache.flink.runtime.taskmanager.Task transitionState
INFO: TumblingEventTimeWindows -> Sink: Unnamed (5/8)#0 (0abe928b213cd307c9f3a2620f75d2f8_561b99790e87a1e4f6980356c75ba2de_4_0) switched from DEPLOYING to INITIALIZING.
Apr 29, 2024 9:25:38 AM org.apache.flink.runtime.executiongraph.Execution transitionState
INFO: TumblingEventTimeWindows -> Sink: Unnamed (5/8) (0abe928b213cd307c9f3a2620f75d2f8_561b99790e87a1e4f6980356c75ba2de_4_0) switched from DEPLOYING to INITIALIZING.
Apr 29, 2024 9:25:38 AM org.apache.flink.runtime.taskmanager.Task transitionState
INFO: TumblingEventTimeWindows -> Sink: Unnamed (1/8)#0 (0abe928b213cd307c9f3a2620f75d2f8_561b99790e87a1e4f6980356c75ba2de_0_0) switched from RUNNING to FINISHED.
Apr 29, 2024 9:25:38 AM org.apache.flink.runtime.taskmanager.Task doRun
INFO: Freeing task resources for TumblingEventTimeWindows -> Sink: Unnamed (1/8)#0 (0abe928b213cd307c9f3a2620f75d2f8_561b99790e87a1e4f6980356c75ba2de_0_0).
Apr 29, 2024 9:25:38 AM org.apache.flink.runtime.taskexecutor.TaskExecutor submitTask
INFO: Received task TumblingEventTimeWindows -> Sink: Unnamed (7/8)#0 (0abe928b213cd307c9f3a2620f75d2f8_561b99790e87a1e4f6980356c75ba2de_6_0), deploy into slot with allocation id ee9b8d92749e66e778ebc9072196411c.
Apr 29, 2024 9:25:38 AM org.apache.flink.runtime.taskmanager.Task transitionState
INFO: TumblingEventTimeWindows -> Sink: Unnamed (7/8)#0 (0abe928b213cd307c9f3a2620f75d2f8_561b99790e87a1e4f6980356c75ba2de_6_0) switched from CREATED to DEPLOYING.
Apr 29, 2024 9:25:38 AM org.apache.flink.runtime.taskmanager.Task doRun
INFO: Loading JAR files for task TumblingEventTimeWindows -> Sink: Unnamed (7/8)#0 (0abe928b213cd307c9f3a2620f75d2f8_561b99790e87a1e4f6980356c75ba2de_6_0) [DEPLOYING].
Apr 29, 2024 9:25:38 AM org.apache.flink.runtime.taskexecutor.slot.TaskSlotTableImpl markExistingSlotActive
INFO: Activate slot d46aca34674d285dd35e3e5dcfe4c94b.
Apr 29, 2024 9:25:38 AM org.apache.flink.runtime.taskmanager.Task transitionState
INFO: TumblingEventTimeWindows -> Sink: Unnamed (4/8)#0 (0abe928b213cd307c9f3a2620f75d2f8_561b99790e87a1e4f6980356c75ba2de_3_0) switched from INITIALIZING to RUNNING.
Apr 29, 2024 9:25:38 AM org.apache.flink.runtime.state.StateBackendLoader loadFromApplicationOrConfigOrDefaultInternal
INFO: No state backend has been configured, using default (HashMap) org.apache.flink.runtime.state.hashmap.HashMapStateBackend@2b5bfb06
Apr 29, 2024 9:25:38 AM org.apache.flink.runtime.state.StateBackendLoader fromApplicationOrConfigOrDefault
INFO: State backend loader loads the state backend as HashMapStateBackend
Apr 29, 2024 9:25:38 AM org.apache.flink.runtime.state.CheckpointStorageLoader createJobManagerCheckpointStorage
INFO: Checkpoint storage is set to 'jobmanager'
Apr 29, 2024 9:25:38 AM org.apache.flink.runtime.taskmanager.Task transitionState
INFO: TumblingEventTimeWindows -> Sink: Unnamed (7/8)#0 (0abe928b213cd307c9f3a2620f75d2f8_561b99790e87a1e4f6980356c75ba2de_6_0) switched from DEPLOYING to INITIALIZING.
Apr 29, 2024 9:25:38 AM org.apache.flink.runtime.executiongraph.Execution transitionState
INFO: TumblingEventTimeWindows -> Sink: Unnamed (4/8) (0abe928b213cd307c9f3a2620f75d2f8_561b99790e87a1e4f6980356c75ba2de_3_0) switched from INITIALIZING to RUNNING.
Apr 29, 2024 9:25:38 AM org.apache.flink.runtime.executiongraph.Execution transitionState
INFO: TumblingEventTimeWindows -> Sink: Unnamed (7/8) (0abe928b213cd307c9f3a2620f75d2f8_561b99790e87a1e4f6980356c75ba2de_6_0) switched from DEPLOYING to INITIALIZING.
Apr 29, 2024 9:25:38 AM org.apache.flink.runtime.taskmanager.Task transitionState
INFO: TumblingEventTimeWindows -> Sink: Unnamed (3/8)#0 (0abe928b213cd307c9f3a2620f75d2f8_561b99790e87a1e4f6980356c75ba2de_2_0) switched from RUNNING to FINISHED.
Apr 29, 2024 9:25:38 AM org.apache.flink.runtime.taskmanager.Task doRun
INFO: Freeing task resources for TumblingEventTimeWindows -> Sink: Unnamed (3/8)#0 (0abe928b213cd307c9f3a2620f75d2f8_561b99790e87a1e4f6980356c75ba2de_2_0).
Apr 29, 2024 9:25:38 AM org.apache.flink.runtime.taskexecutor.TaskExecutor submitTask
INFO: Received task TumblingEventTimeWindows -> Sink: Unnamed (6/8)#0 (0abe928b213cd307c9f3a2620f75d2f8_561b99790e87a1e4f6980356c75ba2de_5_0), deploy into slot with allocation id d46aca34674d285dd35e3e5dcfe4c94b.
Apr 29, 2024 9:25:38 AM org.apache.flink.runtime.state.heap.HeapKeyedStateBackendBuilder restoreState
INFO: Finished to build heap keyed state-backend.
Apr 29, 2024 9:25:38 AM org.apache.flink.runtime.taskmanager.Task transitionState
INFO: TumblingEventTimeWindows -> Sink: Unnamed (6/8)#0 (0abe928b213cd307c9f3a2620f75d2f8_561b99790e87a1e4f6980356c75ba2de_5_0) switched from CREATED to DEPLOYING.
Apr 29, 2024 9:25:38 AM org.apache.flink.runtime.taskexecutor.slot.TaskSlotTableImpl markExistingSlotActive
INFO: Activate slot fa6433324e89f4eeab722a9bf89b1e8a.
Apr 29, 2024 9:25:38 AM org.apache.flink.runtime.taskmanager.Task doRun
INFO: Loading JAR files for task TumblingEventTimeWindows -> Sink: Unnamed (6/8)#0 (0abe928b213cd307c9f3a2620f75d2f8_561b99790e87a1e4f6980356c75ba2de_5_0) [DEPLOYING].
Apr 29, 2024 9:25:38 AM org.apache.flink.runtime.state.StateBackendLoader loadFromApplicationOrConfigOrDefaultInternal
INFO: No state backend has been configured, using default (HashMap) org.apache.flink.runtime.state.hashmap.HashMapStateBackend@161688c9
Apr 29, 2024 9:25:38 AM org.apache.flink.runtime.state.StateBackendLoader fromApplicationOrConfigOrDefault
INFO: State backend loader loads the state backend as HashMapStateBackend
Apr 29, 2024 9:25:38 AM org.apache.flink.runtime.state.CheckpointStorageLoader createJobManagerCheckpointStorage
INFO: Checkpoint storage is set to 'jobmanager'
Apr 29, 2024 9:25:38 AM org.apache.flink.runtime.state.heap.HeapKeyedStateBackend <init>
INFO: Initializing heap keyed state backend with stream factory.
Apr 29, 2024 9:25:38 AM org.apache.flink.runtime.taskmanager.Task transitionState
INFO: TumblingEventTimeWindows -> Sink: Unnamed (6/8)#0 (0abe928b213cd307c9f3a2620f75d2f8_561b99790e87a1e4f6980356c75ba2de_5_0) switched from DEPLOYING to INITIALIZING.
Apr 29, 2024 9:25:38 AM org.apache.flink.runtime.executiongraph.Execution transitionState
INFO: TumblingEventTimeWindows -> Sink: Unnamed (6/8) (0abe928b213cd307c9f3a2620f75d2f8_561b99790e87a1e4f6980356c75ba2de_5_0) switched from DEPLOYING to INITIALIZING.
Apr 29, 2024 9:25:38 AM org.apache.flink.runtime.taskexecutor.TaskExecutor submitTask
INFO: Received task TumblingEventTimeWindows -> Sink: Unnamed (8/8)#0 (0abe928b213cd307c9f3a2620f75d2f8_561b99790e87a1e4f6980356c75ba2de_7_0), deploy into slot with allocation id fa6433324e89f4eeab722a9bf89b1e8a.
Apr 29, 2024 9:25:38 AM org.apache.flink.runtime.state.heap.HeapKeyedStateBackendBuilder restoreState
INFO: Finished to build heap keyed state-backend.
Apr 29, 2024 9:25:38 AM org.apache.flink.runtime.state.heap.HeapKeyedStateBackend <init>
INFO: Initializing heap keyed state backend with stream factory.
Apr 29, 2024 9:25:38 AM org.apache.flink.runtime.taskmanager.Task transitionState
INFO: TumblingEventTimeWindows -> Sink: Unnamed (4/8)#0 (0abe928b213cd307c9f3a2620f75d2f8_561b99790e87a1e4f6980356c75ba2de_3_0) switched from RUNNING to FINISHED.
Apr 29, 2024 9:25:38 AM org.apache.flink.runtime.taskmanager.Task doRun
INFO: Freeing task resources for TumblingEventTimeWindows -> Sink: Unnamed (4/8)#0 (0abe928b213cd307c9f3a2620f75d2f8_561b99790e87a1e4f6980356c75ba2de_3_0).
Apr 29, 2024 9:25:38 AM org.apache.flink.runtime.taskmanager.Task transitionState
INFO: TumblingEventTimeWindows -> Sink: Unnamed (8/8)#0 (0abe928b213cd307c9f3a2620f75d2f8_561b99790e87a1e4f6980356c75ba2de_7_0) switched from CREATED to DEPLOYING.
Apr 29, 2024 9:25:38 AM org.apache.flink.runtime.taskmanager.Task doRun
INFO: Loading JAR files for task TumblingEventTimeWindows -> Sink: Unnamed (8/8)#0 (0abe928b213cd307c9f3a2620f75d2f8_561b99790e87a1e4f6980356c75ba2de_7_0) [DEPLOYING].
Apr 29, 2024 9:25:38 AM org.apache.flink.runtime.taskexecutor.slot.TaskSlotTableImpl markExistingSlotActive
INFO: Activate slot b861acd2ab70d937480dd76812b743c7.
Apr 29, 2024 9:25:38 AM org.apache.flink.runtime.taskexecutor.slot.TaskSlotTableImpl markExistingSlotActive
INFO: Activate slot d46aca34674d285dd35e3e5dcfe4c94b.
Apr 29, 2024 9:25:38 AM org.apache.flink.runtime.taskexecutor.slot.TaskSlotTableImpl markExistingSlotActive
INFO: Activate slot f744c0bab1efabbcc4d6824c1bd74165.
Apr 29, 2024 9:25:38 AM org.apache.flink.runtime.taskexecutor.slot.TaskSlotTableImpl markExistingSlotActive
INFO: Activate slot ee9b8d92749e66e778ebc9072196411c.
Apr 29, 2024 9:25:38 AM org.apache.flink.runtime.taskexecutor.slot.TaskSlotTableImpl markExistingSlotActive
INFO: Activate slot 3e559435fa3d57e3d1f5a428020e3a8b.
Apr 29, 2024 9:25:38 AM org.apache.flink.runtime.state.StateBackendLoader loadFromApplicationOrConfigOrDefaultInternal
INFO: No state backend has been configured, using default (HashMap) org.apache.flink.runtime.state.hashmap.HashMapStateBackend@263a0426
Apr 29, 2024 9:25:38 AM org.apache.flink.runtime.taskexecutor.slot.TaskSlotTableImpl markExistingSlotActive
INFO: Activate slot fa6433324e89f4eeab722a9bf89b1e8a.
Apr 29, 2024 9:25:38 AM org.apache.flink.runtime.state.StateBackendLoader fromApplicationOrConfigOrDefault
INFO: State backend loader loads the state backend as HashMapStateBackend
Apr 29, 2024 9:25:38 AM org.apache.flink.runtime.state.CheckpointStorageLoader createJobManagerCheckpointStorage
INFO: Checkpoint storage is set to 'jobmanager'
Apr 29, 2024 9:25:38 AM org.apache.flink.runtime.taskexecutor.slot.TaskSlotTableImpl markExistingSlotActive
INFO: Activate slot de88321de88afdd58e2ad967e9d37f4e.
Apr 29, 2024 9:25:38 AM org.apache.flink.runtime.taskexecutor.slot.TaskSlotTableImpl markExistingSlotActive
INFO: Activate slot 69f92df98e78269b3035a7e2693c67e4.
Apr 29, 2024 9:25:38 AM org.apache.flink.runtime.taskmanager.Task transitionState
INFO: TumblingEventTimeWindows -> Sink: Unnamed (5/8)#0 (0abe928b213cd307c9f3a2620f75d2f8_561b99790e87a1e4f6980356c75ba2de_4_0) switched from INITIALIZING to RUNNING.
Apr 29, 2024 9:25:38 AM org.apache.flink.runtime.taskmanager.Task transitionState
INFO: TumblingEventTimeWindows -> Sink: Unnamed (8/8)#0 (0abe928b213cd307c9f3a2620f75d2f8_561b99790e87a1e4f6980356c75ba2de_7_0) switched from DEPLOYING to INITIALIZING.
Apr 29, 2024 9:25:38 AM org.apache.flink.runtime.taskmanager.Task transitionState
INFO: TumblingEventTimeWindows -> Sink: Unnamed (7/8)#0 (0abe928b213cd307c9f3a2620f75d2f8_561b99790e87a1e4f6980356c75ba2de_6_0) switched from INITIALIZING to RUNNING.
Apr 29, 2024 9:25:38 AM org.apache.flink.runtime.taskexecutor.TaskExecutor unregisterTaskAndNotifyFinalState
INFO: Un-registering task and sending final execution state FINISHED to JobManager for task Source: Collection Source -> Timestamps/Watermarks (1/1)#0 0abe928b213cd307c9f3a2620f75d2f8_6cdc5bb954874d922eaee11a8e7b5dd5_0_0.
Apr 29, 2024 9:25:38 AM org.apache.flink.runtime.taskexecutor.TaskExecutor unregisterTaskAndNotifyFinalState
INFO: Un-registering task and sending final execution state FINISHED to JobManager for task Source: Collection Source -> Timestamps/Watermarks (1/1)#0 0abe928b213cd307c9f3a2620f75d2f8_cbc357ccb763df2852fee8c4fc7d55f2_0_0.
Apr 29, 2024 9:25:38 AM org.apache.flink.runtime.executiongraph.Execution transitionState
INFO: TumblingEventTimeWindows -> Sink: Unnamed (5/8) (0abe928b213cd307c9f3a2620f75d2f8_561b99790e87a1e4f6980356c75ba2de_4_0) switched from INITIALIZING to RUNNING.
Apr 29, 2024 9:25:38 AM org.apache.flink.runtime.taskexecutor.TaskExecutor unregisterTaskAndNotifyFinalState
INFO: Un-registering task and sending final execution state FINISHED to JobManager for task Co-Process (2/8)#0 0abe928b213cd307c9f3a2620f75d2f8_0c9698a73a6211243fab695da9d8c163_1_0.
Apr 29, 2024 9:25:38 AM org.apache.flink.runtime.taskexecutor.TaskExecutor unregisterTaskAndNotifyFinalState
INFO: Un-registering task and sending final execution state FINISHED to JobManager for task Co-Process (3/8)#0 0abe928b213cd307c9f3a2620f75d2f8_0c9698a73a6211243fab695da9d8c163_2_0.
Apr 29, 2024 9:25:38 AM org.apache.flink.runtime.state.heap.HeapKeyedStateBackendBuilder restoreState
INFO: Finished to build heap keyed state-backend.
Apr 29, 2024 9:25:38 AM org.apache.flink.runtime.state.heap.HeapKeyedStateBackend <init>
INFO: Initializing heap keyed state backend with stream factory.
Apr 29, 2024 9:25:38 AM org.apache.flink.runtime.taskexecutor.TaskExecutor unregisterTaskAndNotifyFinalState
INFO: Un-registering task and sending final execution state FINISHED to JobManager for task Co-Process (1/8)#0 0abe928b213cd307c9f3a2620f75d2f8_0c9698a73a6211243fab695da9d8c163_0_0.
Apr 29, 2024 9:25:38 AM org.apache.flink.runtime.state.heap.HeapKeyedStateBackendBuilder restoreState
INFO: Finished to build heap keyed state-backend.
Apr 29, 2024 9:25:38 AM org.apache.flink.runtime.state.heap.HeapKeyedStateBackend <init>
INFO: Initializing heap keyed state backend with stream factory.
Apr 29, 2024 9:25:38 AM org.apache.flink.runtime.executiongraph.Execution transitionState
INFO: TumblingEventTimeWindows -> Sink: Unnamed (8/8) (0abe928b213cd307c9f3a2620f75d2f8_561b99790e87a1e4f6980356c75ba2de_7_0) switched from DEPLOYING to INITIALIZING.
Apr 29, 2024 9:25:38 AM org.apache.flink.runtime.executiongraph.Execution transitionState
INFO: TumblingEventTimeWindows -> Sink: Unnamed (7/8) (0abe928b213cd307c9f3a2620f75d2f8_561b99790e87a1e4f6980356c75ba2de_6_0) switched from INITIALIZING to RUNNING.
Apr 29, 2024 9:25:38 AM org.apache.flink.runtime.taskmanager.Task transitionState
INFO: TumblingEventTimeWindows -> Sink: Unnamed (5/8)#0 (0abe928b213cd307c9f3a2620f75d2f8_561b99790e87a1e4f6980356c75ba2de_4_0) switched from RUNNING to FINISHED.
Apr 29, 2024 9:25:38 AM org.apache.flink.runtime.taskmanager.Task transitionState
INFO: TumblingEventTimeWindows -> Sink: Unnamed (7/8)#0 (0abe928b213cd307c9f3a2620f75d2f8_561b99790e87a1e4f6980356c75ba2de_6_0) switched from RUNNING to FINISHED.
Apr 29, 2024 9:25:38 AM org.apache.flink.runtime.taskmanager.Task transitionState
INFO: TumblingEventTimeWindows -> Sink: Unnamed (6/8)#0 (0abe928b213cd307c9f3a2620f75d2f8_561b99790e87a1e4f6980356c75ba2de_5_0) switched from INITIALIZING to RUNNING.
Apr 29, 2024 9:25:38 AM org.apache.flink.runtime.taskmanager.Task doRun
INFO: Freeing task resources for TumblingEventTimeWindows -> Sink: Unnamed (7/8)#0 (0abe928b213cd307c9f3a2620f75d2f8_561b99790e87a1e4f6980356c75ba2de_6_0).
Apr 29, 2024 9:25:38 AM org.apache.flink.runtime.taskmanager.Task doRun
INFO: Freeing task resources for TumblingEventTimeWindows -> Sink: Unnamed (5/8)#0 (0abe928b213cd307c9f3a2620f75d2f8_561b99790e87a1e4f6980356c75ba2de_4_0).
Apr 29, 2024 9:25:38 AM org.apache.flink.runtime.taskexecutor.TaskExecutor unregisterTaskAndNotifyFinalState
INFO: Un-registering task and sending final execution state FINISHED to JobManager for task Co-Process (4/8)#0 0abe928b213cd307c9f3a2620f75d2f8_0c9698a73a6211243fab695da9d8c163_3_0.
Apr 29, 2024 9:25:38 AM org.apache.flink.runtime.executiongraph.Execution transitionState
INFO: Source: Collection Source -> Timestamps/Watermarks (1/1) (0abe928b213cd307c9f3a2620f75d2f8_6cdc5bb954874d922eaee11a8e7b5dd5_0_0) switched from RUNNING to FINISHED.
Apr 29, 2024 9:25:38 AM org.apache.flink.runtime.taskmanager.Task transitionState
INFO: TumblingEventTimeWindows -> Sink: Unnamed (8/8)#0 (0abe928b213cd307c9f3a2620f75d2f8_561b99790e87a1e4f6980356c75ba2de_7_0) switched from INITIALIZING to RUNNING.
Apr 29, 2024 9:25:38 AM org.apache.flink.runtime.taskexecutor.TaskExecutor unregisterTaskAndNotifyFinalState
INFO: Un-registering task and sending final execution state FINISHED to JobManager for task Co-Process (7/8)#0 0abe928b213cd307c9f3a2620f75d2f8_0c9698a73a6211243fab695da9d8c163_6_0.
Apr 29, 2024 9:25:38 AM org.apache.flink.runtime.taskexecutor.TaskExecutor unregisterTaskAndNotifyFinalState
INFO: Un-registering task and sending final execution state FINISHED to JobManager for task Co-Process (5/8)#0 0abe928b213cd307c9f3a2620f75d2f8_0c9698a73a6211243fab695da9d8c163_4_0.
Apr 29, 2024 9:25:38 AM org.apache.flink.runtime.executiongraph.Execution transitionState
INFO: Source: Collection Source -> Timestamps/Watermarks (1/1) (0abe928b213cd307c9f3a2620f75d2f8_cbc357ccb763df2852fee8c4fc7d55f2_0_0) switched from RUNNING to FINISHED.
Apr 29, 2024 9:25:38 AM org.apache.flink.runtime.taskexecutor.TaskExecutor unregisterTaskAndNotifyFinalState
INFO: Un-registering task and sending final execution state FINISHED to JobManager for task Co-Process (6/8)#0 0abe928b213cd307c9f3a2620f75d2f8_0c9698a73a6211243fab695da9d8c163_5_0.
Apr 29, 2024 9:25:38 AM org.apache.flink.runtime.taskexecutor.TaskExecutor unregisterTaskAndNotifyFinalState
INFO: Un-registering task and sending final execution state FINISHED to JobManager for task Co-Process (8/8)#0 0abe928b213cd307c9f3a2620f75d2f8_0c9698a73a6211243fab695da9d8c163_7_0.
Apr 29, 2024 9:25:38 AM org.apache.flink.runtime.taskexecutor.TaskExecutor unregisterTaskAndNotifyFinalState
INFO: Un-registering task and sending final execution state FINISHED to JobManager for task MaxPriceBid (1/8)#0 0abe928b213cd307c9f3a2620f75d2f8_97db730e07d35d6850e3d51339e006de_0_0.
Apr 29, 2024 9:25:38 AM org.apache.flink.runtime.executiongraph.Execution transitionState
INFO: Co-Process (2/8) (0abe928b213cd307c9f3a2620f75d2f8_0c9698a73a6211243fab695da9d8c163_1_0) switched from RUNNING to FINISHED.
Apr 29, 2024 9:25:38 AM org.apache.flink.runtime.taskexecutor.TaskExecutor unregisterTaskAndNotifyFinalState
INFO: Un-registering task and sending final execution state FINISHED to JobManager for task MaxPriceBid (3/8)#0 0abe928b213cd307c9f3a2620f75d2f8_97db730e07d35d6850e3d51339e006de_2_0.
Apr 29, 2024 9:25:38 AM org.apache.flink.runtime.taskmanager.Task transitionState
INFO: TumblingEventTimeWindows -> Sink: Unnamed (6/8)#0 (0abe928b213cd307c9f3a2620f75d2f8_561b99790e87a1e4f6980356c75ba2de_5_0) switched from RUNNING to FINISHED.
Apr 29, 2024 9:25:38 AM org.apache.flink.runtime.taskexecutor.TaskExecutor unregisterTaskAndNotifyFinalState
INFO: Un-registering task and sending final execution state FINISHED to JobManager for task MaxPriceBid (2/8)#0 0abe928b213cd307c9f3a2620f75d2f8_97db730e07d35d6850e3d51339e006de_1_0.
Apr 29, 2024 9:25:38 AM org.apache.flink.runtime.taskmanager.Task doRun
INFO: Freeing task resources for TumblingEventTimeWindows -> Sink: Unnamed (6/8)#0 (0abe928b213cd307c9f3a2620f75d2f8_561b99790e87a1e4f6980356c75ba2de_5_0).
Apr 29, 2024 9:25:38 AM org.apache.flink.runtime.taskexecutor.TaskExecutor unregisterTaskAndNotifyFinalState
INFO: Un-registering task and sending final execution state FINISHED to JobManager for task MaxPriceBid (4/8)#0 0abe928b213cd307c9f3a2620f75d2f8_97db730e07d35d6850e3d51339e006de_3_0.
Apr 29, 2024 9:25:38 AM org.apache.flink.runtime.executiongraph.Execution transitionState
INFO: Co-Process (3/8) (0abe928b213cd307c9f3a2620f75d2f8_0c9698a73a6211243fab695da9d8c163_2_0) switched from RUNNING to FINISHED.
Apr 29, 2024 9:25:38 AM org.apache.flink.runtime.taskexecutor.TaskExecutor unregisterTaskAndNotifyFinalState
INFO: Un-registering task and sending final execution state FINISHED to JobManager for task MaxPriceBid (7/8)#0 0abe928b213cd307c9f3a2620f75d2f8_97db730e07d35d6850e3d51339e006de_6_0.
Apr 29, 2024 9:25:38 AM org.apache.flink.runtime.taskexecutor.TaskExecutor unregisterTaskAndNotifyFinalState
INFO: Un-registering task and sending final execution state FINISHED to JobManager for task MaxPriceBid (5/8)#0 0abe928b213cd307c9f3a2620f75d2f8_97db730e07d35d6850e3d51339e006de_4_0.
Apr 29, 2024 9:25:38 AM org.apache.flink.runtime.executiongraph.Execution transitionState
INFO: Co-Process (1/8) (0abe928b213cd307c9f3a2620f75d2f8_0c9698a73a6211243fab695da9d8c163_0_0) switched from RUNNING to FINISHED.
Apr 29, 2024 9:25:38 AM org.apache.flink.runtime.taskexecutor.TaskExecutor unregisterTaskAndNotifyFinalState
INFO: Un-registering task and sending final execution state FINISHED to JobManager for task MaxPriceBid (8/8)#0 0abe928b213cd307c9f3a2620f75d2f8_97db730e07d35d6850e3d51339e006de_7_0.
Apr 29, 2024 9:25:38 AM org.apache.flink.runtime.taskexecutor.TaskExecutor unregisterTaskAndNotifyFinalState
INFO: Un-registering task and sending final execution state FINISHED to JobManager for task MaxPriceBid (6/8)#0 0abe928b213cd307c9f3a2620f75d2f8_97db730e07d35d6850e3d51339e006de_5_0.
Apr 29, 2024 9:25:38 AM org.apache.flink.runtime.taskexecutor.TaskExecutor unregisterTaskAndNotifyFinalState
INFO: Un-registering task and sending final execution state FINISHED to JobManager for task TumblingEventTimeWindows -> Sink: Unnamed (2/8)#0 0abe928b213cd307c9f3a2620f75d2f8_561b99790e87a1e4f6980356c75ba2de_1_0.
Apr 29, 2024 9:25:38 AM org.apache.flink.runtime.taskexecutor.TaskExecutor unregisterTaskAndNotifyFinalState
INFO: Un-registering task and sending final execution state FINISHED to JobManager for task TumblingEventTimeWindows -> Sink: Unnamed (1/8)#0 0abe928b213cd307c9f3a2620f75d2f8_561b99790e87a1e4f6980356c75ba2de_0_0.
Apr 29, 2024 9:25:38 AM org.apache.flink.runtime.taskexecutor.TaskExecutor unregisterTaskAndNotifyFinalState
INFO: Un-registering task and sending final execution state FINISHED to JobManager for task TumblingEventTimeWindows -> Sink: Unnamed (3/8)#0 0abe928b213cd307c9f3a2620f75d2f8_561b99790e87a1e4f6980356c75ba2de_2_0.
Apr 29, 2024 9:25:38 AM org.apache.flink.runtime.taskexecutor.TaskExecutor unregisterTaskAndNotifyFinalState
INFO: Un-registering task and sending final execution state FINISHED to JobManager for task TumblingEventTimeWindows -> Sink: Unnamed (4/8)#0 0abe928b213cd307c9f3a2620f75d2f8_561b99790e87a1e4f6980356c75ba2de_3_0.
Apr 29, 2024 9:25:38 AM org.apache.flink.runtime.executiongraph.Execution transitionState
INFO: TumblingEventTimeWindows -> Sink: Unnamed (6/8) (0abe928b213cd307c9f3a2620f75d2f8_561b99790e87a1e4f6980356c75ba2de_5_0) switched from INITIALIZING to RUNNING.
Apr 29, 2024 9:25:38 AM org.apache.flink.runtime.taskexecutor.TaskExecutor unregisterTaskAndNotifyFinalState
INFO: Un-registering task and sending final execution state FINISHED to JobManager for task TumblingEventTimeWindows -> Sink: Unnamed (5/8)#0 0abe928b213cd307c9f3a2620f75d2f8_561b99790e87a1e4f6980356c75ba2de_4_0.
Apr 29, 2024 9:25:38 AM org.apache.flink.runtime.taskexecutor.TaskExecutor unregisterTaskAndNotifyFinalState
INFO: Un-registering task and sending final execution state FINISHED to JobManager for task TumblingEventTimeWindows -> Sink: Unnamed (7/8)#0 0abe928b213cd307c9f3a2620f75d2f8_561b99790e87a1e4f6980356c75ba2de_6_0.
Apr 29, 2024 9:25:38 AM org.apache.flink.runtime.executiongraph.Execution transitionState
INFO: TumblingEventTimeWindows -> Sink: Unnamed (8/8) (0abe928b213cd307c9f3a2620f75d2f8_561b99790e87a1e4f6980356c75ba2de_7_0) switched from INITIALIZING to RUNNING.
Apr 29, 2024 9:25:38 AM org.apache.flink.runtime.taskexecutor.TaskExecutor unregisterTaskAndNotifyFinalState
INFO: Un-registering task and sending final execution state FINISHED to JobManager for task TumblingEventTimeWindows -> Sink: Unnamed (6/8)#0 0abe928b213cd307c9f3a2620f75d2f8_561b99790e87a1e4f6980356c75ba2de_5_0.
Apr 29, 2024 9:25:38 AM org.apache.flink.runtime.taskmanager.Task transitionState
INFO: TumblingEventTimeWindows -> Sink: Unnamed (8/8)#0 (0abe928b213cd307c9f3a2620f75d2f8_561b99790e87a1e4f6980356c75ba2de_7_0) switched from RUNNING to FINISHED.
Apr 29, 2024 9:25:38 AM org.apache.flink.runtime.taskmanager.Task doRun
INFO: Freeing task resources for TumblingEventTimeWindows -> Sink: Unnamed (8/8)#0 (0abe928b213cd307c9f3a2620f75d2f8_561b99790e87a1e4f6980356c75ba2de_7_0).
Apr 29, 2024 9:25:38 AM org.apache.flink.runtime.executiongraph.Execution transitionState
INFO: Co-Process (4/8) (0abe928b213cd307c9f3a2620f75d2f8_0c9698a73a6211243fab695da9d8c163_3_0) switched from RUNNING to FINISHED.
Apr 29, 2024 9:25:38 AM org.apache.flink.runtime.taskexecutor.TaskExecutor unregisterTaskAndNotifyFinalState
INFO: Un-registering task and sending final execution state FINISHED to JobManager for task TumblingEventTimeWindows -> Sink: Unnamed (8/8)#0 0abe928b213cd307c9f3a2620f75d2f8_561b99790e87a1e4f6980356c75ba2de_7_0.
Apr 29, 2024 9:25:38 AM org.apache.flink.runtime.executiongraph.Execution transitionState
INFO: Co-Process (7/8) (0abe928b213cd307c9f3a2620f75d2f8_0c9698a73a6211243fab695da9d8c163_6_0) switched from RUNNING to FINISHED.
Apr 29, 2024 9:25:38 AM org.apache.flink.runtime.executiongraph.Execution transitionState
INFO: Co-Process (5/8) (0abe928b213cd307c9f3a2620f75d2f8_0c9698a73a6211243fab695da9d8c163_4_0) switched from RUNNING to FINISHED.
Apr 29, 2024 9:25:38 AM org.apache.flink.runtime.executiongraph.Execution transitionState
INFO: Co-Process (6/8) (0abe928b213cd307c9f3a2620f75d2f8_0c9698a73a6211243fab695da9d8c163_5_0) switched from RUNNING to FINISHED.
Apr 29, 2024 9:25:38 AM org.apache.flink.runtime.executiongraph.Execution transitionState
INFO: Co-Process (8/8) (0abe928b213cd307c9f3a2620f75d2f8_0c9698a73a6211243fab695da9d8c163_7_0) switched from RUNNING to FINISHED.
Apr 29, 2024 9:25:38 AM org.apache.flink.runtime.executiongraph.Execution transitionState
INFO: MaxPriceBid (1/8) (0abe928b213cd307c9f3a2620f75d2f8_97db730e07d35d6850e3d51339e006de_0_0) switched from RUNNING to FINISHED.
Apr 29, 2024 9:25:38 AM org.apache.flink.runtime.executiongraph.Execution transitionState
INFO: MaxPriceBid (3/8) (0abe928b213cd307c9f3a2620f75d2f8_97db730e07d35d6850e3d51339e006de_2_0) switched from RUNNING to FINISHED.
Apr 29, 2024 9:25:38 AM org.apache.flink.runtime.executiongraph.Execution transitionState
INFO: MaxPriceBid (2/8) (0abe928b213cd307c9f3a2620f75d2f8_97db730e07d35d6850e3d51339e006de_1_0) switched from RUNNING to FINISHED.
Apr 29, 2024 9:25:38 AM org.apache.flink.runtime.executiongraph.Execution transitionState
INFO: MaxPriceBid (4/8) (0abe928b213cd307c9f3a2620f75d2f8_97db730e07d35d6850e3d51339e006de_3_0) switched from RUNNING to FINISHED.
Apr 29, 2024 9:25:38 AM org.apache.flink.runtime.executiongraph.Execution transitionState
INFO: MaxPriceBid (7/8) (0abe928b213cd307c9f3a2620f75d2f8_97db730e07d35d6850e3d51339e006de_6_0) switched from RUNNING to FINISHED.
Apr 29, 2024 9:25:38 AM org.apache.flink.runtime.executiongraph.Execution transitionState
INFO: MaxPriceBid (5/8) (0abe928b213cd307c9f3a2620f75d2f8_97db730e07d35d6850e3d51339e006de_4_0) switched from RUNNING to FINISHED.
Apr 29, 2024 9:25:38 AM org.apache.flink.runtime.executiongraph.Execution transitionState
INFO: MaxPriceBid (8/8) (0abe928b213cd307c9f3a2620f75d2f8_97db730e07d35d6850e3d51339e006de_7_0) switched from RUNNING to FINISHED.
Apr 29, 2024 9:25:38 AM org.apache.flink.runtime.executiongraph.Execution transitionState
INFO: MaxPriceBid (6/8) (0abe928b213cd307c9f3a2620f75d2f8_97db730e07d35d6850e3d51339e006de_5_0) switched from RUNNING to FINISHED.
Apr 29, 2024 9:25:38 AM org.apache.flink.runtime.executiongraph.Execution transitionState
INFO: TumblingEventTimeWindows -> Sink: Unnamed (2/8) (0abe928b213cd307c9f3a2620f75d2f8_561b99790e87a1e4f6980356c75ba2de_1_0) switched from RUNNING to FINISHED.
Apr 29, 2024 9:25:38 AM org.apache.flink.runtime.resourcemanager.slotmanager.FineGrainedSlotManager processResourceRequirements
INFO: Received resource requirements from job d3e1d679b8500765ef8603fd9c7a8be7: [ResourceRequirement{resourceProfile=ResourceProfile{UNKNOWN}, numberOfRequiredSlots=7}]
Apr 29, 2024 9:25:38 AM org.apache.flink.runtime.executiongraph.Execution transitionState
INFO: TumblingEventTimeWindows -> Sink: Unnamed (1/8) (0abe928b213cd307c9f3a2620f75d2f8_561b99790e87a1e4f6980356c75ba2de_0_0) switched from RUNNING to FINISHED.
Apr 29, 2024 9:25:38 AM org.apache.flink.runtime.resourcemanager.slotmanager.FineGrainedSlotManager processResourceRequirements
INFO: Received resource requirements from job d3e1d679b8500765ef8603fd9c7a8be7: [ResourceRequirement{resourceProfile=ResourceProfile{UNKNOWN}, numberOfRequiredSlots=6}]
Apr 29, 2024 9:25:38 AM org.apache.flink.runtime.executiongraph.Execution transitionState
INFO: TumblingEventTimeWindows -> Sink: Unnamed (3/8) (0abe928b213cd307c9f3a2620f75d2f8_561b99790e87a1e4f6980356c75ba2de_2_0) switched from RUNNING to FINISHED.
Apr 29, 2024 9:25:38 AM org.apache.flink.runtime.resourcemanager.slotmanager.FineGrainedSlotManager processResourceRequirements
INFO: Received resource requirements from job d3e1d679b8500765ef8603fd9c7a8be7: [ResourceRequirement{resourceProfile=ResourceProfile{UNKNOWN}, numberOfRequiredSlots=5}]
Apr 29, 2024 9:25:38 AM org.apache.flink.runtime.executiongraph.Execution transitionState
INFO: TumblingEventTimeWindows -> Sink: Unnamed (4/8) (0abe928b213cd307c9f3a2620f75d2f8_561b99790e87a1e4f6980356c75ba2de_3_0) switched from RUNNING to FINISHED.
Apr 29, 2024 9:25:38 AM org.apache.flink.runtime.resourcemanager.slotmanager.FineGrainedSlotManager processResourceRequirements
INFO: Received resource requirements from job d3e1d679b8500765ef8603fd9c7a8be7: [ResourceRequirement{resourceProfile=ResourceProfile{UNKNOWN}, numberOfRequiredSlots=4}]
Apr 29, 2024 9:25:38 AM org.apache.flink.runtime.executiongraph.Execution transitionState
INFO: TumblingEventTimeWindows -> Sink: Unnamed (5/8) (0abe928b213cd307c9f3a2620f75d2f8_561b99790e87a1e4f6980356c75ba2de_4_0) switched from RUNNING to FINISHED.
Apr 29, 2024 9:25:38 AM org.apache.flink.runtime.resourcemanager.slotmanager.FineGrainedSlotManager processResourceRequirements
INFO: Received resource requirements from job d3e1d679b8500765ef8603fd9c7a8be7: [ResourceRequirement{resourceProfile=ResourceProfile{UNKNOWN}, numberOfRequiredSlots=3}]
Apr 29, 2024 9:25:38 AM org.apache.flink.runtime.executiongraph.Execution transitionState
INFO: TumblingEventTimeWindows -> Sink: Unnamed (7/8) (0abe928b213cd307c9f3a2620f75d2f8_561b99790e87a1e4f6980356c75ba2de_6_0) switched from RUNNING to FINISHED.
Apr 29, 2024 9:25:38 AM org.apache.flink.runtime.resourcemanager.slotmanager.FineGrainedSlotManager processResourceRequirements
INFO: Received resource requirements from job d3e1d679b8500765ef8603fd9c7a8be7: [ResourceRequirement{resourceProfile=ResourceProfile{UNKNOWN}, numberOfRequiredSlots=2}]
Apr 29, 2024 9:25:38 AM org.apache.flink.runtime.executiongraph.Execution transitionState
INFO: TumblingEventTimeWindows -> Sink: Unnamed (6/8) (0abe928b213cd307c9f3a2620f75d2f8_561b99790e87a1e4f6980356c75ba2de_5_0) switched from RUNNING to FINISHED.
Apr 29, 2024 9:25:38 AM org.apache.flink.runtime.resourcemanager.slotmanager.FineGrainedSlotManager processResourceRequirements
INFO: Received resource requirements from job d3e1d679b8500765ef8603fd9c7a8be7: [ResourceRequirement{resourceProfile=ResourceProfile{UNKNOWN}, numberOfRequiredSlots=1}]
Apr 29, 2024 9:25:38 AM org.apache.flink.runtime.executiongraph.Execution transitionState
INFO: TumblingEventTimeWindows -> Sink: Unnamed (8/8) (0abe928b213cd307c9f3a2620f75d2f8_561b99790e87a1e4f6980356c75ba2de_7_0) switched from RUNNING to FINISHED.
Apr 29, 2024 9:25:38 AM org.apache.flink.runtime.resourcemanager.slotmanager.FineGrainedSlotManager processResourceRequirements
INFO: Clearing resource requirements of job d3e1d679b8500765ef8603fd9c7a8be7
Apr 29, 2024 9:25:38 AM org.apache.flink.runtime.executiongraph.DefaultExecutionGraph transitionState
INFO: Job Flink Streaming Job (d3e1d679b8500765ef8603fd9c7a8be7) switched from state RUNNING to FINISHED.
Apr 29, 2024 9:25:38 AM org.apache.flink.runtime.checkpoint.CheckpointCoordinator shutdown
INFO: Stopping checkpoint coordinator for job d3e1d679b8500765ef8603fd9c7a8be7.
Apr 29, 2024 9:25:38 AM org.apache.flink.runtime.minicluster.MiniCluster closeInternal
INFO: Shutting down Flink Mini Cluster
Apr 29, 2024 9:25:38 AM org.apache.flink.runtime.dispatcher.Dispatcher jobReachedTerminalState
INFO: Job d3e1d679b8500765ef8603fd9c7a8be7 reached terminal state FINISHED.
Apr 29, 2024 9:25:38 AM org.apache.flink.runtime.dispatcher.Dispatcher lambda$registerGloballyTerminatedJobInJobResultStore$42
INFO: Job d3e1d679b8500765ef8603fd9c7a8be7 has been registered for cleanup in the JobResultStore after reaching a terminal state.
Apr 29, 2024 9:25:38 AM org.apache.flink.runtime.rest.RestServerEndpoint closeAsync
INFO: Shutting down rest endpoint.
Apr 29, 2024 9:25:38 AM org.apache.flink.runtime.taskexecutor.TaskExecutor onStop
INFO: Stopping TaskExecutor pekko://flink/user/rpc/taskmanager_8.
Apr 29, 2024 9:25:38 AM org.apache.flink.runtime.taskexecutor.TaskExecutor closeResourceManagerConnection
INFO: Close ResourceManager connection faff00ea144db6634da3fa340de4815c.
Apr 29, 2024 9:25:38 AM org.apache.flink.runtime.taskexecutor.TaskExecutor disconnectJobManagerConnection
INFO: Close JobManager connection for job d3e1d679b8500765ef8603fd9c7a8be7.
Apr 29, 2024 9:25:38 AM org.apache.flink.runtime.resourcemanager.ResourceManager closeTaskManagerConnection
INFO: Closing TaskExecutor connection 5254be7d-d19f-447f-b37f-e2e2cbf6968f because: The TaskExecutor is shutting down.
Apr 29, 2024 9:25:38 AM org.apache.flink.runtime.jobmaster.JobMaster onStop
INFO: Stopping the JobMaster for job 'Flink Streaming Job' (d3e1d679b8500765ef8603fd9c7a8be7).
Apr 29, 2024 9:25:38 AM org.apache.flink.runtime.resourcemanager.slotmanager.FineGrainedSlotManager unregisterTaskManager
INFO: Unregistering task executor c97f15c9b255bb24a8cea158ae838dff from the slot manager.
]]></system-err>
  </testcase>
</testsuite>