<?xml version="1.0" encoding="UTF-8"?>
<testsuite xmlns:xsi="http://www.w3.org/2001/XMLSchema-instance" xsi:noNamespaceSchemaLocation="https://maven.apache.org/surefire/maven-surefire-plugin/xsd/surefire-test-report-3.0.xsd" version="3.0" name="flink.test.testQuery3" time="1.944" tests="2" errors="0" skipped="0" failures="0">
  <properties>
    <property name="gopherProxySet" value="false"/>
    <property name="awt.toolkit" value="sun.lwawt.macosx.LWCToolkit"/>
    <property name="java.specification.version" value="11"/>
    <property name="sun.cpu.isalist" value=""/>
    <property name="sun.jnu.encoding" value="UTF-8"/>
    <property name="java.class.path" value="/Users/arkashjain/Desktop/Spring2024/CS551/project/cloud-provider-benchmarks/nexmark-kafka/target/test-classes:/Users/arkashjain/Desktop/Spring2024/CS551/project/cloud-provider-benchmarks/nexmark-kafka/target/classes:/Users/arkashjain/.m2/repository/org/apache/flink/flink-streaming-java/1.18.1/flink-streaming-java-1.18.1.jar:/Users/arkashjain/.m2/repository/org/apache/flink/flink-file-sink-common/1.18.1/flink-file-sink-common-1.18.1.jar:/Users/arkashjain/.m2/repository/org/apache/flink/flink-runtime/1.18.1/flink-runtime-1.18.1.jar:/Users/arkashjain/.m2/repository/org/apache/flink/flink-rpc-core/1.18.1/flink-rpc-core-1.18.1.jar:/Users/arkashjain/.m2/repository/org/apache/flink/flink-rpc-akka-loader/1.18.1/flink-rpc-akka-loader-1.18.1.jar:/Users/arkashjain/.m2/repository/org/apache/flink/flink-queryable-state-client-java/1.18.1/flink-queryable-state-client-java-1.18.1.jar:/Users/arkashjain/.m2/repository/org/apache/flink/flink-hadoop-fs/1.18.1/flink-hadoop-fs-1.18.1.jar:/Users/arkashjain/.m2/repository/org/apache/flink/flink-shaded-zookeeper-3/3.7.1-17.0/flink-shaded-zookeeper-3-3.7.1-17.0.jar:/Users/arkashjain/.m2/repository/org/javassist/javassist/3.24.0-GA/javassist-3.24.0-GA.jar:/Users/arkashjain/.m2/repository/org/lz4/lz4-java/1.8.0/lz4-java-1.8.0.jar:/Users/arkashjain/.m2/repository/org/apache/flink/flink-java/1.18.1/flink-java-1.18.1.jar:/Users/arkashjain/.m2/repository/com/twitter/chill-java/0.7.6/chill-java-0.7.6.jar:/Users/arkashjain/.m2/repository/org/apache/flink/flink-shaded-guava/31.1-jre-17.0/flink-shaded-guava-31.1-jre-17.0.jar:/Users/arkashjain/.m2/repository/org/apache/commons/commons-math3/3.6.1/commons-math3-3.6.1.jar:/Users/arkashjain/.m2/repository/org/slf4j/slf4j-api/1.7.36/slf4j-api-1.7.36.jar:/Users/arkashjain/.m2/repository/com/google/code/findbugs/jsr305/1.3.9/jsr305-1.3.9.jar:/Users/arkashjain/.m2/repository/org/apache/beam/beam-sdks-java-nexmark/2.3.0/beam-sdks-java-nexmark-2.3.0.jar:/Users/arkashjain/.m2/repository/org/apache/beam/beam-sdks-java-core/2.3.0/beam-sdks-java-core-2.3.0.jar:/Users/arkashjain/.m2/repository/com/github/stephenc/findbugs/findbugs-annotations/1.3.9-1/findbugs-annotations-1.3.9-1.jar:/Users/arkashjain/.m2/repository/org/apache/beam/beam-sdks-java-io-google-cloud-platform/2.3.0/beam-sdks-java-io-google-cloud-platform-2.3.0.jar:/Users/arkashjain/.m2/repository/org/apache/beam/beam-sdks-java-extensions-protobuf/2.3.0/beam-sdks-java-extensions-protobuf-2.3.0.jar:/Users/arkashjain/.m2/repository/io/grpc/grpc-core/1.2.0/grpc-core-1.2.0.jar:/Users/arkashjain/.m2/repository/com/google/errorprone/error_prone_annotations/2.0.11/error_prone_annotations-2.0.11.jar:/Users/arkashjain/.m2/repository/io/grpc/grpc-context/1.2.0/grpc-context-1.2.0.jar:/Users/arkashjain/.m2/repository/com/google/instrumentation/instrumentation-api/0.3.0/instrumentation-api-0.3.0.jar:/Users/arkashjain/.m2/repository/com/google/api/gax-grpc/0.20.0/gax-grpc-0.20.0.jar:/Users/arkashjain/.m2/repository/io/grpc/grpc-protobuf/1.2.0/grpc-protobuf-1.2.0.jar:/Users/arkashjain/.m2/repository/com/google/api/api-common/1.1.0/api-common-1.1.0.jar:/Users/arkashjain/.m2/repository/com/google/auto/value/auto-value/1.2/auto-value-1.2.jar:/Users/arkashjain/.m2/repository/com/google/api/gax/1.3.1/gax-1.3.1.jar:/Users/arkashjain/.m2/repository/org/threeten/threetenbp/1.3.3/threetenbp-1.3.3.jar:/Users/arkashjain/.m2/repository/com/google/cloud/google-cloud-core-grpc/1.2.0/google-cloud-core-grpc-1.2.0.jar:/Users/arkashjain/.m2/repository/com/google/protobuf/protobuf-java-util/3.2.0/protobuf-java-util-3.2.0.jar:/Users/arkashjain/.m2/repository/com/google/apis/google-api-services-pubsub/v1-rev10-1.22.0/google-api-services-pubsub-v1-rev10-1.22.0.jar:/Users/arkashjain/.m2/repository/com/google/api/grpc/grpc-google-cloud-pubsub-v1/0.1.18/grpc-google-cloud-pubsub-v1-0.1.18.jar:/Users/arkashjain/.m2/repository/com/google/api/grpc/proto-google-cloud-pubsub-v1/0.1.18/proto-google-cloud-pubsub-v1-0.1.18.jar:/Users/arkashjain/.m2/repository/com/google/api/grpc/proto-google-iam-v1/0.1.18/proto-google-iam-v1-0.1.18.jar:/Users/arkashjain/.m2/repository/com/google/cloud/bigdataoss/util/1.4.5/util-1.4.5.jar:/Users/arkashjain/.m2/repository/com/google/api-client/google-api-client-java6/1.20.0/google-api-client-java6-1.20.0.jar:/Users/arkashjain/.m2/repository/com/google/api-client/google-api-client-jackson2/1.20.0/google-api-client-jackson2-1.20.0.jar:/Users/arkashjain/.m2/repository/com/google/oauth-client/google-oauth-client/1.20.0/google-oauth-client-1.20.0.jar:/Users/arkashjain/.m2/repository/com/google/oauth-client/google-oauth-client-java6/1.20.0/google-oauth-client-java6-1.20.0.jar:/Users/arkashjain/.m2/repository/com/google/cloud/datastore/datastore-v1-proto-client/1.4.0/datastore-v1-proto-client-1.4.0.jar:/Users/arkashjain/.m2/repository/com/google/http-client/google-http-client-protobuf/1.20.0/google-http-client-protobuf-1.20.0.jar:/Users/arkashjain/.m2/repository/com/google/http-client/google-http-client-jackson/1.20.0/google-http-client-jackson-1.20.0.jar:/Users/arkashjain/.m2/repository/com/google/cloud/datastore/datastore-v1-protos/1.3.0/datastore-v1-protos-1.3.0.jar:/Users/arkashjain/.m2/repository/com/google/api/grpc/grpc-google-common-protos/0.1.0/grpc-google-common-protos-0.1.0.jar:/Users/arkashjain/.m2/repository/io/grpc/grpc-auth/1.2.0/grpc-auth-1.2.0.jar:/Users/arkashjain/.m2/repository/io/grpc/grpc-netty/1.2.0/grpc-netty-1.2.0.jar:/Users/arkashjain/.m2/repository/io/netty/netty-codec-http2/4.1.8.Final/netty-codec-http2-4.1.8.Final.jar:/Users/arkashjain/.m2/repository/io/netty/netty-codec-http/4.1.8.Final/netty-codec-http-4.1.8.Final.jar:/Users/arkashjain/.m2/repository/io/netty/netty-handler-proxy/4.1.8.Final/netty-handler-proxy-4.1.8.Final.jar:/Users/arkashjain/.m2/repository/io/netty/netty-codec-socks/4.1.8.Final/netty-codec-socks-4.1.8.Final.jar:/Users/arkashjain/.m2/repository/io/netty/netty-handler/4.1.8.Final/netty-handler-4.1.8.Final.jar:/Users/arkashjain/.m2/repository/io/netty/netty-buffer/4.1.8.Final/netty-buffer-4.1.8.Final.jar:/Users/arkashjain/.m2/repository/io/netty/netty-transport/4.1.8.Final/netty-transport-4.1.8.Final.jar:/Users/arkashjain/.m2/repository/io/netty/netty-resolver/4.1.8.Final/netty-resolver-4.1.8.Final.jar:/Users/arkashjain/.m2/repository/io/netty/netty-codec/4.1.8.Final/netty-codec-4.1.8.Final.jar:/Users/arkashjain/.m2/repository/io/grpc/grpc-stub/1.2.0/grpc-stub-1.2.0.jar:/Users/arkashjain/.m2/repository/io/grpc/grpc-all/1.2.0/grpc-all-1.2.0.jar:/Users/arkashjain/.m2/repository/io/grpc/grpc-okhttp/1.2.0/grpc-okhttp-1.2.0.jar:/Users/arkashjain/.m2/repository/com/squareup/okhttp/okhttp/2.5.0/okhttp-2.5.0.jar:/Users/arkashjain/.m2/repository/io/grpc/grpc-protobuf-lite/1.2.0/grpc-protobuf-lite-1.2.0.jar:/Users/arkashjain/.m2/repository/io/grpc/grpc-protobuf-nano/1.2.0/grpc-protobuf-nano-1.2.0.jar:/Users/arkashjain/.m2/repository/com/google/protobuf/nano/protobuf-javanano/3.0.0-alpha-5/protobuf-javanano-3.0.0-alpha-5.jar:/Users/arkashjain/.m2/repository/com/google/cloud/google-cloud-core/1.0.2/google-cloud-core-1.0.2.jar:/Users/arkashjain/.m2/repository/org/json/json/20160810/json-20160810.jar:/Users/arkashjain/.m2/repository/com/google/cloud/google-cloud-spanner/0.20.0-beta/google-cloud-spanner-0.20.0-beta.jar:/Users/arkashjain/.m2/repository/com/google/api/grpc/proto-google-cloud-spanner-v1/0.1.11/proto-google-cloud-spanner-v1-0.1.11.jar:/Users/arkashjain/.m2/repository/com/google/api/grpc/proto-google-cloud-spanner-admin-instance-v1/0.1.11/proto-google-cloud-spanner-admin-instance-v1-0.1.11.jar:/Users/arkashjain/.m2/repository/com/google/api/grpc/grpc-google-cloud-spanner-v1/0.1.11/grpc-google-cloud-spanner-v1-0.1.11.jar:/Users/arkashjain/.m2/repository/com/google/api/grpc/grpc-google-cloud-spanner-admin-database-v1/0.1.11/grpc-google-cloud-spanner-admin-database-v1-0.1.11.jar:/Users/arkashjain/.m2/repository/com/google/api/grpc/grpc-google-cloud-spanner-admin-instance-v1/0.1.11/grpc-google-cloud-spanner-admin-instance-v1-0.1.11.jar:/Users/arkashjain/.m2/repository/com/google/api/grpc/grpc-google-longrunning-v1/0.1.11/grpc-google-longrunning-v1-0.1.11.jar:/Users/arkashjain/.m2/repository/com/google/api/grpc/proto-google-longrunning-v1/0.1.11/proto-google-longrunning-v1-0.1.11.jar:/Users/arkashjain/.m2/repository/com/google/cloud/bigtable/bigtable-protos/1.0.0-pre3/bigtable-protos-1.0.0-pre3.jar:/Users/arkashjain/.m2/repository/com/google/cloud/bigtable/bigtable-client-core/1.0.0/bigtable-client-core-1.0.0.jar:/Users/arkashjain/.m2/repository/com/google/auth/google-auth-library-appengine/0.7.0/google-auth-library-appengine-0.7.0.jar:/Users/arkashjain/.m2/repository/io/opencensus/opencensus-contrib-grpc-util/0.7.0/opencensus-contrib-grpc-util-0.7.0.jar:/Users/arkashjain/.m2/repository/io/opencensus/opencensus-api/0.7.0/opencensus-api-0.7.0.jar:/Users/arkashjain/.m2/repository/com/google/api-client/google-api-client/1.22.0/google-api-client-1.22.0.jar:/Users/arkashjain/.m2/repository/com/google/http-client/google-http-client/1.22.0/google-http-client-1.22.0.jar:/Users/arkashjain/.m2/repository/com/google/http-client/google-http-client-jackson2/1.22.0/google-http-client-jackson2-1.22.0.jar:/Users/arkashjain/.m2/repository/com/google/auth/google-auth-library-credentials/0.7.1/google-auth-library-credentials-0.7.1.jar:/Users/arkashjain/.m2/repository/com/google/auth/google-auth-library-oauth2-http/0.7.1/google-auth-library-oauth2-http-0.7.1.jar:/Users/arkashjain/.m2/repository/io/netty/netty-tcnative-boringssl-static/1.1.33.Fork26/netty-tcnative-boringssl-static-1.1.33.Fork26.jar:/Users/arkashjain/.m2/repository/com/google/api/grpc/proto-google-cloud-spanner-admin-database-v1/0.1.9/proto-google-cloud-spanner-admin-database-v1-0.1.9.jar:/Users/arkashjain/.m2/repository/com/google/api/grpc/proto-google-common-protos/0.1.9/proto-google-common-protos-0.1.9.jar:/Users/arkashjain/.m2/repository/org/apache/beam/beam-sdks-java-extensions-google-cloud-platform-core/2.3.0/beam-sdks-java-extensions-google-cloud-platform-core-2.3.0.jar:/Users/arkashjain/.m2/repository/com/google/cloud/bigdataoss/gcsio/1.4.5/gcsio-1.4.5.jar:/Users/arkashjain/.m2/repository/com/google/apis/google-api-services-cloudresourcemanager/v1-rev6-1.22.0/google-api-services-cloudresourcemanager-v1-rev6-1.22.0.jar:/Users/arkashjain/.m2/repository/com/google/apis/google-api-services-storage/v1-rev71-1.22.0/google-api-services-storage-v1-rev71-1.22.0.jar:/Users/arkashjain/.m2/repository/com/google/apis/google-api-services-bigquery/v2-rev355-1.22.0/google-api-services-bigquery-v2-rev355-1.22.0.jar:/Users/arkashjain/.m2/repository/com/fasterxml/jackson/core/jackson-core/2.8.9/jackson-core-2.8.9.jar:/Users/arkashjain/.m2/repository/com/fasterxml/jackson/core/jackson-annotations/2.8.9/jackson-annotations-2.8.9.jar:/Users/arkashjain/.m2/repository/com/fasterxml/jackson/core/jackson-databind/2.8.9/jackson-databind-2.8.9.jar:/Users/arkashjain/.m2/repository/org/apache/avro/avro/1.8.2/avro-1.8.2.jar:/Users/arkashjain/.m2/repository/org/codehaus/jackson/jackson-core-asl/1.9.13/jackson-core-asl-1.9.13.jar:/Users/arkashjain/.m2/repository/org/codehaus/jackson/jackson-mapper-asl/1.9.13/jackson-mapper-asl-1.9.13.jar:/Users/arkashjain/.m2/repository/com/thoughtworks/paranamer/paranamer/2.7/paranamer-2.7.jar:/Users/arkashjain/.m2/repository/org/tukaani/xz/1.5/xz-1.5.jar:/Users/arkashjain/.m2/repository/joda-time/joda-time/2.4/joda-time-2.4.jar:/Users/arkashjain/.m2/repository/org/slf4j/slf4j-jdk14/1.7.25/slf4j-jdk14-1.7.25.jar:/Users/arkashjain/.m2/repository/org/hamcrest/hamcrest-core/1.3/hamcrest-core-1.3.jar:/Users/arkashjain/.m2/repository/org/apache/beam/beam-runners-direct-java/2.3.0/beam-runners-direct-java-2.3.0.jar:/Users/arkashjain/.m2/repository/org/apache/beam/beam-runners-local-java-core/2.3.0/beam-runners-local-java-core-2.3.0.jar:/Users/arkashjain/.m2/repository/org/apache/beam/beam-sdks-java-extensions-sql/2.3.0/beam-sdks-java-extensions-sql-2.3.0.jar:/Users/arkashjain/.m2/repository/org/apache/commons/commons-csv/1.4/commons-csv-1.4.jar:/Users/arkashjain/.m2/repository/org/apache/beam/beam-sdks-java-extensions-join-library/2.3.0/beam-sdks-java-extensions-join-library-2.3.0.jar:/Users/arkashjain/.m2/repository/com/alibaba/fastjson/1.2.12/fastjson-1.2.12.jar:/Users/arkashjain/.m2/repository/org/apache/commons/commons-lang3/3.6/commons-lang3-3.6.jar:/Users/arkashjain/.m2/repository/org/apache/flink/flink-connector-kafka/3.0.1-1.18/flink-connector-kafka-3.0.1-1.18.jar:/Users/arkashjain/.m2/repository/org/apache/flink/flink-connector-base/1.17.0/flink-connector-base-1.17.0.jar:/Users/arkashjain/.m2/repository/org/apache/kafka/kafka-clients/3.2.3/kafka-clients-3.2.3.jar:/Users/arkashjain/.m2/repository/com/github/luben/zstd-jni/1.5.2-1/zstd-jni-1.5.2-1.jar:/Users/arkashjain/.m2/repository/com/fasterxml/jackson/datatype/jackson-datatype-jsr310/2.15.2/jackson-datatype-jsr310-2.15.2.jar:/Users/arkashjain/.m2/repository/com/fasterxml/jackson/datatype/jackson-datatype-jdk8/2.15.2/jackson-datatype-jdk8-2.15.2.jar:/Users/arkashjain/.m2/repository/org/apache/flink/flink-runtime-web/1.18.1/flink-runtime-web-1.18.1.jar:/Users/arkashjain/.m2/repository/org/apache/flink/flink-clients/1.18.1/flink-clients-1.18.1.jar:/Users/arkashjain/.m2/repository/org/apache/flink/flink-optimizer/1.18.1/flink-optimizer-1.18.1.jar:/Users/arkashjain/.m2/repository/org/apache/flink/flink-shaded-netty/4.1.91.Final-17.0/flink-shaded-netty-4.1.91.Final-17.0.jar:/Users/arkashjain/.m2/repository/org/apache/flink/flink-shaded-jackson/2.14.2-17.0/flink-shaded-jackson-2.14.2-17.0.jar:/Users/arkashjain/.m2/repository/junit/junit/4.13.2/junit-4.13.2.jar:/Users/arkashjain/.m2/repository/org/apache/flink/flink-core/1.18.0/flink-core-1.18.0.jar:/Users/arkashjain/.m2/repository/org/apache/flink/flink-annotations/1.18.0/flink-annotations-1.18.0.jar:/Users/arkashjain/.m2/repository/org/apache/flink/flink-metrics-core/1.18.0/flink-metrics-core-1.18.0.jar:/Users/arkashjain/.m2/repository/org/apache/flink/flink-shaded-asm-9/9.5-17.0/flink-shaded-asm-9-9.5-17.0.jar:/Users/arkashjain/.m2/repository/org/apache/commons/commons-text/1.10.0/commons-text-1.10.0.jar:/Users/arkashjain/.m2/repository/com/esotericsoftware/kryo/kryo/2.24.0/kryo-2.24.0.jar:/Users/arkashjain/.m2/repository/com/esotericsoftware/minlog/minlog/1.2/minlog-1.2.jar:/Users/arkashjain/.m2/repository/org/objenesis/objenesis/2.1/objenesis-2.1.jar:/Users/arkashjain/.m2/repository/commons-collections/commons-collections/3.2.2/commons-collections-3.2.2.jar:/Users/arkashjain/.m2/repository/org/apache/commons/commons-compress/1.21/commons-compress-1.21.jar:/Users/arkashjain/.m2/repository/org/apache/hadoop/hadoop-common/3.3.6/hadoop-common-3.3.6.jar:/Users/arkashjain/.m2/repository/org/apache/hadoop/thirdparty/hadoop-shaded-protobuf_3_7/1.1.1/hadoop-shaded-protobuf_3_7-1.1.1.jar:/Users/arkashjain/.m2/repository/org/apache/hadoop/hadoop-annotations/3.3.6/hadoop-annotations-3.3.6.jar:/Users/arkashjain/.m2/repository/org/apache/hadoop/thirdparty/hadoop-shaded-guava/1.1.1/hadoop-shaded-guava-1.1.1.jar:/Users/arkashjain/.m2/repository/com/google/guava/guava/27.0-jre/guava-27.0-jre.jar:/Users/arkashjain/.m2/repository/com/google/guava/failureaccess/1.0/failureaccess-1.0.jar:/Users/arkashjain/.m2/repository/com/google/guava/listenablefuture/9999.0-empty-to-avoid-conflict-with-guava/listenablefuture-9999.0-empty-to-avoid-conflict-with-guava.jar:/Users/arkashjain/.m2/repository/org/checkerframework/checker-qual/2.5.2/checker-qual-2.5.2.jar:/Users/arkashjain/.m2/repository/com/google/j2objc/j2objc-annotations/1.1/j2objc-annotations-1.1.jar:/Users/arkashjain/.m2/repository/org/codehaus/mojo/animal-sniffer-annotations/1.17/animal-sniffer-annotations-1.17.jar:/Users/arkashjain/.m2/repository/commons-cli/commons-cli/1.2/commons-cli-1.2.jar:/Users/arkashjain/.m2/repository/org/apache/httpcomponents/httpclient/4.5.13/httpclient-4.5.13.jar:/Users/arkashjain/.m2/repository/org/apache/httpcomponents/httpcore/4.4.13/httpcore-4.4.13.jar:/Users/arkashjain/.m2/repository/commons-codec/commons-codec/1.15/commons-codec-1.15.jar:/Users/arkashjain/.m2/repository/commons-io/commons-io/2.8.0/commons-io-2.8.0.jar:/Users/arkashjain/.m2/repository/commons-net/commons-net/3.9.0/commons-net-3.9.0.jar:/Users/arkashjain/.m2/repository/javax/servlet/javax.servlet-api/3.1.0/javax.servlet-api-3.1.0.jar:/Users/arkashjain/.m2/repository/jakarta/activation/jakarta.activation-api/1.2.1/jakarta.activation-api-1.2.1.jar:/Users/arkashjain/.m2/repository/org/eclipse/jetty/jetty-server/9.4.51.v20230217/jetty-server-9.4.51.v20230217.jar:/Users/arkashjain/.m2/repository/org/eclipse/jetty/jetty-http/9.4.51.v20230217/jetty-http-9.4.51.v20230217.jar:/Users/arkashjain/.m2/repository/org/eclipse/jetty/jetty-io/9.4.51.v20230217/jetty-io-9.4.51.v20230217.jar:/Users/arkashjain/.m2/repository/org/eclipse/jetty/jetty-util/9.4.51.v20230217/jetty-util-9.4.51.v20230217.jar:/Users/arkashjain/.m2/repository/org/eclipse/jetty/jetty-servlet/9.4.51.v20230217/jetty-servlet-9.4.51.v20230217.jar:/Users/arkashjain/.m2/repository/org/eclipse/jetty/jetty-security/9.4.51.v20230217/jetty-security-9.4.51.v20230217.jar:/Users/arkashjain/.m2/repository/org/eclipse/jetty/jetty-util-ajax/9.4.51.v20230217/jetty-util-ajax-9.4.51.v20230217.jar:/Users/arkashjain/.m2/repository/org/eclipse/jetty/jetty-webapp/9.4.51.v20230217/jetty-webapp-9.4.51.v20230217.jar:/Users/arkashjain/.m2/repository/org/eclipse/jetty/jetty-xml/9.4.51.v20230217/jetty-xml-9.4.51.v20230217.jar:/Users/arkashjain/.m2/repository/javax/servlet/jsp/jsp-api/2.1/jsp-api-2.1.jar:/Users/arkashjain/.m2/repository/com/sun/jersey/jersey-core/1.19.4/jersey-core-1.19.4.jar:/Users/arkashjain/.m2/repository/javax/ws/rs/jsr311-api/1.1.1/jsr311-api-1.1.1.jar:/Users/arkashjain/.m2/repository/com/sun/jersey/jersey-servlet/1.19.4/jersey-servlet-1.19.4.jar:/Users/arkashjain/.m2/repository/com/github/pjfanning/jersey-json/1.20/jersey-json-1.20.jar:/Users/arkashjain/.m2/repository/org/codehaus/jettison/jettison/1.1/jettison-1.1.jar:/Users/arkashjain/.m2/repository/com/sun/xml/bind/jaxb-impl/2.2.3-1/jaxb-impl-2.2.3-1.jar:/Users/arkashjain/.m2/repository/javax/xml/bind/jaxb-api/2.2.2/jaxb-api-2.2.2.jar:/Users/arkashjain/.m2/repository/javax/xml/stream/stax-api/1.0-2/stax-api-1.0-2.jar:/Users/arkashjain/.m2/repository/javax/activation/activation/1.1/activation-1.1.jar:/Users/arkashjain/.m2/repository/com/sun/jersey/jersey-server/1.19.4/jersey-server-1.19.4.jar:/Users/arkashjain/.m2/repository/commons-logging/commons-logging/1.1.3/commons-logging-1.1.3.jar:/Users/arkashjain/.m2/repository/ch/qos/reload4j/reload4j/1.2.22/reload4j-1.2.22.jar:/Users/arkashjain/.m2/repository/commons-beanutils/commons-beanutils/1.9.4/commons-beanutils-1.9.4.jar:/Users/arkashjain/.m2/repository/org/apache/commons/commons-configuration2/2.8.0/commons-configuration2-2.8.0.jar:/Users/arkashjain/.m2/repository/org/slf4j/slf4j-reload4j/1.7.36/slf4j-reload4j-1.7.36.jar:/Users/arkashjain/.m2/repository/com/google/re2j/re2j/1.1/re2j-1.1.jar:/Users/arkashjain/.m2/repository/com/google/protobuf/protobuf-java/2.5.0/protobuf-java-2.5.0.jar:/Users/arkashjain/.m2/repository/com/google/code/gson/gson/2.9.0/gson-2.9.0.jar:/Users/arkashjain/.m2/repository/org/apache/hadoop/hadoop-auth/3.3.6/hadoop-auth-3.3.6.jar:/Users/arkashjain/.m2/repository/com/nimbusds/nimbus-jose-jwt/9.8.1/nimbus-jose-jwt-9.8.1.jar:/Users/arkashjain/.m2/repository/com/github/stephenc/jcip/jcip-annotations/1.0-1/jcip-annotations-1.0-1.jar:/Users/arkashjain/.m2/repository/org/apache/curator/curator-framework/5.2.0/curator-framework-5.2.0.jar:/Users/arkashjain/.m2/repository/org/apache/kerby/kerb-simplekdc/1.0.1/kerb-simplekdc-1.0.1.jar:/Users/arkashjain/.m2/repository/org/apache/kerby/kerb-client/1.0.1/kerb-client-1.0.1.jar:/Users/arkashjain/.m2/repository/org/apache/kerby/kerby-config/1.0.1/kerby-config-1.0.1.jar:/Users/arkashjain/.m2/repository/org/apache/kerby/kerb-common/1.0.1/kerb-common-1.0.1.jar:/Users/arkashjain/.m2/repository/org/apache/kerby/kerb-crypto/1.0.1/kerb-crypto-1.0.1.jar:/Users/arkashjain/.m2/repository/org/apache/kerby/kerb-util/1.0.1/kerb-util-1.0.1.jar:/Users/arkashjain/.m2/repository/org/apache/kerby/token-provider/1.0.1/token-provider-1.0.1.jar:/Users/arkashjain/.m2/repository/org/apache/kerby/kerb-admin/1.0.1/kerb-admin-1.0.1.jar:/Users/arkashjain/.m2/repository/org/apache/kerby/kerb-server/1.0.1/kerb-server-1.0.1.jar:/Users/arkashjain/.m2/repository/org/apache/kerby/kerb-identity/1.0.1/kerb-identity-1.0.1.jar:/Users/arkashjain/.m2/repository/org/apache/kerby/kerby-xdr/1.0.1/kerby-xdr-1.0.1.jar:/Users/arkashjain/.m2/repository/com/jcraft/jsch/0.1.55/jsch-0.1.55.jar:/Users/arkashjain/.m2/repository/org/apache/curator/curator-client/5.2.0/curator-client-5.2.0.jar:/Users/arkashjain/.m2/repository/org/apache/curator/curator-recipes/5.2.0/curator-recipes-5.2.0.jar:/Users/arkashjain/.m2/repository/org/apache/zookeeper/zookeeper/3.6.3/zookeeper-3.6.3.jar:/Users/arkashjain/.m2/repository/org/apache/zookeeper/zookeeper-jute/3.6.3/zookeeper-jute-3.6.3.jar:/Users/arkashjain/.m2/repository/org/apache/yetus/audience-annotations/0.5.0/audience-annotations-0.5.0.jar:/Users/arkashjain/.m2/repository/io/netty/netty-transport-native-epoll/4.1.63.Final/netty-transport-native-epoll-4.1.63.Final.jar:/Users/arkashjain/.m2/repository/io/netty/netty-common/4.1.63.Final/netty-common-4.1.63.Final.jar:/Users/arkashjain/.m2/repository/io/netty/netty-transport-native-unix-common/4.1.63.Final/netty-transport-native-unix-common-4.1.63.Final.jar:/Users/arkashjain/.m2/repository/org/slf4j/slf4j-log4j12/1.7.25/slf4j-log4j12-1.7.25.jar:/Users/arkashjain/.m2/repository/log4j/log4j/1.2.17/log4j-1.2.17.jar:/Users/arkashjain/.m2/repository/io/dropwizard/metrics/metrics-core/3.2.4/metrics-core-3.2.4.jar:/Users/arkashjain/.m2/repository/org/apache/kerby/kerb-core/1.0.1/kerb-core-1.0.1.jar:/Users/arkashjain/.m2/repository/org/apache/kerby/kerby-pkix/1.0.1/kerby-pkix-1.0.1.jar:/Users/arkashjain/.m2/repository/org/apache/kerby/kerby-asn1/1.0.1/kerby-asn1-1.0.1.jar:/Users/arkashjain/.m2/repository/org/apache/kerby/kerby-util/1.0.1/kerby-util-1.0.1.jar:/Users/arkashjain/.m2/repository/org/codehaus/woodstox/stax2-api/4.2.1/stax2-api-4.2.1.jar:/Users/arkashjain/.m2/repository/com/fasterxml/woodstox/woodstox-core/5.4.0/woodstox-core-5.4.0.jar:/Users/arkashjain/.m2/repository/dnsjava/dnsjava/2.1.7/dnsjava-2.1.7.jar:/Users/arkashjain/.m2/repository/org/xerial/snappy/snappy-java/1.1.8.2/snappy-java-1.1.8.2.jar:/Users/arkashjain/.m2/repository/org/apache/hadoop/hadoop-hdfs-client/3.3.6/hadoop-hdfs-client-3.3.6.jar:/Users/arkashjain/.m2/repository/com/squareup/okhttp3/okhttp/4.9.3/okhttp-4.9.3.jar:/Users/arkashjain/.m2/repository/com/squareup/okio/okio/2.8.0/okio-2.8.0.jar:/Users/arkashjain/.m2/repository/org/jetbrains/kotlin/kotlin-stdlib/1.4.10/kotlin-stdlib-1.4.10.jar:/Users/arkashjain/.m2/repository/org/jetbrains/kotlin/kotlin-stdlib-common/1.4.10/kotlin-stdlib-common-1.4.10.jar:"/>
    <property name="java.vm.vendor" value="Oracle Corporation"/>
    <property name="sun.arch.data.model" value="64"/>
    <property name="java.vendor.url" value="https://openjdk.java.net/"/>
    <property name="user.timezone" value="America/New_York"/>
    <property name="java.vm.specification.version" value="11"/>
    <property name="os.name" value="Mac OS X"/>
    <property name="jdk.lang.Process.launchMechanism" value="POSIX_SPAWN"/>
    <property name="sun.java.launcher" value="SUN_STANDARD"/>
    <property name="user.country" value="US"/>
    <property name="sun.boot.library.path" value="/Library/Java/JavaVirtualMachines/jdk-11.jdk/Contents/Home/lib"/>
    <property name="sun.java.command" value="/Users/arkashjain/Desktop/Spring2024/CS551/project/cloud-provider-benchmarks/nexmark-kafka/target/surefire/surefirebooter2617612872327747442.jar /Users/arkashjain/Desktop/Spring2024/CS551/project/cloud-provider-benchmarks/nexmark-kafka/target/surefire 2024-04-29T09-25-33_035-jvmRun1 surefire2948822110970661801tmp surefire_05138328194495956370tmp"/>
    <property name="http.nonProxyHosts" value="local|*.local|169.254/16|*.169.254/16"/>
    <property name="jdk.debug" value="release"/>
    <property name="surefire.test.class.path" value="/Users/arkashjain/Desktop/Spring2024/CS551/project/cloud-provider-benchmarks/nexmark-kafka/target/test-classes:/Users/arkashjain/Desktop/Spring2024/CS551/project/cloud-provider-benchmarks/nexmark-kafka/target/classes:/Users/arkashjain/.m2/repository/org/apache/flink/flink-streaming-java/1.18.1/flink-streaming-java-1.18.1.jar:/Users/arkashjain/.m2/repository/org/apache/flink/flink-file-sink-common/1.18.1/flink-file-sink-common-1.18.1.jar:/Users/arkashjain/.m2/repository/org/apache/flink/flink-runtime/1.18.1/flink-runtime-1.18.1.jar:/Users/arkashjain/.m2/repository/org/apache/flink/flink-rpc-core/1.18.1/flink-rpc-core-1.18.1.jar:/Users/arkashjain/.m2/repository/org/apache/flink/flink-rpc-akka-loader/1.18.1/flink-rpc-akka-loader-1.18.1.jar:/Users/arkashjain/.m2/repository/org/apache/flink/flink-queryable-state-client-java/1.18.1/flink-queryable-state-client-java-1.18.1.jar:/Users/arkashjain/.m2/repository/org/apache/flink/flink-hadoop-fs/1.18.1/flink-hadoop-fs-1.18.1.jar:/Users/arkashjain/.m2/repository/org/apache/flink/flink-shaded-zookeeper-3/3.7.1-17.0/flink-shaded-zookeeper-3-3.7.1-17.0.jar:/Users/arkashjain/.m2/repository/org/javassist/javassist/3.24.0-GA/javassist-3.24.0-GA.jar:/Users/arkashjain/.m2/repository/org/lz4/lz4-java/1.8.0/lz4-java-1.8.0.jar:/Users/arkashjain/.m2/repository/org/apache/flink/flink-java/1.18.1/flink-java-1.18.1.jar:/Users/arkashjain/.m2/repository/com/twitter/chill-java/0.7.6/chill-java-0.7.6.jar:/Users/arkashjain/.m2/repository/org/apache/flink/flink-shaded-guava/31.1-jre-17.0/flink-shaded-guava-31.1-jre-17.0.jar:/Users/arkashjain/.m2/repository/org/apache/commons/commons-math3/3.6.1/commons-math3-3.6.1.jar:/Users/arkashjain/.m2/repository/org/slf4j/slf4j-api/1.7.36/slf4j-api-1.7.36.jar:/Users/arkashjain/.m2/repository/com/google/code/findbugs/jsr305/1.3.9/jsr305-1.3.9.jar:/Users/arkashjain/.m2/repository/org/apache/beam/beam-sdks-java-nexmark/2.3.0/beam-sdks-java-nexmark-2.3.0.jar:/Users/arkashjain/.m2/repository/org/apache/beam/beam-sdks-java-core/2.3.0/beam-sdks-java-core-2.3.0.jar:/Users/arkashjain/.m2/repository/com/github/stephenc/findbugs/findbugs-annotations/1.3.9-1/findbugs-annotations-1.3.9-1.jar:/Users/arkashjain/.m2/repository/org/apache/beam/beam-sdks-java-io-google-cloud-platform/2.3.0/beam-sdks-java-io-google-cloud-platform-2.3.0.jar:/Users/arkashjain/.m2/repository/org/apache/beam/beam-sdks-java-extensions-protobuf/2.3.0/beam-sdks-java-extensions-protobuf-2.3.0.jar:/Users/arkashjain/.m2/repository/io/grpc/grpc-core/1.2.0/grpc-core-1.2.0.jar:/Users/arkashjain/.m2/repository/com/google/errorprone/error_prone_annotations/2.0.11/error_prone_annotations-2.0.11.jar:/Users/arkashjain/.m2/repository/io/grpc/grpc-context/1.2.0/grpc-context-1.2.0.jar:/Users/arkashjain/.m2/repository/com/google/instrumentation/instrumentation-api/0.3.0/instrumentation-api-0.3.0.jar:/Users/arkashjain/.m2/repository/com/google/api/gax-grpc/0.20.0/gax-grpc-0.20.0.jar:/Users/arkashjain/.m2/repository/io/grpc/grpc-protobuf/1.2.0/grpc-protobuf-1.2.0.jar:/Users/arkashjain/.m2/repository/com/google/api/api-common/1.1.0/api-common-1.1.0.jar:/Users/arkashjain/.m2/repository/com/google/auto/value/auto-value/1.2/auto-value-1.2.jar:/Users/arkashjain/.m2/repository/com/google/api/gax/1.3.1/gax-1.3.1.jar:/Users/arkashjain/.m2/repository/org/threeten/threetenbp/1.3.3/threetenbp-1.3.3.jar:/Users/arkashjain/.m2/repository/com/google/cloud/google-cloud-core-grpc/1.2.0/google-cloud-core-grpc-1.2.0.jar:/Users/arkashjain/.m2/repository/com/google/protobuf/protobuf-java-util/3.2.0/protobuf-java-util-3.2.0.jar:/Users/arkashjain/.m2/repository/com/google/apis/google-api-services-pubsub/v1-rev10-1.22.0/google-api-services-pubsub-v1-rev10-1.22.0.jar:/Users/arkashjain/.m2/repository/com/google/api/grpc/grpc-google-cloud-pubsub-v1/0.1.18/grpc-google-cloud-pubsub-v1-0.1.18.jar:/Users/arkashjain/.m2/repository/com/google/api/grpc/proto-google-cloud-pubsub-v1/0.1.18/proto-google-cloud-pubsub-v1-0.1.18.jar:/Users/arkashjain/.m2/repository/com/google/api/grpc/proto-google-iam-v1/0.1.18/proto-google-iam-v1-0.1.18.jar:/Users/arkashjain/.m2/repository/com/google/cloud/bigdataoss/util/1.4.5/util-1.4.5.jar:/Users/arkashjain/.m2/repository/com/google/api-client/google-api-client-java6/1.20.0/google-api-client-java6-1.20.0.jar:/Users/arkashjain/.m2/repository/com/google/api-client/google-api-client-jackson2/1.20.0/google-api-client-jackson2-1.20.0.jar:/Users/arkashjain/.m2/repository/com/google/oauth-client/google-oauth-client/1.20.0/google-oauth-client-1.20.0.jar:/Users/arkashjain/.m2/repository/com/google/oauth-client/google-oauth-client-java6/1.20.0/google-oauth-client-java6-1.20.0.jar:/Users/arkashjain/.m2/repository/com/google/cloud/datastore/datastore-v1-proto-client/1.4.0/datastore-v1-proto-client-1.4.0.jar:/Users/arkashjain/.m2/repository/com/google/http-client/google-http-client-protobuf/1.20.0/google-http-client-protobuf-1.20.0.jar:/Users/arkashjain/.m2/repository/com/google/http-client/google-http-client-jackson/1.20.0/google-http-client-jackson-1.20.0.jar:/Users/arkashjain/.m2/repository/com/google/cloud/datastore/datastore-v1-protos/1.3.0/datastore-v1-protos-1.3.0.jar:/Users/arkashjain/.m2/repository/com/google/api/grpc/grpc-google-common-protos/0.1.0/grpc-google-common-protos-0.1.0.jar:/Users/arkashjain/.m2/repository/io/grpc/grpc-auth/1.2.0/grpc-auth-1.2.0.jar:/Users/arkashjain/.m2/repository/io/grpc/grpc-netty/1.2.0/grpc-netty-1.2.0.jar:/Users/arkashjain/.m2/repository/io/netty/netty-codec-http2/4.1.8.Final/netty-codec-http2-4.1.8.Final.jar:/Users/arkashjain/.m2/repository/io/netty/netty-codec-http/4.1.8.Final/netty-codec-http-4.1.8.Final.jar:/Users/arkashjain/.m2/repository/io/netty/netty-handler-proxy/4.1.8.Final/netty-handler-proxy-4.1.8.Final.jar:/Users/arkashjain/.m2/repository/io/netty/netty-codec-socks/4.1.8.Final/netty-codec-socks-4.1.8.Final.jar:/Users/arkashjain/.m2/repository/io/netty/netty-handler/4.1.8.Final/netty-handler-4.1.8.Final.jar:/Users/arkashjain/.m2/repository/io/netty/netty-buffer/4.1.8.Final/netty-buffer-4.1.8.Final.jar:/Users/arkashjain/.m2/repository/io/netty/netty-transport/4.1.8.Final/netty-transport-4.1.8.Final.jar:/Users/arkashjain/.m2/repository/io/netty/netty-resolver/4.1.8.Final/netty-resolver-4.1.8.Final.jar:/Users/arkashjain/.m2/repository/io/netty/netty-codec/4.1.8.Final/netty-codec-4.1.8.Final.jar:/Users/arkashjain/.m2/repository/io/grpc/grpc-stub/1.2.0/grpc-stub-1.2.0.jar:/Users/arkashjain/.m2/repository/io/grpc/grpc-all/1.2.0/grpc-all-1.2.0.jar:/Users/arkashjain/.m2/repository/io/grpc/grpc-okhttp/1.2.0/grpc-okhttp-1.2.0.jar:/Users/arkashjain/.m2/repository/com/squareup/okhttp/okhttp/2.5.0/okhttp-2.5.0.jar:/Users/arkashjain/.m2/repository/io/grpc/grpc-protobuf-lite/1.2.0/grpc-protobuf-lite-1.2.0.jar:/Users/arkashjain/.m2/repository/io/grpc/grpc-protobuf-nano/1.2.0/grpc-protobuf-nano-1.2.0.jar:/Users/arkashjain/.m2/repository/com/google/protobuf/nano/protobuf-javanano/3.0.0-alpha-5/protobuf-javanano-3.0.0-alpha-5.jar:/Users/arkashjain/.m2/repository/com/google/cloud/google-cloud-core/1.0.2/google-cloud-core-1.0.2.jar:/Users/arkashjain/.m2/repository/org/json/json/20160810/json-20160810.jar:/Users/arkashjain/.m2/repository/com/google/cloud/google-cloud-spanner/0.20.0-beta/google-cloud-spanner-0.20.0-beta.jar:/Users/arkashjain/.m2/repository/com/google/api/grpc/proto-google-cloud-spanner-v1/0.1.11/proto-google-cloud-spanner-v1-0.1.11.jar:/Users/arkashjain/.m2/repository/com/google/api/grpc/proto-google-cloud-spanner-admin-instance-v1/0.1.11/proto-google-cloud-spanner-admin-instance-v1-0.1.11.jar:/Users/arkashjain/.m2/repository/com/google/api/grpc/grpc-google-cloud-spanner-v1/0.1.11/grpc-google-cloud-spanner-v1-0.1.11.jar:/Users/arkashjain/.m2/repository/com/google/api/grpc/grpc-google-cloud-spanner-admin-database-v1/0.1.11/grpc-google-cloud-spanner-admin-database-v1-0.1.11.jar:/Users/arkashjain/.m2/repository/com/google/api/grpc/grpc-google-cloud-spanner-admin-instance-v1/0.1.11/grpc-google-cloud-spanner-admin-instance-v1-0.1.11.jar:/Users/arkashjain/.m2/repository/com/google/api/grpc/grpc-google-longrunning-v1/0.1.11/grpc-google-longrunning-v1-0.1.11.jar:/Users/arkashjain/.m2/repository/com/google/api/grpc/proto-google-longrunning-v1/0.1.11/proto-google-longrunning-v1-0.1.11.jar:/Users/arkashjain/.m2/repository/com/google/cloud/bigtable/bigtable-protos/1.0.0-pre3/bigtable-protos-1.0.0-pre3.jar:/Users/arkashjain/.m2/repository/com/google/cloud/bigtable/bigtable-client-core/1.0.0/bigtable-client-core-1.0.0.jar:/Users/arkashjain/.m2/repository/com/google/auth/google-auth-library-appengine/0.7.0/google-auth-library-appengine-0.7.0.jar:/Users/arkashjain/.m2/repository/io/opencensus/opencensus-contrib-grpc-util/0.7.0/opencensus-contrib-grpc-util-0.7.0.jar:/Users/arkashjain/.m2/repository/io/opencensus/opencensus-api/0.7.0/opencensus-api-0.7.0.jar:/Users/arkashjain/.m2/repository/com/google/api-client/google-api-client/1.22.0/google-api-client-1.22.0.jar:/Users/arkashjain/.m2/repository/com/google/http-client/google-http-client/1.22.0/google-http-client-1.22.0.jar:/Users/arkashjain/.m2/repository/com/google/http-client/google-http-client-jackson2/1.22.0/google-http-client-jackson2-1.22.0.jar:/Users/arkashjain/.m2/repository/com/google/auth/google-auth-library-credentials/0.7.1/google-auth-library-credentials-0.7.1.jar:/Users/arkashjain/.m2/repository/com/google/auth/google-auth-library-oauth2-http/0.7.1/google-auth-library-oauth2-http-0.7.1.jar:/Users/arkashjain/.m2/repository/io/netty/netty-tcnative-boringssl-static/1.1.33.Fork26/netty-tcnative-boringssl-static-1.1.33.Fork26.jar:/Users/arkashjain/.m2/repository/com/google/api/grpc/proto-google-cloud-spanner-admin-database-v1/0.1.9/proto-google-cloud-spanner-admin-database-v1-0.1.9.jar:/Users/arkashjain/.m2/repository/com/google/api/grpc/proto-google-common-protos/0.1.9/proto-google-common-protos-0.1.9.jar:/Users/arkashjain/.m2/repository/org/apache/beam/beam-sdks-java-extensions-google-cloud-platform-core/2.3.0/beam-sdks-java-extensions-google-cloud-platform-core-2.3.0.jar:/Users/arkashjain/.m2/repository/com/google/cloud/bigdataoss/gcsio/1.4.5/gcsio-1.4.5.jar:/Users/arkashjain/.m2/repository/com/google/apis/google-api-services-cloudresourcemanager/v1-rev6-1.22.0/google-api-services-cloudresourcemanager-v1-rev6-1.22.0.jar:/Users/arkashjain/.m2/repository/com/google/apis/google-api-services-storage/v1-rev71-1.22.0/google-api-services-storage-v1-rev71-1.22.0.jar:/Users/arkashjain/.m2/repository/com/google/apis/google-api-services-bigquery/v2-rev355-1.22.0/google-api-services-bigquery-v2-rev355-1.22.0.jar:/Users/arkashjain/.m2/repository/com/fasterxml/jackson/core/jackson-core/2.8.9/jackson-core-2.8.9.jar:/Users/arkashjain/.m2/repository/com/fasterxml/jackson/core/jackson-annotations/2.8.9/jackson-annotations-2.8.9.jar:/Users/arkashjain/.m2/repository/com/fasterxml/jackson/core/jackson-databind/2.8.9/jackson-databind-2.8.9.jar:/Users/arkashjain/.m2/repository/org/apache/avro/avro/1.8.2/avro-1.8.2.jar:/Users/arkashjain/.m2/repository/org/codehaus/jackson/jackson-core-asl/1.9.13/jackson-core-asl-1.9.13.jar:/Users/arkashjain/.m2/repository/org/codehaus/jackson/jackson-mapper-asl/1.9.13/jackson-mapper-asl-1.9.13.jar:/Users/arkashjain/.m2/repository/com/thoughtworks/paranamer/paranamer/2.7/paranamer-2.7.jar:/Users/arkashjain/.m2/repository/org/tukaani/xz/1.5/xz-1.5.jar:/Users/arkashjain/.m2/repository/joda-time/joda-time/2.4/joda-time-2.4.jar:/Users/arkashjain/.m2/repository/org/slf4j/slf4j-jdk14/1.7.25/slf4j-jdk14-1.7.25.jar:/Users/arkashjain/.m2/repository/org/hamcrest/hamcrest-core/1.3/hamcrest-core-1.3.jar:/Users/arkashjain/.m2/repository/org/apache/beam/beam-runners-direct-java/2.3.0/beam-runners-direct-java-2.3.0.jar:/Users/arkashjain/.m2/repository/org/apache/beam/beam-runners-local-java-core/2.3.0/beam-runners-local-java-core-2.3.0.jar:/Users/arkashjain/.m2/repository/org/apache/beam/beam-sdks-java-extensions-sql/2.3.0/beam-sdks-java-extensions-sql-2.3.0.jar:/Users/arkashjain/.m2/repository/org/apache/commons/commons-csv/1.4/commons-csv-1.4.jar:/Users/arkashjain/.m2/repository/org/apache/beam/beam-sdks-java-extensions-join-library/2.3.0/beam-sdks-java-extensions-join-library-2.3.0.jar:/Users/arkashjain/.m2/repository/com/alibaba/fastjson/1.2.12/fastjson-1.2.12.jar:/Users/arkashjain/.m2/repository/org/apache/commons/commons-lang3/3.6/commons-lang3-3.6.jar:/Users/arkashjain/.m2/repository/org/apache/flink/flink-connector-kafka/3.0.1-1.18/flink-connector-kafka-3.0.1-1.18.jar:/Users/arkashjain/.m2/repository/org/apache/flink/flink-connector-base/1.17.0/flink-connector-base-1.17.0.jar:/Users/arkashjain/.m2/repository/org/apache/kafka/kafka-clients/3.2.3/kafka-clients-3.2.3.jar:/Users/arkashjain/.m2/repository/com/github/luben/zstd-jni/1.5.2-1/zstd-jni-1.5.2-1.jar:/Users/arkashjain/.m2/repository/com/fasterxml/jackson/datatype/jackson-datatype-jsr310/2.15.2/jackson-datatype-jsr310-2.15.2.jar:/Users/arkashjain/.m2/repository/com/fasterxml/jackson/datatype/jackson-datatype-jdk8/2.15.2/jackson-datatype-jdk8-2.15.2.jar:/Users/arkashjain/.m2/repository/org/apache/flink/flink-runtime-web/1.18.1/flink-runtime-web-1.18.1.jar:/Users/arkashjain/.m2/repository/org/apache/flink/flink-clients/1.18.1/flink-clients-1.18.1.jar:/Users/arkashjain/.m2/repository/org/apache/flink/flink-optimizer/1.18.1/flink-optimizer-1.18.1.jar:/Users/arkashjain/.m2/repository/org/apache/flink/flink-shaded-netty/4.1.91.Final-17.0/flink-shaded-netty-4.1.91.Final-17.0.jar:/Users/arkashjain/.m2/repository/org/apache/flink/flink-shaded-jackson/2.14.2-17.0/flink-shaded-jackson-2.14.2-17.0.jar:/Users/arkashjain/.m2/repository/junit/junit/4.13.2/junit-4.13.2.jar:/Users/arkashjain/.m2/repository/org/apache/flink/flink-core/1.18.0/flink-core-1.18.0.jar:/Users/arkashjain/.m2/repository/org/apache/flink/flink-annotations/1.18.0/flink-annotations-1.18.0.jar:/Users/arkashjain/.m2/repository/org/apache/flink/flink-metrics-core/1.18.0/flink-metrics-core-1.18.0.jar:/Users/arkashjain/.m2/repository/org/apache/flink/flink-shaded-asm-9/9.5-17.0/flink-shaded-asm-9-9.5-17.0.jar:/Users/arkashjain/.m2/repository/org/apache/commons/commons-text/1.10.0/commons-text-1.10.0.jar:/Users/arkashjain/.m2/repository/com/esotericsoftware/kryo/kryo/2.24.0/kryo-2.24.0.jar:/Users/arkashjain/.m2/repository/com/esotericsoftware/minlog/minlog/1.2/minlog-1.2.jar:/Users/arkashjain/.m2/repository/org/objenesis/objenesis/2.1/objenesis-2.1.jar:/Users/arkashjain/.m2/repository/commons-collections/commons-collections/3.2.2/commons-collections-3.2.2.jar:/Users/arkashjain/.m2/repository/org/apache/commons/commons-compress/1.21/commons-compress-1.21.jar:/Users/arkashjain/.m2/repository/org/apache/hadoop/hadoop-common/3.3.6/hadoop-common-3.3.6.jar:/Users/arkashjain/.m2/repository/org/apache/hadoop/thirdparty/hadoop-shaded-protobuf_3_7/1.1.1/hadoop-shaded-protobuf_3_7-1.1.1.jar:/Users/arkashjain/.m2/repository/org/apache/hadoop/hadoop-annotations/3.3.6/hadoop-annotations-3.3.6.jar:/Users/arkashjain/.m2/repository/org/apache/hadoop/thirdparty/hadoop-shaded-guava/1.1.1/hadoop-shaded-guava-1.1.1.jar:/Users/arkashjain/.m2/repository/com/google/guava/guava/27.0-jre/guava-27.0-jre.jar:/Users/arkashjain/.m2/repository/com/google/guava/failureaccess/1.0/failureaccess-1.0.jar:/Users/arkashjain/.m2/repository/com/google/guava/listenablefuture/9999.0-empty-to-avoid-conflict-with-guava/listenablefuture-9999.0-empty-to-avoid-conflict-with-guava.jar:/Users/arkashjain/.m2/repository/org/checkerframework/checker-qual/2.5.2/checker-qual-2.5.2.jar:/Users/arkashjain/.m2/repository/com/google/j2objc/j2objc-annotations/1.1/j2objc-annotations-1.1.jar:/Users/arkashjain/.m2/repository/org/codehaus/mojo/animal-sniffer-annotations/1.17/animal-sniffer-annotations-1.17.jar:/Users/arkashjain/.m2/repository/commons-cli/commons-cli/1.2/commons-cli-1.2.jar:/Users/arkashjain/.m2/repository/org/apache/httpcomponents/httpclient/4.5.13/httpclient-4.5.13.jar:/Users/arkashjain/.m2/repository/org/apache/httpcomponents/httpcore/4.4.13/httpcore-4.4.13.jar:/Users/arkashjain/.m2/repository/commons-codec/commons-codec/1.15/commons-codec-1.15.jar:/Users/arkashjain/.m2/repository/commons-io/commons-io/2.8.0/commons-io-2.8.0.jar:/Users/arkashjain/.m2/repository/commons-net/commons-net/3.9.0/commons-net-3.9.0.jar:/Users/arkashjain/.m2/repository/javax/servlet/javax.servlet-api/3.1.0/javax.servlet-api-3.1.0.jar:/Users/arkashjain/.m2/repository/jakarta/activation/jakarta.activation-api/1.2.1/jakarta.activation-api-1.2.1.jar:/Users/arkashjain/.m2/repository/org/eclipse/jetty/jetty-server/9.4.51.v20230217/jetty-server-9.4.51.v20230217.jar:/Users/arkashjain/.m2/repository/org/eclipse/jetty/jetty-http/9.4.51.v20230217/jetty-http-9.4.51.v20230217.jar:/Users/arkashjain/.m2/repository/org/eclipse/jetty/jetty-io/9.4.51.v20230217/jetty-io-9.4.51.v20230217.jar:/Users/arkashjain/.m2/repository/org/eclipse/jetty/jetty-util/9.4.51.v20230217/jetty-util-9.4.51.v20230217.jar:/Users/arkashjain/.m2/repository/org/eclipse/jetty/jetty-servlet/9.4.51.v20230217/jetty-servlet-9.4.51.v20230217.jar:/Users/arkashjain/.m2/repository/org/eclipse/jetty/jetty-security/9.4.51.v20230217/jetty-security-9.4.51.v20230217.jar:/Users/arkashjain/.m2/repository/org/eclipse/jetty/jetty-util-ajax/9.4.51.v20230217/jetty-util-ajax-9.4.51.v20230217.jar:/Users/arkashjain/.m2/repository/org/eclipse/jetty/jetty-webapp/9.4.51.v20230217/jetty-webapp-9.4.51.v20230217.jar:/Users/arkashjain/.m2/repository/org/eclipse/jetty/jetty-xml/9.4.51.v20230217/jetty-xml-9.4.51.v20230217.jar:/Users/arkashjain/.m2/repository/javax/servlet/jsp/jsp-api/2.1/jsp-api-2.1.jar:/Users/arkashjain/.m2/repository/com/sun/jersey/jersey-core/1.19.4/jersey-core-1.19.4.jar:/Users/arkashjain/.m2/repository/javax/ws/rs/jsr311-api/1.1.1/jsr311-api-1.1.1.jar:/Users/arkashjain/.m2/repository/com/sun/jersey/jersey-servlet/1.19.4/jersey-servlet-1.19.4.jar:/Users/arkashjain/.m2/repository/com/github/pjfanning/jersey-json/1.20/jersey-json-1.20.jar:/Users/arkashjain/.m2/repository/org/codehaus/jettison/jettison/1.1/jettison-1.1.jar:/Users/arkashjain/.m2/repository/com/sun/xml/bind/jaxb-impl/2.2.3-1/jaxb-impl-2.2.3-1.jar:/Users/arkashjain/.m2/repository/javax/xml/bind/jaxb-api/2.2.2/jaxb-api-2.2.2.jar:/Users/arkashjain/.m2/repository/javax/xml/stream/stax-api/1.0-2/stax-api-1.0-2.jar:/Users/arkashjain/.m2/repository/javax/activation/activation/1.1/activation-1.1.jar:/Users/arkashjain/.m2/repository/com/sun/jersey/jersey-server/1.19.4/jersey-server-1.19.4.jar:/Users/arkashjain/.m2/repository/commons-logging/commons-logging/1.1.3/commons-logging-1.1.3.jar:/Users/arkashjain/.m2/repository/ch/qos/reload4j/reload4j/1.2.22/reload4j-1.2.22.jar:/Users/arkashjain/.m2/repository/commons-beanutils/commons-beanutils/1.9.4/commons-beanutils-1.9.4.jar:/Users/arkashjain/.m2/repository/org/apache/commons/commons-configuration2/2.8.0/commons-configuration2-2.8.0.jar:/Users/arkashjain/.m2/repository/org/slf4j/slf4j-reload4j/1.7.36/slf4j-reload4j-1.7.36.jar:/Users/arkashjain/.m2/repository/com/google/re2j/re2j/1.1/re2j-1.1.jar:/Users/arkashjain/.m2/repository/com/google/protobuf/protobuf-java/2.5.0/protobuf-java-2.5.0.jar:/Users/arkashjain/.m2/repository/com/google/code/gson/gson/2.9.0/gson-2.9.0.jar:/Users/arkashjain/.m2/repository/org/apache/hadoop/hadoop-auth/3.3.6/hadoop-auth-3.3.6.jar:/Users/arkashjain/.m2/repository/com/nimbusds/nimbus-jose-jwt/9.8.1/nimbus-jose-jwt-9.8.1.jar:/Users/arkashjain/.m2/repository/com/github/stephenc/jcip/jcip-annotations/1.0-1/jcip-annotations-1.0-1.jar:/Users/arkashjain/.m2/repository/org/apache/curator/curator-framework/5.2.0/curator-framework-5.2.0.jar:/Users/arkashjain/.m2/repository/org/apache/kerby/kerb-simplekdc/1.0.1/kerb-simplekdc-1.0.1.jar:/Users/arkashjain/.m2/repository/org/apache/kerby/kerb-client/1.0.1/kerb-client-1.0.1.jar:/Users/arkashjain/.m2/repository/org/apache/kerby/kerby-config/1.0.1/kerby-config-1.0.1.jar:/Users/arkashjain/.m2/repository/org/apache/kerby/kerb-common/1.0.1/kerb-common-1.0.1.jar:/Users/arkashjain/.m2/repository/org/apache/kerby/kerb-crypto/1.0.1/kerb-crypto-1.0.1.jar:/Users/arkashjain/.m2/repository/org/apache/kerby/kerb-util/1.0.1/kerb-util-1.0.1.jar:/Users/arkashjain/.m2/repository/org/apache/kerby/token-provider/1.0.1/token-provider-1.0.1.jar:/Users/arkashjain/.m2/repository/org/apache/kerby/kerb-admin/1.0.1/kerb-admin-1.0.1.jar:/Users/arkashjain/.m2/repository/org/apache/kerby/kerb-server/1.0.1/kerb-server-1.0.1.jar:/Users/arkashjain/.m2/repository/org/apache/kerby/kerb-identity/1.0.1/kerb-identity-1.0.1.jar:/Users/arkashjain/.m2/repository/org/apache/kerby/kerby-xdr/1.0.1/kerby-xdr-1.0.1.jar:/Users/arkashjain/.m2/repository/com/jcraft/jsch/0.1.55/jsch-0.1.55.jar:/Users/arkashjain/.m2/repository/org/apache/curator/curator-client/5.2.0/curator-client-5.2.0.jar:/Users/arkashjain/.m2/repository/org/apache/curator/curator-recipes/5.2.0/curator-recipes-5.2.0.jar:/Users/arkashjain/.m2/repository/org/apache/zookeeper/zookeeper/3.6.3/zookeeper-3.6.3.jar:/Users/arkashjain/.m2/repository/org/apache/zookeeper/zookeeper-jute/3.6.3/zookeeper-jute-3.6.3.jar:/Users/arkashjain/.m2/repository/org/apache/yetus/audience-annotations/0.5.0/audience-annotations-0.5.0.jar:/Users/arkashjain/.m2/repository/io/netty/netty-transport-native-epoll/4.1.63.Final/netty-transport-native-epoll-4.1.63.Final.jar:/Users/arkashjain/.m2/repository/io/netty/netty-common/4.1.63.Final/netty-common-4.1.63.Final.jar:/Users/arkashjain/.m2/repository/io/netty/netty-transport-native-unix-common/4.1.63.Final/netty-transport-native-unix-common-4.1.63.Final.jar:/Users/arkashjain/.m2/repository/org/slf4j/slf4j-log4j12/1.7.25/slf4j-log4j12-1.7.25.jar:/Users/arkashjain/.m2/repository/log4j/log4j/1.2.17/log4j-1.2.17.jar:/Users/arkashjain/.m2/repository/io/dropwizard/metrics/metrics-core/3.2.4/metrics-core-3.2.4.jar:/Users/arkashjain/.m2/repository/org/apache/kerby/kerb-core/1.0.1/kerb-core-1.0.1.jar:/Users/arkashjain/.m2/repository/org/apache/kerby/kerby-pkix/1.0.1/kerby-pkix-1.0.1.jar:/Users/arkashjain/.m2/repository/org/apache/kerby/kerby-asn1/1.0.1/kerby-asn1-1.0.1.jar:/Users/arkashjain/.m2/repository/org/apache/kerby/kerby-util/1.0.1/kerby-util-1.0.1.jar:/Users/arkashjain/.m2/repository/org/codehaus/woodstox/stax2-api/4.2.1/stax2-api-4.2.1.jar:/Users/arkashjain/.m2/repository/com/fasterxml/woodstox/woodstox-core/5.4.0/woodstox-core-5.4.0.jar:/Users/arkashjain/.m2/repository/dnsjava/dnsjava/2.1.7/dnsjava-2.1.7.jar:/Users/arkashjain/.m2/repository/org/xerial/snappy/snappy-java/1.1.8.2/snappy-java-1.1.8.2.jar:/Users/arkashjain/.m2/repository/org/apache/hadoop/hadoop-hdfs-client/3.3.6/hadoop-hdfs-client-3.3.6.jar:/Users/arkashjain/.m2/repository/com/squareup/okhttp3/okhttp/4.9.3/okhttp-4.9.3.jar:/Users/arkashjain/.m2/repository/com/squareup/okio/okio/2.8.0/okio-2.8.0.jar:/Users/arkashjain/.m2/repository/org/jetbrains/kotlin/kotlin-stdlib/1.4.10/kotlin-stdlib-1.4.10.jar:/Users/arkashjain/.m2/repository/org/jetbrains/kotlin/kotlin-stdlib-common/1.4.10/kotlin-stdlib-common-1.4.10.jar:"/>
    <property name="sun.cpu.endian" value="little"/>
    <property name="user.home" value="/Users/arkashjain"/>
    <property name="user.language" value="en"/>
    <property name="java.specification.vendor" value="Oracle Corporation"/>
    <property name="java.version.date" value="2023-10-17"/>
    <property name="java.home" value="/Library/Java/JavaVirtualMachines/jdk-11.jdk/Contents/Home"/>
    <property name="file.separator" value="/"/>
    <property name="basedir" value="/Users/arkashjain/Desktop/Spring2024/CS551/project/cloud-provider-benchmarks/nexmark-kafka"/>
    <property name="java.vm.compressedOopsMode" value="Zero based"/>
    <property name="line.separator" value="&#10;"/>
    <property name="java.specification.name" value="Java Platform API Specification"/>
    <property name="java.vm.specification.vendor" value="Oracle Corporation"/>
    <property name="java.awt.graphicsenv" value="sun.awt.CGraphicsEnvironment"/>
    <property name="surefire.real.class.path" value="/Users/arkashjain/Desktop/Spring2024/CS551/project/cloud-provider-benchmarks/nexmark-kafka/target/surefire/surefirebooter2617612872327747442.jar"/>
    <property name="sun.management.compiler" value="HotSpot 64-Bit Tiered Compilers"/>
    <property name="ftp.nonProxyHosts" value="local|*.local|169.254/16|*.169.254/16"/>
    <property name="java.runtime.version" value="11.0.21+9-LTS-193"/>
    <property name="user.name" value="arkashjain"/>
    <property name="path.separator" value=":"/>
    <property name="os.version" value="14.4.1"/>
    <property name="java.runtime.name" value="Java(TM) SE Runtime Environment"/>
    <property name="file.encoding" value="UTF-8"/>
    <property name="java.vm.name" value="Java HotSpot(TM) 64-Bit Server VM"/>
    <property name="java.vendor.version" value="18.9"/>
    <property name="localRepository" value="/Users/arkashjain/.m2/repository"/>
    <property name="java.vendor.url.bug" value="https://bugreport.java.com/bugreport/"/>
    <property name="java.io.tmpdir" value="/var/folders/9y/mg706rlj3cx1fsv47rlmtqq40000gn/T/"/>
    <property name="java.version" value="11.0.21"/>
    <property name="user.dir" value="/Users/arkashjain/Desktop/Spring2024/CS551/project/cloud-provider-benchmarks/nexmark-kafka"/>
    <property name="os.arch" value="aarch64"/>
    <property name="java.vm.specification.name" value="Java Virtual Machine Specification"/>
    <property name="java.awt.printerjob" value="sun.lwawt.macosx.CPrinterJob"/>
    <property name="sun.os.patch.level" value="unknown"/>
    <property name="java.library.path" value="/Users/arkashjain/Library/Java/Extensions:/Library/Java/Extensions:/Network/Library/Java/Extensions:/System/Library/Java/Extensions:/usr/lib/java:."/>
    <property name="java.vendor" value="Oracle Corporation"/>
    <property name="java.vm.info" value="mixed mode"/>
    <property name="java.vm.version" value="11.0.21+9-LTS-193"/>
    <property name="java.specification.maintenance.version" value="2"/>
    <property name="sun.io.unicode.encoding" value="UnicodeBig"/>
    <property name="java.class.version" value="55.0"/>
    <property name="socksNonProxyHosts" value="local|*.local|169.254/16|*.169.254/16"/>
  </properties>
  <testcase name="testCategoryAndStateFiltering" classname="flink.test.testQuery3" time="0.994">
    <system-out><![CDATA[Printing result to stdout. Use DummyLatencyCountingSink to measure latency.
==========[(Alice,Portland,OR,1), (Bob,Boise,ID,3)]=============
]]></system-out>
    <system-err><![CDATA[Apr 29, 2024 9:25:52 AM org.apache.flink.api.java.typeutils.TypeExtractor analyzePojo
INFO: The default constructor of class org.apache.beam.sdk.nexmark.model.Person is not Public so it cannot be used as a POJO type and must be processed as GenericType. Please read the Flink documentation on "Data Types & Serialization" for details of the effect on performance and schema evolution.
Apr 29, 2024 9:25:52 AM org.apache.flink.api.java.typeutils.TypeExtractor analyzePojo
INFO: The default constructor of class org.apache.beam.sdk.nexmark.model.Auction is not Public so it cannot be used as a POJO type and must be processed as GenericType. Please read the Flink documentation on "Data Types & Serialization" for details of the effect on performance and schema evolution.
Apr 29, 2024 9:25:52 AM org.apache.flink.api.java.typeutils.runtime.kryo.KryoSerializer getKryoInstance
INFO: Kryo serializer scala extensions are not available.
Apr 29, 2024 9:25:52 AM org.apache.flink.api.java.typeutils.runtime.kryo.KryoSerializer getKryoInstance
INFO: Kryo serializer scala extensions are not available.
Apr 29, 2024 9:25:52 AM org.apache.flink.runtime.taskexecutor.TaskExecutorResourceUtils setConfigOptionToDefaultIfNotSet
INFO: The configuration option taskmanager.cpu.cores required for local execution is not set, setting it to the maximal possible value.
Apr 29, 2024 9:25:52 AM org.apache.flink.runtime.taskexecutor.TaskExecutorResourceUtils setConfigOptionToDefaultIfNotSet
INFO: The configuration option taskmanager.memory.task.heap.size required for local execution is not set, setting it to the maximal possible value.
Apr 29, 2024 9:25:52 AM org.apache.flink.runtime.taskexecutor.TaskExecutorResourceUtils setConfigOptionToDefaultIfNotSet
INFO: The configuration option taskmanager.memory.task.off-heap.size required for local execution is not set, setting it to the maximal possible value.
Apr 29, 2024 9:25:52 AM org.apache.flink.runtime.taskexecutor.TaskExecutorResourceUtils setConfigOptionToDefaultIfNotSet
INFO: The configuration option taskmanager.memory.network.min required for local execution is not set, setting it to its default value 64 mb.
Apr 29, 2024 9:25:52 AM org.apache.flink.runtime.taskexecutor.TaskExecutorResourceUtils setConfigOptionToDefaultIfNotSet
INFO: The configuration option taskmanager.memory.network.max required for local execution is not set, setting it to its default value 64 mb.
Apr 29, 2024 9:25:52 AM org.apache.flink.runtime.taskexecutor.TaskExecutorResourceUtils setConfigOptionToDefaultIfNotSet
INFO: The configuration option taskmanager.memory.managed.size required for local execution is not set, setting it to its default value 128 mb.
Apr 29, 2024 9:25:52 AM org.apache.flink.runtime.minicluster.MiniCluster start
INFO: Starting Flink Mini Cluster
Apr 29, 2024 9:25:52 AM org.apache.flink.runtime.minicluster.MiniCluster start
INFO: Starting Metrics Registry
Apr 29, 2024 9:25:52 AM org.apache.flink.runtime.metrics.MetricRegistryImpl <init>
INFO: No metrics reporter configured, no metrics will be exposed/reported.
Apr 29, 2024 9:25:52 AM org.apache.flink.runtime.minicluster.MiniCluster start
INFO: Starting RPC Service(s)
Apr 29, 2024 9:25:52 AM org.apache.flink.runtime.rpc.pekko.ActorSystemBootstrapTools startLocalActorSystem
INFO: Trying to start local actor system
Apr 29, 2024 9:25:52 AM org.apache.pekko.event.slf4j.Slf4jLogger$$anonfun$receive$1 applyOrElse
INFO: Slf4jLogger started
Apr 29, 2024 9:25:53 AM org.apache.flink.runtime.rpc.pekko.ActorSystemBootstrapTools startActorSystem
INFO: Actor system started at pekko://flink
Apr 29, 2024 9:25:53 AM org.apache.flink.runtime.rpc.pekko.ActorSystemBootstrapTools startLocalActorSystem
INFO: Trying to start local actor system
Apr 29, 2024 9:25:53 AM org.apache.pekko.event.slf4j.Slf4jLogger$$anonfun$receive$1 applyOrElse
INFO: Slf4jLogger started
Apr 29, 2024 9:25:53 AM org.apache.flink.runtime.rpc.pekko.ActorSystemBootstrapTools startActorSystem
INFO: Actor system started at pekko://flink-metrics
Apr 29, 2024 9:25:53 AM org.apache.flink.runtime.rpc.pekko.PekkoRpcService startServer
INFO: Starting RPC endpoint for org.apache.flink.runtime.metrics.dump.MetricQueryService at pekko://flink-metrics/user/rpc/MetricQueryService .
Apr 29, 2024 9:25:53 AM org.apache.flink.runtime.security.token.DefaultDelegationTokenManager loadProviders
INFO: Loading delegation token providers
Apr 29, 2024 9:25:53 AM org.apache.flink.runtime.util.HadoopUtils getHadoopConfiguration
WARNING: Could not find Hadoop configuration via any of the supported methods (Flink configuration, environment variables).
Apr 29, 2024 9:25:53 AM org.apache.flink.runtime.security.token.DefaultDelegationTokenManager lambda$loadProviders$0
INFO: Delegation token provider hadoopfs loaded and initialized
Apr 29, 2024 9:25:53 AM org.apache.flink.runtime.util.HadoopUtils getHadoopConfiguration
WARNING: Could not find Hadoop configuration via any of the supported methods (Flink configuration, environment variables).
Apr 29, 2024 9:25:53 AM org.apache.flink.runtime.security.token.DefaultDelegationTokenManager lambda$loadProviders$0
INFO: Delegation token provider hbase loaded and initialized
Apr 29, 2024 9:25:53 AM org.apache.flink.runtime.security.token.DefaultDelegationTokenManager loadProviders
INFO: Delegation token providers loaded successfully
Apr 29, 2024 9:25:53 AM org.apache.flink.runtime.security.token.DelegationTokenReceiverRepository loadReceivers
INFO: Loading delegation token receivers
Apr 29, 2024 9:25:53 AM org.apache.flink.runtime.security.token.DelegationTokenReceiverRepository lambda$loadReceivers$0
INFO: Delegation token receiver hadoopfs loaded and initialized
Apr 29, 2024 9:25:53 AM org.apache.flink.runtime.security.token.DelegationTokenReceiverRepository lambda$loadReceivers$0
INFO: Delegation token receiver hbase loaded and initialized
Apr 29, 2024 9:25:53 AM org.apache.flink.runtime.security.token.DelegationTokenReceiverRepository loadReceivers
INFO: Delegation token receivers loaded successfully
Apr 29, 2024 9:25:53 AM org.apache.flink.runtime.security.token.DefaultDelegationTokenManager checkProviderAndReceiverConsistency
INFO: Checking provider and receiver instances consistency
Apr 29, 2024 9:25:53 AM org.apache.flink.runtime.security.token.DefaultDelegationTokenManager checkProviderAndReceiverConsistency
INFO: Provider and receiver instances are consistent
Apr 29, 2024 9:25:53 AM org.apache.flink.runtime.security.token.DefaultDelegationTokenManager obtainDelegationTokens
INFO: Obtaining delegation tokens
Apr 29, 2024 9:25:53 AM org.apache.flink.runtime.security.token.DefaultDelegationTokenManager obtainDelegationTokens
INFO: Delegation tokens obtained successfully
Apr 29, 2024 9:25:53 AM org.apache.flink.runtime.security.token.DefaultDelegationTokenManager obtainDelegationTokens
WARNING: No tokens obtained so skipping notifications
Apr 29, 2024 9:25:53 AM org.apache.flink.runtime.security.token.DelegationTokenReceiverRepository loadReceivers
INFO: Loading delegation token receivers
Apr 29, 2024 9:25:53 AM org.apache.flink.runtime.security.token.DelegationTokenReceiverRepository lambda$loadReceivers$0
INFO: Delegation token receiver hadoopfs loaded and initialized
Apr 29, 2024 9:25:53 AM org.apache.flink.runtime.security.token.DelegationTokenReceiverRepository lambda$loadReceivers$0
INFO: Delegation token receiver hbase loaded and initialized
Apr 29, 2024 9:25:53 AM org.apache.flink.runtime.security.token.DelegationTokenReceiverRepository loadReceivers
INFO: Delegation token receivers loaded successfully
Apr 29, 2024 9:25:53 AM org.apache.flink.runtime.blob.BlobServer <init>
INFO: Created BLOB server storage directory /var/folders/9y/mg706rlj3cx1fsv47rlmtqq40000gn/T/minicluster_8da44b3f89fc81c474f188fa0537e6c1/blobStorage
Apr 29, 2024 9:25:53 AM org.apache.flink.runtime.blob.BlobServer <init>
INFO: Started BLOB server at 0.0.0.0:50077 - max concurrent requests: 50 - max backlog: 1000
Apr 29, 2024 9:25:53 AM org.apache.flink.runtime.blob.AbstractBlobCache <init>
INFO: Created BLOB cache storage directory /var/folders/9y/mg706rlj3cx1fsv47rlmtqq40000gn/T/minicluster_8da44b3f89fc81c474f188fa0537e6c1/blobStorage
Apr 29, 2024 9:25:53 AM org.apache.flink.runtime.blob.AbstractBlobCache <init>
INFO: Created BLOB cache storage directory /var/folders/9y/mg706rlj3cx1fsv47rlmtqq40000gn/T/minicluster_8da44b3f89fc81c474f188fa0537e6c1/blobStorage
Apr 29, 2024 9:25:53 AM org.apache.flink.runtime.minicluster.MiniCluster startTaskManagers
INFO: Starting 1 TaskManager(s)
Apr 29, 2024 9:25:53 AM org.apache.flink.runtime.taskexecutor.TaskManagerRunner startTaskManager
INFO: Starting TaskManager with ResourceID: 2993116e-bf5b-406d-a7fe-4ec429f4d7f6
Apr 29, 2024 9:25:53 AM org.apache.flink.runtime.taskexecutor.TaskManagerServices checkTempDirs
INFO: Temporary file directory '/var/folders/9y/mg706rlj3cx1fsv47rlmtqq40000gn/T': total 460 GB, usable 240 GB (52.17% usable)
Apr 29, 2024 9:25:53 AM org.apache.flink.runtime.io.disk.iomanager.IOManager <init>
INFO: Created a new FileChannelManager for spilling of task related data to disk (joins, sorting, ...). Used directories:
	/var/folders/9y/mg706rlj3cx1fsv47rlmtqq40000gn/T/flink-io-1bcdccf8-aa46-480f-9cd5-2efcc1dc407a
Apr 29, 2024 9:25:53 AM org.apache.flink.runtime.io.network.NettyShuffleServiceFactory createNettyShuffleEnvironment
INFO: Created a new FileChannelManager for storing result partitions of BLOCKING shuffles. Used directories:
	/var/folders/9y/mg706rlj3cx1fsv47rlmtqq40000gn/T/flink-netty-shuffle-cc372ffc-a914-4955-bb29-28a2e2ac3af7
Apr 29, 2024 9:25:53 AM org.apache.flink.runtime.io.network.buffer.NetworkBufferPool <init>
INFO: Allocated 64 MB for network buffer pool (number of memory segments: 2048, bytes per segment: 32768).
Apr 29, 2024 9:25:53 AM org.apache.flink.runtime.io.network.NettyShuffleEnvironment start
INFO: Starting the network environment and its components.
Apr 29, 2024 9:25:53 AM org.apache.flink.runtime.taskexecutor.KvStateService start
INFO: Starting the kvState service and its components.
Apr 29, 2024 9:25:53 AM org.apache.flink.configuration.Configuration loggingFallback
INFO: Config uses fallback configuration key 'pekko.ask.timeout' instead of key 'taskmanager.slot.timeout'
Apr 29, 2024 9:25:53 AM org.apache.flink.runtime.rpc.pekko.PekkoRpcService startServer
INFO: Starting RPC endpoint for org.apache.flink.runtime.taskexecutor.TaskExecutor at pekko://flink/user/rpc/taskmanager_68 .
Apr 29, 2024 9:25:53 AM org.apache.flink.runtime.taskexecutor.DefaultJobLeaderService start
INFO: Start job leader service.
Apr 29, 2024 9:25:53 AM org.apache.flink.runtime.filecache.FileCache <init>
INFO: User file cache uses directory /var/folders/9y/mg706rlj3cx1fsv47rlmtqq40000gn/T/flink-dist-cache-eedda950-d4fc-44e4-90e8-94d20d4b3991
Apr 29, 2024 9:25:53 AM org.apache.flink.runtime.rest.RestServerEndpoint start
INFO: Starting rest endpoint.
Apr 29, 2024 9:25:53 AM org.apache.flink.runtime.webmonitor.WebMonitorUtils$LogFileLocation find
WARNING: Log file environment variable 'log.file' is not set.
Apr 29, 2024 9:25:53 AM org.apache.flink.runtime.webmonitor.WebMonitorUtils$LogFileLocation find
WARNING: JobManager log files are unavailable in the web dashboard. Log file location not found in environment variable 'log.file' or configuration key 'web.log.path'.
Apr 29, 2024 9:25:53 AM org.apache.flink.runtime.rest.RestServerEndpoint start
INFO: Rest endpoint listening at localhost:50078
Apr 29, 2024 9:25:53 AM org.apache.flink.runtime.highavailability.nonha.embedded.EmbeddedLeaderService updateLeader
INFO: Proposing leadership to the contender that is registered under component ID 'rest_server'.
Apr 29, 2024 9:25:53 AM org.apache.flink.runtime.webmonitor.WebMonitorEndpoint startInternal
INFO: Web frontend listening at http://localhost:50078.
Apr 29, 2024 9:25:53 AM org.apache.flink.runtime.webmonitor.WebMonitorEndpoint grantLeadership
INFO: http://localhost:50078 was granted leadership with leaderSessionID=dce6f82d-a99f-479c-90e3-9ffc38f7f0b7
Apr 29, 2024 9:25:53 AM org.apache.flink.runtime.highavailability.nonha.embedded.EmbeddedLeaderService confirmLeader
INFO: Received confirmation of leadership for leader http://localhost:50078 , session=dce6f82d-a99f-479c-90e3-9ffc38f7f0b7
Apr 29, 2024 9:25:53 AM org.apache.flink.runtime.highavailability.nonha.embedded.EmbeddedLeaderService updateLeader
INFO: Proposing leadership to the contender that is registered under component ID 'dispatcher'.
Apr 29, 2024 9:25:53 AM org.apache.flink.runtime.resourcemanager.ResourceManagerServiceImpl start
INFO: Starting resource manager service.
Apr 29, 2024 9:25:53 AM org.apache.flink.runtime.dispatcher.runner.DefaultDispatcherRunner lambda$grantLeadership$0
INFO: DefaultDispatcherRunner was granted leadership with leader id 3a1f10e7-0321-479d-b6d0-792a2707cf92. Creating new DispatcherLeaderProcess.
Apr 29, 2024 9:25:53 AM org.apache.flink.runtime.highavailability.nonha.embedded.EmbeddedLeaderService updateLeader
INFO: Proposing leadership to the contender that is registered under component ID 'resource_manager'.
Apr 29, 2024 9:25:53 AM org.apache.flink.runtime.dispatcher.runner.AbstractDispatcherLeaderProcess startInternal
INFO: Start SessionDispatcherLeaderProcess.
Apr 29, 2024 9:25:53 AM org.apache.flink.runtime.minicluster.MiniCluster start
INFO: Flink Mini Cluster started successfully
Apr 29, 2024 9:25:53 AM org.apache.flink.runtime.resourcemanager.ResourceManagerServiceImpl lambda$grantLeadership$2
INFO: Resource manager service is granted leadership with session id 223adec1-c84d-4f7f-bfa1-cfff73cd7c0f.
Apr 29, 2024 9:25:53 AM org.apache.flink.runtime.dispatcher.runner.SessionDispatcherLeaderProcess recoverJobs
INFO: Recover all persisted job graphs that are not finished, yet.
Apr 29, 2024 9:25:53 AM org.apache.flink.runtime.dispatcher.runner.SessionDispatcherLeaderProcess recoverJobs
INFO: Successfully recovered 0 persisted job graphs.
Apr 29, 2024 9:25:53 AM org.apache.flink.runtime.rpc.pekko.PekkoRpcService startServer
INFO: Starting RPC endpoint for org.apache.flink.runtime.resourcemanager.StandaloneResourceManager at pekko://flink/user/rpc/resourcemanager_69 .
Apr 29, 2024 9:25:53 AM org.apache.flink.runtime.rpc.pekko.PekkoRpcService startServer
INFO: Starting RPC endpoint for org.apache.flink.runtime.dispatcher.StandaloneDispatcher at pekko://flink/user/rpc/dispatcher_70 .
Apr 29, 2024 9:25:53 AM org.apache.flink.runtime.resourcemanager.ResourceManager onStart
INFO: Starting the resource manager.
Apr 29, 2024 9:25:53 AM org.apache.flink.runtime.resourcemanager.slotmanager.FineGrainedSlotManager start
INFO: Starting the slot manager.
Apr 29, 2024 9:25:53 AM org.apache.flink.runtime.security.token.DefaultDelegationTokenManager startTokensUpdate
INFO: Starting tokens update task
Apr 29, 2024 9:25:53 AM org.apache.flink.runtime.security.token.DefaultDelegationTokenManager startTokensUpdate
WARNING: No tokens obtained so skipping notifications
Apr 29, 2024 9:25:53 AM org.apache.flink.runtime.security.token.DefaultDelegationTokenManager startTokensUpdate
WARNING: Tokens update task not started because either no tokens obtained or none of the tokens specified its renewal date
Apr 29, 2024 9:25:53 AM org.apache.flink.runtime.highavailability.nonha.embedded.EmbeddedLeaderService confirmLeader
INFO: Received confirmation of leadership for leader pekko://flink/user/rpc/resourcemanager_69 , session=223adec1-c84d-4f7f-bfa1-cfff73cd7c0f
Apr 29, 2024 9:25:53 AM org.apache.flink.runtime.highavailability.nonha.embedded.EmbeddedLeaderService confirmLeader
INFO: Received confirmation of leadership for leader pekko://flink/user/rpc/dispatcher_70 , session=3a1f10e7-0321-479d-b6d0-792a2707cf92
Apr 29, 2024 9:25:53 AM org.apache.flink.runtime.taskexecutor.TaskExecutor connectToResourceManager
INFO: Connecting to ResourceManager pekko://flink/user/rpc/resourcemanager_69(bfa1cfff73cd7c0f223adec1c84d4f7f).
Apr 29, 2024 9:25:53 AM org.apache.flink.runtime.registration.RetryingRegistration lambda$startRegistration$0
INFO: Resolved ResourceManager address, beginning registration
Apr 29, 2024 9:25:53 AM org.apache.flink.runtime.dispatcher.Dispatcher submitJob
INFO: Received JobGraph submission 'DataStream Collect' (fc4c091d5a3e7536721424501c70afe5).
Apr 29, 2024 9:25:53 AM org.apache.flink.runtime.dispatcher.Dispatcher internalSubmitJob
INFO: Submitting job 'DataStream Collect' (fc4c091d5a3e7536721424501c70afe5).
Apr 29, 2024 9:25:53 AM org.apache.flink.runtime.highavailability.nonha.embedded.EmbeddedLeaderService updateLeader
INFO: Proposing leadership to the contender that is registered under component ID 'job-fc4c091d5a3e7536721424501c70afe5'.
Apr 29, 2024 9:25:53 AM org.apache.flink.runtime.jobmaster.JobMasterServiceLeadershipRunner createNewJobMasterServiceProcess
INFO: JobMasterServiceLeadershipRunner for job fc4c091d5a3e7536721424501c70afe5 was granted leadership with leader id 09586ca4-1c64-4065-bb85-cc74f891a7b5. Creating new JobMasterServiceProcess.
Apr 29, 2024 9:25:53 AM org.apache.flink.runtime.resourcemanager.ResourceManager registerTaskExecutorInternal
INFO: Registering TaskManager with ResourceID 2993116e-bf5b-406d-a7fe-4ec429f4d7f6 (pekko://flink/user/rpc/taskmanager_68) at ResourceManager
Apr 29, 2024 9:25:53 AM org.apache.flink.runtime.taskexecutor.TaskExecutorToResourceManagerConnection onRegistrationSuccess
INFO: Successful registration at resource manager pekko://flink/user/rpc/resourcemanager_69 under registration id 800bd8054f73cd98c921b1509972a360.
Apr 29, 2024 9:25:53 AM org.apache.flink.runtime.resourcemanager.slotmanager.FineGrainedSlotManager registerTaskManager
INFO: Registering task executor 2993116e-bf5b-406d-a7fe-4ec429f4d7f6 under 800bd8054f73cd98c921b1509972a360 at the slot manager.
Apr 29, 2024 9:25:53 AM org.apache.flink.runtime.rpc.pekko.PekkoRpcService startServer
INFO: Starting RPC endpoint for org.apache.flink.runtime.jobmaster.JobMaster at pekko://flink/user/rpc/jobmanager_71 .
Apr 29, 2024 9:25:53 AM org.apache.flink.runtime.jobmaster.JobMaster <init>
INFO: Initializing job 'DataStream Collect' (fc4c091d5a3e7536721424501c70afe5).
Apr 29, 2024 9:25:53 AM org.apache.flink.runtime.scheduler.DefaultSchedulerFactory createInstance
INFO: Using restart back off time strategy NoRestartBackoffTimeStrategy for DataStream Collect (fc4c091d5a3e7536721424501c70afe5).
Apr 29, 2024 9:25:53 AM org.apache.flink.runtime.executiongraph.DefaultExecutionGraph <init>
INFO: Created execution graph 6f07f23021056cc5455eba3973125f74 for job fc4c091d5a3e7536721424501c70afe5.
Apr 29, 2024 9:25:53 AM org.apache.flink.runtime.executiongraph.DefaultExecutionGraphBuilder buildGraph
INFO: Running initialization on master for job DataStream Collect (fc4c091d5a3e7536721424501c70afe5).
Apr 29, 2024 9:25:53 AM org.apache.flink.runtime.executiongraph.DefaultExecutionGraphBuilder buildGraph
INFO: Successfully ran initialization on master in 0 ms.
Apr 29, 2024 9:25:53 AM org.apache.flink.runtime.scheduler.adapter.DefaultExecutionTopology generateNewPipelinedRegions
INFO: Built 1 new pipelined regions in 0 ms, total 1 pipelined regions currently.
Apr 29, 2024 9:25:53 AM org.apache.flink.runtime.state.StateBackendLoader loadFromApplicationOrConfigOrDefaultInternal
INFO: No state backend has been configured, using default (HashMap) org.apache.flink.runtime.state.hashmap.HashMapStateBackend@1c243108
Apr 29, 2024 9:25:53 AM org.apache.flink.runtime.state.StateBackendLoader fromApplicationOrConfigOrDefault
INFO: State backend loader loads the state backend as HashMapStateBackend
Apr 29, 2024 9:25:53 AM org.apache.flink.runtime.state.CheckpointStorageLoader createJobManagerCheckpointStorage
INFO: Checkpoint storage is set to 'jobmanager'
Apr 29, 2024 9:25:53 AM org.apache.flink.runtime.checkpoint.CheckpointCoordinator restoreLatestCheckpointedStateInternal
INFO: No checkpoint found during restore.
Apr 29, 2024 9:25:53 AM org.apache.flink.runtime.scheduler.DefaultScheduler <init>
INFO: Using failover strategy org.apache.flink.runtime.executiongraph.failover.flip1.RestartPipelinedRegionFailoverStrategy@279aaebf for DataStream Collect (fc4c091d5a3e7536721424501c70afe5).
Apr 29, 2024 9:25:53 AM org.apache.flink.runtime.highavailability.nonha.embedded.EmbeddedLeaderService confirmLeader
INFO: Received confirmation of leadership for leader pekko://flink/user/rpc/jobmanager_71 , session=09586ca4-1c64-4065-bb85-cc74f891a7b5
Apr 29, 2024 9:25:53 AM org.apache.flink.runtime.jobmaster.JobMaster startJobExecution
INFO: Starting execution of job 'DataStream Collect' (fc4c091d5a3e7536721424501c70afe5) under job master id bb85cc74f891a7b509586ca41c644065.
Apr 29, 2024 9:25:53 AM org.apache.flink.runtime.scheduler.DefaultScheduler startSchedulingInternal
INFO: Starting scheduling with scheduling strategy [org.apache.flink.runtime.scheduler.strategy.PipelinedRegionSchedulingStrategy]
Apr 29, 2024 9:25:53 AM org.apache.flink.runtime.executiongraph.DefaultExecutionGraph transitionState
INFO: Job DataStream Collect (fc4c091d5a3e7536721424501c70afe5) switched from state CREATED to RUNNING.
Apr 29, 2024 9:25:53 AM org.apache.flink.runtime.executiongraph.Execution transitionState
INFO: Source: Collection Source (1/1) (6f07f23021056cc5455eba3973125f74_bc764cd8ddf7a0cff126f51c16239658_0_0) switched from CREATED to SCHEDULED.
Apr 29, 2024 9:25:53 AM org.apache.flink.runtime.executiongraph.Execution transitionState
INFO: Source: Collection Source (1/1) (6f07f23021056cc5455eba3973125f74_feca28aff5a3958840bee985ee7de4d3_0_0) switched from CREATED to SCHEDULED.
Apr 29, 2024 9:25:53 AM org.apache.flink.runtime.executiongraph.Execution transitionState
INFO: Co-Flat Map -> Sink: Data stream collect sink (1/1) (6f07f23021056cc5455eba3973125f74_034f3921ef965ad6b40d6e78536a39a3_0_0) switched from CREATED to SCHEDULED.
Apr 29, 2024 9:25:53 AM org.apache.flink.runtime.jobmaster.JobMaster connectToResourceManager
INFO: Connecting to ResourceManager pekko://flink/user/rpc/resourcemanager_69(bfa1cfff73cd7c0f223adec1c84d4f7f)
Apr 29, 2024 9:25:53 AM org.apache.flink.runtime.registration.RetryingRegistration lambda$startRegistration$0
INFO: Resolved ResourceManager address, beginning registration
Apr 29, 2024 9:25:53 AM org.apache.flink.runtime.resourcemanager.ResourceManager registerJobMaster
INFO: Registering job manager bb85cc74f891a7b509586ca41c644065@pekko://flink/user/rpc/jobmanager_71 for job fc4c091d5a3e7536721424501c70afe5.
Apr 29, 2024 9:25:53 AM org.apache.flink.runtime.resourcemanager.ResourceManager registerJobMasterInternal
INFO: Registered job manager bb85cc74f891a7b509586ca41c644065@pekko://flink/user/rpc/jobmanager_71 for job fc4c091d5a3e7536721424501c70afe5.
Apr 29, 2024 9:25:53 AM org.apache.flink.runtime.jobmaster.JobMaster establishResourceManagerConnection
INFO: JobManager successfully registered at ResourceManager, leader id: bfa1cfff73cd7c0f223adec1c84d4f7f.
Apr 29, 2024 9:25:53 AM org.apache.flink.runtime.resourcemanager.slotmanager.FineGrainedSlotManager processResourceRequirements
INFO: Received resource requirements from job fc4c091d5a3e7536721424501c70afe5: [ResourceRequirement{resourceProfile=ResourceProfile{UNKNOWN}, numberOfRequiredSlots=1}]
Apr 29, 2024 9:25:53 AM org.apache.flink.runtime.resourcemanager.slotmanager.FineGrainedSlotManager logMissingAndAvailableResource
INFO: Matching resource requirements against available resources.
Missing resources:
	 Job fc4c091d5a3e7536721424501c70afe5
		ResourceRequirement{resourceProfile=ResourceProfile{UNKNOWN}, numberOfRequiredSlots=1}
Current resources:
	TaskManager 2993116e-bf5b-406d-a7fe-4ec429f4d7f6
		Available: ResourceProfile{taskHeapMemory=1024.000gb (1099511627776 bytes), taskOffHeapMemory=1024.000gb (1099511627776 bytes), managedMemory=128.000mb (134217728 bytes), networkMemory=64.000mb (67108864 bytes)}
		Total:     ResourceProfile{taskHeapMemory=1024.000gb (1099511627776 bytes), taskOffHeapMemory=1024.000gb (1099511627776 bytes), managedMemory=128.000mb (134217728 bytes), networkMemory=64.000mb (67108864 bytes)}
Apr 29, 2024 9:25:53 AM org.apache.flink.runtime.resourcemanager.slotmanager.DefaultSlotStatusSyncer allocateSlot
INFO: Starting allocation of slot b863fe3bc62ae92527e54a51ac3e664c from 2993116e-bf5b-406d-a7fe-4ec429f4d7f6 for job fc4c091d5a3e7536721424501c70afe5 with resource profile ResourceProfile{taskHeapMemory=1024.000gb (1099511627776 bytes), taskOffHeapMemory=1024.000gb (1099511627776 bytes), managedMemory=128.000mb (134217728 bytes), networkMemory=64.000mb (67108864 bytes)}.
Apr 29, 2024 9:25:53 AM org.apache.flink.runtime.taskexecutor.TaskExecutor requestSlot
INFO: Receive slot request b863fe3bc62ae92527e54a51ac3e664c for job fc4c091d5a3e7536721424501c70afe5 from resource manager with leader id bfa1cfff73cd7c0f223adec1c84d4f7f.
Apr 29, 2024 9:25:53 AM org.apache.flink.runtime.taskexecutor.slot.TaskSlotTableImpl allocateSlot
INFO: Allocated slot for b863fe3bc62ae92527e54a51ac3e664c with resources ResourceProfile{taskHeapMemory=1024.000gb (1099511627776 bytes), taskOffHeapMemory=1024.000gb (1099511627776 bytes), managedMemory=128.000mb (134217728 bytes), networkMemory=64.000mb (67108864 bytes)}.
Apr 29, 2024 9:25:53 AM org.apache.flink.runtime.taskexecutor.DefaultJobLeaderService addJob
INFO: Add job fc4c091d5a3e7536721424501c70afe5 for job leader monitoring.
Apr 29, 2024 9:25:53 AM org.apache.flink.runtime.taskexecutor.DefaultJobLeaderService$JobManagerLeaderListener openRpcConnectionTo
INFO: Try to register at job manager pekko://flink/user/rpc/jobmanager_71 with leader id 09586ca4-1c64-4065-bb85-cc74f891a7b5.
Apr 29, 2024 9:25:53 AM org.apache.flink.runtime.registration.RetryingRegistration lambda$startRegistration$0
INFO: Resolved JobManager address, beginning registration
Apr 29, 2024 9:25:53 AM org.apache.flink.runtime.taskexecutor.DefaultJobLeaderService$JobManagerLeaderListener$JobManagerRegisteredRpcConnection lambda$onRegistrationSuccess$0
INFO: Successful registration at job manager pekko://flink/user/rpc/jobmanager_71 for job fc4c091d5a3e7536721424501c70afe5.
Apr 29, 2024 9:25:53 AM org.apache.flink.runtime.taskexecutor.TaskExecutor establishJobManagerConnection
INFO: Establish JobManager connection for job fc4c091d5a3e7536721424501c70afe5.
Apr 29, 2024 9:25:53 AM org.apache.flink.runtime.taskexecutor.TaskExecutor internalOfferSlotsToJobManager
INFO: Offer reserved slots to the leader of job fc4c091d5a3e7536721424501c70afe5.
Apr 29, 2024 9:25:53 AM org.apache.flink.runtime.executiongraph.Execution transitionState
INFO: Source: Collection Source (1/1) (6f07f23021056cc5455eba3973125f74_bc764cd8ddf7a0cff126f51c16239658_0_0) switched from SCHEDULED to DEPLOYING.
Apr 29, 2024 9:25:53 AM org.apache.flink.runtime.executiongraph.Execution deploy
INFO: Deploying Source: Collection Source (1/1) (attempt #0) with attempt id 6f07f23021056cc5455eba3973125f74_bc764cd8ddf7a0cff126f51c16239658_0_0 and vertex id bc764cd8ddf7a0cff126f51c16239658_0 to 2993116e-bf5b-406d-a7fe-4ec429f4d7f6 @ localhost (dataPort=-1) with allocation id b863fe3bc62ae92527e54a51ac3e664c
Apr 29, 2024 9:25:53 AM org.apache.flink.runtime.executiongraph.Execution transitionState
INFO: Source: Collection Source (1/1) (6f07f23021056cc5455eba3973125f74_feca28aff5a3958840bee985ee7de4d3_0_0) switched from SCHEDULED to DEPLOYING.
Apr 29, 2024 9:25:53 AM org.apache.flink.runtime.taskexecutor.slot.TaskSlotTableImpl markExistingSlotActive
INFO: Activate slot b863fe3bc62ae92527e54a51ac3e664c.
Apr 29, 2024 9:25:53 AM org.apache.flink.runtime.executiongraph.Execution deploy
INFO: Deploying Source: Collection Source (1/1) (attempt #0) with attempt id 6f07f23021056cc5455eba3973125f74_feca28aff5a3958840bee985ee7de4d3_0_0 and vertex id feca28aff5a3958840bee985ee7de4d3_0 to 2993116e-bf5b-406d-a7fe-4ec429f4d7f6 @ localhost (dataPort=-1) with allocation id b863fe3bc62ae92527e54a51ac3e664c
Apr 29, 2024 9:25:53 AM org.apache.flink.runtime.executiongraph.Execution transitionState
INFO: Co-Flat Map -> Sink: Data stream collect sink (1/1) (6f07f23021056cc5455eba3973125f74_034f3921ef965ad6b40d6e78536a39a3_0_0) switched from SCHEDULED to DEPLOYING.
Apr 29, 2024 9:25:53 AM org.apache.flink.runtime.executiongraph.Execution deploy
INFO: Deploying Co-Flat Map -> Sink: Data stream collect sink (1/1) (attempt #0) with attempt id 6f07f23021056cc5455eba3973125f74_034f3921ef965ad6b40d6e78536a39a3_0_0 and vertex id 034f3921ef965ad6b40d6e78536a39a3_0 to 2993116e-bf5b-406d-a7fe-4ec429f4d7f6 @ localhost (dataPort=-1) with allocation id b863fe3bc62ae92527e54a51ac3e664c
Apr 29, 2024 9:25:53 AM org.apache.flink.runtime.state.changelog.StateChangelogStorageLoader load
INFO: Creating a changelog storage with name 'memory'.
Apr 29, 2024 9:25:53 AM org.apache.flink.runtime.state.TaskExecutorChannelStateExecutorFactoryManager getOrCreateExecutorFactory
INFO: Creating the channel state executor factory for job id fc4c091d5a3e7536721424501c70afe5
Apr 29, 2024 9:25:53 AM org.apache.flink.runtime.taskexecutor.TaskExecutor submitTask
INFO: Received task Source: Collection Source (1/1)#0 (6f07f23021056cc5455eba3973125f74_bc764cd8ddf7a0cff126f51c16239658_0_0), deploy into slot with allocation id b863fe3bc62ae92527e54a51ac3e664c.
Apr 29, 2024 9:25:53 AM org.apache.flink.runtime.taskmanager.Task transitionState
INFO: Source: Collection Source (1/1)#0 (6f07f23021056cc5455eba3973125f74_bc764cd8ddf7a0cff126f51c16239658_0_0) switched from CREATED to DEPLOYING.
Apr 29, 2024 9:25:53 AM org.apache.flink.runtime.taskmanager.Task doRun
INFO: Loading JAR files for task Source: Collection Source (1/1)#0 (6f07f23021056cc5455eba3973125f74_bc764cd8ddf7a0cff126f51c16239658_0_0) [DEPLOYING].
Apr 29, 2024 9:25:53 AM org.apache.flink.runtime.taskexecutor.slot.TaskSlotTableImpl markExistingSlotActive
INFO: Activate slot b863fe3bc62ae92527e54a51ac3e664c.
Apr 29, 2024 9:25:53 AM org.apache.flink.runtime.taskexecutor.TaskExecutor submitTask
INFO: Received task Source: Collection Source (1/1)#0 (6f07f23021056cc5455eba3973125f74_feca28aff5a3958840bee985ee7de4d3_0_0), deploy into slot with allocation id b863fe3bc62ae92527e54a51ac3e664c.
Apr 29, 2024 9:25:53 AM org.apache.flink.runtime.taskmanager.Task transitionState
INFO: Source: Collection Source (1/1)#0 (6f07f23021056cc5455eba3973125f74_feca28aff5a3958840bee985ee7de4d3_0_0) switched from CREATED to DEPLOYING.
Apr 29, 2024 9:25:53 AM org.apache.flink.runtime.taskexecutor.slot.TaskSlotTableImpl markExistingSlotActive
INFO: Activate slot b863fe3bc62ae92527e54a51ac3e664c.
Apr 29, 2024 9:25:53 AM org.apache.flink.runtime.taskmanager.Task doRun
INFO: Loading JAR files for task Source: Collection Source (1/1)#0 (6f07f23021056cc5455eba3973125f74_feca28aff5a3958840bee985ee7de4d3_0_0) [DEPLOYING].
Apr 29, 2024 9:25:53 AM org.apache.flink.runtime.state.StateBackendLoader loadFromApplicationOrConfigOrDefaultInternal
INFO: No state backend has been configured, using default (HashMap) org.apache.flink.runtime.state.hashmap.HashMapStateBackend@6b962c5e
Apr 29, 2024 9:25:53 AM org.apache.flink.runtime.state.StateBackendLoader fromApplicationOrConfigOrDefault
INFO: State backend loader loads the state backend as HashMapStateBackend
Apr 29, 2024 9:25:53 AM org.apache.flink.runtime.state.CheckpointStorageLoader createJobManagerCheckpointStorage
INFO: Checkpoint storage is set to 'jobmanager'
Apr 29, 2024 9:25:53 AM org.apache.flink.runtime.taskmanager.Task transitionState
INFO: Source: Collection Source (1/1)#0 (6f07f23021056cc5455eba3973125f74_bc764cd8ddf7a0cff126f51c16239658_0_0) switched from DEPLOYING to INITIALIZING.
Apr 29, 2024 9:25:53 AM org.apache.flink.runtime.state.StateBackendLoader loadFromApplicationOrConfigOrDefaultInternal
INFO: No state backend has been configured, using default (HashMap) org.apache.flink.runtime.state.hashmap.HashMapStateBackend@6c86e412
Apr 29, 2024 9:25:53 AM org.apache.flink.runtime.state.StateBackendLoader fromApplicationOrConfigOrDefault
INFO: State backend loader loads the state backend as HashMapStateBackend
Apr 29, 2024 9:25:53 AM org.apache.flink.runtime.state.CheckpointStorageLoader createJobManagerCheckpointStorage
INFO: Checkpoint storage is set to 'jobmanager'
Apr 29, 2024 9:25:53 AM org.apache.flink.runtime.taskmanager.Task transitionState
INFO: Source: Collection Source (1/1)#0 (6f07f23021056cc5455eba3973125f74_feca28aff5a3958840bee985ee7de4d3_0_0) switched from DEPLOYING to INITIALIZING.
Apr 29, 2024 9:25:53 AM org.apache.flink.runtime.executiongraph.Execution transitionState
INFO: Source: Collection Source (1/1) (6f07f23021056cc5455eba3973125f74_bc764cd8ddf7a0cff126f51c16239658_0_0) switched from DEPLOYING to INITIALIZING.
Apr 29, 2024 9:25:53 AM org.apache.flink.runtime.executiongraph.Execution transitionState
INFO: Source: Collection Source (1/1) (6f07f23021056cc5455eba3973125f74_feca28aff5a3958840bee985ee7de4d3_0_0) switched from DEPLOYING to INITIALIZING.
Apr 29, 2024 9:25:53 AM org.apache.flink.runtime.taskmanager.Task transitionState
INFO: Source: Collection Source (1/1)#0 (6f07f23021056cc5455eba3973125f74_bc764cd8ddf7a0cff126f51c16239658_0_0) switched from INITIALIZING to RUNNING.
Apr 29, 2024 9:25:53 AM org.apache.flink.runtime.taskexecutor.TaskExecutor submitTask
INFO: Received task Co-Flat Map -> Sink: Data stream collect sink (1/1)#0 (6f07f23021056cc5455eba3973125f74_034f3921ef965ad6b40d6e78536a39a3_0_0), deploy into slot with allocation id b863fe3bc62ae92527e54a51ac3e664c.
Apr 29, 2024 9:25:53 AM org.apache.flink.runtime.executiongraph.Execution transitionState
INFO: Source: Collection Source (1/1) (6f07f23021056cc5455eba3973125f74_bc764cd8ddf7a0cff126f51c16239658_0_0) switched from INITIALIZING to RUNNING.
Apr 29, 2024 9:25:53 AM org.apache.flink.runtime.taskmanager.Task transitionState
INFO: Source: Collection Source (1/1)#0 (6f07f23021056cc5455eba3973125f74_feca28aff5a3958840bee985ee7de4d3_0_0) switched from INITIALIZING to RUNNING.
Apr 29, 2024 9:25:53 AM org.apache.flink.runtime.taskexecutor.slot.TaskSlotTableImpl markExistingSlotActive
INFO: Activate slot b863fe3bc62ae92527e54a51ac3e664c.
Apr 29, 2024 9:25:53 AM org.apache.flink.runtime.executiongraph.Execution transitionState
INFO: Source: Collection Source (1/1) (6f07f23021056cc5455eba3973125f74_feca28aff5a3958840bee985ee7de4d3_0_0) switched from INITIALIZING to RUNNING.
Apr 29, 2024 9:25:53 AM org.apache.flink.runtime.taskmanager.Task transitionState
INFO: Co-Flat Map -> Sink: Data stream collect sink (1/1)#0 (6f07f23021056cc5455eba3973125f74_034f3921ef965ad6b40d6e78536a39a3_0_0) switched from CREATED to DEPLOYING.
Apr 29, 2024 9:25:53 AM org.apache.flink.runtime.taskmanager.Task doRun
INFO: Loading JAR files for task Co-Flat Map -> Sink: Data stream collect sink (1/1)#0 (6f07f23021056cc5455eba3973125f74_034f3921ef965ad6b40d6e78536a39a3_0_0) [DEPLOYING].
Apr 29, 2024 9:25:53 AM org.apache.flink.runtime.state.StateBackendLoader loadFromApplicationOrConfigOrDefaultInternal
INFO: No state backend has been configured, using default (HashMap) org.apache.flink.runtime.state.hashmap.HashMapStateBackend@2db2fc9c
Apr 29, 2024 9:25:53 AM org.apache.flink.runtime.state.StateBackendLoader fromApplicationOrConfigOrDefault
INFO: State backend loader loads the state backend as HashMapStateBackend
Apr 29, 2024 9:25:53 AM org.apache.flink.runtime.state.CheckpointStorageLoader createJobManagerCheckpointStorage
INFO: Checkpoint storage is set to 'jobmanager'
Apr 29, 2024 9:25:53 AM org.apache.flink.api.java.typeutils.runtime.kryo.KryoSerializer getKryoInstance
INFO: Kryo serializer scala extensions are not available.
Apr 29, 2024 9:25:53 AM org.apache.flink.runtime.taskmanager.Task transitionState
INFO: Co-Flat Map -> Sink: Data stream collect sink (1/1)#0 (6f07f23021056cc5455eba3973125f74_034f3921ef965ad6b40d6e78536a39a3_0_0) switched from DEPLOYING to INITIALIZING.
Apr 29, 2024 9:25:53 AM org.apache.flink.api.java.typeutils.runtime.kryo.KryoSerializer getKryoInstance
INFO: Kryo serializer scala extensions are not available.
Apr 29, 2024 9:25:53 AM org.apache.flink.runtime.executiongraph.Execution transitionState
INFO: Co-Flat Map -> Sink: Data stream collect sink (1/1) (6f07f23021056cc5455eba3973125f74_034f3921ef965ad6b40d6e78536a39a3_0_0) switched from DEPLOYING to INITIALIZING.
Apr 29, 2024 9:25:53 AM org.apache.flink.api.java.typeutils.runtime.kryo.KryoSerializer getKryoInstance
INFO: Kryo serializer scala extensions are not available.
Apr 29, 2024 9:25:53 AM org.apache.flink.api.java.typeutils.runtime.kryo.KryoSerializer getKryoInstance
INFO: Kryo serializer scala extensions are not available.
Apr 29, 2024 9:25:53 AM org.apache.flink.runtime.taskmanager.Task transitionState
INFO: Source: Collection Source (1/1)#0 (6f07f23021056cc5455eba3973125f74_feca28aff5a3958840bee985ee7de4d3_0_0) switched from RUNNING to FINISHED.
Apr 29, 2024 9:25:53 AM org.apache.flink.runtime.taskmanager.Task transitionState
INFO: Source: Collection Source (1/1)#0 (6f07f23021056cc5455eba3973125f74_bc764cd8ddf7a0cff126f51c16239658_0_0) switched from RUNNING to FINISHED.
Apr 29, 2024 9:25:53 AM org.apache.flink.runtime.taskmanager.Task doRun
INFO: Freeing task resources for Source: Collection Source (1/1)#0 (6f07f23021056cc5455eba3973125f74_feca28aff5a3958840bee985ee7de4d3_0_0).
Apr 29, 2024 9:25:53 AM org.apache.flink.runtime.taskmanager.Task doRun
INFO: Freeing task resources for Source: Collection Source (1/1)#0 (6f07f23021056cc5455eba3973125f74_bc764cd8ddf7a0cff126f51c16239658_0_0).
Apr 29, 2024 9:25:53 AM org.apache.flink.runtime.taskexecutor.TaskExecutor unregisterTaskAndNotifyFinalState
INFO: Un-registering task and sending final execution state FINISHED to JobManager for task Source: Collection Source (1/1)#0 6f07f23021056cc5455eba3973125f74_feca28aff5a3958840bee985ee7de4d3_0_0.
Apr 29, 2024 9:25:53 AM org.apache.flink.streaming.api.operators.collect.CollectSinkFunction initializeState
INFO: Initializing collect sink state with offset = 0, buffered results bytes = 0
Apr 29, 2024 9:25:53 AM org.apache.flink.runtime.taskexecutor.TaskExecutor unregisterTaskAndNotifyFinalState
INFO: Un-registering task and sending final execution state FINISHED to JobManager for task Source: Collection Source (1/1)#0 6f07f23021056cc5455eba3973125f74_bc764cd8ddf7a0cff126f51c16239658_0_0.
Apr 29, 2024 9:25:53 AM org.apache.flink.streaming.api.operators.collect.CollectSinkFunction open
INFO: Collect sink server established, address = localhost/127.0.0.1:50079
Apr 29, 2024 9:25:53 AM org.apache.flink.runtime.executiongraph.Execution transitionState
INFO: Source: Collection Source (1/1) (6f07f23021056cc5455eba3973125f74_feca28aff5a3958840bee985ee7de4d3_0_0) switched from RUNNING to FINISHED.
Apr 29, 2024 9:25:53 AM org.apache.flink.runtime.executiongraph.Execution transitionState
INFO: Source: Collection Source (1/1) (6f07f23021056cc5455eba3973125f74_bc764cd8ddf7a0cff126f51c16239658_0_0) switched from RUNNING to FINISHED.
Apr 29, 2024 9:25:53 AM org.apache.flink.runtime.state.heap.HeapKeyedStateBackendBuilder restoreState
INFO: Finished to build heap keyed state-backend.
Apr 29, 2024 9:25:53 AM org.apache.flink.runtime.state.heap.HeapKeyedStateBackend <init>
INFO: Initializing heap keyed state backend with stream factory.
Apr 29, 2024 9:25:53 AM org.apache.flink.streaming.api.operators.collect.CollectSinkOperatorCoordinator handleEventFromOperator
INFO: Received sink socket server address: localhost/127.0.0.1:50079
Apr 29, 2024 9:25:53 AM org.apache.flink.api.java.typeutils.TypeExtractor analyzePojo
INFO: The default constructor of class org.apache.beam.sdk.nexmark.model.Person is not Public so it cannot be used as a POJO type and must be processed as GenericType. Please read the Flink documentation on "Data Types & Serialization" for details of the effect on performance and schema evolution.
Apr 29, 2024 9:25:53 AM org.apache.flink.api.java.typeutils.TypeExtractor analyzePojo
INFO: The default constructor of class org.apache.beam.sdk.nexmark.model.Auction is not Public so it cannot be used as a POJO type and must be processed as GenericType. Please read the Flink documentation on "Data Types & Serialization" for details of the effect on performance and schema evolution.
Apr 29, 2024 9:25:53 AM org.apache.flink.runtime.taskmanager.Task transitionState
INFO: Co-Flat Map -> Sink: Data stream collect sink (1/1)#0 (6f07f23021056cc5455eba3973125f74_034f3921ef965ad6b40d6e78536a39a3_0_0) switched from INITIALIZING to RUNNING.
Apr 29, 2024 9:25:53 AM org.apache.flink.runtime.executiongraph.Execution transitionState
INFO: Co-Flat Map -> Sink: Data stream collect sink (1/1) (6f07f23021056cc5455eba3973125f74_034f3921ef965ad6b40d6e78536a39a3_0_0) switched from INITIALIZING to RUNNING.
Apr 29, 2024 9:25:53 AM org.apache.flink.api.java.typeutils.runtime.kryo.KryoSerializer getKryoInstance
INFO: Kryo serializer scala extensions are not available.
Apr 29, 2024 9:25:53 AM org.apache.flink.api.java.typeutils.runtime.kryo.KryoSerializer getKryoInstance
INFO: Kryo serializer scala extensions are not available.
Apr 29, 2024 9:25:53 AM org.apache.flink.runtime.taskmanager.Task transitionState
INFO: Co-Flat Map -> Sink: Data stream collect sink (1/1)#0 (6f07f23021056cc5455eba3973125f74_034f3921ef965ad6b40d6e78536a39a3_0_0) switched from RUNNING to FINISHED.
Apr 29, 2024 9:25:53 AM org.apache.flink.runtime.taskmanager.Task doRun
INFO: Freeing task resources for Co-Flat Map -> Sink: Data stream collect sink (1/1)#0 (6f07f23021056cc5455eba3973125f74_034f3921ef965ad6b40d6e78536a39a3_0_0).
Apr 29, 2024 9:25:53 AM org.apache.flink.runtime.taskexecutor.TaskExecutor unregisterTaskAndNotifyFinalState
INFO: Un-registering task and sending final execution state FINISHED to JobManager for task Co-Flat Map -> Sink: Data stream collect sink (1/1)#0 6f07f23021056cc5455eba3973125f74_034f3921ef965ad6b40d6e78536a39a3_0_0.
Apr 29, 2024 9:25:53 AM org.apache.flink.runtime.executiongraph.Execution transitionState
INFO: Co-Flat Map -> Sink: Data stream collect sink (1/1) (6f07f23021056cc5455eba3973125f74_034f3921ef965ad6b40d6e78536a39a3_0_0) switched from RUNNING to FINISHED.
Apr 29, 2024 9:25:53 AM org.apache.flink.runtime.executiongraph.DefaultExecutionGraph transitionState
INFO: Job DataStream Collect (fc4c091d5a3e7536721424501c70afe5) switched from state RUNNING to FINISHED.
Apr 29, 2024 9:25:53 AM org.apache.flink.runtime.resourcemanager.slotmanager.FineGrainedSlotManager processResourceRequirements
INFO: Clearing resource requirements of job fc4c091d5a3e7536721424501c70afe5
Apr 29, 2024 9:25:53 AM org.apache.flink.runtime.checkpoint.CheckpointCoordinator shutdown
INFO: Stopping checkpoint coordinator for job fc4c091d5a3e7536721424501c70afe5.
Apr 29, 2024 9:25:53 AM org.apache.flink.runtime.dispatcher.Dispatcher jobReachedTerminalState
INFO: Job fc4c091d5a3e7536721424501c70afe5 reached terminal state FINISHED.
Apr 29, 2024 9:25:53 AM org.apache.flink.runtime.minicluster.MiniCluster closeInternal
INFO: Shutting down Flink Mini Cluster
Apr 29, 2024 9:25:53 AM org.apache.flink.runtime.dispatcher.Dispatcher lambda$registerGloballyTerminatedJobInJobResultStore$42
INFO: Job fc4c091d5a3e7536721424501c70afe5 has been registered for cleanup in the JobResultStore after reaching a terminal state.
Apr 29, 2024 9:25:53 AM org.apache.flink.runtime.rest.RestServerEndpoint closeAsync
INFO: Shutting down rest endpoint.
Apr 29, 2024 9:25:53 AM org.apache.flink.runtime.jobmaster.JobMaster onStop
INFO: Stopping the JobMaster for job 'DataStream Collect' (fc4c091d5a3e7536721424501c70afe5).
Apr 29, 2024 9:25:53 AM org.apache.flink.runtime.taskexecutor.TaskExecutor onStop
INFO: Stopping TaskExecutor pekko://flink/user/rpc/taskmanager_68.
Apr 29, 2024 9:25:53 AM org.apache.flink.runtime.taskexecutor.TaskExecutor closeResourceManagerConnection
INFO: Close ResourceManager connection c653d1ba3decd91f2e19f52678c74b6d.
Apr 29, 2024 9:25:53 AM org.apache.flink.runtime.taskexecutor.TaskExecutor disconnectJobManagerConnection
INFO: Close JobManager connection for job fc4c091d5a3e7536721424501c70afe5.
Apr 29, 2024 9:25:53 AM org.apache.flink.streaming.api.operators.collect.CollectSinkOperatorCoordinator close
INFO: Closing the CollectSinkOperatorCoordinator.
Apr 29, 2024 9:25:53 AM org.apache.flink.runtime.resourcemanager.ResourceManager closeTaskManagerConnection
INFO: Closing TaskExecutor connection 2993116e-bf5b-406d-a7fe-4ec429f4d7f6 because: The TaskExecutor is shutting down.
Apr 29, 2024 9:25:53 AM org.apache.flink.runtime.resourcemanager.slotmanager.FineGrainedSlotManager unregisterTaskManager
INFO: Unregistering task executor 800bd8054f73cd98c921b1509972a360 from the slot manager.
Apr 29, 2024 9:25:53 AM org.apache.flink.runtime.resourcemanager.slotmanager.DefaultSlotStatusSyncer freeSlot
INFO: Freeing slot b863fe3bc62ae92527e54a51ac3e664c.
Apr 29, 2024 9:25:53 AM org.apache.flink.runtime.state.TaskExecutorStateChangelogStoragesManager shutdown
INFO: Shutting down TaskExecutorStateChangelogStoragesManager.
Apr 29, 2024 9:25:53 AM org.apache.flink.runtime.state.TaskExecutorChannelStateExecutorFactoryManager shutdown
INFO: Shutting down TaskExecutorChannelStateExecutorFactoryManager.
Apr 29, 2024 9:25:53 AM org.apache.flink.runtime.taskexecutor.slot.TaskSlotTableImpl freeSlotInternal
INFO: Free slot TaskSlot(index:1, state:ALLOCATED, resource profile: ResourceProfile{taskHeapMemory=1024.000gb (1099511627776 bytes), taskOffHeapMemory=1024.000gb (1099511627776 bytes), managedMemory=128.000mb (134217728 bytes), networkMemory=64.000mb (67108864 bytes)}, allocationId: b863fe3bc62ae92527e54a51ac3e664c, jobId: fc4c091d5a3e7536721424501c70afe5).
Apr 29, 2024 9:25:53 AM org.apache.flink.runtime.checkpoint.StandaloneCompletedCheckpointStore shutdown
INFO: Shutting down
Apr 29, 2024 9:25:53 AM org.apache.flink.runtime.jobmaster.JobMaster disconnectTaskManager
INFO: Disconnect TaskExecutor 2993116e-bf5b-406d-a7fe-4ec429f4d7f6 because: Stopping JobMaster for job 'DataStream Collect' (fc4c091d5a3e7536721424501c70afe5).
Apr 29, 2024 9:25:53 AM org.apache.flink.runtime.jobmaster.slotpool.DefaultDeclarativeSlotPool releaseSlots
INFO: Releasing slot [b863fe3bc62ae92527e54a51ac3e664c].
Apr 29, 2024 9:25:53 AM org.apache.flink.runtime.jobmaster.JobMaster dissolveResourceManagerConnection
INFO: Close ResourceManager connection c653d1ba3decd91f2e19f52678c74b6d: Stopping JobMaster for job 'DataStream Collect' (fc4c091d5a3e7536721424501c70afe5).
Apr 29, 2024 9:25:53 AM org.apache.flink.runtime.taskexecutor.DefaultJobLeaderService stop
INFO: Stop job leader service.
Apr 29, 2024 9:25:53 AM org.apache.flink.runtime.resourcemanager.ResourceManager closeJobManagerConnection
INFO: Disconnect job manager bb85cc74f891a7b509586ca41c644065@pekko://flink/user/rpc/jobmanager_71 for job fc4c091d5a3e7536721424501c70afe5 from the resource manager.
Apr 29, 2024 9:25:53 AM org.apache.flink.runtime.state.TaskExecutorLocalStateStoresManager shutdown
INFO: Shutting down TaskExecutorLocalStateStoresManager.
Apr 29, 2024 9:25:53 AM org.apache.flink.runtime.webmonitor.WebMonitorEndpoint lambda$shutDownInternal$7
INFO: Removing cache directory /var/folders/9y/mg706rlj3cx1fsv47rlmtqq40000gn/T/flink-web-ui
Apr 29, 2024 9:25:53 AM org.apache.flink.runtime.io.disk.FileChannelManagerImpl lambda$getFileCloser$0
INFO: FileChannelManager removed spill file directory /var/folders/9y/mg706rlj3cx1fsv47rlmtqq40000gn/T/flink-io-1bcdccf8-aa46-480f-9cd5-2efcc1dc407a
Apr 29, 2024 9:25:53 AM org.apache.flink.runtime.io.network.NettyShuffleEnvironment close
INFO: Shutting down the network environment and its components.
Apr 29, 2024 9:25:53 AM org.apache.flink.runtime.webmonitor.WebMonitorEndpoint revokeLeadership
INFO: http://localhost:50078 lost leadership
Apr 29, 2024 9:25:53 AM org.apache.flink.runtime.rest.RestServerEndpoint lambda$closeAsync$1
INFO: Shut down complete.
Apr 29, 2024 9:25:53 AM org.apache.flink.runtime.resourcemanager.ResourceManager deregisterApplication
INFO: Shut down cluster because application is in CANCELED, diagnostics DispatcherResourceManagerComponent has been closed..
Apr 29, 2024 9:25:53 AM org.apache.flink.runtime.entrypoint.component.DispatcherResourceManagerComponent closeAsyncInternal
INFO: Closing components.
Apr 29, 2024 9:25:53 AM org.apache.flink.runtime.dispatcher.runner.AbstractDispatcherLeaderProcess closeInternal
INFO: Stopping SessionDispatcherLeaderProcess.
Apr 29, 2024 9:25:53 AM org.apache.flink.runtime.resourcemanager.ResourceManagerServiceImpl closeAsync
INFO: Stopping resource manager service.
Apr 29, 2024 9:25:53 AM org.apache.flink.runtime.dispatcher.Dispatcher onStop
INFO: Stopping dispatcher pekko://flink/user/rpc/dispatcher_70.
Apr 29, 2024 9:25:53 AM org.apache.flink.runtime.resourcemanager.ResourceManagerServiceImpl lambda$revokeLeadership$3
INFO: Resource manager service is not running. Ignore revoking leadership.
Apr 29, 2024 9:25:53 AM org.apache.flink.runtime.security.token.DefaultDelegationTokenManager stop
INFO: Stopping credential renewal
Apr 29, 2024 9:25:53 AM org.apache.flink.runtime.dispatcher.Dispatcher terminateRunningJobs
INFO: Stopping all currently running jobs of dispatcher pekko://flink/user/rpc/dispatcher_70.
Apr 29, 2024 9:25:53 AM org.apache.flink.runtime.security.token.DefaultDelegationTokenManager stop
INFO: Stopped credential renewal
Apr 29, 2024 9:25:53 AM org.apache.flink.runtime.resourcemanager.slotmanager.FineGrainedSlotManager close
INFO: Closing the slot manager.
Apr 29, 2024 9:25:53 AM org.apache.flink.runtime.resourcemanager.slotmanager.FineGrainedSlotManager suspend
INFO: Suspending the slot manager.
Apr 29, 2024 9:25:53 AM org.apache.flink.runtime.io.disk.FileChannelManagerImpl lambda$getFileCloser$0
INFO: FileChannelManager removed spill file directory /var/folders/9y/mg706rlj3cx1fsv47rlmtqq40000gn/T/flink-netty-shuffle-cc372ffc-a914-4955-bb29-28a2e2ac3af7
Apr 29, 2024 9:25:53 AM org.apache.flink.runtime.taskexecutor.KvStateService shutdown
INFO: Shutting down the kvState service and its components.
Apr 29, 2024 9:25:53 AM org.apache.flink.runtime.taskexecutor.DefaultJobLeaderService stop
INFO: Stop job leader service.
Apr 29, 2024 9:25:53 AM org.apache.flink.runtime.filecache.FileCache shutdown
INFO: removed file cache directory /var/folders/9y/mg706rlj3cx1fsv47rlmtqq40000gn/T/flink-dist-cache-eedda950-d4fc-44e4-90e8-94d20d4b3991
Apr 29, 2024 9:25:53 AM org.apache.flink.runtime.taskexecutor.TaskExecutor handleOnStopException
INFO: Stopped TaskExecutor pekko://flink/user/rpc/taskmanager_68.
Apr 29, 2024 9:25:53 AM org.apache.flink.runtime.dispatcher.Dispatcher lambda$onStop$2
INFO: Stopped dispatcher pekko://flink/user/rpc/dispatcher_70.
Apr 29, 2024 9:25:53 AM org.apache.flink.runtime.rpc.pekko.PekkoRpcService closeAsync
INFO: Stopping Pekko RPC service.
Apr 29, 2024 9:25:53 AM org.apache.pekko.event.slf4j.Slf4jLogger$$anonfun$receive$1 $anonfun$applyOrElse$3
INFO: Running CoordinatedShutdown with reason [ActorSystemTerminateReason]
Apr 29, 2024 9:25:53 AM org.apache.flink.runtime.rpc.pekko.PekkoRpcService closeAsync
INFO: Stopping Pekko RPC service.
Apr 29, 2024 9:25:53 AM org.apache.flink.runtime.rpc.pekko.PekkoRpcService lambda$closeAsync$7
INFO: Stopped Pekko RPC service.
Apr 29, 2024 9:25:53 AM org.apache.pekko.event.slf4j.Slf4jLogger$$anonfun$receive$1 $anonfun$applyOrElse$3
INFO: Running CoordinatedShutdown with reason [ActorSystemTerminateReason]
Apr 29, 2024 9:25:53 AM org.apache.flink.runtime.blob.AbstractBlobCache close
INFO: Shutting down BLOB cache
Apr 29, 2024 9:25:53 AM org.apache.flink.runtime.blob.AbstractBlobCache close
INFO: Shutting down BLOB cache
Apr 29, 2024 9:25:53 AM org.apache.flink.runtime.blob.BlobServer close
INFO: Stopped BLOB server at 0.0.0.0:50077
Apr 29, 2024 9:25:53 AM org.apache.flink.runtime.rpc.pekko.PekkoRpcService lambda$closeAsync$7
INFO: Stopped Pekko RPC service.
Apr 29, 2024 9:25:53 AM org.apache.flink.streaming.api.operators.collect.CollectResultFetcher isJobTerminated
WARNING: Failed to get job status so we assume that the job has terminated. Some data might be lost.
java.lang.IllegalStateException: MiniCluster is not yet running or has already been shut down.
	at org.apache.flink.util.Preconditions.checkState(Preconditions.java:193)
	at org.apache.flink.runtime.minicluster.MiniCluster.getDispatcherGatewayFuture(MiniCluster.java:1069)
	at org.apache.flink.runtime.minicluster.MiniCluster.runDispatcherCommand(MiniCluster.java:942)
	at org.apache.flink.runtime.minicluster.MiniCluster.getJobStatus(MiniCluster.java:866)
	at org.apache.flink.runtime.minicluster.MiniClusterJobClient.getJobStatus(MiniClusterJobClient.java:91)
	at org.apache.flink.streaming.api.operators.collect.CollectResultFetcher.isJobTerminated(CollectResultFetcher.java:211)
	at org.apache.flink.streaming.api.operators.collect.CollectResultFetcher.next(CollectResultFetcher.java:118)
	at org.apache.flink.streaming.api.operators.collect.CollectResultIterator.nextResultFromFetcher(CollectResultIterator.java:106)
	at org.apache.flink.streaming.api.operators.collect.CollectResultIterator.hasNext(CollectResultIterator.java:80)
	at org.apache.flink.streaming.api.datastream.DataStream.executeAndCollect(DataStream.java:1365)
	at org.apache.flink.streaming.api.datastream.DataStream.executeAndCollect(DataStream.java:1348)
	at flink.test.testQuery3.testCategoryAndStateFiltering(testQuery3.java:140)
	at java.base/jdk.internal.reflect.NativeMethodAccessorImpl.invoke0(Native Method)
	at java.base/jdk.internal.reflect.NativeMethodAccessorImpl.invoke(NativeMethodAccessorImpl.java:62)
	at java.base/jdk.internal.reflect.DelegatingMethodAccessorImpl.invoke(DelegatingMethodAccessorImpl.java:43)
	at java.base/java.lang.reflect.Method.invoke(Method.java:566)
	at org.junit.runners.model.FrameworkMethod$1.runReflectiveCall(FrameworkMethod.java:59)
	at org.junit.internal.runners.model.ReflectiveCallable.run(ReflectiveCallable.java:12)
	at org.junit.runners.model.FrameworkMethod.invokeExplosively(FrameworkMethod.java:56)
	at org.junit.internal.runners.statements.InvokeMethod.evaluate(InvokeMethod.java:17)
	at org.junit.runners.ParentRunner$3.evaluate(ParentRunner.java:306)
	at org.junit.runners.BlockJUnit4ClassRunner$1.evaluate(BlockJUnit4ClassRunner.java:100)
	at org.junit.runners.ParentRunner.runLeaf(ParentRunner.java:366)
	at org.junit.runners.BlockJUnit4ClassRunner.runChild(BlockJUnit4ClassRunner.java:103)
	at org.junit.runners.BlockJUnit4ClassRunner.runChild(BlockJUnit4ClassRunner.java:63)
	at org.junit.runners.ParentRunner$4.run(ParentRunner.java:331)
	at org.junit.runners.ParentRunner$1.schedule(ParentRunner.java:79)
	at org.junit.runners.ParentRunner.runChildren(ParentRunner.java:329)
	at org.junit.runners.ParentRunner.access$100(ParentRunner.java:66)
	at org.junit.runners.ParentRunner$2.evaluate(ParentRunner.java:293)
	at org.junit.runners.ParentRunner$3.evaluate(ParentRunner.java:306)
	at org.junit.runners.ParentRunner.run(ParentRunner.java:413)
	at org.apache.maven.surefire.junit4.JUnit4Provider.execute(JUnit4Provider.java:364)
	at org.apache.maven.surefire.junit4.JUnit4Provider.executeWithRerun(JUnit4Provider.java:272)
	at org.apache.maven.surefire.junit4.JUnit4Provider.executeTestSet(JUnit4Provider.java:237)
	at org.apache.maven.surefire.junit4.JUnit4Provider.invoke(JUnit4Provider.java:158)
	at org.apache.maven.surefire.booter.ForkedBooter.runSuitesInProcess(ForkedBooter.java:428)
	at org.apache.maven.surefire.booter.ForkedBooter.execute(ForkedBooter.java:162)
	at org.apache.maven.surefire.booter.ForkedBooter.run(ForkedBooter.java:562)
	at org.apache.maven.surefire.booter.ForkedBooter.main(ForkedBooter.java:548)

Apr 29, 2024 9:25:53 AM org.apache.flink.streaming.api.operators.collect.CollectResultFetcher isJobTerminated
WARNING: Failed to get job status so we assume that the job has terminated. Some data might be lost.
java.lang.IllegalStateException: MiniCluster is not yet running or has already been shut down.
	at org.apache.flink.util.Preconditions.checkState(Preconditions.java:193)
	at org.apache.flink.runtime.minicluster.MiniCluster.getDispatcherGatewayFuture(MiniCluster.java:1069)
	at org.apache.flink.runtime.minicluster.MiniCluster.runDispatcherCommand(MiniCluster.java:942)
	at org.apache.flink.runtime.minicluster.MiniCluster.getJobStatus(MiniCluster.java:866)
	at org.apache.flink.runtime.minicluster.MiniClusterJobClient.getJobStatus(MiniClusterJobClient.java:91)
	at org.apache.flink.streaming.api.operators.collect.CollectResultFetcher.isJobTerminated(CollectResultFetcher.java:211)
	at org.apache.flink.streaming.api.operators.collect.CollectResultFetcher.cancelJob(CollectResultFetcher.java:233)
	at org.apache.flink.streaming.api.operators.collect.CollectResultFetcher.close(CollectResultFetcher.java:158)
	at org.apache.flink.streaming.api.operators.collect.CollectResultIterator.close(CollectResultIterator.java:97)
	at org.apache.flink.streaming.api.operators.collect.ClientAndIterator.close(ClientAndIterator.java:45)
	at org.apache.flink.streaming.api.datastream.DataStream.executeAndCollect(DataStream.java:1371)
	at org.apache.flink.streaming.api.datastream.DataStream.executeAndCollect(DataStream.java:1348)
	at flink.test.testQuery3.testCategoryAndStateFiltering(testQuery3.java:140)
	at java.base/jdk.internal.reflect.NativeMethodAccessorImpl.invoke0(Native Method)
	at java.base/jdk.internal.reflect.NativeMethodAccessorImpl.invoke(NativeMethodAccessorImpl.java:62)
	at java.base/jdk.internal.reflect.DelegatingMethodAccessorImpl.invoke(DelegatingMethodAccessorImpl.java:43)
	at java.base/java.lang.reflect.Method.invoke(Method.java:566)
	at org.junit.runners.model.FrameworkMethod$1.runReflectiveCall(FrameworkMethod.java:59)
	at org.junit.internal.runners.model.ReflectiveCallable.run(ReflectiveCallable.java:12)
	at org.junit.runners.model.FrameworkMethod.invokeExplosively(FrameworkMethod.java:56)
	at org.junit.internal.runners.statements.InvokeMethod.evaluate(InvokeMethod.java:17)
	at org.junit.runners.ParentRunner$3.evaluate(ParentRunner.java:306)
	at org.junit.runners.BlockJUnit4ClassRunner$1.evaluate(BlockJUnit4ClassRunner.java:100)
	at org.junit.runners.ParentRunner.runLeaf(ParentRunner.java:366)
	at org.junit.runners.BlockJUnit4ClassRunner.runChild(BlockJUnit4ClassRunner.java:103)
	at org.junit.runners.BlockJUnit4ClassRunner.runChild(BlockJUnit4ClassRunner.java:63)
	at org.junit.runners.ParentRunner$4.run(ParentRunner.java:331)
	at org.junit.runners.ParentRunner$1.schedule(ParentRunner.java:79)
	at org.junit.runners.ParentRunner.runChildren(ParentRunner.java:329)
	at org.junit.runners.ParentRunner.access$100(ParentRunner.java:66)
	at org.junit.runners.ParentRunner$2.evaluate(ParentRunner.java:293)
	at org.junit.runners.ParentRunner$3.evaluate(ParentRunner.java:306)
	at org.junit.runners.ParentRunner.run(ParentRunner.java:413)
	at org.apache.maven.surefire.junit4.JUnit4Provider.execute(JUnit4Provider.java:364)
	at org.apache.maven.surefire.junit4.JUnit4Provider.executeWithRerun(JUnit4Provider.java:272)
	at org.apache.maven.surefire.junit4.JUnit4Provider.executeTestSet(JUnit4Provider.java:237)
	at org.apache.maven.surefire.junit4.JUnit4Provider.invoke(JUnit4Provider.java:158)
	at org.apache.maven.surefire.booter.ForkedBooter.runSuitesInProcess(ForkedBooter.java:428)
	at org.apache.maven.surefire.booter.ForkedBooter.execute(ForkedBooter.java:162)
	at org.apache.maven.surefire.booter.ForkedBooter.run(ForkedBooter.java:562)
	at org.apache.maven.surefire.booter.ForkedBooter.main(ForkedBooter.java:548)

]]></system-err>
  </testcase>
  <testcase name="testQuery3" classname="flink.test.testQuery3" time="0.949">
    <system-out><![CDATA[Printing result to stdout. Use DummyLatencyCountingSink to measure latency.
***************(Ivan,San Francisco,CA,59)***************
***************(Charlie,San Francisco,CA,24)***************
***************(Bob,Portland,OR,68)***************
***************(Charlie,San Francisco,CA,96)***************
]]></system-out>
    <system-err><![CDATA[Apr 29, 2024 9:25:53 AM org.apache.flink.api.java.typeutils.TypeExtractor analyzePojo
INFO: The default constructor of class org.apache.beam.sdk.nexmark.model.Person is not Public so it cannot be used as a POJO type and must be processed as GenericType. Please read the Flink documentation on "Data Types & Serialization" for details of the effect on performance and schema evolution.
Apr 29, 2024 9:25:53 AM org.apache.flink.api.java.typeutils.TypeExtractor analyzePojo
INFO: The default constructor of class org.apache.beam.sdk.nexmark.model.Auction is not Public so it cannot be used as a POJO type and must be processed as GenericType. Please read the Flink documentation on "Data Types & Serialization" for details of the effect on performance and schema evolution.
Apr 29, 2024 9:25:53 AM org.apache.flink.api.java.typeutils.runtime.kryo.KryoSerializer getKryoInstance
INFO: Kryo serializer scala extensions are not available.
Apr 29, 2024 9:25:53 AM org.apache.flink.api.java.typeutils.runtime.kryo.KryoSerializer getKryoInstance
INFO: Kryo serializer scala extensions are not available.
Apr 29, 2024 9:25:53 AM org.apache.flink.runtime.taskexecutor.TaskExecutorResourceUtils setConfigOptionToDefaultIfNotSet
INFO: The configuration option taskmanager.cpu.cores required for local execution is not set, setting it to the maximal possible value.
Apr 29, 2024 9:25:53 AM org.apache.flink.runtime.taskexecutor.TaskExecutorResourceUtils setConfigOptionToDefaultIfNotSet
INFO: The configuration option taskmanager.memory.task.heap.size required for local execution is not set, setting it to the maximal possible value.
Apr 29, 2024 9:25:53 AM org.apache.flink.runtime.taskexecutor.TaskExecutorResourceUtils setConfigOptionToDefaultIfNotSet
INFO: The configuration option taskmanager.memory.task.off-heap.size required for local execution is not set, setting it to the maximal possible value.
Apr 29, 2024 9:25:53 AM org.apache.flink.runtime.taskexecutor.TaskExecutorResourceUtils setConfigOptionToDefaultIfNotSet
INFO: The configuration option taskmanager.memory.network.min required for local execution is not set, setting it to its default value 64 mb.
Apr 29, 2024 9:25:53 AM org.apache.flink.runtime.taskexecutor.TaskExecutorResourceUtils setConfigOptionToDefaultIfNotSet
INFO: The configuration option taskmanager.memory.network.max required for local execution is not set, setting it to its default value 64 mb.
Apr 29, 2024 9:25:53 AM org.apache.flink.runtime.taskexecutor.TaskExecutorResourceUtils setConfigOptionToDefaultIfNotSet
INFO: The configuration option taskmanager.memory.managed.size required for local execution is not set, setting it to its default value 128 mb.
Apr 29, 2024 9:25:53 AM org.apache.flink.runtime.minicluster.MiniCluster start
INFO: Starting Flink Mini Cluster
Apr 29, 2024 9:25:53 AM org.apache.flink.runtime.minicluster.MiniCluster start
INFO: Starting Metrics Registry
Apr 29, 2024 9:25:53 AM org.apache.flink.runtime.metrics.MetricRegistryImpl <init>
INFO: No metrics reporter configured, no metrics will be exposed/reported.
Apr 29, 2024 9:25:53 AM org.apache.flink.runtime.minicluster.MiniCluster start
INFO: Starting RPC Service(s)
Apr 29, 2024 9:25:53 AM org.apache.flink.runtime.rpc.pekko.ActorSystemBootstrapTools startLocalActorSystem
INFO: Trying to start local actor system
Apr 29, 2024 9:25:53 AM org.apache.pekko.event.slf4j.Slf4jLogger$$anonfun$receive$1 applyOrElse
INFO: Slf4jLogger started
Apr 29, 2024 9:25:54 AM org.apache.flink.runtime.rpc.pekko.ActorSystemBootstrapTools startActorSystem
INFO: Actor system started at pekko://flink
Apr 29, 2024 9:25:54 AM org.apache.flink.runtime.rpc.pekko.ActorSystemBootstrapTools startLocalActorSystem
INFO: Trying to start local actor system
Apr 29, 2024 9:25:54 AM org.apache.pekko.event.slf4j.Slf4jLogger$$anonfun$receive$1 applyOrElse
INFO: Slf4jLogger started
Apr 29, 2024 9:25:54 AM org.apache.flink.runtime.rpc.pekko.ActorSystemBootstrapTools startActorSystem
INFO: Actor system started at pekko://flink-metrics
Apr 29, 2024 9:25:54 AM org.apache.flink.runtime.rpc.pekko.PekkoRpcService startServer
INFO: Starting RPC endpoint for org.apache.flink.runtime.metrics.dump.MetricQueryService at pekko://flink-metrics/user/rpc/MetricQueryService .
Apr 29, 2024 9:25:54 AM org.apache.flink.runtime.security.token.DefaultDelegationTokenManager loadProviders
INFO: Loading delegation token providers
Apr 29, 2024 9:25:54 AM org.apache.flink.runtime.util.HadoopUtils getHadoopConfiguration
WARNING: Could not find Hadoop configuration via any of the supported methods (Flink configuration, environment variables).
Apr 29, 2024 9:25:54 AM org.apache.flink.runtime.security.token.DefaultDelegationTokenManager lambda$loadProviders$0
INFO: Delegation token provider hadoopfs loaded and initialized
Apr 29, 2024 9:25:54 AM org.apache.flink.runtime.util.HadoopUtils getHadoopConfiguration
WARNING: Could not find Hadoop configuration via any of the supported methods (Flink configuration, environment variables).
Apr 29, 2024 9:25:54 AM org.apache.flink.runtime.security.token.DefaultDelegationTokenManager lambda$loadProviders$0
INFO: Delegation token provider hbase loaded and initialized
Apr 29, 2024 9:25:54 AM org.apache.flink.runtime.security.token.DefaultDelegationTokenManager loadProviders
INFO: Delegation token providers loaded successfully
Apr 29, 2024 9:25:54 AM org.apache.flink.runtime.security.token.DelegationTokenReceiverRepository loadReceivers
INFO: Loading delegation token receivers
Apr 29, 2024 9:25:54 AM org.apache.flink.runtime.security.token.DelegationTokenReceiverRepository lambda$loadReceivers$0
INFO: Delegation token receiver hadoopfs loaded and initialized
Apr 29, 2024 9:25:54 AM org.apache.flink.runtime.security.token.DelegationTokenReceiverRepository lambda$loadReceivers$0
INFO: Delegation token receiver hbase loaded and initialized
Apr 29, 2024 9:25:54 AM org.apache.flink.runtime.security.token.DelegationTokenReceiverRepository loadReceivers
INFO: Delegation token receivers loaded successfully
Apr 29, 2024 9:25:54 AM org.apache.flink.runtime.security.token.DefaultDelegationTokenManager checkProviderAndReceiverConsistency
INFO: Checking provider and receiver instances consistency
Apr 29, 2024 9:25:54 AM org.apache.flink.runtime.security.token.DefaultDelegationTokenManager checkProviderAndReceiverConsistency
INFO: Provider and receiver instances are consistent
Apr 29, 2024 9:25:54 AM org.apache.flink.runtime.security.token.DefaultDelegationTokenManager obtainDelegationTokens
INFO: Obtaining delegation tokens
Apr 29, 2024 9:25:54 AM org.apache.flink.runtime.security.token.DefaultDelegationTokenManager obtainDelegationTokens
INFO: Delegation tokens obtained successfully
Apr 29, 2024 9:25:54 AM org.apache.flink.runtime.security.token.DefaultDelegationTokenManager obtainDelegationTokens
WARNING: No tokens obtained so skipping notifications
Apr 29, 2024 9:25:54 AM org.apache.flink.runtime.security.token.DelegationTokenReceiverRepository loadReceivers
INFO: Loading delegation token receivers
Apr 29, 2024 9:25:54 AM org.apache.flink.runtime.security.token.DelegationTokenReceiverRepository lambda$loadReceivers$0
INFO: Delegation token receiver hadoopfs loaded and initialized
Apr 29, 2024 9:25:54 AM org.apache.flink.runtime.security.token.DelegationTokenReceiverRepository lambda$loadReceivers$0
INFO: Delegation token receiver hbase loaded and initialized
Apr 29, 2024 9:25:54 AM org.apache.flink.runtime.security.token.DelegationTokenReceiverRepository loadReceivers
INFO: Delegation token receivers loaded successfully
Apr 29, 2024 9:25:54 AM org.apache.flink.runtime.blob.BlobServer <init>
INFO: Created BLOB server storage directory /var/folders/9y/mg706rlj3cx1fsv47rlmtqq40000gn/T/minicluster_563b97a7453d6a4627c07bcf24177fdf/blobStorage
Apr 29, 2024 9:25:54 AM org.apache.flink.runtime.blob.BlobServer <init>
INFO: Started BLOB server at 0.0.0.0:50080 - max concurrent requests: 50 - max backlog: 1000
Apr 29, 2024 9:25:54 AM org.apache.flink.runtime.blob.AbstractBlobCache <init>
INFO: Created BLOB cache storage directory /var/folders/9y/mg706rlj3cx1fsv47rlmtqq40000gn/T/minicluster_563b97a7453d6a4627c07bcf24177fdf/blobStorage
Apr 29, 2024 9:25:54 AM org.apache.flink.runtime.blob.AbstractBlobCache <init>
INFO: Created BLOB cache storage directory /var/folders/9y/mg706rlj3cx1fsv47rlmtqq40000gn/T/minicluster_563b97a7453d6a4627c07bcf24177fdf/blobStorage
Apr 29, 2024 9:25:54 AM org.apache.flink.runtime.minicluster.MiniCluster startTaskManagers
INFO: Starting 1 TaskManager(s)
Apr 29, 2024 9:25:54 AM org.apache.flink.runtime.taskexecutor.TaskManagerRunner startTaskManager
INFO: Starting TaskManager with ResourceID: d057d9b2-a5eb-4ce9-93b1-4e92b201af94
Apr 29, 2024 9:25:54 AM org.apache.flink.runtime.taskexecutor.TaskManagerServices checkTempDirs
INFO: Temporary file directory '/var/folders/9y/mg706rlj3cx1fsv47rlmtqq40000gn/T': total 460 GB, usable 240 GB (52.17% usable)
Apr 29, 2024 9:25:54 AM org.apache.flink.runtime.io.disk.iomanager.IOManager <init>
INFO: Created a new FileChannelManager for spilling of task related data to disk (joins, sorting, ...). Used directories:
	/var/folders/9y/mg706rlj3cx1fsv47rlmtqq40000gn/T/flink-io-37e190b4-e1e1-4448-adb4-b8ad46d15e83
Apr 29, 2024 9:25:54 AM org.apache.flink.runtime.io.network.NettyShuffleServiceFactory createNettyShuffleEnvironment
INFO: Created a new FileChannelManager for storing result partitions of BLOCKING shuffles. Used directories:
	/var/folders/9y/mg706rlj3cx1fsv47rlmtqq40000gn/T/flink-netty-shuffle-abdf26ef-6076-4aac-8eb4-41241a2659c0
Apr 29, 2024 9:25:54 AM org.apache.flink.runtime.io.network.buffer.NetworkBufferPool <init>
INFO: Allocated 64 MB for network buffer pool (number of memory segments: 2048, bytes per segment: 32768).
Apr 29, 2024 9:25:54 AM org.apache.flink.runtime.io.network.NettyShuffleEnvironment start
INFO: Starting the network environment and its components.
Apr 29, 2024 9:25:54 AM org.apache.flink.runtime.taskexecutor.KvStateService start
INFO: Starting the kvState service and its components.
Apr 29, 2024 9:25:54 AM org.apache.flink.configuration.Configuration loggingFallback
INFO: Config uses fallback configuration key 'pekko.ask.timeout' instead of key 'taskmanager.slot.timeout'
Apr 29, 2024 9:25:54 AM org.apache.flink.runtime.rpc.pekko.PekkoRpcService startServer
INFO: Starting RPC endpoint for org.apache.flink.runtime.taskexecutor.TaskExecutor at pekko://flink/user/rpc/taskmanager_72 .
Apr 29, 2024 9:25:54 AM org.apache.flink.runtime.taskexecutor.DefaultJobLeaderService start
INFO: Start job leader service.
Apr 29, 2024 9:25:54 AM org.apache.flink.runtime.filecache.FileCache <init>
INFO: User file cache uses directory /var/folders/9y/mg706rlj3cx1fsv47rlmtqq40000gn/T/flink-dist-cache-e664efb6-6b09-4607-a12a-83eb4f6188fd
Apr 29, 2024 9:25:54 AM org.apache.flink.runtime.rest.RestServerEndpoint start
INFO: Starting rest endpoint.
Apr 29, 2024 9:25:54 AM org.apache.flink.runtime.webmonitor.WebMonitorUtils$LogFileLocation find
WARNING: Log file environment variable 'log.file' is not set.
Apr 29, 2024 9:25:54 AM org.apache.flink.runtime.webmonitor.WebMonitorUtils$LogFileLocation find
WARNING: JobManager log files are unavailable in the web dashboard. Log file location not found in environment variable 'log.file' or configuration key 'web.log.path'.
Apr 29, 2024 9:25:54 AM org.apache.flink.runtime.rest.RestServerEndpoint start
INFO: Rest endpoint listening at localhost:50081
Apr 29, 2024 9:25:54 AM org.apache.flink.runtime.highavailability.nonha.embedded.EmbeddedLeaderService updateLeader
INFO: Proposing leadership to the contender that is registered under component ID 'rest_server'.
Apr 29, 2024 9:25:54 AM org.apache.flink.runtime.webmonitor.WebMonitorEndpoint startInternal
INFO: Web frontend listening at http://localhost:50081.
Apr 29, 2024 9:25:54 AM org.apache.flink.runtime.webmonitor.WebMonitorEndpoint grantLeadership
INFO: http://localhost:50081 was granted leadership with leaderSessionID=348cd197-55cb-4207-ada1-b3a39b4e3816
Apr 29, 2024 9:25:54 AM org.apache.flink.runtime.highavailability.nonha.embedded.EmbeddedLeaderService confirmLeader
INFO: Received confirmation of leadership for leader http://localhost:50081 , session=348cd197-55cb-4207-ada1-b3a39b4e3816
Apr 29, 2024 9:25:54 AM org.apache.flink.runtime.highavailability.nonha.embedded.EmbeddedLeaderService updateLeader
INFO: Proposing leadership to the contender that is registered under component ID 'dispatcher'.
Apr 29, 2024 9:25:54 AM org.apache.flink.runtime.resourcemanager.ResourceManagerServiceImpl start
INFO: Starting resource manager service.
Apr 29, 2024 9:25:54 AM org.apache.flink.runtime.dispatcher.runner.DefaultDispatcherRunner lambda$grantLeadership$0
INFO: DefaultDispatcherRunner was granted leadership with leader id c1169c95-a8e5-48b1-87b7-4a0417629712. Creating new DispatcherLeaderProcess.
Apr 29, 2024 9:25:54 AM org.apache.flink.runtime.highavailability.nonha.embedded.EmbeddedLeaderService updateLeader
INFO: Proposing leadership to the contender that is registered under component ID 'resource_manager'.
Apr 29, 2024 9:25:54 AM org.apache.flink.runtime.dispatcher.runner.AbstractDispatcherLeaderProcess startInternal
INFO: Start SessionDispatcherLeaderProcess.
Apr 29, 2024 9:25:54 AM org.apache.flink.runtime.minicluster.MiniCluster start
INFO: Flink Mini Cluster started successfully
Apr 29, 2024 9:25:54 AM org.apache.flink.runtime.dispatcher.runner.SessionDispatcherLeaderProcess recoverJobs
INFO: Recover all persisted job graphs that are not finished, yet.
Apr 29, 2024 9:25:54 AM org.apache.flink.runtime.resourcemanager.ResourceManagerServiceImpl lambda$grantLeadership$2
INFO: Resource manager service is granted leadership with session id 821e1014-6398-49f9-92c4-b3729c42045e.
Apr 29, 2024 9:25:54 AM org.apache.flink.runtime.dispatcher.runner.SessionDispatcherLeaderProcess recoverJobs
INFO: Successfully recovered 0 persisted job graphs.
Apr 29, 2024 9:25:54 AM org.apache.flink.runtime.rpc.pekko.PekkoRpcService startServer
INFO: Starting RPC endpoint for org.apache.flink.runtime.dispatcher.StandaloneDispatcher at pekko://flink/user/rpc/dispatcher_73 .
Apr 29, 2024 9:25:54 AM org.apache.flink.runtime.rpc.pekko.PekkoRpcService startServer
INFO: Starting RPC endpoint for org.apache.flink.runtime.resourcemanager.StandaloneResourceManager at pekko://flink/user/rpc/resourcemanager_74 .
Apr 29, 2024 9:25:54 AM org.apache.flink.runtime.resourcemanager.ResourceManager onStart
INFO: Starting the resource manager.
Apr 29, 2024 9:25:54 AM org.apache.flink.runtime.resourcemanager.slotmanager.FineGrainedSlotManager start
INFO: Starting the slot manager.
Apr 29, 2024 9:25:54 AM org.apache.flink.runtime.security.token.DefaultDelegationTokenManager startTokensUpdate
INFO: Starting tokens update task
Apr 29, 2024 9:25:54 AM org.apache.flink.runtime.security.token.DefaultDelegationTokenManager startTokensUpdate
WARNING: No tokens obtained so skipping notifications
Apr 29, 2024 9:25:54 AM org.apache.flink.runtime.security.token.DefaultDelegationTokenManager startTokensUpdate
WARNING: Tokens update task not started because either no tokens obtained or none of the tokens specified its renewal date
Apr 29, 2024 9:25:54 AM org.apache.flink.runtime.highavailability.nonha.embedded.EmbeddedLeaderService confirmLeader
INFO: Received confirmation of leadership for leader pekko://flink/user/rpc/resourcemanager_74 , session=821e1014-6398-49f9-92c4-b3729c42045e
Apr 29, 2024 9:25:54 AM org.apache.flink.runtime.taskexecutor.TaskExecutor connectToResourceManager
INFO: Connecting to ResourceManager pekko://flink/user/rpc/resourcemanager_74(92c4b3729c42045e821e1014639849f9).
Apr 29, 2024 9:25:54 AM org.apache.flink.runtime.highavailability.nonha.embedded.EmbeddedLeaderService confirmLeader
INFO: Received confirmation of leadership for leader pekko://flink/user/rpc/dispatcher_73 , session=c1169c95-a8e5-48b1-87b7-4a0417629712
Apr 29, 2024 9:25:54 AM org.apache.flink.runtime.registration.RetryingRegistration lambda$startRegistration$0
INFO: Resolved ResourceManager address, beginning registration
Apr 29, 2024 9:25:54 AM org.apache.flink.runtime.dispatcher.Dispatcher submitJob
INFO: Received JobGraph submission 'Flink Streaming Job' (f0e7d14a7ea3b94113c763789909ecfb).
Apr 29, 2024 9:25:54 AM org.apache.flink.runtime.dispatcher.Dispatcher internalSubmitJob
INFO: Submitting job 'Flink Streaming Job' (f0e7d14a7ea3b94113c763789909ecfb).
Apr 29, 2024 9:25:54 AM org.apache.flink.runtime.highavailability.nonha.embedded.EmbeddedLeaderService updateLeader
INFO: Proposing leadership to the contender that is registered under component ID 'job-f0e7d14a7ea3b94113c763789909ecfb'.
Apr 29, 2024 9:25:54 AM org.apache.flink.runtime.jobmaster.JobMasterServiceLeadershipRunner createNewJobMasterServiceProcess
INFO: JobMasterServiceLeadershipRunner for job f0e7d14a7ea3b94113c763789909ecfb was granted leadership with leader id a1af8bb7-f2b9-4d3f-bc55-f2bc2603b6ca. Creating new JobMasterServiceProcess.
Apr 29, 2024 9:25:54 AM org.apache.flink.runtime.resourcemanager.ResourceManager registerTaskExecutorInternal
INFO: Registering TaskManager with ResourceID d057d9b2-a5eb-4ce9-93b1-4e92b201af94 (pekko://flink/user/rpc/taskmanager_72) at ResourceManager
Apr 29, 2024 9:25:54 AM org.apache.flink.runtime.taskexecutor.TaskExecutorToResourceManagerConnection onRegistrationSuccess
INFO: Successful registration at resource manager pekko://flink/user/rpc/resourcemanager_74 under registration id f5b55756b27ce5a9defed45385a8f2cd.
Apr 29, 2024 9:25:54 AM org.apache.flink.runtime.resourcemanager.slotmanager.FineGrainedSlotManager registerTaskManager
INFO: Registering task executor d057d9b2-a5eb-4ce9-93b1-4e92b201af94 under f5b55756b27ce5a9defed45385a8f2cd at the slot manager.
Apr 29, 2024 9:25:54 AM org.apache.flink.runtime.rpc.pekko.PekkoRpcService startServer
INFO: Starting RPC endpoint for org.apache.flink.runtime.jobmaster.JobMaster at pekko://flink/user/rpc/jobmanager_75 .
Apr 29, 2024 9:25:54 AM org.apache.flink.runtime.jobmaster.JobMaster <init>
INFO: Initializing job 'Flink Streaming Job' (f0e7d14a7ea3b94113c763789909ecfb).
Apr 29, 2024 9:25:54 AM org.apache.flink.runtime.scheduler.DefaultSchedulerFactory createInstance
INFO: Using restart back off time strategy NoRestartBackoffTimeStrategy for Flink Streaming Job (f0e7d14a7ea3b94113c763789909ecfb).
Apr 29, 2024 9:25:54 AM org.apache.flink.runtime.executiongraph.DefaultExecutionGraph <init>
INFO: Created execution graph 67853ab0ce8d9dc267b35b36df16bd09 for job f0e7d14a7ea3b94113c763789909ecfb.
Apr 29, 2024 9:25:54 AM org.apache.flink.runtime.executiongraph.DefaultExecutionGraphBuilder buildGraph
INFO: Running initialization on master for job Flink Streaming Job (f0e7d14a7ea3b94113c763789909ecfb).
Apr 29, 2024 9:25:54 AM org.apache.flink.runtime.executiongraph.DefaultExecutionGraphBuilder buildGraph
INFO: Successfully ran initialization on master in 0 ms.
Apr 29, 2024 9:25:54 AM org.apache.flink.runtime.scheduler.adapter.DefaultExecutionTopology generateNewPipelinedRegions
INFO: Built 1 new pipelined regions in 0 ms, total 1 pipelined regions currently.
Apr 29, 2024 9:25:54 AM org.apache.flink.runtime.state.StateBackendLoader loadFromApplicationOrConfigOrDefaultInternal
INFO: No state backend has been configured, using default (HashMap) org.apache.flink.runtime.state.hashmap.HashMapStateBackend@5019ce56
Apr 29, 2024 9:25:54 AM org.apache.flink.runtime.state.StateBackendLoader fromApplicationOrConfigOrDefault
INFO: State backend loader loads the state backend as HashMapStateBackend
Apr 29, 2024 9:25:54 AM org.apache.flink.runtime.state.CheckpointStorageLoader createJobManagerCheckpointStorage
INFO: Checkpoint storage is set to 'jobmanager'
Apr 29, 2024 9:25:54 AM org.apache.flink.runtime.checkpoint.CheckpointCoordinator restoreLatestCheckpointedStateInternal
INFO: No checkpoint found during restore.
Apr 29, 2024 9:25:54 AM org.apache.flink.runtime.scheduler.DefaultScheduler <init>
INFO: Using failover strategy org.apache.flink.runtime.executiongraph.failover.flip1.RestartPipelinedRegionFailoverStrategy@18fa3135 for Flink Streaming Job (f0e7d14a7ea3b94113c763789909ecfb).
Apr 29, 2024 9:25:54 AM org.apache.flink.runtime.highavailability.nonha.embedded.EmbeddedLeaderService confirmLeader
INFO: Received confirmation of leadership for leader pekko://flink/user/rpc/jobmanager_75 , session=a1af8bb7-f2b9-4d3f-bc55-f2bc2603b6ca
Apr 29, 2024 9:25:54 AM org.apache.flink.runtime.jobmaster.JobMaster startJobExecution
INFO: Starting execution of job 'Flink Streaming Job' (f0e7d14a7ea3b94113c763789909ecfb) under job master id bc55f2bc2603b6caa1af8bb7f2b94d3f.
Apr 29, 2024 9:25:54 AM org.apache.flink.runtime.scheduler.DefaultScheduler startSchedulingInternal
INFO: Starting scheduling with scheduling strategy [org.apache.flink.runtime.scheduler.strategy.PipelinedRegionSchedulingStrategy]
Apr 29, 2024 9:25:54 AM org.apache.flink.runtime.executiongraph.DefaultExecutionGraph transitionState
INFO: Job Flink Streaming Job (f0e7d14a7ea3b94113c763789909ecfb) switched from state CREATED to RUNNING.
Apr 29, 2024 9:25:54 AM org.apache.flink.runtime.executiongraph.Execution transitionState
INFO: Source: Collection Source (1/1) (67853ab0ce8d9dc267b35b36df16bd09_bc764cd8ddf7a0cff126f51c16239658_0_0) switched from CREATED to SCHEDULED.
Apr 29, 2024 9:25:54 AM org.apache.flink.runtime.executiongraph.Execution transitionState
INFO: Source: Collection Source (1/1) (67853ab0ce8d9dc267b35b36df16bd09_feca28aff5a3958840bee985ee7de4d3_0_0) switched from CREATED to SCHEDULED.
Apr 29, 2024 9:25:54 AM org.apache.flink.runtime.executiongraph.Execution transitionState
INFO: Co-Flat Map -> Sink: Unnamed (1/8) (67853ab0ce8d9dc267b35b36df16bd09_034f3921ef965ad6b40d6e78536a39a3_0_0) switched from CREATED to SCHEDULED.
Apr 29, 2024 9:25:54 AM org.apache.flink.runtime.executiongraph.Execution transitionState
INFO: Co-Flat Map -> Sink: Unnamed (2/8) (67853ab0ce8d9dc267b35b36df16bd09_034f3921ef965ad6b40d6e78536a39a3_1_0) switched from CREATED to SCHEDULED.
Apr 29, 2024 9:25:54 AM org.apache.flink.runtime.executiongraph.Execution transitionState
INFO: Co-Flat Map -> Sink: Unnamed (3/8) (67853ab0ce8d9dc267b35b36df16bd09_034f3921ef965ad6b40d6e78536a39a3_2_0) switched from CREATED to SCHEDULED.
Apr 29, 2024 9:25:54 AM org.apache.flink.runtime.executiongraph.Execution transitionState
INFO: Co-Flat Map -> Sink: Unnamed (4/8) (67853ab0ce8d9dc267b35b36df16bd09_034f3921ef965ad6b40d6e78536a39a3_3_0) switched from CREATED to SCHEDULED.
Apr 29, 2024 9:25:54 AM org.apache.flink.runtime.executiongraph.Execution transitionState
INFO: Co-Flat Map -> Sink: Unnamed (5/8) (67853ab0ce8d9dc267b35b36df16bd09_034f3921ef965ad6b40d6e78536a39a3_4_0) switched from CREATED to SCHEDULED.
Apr 29, 2024 9:25:54 AM org.apache.flink.runtime.executiongraph.Execution transitionState
INFO: Co-Flat Map -> Sink: Unnamed (6/8) (67853ab0ce8d9dc267b35b36df16bd09_034f3921ef965ad6b40d6e78536a39a3_5_0) switched from CREATED to SCHEDULED.
Apr 29, 2024 9:25:54 AM org.apache.flink.runtime.executiongraph.Execution transitionState
INFO: Co-Flat Map -> Sink: Unnamed (7/8) (67853ab0ce8d9dc267b35b36df16bd09_034f3921ef965ad6b40d6e78536a39a3_6_0) switched from CREATED to SCHEDULED.
Apr 29, 2024 9:25:54 AM org.apache.flink.runtime.executiongraph.Execution transitionState
INFO: Co-Flat Map -> Sink: Unnamed (8/8) (67853ab0ce8d9dc267b35b36df16bd09_034f3921ef965ad6b40d6e78536a39a3_7_0) switched from CREATED to SCHEDULED.
Apr 29, 2024 9:25:54 AM org.apache.flink.runtime.jobmaster.JobMaster connectToResourceManager
INFO: Connecting to ResourceManager pekko://flink/user/rpc/resourcemanager_74(92c4b3729c42045e821e1014639849f9)
Apr 29, 2024 9:25:54 AM org.apache.flink.runtime.registration.RetryingRegistration lambda$startRegistration$0
INFO: Resolved ResourceManager address, beginning registration
Apr 29, 2024 9:25:54 AM org.apache.flink.runtime.resourcemanager.ResourceManager registerJobMaster
INFO: Registering job manager bc55f2bc2603b6caa1af8bb7f2b94d3f@pekko://flink/user/rpc/jobmanager_75 for job f0e7d14a7ea3b94113c763789909ecfb.
Apr 29, 2024 9:25:54 AM org.apache.flink.runtime.resourcemanager.ResourceManager registerJobMasterInternal
INFO: Registered job manager bc55f2bc2603b6caa1af8bb7f2b94d3f@pekko://flink/user/rpc/jobmanager_75 for job f0e7d14a7ea3b94113c763789909ecfb.
Apr 29, 2024 9:25:54 AM org.apache.flink.runtime.jobmaster.JobMaster establishResourceManagerConnection
INFO: JobManager successfully registered at ResourceManager, leader id: 92c4b3729c42045e821e1014639849f9.
Apr 29, 2024 9:25:54 AM org.apache.flink.runtime.resourcemanager.slotmanager.FineGrainedSlotManager processResourceRequirements
INFO: Received resource requirements from job f0e7d14a7ea3b94113c763789909ecfb: [ResourceRequirement{resourceProfile=ResourceProfile{UNKNOWN}, numberOfRequiredSlots=8}]
Apr 29, 2024 9:25:54 AM org.apache.flink.runtime.resourcemanager.slotmanager.FineGrainedSlotManager logMissingAndAvailableResource
INFO: Matching resource requirements against available resources.
Missing resources:
	 Job f0e7d14a7ea3b94113c763789909ecfb
		ResourceRequirement{resourceProfile=ResourceProfile{UNKNOWN}, numberOfRequiredSlots=8}
Current resources:
	TaskManager d057d9b2-a5eb-4ce9-93b1-4e92b201af94
		Available: ResourceProfile{taskHeapMemory=1024.000gb (1099511627776 bytes), taskOffHeapMemory=1024.000gb (1099511627776 bytes), managedMemory=128.000mb (134217728 bytes), networkMemory=64.000mb (67108864 bytes)}
		Total:     ResourceProfile{taskHeapMemory=1024.000gb (1099511627776 bytes), taskOffHeapMemory=1024.000gb (1099511627776 bytes), managedMemory=128.000mb (134217728 bytes), networkMemory=64.000mb (67108864 bytes)}
Apr 29, 2024 9:25:54 AM org.apache.flink.runtime.resourcemanager.slotmanager.DefaultSlotStatusSyncer allocateSlot
INFO: Starting allocation of slot cd2effaa85648d8547db66f0a023ddaf from d057d9b2-a5eb-4ce9-93b1-4e92b201af94 for job f0e7d14a7ea3b94113c763789909ecfb with resource profile ResourceProfile{taskHeapMemory=128.000gb (137438953472 bytes), taskOffHeapMemory=128.000gb (137438953472 bytes), managedMemory=16.000mb (16777216 bytes), networkMemory=8.000mb (8388608 bytes)}.
Apr 29, 2024 9:25:54 AM org.apache.flink.runtime.resourcemanager.slotmanager.DefaultSlotStatusSyncer allocateSlot
INFO: Starting allocation of slot d1444d86cecae53d920609697172b7bb from d057d9b2-a5eb-4ce9-93b1-4e92b201af94 for job f0e7d14a7ea3b94113c763789909ecfb with resource profile ResourceProfile{taskHeapMemory=128.000gb (137438953472 bytes), taskOffHeapMemory=128.000gb (137438953472 bytes), managedMemory=16.000mb (16777216 bytes), networkMemory=8.000mb (8388608 bytes)}.
Apr 29, 2024 9:25:54 AM org.apache.flink.runtime.taskexecutor.TaskExecutor requestSlot
INFO: Receive slot request cd2effaa85648d8547db66f0a023ddaf for job f0e7d14a7ea3b94113c763789909ecfb from resource manager with leader id 92c4b3729c42045e821e1014639849f9.
Apr 29, 2024 9:25:54 AM org.apache.flink.runtime.taskexecutor.slot.TaskSlotTableImpl allocateSlot
INFO: Allocated slot for cd2effaa85648d8547db66f0a023ddaf with resources ResourceProfile{taskHeapMemory=128.000gb (137438953472 bytes), taskOffHeapMemory=128.000gb (137438953472 bytes), managedMemory=16.000mb (16777216 bytes), networkMemory=8.000mb (8388608 bytes)}.
Apr 29, 2024 9:25:54 AM org.apache.flink.runtime.resourcemanager.slotmanager.DefaultSlotStatusSyncer allocateSlot
INFO: Starting allocation of slot 46d2e6a4dec73f92ab47522caf38a8ad from d057d9b2-a5eb-4ce9-93b1-4e92b201af94 for job f0e7d14a7ea3b94113c763789909ecfb with resource profile ResourceProfile{taskHeapMemory=128.000gb (137438953472 bytes), taskOffHeapMemory=128.000gb (137438953472 bytes), managedMemory=16.000mb (16777216 bytes), networkMemory=8.000mb (8388608 bytes)}.
Apr 29, 2024 9:25:54 AM org.apache.flink.runtime.resourcemanager.slotmanager.DefaultSlotStatusSyncer allocateSlot
INFO: Starting allocation of slot 1647a9b340a68c3b2e24ec87c5e69d06 from d057d9b2-a5eb-4ce9-93b1-4e92b201af94 for job f0e7d14a7ea3b94113c763789909ecfb with resource profile ResourceProfile{taskHeapMemory=128.000gb (137438953472 bytes), taskOffHeapMemory=128.000gb (137438953472 bytes), managedMemory=16.000mb (16777216 bytes), networkMemory=8.000mb (8388608 bytes)}.
Apr 29, 2024 9:25:54 AM org.apache.flink.runtime.taskexecutor.DefaultJobLeaderService addJob
INFO: Add job f0e7d14a7ea3b94113c763789909ecfb for job leader monitoring.
Apr 29, 2024 9:25:54 AM org.apache.flink.runtime.resourcemanager.slotmanager.DefaultSlotStatusSyncer allocateSlot
INFO: Starting allocation of slot aafe3cdbcdb865e9341725d14e8b686e from d057d9b2-a5eb-4ce9-93b1-4e92b201af94 for job f0e7d14a7ea3b94113c763789909ecfb with resource profile ResourceProfile{taskHeapMemory=128.000gb (137438953472 bytes), taskOffHeapMemory=128.000gb (137438953472 bytes), managedMemory=16.000mb (16777216 bytes), networkMemory=8.000mb (8388608 bytes)}.
Apr 29, 2024 9:25:54 AM org.apache.flink.runtime.taskexecutor.DefaultJobLeaderService$JobManagerLeaderListener openRpcConnectionTo
INFO: Try to register at job manager pekko://flink/user/rpc/jobmanager_75 with leader id a1af8bb7-f2b9-4d3f-bc55-f2bc2603b6ca.
Apr 29, 2024 9:25:54 AM org.apache.flink.runtime.taskexecutor.TaskExecutor requestSlot
INFO: Receive slot request d1444d86cecae53d920609697172b7bb for job f0e7d14a7ea3b94113c763789909ecfb from resource manager with leader id 92c4b3729c42045e821e1014639849f9.
Apr 29, 2024 9:25:54 AM org.apache.flink.runtime.resourcemanager.slotmanager.DefaultSlotStatusSyncer allocateSlot
INFO: Starting allocation of slot 1223423901af9fa911dcf8ffc573abb4 from d057d9b2-a5eb-4ce9-93b1-4e92b201af94 for job f0e7d14a7ea3b94113c763789909ecfb with resource profile ResourceProfile{taskHeapMemory=128.000gb (137438953472 bytes), taskOffHeapMemory=128.000gb (137438953472 bytes), managedMemory=16.000mb (16777216 bytes), networkMemory=8.000mb (8388608 bytes)}.
Apr 29, 2024 9:25:54 AM org.apache.flink.runtime.taskexecutor.slot.TaskSlotTableImpl allocateSlot
INFO: Allocated slot for d1444d86cecae53d920609697172b7bb with resources ResourceProfile{taskHeapMemory=128.000gb (137438953472 bytes), taskOffHeapMemory=128.000gb (137438953472 bytes), managedMemory=16.000mb (16777216 bytes), networkMemory=8.000mb (8388608 bytes)}.
Apr 29, 2024 9:25:54 AM org.apache.flink.runtime.resourcemanager.slotmanager.DefaultSlotStatusSyncer allocateSlot
INFO: Starting allocation of slot e920df8732b3c48cd2ccbf8365d39713 from d057d9b2-a5eb-4ce9-93b1-4e92b201af94 for job f0e7d14a7ea3b94113c763789909ecfb with resource profile ResourceProfile{taskHeapMemory=128.000gb (137438953472 bytes), taskOffHeapMemory=128.000gb (137438953472 bytes), managedMemory=16.000mb (16777216 bytes), networkMemory=8.000mb (8388608 bytes)}.
Apr 29, 2024 9:25:54 AM org.apache.flink.runtime.taskexecutor.TaskExecutor requestSlot
INFO: Receive slot request 46d2e6a4dec73f92ab47522caf38a8ad for job f0e7d14a7ea3b94113c763789909ecfb from resource manager with leader id 92c4b3729c42045e821e1014639849f9.
Apr 29, 2024 9:25:54 AM org.apache.flink.runtime.resourcemanager.slotmanager.DefaultSlotStatusSyncer allocateSlot
INFO: Starting allocation of slot 781f8d19f5186d884b3e9b51bed40cb7 from d057d9b2-a5eb-4ce9-93b1-4e92b201af94 for job f0e7d14a7ea3b94113c763789909ecfb with resource profile ResourceProfile{taskHeapMemory=128.000gb (137438953472 bytes), taskOffHeapMemory=128.000gb (137438953472 bytes), managedMemory=16.000mb (16777216 bytes), networkMemory=8.000mb (8388608 bytes)}.
Apr 29, 2024 9:25:54 AM org.apache.flink.runtime.taskexecutor.slot.TaskSlotTableImpl allocateSlot
INFO: Allocated slot for 46d2e6a4dec73f92ab47522caf38a8ad with resources ResourceProfile{taskHeapMemory=128.000gb (137438953472 bytes), taskOffHeapMemory=128.000gb (137438953472 bytes), managedMemory=16.000mb (16777216 bytes), networkMemory=8.000mb (8388608 bytes)}.
Apr 29, 2024 9:25:54 AM org.apache.flink.runtime.taskexecutor.TaskExecutor requestSlot
INFO: Receive slot request 1647a9b340a68c3b2e24ec87c5e69d06 for job f0e7d14a7ea3b94113c763789909ecfb from resource manager with leader id 92c4b3729c42045e821e1014639849f9.
Apr 29, 2024 9:25:54 AM org.apache.flink.runtime.taskexecutor.slot.TaskSlotTableImpl allocateSlot
INFO: Allocated slot for 1647a9b340a68c3b2e24ec87c5e69d06 with resources ResourceProfile{taskHeapMemory=128.000gb (137438953472 bytes), taskOffHeapMemory=128.000gb (137438953472 bytes), managedMemory=16.000mb (16777216 bytes), networkMemory=8.000mb (8388608 bytes)}.
Apr 29, 2024 9:25:54 AM org.apache.flink.runtime.registration.RetryingRegistration lambda$startRegistration$0
INFO: Resolved JobManager address, beginning registration
Apr 29, 2024 9:25:54 AM org.apache.flink.runtime.taskexecutor.TaskExecutor requestSlot
INFO: Receive slot request aafe3cdbcdb865e9341725d14e8b686e for job f0e7d14a7ea3b94113c763789909ecfb from resource manager with leader id 92c4b3729c42045e821e1014639849f9.
Apr 29, 2024 9:25:54 AM org.apache.flink.runtime.taskexecutor.slot.TaskSlotTableImpl allocateSlot
INFO: Allocated slot for aafe3cdbcdb865e9341725d14e8b686e with resources ResourceProfile{taskHeapMemory=128.000gb (137438953472 bytes), taskOffHeapMemory=128.000gb (137438953472 bytes), managedMemory=16.000mb (16777216 bytes), networkMemory=8.000mb (8388608 bytes)}.
Apr 29, 2024 9:25:54 AM org.apache.flink.runtime.taskexecutor.TaskExecutor requestSlot
INFO: Receive slot request 1223423901af9fa911dcf8ffc573abb4 for job f0e7d14a7ea3b94113c763789909ecfb from resource manager with leader id 92c4b3729c42045e821e1014639849f9.
Apr 29, 2024 9:25:54 AM org.apache.flink.runtime.taskexecutor.slot.TaskSlotTableImpl allocateSlot
INFO: Allocated slot for 1223423901af9fa911dcf8ffc573abb4 with resources ResourceProfile{taskHeapMemory=128.000gb (137438953472 bytes), taskOffHeapMemory=128.000gb (137438953472 bytes), managedMemory=16.000mb (16777216 bytes), networkMemory=8.000mb (8388608 bytes)}.
Apr 29, 2024 9:25:54 AM org.apache.flink.runtime.taskexecutor.TaskExecutor requestSlot
INFO: Receive slot request e920df8732b3c48cd2ccbf8365d39713 for job f0e7d14a7ea3b94113c763789909ecfb from resource manager with leader id 92c4b3729c42045e821e1014639849f9.
Apr 29, 2024 9:25:54 AM org.apache.flink.runtime.taskexecutor.slot.TaskSlotTableImpl allocateSlot
INFO: Allocated slot for e920df8732b3c48cd2ccbf8365d39713 with resources ResourceProfile{taskHeapMemory=128.000gb (137438953472 bytes), taskOffHeapMemory=128.000gb (137438953472 bytes), managedMemory=16.000mb (16777216 bytes), networkMemory=8.000mb (8388608 bytes)}.
Apr 29, 2024 9:25:54 AM org.apache.flink.runtime.taskexecutor.TaskExecutor requestSlot
INFO: Receive slot request 781f8d19f5186d884b3e9b51bed40cb7 for job f0e7d14a7ea3b94113c763789909ecfb from resource manager with leader id 92c4b3729c42045e821e1014639849f9.
Apr 29, 2024 9:25:54 AM org.apache.flink.runtime.taskexecutor.slot.TaskSlotTableImpl allocateSlot
INFO: Allocated slot for 781f8d19f5186d884b3e9b51bed40cb7 with resources ResourceProfile{taskHeapMemory=128.000gb (137438953472 bytes), taskOffHeapMemory=128.000gb (137438953472 bytes), managedMemory=16.000mb (16777216 bytes), networkMemory=8.000mb (8388608 bytes)}.
Apr 29, 2024 9:25:54 AM org.apache.flink.runtime.taskexecutor.DefaultJobLeaderService$JobManagerLeaderListener$JobManagerRegisteredRpcConnection lambda$onRegistrationSuccess$0
INFO: Successful registration at job manager pekko://flink/user/rpc/jobmanager_75 for job f0e7d14a7ea3b94113c763789909ecfb.
Apr 29, 2024 9:25:54 AM org.apache.flink.runtime.taskexecutor.TaskExecutor establishJobManagerConnection
INFO: Establish JobManager connection for job f0e7d14a7ea3b94113c763789909ecfb.
Apr 29, 2024 9:25:54 AM org.apache.flink.runtime.taskexecutor.TaskExecutor internalOfferSlotsToJobManager
INFO: Offer reserved slots to the leader of job f0e7d14a7ea3b94113c763789909ecfb.
Apr 29, 2024 9:25:54 AM org.apache.flink.runtime.executiongraph.Execution transitionState
INFO: Source: Collection Source (1/1) (67853ab0ce8d9dc267b35b36df16bd09_bc764cd8ddf7a0cff126f51c16239658_0_0) switched from SCHEDULED to DEPLOYING.
Apr 29, 2024 9:25:54 AM org.apache.flink.runtime.executiongraph.Execution deploy
INFO: Deploying Source: Collection Source (1/1) (attempt #0) with attempt id 67853ab0ce8d9dc267b35b36df16bd09_bc764cd8ddf7a0cff126f51c16239658_0_0 and vertex id bc764cd8ddf7a0cff126f51c16239658_0 to d057d9b2-a5eb-4ce9-93b1-4e92b201af94 @ localhost (dataPort=-1) with allocation id d1444d86cecae53d920609697172b7bb
Apr 29, 2024 9:25:54 AM org.apache.flink.runtime.taskexecutor.slot.TaskSlotTableImpl markExistingSlotActive
INFO: Activate slot d1444d86cecae53d920609697172b7bb.
Apr 29, 2024 9:25:54 AM org.apache.flink.runtime.executiongraph.Execution transitionState
INFO: Source: Collection Source (1/1) (67853ab0ce8d9dc267b35b36df16bd09_feca28aff5a3958840bee985ee7de4d3_0_0) switched from SCHEDULED to DEPLOYING.
Apr 29, 2024 9:25:54 AM org.apache.flink.runtime.executiongraph.Execution deploy
INFO: Deploying Source: Collection Source (1/1) (attempt #0) with attempt id 67853ab0ce8d9dc267b35b36df16bd09_feca28aff5a3958840bee985ee7de4d3_0_0 and vertex id feca28aff5a3958840bee985ee7de4d3_0 to d057d9b2-a5eb-4ce9-93b1-4e92b201af94 @ localhost (dataPort=-1) with allocation id d1444d86cecae53d920609697172b7bb
Apr 29, 2024 9:25:54 AM org.apache.flink.runtime.executiongraph.Execution transitionState
INFO: Co-Flat Map -> Sink: Unnamed (1/8) (67853ab0ce8d9dc267b35b36df16bd09_034f3921ef965ad6b40d6e78536a39a3_0_0) switched from SCHEDULED to DEPLOYING.
Apr 29, 2024 9:25:54 AM org.apache.flink.runtime.state.changelog.StateChangelogStorageLoader load
INFO: Creating a changelog storage with name 'memory'.
Apr 29, 2024 9:25:54 AM org.apache.flink.runtime.state.TaskExecutorChannelStateExecutorFactoryManager getOrCreateExecutorFactory
INFO: Creating the channel state executor factory for job id f0e7d14a7ea3b94113c763789909ecfb
Apr 29, 2024 9:25:54 AM org.apache.flink.runtime.executiongraph.Execution deploy
INFO: Deploying Co-Flat Map -> Sink: Unnamed (1/8) (attempt #0) with attempt id 67853ab0ce8d9dc267b35b36df16bd09_034f3921ef965ad6b40d6e78536a39a3_0_0 and vertex id 034f3921ef965ad6b40d6e78536a39a3_0 to d057d9b2-a5eb-4ce9-93b1-4e92b201af94 @ localhost (dataPort=-1) with allocation id d1444d86cecae53d920609697172b7bb
Apr 29, 2024 9:25:54 AM org.apache.flink.runtime.taskexecutor.TaskExecutor submitTask
INFO: Received task Source: Collection Source (1/1)#0 (67853ab0ce8d9dc267b35b36df16bd09_bc764cd8ddf7a0cff126f51c16239658_0_0), deploy into slot with allocation id d1444d86cecae53d920609697172b7bb.
Apr 29, 2024 9:25:54 AM org.apache.flink.runtime.taskmanager.Task transitionState
INFO: Source: Collection Source (1/1)#0 (67853ab0ce8d9dc267b35b36df16bd09_bc764cd8ddf7a0cff126f51c16239658_0_0) switched from CREATED to DEPLOYING.
Apr 29, 2024 9:25:54 AM org.apache.flink.runtime.taskexecutor.slot.TaskSlotTableImpl markExistingSlotActive
INFO: Activate slot d1444d86cecae53d920609697172b7bb.
Apr 29, 2024 9:25:54 AM org.apache.flink.runtime.taskmanager.Task doRun
INFO: Loading JAR files for task Source: Collection Source (1/1)#0 (67853ab0ce8d9dc267b35b36df16bd09_bc764cd8ddf7a0cff126f51c16239658_0_0) [DEPLOYING].
Apr 29, 2024 9:25:54 AM org.apache.flink.runtime.executiongraph.Execution transitionState
INFO: Co-Flat Map -> Sink: Unnamed (2/8) (67853ab0ce8d9dc267b35b36df16bd09_034f3921ef965ad6b40d6e78536a39a3_1_0) switched from SCHEDULED to DEPLOYING.
Apr 29, 2024 9:25:54 AM org.apache.flink.runtime.executiongraph.Execution deploy
INFO: Deploying Co-Flat Map -> Sink: Unnamed (2/8) (attempt #0) with attempt id 67853ab0ce8d9dc267b35b36df16bd09_034f3921ef965ad6b40d6e78536a39a3_1_0 and vertex id 034f3921ef965ad6b40d6e78536a39a3_1 to d057d9b2-a5eb-4ce9-93b1-4e92b201af94 @ localhost (dataPort=-1) with allocation id e920df8732b3c48cd2ccbf8365d39713
Apr 29, 2024 9:25:54 AM org.apache.flink.runtime.taskexecutor.TaskExecutor submitTask
INFO: Received task Source: Collection Source (1/1)#0 (67853ab0ce8d9dc267b35b36df16bd09_feca28aff5a3958840bee985ee7de4d3_0_0), deploy into slot with allocation id d1444d86cecae53d920609697172b7bb.
Apr 29, 2024 9:25:54 AM org.apache.flink.runtime.executiongraph.Execution transitionState
INFO: Co-Flat Map -> Sink: Unnamed (3/8) (67853ab0ce8d9dc267b35b36df16bd09_034f3921ef965ad6b40d6e78536a39a3_2_0) switched from SCHEDULED to DEPLOYING.
Apr 29, 2024 9:25:54 AM org.apache.flink.runtime.taskmanager.Task transitionState
INFO: Source: Collection Source (1/1)#0 (67853ab0ce8d9dc267b35b36df16bd09_feca28aff5a3958840bee985ee7de4d3_0_0) switched from CREATED to DEPLOYING.
Apr 29, 2024 9:25:54 AM org.apache.flink.runtime.taskexecutor.slot.TaskSlotTableImpl markExistingSlotActive
INFO: Activate slot d1444d86cecae53d920609697172b7bb.
Apr 29, 2024 9:25:54 AM org.apache.flink.runtime.taskmanager.Task doRun
INFO: Loading JAR files for task Source: Collection Source (1/1)#0 (67853ab0ce8d9dc267b35b36df16bd09_feca28aff5a3958840bee985ee7de4d3_0_0) [DEPLOYING].
Apr 29, 2024 9:25:54 AM org.apache.flink.runtime.executiongraph.Execution deploy
INFO: Deploying Co-Flat Map -> Sink: Unnamed (3/8) (attempt #0) with attempt id 67853ab0ce8d9dc267b35b36df16bd09_034f3921ef965ad6b40d6e78536a39a3_2_0 and vertex id 034f3921ef965ad6b40d6e78536a39a3_2 to d057d9b2-a5eb-4ce9-93b1-4e92b201af94 @ localhost (dataPort=-1) with allocation id 1647a9b340a68c3b2e24ec87c5e69d06
Apr 29, 2024 9:25:54 AM org.apache.flink.runtime.executiongraph.Execution transitionState
INFO: Co-Flat Map -> Sink: Unnamed (4/8) (67853ab0ce8d9dc267b35b36df16bd09_034f3921ef965ad6b40d6e78536a39a3_3_0) switched from SCHEDULED to DEPLOYING.
Apr 29, 2024 9:25:54 AM org.apache.flink.runtime.executiongraph.Execution deploy
INFO: Deploying Co-Flat Map -> Sink: Unnamed (4/8) (attempt #0) with attempt id 67853ab0ce8d9dc267b35b36df16bd09_034f3921ef965ad6b40d6e78536a39a3_3_0 and vertex id 034f3921ef965ad6b40d6e78536a39a3_3 to d057d9b2-a5eb-4ce9-93b1-4e92b201af94 @ localhost (dataPort=-1) with allocation id aafe3cdbcdb865e9341725d14e8b686e
Apr 29, 2024 9:25:54 AM org.apache.flink.runtime.state.StateBackendLoader loadFromApplicationOrConfigOrDefaultInternal
INFO: No state backend has been configured, using default (HashMap) org.apache.flink.runtime.state.hashmap.HashMapStateBackend@476261e8
Apr 29, 2024 9:25:54 AM org.apache.flink.runtime.state.StateBackendLoader fromApplicationOrConfigOrDefault
INFO: State backend loader loads the state backend as HashMapStateBackend
Apr 29, 2024 9:25:54 AM org.apache.flink.runtime.state.CheckpointStorageLoader createJobManagerCheckpointStorage
INFO: Checkpoint storage is set to 'jobmanager'
Apr 29, 2024 9:25:54 AM org.apache.flink.runtime.executiongraph.Execution transitionState
INFO: Co-Flat Map -> Sink: Unnamed (5/8) (67853ab0ce8d9dc267b35b36df16bd09_034f3921ef965ad6b40d6e78536a39a3_4_0) switched from SCHEDULED to DEPLOYING.
Apr 29, 2024 9:25:54 AM org.apache.flink.runtime.state.StateBackendLoader loadFromApplicationOrConfigOrDefaultInternal
INFO: No state backend has been configured, using default (HashMap) org.apache.flink.runtime.state.hashmap.HashMapStateBackend@155df6af
Apr 29, 2024 9:25:54 AM org.apache.flink.runtime.state.StateBackendLoader fromApplicationOrConfigOrDefault
INFO: State backend loader loads the state backend as HashMapStateBackend
Apr 29, 2024 9:25:54 AM org.apache.flink.runtime.taskmanager.Task transitionState
INFO: Source: Collection Source (1/1)#0 (67853ab0ce8d9dc267b35b36df16bd09_bc764cd8ddf7a0cff126f51c16239658_0_0) switched from DEPLOYING to INITIALIZING.
Apr 29, 2024 9:25:54 AM org.apache.flink.runtime.executiongraph.Execution deploy
INFO: Deploying Co-Flat Map -> Sink: Unnamed (5/8) (attempt #0) with attempt id 67853ab0ce8d9dc267b35b36df16bd09_034f3921ef965ad6b40d6e78536a39a3_4_0 and vertex id 034f3921ef965ad6b40d6e78536a39a3_4 to d057d9b2-a5eb-4ce9-93b1-4e92b201af94 @ localhost (dataPort=-1) with allocation id cd2effaa85648d8547db66f0a023ddaf
Apr 29, 2024 9:25:54 AM org.apache.flink.runtime.state.CheckpointStorageLoader createJobManagerCheckpointStorage
INFO: Checkpoint storage is set to 'jobmanager'
Apr 29, 2024 9:25:54 AM org.apache.flink.runtime.taskmanager.Task transitionState
INFO: Source: Collection Source (1/1)#0 (67853ab0ce8d9dc267b35b36df16bd09_feca28aff5a3958840bee985ee7de4d3_0_0) switched from DEPLOYING to INITIALIZING.
Apr 29, 2024 9:25:54 AM org.apache.flink.runtime.executiongraph.Execution transitionState
INFO: Co-Flat Map -> Sink: Unnamed (6/8) (67853ab0ce8d9dc267b35b36df16bd09_034f3921ef965ad6b40d6e78536a39a3_5_0) switched from SCHEDULED to DEPLOYING.
Apr 29, 2024 9:25:54 AM org.apache.flink.runtime.executiongraph.Execution deploy
INFO: Deploying Co-Flat Map -> Sink: Unnamed (6/8) (attempt #0) with attempt id 67853ab0ce8d9dc267b35b36df16bd09_034f3921ef965ad6b40d6e78536a39a3_5_0 and vertex id 034f3921ef965ad6b40d6e78536a39a3_5 to d057d9b2-a5eb-4ce9-93b1-4e92b201af94 @ localhost (dataPort=-1) with allocation id 1223423901af9fa911dcf8ffc573abb4
Apr 29, 2024 9:25:54 AM org.apache.flink.runtime.executiongraph.Execution transitionState
INFO: Co-Flat Map -> Sink: Unnamed (7/8) (67853ab0ce8d9dc267b35b36df16bd09_034f3921ef965ad6b40d6e78536a39a3_6_0) switched from SCHEDULED to DEPLOYING.
Apr 29, 2024 9:25:54 AM org.apache.flink.runtime.executiongraph.Execution deploy
INFO: Deploying Co-Flat Map -> Sink: Unnamed (7/8) (attempt #0) with attempt id 67853ab0ce8d9dc267b35b36df16bd09_034f3921ef965ad6b40d6e78536a39a3_6_0 and vertex id 034f3921ef965ad6b40d6e78536a39a3_6 to d057d9b2-a5eb-4ce9-93b1-4e92b201af94 @ localhost (dataPort=-1) with allocation id 46d2e6a4dec73f92ab47522caf38a8ad
Apr 29, 2024 9:25:54 AM org.apache.flink.runtime.executiongraph.Execution transitionState
INFO: Co-Flat Map -> Sink: Unnamed (8/8) (67853ab0ce8d9dc267b35b36df16bd09_034f3921ef965ad6b40d6e78536a39a3_7_0) switched from SCHEDULED to DEPLOYING.
Apr 29, 2024 9:25:54 AM org.apache.flink.runtime.executiongraph.Execution deploy
INFO: Deploying Co-Flat Map -> Sink: Unnamed (8/8) (attempt #0) with attempt id 67853ab0ce8d9dc267b35b36df16bd09_034f3921ef965ad6b40d6e78536a39a3_7_0 and vertex id 034f3921ef965ad6b40d6e78536a39a3_7 to d057d9b2-a5eb-4ce9-93b1-4e92b201af94 @ localhost (dataPort=-1) with allocation id 781f8d19f5186d884b3e9b51bed40cb7
Apr 29, 2024 9:25:54 AM org.apache.flink.runtime.taskexecutor.TaskExecutor submitTask
INFO: Received task Co-Flat Map -> Sink: Unnamed (1/8)#0 (67853ab0ce8d9dc267b35b36df16bd09_034f3921ef965ad6b40d6e78536a39a3_0_0), deploy into slot with allocation id d1444d86cecae53d920609697172b7bb.
Apr 29, 2024 9:25:54 AM org.apache.flink.runtime.executiongraph.Execution transitionState
INFO: Source: Collection Source (1/1) (67853ab0ce8d9dc267b35b36df16bd09_bc764cd8ddf7a0cff126f51c16239658_0_0) switched from DEPLOYING to INITIALIZING.
Apr 29, 2024 9:25:54 AM org.apache.flink.runtime.executiongraph.Execution transitionState
INFO: Source: Collection Source (1/1) (67853ab0ce8d9dc267b35b36df16bd09_feca28aff5a3958840bee985ee7de4d3_0_0) switched from DEPLOYING to INITIALIZING.
Apr 29, 2024 9:25:54 AM org.apache.flink.runtime.taskmanager.Task transitionState
INFO: Co-Flat Map -> Sink: Unnamed (1/8)#0 (67853ab0ce8d9dc267b35b36df16bd09_034f3921ef965ad6b40d6e78536a39a3_0_0) switched from CREATED to DEPLOYING.
Apr 29, 2024 9:25:54 AM org.apache.flink.runtime.taskmanager.Task doRun
INFO: Loading JAR files for task Co-Flat Map -> Sink: Unnamed (1/8)#0 (67853ab0ce8d9dc267b35b36df16bd09_034f3921ef965ad6b40d6e78536a39a3_0_0) [DEPLOYING].
Apr 29, 2024 9:25:54 AM org.apache.flink.runtime.taskexecutor.slot.TaskSlotTableImpl markExistingSlotActive
INFO: Activate slot e920df8732b3c48cd2ccbf8365d39713.
Apr 29, 2024 9:25:54 AM org.apache.flink.runtime.state.StateBackendLoader loadFromApplicationOrConfigOrDefaultInternal
INFO: No state backend has been configured, using default (HashMap) org.apache.flink.runtime.state.hashmap.HashMapStateBackend@71d5780f
Apr 29, 2024 9:25:54 AM org.apache.flink.runtime.state.StateBackendLoader fromApplicationOrConfigOrDefault
INFO: State backend loader loads the state backend as HashMapStateBackend
Apr 29, 2024 9:25:54 AM org.apache.flink.runtime.state.CheckpointStorageLoader createJobManagerCheckpointStorage
INFO: Checkpoint storage is set to 'jobmanager'
Apr 29, 2024 9:25:54 AM org.apache.flink.runtime.taskmanager.Task transitionState
INFO: Co-Flat Map -> Sink: Unnamed (1/8)#0 (67853ab0ce8d9dc267b35b36df16bd09_034f3921ef965ad6b40d6e78536a39a3_0_0) switched from DEPLOYING to INITIALIZING.
Apr 29, 2024 9:25:54 AM org.apache.flink.runtime.taskmanager.Task transitionState
INFO: Source: Collection Source (1/1)#0 (67853ab0ce8d9dc267b35b36df16bd09_bc764cd8ddf7a0cff126f51c16239658_0_0) switched from INITIALIZING to RUNNING.
Apr 29, 2024 9:25:54 AM org.apache.flink.runtime.executiongraph.Execution transitionState
INFO: Co-Flat Map -> Sink: Unnamed (1/8) (67853ab0ce8d9dc267b35b36df16bd09_034f3921ef965ad6b40d6e78536a39a3_0_0) switched from DEPLOYING to INITIALIZING.
Apr 29, 2024 9:25:54 AM org.apache.flink.runtime.executiongraph.Execution transitionState
INFO: Source: Collection Source (1/1) (67853ab0ce8d9dc267b35b36df16bd09_bc764cd8ddf7a0cff126f51c16239658_0_0) switched from INITIALIZING to RUNNING.
Apr 29, 2024 9:25:54 AM org.apache.flink.runtime.taskmanager.Task transitionState
INFO: Source: Collection Source (1/1)#0 (67853ab0ce8d9dc267b35b36df16bd09_feca28aff5a3958840bee985ee7de4d3_0_0) switched from INITIALIZING to RUNNING.
Apr 29, 2024 9:25:54 AM org.apache.flink.runtime.executiongraph.Execution transitionState
INFO: Source: Collection Source (1/1) (67853ab0ce8d9dc267b35b36df16bd09_feca28aff5a3958840bee985ee7de4d3_0_0) switched from INITIALIZING to RUNNING.
Apr 29, 2024 9:25:54 AM org.apache.flink.api.java.typeutils.runtime.kryo.KryoSerializer getKryoInstance
INFO: Kryo serializer scala extensions are not available.
Apr 29, 2024 9:25:54 AM org.apache.flink.runtime.taskexecutor.TaskExecutor submitTask
INFO: Received task Co-Flat Map -> Sink: Unnamed (2/8)#0 (67853ab0ce8d9dc267b35b36df16bd09_034f3921ef965ad6b40d6e78536a39a3_1_0), deploy into slot with allocation id e920df8732b3c48cd2ccbf8365d39713.
Apr 29, 2024 9:25:54 AM org.apache.flink.api.java.typeutils.runtime.kryo.KryoSerializer getKryoInstance
INFO: Kryo serializer scala extensions are not available.
Apr 29, 2024 9:25:54 AM org.apache.flink.api.java.typeutils.runtime.kryo.KryoSerializer getKryoInstance
INFO: Kryo serializer scala extensions are not available.
Apr 29, 2024 9:25:54 AM org.apache.flink.runtime.taskmanager.Task transitionState
INFO: Co-Flat Map -> Sink: Unnamed (2/8)#0 (67853ab0ce8d9dc267b35b36df16bd09_034f3921ef965ad6b40d6e78536a39a3_1_0) switched from CREATED to DEPLOYING.
Apr 29, 2024 9:25:54 AM org.apache.flink.runtime.taskmanager.Task doRun
INFO: Loading JAR files for task Co-Flat Map -> Sink: Unnamed (2/8)#0 (67853ab0ce8d9dc267b35b36df16bd09_034f3921ef965ad6b40d6e78536a39a3_1_0) [DEPLOYING].
Apr 29, 2024 9:25:54 AM org.apache.flink.api.java.typeutils.runtime.kryo.KryoSerializer getKryoInstance
INFO: Kryo serializer scala extensions are not available.
Apr 29, 2024 9:25:54 AM org.apache.flink.runtime.state.StateBackendLoader loadFromApplicationOrConfigOrDefaultInternal
INFO: No state backend has been configured, using default (HashMap) org.apache.flink.runtime.state.hashmap.HashMapStateBackend@4b1118e8
Apr 29, 2024 9:25:54 AM org.apache.flink.runtime.state.StateBackendLoader fromApplicationOrConfigOrDefault
INFO: State backend loader loads the state backend as HashMapStateBackend
Apr 29, 2024 9:25:54 AM org.apache.flink.runtime.state.CheckpointStorageLoader createJobManagerCheckpointStorage
INFO: Checkpoint storage is set to 'jobmanager'
Apr 29, 2024 9:25:54 AM org.apache.flink.runtime.state.heap.HeapKeyedStateBackendBuilder restoreState
INFO: Finished to build heap keyed state-backend.
Apr 29, 2024 9:25:54 AM org.apache.flink.runtime.taskmanager.Task transitionState
INFO: Co-Flat Map -> Sink: Unnamed (2/8)#0 (67853ab0ce8d9dc267b35b36df16bd09_034f3921ef965ad6b40d6e78536a39a3_1_0) switched from DEPLOYING to INITIALIZING.
Apr 29, 2024 9:25:54 AM org.apache.flink.runtime.state.heap.HeapKeyedStateBackend <init>
INFO: Initializing heap keyed state backend with stream factory.
Apr 29, 2024 9:25:54 AM org.apache.flink.runtime.taskexecutor.slot.TaskSlotTableImpl markExistingSlotActive
INFO: Activate slot 1647a9b340a68c3b2e24ec87c5e69d06.
Apr 29, 2024 9:25:54 AM org.apache.flink.api.java.typeutils.TypeExtractor analyzePojo
INFO: The default constructor of class org.apache.beam.sdk.nexmark.model.Person is not Public so it cannot be used as a POJO type and must be processed as GenericType. Please read the Flink documentation on "Data Types & Serialization" for details of the effect on performance and schema evolution.
Apr 29, 2024 9:25:54 AM org.apache.flink.api.java.typeutils.TypeExtractor analyzePojo
INFO: The default constructor of class org.apache.beam.sdk.nexmark.model.Auction is not Public so it cannot be used as a POJO type and must be processed as GenericType. Please read the Flink documentation on "Data Types & Serialization" for details of the effect on performance and schema evolution.
Apr 29, 2024 9:25:54 AM org.apache.flink.runtime.executiongraph.Execution transitionState
INFO: Co-Flat Map -> Sink: Unnamed (2/8) (67853ab0ce8d9dc267b35b36df16bd09_034f3921ef965ad6b40d6e78536a39a3_1_0) switched from DEPLOYING to INITIALIZING.
Apr 29, 2024 9:25:54 AM org.apache.flink.runtime.taskmanager.Task transitionState
INFO: Source: Collection Source (1/1)#0 (67853ab0ce8d9dc267b35b36df16bd09_feca28aff5a3958840bee985ee7de4d3_0_0) switched from RUNNING to FINISHED.
Apr 29, 2024 9:25:54 AM org.apache.flink.runtime.taskexecutor.TaskExecutor submitTask
INFO: Received task Co-Flat Map -> Sink: Unnamed (3/8)#0 (67853ab0ce8d9dc267b35b36df16bd09_034f3921ef965ad6b40d6e78536a39a3_2_0), deploy into slot with allocation id 1647a9b340a68c3b2e24ec87c5e69d06.
Apr 29, 2024 9:25:54 AM org.apache.flink.runtime.taskmanager.Task transitionState
INFO: Source: Collection Source (1/1)#0 (67853ab0ce8d9dc267b35b36df16bd09_bc764cd8ddf7a0cff126f51c16239658_0_0) switched from RUNNING to FINISHED.
Apr 29, 2024 9:25:54 AM org.apache.flink.runtime.taskmanager.Task doRun
INFO: Freeing task resources for Source: Collection Source (1/1)#0 (67853ab0ce8d9dc267b35b36df16bd09_feca28aff5a3958840bee985ee7de4d3_0_0).
Apr 29, 2024 9:25:54 AM org.apache.flink.runtime.taskmanager.Task doRun
INFO: Freeing task resources for Source: Collection Source (1/1)#0 (67853ab0ce8d9dc267b35b36df16bd09_bc764cd8ddf7a0cff126f51c16239658_0_0).
Apr 29, 2024 9:25:54 AM org.apache.flink.runtime.taskmanager.Task transitionState
INFO: Co-Flat Map -> Sink: Unnamed (3/8)#0 (67853ab0ce8d9dc267b35b36df16bd09_034f3921ef965ad6b40d6e78536a39a3_2_0) switched from CREATED to DEPLOYING.
Apr 29, 2024 9:25:54 AM org.apache.flink.runtime.taskmanager.Task doRun
INFO: Loading JAR files for task Co-Flat Map -> Sink: Unnamed (3/8)#0 (67853ab0ce8d9dc267b35b36df16bd09_034f3921ef965ad6b40d6e78536a39a3_2_0) [DEPLOYING].
Apr 29, 2024 9:25:54 AM org.apache.flink.runtime.taskexecutor.slot.TaskSlotTableImpl markExistingSlotActive
INFO: Activate slot aafe3cdbcdb865e9341725d14e8b686e.
Apr 29, 2024 9:25:54 AM org.apache.flink.runtime.state.StateBackendLoader loadFromApplicationOrConfigOrDefaultInternal
INFO: No state backend has been configured, using default (HashMap) org.apache.flink.runtime.state.hashmap.HashMapStateBackend@45d53c39
Apr 29, 2024 9:25:54 AM org.apache.flink.runtime.state.StateBackendLoader fromApplicationOrConfigOrDefault
INFO: State backend loader loads the state backend as HashMapStateBackend
Apr 29, 2024 9:25:54 AM org.apache.flink.runtime.taskmanager.Task transitionState
INFO: Co-Flat Map -> Sink: Unnamed (1/8)#0 (67853ab0ce8d9dc267b35b36df16bd09_034f3921ef965ad6b40d6e78536a39a3_0_0) switched from INITIALIZING to RUNNING.
Apr 29, 2024 9:25:54 AM org.apache.flink.runtime.state.CheckpointStorageLoader createJobManagerCheckpointStorage
INFO: Checkpoint storage is set to 'jobmanager'
Apr 29, 2024 9:25:54 AM org.apache.flink.runtime.taskmanager.Task transitionState
INFO: Co-Flat Map -> Sink: Unnamed (3/8)#0 (67853ab0ce8d9dc267b35b36df16bd09_034f3921ef965ad6b40d6e78536a39a3_2_0) switched from DEPLOYING to INITIALIZING.
Apr 29, 2024 9:25:54 AM org.apache.flink.runtime.executiongraph.Execution transitionState
INFO: Co-Flat Map -> Sink: Unnamed (1/8) (67853ab0ce8d9dc267b35b36df16bd09_034f3921ef965ad6b40d6e78536a39a3_0_0) switched from INITIALIZING to RUNNING.
Apr 29, 2024 9:25:54 AM org.apache.flink.runtime.executiongraph.Execution transitionState
INFO: Co-Flat Map -> Sink: Unnamed (3/8) (67853ab0ce8d9dc267b35b36df16bd09_034f3921ef965ad6b40d6e78536a39a3_2_0) switched from DEPLOYING to INITIALIZING.
Apr 29, 2024 9:25:54 AM org.apache.flink.api.java.typeutils.runtime.kryo.KryoSerializer getKryoInstance
INFO: Kryo serializer scala extensions are not available.
Apr 29, 2024 9:25:54 AM org.apache.flink.runtime.state.heap.HeapKeyedStateBackendBuilder restoreState
INFO: Finished to build heap keyed state-backend.
Apr 29, 2024 9:25:54 AM org.apache.flink.runtime.state.heap.HeapKeyedStateBackend <init>
INFO: Initializing heap keyed state backend with stream factory.
Apr 29, 2024 9:25:54 AM org.apache.flink.runtime.taskexecutor.TaskExecutor submitTask
INFO: Received task Co-Flat Map -> Sink: Unnamed (4/8)#0 (67853ab0ce8d9dc267b35b36df16bd09_034f3921ef965ad6b40d6e78536a39a3_3_0), deploy into slot with allocation id aafe3cdbcdb865e9341725d14e8b686e.
Apr 29, 2024 9:25:54 AM org.apache.flink.api.java.typeutils.TypeExtractor analyzePojo
INFO: The default constructor of class org.apache.beam.sdk.nexmark.model.Person is not Public so it cannot be used as a POJO type and must be processed as GenericType. Please read the Flink documentation on "Data Types & Serialization" for details of the effect on performance and schema evolution.
Apr 29, 2024 9:25:54 AM org.apache.flink.runtime.taskmanager.Task transitionState
INFO: Co-Flat Map -> Sink: Unnamed (4/8)#0 (67853ab0ce8d9dc267b35b36df16bd09_034f3921ef965ad6b40d6e78536a39a3_3_0) switched from CREATED to DEPLOYING.
Apr 29, 2024 9:25:54 AM org.apache.flink.runtime.taskmanager.Task doRun
INFO: Loading JAR files for task Co-Flat Map -> Sink: Unnamed (4/8)#0 (67853ab0ce8d9dc267b35b36df16bd09_034f3921ef965ad6b40d6e78536a39a3_3_0) [DEPLOYING].
Apr 29, 2024 9:25:54 AM org.apache.flink.runtime.taskexecutor.slot.TaskSlotTableImpl markExistingSlotActive
INFO: Activate slot cd2effaa85648d8547db66f0a023ddaf.
Apr 29, 2024 9:25:54 AM org.apache.flink.runtime.state.heap.HeapKeyedStateBackendBuilder restoreState
INFO: Finished to build heap keyed state-backend.
Apr 29, 2024 9:25:54 AM org.apache.flink.runtime.state.heap.HeapKeyedStateBackend <init>
INFO: Initializing heap keyed state backend with stream factory.
Apr 29, 2024 9:25:54 AM org.apache.flink.runtime.state.StateBackendLoader loadFromApplicationOrConfigOrDefaultInternal
INFO: No state backend has been configured, using default (HashMap) org.apache.flink.runtime.state.hashmap.HashMapStateBackend@319b537f
Apr 29, 2024 9:25:54 AM org.apache.flink.api.java.typeutils.TypeExtractor analyzePojo
INFO: The default constructor of class org.apache.beam.sdk.nexmark.model.Person is not Public so it cannot be used as a POJO type and must be processed as GenericType. Please read the Flink documentation on "Data Types & Serialization" for details of the effect on performance and schema evolution.
Apr 29, 2024 9:25:54 AM org.apache.flink.runtime.state.StateBackendLoader fromApplicationOrConfigOrDefault
INFO: State backend loader loads the state backend as HashMapStateBackend
Apr 29, 2024 9:25:54 AM org.apache.flink.api.java.typeutils.TypeExtractor analyzePojo
INFO: The default constructor of class org.apache.beam.sdk.nexmark.model.Auction is not Public so it cannot be used as a POJO type and must be processed as GenericType. Please read the Flink documentation on "Data Types & Serialization" for details of the effect on performance and schema evolution.
Apr 29, 2024 9:25:54 AM org.apache.flink.runtime.state.CheckpointStorageLoader createJobManagerCheckpointStorage
INFO: Checkpoint storage is set to 'jobmanager'
Apr 29, 2024 9:25:54 AM org.apache.flink.api.java.typeutils.runtime.kryo.KryoSerializer getKryoInstance
INFO: Kryo serializer scala extensions are not available.
Apr 29, 2024 9:25:54 AM org.apache.flink.runtime.taskmanager.Task transitionState
INFO: Co-Flat Map -> Sink: Unnamed (4/8)#0 (67853ab0ce8d9dc267b35b36df16bd09_034f3921ef965ad6b40d6e78536a39a3_3_0) switched from DEPLOYING to INITIALIZING.
Apr 29, 2024 9:25:54 AM org.apache.flink.api.java.typeutils.TypeExtractor analyzePojo
INFO: The default constructor of class org.apache.beam.sdk.nexmark.model.Auction is not Public so it cannot be used as a POJO type and must be processed as GenericType. Please read the Flink documentation on "Data Types & Serialization" for details of the effect on performance and schema evolution.
Apr 29, 2024 9:25:54 AM org.apache.flink.runtime.executiongraph.Execution transitionState
INFO: Co-Flat Map -> Sink: Unnamed (4/8) (67853ab0ce8d9dc267b35b36df16bd09_034f3921ef965ad6b40d6e78536a39a3_3_0) switched from DEPLOYING to INITIALIZING.
Apr 29, 2024 9:25:54 AM org.apache.flink.runtime.taskmanager.Task transitionState
INFO: Co-Flat Map -> Sink: Unnamed (2/8)#0 (67853ab0ce8d9dc267b35b36df16bd09_034f3921ef965ad6b40d6e78536a39a3_1_0) switched from INITIALIZING to RUNNING.
Apr 29, 2024 9:25:54 AM org.apache.flink.runtime.taskmanager.Task transitionState
INFO: Co-Flat Map -> Sink: Unnamed (3/8)#0 (67853ab0ce8d9dc267b35b36df16bd09_034f3921ef965ad6b40d6e78536a39a3_2_0) switched from INITIALIZING to RUNNING.
Apr 29, 2024 9:25:54 AM org.apache.flink.runtime.executiongraph.Execution transitionState
INFO: Co-Flat Map -> Sink: Unnamed (2/8) (67853ab0ce8d9dc267b35b36df16bd09_034f3921ef965ad6b40d6e78536a39a3_1_0) switched from INITIALIZING to RUNNING.
Apr 29, 2024 9:25:54 AM org.apache.flink.runtime.taskexecutor.TaskExecutor submitTask
INFO: Received task Co-Flat Map -> Sink: Unnamed (5/8)#0 (67853ab0ce8d9dc267b35b36df16bd09_034f3921ef965ad6b40d6e78536a39a3_4_0), deploy into slot with allocation id cd2effaa85648d8547db66f0a023ddaf.
Apr 29, 2024 9:25:54 AM org.apache.flink.runtime.executiongraph.Execution transitionState
INFO: Co-Flat Map -> Sink: Unnamed (3/8) (67853ab0ce8d9dc267b35b36df16bd09_034f3921ef965ad6b40d6e78536a39a3_2_0) switched from INITIALIZING to RUNNING.
Apr 29, 2024 9:25:54 AM org.apache.flink.api.java.typeutils.runtime.kryo.KryoSerializer getKryoInstance
INFO: Kryo serializer scala extensions are not available.
Apr 29, 2024 9:25:54 AM org.apache.flink.runtime.taskmanager.Task transitionState
INFO: Co-Flat Map -> Sink: Unnamed (3/8)#0 (67853ab0ce8d9dc267b35b36df16bd09_034f3921ef965ad6b40d6e78536a39a3_2_0) switched from RUNNING to FINISHED.
Apr 29, 2024 9:25:54 AM org.apache.flink.runtime.taskmanager.Task doRun
INFO: Freeing task resources for Co-Flat Map -> Sink: Unnamed (3/8)#0 (67853ab0ce8d9dc267b35b36df16bd09_034f3921ef965ad6b40d6e78536a39a3_2_0).
Apr 29, 2024 9:25:54 AM org.apache.flink.runtime.taskmanager.Task transitionState
INFO: Co-Flat Map -> Sink: Unnamed (1/8)#0 (67853ab0ce8d9dc267b35b36df16bd09_034f3921ef965ad6b40d6e78536a39a3_0_0) switched from RUNNING to FINISHED.
Apr 29, 2024 9:25:54 AM org.apache.flink.runtime.taskmanager.Task doRun
INFO: Freeing task resources for Co-Flat Map -> Sink: Unnamed (1/8)#0 (67853ab0ce8d9dc267b35b36df16bd09_034f3921ef965ad6b40d6e78536a39a3_0_0).
Apr 29, 2024 9:25:54 AM org.apache.flink.runtime.taskmanager.Task transitionState
INFO: Co-Flat Map -> Sink: Unnamed (5/8)#0 (67853ab0ce8d9dc267b35b36df16bd09_034f3921ef965ad6b40d6e78536a39a3_4_0) switched from CREATED to DEPLOYING.
Apr 29, 2024 9:25:54 AM org.apache.flink.runtime.taskexecutor.slot.TaskSlotTableImpl markExistingSlotActive
INFO: Activate slot 1223423901af9fa911dcf8ffc573abb4.
Apr 29, 2024 9:25:54 AM org.apache.flink.runtime.taskmanager.Task doRun
INFO: Loading JAR files for task Co-Flat Map -> Sink: Unnamed (5/8)#0 (67853ab0ce8d9dc267b35b36df16bd09_034f3921ef965ad6b40d6e78536a39a3_4_0) [DEPLOYING].
Apr 29, 2024 9:25:54 AM org.apache.flink.runtime.state.heap.HeapKeyedStateBackendBuilder restoreState
INFO: Finished to build heap keyed state-backend.
Apr 29, 2024 9:25:54 AM org.apache.flink.runtime.state.heap.HeapKeyedStateBackend <init>
INFO: Initializing heap keyed state backend with stream factory.
Apr 29, 2024 9:25:54 AM org.apache.flink.api.java.typeutils.runtime.kryo.KryoSerializer getKryoInstance
INFO: Kryo serializer scala extensions are not available.
Apr 29, 2024 9:25:54 AM org.apache.flink.api.java.typeutils.TypeExtractor analyzePojo
INFO: The default constructor of class org.apache.beam.sdk.nexmark.model.Person is not Public so it cannot be used as a POJO type and must be processed as GenericType. Please read the Flink documentation on "Data Types & Serialization" for details of the effect on performance and schema evolution.
Apr 29, 2024 9:25:54 AM org.apache.flink.runtime.state.StateBackendLoader loadFromApplicationOrConfigOrDefaultInternal
INFO: No state backend has been configured, using default (HashMap) org.apache.flink.runtime.state.hashmap.HashMapStateBackend@4026fc5b
Apr 29, 2024 9:25:54 AM org.apache.flink.runtime.state.StateBackendLoader fromApplicationOrConfigOrDefault
INFO: State backend loader loads the state backend as HashMapStateBackend
Apr 29, 2024 9:25:54 AM org.apache.flink.runtime.state.CheckpointStorageLoader createJobManagerCheckpointStorage
INFO: Checkpoint storage is set to 'jobmanager'
Apr 29, 2024 9:25:54 AM org.apache.flink.runtime.taskmanager.Task transitionState
INFO: Co-Flat Map -> Sink: Unnamed (5/8)#0 (67853ab0ce8d9dc267b35b36df16bd09_034f3921ef965ad6b40d6e78536a39a3_4_0) switched from DEPLOYING to INITIALIZING.
Apr 29, 2024 9:25:54 AM org.apache.flink.runtime.executiongraph.Execution transitionState
INFO: Co-Flat Map -> Sink: Unnamed (5/8) (67853ab0ce8d9dc267b35b36df16bd09_034f3921ef965ad6b40d6e78536a39a3_4_0) switched from DEPLOYING to INITIALIZING.
Apr 29, 2024 9:25:54 AM org.apache.flink.api.java.typeutils.TypeExtractor analyzePojo
INFO: The default constructor of class org.apache.beam.sdk.nexmark.model.Auction is not Public so it cannot be used as a POJO type and must be processed as GenericType. Please read the Flink documentation on "Data Types & Serialization" for details of the effect on performance and schema evolution.
Apr 29, 2024 9:25:54 AM org.apache.flink.runtime.taskexecutor.TaskExecutor submitTask
INFO: Received task Co-Flat Map -> Sink: Unnamed (6/8)#0 (67853ab0ce8d9dc267b35b36df16bd09_034f3921ef965ad6b40d6e78536a39a3_5_0), deploy into slot with allocation id 1223423901af9fa911dcf8ffc573abb4.
Apr 29, 2024 9:25:54 AM org.apache.flink.runtime.taskmanager.Task transitionState
INFO: Co-Flat Map -> Sink: Unnamed (2/8)#0 (67853ab0ce8d9dc267b35b36df16bd09_034f3921ef965ad6b40d6e78536a39a3_1_0) switched from RUNNING to FINISHED.
Apr 29, 2024 9:25:54 AM org.apache.flink.runtime.taskmanager.Task doRun
INFO: Freeing task resources for Co-Flat Map -> Sink: Unnamed (2/8)#0 (67853ab0ce8d9dc267b35b36df16bd09_034f3921ef965ad6b40d6e78536a39a3_1_0).
Apr 29, 2024 9:25:54 AM org.apache.flink.runtime.taskmanager.Task transitionState
INFO: Co-Flat Map -> Sink: Unnamed (4/8)#0 (67853ab0ce8d9dc267b35b36df16bd09_034f3921ef965ad6b40d6e78536a39a3_3_0) switched from INITIALIZING to RUNNING.
Apr 29, 2024 9:25:54 AM org.apache.flink.runtime.taskmanager.Task transitionState
INFO: Co-Flat Map -> Sink: Unnamed (6/8)#0 (67853ab0ce8d9dc267b35b36df16bd09_034f3921ef965ad6b40d6e78536a39a3_5_0) switched from CREATED to DEPLOYING.
Apr 29, 2024 9:25:54 AM org.apache.flink.runtime.taskmanager.Task doRun
INFO: Loading JAR files for task Co-Flat Map -> Sink: Unnamed (6/8)#0 (67853ab0ce8d9dc267b35b36df16bd09_034f3921ef965ad6b40d6e78536a39a3_5_0) [DEPLOYING].
Apr 29, 2024 9:25:54 AM org.apache.flink.runtime.taskexecutor.slot.TaskSlotTableImpl markExistingSlotActive
INFO: Activate slot 46d2e6a4dec73f92ab47522caf38a8ad.
Apr 29, 2024 9:25:54 AM org.apache.flink.api.java.typeutils.runtime.kryo.KryoSerializer getKryoInstance
INFO: Kryo serializer scala extensions are not available.
Apr 29, 2024 9:25:54 AM org.apache.flink.runtime.state.StateBackendLoader loadFromApplicationOrConfigOrDefaultInternal
INFO: No state backend has been configured, using default (HashMap) org.apache.flink.runtime.state.hashmap.HashMapStateBackend@21965345
Apr 29, 2024 9:25:54 AM org.apache.flink.runtime.state.StateBackendLoader fromApplicationOrConfigOrDefault
INFO: State backend loader loads the state backend as HashMapStateBackend
Apr 29, 2024 9:25:54 AM org.apache.flink.runtime.state.CheckpointStorageLoader createJobManagerCheckpointStorage
INFO: Checkpoint storage is set to 'jobmanager'
Apr 29, 2024 9:25:54 AM org.apache.flink.runtime.taskmanager.Task transitionState
INFO: Co-Flat Map -> Sink: Unnamed (6/8)#0 (67853ab0ce8d9dc267b35b36df16bd09_034f3921ef965ad6b40d6e78536a39a3_5_0) switched from DEPLOYING to INITIALIZING.
Apr 29, 2024 9:25:54 AM org.apache.flink.runtime.state.heap.HeapKeyedStateBackendBuilder restoreState
INFO: Finished to build heap keyed state-backend.
Apr 29, 2024 9:25:54 AM org.apache.flink.runtime.executiongraph.Execution transitionState
INFO: Co-Flat Map -> Sink: Unnamed (4/8) (67853ab0ce8d9dc267b35b36df16bd09_034f3921ef965ad6b40d6e78536a39a3_3_0) switched from INITIALIZING to RUNNING.
Apr 29, 2024 9:25:54 AM org.apache.flink.runtime.state.heap.HeapKeyedStateBackend <init>
INFO: Initializing heap keyed state backend with stream factory.
Apr 29, 2024 9:25:54 AM org.apache.flink.api.java.typeutils.runtime.kryo.KryoSerializer getKryoInstance
INFO: Kryo serializer scala extensions are not available.
Apr 29, 2024 9:25:54 AM org.apache.flink.api.java.typeutils.TypeExtractor analyzePojo
INFO: The default constructor of class org.apache.beam.sdk.nexmark.model.Person is not Public so it cannot be used as a POJO type and must be processed as GenericType. Please read the Flink documentation on "Data Types & Serialization" for details of the effect on performance and schema evolution.
Apr 29, 2024 9:25:54 AM org.apache.flink.runtime.executiongraph.Execution transitionState
INFO: Co-Flat Map -> Sink: Unnamed (6/8) (67853ab0ce8d9dc267b35b36df16bd09_034f3921ef965ad6b40d6e78536a39a3_5_0) switched from DEPLOYING to INITIALIZING.
Apr 29, 2024 9:25:54 AM org.apache.flink.api.java.typeutils.TypeExtractor analyzePojo
INFO: The default constructor of class org.apache.beam.sdk.nexmark.model.Auction is not Public so it cannot be used as a POJO type and must be processed as GenericType. Please read the Flink documentation on "Data Types & Serialization" for details of the effect on performance and schema evolution.
Apr 29, 2024 9:25:54 AM org.apache.flink.runtime.taskmanager.Task transitionState
INFO: Co-Flat Map -> Sink: Unnamed (5/8)#0 (67853ab0ce8d9dc267b35b36df16bd09_034f3921ef965ad6b40d6e78536a39a3_4_0) switched from INITIALIZING to RUNNING.
Apr 29, 2024 9:25:54 AM org.apache.flink.runtime.taskmanager.Task transitionState
INFO: Co-Flat Map -> Sink: Unnamed (4/8)#0 (67853ab0ce8d9dc267b35b36df16bd09_034f3921ef965ad6b40d6e78536a39a3_3_0) switched from RUNNING to FINISHED.
Apr 29, 2024 9:25:54 AM org.apache.flink.runtime.taskmanager.Task doRun
INFO: Freeing task resources for Co-Flat Map -> Sink: Unnamed (4/8)#0 (67853ab0ce8d9dc267b35b36df16bd09_034f3921ef965ad6b40d6e78536a39a3_3_0).
Apr 29, 2024 9:25:54 AM org.apache.flink.runtime.executiongraph.Execution transitionState
INFO: Co-Flat Map -> Sink: Unnamed (5/8) (67853ab0ce8d9dc267b35b36df16bd09_034f3921ef965ad6b40d6e78536a39a3_4_0) switched from INITIALIZING to RUNNING.
Apr 29, 2024 9:25:54 AM org.apache.flink.api.java.typeutils.runtime.kryo.KryoSerializer getKryoInstance
INFO: Kryo serializer scala extensions are not available.
Apr 29, 2024 9:25:54 AM org.apache.flink.runtime.taskexecutor.TaskExecutor submitTask
INFO: Received task Co-Flat Map -> Sink: Unnamed (7/8)#0 (67853ab0ce8d9dc267b35b36df16bd09_034f3921ef965ad6b40d6e78536a39a3_6_0), deploy into slot with allocation id 46d2e6a4dec73f92ab47522caf38a8ad.
Apr 29, 2024 9:25:54 AM org.apache.flink.api.java.typeutils.runtime.kryo.KryoSerializer getKryoInstance
INFO: Kryo serializer scala extensions are not available.
Apr 29, 2024 9:25:54 AM org.apache.flink.runtime.taskmanager.Task transitionState
INFO: Co-Flat Map -> Sink: Unnamed (7/8)#0 (67853ab0ce8d9dc267b35b36df16bd09_034f3921ef965ad6b40d6e78536a39a3_6_0) switched from CREATED to DEPLOYING.
Apr 29, 2024 9:25:54 AM org.apache.flink.runtime.taskmanager.Task doRun
INFO: Loading JAR files for task Co-Flat Map -> Sink: Unnamed (7/8)#0 (67853ab0ce8d9dc267b35b36df16bd09_034f3921ef965ad6b40d6e78536a39a3_6_0) [DEPLOYING].
Apr 29, 2024 9:25:54 AM org.apache.flink.runtime.taskexecutor.slot.TaskSlotTableImpl markExistingSlotActive
INFO: Activate slot 781f8d19f5186d884b3e9b51bed40cb7.
Apr 29, 2024 9:25:54 AM org.apache.flink.runtime.state.heap.HeapKeyedStateBackendBuilder restoreState
INFO: Finished to build heap keyed state-backend.
Apr 29, 2024 9:25:54 AM org.apache.flink.runtime.state.heap.HeapKeyedStateBackend <init>
INFO: Initializing heap keyed state backend with stream factory.
Apr 29, 2024 9:25:54 AM org.apache.flink.runtime.taskmanager.Task transitionState
INFO: Co-Flat Map -> Sink: Unnamed (5/8)#0 (67853ab0ce8d9dc267b35b36df16bd09_034f3921ef965ad6b40d6e78536a39a3_4_0) switched from RUNNING to FINISHED.
Apr 29, 2024 9:25:54 AM org.apache.flink.runtime.taskmanager.Task doRun
INFO: Freeing task resources for Co-Flat Map -> Sink: Unnamed (5/8)#0 (67853ab0ce8d9dc267b35b36df16bd09_034f3921ef965ad6b40d6e78536a39a3_4_0).
Apr 29, 2024 9:25:54 AM org.apache.flink.runtime.state.StateBackendLoader loadFromApplicationOrConfigOrDefaultInternal
INFO: No state backend has been configured, using default (HashMap) org.apache.flink.runtime.state.hashmap.HashMapStateBackend@85808b0
Apr 29, 2024 9:25:54 AM org.apache.flink.runtime.state.StateBackendLoader fromApplicationOrConfigOrDefault
INFO: State backend loader loads the state backend as HashMapStateBackend
Apr 29, 2024 9:25:54 AM org.apache.flink.api.java.typeutils.TypeExtractor analyzePojo
INFO: The default constructor of class org.apache.beam.sdk.nexmark.model.Person is not Public so it cannot be used as a POJO type and must be processed as GenericType. Please read the Flink documentation on "Data Types & Serialization" for details of the effect on performance and schema evolution.
Apr 29, 2024 9:25:54 AM org.apache.flink.runtime.state.CheckpointStorageLoader createJobManagerCheckpointStorage
INFO: Checkpoint storage is set to 'jobmanager'
Apr 29, 2024 9:25:54 AM org.apache.flink.runtime.taskmanager.Task transitionState
INFO: Co-Flat Map -> Sink: Unnamed (7/8)#0 (67853ab0ce8d9dc267b35b36df16bd09_034f3921ef965ad6b40d6e78536a39a3_6_0) switched from DEPLOYING to INITIALIZING.
Apr 29, 2024 9:25:54 AM org.apache.flink.api.java.typeutils.TypeExtractor analyzePojo
INFO: The default constructor of class org.apache.beam.sdk.nexmark.model.Auction is not Public so it cannot be used as a POJO type and must be processed as GenericType. Please read the Flink documentation on "Data Types & Serialization" for details of the effect on performance and schema evolution.
Apr 29, 2024 9:25:54 AM org.apache.flink.runtime.executiongraph.Execution transitionState
INFO: Co-Flat Map -> Sink: Unnamed (7/8) (67853ab0ce8d9dc267b35b36df16bd09_034f3921ef965ad6b40d6e78536a39a3_6_0) switched from DEPLOYING to INITIALIZING.
Apr 29, 2024 9:25:54 AM org.apache.flink.runtime.taskexecutor.TaskExecutor submitTask
INFO: Received task Co-Flat Map -> Sink: Unnamed (8/8)#0 (67853ab0ce8d9dc267b35b36df16bd09_034f3921ef965ad6b40d6e78536a39a3_7_0), deploy into slot with allocation id 781f8d19f5186d884b3e9b51bed40cb7.
Apr 29, 2024 9:25:54 AM org.apache.flink.runtime.taskmanager.Task transitionState
INFO: Co-Flat Map -> Sink: Unnamed (8/8)#0 (67853ab0ce8d9dc267b35b36df16bd09_034f3921ef965ad6b40d6e78536a39a3_7_0) switched from CREATED to DEPLOYING.
Apr 29, 2024 9:25:54 AM org.apache.flink.runtime.taskexecutor.slot.TaskSlotTableImpl markExistingSlotActive
INFO: Activate slot cd2effaa85648d8547db66f0a023ddaf.
Apr 29, 2024 9:25:54 AM org.apache.flink.runtime.taskmanager.Task doRun
INFO: Loading JAR files for task Co-Flat Map -> Sink: Unnamed (8/8)#0 (67853ab0ce8d9dc267b35b36df16bd09_034f3921ef965ad6b40d6e78536a39a3_7_0) [DEPLOYING].
Apr 29, 2024 9:25:54 AM org.apache.flink.runtime.taskexecutor.slot.TaskSlotTableImpl markExistingSlotActive
INFO: Activate slot d1444d86cecae53d920609697172b7bb.
Apr 29, 2024 9:25:54 AM org.apache.flink.runtime.taskexecutor.slot.TaskSlotTableImpl markExistingSlotActive
INFO: Activate slot aafe3cdbcdb865e9341725d14e8b686e.
Apr 29, 2024 9:25:54 AM org.apache.flink.runtime.taskmanager.Task transitionState
INFO: Co-Flat Map -> Sink: Unnamed (6/8)#0 (67853ab0ce8d9dc267b35b36df16bd09_034f3921ef965ad6b40d6e78536a39a3_5_0) switched from INITIALIZING to RUNNING.
Apr 29, 2024 9:25:54 AM org.apache.flink.runtime.taskexecutor.slot.TaskSlotTableImpl markExistingSlotActive
INFO: Activate slot e920df8732b3c48cd2ccbf8365d39713.
Apr 29, 2024 9:25:54 AM org.apache.flink.runtime.taskexecutor.slot.TaskSlotTableImpl markExistingSlotActive
INFO: Activate slot 1223423901af9fa911dcf8ffc573abb4.
Apr 29, 2024 9:25:54 AM org.apache.flink.runtime.taskexecutor.slot.TaskSlotTableImpl markExistingSlotActive
INFO: Activate slot 1647a9b340a68c3b2e24ec87c5e69d06.
Apr 29, 2024 9:25:54 AM org.apache.flink.runtime.taskexecutor.slot.TaskSlotTableImpl markExistingSlotActive
INFO: Activate slot 781f8d19f5186d884b3e9b51bed40cb7.
Apr 29, 2024 9:25:54 AM org.apache.flink.runtime.taskexecutor.slot.TaskSlotTableImpl markExistingSlotActive
INFO: Activate slot 46d2e6a4dec73f92ab47522caf38a8ad.
Apr 29, 2024 9:25:54 AM org.apache.flink.runtime.executiongraph.Execution transitionState
INFO: Co-Flat Map -> Sink: Unnamed (6/8) (67853ab0ce8d9dc267b35b36df16bd09_034f3921ef965ad6b40d6e78536a39a3_5_0) switched from INITIALIZING to RUNNING.
Apr 29, 2024 9:25:54 AM org.apache.flink.runtime.taskexecutor.TaskExecutor unregisterTaskAndNotifyFinalState
INFO: Un-registering task and sending final execution state FINISHED to JobManager for task Source: Collection Source (1/1)#0 67853ab0ce8d9dc267b35b36df16bd09_bc764cd8ddf7a0cff126f51c16239658_0_0.
Apr 29, 2024 9:25:54 AM org.apache.flink.runtime.state.StateBackendLoader loadFromApplicationOrConfigOrDefaultInternal
INFO: No state backend has been configured, using default (HashMap) org.apache.flink.runtime.state.hashmap.HashMapStateBackend@6279a54d
Apr 29, 2024 9:25:54 AM org.apache.flink.runtime.state.StateBackendLoader fromApplicationOrConfigOrDefault
INFO: State backend loader loads the state backend as HashMapStateBackend
Apr 29, 2024 9:25:54 AM org.apache.flink.runtime.state.CheckpointStorageLoader createJobManagerCheckpointStorage
INFO: Checkpoint storage is set to 'jobmanager'
Apr 29, 2024 9:25:54 AM org.apache.flink.runtime.state.heap.HeapKeyedStateBackendBuilder restoreState
INFO: Finished to build heap keyed state-backend.
Apr 29, 2024 9:25:54 AM org.apache.flink.runtime.taskmanager.Task transitionState
INFO: Co-Flat Map -> Sink: Unnamed (8/8)#0 (67853ab0ce8d9dc267b35b36df16bd09_034f3921ef965ad6b40d6e78536a39a3_7_0) switched from DEPLOYING to INITIALIZING.
Apr 29, 2024 9:25:54 AM org.apache.flink.runtime.state.heap.HeapKeyedStateBackend <init>
INFO: Initializing heap keyed state backend with stream factory.
Apr 29, 2024 9:25:54 AM org.apache.flink.runtime.taskexecutor.TaskExecutor unregisterTaskAndNotifyFinalState
INFO: Un-registering task and sending final execution state FINISHED to JobManager for task Source: Collection Source (1/1)#0 67853ab0ce8d9dc267b35b36df16bd09_feca28aff5a3958840bee985ee7de4d3_0_0.
Apr 29, 2024 9:25:54 AM org.apache.flink.api.java.typeutils.TypeExtractor analyzePojo
INFO: The default constructor of class org.apache.beam.sdk.nexmark.model.Person is not Public so it cannot be used as a POJO type and must be processed as GenericType. Please read the Flink documentation on "Data Types & Serialization" for details of the effect on performance and schema evolution.
Apr 29, 2024 9:25:54 AM org.apache.flink.runtime.executiongraph.Execution transitionState
INFO: Co-Flat Map -> Sink: Unnamed (8/8) (67853ab0ce8d9dc267b35b36df16bd09_034f3921ef965ad6b40d6e78536a39a3_7_0) switched from DEPLOYING to INITIALIZING.
Apr 29, 2024 9:25:54 AM org.apache.flink.runtime.taskexecutor.TaskExecutor unregisterTaskAndNotifyFinalState
INFO: Un-registering task and sending final execution state FINISHED to JobManager for task Co-Flat Map -> Sink: Unnamed (3/8)#0 67853ab0ce8d9dc267b35b36df16bd09_034f3921ef965ad6b40d6e78536a39a3_2_0.
Apr 29, 2024 9:25:54 AM org.apache.flink.runtime.executiongraph.Execution transitionState
INFO: Source: Collection Source (1/1) (67853ab0ce8d9dc267b35b36df16bd09_bc764cd8ddf7a0cff126f51c16239658_0_0) switched from RUNNING to FINISHED.
Apr 29, 2024 9:25:54 AM org.apache.flink.api.java.typeutils.runtime.kryo.KryoSerializer getKryoInstance
INFO: Kryo serializer scala extensions are not available.
Apr 29, 2024 9:25:54 AM org.apache.flink.runtime.taskexecutor.TaskExecutor unregisterTaskAndNotifyFinalState
INFO: Un-registering task and sending final execution state FINISHED to JobManager for task Co-Flat Map -> Sink: Unnamed (1/8)#0 67853ab0ce8d9dc267b35b36df16bd09_034f3921ef965ad6b40d6e78536a39a3_0_0.
Apr 29, 2024 9:25:54 AM org.apache.flink.api.java.typeutils.TypeExtractor analyzePojo
INFO: The default constructor of class org.apache.beam.sdk.nexmark.model.Auction is not Public so it cannot be used as a POJO type and must be processed as GenericType. Please read the Flink documentation on "Data Types & Serialization" for details of the effect on performance and schema evolution.
Apr 29, 2024 9:25:54 AM org.apache.flink.runtime.executiongraph.Execution transitionState
INFO: Source: Collection Source (1/1) (67853ab0ce8d9dc267b35b36df16bd09_feca28aff5a3958840bee985ee7de4d3_0_0) switched from RUNNING to FINISHED.
Apr 29, 2024 9:25:54 AM org.apache.flink.runtime.taskexecutor.TaskExecutor unregisterTaskAndNotifyFinalState
INFO: Un-registering task and sending final execution state FINISHED to JobManager for task Co-Flat Map -> Sink: Unnamed (2/8)#0 67853ab0ce8d9dc267b35b36df16bd09_034f3921ef965ad6b40d6e78536a39a3_1_0.
Apr 29, 2024 9:25:54 AM org.apache.flink.runtime.executiongraph.Execution transitionState
INFO: Co-Flat Map -> Sink: Unnamed (3/8) (67853ab0ce8d9dc267b35b36df16bd09_034f3921ef965ad6b40d6e78536a39a3_2_0) switched from RUNNING to FINISHED.
Apr 29, 2024 9:25:54 AM org.apache.flink.runtime.state.heap.HeapKeyedStateBackendBuilder restoreState
INFO: Finished to build heap keyed state-backend.
Apr 29, 2024 9:25:54 AM org.apache.flink.runtime.taskexecutor.TaskExecutor unregisterTaskAndNotifyFinalState
INFO: Un-registering task and sending final execution state FINISHED to JobManager for task Co-Flat Map -> Sink: Unnamed (4/8)#0 67853ab0ce8d9dc267b35b36df16bd09_034f3921ef965ad6b40d6e78536a39a3_3_0.
Apr 29, 2024 9:25:54 AM org.apache.flink.runtime.state.heap.HeapKeyedStateBackend <init>
INFO: Initializing heap keyed state backend with stream factory.
Apr 29, 2024 9:25:54 AM org.apache.flink.runtime.executiongraph.Execution transitionState
INFO: Co-Flat Map -> Sink: Unnamed (1/8) (67853ab0ce8d9dc267b35b36df16bd09_034f3921ef965ad6b40d6e78536a39a3_0_0) switched from RUNNING to FINISHED.
Apr 29, 2024 9:25:54 AM org.apache.flink.runtime.taskmanager.Task transitionState
INFO: Co-Flat Map -> Sink: Unnamed (7/8)#0 (67853ab0ce8d9dc267b35b36df16bd09_034f3921ef965ad6b40d6e78536a39a3_6_0) switched from INITIALIZING to RUNNING.
Apr 29, 2024 9:25:54 AM org.apache.flink.api.java.typeutils.runtime.kryo.KryoSerializer getKryoInstance
INFO: Kryo serializer scala extensions are not available.
Apr 29, 2024 9:25:54 AM org.apache.flink.runtime.resourcemanager.slotmanager.FineGrainedSlotManager processResourceRequirements
INFO: Received resource requirements from job f0e7d14a7ea3b94113c763789909ecfb: [ResourceRequirement{resourceProfile=ResourceProfile{UNKNOWN}, numberOfRequiredSlots=7}]
Apr 29, 2024 9:25:54 AM org.apache.flink.runtime.executiongraph.Execution transitionState
INFO: Co-Flat Map -> Sink: Unnamed (2/8) (67853ab0ce8d9dc267b35b36df16bd09_034f3921ef965ad6b40d6e78536a39a3_1_0) switched from RUNNING to FINISHED.
Apr 29, 2024 9:25:54 AM org.apache.flink.runtime.taskexecutor.TaskExecutor unregisterTaskAndNotifyFinalState
INFO: Un-registering task and sending final execution state FINISHED to JobManager for task Co-Flat Map -> Sink: Unnamed (5/8)#0 67853ab0ce8d9dc267b35b36df16bd09_034f3921ef965ad6b40d6e78536a39a3_4_0.
Apr 29, 2024 9:25:54 AM org.apache.flink.runtime.resourcemanager.slotmanager.FineGrainedSlotManager processResourceRequirements
INFO: Received resource requirements from job f0e7d14a7ea3b94113c763789909ecfb: [ResourceRequirement{resourceProfile=ResourceProfile{UNKNOWN}, numberOfRequiredSlots=6}]
Apr 29, 2024 9:25:54 AM org.apache.flink.api.java.typeutils.TypeExtractor analyzePojo
INFO: The default constructor of class org.apache.beam.sdk.nexmark.model.Person is not Public so it cannot be used as a POJO type and must be processed as GenericType. Please read the Flink documentation on "Data Types & Serialization" for details of the effect on performance and schema evolution.
Apr 29, 2024 9:25:54 AM org.apache.flink.runtime.executiongraph.Execution transitionState
INFO: Co-Flat Map -> Sink: Unnamed (4/8) (67853ab0ce8d9dc267b35b36df16bd09_034f3921ef965ad6b40d6e78536a39a3_3_0) switched from RUNNING to FINISHED.
Apr 29, 2024 9:25:54 AM org.apache.flink.runtime.resourcemanager.slotmanager.FineGrainedSlotManager processResourceRequirements
INFO: Received resource requirements from job f0e7d14a7ea3b94113c763789909ecfb: [ResourceRequirement{resourceProfile=ResourceProfile{UNKNOWN}, numberOfRequiredSlots=5}]
Apr 29, 2024 9:25:54 AM org.apache.flink.api.java.typeutils.runtime.kryo.KryoSerializer getKryoInstance
INFO: Kryo serializer scala extensions are not available.
Apr 29, 2024 9:25:54 AM org.apache.flink.runtime.executiongraph.Execution transitionState
INFO: Co-Flat Map -> Sink: Unnamed (7/8) (67853ab0ce8d9dc267b35b36df16bd09_034f3921ef965ad6b40d6e78536a39a3_6_0) switched from INITIALIZING to RUNNING.
Apr 29, 2024 9:25:54 AM org.apache.flink.api.java.typeutils.TypeExtractor analyzePojo
INFO: The default constructor of class org.apache.beam.sdk.nexmark.model.Auction is not Public so it cannot be used as a POJO type and must be processed as GenericType. Please read the Flink documentation on "Data Types & Serialization" for details of the effect on performance and schema evolution.
Apr 29, 2024 9:25:54 AM org.apache.flink.runtime.resourcemanager.slotmanager.FineGrainedSlotManager processResourceRequirements
INFO: Received resource requirements from job f0e7d14a7ea3b94113c763789909ecfb: [ResourceRequirement{resourceProfile=ResourceProfile{UNKNOWN}, numberOfRequiredSlots=4}]
Apr 29, 2024 9:25:54 AM org.apache.flink.runtime.executiongraph.Execution transitionState
INFO: Co-Flat Map -> Sink: Unnamed (5/8) (67853ab0ce8d9dc267b35b36df16bd09_034f3921ef965ad6b40d6e78536a39a3_4_0) switched from RUNNING to FINISHED.
Apr 29, 2024 9:25:54 AM org.apache.flink.runtime.resourcemanager.slotmanager.FineGrainedSlotManager processResourceRequirements
INFO: Received resource requirements from job f0e7d14a7ea3b94113c763789909ecfb: [ResourceRequirement{resourceProfile=ResourceProfile{UNKNOWN}, numberOfRequiredSlots=3}]
Apr 29, 2024 9:25:54 AM org.apache.flink.runtime.taskmanager.Task transitionState
INFO: Co-Flat Map -> Sink: Unnamed (6/8)#0 (67853ab0ce8d9dc267b35b36df16bd09_034f3921ef965ad6b40d6e78536a39a3_5_0) switched from RUNNING to FINISHED.
Apr 29, 2024 9:25:54 AM org.apache.flink.runtime.taskmanager.Task doRun
INFO: Freeing task resources for Co-Flat Map -> Sink: Unnamed (6/8)#0 (67853ab0ce8d9dc267b35b36df16bd09_034f3921ef965ad6b40d6e78536a39a3_5_0).
Apr 29, 2024 9:25:54 AM org.apache.flink.runtime.taskmanager.Task transitionState
INFO: Co-Flat Map -> Sink: Unnamed (8/8)#0 (67853ab0ce8d9dc267b35b36df16bd09_034f3921ef965ad6b40d6e78536a39a3_7_0) switched from INITIALIZING to RUNNING.
Apr 29, 2024 9:25:54 AM org.apache.flink.runtime.taskexecutor.TaskExecutor unregisterTaskAndNotifyFinalState
INFO: Un-registering task and sending final execution state FINISHED to JobManager for task Co-Flat Map -> Sink: Unnamed (6/8)#0 67853ab0ce8d9dc267b35b36df16bd09_034f3921ef965ad6b40d6e78536a39a3_5_0.
Apr 29, 2024 9:25:54 AM org.apache.flink.runtime.executiongraph.Execution transitionState
INFO: Co-Flat Map -> Sink: Unnamed (8/8) (67853ab0ce8d9dc267b35b36df16bd09_034f3921ef965ad6b40d6e78536a39a3_7_0) switched from INITIALIZING to RUNNING.
Apr 29, 2024 9:25:54 AM org.apache.flink.api.java.typeutils.runtime.kryo.KryoSerializer getKryoInstance
INFO: Kryo serializer scala extensions are not available.
Apr 29, 2024 9:25:54 AM org.apache.flink.runtime.taskmanager.Task transitionState
INFO: Co-Flat Map -> Sink: Unnamed (7/8)#0 (67853ab0ce8d9dc267b35b36df16bd09_034f3921ef965ad6b40d6e78536a39a3_6_0) switched from RUNNING to FINISHED.
Apr 29, 2024 9:25:54 AM org.apache.flink.runtime.executiongraph.Execution transitionState
INFO: Co-Flat Map -> Sink: Unnamed (6/8) (67853ab0ce8d9dc267b35b36df16bd09_034f3921ef965ad6b40d6e78536a39a3_5_0) switched from RUNNING to FINISHED.
Apr 29, 2024 9:25:54 AM org.apache.flink.runtime.taskmanager.Task doRun
INFO: Freeing task resources for Co-Flat Map -> Sink: Unnamed (7/8)#0 (67853ab0ce8d9dc267b35b36df16bd09_034f3921ef965ad6b40d6e78536a39a3_6_0).
Apr 29, 2024 9:25:54 AM org.apache.flink.api.java.typeutils.runtime.kryo.KryoSerializer getKryoInstance
INFO: Kryo serializer scala extensions are not available.
Apr 29, 2024 9:25:54 AM org.apache.flink.runtime.taskexecutor.TaskExecutor unregisterTaskAndNotifyFinalState
INFO: Un-registering task and sending final execution state FINISHED to JobManager for task Co-Flat Map -> Sink: Unnamed (7/8)#0 67853ab0ce8d9dc267b35b36df16bd09_034f3921ef965ad6b40d6e78536a39a3_6_0.
Apr 29, 2024 9:25:54 AM org.apache.flink.runtime.resourcemanager.slotmanager.FineGrainedSlotManager processResourceRequirements
INFO: Received resource requirements from job f0e7d14a7ea3b94113c763789909ecfb: [ResourceRequirement{resourceProfile=ResourceProfile{UNKNOWN}, numberOfRequiredSlots=2}]
Apr 29, 2024 9:25:54 AM org.apache.flink.runtime.executiongraph.Execution transitionState
INFO: Co-Flat Map -> Sink: Unnamed (7/8) (67853ab0ce8d9dc267b35b36df16bd09_034f3921ef965ad6b40d6e78536a39a3_6_0) switched from RUNNING to FINISHED.
Apr 29, 2024 9:25:54 AM org.apache.flink.runtime.resourcemanager.slotmanager.FineGrainedSlotManager processResourceRequirements
INFO: Received resource requirements from job f0e7d14a7ea3b94113c763789909ecfb: [ResourceRequirement{resourceProfile=ResourceProfile{UNKNOWN}, numberOfRequiredSlots=1}]
Apr 29, 2024 9:25:54 AM org.apache.flink.runtime.taskmanager.Task transitionState
INFO: Co-Flat Map -> Sink: Unnamed (8/8)#0 (67853ab0ce8d9dc267b35b36df16bd09_034f3921ef965ad6b40d6e78536a39a3_7_0) switched from RUNNING to FINISHED.
Apr 29, 2024 9:25:54 AM org.apache.flink.runtime.taskmanager.Task doRun
INFO: Freeing task resources for Co-Flat Map -> Sink: Unnamed (8/8)#0 (67853ab0ce8d9dc267b35b36df16bd09_034f3921ef965ad6b40d6e78536a39a3_7_0).
Apr 29, 2024 9:25:54 AM org.apache.flink.runtime.taskexecutor.TaskExecutor unregisterTaskAndNotifyFinalState
INFO: Un-registering task and sending final execution state FINISHED to JobManager for task Co-Flat Map -> Sink: Unnamed (8/8)#0 67853ab0ce8d9dc267b35b36df16bd09_034f3921ef965ad6b40d6e78536a39a3_7_0.
Apr 29, 2024 9:25:54 AM org.apache.flink.runtime.executiongraph.Execution transitionState
INFO: Co-Flat Map -> Sink: Unnamed (8/8) (67853ab0ce8d9dc267b35b36df16bd09_034f3921ef965ad6b40d6e78536a39a3_7_0) switched from RUNNING to FINISHED.
Apr 29, 2024 9:25:54 AM org.apache.flink.runtime.resourcemanager.slotmanager.FineGrainedSlotManager processResourceRequirements
INFO: Clearing resource requirements of job f0e7d14a7ea3b94113c763789909ecfb
Apr 29, 2024 9:25:54 AM org.apache.flink.runtime.executiongraph.DefaultExecutionGraph transitionState
INFO: Job Flink Streaming Job (f0e7d14a7ea3b94113c763789909ecfb) switched from state RUNNING to FINISHED.
Apr 29, 2024 9:25:54 AM org.apache.flink.runtime.checkpoint.CheckpointCoordinator shutdown
INFO: Stopping checkpoint coordinator for job f0e7d14a7ea3b94113c763789909ecfb.
Apr 29, 2024 9:25:54 AM org.apache.flink.runtime.dispatcher.Dispatcher jobReachedTerminalState
INFO: Job f0e7d14a7ea3b94113c763789909ecfb reached terminal state FINISHED.
Apr 29, 2024 9:25:54 AM org.apache.flink.runtime.minicluster.MiniCluster closeInternal
INFO: Shutting down Flink Mini Cluster
Apr 29, 2024 9:25:54 AM org.apache.flink.runtime.dispatcher.Dispatcher lambda$registerGloballyTerminatedJobInJobResultStore$42
INFO: Job f0e7d14a7ea3b94113c763789909ecfb has been registered for cleanup in the JobResultStore after reaching a terminal state.
Apr 29, 2024 9:25:54 AM org.apache.flink.runtime.rest.RestServerEndpoint closeAsync
INFO: Shutting down rest endpoint.
]]></system-err>
  </testcase>
</testsuite>